[0.263s] Invoking command in '/home/me597/me597/Lab2/ws1/src/build/turtlebot3_gazebo': CMAKE_PREFIX_PATH=/opt/ros/humble /usr/bin/cmake /home/me597/me597/Lab2/ws1/src/sim_ws/src/turtlebot3_gazebo -DAMENT_CMAKE_SYMLINK_INSTALL=1 -DCMAKE_INSTALL_PREFIX=/home/me597/me597/Lab2/ws1/src/install/turtlebot3_gazebo
[0.329s] -- The C compiler identification is GNU 11.4.0
[0.390s] -- The CXX compiler identification is GNU 11.4.0
[0.398s] -- Detecting C compiler ABI info
[0.479s] -- Detecting C compiler ABI info - done
[0.486s] -- Check for working C compiler: /usr/bin/cc - skipped
[0.487s] -- Detecting C compile features
[0.488s] -- Detecting C compile features - done
[0.490s] -- Detecting CXX compiler ABI info
[0.588s] -- Detecting CXX compiler ABI info - done
[0.596s] -- Check for working CXX compiler: /usr/bin/c++ - skipped
[0.597s] -- Detecting CXX compile features
[0.597s] -- Detecting CXX compile features - done
[0.600s] -- Found ament_cmake: 1.3.10 (/opt/ros/humble/share/ament_cmake/cmake)
[0.813s] -- Found Python3: /usr/bin/python3 (found version "3.10.12") found components: Interpreter 
[0.887s] -- Override CMake install command with custom implementation using symlinks instead of copying resources
[0.917s] [33mCMake Warning (dev) at /usr/share/cmake-3.22/Modules/FindPackageHandleStandardArgs.cmake:438 (message):
[0.917s]   The package name passed to `find_package_handle_standard_args` (PkgConfig)
[0.917s]   does not match the name of the calling package (gazebo).  This can lead to
[0.917s]   problems in calling code that expects `find_package` result variables
[0.917s]   (e.g., `_FOUND`) to follow a certain pattern.
[0.917s] Call Stack (most recent call first):
[0.917s]   /usr/share/cmake-3.22/Modules/FindPkgConfig.cmake:99 (find_package_handle_standard_args)
[0.917s]   /usr/lib/x86_64-linux-gnu/cmake/gazebo/gazebo-config.cmake:72 (include)
[0.917s]   CMakeLists.txt:23 (find_package)
[0.917s] This warning is for project developers.  Use -Wno-dev to suppress it.
[0.917s] [0m
[0.918s] -- Found PkgConfig: /usr/bin/pkg-config (found version "0.29.2") 
[0.923s] -- Checking for module 'bullet>=2.82'
[0.935s] --   Found bullet, version 3.05
[1.056s] -- Found fcl: /usr/include (found suitable version "0.7.0", minimum required is "0.5.0") 
[1.122s] -- Found assimp: /usr/include (found version "5.2.0") 
[1.145s] -- Found DART: /usr/include (Required is at least version "6.6") found components: dart 
[1.379s] -- Found Boost: /usr/lib/x86_64-linux-gnu/cmake/Boost-1.74.0/BoostConfig.cmake (found suitable version "1.74.0", minimum required is "1.40.0") found components: thread system filesystem program_options regex iostreams date_time 
[1.398s] -- Found Protobuf: /usr/lib/x86_64-linux-gnu/libprotobuf.so (found version "3.12.4") 
[1.402s] -- Looking for ignition-math6 -- found version 6.15.1
[1.409s] -- Searching for dependencies of ignition-math6
[1.411s] -- Looking for OGRE...
[1.411s] -- OGRE_PREFIX_WATCH changed.
[1.417s] -- Checking for module 'OGRE'
[1.433s] --   Found OGRE, version 1.9.0
[1.477s] -- Found Ogre Ghadamon (1.9.0)
[1.487s] -- Found OGRE: optimized;/usr/lib/x86_64-linux-gnu/libOgreMain.so;debug;/usr/lib/x86_64-linux-gnu/libOgreMain.so
[1.496s] -- Looking for OGRE_Paging...
[1.500s] -- Found OGRE_Paging: optimized;/usr/lib/x86_64-linux-gnu/libOgrePaging.so;debug;/usr/lib/x86_64-linux-gnu/libOgrePaging.so
[1.500s] -- Looking for OGRE_Terrain...
[1.505s] -- Found OGRE_Terrain: optimized;/usr/lib/x86_64-linux-gnu/libOgreTerrain.so;debug;/usr/lib/x86_64-linux-gnu/libOgreTerrain.so
[1.505s] -- Looking for OGRE_Property...
[1.508s] -- Found OGRE_Property: optimized;/usr/lib/x86_64-linux-gnu/libOgreProperty.so;debug;/usr/lib/x86_64-linux-gnu/libOgreProperty.so
[1.508s] -- Looking for OGRE_RTShaderSystem...
[1.513s] -- Found OGRE_RTShaderSystem: optimized;/usr/lib/x86_64-linux-gnu/libOgreRTShaderSystem.so;debug;/usr/lib/x86_64-linux-gnu/libOgreRTShaderSystem.so
[1.513s] -- Looking for OGRE_Volume...
[1.517s] -- Found OGRE_Volume: optimized;/usr/lib/x86_64-linux-gnu/libOgreVolume.so;debug;/usr/lib/x86_64-linux-gnu/libOgreVolume.so
[1.517s] -- Looking for OGRE_Overlay...
[1.522s] -- Found OGRE_Overlay: optimized;/usr/lib/x86_64-linux-gnu/libOgreOverlay.so;debug;/usr/lib/x86_64-linux-gnu/libOgreOverlay.so
[1.622s] -- Looking for ignition-math6 -- found version 6.15.1
[1.625s] -- Looking for ignition-transport8 -- found version 8.2.1
[1.625s] -- Searching for dependencies of ignition-transport8
[1.643s] -- Found Protobuf: /usr/lib/x86_64-linux-gnu/libprotobuf.so (found suitable version "3.12.4", minimum required is "3") 
[1.655s] -- Config-file not installed for ZeroMQ -- checking for pkg-config
[1.661s] -- Checking for module 'libzmq >= 4'
[1.683s] --   Found libzmq , version 4.3.4
[1.746s] -- Found ZeroMQ: TRUE (Required is at least version "4") 
[1.753s] -- Checking for module 'uuid'
[1.777s] --   Found uuid, version 2.37.2
[1.834s] -- Found UUID: TRUE  
[1.835s] -- Looking for ignition-msgs5 -- found version 5.8.1
[1.835s] -- Searching for dependencies of ignition-msgs5
[1.859s] -- Looking for ignition-math6 -- found version 6.15.1
[1.865s] -- Checking for module 'tinyxml2'
[1.887s] --   Found tinyxml2, version 9.0.0
[1.973s] -- Looking for ignition-msgs5 -- found version 5.8.1
[1.980s] -- Looking for ignition-common3 -- found version 3.14.0
[1.980s] -- Searching for dependencies of ignition-common3
[1.980s] -- Looking for dlfcn.h - found
[1.980s] -- Looking for libdl - found
[1.984s] -- Found DL: TRUE  
[1.998s] -- Found tinyobjloader: /usr/lib/x86_64-linux-gnu/cmake/tinyobjloader/tinyobjloader-config.cmake (found version "2.0.0") 
[2.000s] -- Searching for <ignition-common3> component [graphics]
[2.001s] -- Looking for ignition-common3-graphics -- found version 3.14.0
[2.002s] -- Searching for dependencies of ignition-common3-graphics
[2.002s] -- Looking for ignition-math6 -- found version 6.15.1
[2.005s] -- Looking for ignition-fuel_tools4 -- found version 4.4.0
[2.009s] -- Searching for dependencies of ignition-fuel_tools4
[2.163s] -- Found CURL: /usr/lib/x86_64-linux-gnu/libcurl.so (found version "7.81.0")  
[2.176s] -- Checking for module 'jsoncpp'
[2.196s] --   Found jsoncpp, version 1.9.5
[2.275s] -- Found JSONCPP: TRUE  
[2.286s] -- Checking for module 'libzip'
[2.303s] --   Found libzip, version 1.7.3
[2.346s] -- Found ZIP: TRUE  
[2.346s] -- Looking for ignition-common3 -- found version 3.14.0
[2.347s] -- Looking for ignition-math6 -- found version 6.15.1
[2.347s] -- Looking for ignition-msgs5 -- found version 5.8.1
[2.352s] -- Found gazebo_ros_pkgs: 3.9.0 (/opt/ros/humble/share/gazebo_ros_pkgs/cmake)
[2.419s] -- Configuring done
[2.423s] -- Generating done
[2.425s] -- Build files have been written to: /home/me597/me597/Lab2/ws1/src/build/turtlebot3_gazebo
[2.435s] Invoked command in '/home/me597/me597/Lab2/ws1/src/build/turtlebot3_gazebo' returned '0': CMAKE_PREFIX_PATH=/opt/ros/humble /usr/bin/cmake /home/me597/me597/Lab2/ws1/src/sim_ws/src/turtlebot3_gazebo -DAMENT_CMAKE_SYMLINK_INSTALL=1 -DCMAKE_INSTALL_PREFIX=/home/me597/me597/Lab2/ws1/src/install/turtlebot3_gazebo
[2.438s] Invoking command in '/home/me597/me597/Lab2/ws1/src/build/turtlebot3_gazebo': CMAKE_PREFIX_PATH=/opt/ros/humble /usr/bin/cmake --build /home/me597/me597/Lab2/ws1/src/build/turtlebot3_gazebo -- -j4 -l4
[2.490s] Invoked command in '/home/me597/me597/Lab2/ws1/src/build/turtlebot3_gazebo' returned '0': CMAKE_PREFIX_PATH=/opt/ros/humble /usr/bin/cmake --build /home/me597/me597/Lab2/ws1/src/build/turtlebot3_gazebo -- -j4 -l4
[2.535s] Invoking command in '/home/me597/me597/Lab2/ws1/src/build/turtlebot3_gazebo': CMAKE_PREFIX_PATH=/opt/ros/humble /usr/bin/cmake --install /home/me597/me597/Lab2/ws1/src/build/turtlebot3_gazebo
[2.543s] -- Install configuration: ""
[2.544s] -- Execute custom install script
[2.544s] -- Symlinking: /home/me597/me597/Lab2/ws1/src/install/turtlebot3_gazebo/share/turtlebot3_gazebo//launch/amcl.launch.py
[2.557s] -- Symlinking: /home/me597/me597/Lab2/ws1/src/install/turtlebot3_gazebo/share/turtlebot3_gazebo//launch/map_loader.launch.py
[2.569s] -- Symlinking: /home/me597/me597/Lab2/ws1/src/install/turtlebot3_gazebo/share/turtlebot3_gazebo//launch/mapper.launch.py
[2.581s] -- Symlinking: /home/me597/me597/Lab2/ws1/src/install/turtlebot3_gazebo/share/turtlebot3_gazebo//launch/navigator.launch.py
[2.594s] -- Symlinking: /home/me597/me597/Lab2/ws1/src/install/turtlebot3_gazebo/share/turtlebot3_gazebo//launch/robot_state_publisher.launch.py
[2.605s] -- Symlinking: /home/me597/me597/Lab2/ws1/src/install/turtlebot3_gazebo/share/turtlebot3_gazebo//launch/spawn_cricketball.launch.py
[2.616s] -- Symlinking: /home/me597/me597/Lab2/ws1/src/install/turtlebot3_gazebo/share/turtlebot3_gazebo//launch/spawn_turtlebot3.launch.py
[2.627s] -- Symlinking: /home/me597/me597/Lab2/ws1/src/install/turtlebot3_gazebo/share/turtlebot3_gazebo//launch/task_6.launch.py
[2.639s] -- Symlinking: /home/me597/me597/Lab2/ws1/src/install/turtlebot3_gazebo/share/turtlebot3_gazebo//launch/turtlebot3_bonus_world.launch.py
[2.650s] -- Symlinking: /home/me597/me597/Lab2/ws1/src/install/turtlebot3_gazebo/share/turtlebot3_gazebo//launch/turtlebot3_house.launch.py
[2.663s] -- Symlinking: /home/me597/me597/Lab2/ws1/src/install/turtlebot3_gazebo/share/turtlebot3_gazebo//launch/turtlebot3_house_norviz.launch.py
[2.675s] -- Symlinking: /home/me597/me597/Lab2/ws1/src/install/turtlebot3_gazebo/share/turtlebot3_gazebo//models/blue_object/model.config
[2.686s] -- Symlinking: /home/me597/me597/Lab2/ws1/src/install/turtlebot3_gazebo/share/turtlebot3_gazebo//models/blue_object/model.rsdf
[2.696s] -- Symlinking: /home/me597/me597/Lab2/ws1/src/install/turtlebot3_gazebo/share/turtlebot3_gazebo//models/blue_object/model.sdf
[2.706s] -- Symlinking: /home/me597/me597/Lab2/ws1/src/install/turtlebot3_gazebo/share/turtlebot3_gazebo//models/cricket_ball/model.config
[2.716s] -- Symlinking: /home/me597/me597/Lab2/ws1/src/install/turtlebot3_gazebo/share/turtlebot3_gazebo//models/cricket_ball/model.rsdf
[2.725s] -- Symlinking: /home/me597/me597/Lab2/ws1/src/install/turtlebot3_gazebo/share/turtlebot3_gazebo//models/cricket_ball/model.sdf
[2.735s] -- Symlinking: /home/me597/me597/Lab2/ws1/src/install/turtlebot3_gazebo/share/turtlebot3_gazebo//models/green_object/model.config
[2.745s] -- Symlinking: /home/me597/me597/Lab2/ws1/src/install/turtlebot3_gazebo/share/turtlebot3_gazebo//models/green_object/model.rsdf
[2.757s] -- Symlinking: /home/me597/me597/Lab2/ws1/src/install/turtlebot3_gazebo/share/turtlebot3_gazebo//models/green_object/model.sdf
[2.769s] -- Symlinking: /home/me597/me597/Lab2/ws1/src/install/turtlebot3_gazebo/share/turtlebot3_gazebo//models/red_object/model.config
[2.780s] -- Symlinking: /home/me597/me597/Lab2/ws1/src/install/turtlebot3_gazebo/share/turtlebot3_gazebo//models/red_object/model.rsdf
[2.792s] -- Symlinking: /home/me597/me597/Lab2/ws1/src/install/turtlebot3_gazebo/share/turtlebot3_gazebo//models/red_object/model.sdf
[2.803s] -- Symlinking: /home/me597/me597/Lab2/ws1/src/install/turtlebot3_gazebo/share/turtlebot3_gazebo//models/trash_can/meshes/trash_can.dae
[2.813s] -- Symlinking: /home/me597/me597/Lab2/ws1/src/install/turtlebot3_gazebo/share/turtlebot3_gazebo//models/trash_can/model.config
[2.823s] -- Symlinking: /home/me597/me597/Lab2/ws1/src/install/turtlebot3_gazebo/share/turtlebot3_gazebo//models/trash_can/model.sdf
[2.837s] -- Symlinking: /home/me597/me597/Lab2/ws1/src/install/turtlebot3_gazebo/share/turtlebot3_gazebo//models/turtlebot3_common/meshes/burger_base.dae
[2.849s] -- Symlinking: /home/me597/me597/Lab2/ws1/src/install/turtlebot3_gazebo/share/turtlebot3_gazebo//models/turtlebot3_common/meshes/lds.dae
[2.862s] -- Symlinking: /home/me597/me597/Lab2/ws1/src/install/turtlebot3_gazebo/share/turtlebot3_gazebo//models/turtlebot3_common/meshes/r200.dae
[2.874s] -- Symlinking: /home/me597/me597/Lab2/ws1/src/install/turtlebot3_gazebo/share/turtlebot3_gazebo//models/turtlebot3_common/meshes/tire.dae
[2.885s] -- Symlinking: /home/me597/me597/Lab2/ws1/src/install/turtlebot3_gazebo/share/turtlebot3_gazebo//models/turtlebot3_common/meshes/waffle_base.dae
[2.896s] -- Symlinking: /home/me597/me597/Lab2/ws1/src/install/turtlebot3_gazebo/share/turtlebot3_gazebo//models/turtlebot3_common/model.config
[2.908s] -- Symlinking: /home/me597/me597/Lab2/ws1/src/install/turtlebot3_gazebo/share/turtlebot3_gazebo//models/turtlebot3_house/model.config
[2.921s] -- Symlinking: /home/me597/me597/Lab2/ws1/src/install/turtlebot3_gazebo/share/turtlebot3_gazebo//models/turtlebot3_house/model.sdf
[2.933s] -- Symlinking: /home/me597/me597/Lab2/ws1/src/install/turtlebot3_gazebo/share/turtlebot3_gazebo//models/turtlebot3_waffle/model.config
[2.946s] -- Symlinking: /home/me597/me597/Lab2/ws1/src/install/turtlebot3_gazebo/share/turtlebot3_gazebo//models/turtlebot3_waffle/model.sdf
[2.959s] -- Symlinking: /home/me597/me597/Lab2/ws1/src/install/turtlebot3_gazebo/share/turtlebot3_gazebo//rviz/tb3_gazebo.rviz
[2.970s] -- Symlinking: /home/me597/me597/Lab2/ws1/src/install/turtlebot3_gazebo/share/turtlebot3_gazebo//urdf/turtlebot3_waffle.urdf
[2.983s] -- Symlinking: /home/me597/me597/Lab2/ws1/src/install/turtlebot3_gazebo/share/turtlebot3_gazebo//worlds/Bonus
[2.994s] -- Symlinking: /home/me597/me597/Lab2/ws1/src/install/turtlebot3_gazebo/share/turtlebot3_gazebo//worlds/empty_world.world
[3.004s] -- Symlinking: /home/me597/me597/Lab2/ws1/src/install/turtlebot3_gazebo/share/turtlebot3_gazebo//worlds/house_closed.world
[3.014s] -- Symlinking: /home/me597/me597/Lab2/ws1/src/install/turtlebot3_gazebo/share/turtlebot3_gazebo//worlds/turtlebot3_house.world
[3.024s] -- Symlinking: /home/me597/me597/Lab2/ws1/src/install/turtlebot3_gazebo/share/turtlebot3_gazebo//maps/map.pgm
[3.036s] -- Symlinking: /home/me597/me597/Lab2/ws1/src/install/turtlebot3_gazebo/share/turtlebot3_gazebo//maps/map.yaml
[3.046s] -- Symlinking: /home/me597/me597/Lab2/ws1/src/install/turtlebot3_gazebo/share/turtlebot3_gazebo//maps/sync_classroom_map.pgm
[3.056s] -- Symlinking: /home/me597/me597/Lab2/ws1/src/install/turtlebot3_gazebo/share/turtlebot3_gazebo//maps/sync_classroom_map.yaml
[3.068s] -- Symlinking: /home/me597/me597/Lab2/ws1/src/install/turtlebot3_gazebo/share/turtlebot3_gazebo//params/amcl.yaml
[3.080s] -- Symlinking: /home/me597/me597/Lab2/ws1/src/install/turtlebot3_gazebo/share/turtlebot3_gazebo//params/map_server.yaml
[3.091s] -- Symlinking: /home/me597/me597/Lab2/ws1/src/install/turtlebot3_gazebo/share/turtlebot3_gazebo//params/mapper_params_online_async.yaml
[3.102s] -- Symlinking: /home/me597/me597/Lab2/ws1/src/install/turtlebot3_gazebo/share/ament_index/resource_index/package_run_dependencies/turtlebot3_gazebo
[3.114s] -- Symlinking: /home/me597/me597/Lab2/ws1/src/install/turtlebot3_gazebo/share/ament_index/resource_index/parent_prefix_path/turtlebot3_gazebo
[3.125s] -- Symlinking: /home/me597/me597/Lab2/ws1/src/install/turtlebot3_gazebo/share/turtlebot3_gazebo/environment/ament_prefix_path.sh
[3.138s] -- Symlinking: /home/me597/me597/Lab2/ws1/src/install/turtlebot3_gazebo/share/turtlebot3_gazebo/environment/ament_prefix_path.dsv
[3.149s] -- Symlinking: /home/me597/me597/Lab2/ws1/src/install/turtlebot3_gazebo/share/turtlebot3_gazebo/environment/path.sh
[3.162s] -- Symlinking: /home/me597/me597/Lab2/ws1/src/install/turtlebot3_gazebo/share/turtlebot3_gazebo/environment/path.dsv
[3.174s] -- Symlinking: /home/me597/me597/Lab2/ws1/src/install/turtlebot3_gazebo/share/turtlebot3_gazebo/local_setup.bash
[3.186s] -- Symlinking: /home/me597/me597/Lab2/ws1/src/install/turtlebot3_gazebo/share/turtlebot3_gazebo/local_setup.sh
[3.198s] -- Symlinking: /home/me597/me597/Lab2/ws1/src/install/turtlebot3_gazebo/share/turtlebot3_gazebo/local_setup.zsh
[3.209s] -- Symlinking: /home/me597/me597/Lab2/ws1/src/install/turtlebot3_gazebo/share/turtlebot3_gazebo/local_setup.dsv
[3.221s] -- Symlinking: /home/me597/me597/Lab2/ws1/src/install/turtlebot3_gazebo/share/turtlebot3_gazebo/package.dsv
[3.235s] -- Symlinking: /home/me597/me597/Lab2/ws1/src/install/turtlebot3_gazebo/share/ament_index/resource_index/packages/turtlebot3_gazebo
[3.244s] -- Symlinking: /home/me597/me597/Lab2/ws1/src/install/turtlebot3_gazebo/share/turtlebot3_gazebo/cmake/ament_cmake_export_include_directories-extras.cmake
[3.255s] -- Symlinking: /home/me597/me597/Lab2/ws1/src/install/turtlebot3_gazebo/share/turtlebot3_gazebo/cmake/ament_cmake_export_dependencies-extras.cmake
[3.268s] -- Symlinking: /home/me597/me597/Lab2/ws1/src/install/turtlebot3_gazebo/share/turtlebot3_gazebo/cmake/turtlebot3_gazeboConfig.cmake
[3.280s] -- Symlinking: /home/me597/me597/Lab2/ws1/src/install/turtlebot3_gazebo/share/turtlebot3_gazebo/cmake/turtlebot3_gazeboConfig-version.cmake
[3.291s] -- Symlinking: /home/me597/me597/Lab2/ws1/src/install/turtlebot3_gazebo/share/turtlebot3_gazebo/package.xml
[3.302s] -- Installing: /home/me597/me597/Lab2/ws1/src/install/turtlebot3_gazebo/lib/turtlebot3_gazebo/task1
[3.302s] -- Installing: /home/me597/me597/Lab2/ws1/src/install/turtlebot3_gazebo/lib/turtlebot3_gazebo/task2
[3.302s] -- Installing: /home/me597/me597/Lab2/ws1/src/install/turtlebot3_gazebo/lib/turtlebot3_gazebo/task3
[3.302s] -- Installing: /home/me597/me597/Lab2/ws1/src/install/turtlebot3_gazebo/lib/turtlebot3_gazebo/spawn_objects
[3.303s] -- Installing: /home/me597/me597/Lab2/ws1/src/install/turtlebot3_gazebo/lib/turtlebot3_gazebo/task2_bonus
[3.303s] -- Installing: /home/me597/me597/Lab2/ws1/src/install/turtlebot3_gazebo/lib/turtlebot3_gazebo/static_obstacles
[3.306s] Invoked command in '/home/me597/me597/Lab2/ws1/src/build/turtlebot3_gazebo' returned '0': CMAKE_PREFIX_PATH=/opt/ros/humble /usr/bin/cmake --install /home/me597/me597/Lab2/ws1/src/build/turtlebot3_gazebo
