running develop
Removing /home/me597/me597/Lab1/ws1/install/task1/lib/python3.10/site-packages/task1.egg-link (link to .)
running egg_info
writing ../../build/task1/task1.egg-info/PKG-INFO
writing dependency_links to ../../build/task1/task1.egg-info/dependency_links.txt
writing entry points to ../../build/task1/task1.egg-info/entry_points.txt
writing requirements to ../../build/task1/task1.egg-info/requires.txt
writing top-level names to ../../build/task1/task1.egg-info/top_level.txt
reading manifest file '../../build/task1/task1.egg-info/SOURCES.txt'
adding license file 'LICENSE'
writing manifest file '../../build/task1/task1.egg-info/SOURCES.txt'
running build
running build_py
running install
running install_lib
creating /home/me597/me597/Lab1/ws1/install/task1/lib/python3.10/site-packages/task1
copying /home/me597/me597/Lab1/ws1/build/task1/build/lib/task1/publisher.py -> /home/me597/me597/Lab1/ws1/install/task1/lib/python3.10/site-packages/task1
copying /home/me597/me597/Lab1/ws1/build/task1/build/lib/task1/subscriber.py -> /home/me597/me597/Lab1/ws1/install/task1/lib/python3.10/site-packages/task1
copying /home/me597/me597/Lab1/ws1/build/task1/build/lib/task1/__init__.py -> /home/me597/me597/Lab1/ws1/install/task1/lib/python3.10/site-packages/task1
byte-compiling /home/me597/me597/Lab1/ws1/install/task1/lib/python3.10/site-packages/task1/publisher.py to publisher.cpython-310.pyc
byte-compiling /home/me597/me597/Lab1/ws1/install/task1/lib/python3.10/site-packages/task1/subscriber.py to subscriber.cpython-310.pyc
byte-compiling /home/me597/me597/Lab1/ws1/install/task1/lib/python3.10/site-packages/task1/__init__.py to __init__.cpython-310.pyc
running install_data
copying resource/task1 -> /home/me597/me597/Lab1/ws1/install/task1/share/ament_index/resource_index/packages
copying package.xml -> /home/me597/me597/Lab1/ws1/install/task1/share/task1
copying launch/task1.launch.py -> /home/me597/me597/Lab1/ws1/install/task1/share/task1/launch
running install_egg_info
Copying ../../build/task1/task1.egg-info to /home/me597/me597/Lab1/ws1/install/task1/lib/python3.10/site-packages/task1-0.0.0-py3.10.egg-info
running install_scripts
Installing publisher script to /home/me597/me597/Lab1/ws1/install/task1/lib/task1
Installing subscriber script to /home/me597/me597/Lab1/ws1/install/task1/lib/task1
writing list of installed files to '/home/me597/me597/Lab1/ws1/build/task1/install.log'
