running egg_info
creating ../../build/task1/task1.egg-info
writing ../../build/task1/task1.egg-info/PKG-INFO
writing dependency_links to ../../build/task1/task1.egg-info/dependency_links.txt
writing entry points to ../../build/task1/task1.egg-info/entry_points.txt
writing requirements to ../../build/task1/task1.egg-info/requires.txt
writing top-level names to ../../build/task1/task1.egg-info/top_level.txt
writing manifest file '../../build/task1/task1.egg-info/SOURCES.txt'
reading manifest file '../../build/task1/task1.egg-info/SOURCES.txt'
adding license file 'LICENSE'
writing manifest file '../../build/task1/task1.egg-info/SOURCES.txt'
running build
running build_py
running install
running install_lib
running install_data
creating /home/me597/me597/Lab1/ws1/install/task1/share/task1/launch
copying launch/task1.launch.py -> /home/me597/me597/Lab1/ws1/install/task1/share/task1/launch
running install_egg_info
Copying ../../build/task1/task1.egg-info to /home/me597/me597/Lab1/ws1/install/task1/lib/python3.10/site-packages/task1-0.0.0-py3.10.egg-info
running install_scripts
Installing publisher script to /home/me597/me597/Lab1/ws1/install/task1/lib/task1
Installing subscriber script to /home/me597/me597/Lab1/ws1/install/task1/lib/task1
writing list of installed files to '/home/me597/me597/Lab1/ws1/build/task1/install.log'
