[0.115s] DEBUG:colcon:Command line arguments: ['/usr/bin/colcon', 'build', '--symlink-install']
[0.115s] DEBUG:colcon:Parsed command line arguments: Namespace(log_base=None, log_level=None, verb_name='build', build_base='build', install_base='install', merge_install=False, symlink_install=True, test_result_base=None, continue_on_error=False, executor='parallel', parallel_workers=4, event_handlers=None, ignore_user_meta=False, metas=['./colcon.meta'], base_paths=['.'], packages_ignore=None, packages_ignore_regex=None, paths=None, packages_up_to=None, packages_up_to_regex=None, packages_above=None, packages_above_and_dependencies=None, packages_above_depth=None, packages_select_by_dep=None, packages_skip_by_dep=None, packages_skip_up_to=None, packages_select_build_failed=False, packages_skip_build_finished=False, packages_select_test_failures=False, packages_skip_test_passed=False, packages_select=None, packages_skip=None, packages_select_regex=None, packages_skip_regex=None, packages_start=None, packages_end=None, allow_overriding=[], cmake_args=None, cmake_target=None, cmake_target_skip_unavailable=False, cmake_clean_cache=False, cmake_clean_first=False, cmake_force_configure=False, ament_cmake_args=None, catkin_cmake_args=None, catkin_skip_building_tests=False, mixin_files=None, mixin=None, verb_parser=<colcon_mixin.mixin.mixin_argument.MixinArgumentDecorator object at 0x7ce2f37650c0>, verb_extension=<colcon_core.verb.build.BuildVerb object at 0x7ce2f386d870>, main=<bound method BuildVerb.main of <colcon_core.verb.build.BuildVerb object at 0x7ce2f386d870>>, mixin_verb=('build',))
[0.286s] Level 1:colcon.colcon_core.package_discovery:discover_packages(colcon_meta) check parameters
[0.287s] Level 1:colcon.colcon_core.package_discovery:discover_packages(recursive) check parameters
[0.287s] Level 1:colcon.colcon_core.package_discovery:discover_packages(ignore) check parameters
[0.287s] Level 1:colcon.colcon_core.package_discovery:discover_packages(path) check parameters
[0.287s] Level 1:colcon.colcon_core.package_discovery:discover_packages(colcon_meta) discover
[0.287s] Level 1:colcon.colcon_core.package_discovery:discover_packages(recursive) discover
[0.287s] INFO:colcon.colcon_core.package_discovery:Crawling recursively for packages in '/home/me597/me597/Lab3/ws1'
[0.287s] Level 1:colcon.colcon_core.package_identification:_identify(.) by extensions ['ignore', 'ignore_ament_install']
[0.287s] Level 1:colcon.colcon_core.package_identification:_identify(.) by extension 'ignore'
[0.287s] Level 1:colcon.colcon_core.package_identification:_identify(.) by extension 'ignore_ament_install'
[0.287s] Level 1:colcon.colcon_core.package_identification:_identify(.) by extensions ['colcon_pkg']
[0.287s] Level 1:colcon.colcon_core.package_identification:_identify(.) by extension 'colcon_pkg'
[0.287s] Level 1:colcon.colcon_core.package_identification:_identify(.) by extensions ['colcon_meta']
[0.287s] Level 1:colcon.colcon_core.package_identification:_identify(.) by extension 'colcon_meta'
[0.287s] Level 1:colcon.colcon_core.package_identification:_identify(.) by extensions ['ros']
[0.287s] Level 1:colcon.colcon_core.package_identification:_identify(.) by extension 'ros'
[0.298s] Level 1:colcon.colcon_core.package_identification:_identify(.) by extensions ['cmake', 'python']
[0.298s] Level 1:colcon.colcon_core.package_identification:_identify(.) by extension 'cmake'
[0.299s] Level 1:colcon.colcon_core.package_identification:_identify(.) by extension 'python'
[0.299s] Level 1:colcon.colcon_core.package_identification:_identify(.) by extensions ['python_setup_py']
[0.299s] Level 1:colcon.colcon_core.package_identification:_identify(.) by extension 'python_setup_py'
[0.299s] Level 1:colcon.colcon_core.package_identification:_identify(build) by extensions ['ignore', 'ignore_ament_install']
[0.299s] Level 1:colcon.colcon_core.package_identification:_identify(build) by extension 'ignore'
[0.299s] Level 1:colcon.colcon_core.package_identification:_identify(build) ignored
[0.299s] Level 1:colcon.colcon_core.package_identification:_identify(install) by extensions ['ignore', 'ignore_ament_install']
[0.299s] Level 1:colcon.colcon_core.package_identification:_identify(install) by extension 'ignore'
[0.299s] Level 1:colcon.colcon_core.package_identification:_identify(install) ignored
[0.299s] Level 1:colcon.colcon_core.package_identification:_identify(log) by extensions ['ignore', 'ignore_ament_install']
[0.299s] Level 1:colcon.colcon_core.package_identification:_identify(log) by extension 'ignore'
[0.299s] Level 1:colcon.colcon_core.package_identification:_identify(log) ignored
[0.300s] Level 1:colcon.colcon_core.package_identification:_identify(src) by extensions ['ignore', 'ignore_ament_install']
[0.300s] Level 1:colcon.colcon_core.package_identification:_identify(src) by extension 'ignore'
[0.300s] Level 1:colcon.colcon_core.package_identification:_identify(src) by extension 'ignore_ament_install'
[0.300s] Level 1:colcon.colcon_core.package_identification:_identify(src) by extensions ['colcon_pkg']
[0.300s] Level 1:colcon.colcon_core.package_identification:_identify(src) by extension 'colcon_pkg'
[0.300s] Level 1:colcon.colcon_core.package_identification:_identify(src) by extensions ['colcon_meta']
[0.300s] Level 1:colcon.colcon_core.package_identification:_identify(src) by extension 'colcon_meta'
[0.300s] Level 1:colcon.colcon_core.package_identification:_identify(src) by extensions ['ros']
[0.300s] Level 1:colcon.colcon_core.package_identification:_identify(src) by extension 'ros'
[0.300s] Level 1:colcon.colcon_core.package_identification:_identify(src) by extensions ['cmake', 'python']
[0.300s] Level 1:colcon.colcon_core.package_identification:_identify(src) by extension 'cmake'
[0.300s] Level 1:colcon.colcon_core.package_identification:_identify(src) by extension 'python'
[0.300s] Level 1:colcon.colcon_core.package_identification:_identify(src) by extensions ['python_setup_py']
[0.300s] Level 1:colcon.colcon_core.package_identification:_identify(src) by extension 'python_setup_py'
[0.300s] Level 1:colcon.colcon_core.package_identification:_identify(src/sim_ws) by extensions ['ignore', 'ignore_ament_install']
[0.300s] Level 1:colcon.colcon_core.package_identification:_identify(src/sim_ws) by extension 'ignore'
[0.300s] Level 1:colcon.colcon_core.package_identification:_identify(src/sim_ws) by extension 'ignore_ament_install'
[0.300s] Level 1:colcon.colcon_core.package_identification:_identify(src/sim_ws) by extensions ['colcon_pkg']
[0.300s] Level 1:colcon.colcon_core.package_identification:_identify(src/sim_ws) by extension 'colcon_pkg'
[0.301s] Level 1:colcon.colcon_core.package_identification:_identify(src/sim_ws) by extensions ['colcon_meta']
[0.301s] Level 1:colcon.colcon_core.package_identification:_identify(src/sim_ws) by extension 'colcon_meta'
[0.301s] Level 1:colcon.colcon_core.package_identification:_identify(src/sim_ws) by extensions ['ros']
[0.301s] Level 1:colcon.colcon_core.package_identification:_identify(src/sim_ws) by extension 'ros'
[0.301s] Level 1:colcon.colcon_core.package_identification:_identify(src/sim_ws) by extensions ['cmake', 'python']
[0.301s] Level 1:colcon.colcon_core.package_identification:_identify(src/sim_ws) by extension 'cmake'
[0.301s] Level 1:colcon.colcon_core.package_identification:_identify(src/sim_ws) by extension 'python'
[0.301s] Level 1:colcon.colcon_core.package_identification:_identify(src/sim_ws) by extensions ['python_setup_py']
[0.301s] Level 1:colcon.colcon_core.package_identification:_identify(src/sim_ws) by extension 'python_setup_py'
[0.301s] Level 1:colcon.colcon_core.package_identification:_identify(src/sim_ws/build) by extensions ['ignore', 'ignore_ament_install']
[0.301s] Level 1:colcon.colcon_core.package_identification:_identify(src/sim_ws/build) by extension 'ignore'
[0.301s] Level 1:colcon.colcon_core.package_identification:_identify(src/sim_ws/build) ignored
[0.301s] Level 1:colcon.colcon_core.package_identification:_identify(src/sim_ws/install) by extensions ['ignore', 'ignore_ament_install']
[0.301s] Level 1:colcon.colcon_core.package_identification:_identify(src/sim_ws/install) by extension 'ignore'
[0.301s] Level 1:colcon.colcon_core.package_identification:_identify(src/sim_ws/install) ignored
[0.301s] Level 1:colcon.colcon_core.package_identification:_identify(src/sim_ws/log) by extensions ['ignore', 'ignore_ament_install']
[0.302s] Level 1:colcon.colcon_core.package_identification:_identify(src/sim_ws/log) by extension 'ignore'
[0.302s] Level 1:colcon.colcon_core.package_identification:_identify(src/sim_ws/log) ignored
[0.302s] Level 1:colcon.colcon_core.package_identification:_identify(src/sim_ws/src) by extensions ['ignore', 'ignore_ament_install']
[0.302s] Level 1:colcon.colcon_core.package_identification:_identify(src/sim_ws/src) by extension 'ignore'
[0.302s] Level 1:colcon.colcon_core.package_identification:_identify(src/sim_ws/src) by extension 'ignore_ament_install'
[0.302s] Level 1:colcon.colcon_core.package_identification:_identify(src/sim_ws/src) by extensions ['colcon_pkg']
[0.302s] Level 1:colcon.colcon_core.package_identification:_identify(src/sim_ws/src) by extension 'colcon_pkg'
[0.302s] Level 1:colcon.colcon_core.package_identification:_identify(src/sim_ws/src) by extensions ['colcon_meta']
[0.302s] Level 1:colcon.colcon_core.package_identification:_identify(src/sim_ws/src) by extension 'colcon_meta'
[0.302s] Level 1:colcon.colcon_core.package_identification:_identify(src/sim_ws/src) by extensions ['ros']
[0.302s] Level 1:colcon.colcon_core.package_identification:_identify(src/sim_ws/src) by extension 'ros'
[0.302s] Level 1:colcon.colcon_core.package_identification:_identify(src/sim_ws/src) by extensions ['cmake', 'python']
[0.302s] Level 1:colcon.colcon_core.package_identification:_identify(src/sim_ws/src) by extension 'cmake'
[0.302s] Level 1:colcon.colcon_core.package_identification:_identify(src/sim_ws/src) by extension 'python'
[0.302s] Level 1:colcon.colcon_core.package_identification:_identify(src/sim_ws/src) by extensions ['python_setup_py']
[0.302s] Level 1:colcon.colcon_core.package_identification:_identify(src/sim_ws/src) by extension 'python_setup_py'
[0.302s] Level 1:colcon.colcon_core.package_identification:_identify(src/sim_ws/src/build) by extensions ['ignore', 'ignore_ament_install']
[0.303s] Level 1:colcon.colcon_core.package_identification:_identify(src/sim_ws/src/build) by extension 'ignore'
[0.303s] Level 1:colcon.colcon_core.package_identification:_identify(src/sim_ws/src/build) ignored
[0.303s] Level 1:colcon.colcon_core.package_identification:_identify(src/sim_ws/src/install) by extensions ['ignore', 'ignore_ament_install']
[0.303s] Level 1:colcon.colcon_core.package_identification:_identify(src/sim_ws/src/install) by extension 'ignore'
[0.303s] Level 1:colcon.colcon_core.package_identification:_identify(src/sim_ws/src/install) ignored
[0.303s] Level 1:colcon.colcon_core.package_identification:_identify(src/sim_ws/src/log) by extensions ['ignore', 'ignore_ament_install']
[0.303s] Level 1:colcon.colcon_core.package_identification:_identify(src/sim_ws/src/log) by extension 'ignore'
[0.303s] Level 1:colcon.colcon_core.package_identification:_identify(src/sim_ws/src/log) ignored
[0.303s] Level 1:colcon.colcon_core.package_identification:_identify(src/sim_ws/src/sim_utils) by extensions ['ignore', 'ignore_ament_install']
[0.303s] Level 1:colcon.colcon_core.package_identification:_identify(src/sim_ws/src/sim_utils) by extension 'ignore'
[0.303s] Level 1:colcon.colcon_core.package_identification:_identify(src/sim_ws/src/sim_utils) by extension 'ignore_ament_install'
[0.303s] Level 1:colcon.colcon_core.package_identification:_identify(src/sim_ws/src/sim_utils) by extensions ['colcon_pkg']
[0.303s] Level 1:colcon.colcon_core.package_identification:_identify(src/sim_ws/src/sim_utils) by extension 'colcon_pkg'
[0.303s] Level 1:colcon.colcon_core.package_identification:_identify(src/sim_ws/src/sim_utils) by extensions ['colcon_meta']
[0.304s] Level 1:colcon.colcon_core.package_identification:_identify(src/sim_ws/src/sim_utils) by extension 'colcon_meta'
[0.304s] Level 1:colcon.colcon_core.package_identification:_identify(src/sim_ws/src/sim_utils) by extensions ['ros']
[0.304s] Level 1:colcon.colcon_core.package_identification:_identify(src/sim_ws/src/sim_utils) by extension 'ros'
[0.306s] DEBUG:colcon.colcon_core.package_identification:Package 'src/sim_ws/src/sim_utils' with type 'ros.ament_python' and name 'sim_utils'
[0.306s] Level 1:colcon.colcon_core.package_identification:_identify(src/sim_ws/src/turtlebot3_gazebo) by extensions ['ignore', 'ignore_ament_install']
[0.306s] Level 1:colcon.colcon_core.package_identification:_identify(src/sim_ws/src/turtlebot3_gazebo) by extension 'ignore'
[0.306s] Level 1:colcon.colcon_core.package_identification:_identify(src/sim_ws/src/turtlebot3_gazebo) by extension 'ignore_ament_install'
[0.306s] Level 1:colcon.colcon_core.package_identification:_identify(src/sim_ws/src/turtlebot3_gazebo) by extensions ['colcon_pkg']
[0.306s] Level 1:colcon.colcon_core.package_identification:_identify(src/sim_ws/src/turtlebot3_gazebo) by extension 'colcon_pkg'
[0.306s] Level 1:colcon.colcon_core.package_identification:_identify(src/sim_ws/src/turtlebot3_gazebo) by extensions ['colcon_meta']
[0.307s] Level 1:colcon.colcon_core.package_identification:_identify(src/sim_ws/src/turtlebot3_gazebo) by extension 'colcon_meta'
[0.307s] Level 1:colcon.colcon_core.package_identification:_identify(src/sim_ws/src/turtlebot3_gazebo) by extensions ['ros']
[0.307s] Level 1:colcon.colcon_core.package_identification:_identify(src/sim_ws/src/turtlebot3_gazebo) by extension 'ros'
[0.307s] DEBUG:colcon.colcon_core.package_identification:Package 'src/sim_ws/src/turtlebot3_gazebo' with type 'ros.ament_cmake' and name 'turtlebot3_gazebo'
[0.308s] Level 1:colcon.colcon_core.package_identification:_identify(src/task_4) by extensions ['ignore', 'ignore_ament_install']
[0.308s] Level 1:colcon.colcon_core.package_identification:_identify(src/task_4) by extension 'ignore'
[0.308s] Level 1:colcon.colcon_core.package_identification:_identify(src/task_4) by extension 'ignore_ament_install'
[0.308s] Level 1:colcon.colcon_core.package_identification:_identify(src/task_4) by extensions ['colcon_pkg']
[0.308s] Level 1:colcon.colcon_core.package_identification:_identify(src/task_4) by extension 'colcon_pkg'
[0.308s] Level 1:colcon.colcon_core.package_identification:_identify(src/task_4) by extensions ['colcon_meta']
[0.308s] Level 1:colcon.colcon_core.package_identification:_identify(src/task_4) by extension 'colcon_meta'
[0.308s] Level 1:colcon.colcon_core.package_identification:_identify(src/task_4) by extensions ['ros']
[0.308s] Level 1:colcon.colcon_core.package_identification:_identify(src/task_4) by extension 'ros'
[0.309s] DEBUG:colcon.colcon_core.package_identification:Package 'src/task_4' with type 'ros.ament_python' and name 'task_4'
[0.309s] Level 1:colcon.colcon_core.package_discovery:discover_packages(recursive) using defaults
[0.309s] Level 1:colcon.colcon_core.package_discovery:discover_packages(ignore) discover
[0.309s] Level 1:colcon.colcon_core.package_discovery:discover_packages(ignore) using defaults
[0.309s] Level 1:colcon.colcon_core.package_discovery:discover_packages(path) discover
[0.309s] Level 1:colcon.colcon_core.package_discovery:discover_packages(path) using defaults
[0.329s] Level 1:colcon.colcon_core.package_discovery:discover_packages(prefix_path) check parameters
[0.329s] Level 1:colcon.colcon_core.package_discovery:discover_packages(prefix_path) discover
[0.329s] WARNING:colcon.colcon_ros.prefix_path.ament:The path '/home/me597/me597/Lab3/ws1/install/turtlebot3_gazebo' in the environment variable AMENT_PREFIX_PATH doesn't exist
[0.330s] WARNING:colcon.colcon_ros.prefix_path.ament:The path '/home/me597/me597/Lab3/ws1/install/sim_utils' in the environment variable AMENT_PREFIX_PATH doesn't exist
[0.330s] WARNING:colcon.colcon_ros.prefix_path.ament:The path '/home/me597/me597/Lab3/ws1/install/task_4' in the environment variable AMENT_PREFIX_PATH doesn't exist
[0.330s] WARNING:colcon.colcon_ros.prefix_path.catkin:The path '/home/me597/me597/Lab3/ws1/install/turtlebot3_gazebo' in the environment variable CMAKE_PREFIX_PATH doesn't exist
[0.330s] DEBUG:colcon.colcon_installed_package_information.package_discovery:Found 0 installed packages in /home/me597/me597/Lab3/ws1/install
[0.332s] DEBUG:colcon.colcon_installed_package_information.package_discovery:Found 334 installed packages in /opt/ros/humble
[0.343s] Level 1:colcon.colcon_core.package_discovery:discover_packages(prefix_path) using defaults
[0.389s] Level 5:colcon.colcon_core.verb:set package 'sim_utils' build argument 'cmake_args' from command line to 'None'
[0.389s] Level 5:colcon.colcon_core.verb:set package 'sim_utils' build argument 'cmake_target' from command line to 'None'
[0.389s] Level 5:colcon.colcon_core.verb:set package 'sim_utils' build argument 'cmake_target_skip_unavailable' from command line to 'False'
[0.389s] Level 5:colcon.colcon_core.verb:set package 'sim_utils' build argument 'cmake_clean_cache' from command line to 'False'
[0.389s] Level 5:colcon.colcon_core.verb:set package 'sim_utils' build argument 'cmake_clean_first' from command line to 'False'
[0.389s] Level 5:colcon.colcon_core.verb:set package 'sim_utils' build argument 'cmake_force_configure' from command line to 'False'
[0.389s] Level 5:colcon.colcon_core.verb:set package 'sim_utils' build argument 'ament_cmake_args' from command line to 'None'
[0.389s] Level 5:colcon.colcon_core.verb:set package 'sim_utils' build argument 'catkin_cmake_args' from command line to 'None'
[0.389s] Level 5:colcon.colcon_core.verb:set package 'sim_utils' build argument 'catkin_skip_building_tests' from command line to 'False'
[0.390s] DEBUG:colcon.colcon_core.verb:Building package 'sim_utils' with the following arguments: {'ament_cmake_args': None, 'build_base': '/home/me597/me597/Lab3/ws1/build/sim_utils', 'catkin_cmake_args': None, 'catkin_skip_building_tests': False, 'cmake_args': None, 'cmake_clean_cache': False, 'cmake_clean_first': False, 'cmake_force_configure': False, 'cmake_target': None, 'cmake_target_skip_unavailable': False, 'install_base': '/home/me597/me597/Lab3/ws1/install/sim_utils', 'merge_install': False, 'path': '/home/me597/me597/Lab3/ws1/src/sim_ws/src/sim_utils', 'symlink_install': True, 'test_result_base': None}
[0.390s] Level 5:colcon.colcon_core.verb:set package 'task_4' build argument 'cmake_args' from command line to 'None'
[0.390s] Level 5:colcon.colcon_core.verb:set package 'task_4' build argument 'cmake_target' from command line to 'None'
[0.390s] Level 5:colcon.colcon_core.verb:set package 'task_4' build argument 'cmake_target_skip_unavailable' from command line to 'False'
[0.390s] Level 5:colcon.colcon_core.verb:set package 'task_4' build argument 'cmake_clean_cache' from command line to 'False'
[0.390s] Level 5:colcon.colcon_core.verb:set package 'task_4' build argument 'cmake_clean_first' from command line to 'False'
[0.390s] Level 5:colcon.colcon_core.verb:set package 'task_4' build argument 'cmake_force_configure' from command line to 'False'
[0.390s] Level 5:colcon.colcon_core.verb:set package 'task_4' build argument 'ament_cmake_args' from command line to 'None'
[0.390s] Level 5:colcon.colcon_core.verb:set package 'task_4' build argument 'catkin_cmake_args' from command line to 'None'
[0.390s] Level 5:colcon.colcon_core.verb:set package 'task_4' build argument 'catkin_skip_building_tests' from command line to 'False'
[0.390s] DEBUG:colcon.colcon_core.verb:Building package 'task_4' with the following arguments: {'ament_cmake_args': None, 'build_base': '/home/me597/me597/Lab3/ws1/build/task_4', 'catkin_cmake_args': None, 'catkin_skip_building_tests': False, 'cmake_args': None, 'cmake_clean_cache': False, 'cmake_clean_first': False, 'cmake_force_configure': False, 'cmake_target': None, 'cmake_target_skip_unavailable': False, 'install_base': '/home/me597/me597/Lab3/ws1/install/task_4', 'merge_install': False, 'path': '/home/me597/me597/Lab3/ws1/src/task_4', 'symlink_install': True, 'test_result_base': None}
[0.391s] Level 5:colcon.colcon_core.verb:set package 'turtlebot3_gazebo' build argument 'cmake_args' from command line to 'None'
[0.391s] Level 5:colcon.colcon_core.verb:set package 'turtlebot3_gazebo' build argument 'cmake_target' from command line to 'None'
[0.391s] Level 5:colcon.colcon_core.verb:set package 'turtlebot3_gazebo' build argument 'cmake_target_skip_unavailable' from command line to 'False'
[0.391s] Level 5:colcon.colcon_core.verb:set package 'turtlebot3_gazebo' build argument 'cmake_clean_cache' from command line to 'False'
[0.391s] Level 5:colcon.colcon_core.verb:set package 'turtlebot3_gazebo' build argument 'cmake_clean_first' from command line to 'False'
[0.391s] Level 5:colcon.colcon_core.verb:set package 'turtlebot3_gazebo' build argument 'cmake_force_configure' from command line to 'False'
[0.391s] Level 5:colcon.colcon_core.verb:set package 'turtlebot3_gazebo' build argument 'ament_cmake_args' from command line to 'None'
[0.391s] Level 5:colcon.colcon_core.verb:set package 'turtlebot3_gazebo' build argument 'catkin_cmake_args' from command line to 'None'
[0.391s] Level 5:colcon.colcon_core.verb:set package 'turtlebot3_gazebo' build argument 'catkin_skip_building_tests' from command line to 'False'
[0.391s] DEBUG:colcon.colcon_core.verb:Building package 'turtlebot3_gazebo' with the following arguments: {'ament_cmake_args': None, 'build_base': '/home/me597/me597/Lab3/ws1/build/turtlebot3_gazebo', 'catkin_cmake_args': None, 'catkin_skip_building_tests': False, 'cmake_args': None, 'cmake_clean_cache': False, 'cmake_clean_first': False, 'cmake_force_configure': False, 'cmake_target': None, 'cmake_target_skip_unavailable': False, 'install_base': '/home/me597/me597/Lab3/ws1/install/turtlebot3_gazebo', 'merge_install': False, 'path': '/home/me597/me597/Lab3/ws1/src/sim_ws/src/turtlebot3_gazebo', 'symlink_install': True, 'test_result_base': None}
[0.391s] INFO:colcon.colcon_core.executor:Executing jobs using 'parallel' executor
[0.392s] DEBUG:colcon.colcon_parallel_executor.executor.parallel:run_until_complete
[0.392s] INFO:colcon.colcon_ros.task.ament_python.build:Building ROS package in '/home/me597/me597/Lab3/ws1/src/sim_ws/src/sim_utils' with build type 'ament_python'
[0.392s] Level 1:colcon.colcon_core.shell:create_environment_hook('sim_utils', 'ament_prefix_path')
[0.395s] INFO:colcon.colcon_core.plugin_system:Skipping extension 'colcon_core.shell.bat': Not used on non-Windows systems
[0.395s] INFO:colcon.colcon_core.shell:Creating environment hook '/home/me597/me597/Lab3/ws1/install/sim_utils/share/sim_utils/hook/ament_prefix_path.ps1'
[0.396s] INFO:colcon.colcon_core.shell:Creating environment descriptor '/home/me597/me597/Lab3/ws1/install/sim_utils/share/sim_utils/hook/ament_prefix_path.dsv'
[0.397s] INFO:colcon.colcon_core.shell:Creating environment hook '/home/me597/me597/Lab3/ws1/install/sim_utils/share/sim_utils/hook/ament_prefix_path.sh'
[0.398s] INFO:colcon.colcon_core.shell:Skip shell extension 'powershell' for command environment: Not usable outside of PowerShell
[0.398s] DEBUG:colcon.colcon_core.shell:Skip shell extension 'dsv' for command environment
[0.401s] INFO:colcon.colcon_ros.task.ament_python.build:Building ROS package in '/home/me597/me597/Lab3/ws1/src/task_4' with build type 'ament_python'
[0.402s] Level 1:colcon.colcon_core.shell:create_environment_hook('task_4', 'ament_prefix_path')
[0.402s] INFO:colcon.colcon_core.shell:Creating environment hook '/home/me597/me597/Lab3/ws1/install/task_4/share/task_4/hook/ament_prefix_path.ps1'
[0.403s] INFO:colcon.colcon_core.shell:Creating environment descriptor '/home/me597/me597/Lab3/ws1/install/task_4/share/task_4/hook/ament_prefix_path.dsv'
[0.404s] INFO:colcon.colcon_core.shell:Creating environment hook '/home/me597/me597/Lab3/ws1/install/task_4/share/task_4/hook/ament_prefix_path.sh'
[0.405s] INFO:colcon.colcon_core.shell:Skip shell extension 'powershell' for command environment: Not usable outside of PowerShell
[0.406s] DEBUG:colcon.colcon_core.shell:Skip shell extension 'dsv' for command environment
[0.409s] INFO:colcon.colcon_ros.task.ament_cmake.build:Building ROS package in '/home/me597/me597/Lab3/ws1/src/sim_ws/src/turtlebot3_gazebo' with build type 'ament_cmake'
[0.409s] INFO:colcon.colcon_cmake.task.cmake.build:Building CMake package in '/home/me597/me597/Lab3/ws1/src/sim_ws/src/turtlebot3_gazebo'
[0.409s] INFO:colcon.colcon_core.shell:Skip shell extension 'powershell' for command environment: Not usable outside of PowerShell
[0.409s] DEBUG:colcon.colcon_core.shell:Skip shell extension 'dsv' for command environment
[0.690s] INFO:colcon.colcon_core.task.python.build:Building Python package in '/home/me597/me597/Lab3/ws1/src/sim_ws/src/sim_utils'
[0.691s] INFO:colcon.colcon_core.shell:Skip shell extension 'powershell' for command environment: Not usable outside of PowerShell
[0.691s] DEBUG:colcon.colcon_core.shell:Skip shell extension 'dsv' for command environment
[0.973s] INFO:colcon.colcon_core.task.python.build:Building Python package in '/home/me597/me597/Lab3/ws1/src/task_4'
[0.973s] INFO:colcon.colcon_core.shell:Skip shell extension 'powershell' for command environment: Not usable outside of PowerShell
[0.973s] DEBUG:colcon.colcon_core.shell:Skip shell extension 'dsv' for command environment
[0.983s] DEBUG:colcon.colcon_core.event_handler.log_command:Invoking command in '/home/me597/me597/Lab3/ws1/build/turtlebot3_gazebo': CMAKE_PREFIX_PATH=${CMAKE_PREFIX_PATH}:/home/me597/me597/Lab3/ws1/install/sim_utils:/home/me597/me597/Lab3/ws1/install/task_4:/opt/ros/humble /usr/bin/cmake /home/me597/me597/Lab3/ws1/src/sim_ws/src/turtlebot3_gazebo -DAMENT_CMAKE_SYMLINK_INSTALL=1 -DCMAKE_INSTALL_PREFIX=/home/me597/me597/Lab3/ws1/install/turtlebot3_gazebo
[1.395s] DEBUG:colcon.colcon_core.event_handler.log_command:Invoking command in '/home/me597/me597/Lab3/ws1/build/sim_utils': PYTHONPATH=/home/me597/me597/Lab3/ws1/build/sim_utils/prefix_override:/usr/lib/python3/dist-packages/colcon_core/task/python/colcon_distutils_commands:/home/me597/me597/Lab3/ws1/install/sim_utils/lib/python3.10/site-packages:${PYTHONPATH} /usr/bin/python3 -W ignore:setup.py install is deprecated setup.py develop --editable --build-directory /home/me597/me597/Lab3/ws1/build/sim_utils/build --no-deps symlink_data
[1.396s] DEBUG:colcon.colcon_core.event_handler.log_command:Invoking command in '/home/me597/me597/Lab3/ws1/build/task_4': PYTHONPATH=/home/me597/me597/Lab3/ws1/build/task_4/prefix_override:/usr/lib/python3/dist-packages/colcon_core/task/python/colcon_distutils_commands:/home/me597/me597/Lab3/ws1/install/task_4/lib/python3.10/site-packages:${PYTHONPATH} /usr/bin/python3 -W ignore:setup.py install is deprecated setup.py develop --editable --build-directory /home/me597/me597/Lab3/ws1/build/task_4/build --no-deps symlink_data
[1.938s] Level 1:colcon.colcon_core.shell:create_environment_hook('sim_utils', 'pythonpath_develop')
[1.938s] INFO:colcon.colcon_core.shell:Creating environment hook '/home/me597/me597/Lab3/ws1/build/sim_utils/share/sim_utils/hook/pythonpath_develop.ps1'
[1.939s] DEBUG:colcon.colcon_core.event_handler.log_command:Invoked command in '/home/me597/me597/Lab3/ws1/build/sim_utils' returned '0': PYTHONPATH=/home/me597/me597/Lab3/ws1/build/sim_utils/prefix_override:/usr/lib/python3/dist-packages/colcon_core/task/python/colcon_distutils_commands:/home/me597/me597/Lab3/ws1/install/sim_utils/lib/python3.10/site-packages:${PYTHONPATH} /usr/bin/python3 -W ignore:setup.py install is deprecated setup.py develop --editable --build-directory /home/me597/me597/Lab3/ws1/build/sim_utils/build --no-deps symlink_data
[1.940s] INFO:colcon.colcon_core.shell:Creating environment descriptor '/home/me597/me597/Lab3/ws1/build/sim_utils/share/sim_utils/hook/pythonpath_develop.dsv'
[1.940s] INFO:colcon.colcon_core.shell:Creating environment hook '/home/me597/me597/Lab3/ws1/build/sim_utils/share/sim_utils/hook/pythonpath_develop.sh'
[1.948s] Level 1:colcon.colcon_core.environment:checking '/home/me597/me597/Lab3/ws1/install/sim_utils' for CMake module files
[1.949s] Level 1:colcon.colcon_core.environment:checking '/home/me597/me597/Lab3/ws1/install/sim_utils' for CMake config files
[1.950s] Level 1:colcon.colcon_core.environment:checking '/home/me597/me597/Lab3/ws1/install/sim_utils/lib'
[1.950s] Level 1:colcon.colcon_core.environment:checking '/home/me597/me597/Lab3/ws1/install/sim_utils/bin'
[1.950s] Level 1:colcon.colcon_core.environment:checking '/home/me597/me597/Lab3/ws1/install/sim_utils/lib/pkgconfig/sim_utils.pc'
[1.951s] Level 1:colcon.colcon_core.environment:checking '/home/me597/me597/Lab3/ws1/install/sim_utils/lib/python3.10/site-packages'
[1.951s] Level 1:colcon.colcon_core.shell:create_environment_hook('sim_utils', 'pythonpath')
[1.951s] INFO:colcon.colcon_core.shell:Creating environment hook '/home/me597/me597/Lab3/ws1/install/sim_utils/share/sim_utils/hook/pythonpath.ps1'
[1.952s] INFO:colcon.colcon_core.shell:Creating environment descriptor '/home/me597/me597/Lab3/ws1/install/sim_utils/share/sim_utils/hook/pythonpath.dsv'
[1.952s] INFO:colcon.colcon_core.shell:Creating environment hook '/home/me597/me597/Lab3/ws1/install/sim_utils/share/sim_utils/hook/pythonpath.sh'
[1.953s] Level 1:colcon.colcon_core.environment:checking '/home/me597/me597/Lab3/ws1/install/sim_utils/bin'
[1.953s] Level 1:colcon.colcon_core.environment:create_environment_scripts_only(sim_utils)
[1.953s] INFO:colcon.colcon_core.shell:Creating package script '/home/me597/me597/Lab3/ws1/install/sim_utils/share/sim_utils/package.ps1'
[1.955s] INFO:colcon.colcon_core.shell:Creating package descriptor '/home/me597/me597/Lab3/ws1/install/sim_utils/share/sim_utils/package.dsv'
[1.955s] INFO:colcon.colcon_core.shell:Creating package script '/home/me597/me597/Lab3/ws1/install/sim_utils/share/sim_utils/package.sh'
[1.956s] INFO:colcon.colcon_core.shell:Creating package script '/home/me597/me597/Lab3/ws1/install/sim_utils/share/sim_utils/package.bash'
[1.957s] INFO:colcon.colcon_core.shell:Creating package script '/home/me597/me597/Lab3/ws1/install/sim_utils/share/sim_utils/package.zsh'
[1.958s] Level 1:colcon.colcon_core.environment:create_file_with_runtime_dependencies(/home/me597/me597/Lab3/ws1/install/sim_utils/share/colcon-core/packages/sim_utils)
[1.961s] Level 1:colcon.colcon_core.shell:create_environment_hook('task_4', 'pythonpath_develop')
[1.961s] INFO:colcon.colcon_core.shell:Creating environment hook '/home/me597/me597/Lab3/ws1/build/task_4/share/task_4/hook/pythonpath_develop.ps1'
[1.962s] DEBUG:colcon.colcon_core.event_handler.log_command:Invoked command in '/home/me597/me597/Lab3/ws1/build/task_4' returned '0': PYTHONPATH=/home/me597/me597/Lab3/ws1/build/task_4/prefix_override:/usr/lib/python3/dist-packages/colcon_core/task/python/colcon_distutils_commands:/home/me597/me597/Lab3/ws1/install/task_4/lib/python3.10/site-packages:${PYTHONPATH} /usr/bin/python3 -W ignore:setup.py install is deprecated setup.py develop --editable --build-directory /home/me597/me597/Lab3/ws1/build/task_4/build --no-deps symlink_data
[1.962s] INFO:colcon.colcon_core.shell:Creating environment descriptor '/home/me597/me597/Lab3/ws1/build/task_4/share/task_4/hook/pythonpath_develop.dsv'
[1.963s] INFO:colcon.colcon_core.shell:Creating environment hook '/home/me597/me597/Lab3/ws1/build/task_4/share/task_4/hook/pythonpath_develop.sh'
[1.963s] Level 1:colcon.colcon_core.environment:checking '/home/me597/me597/Lab3/ws1/install/task_4' for CMake module files
[1.964s] Level 1:colcon.colcon_core.environment:checking '/home/me597/me597/Lab3/ws1/install/task_4' for CMake config files
[1.964s] Level 1:colcon.colcon_core.environment:checking '/home/me597/me597/Lab3/ws1/install/task_4/lib'
[1.965s] Level 1:colcon.colcon_core.environment:checking '/home/me597/me597/Lab3/ws1/install/task_4/bin'
[1.965s] Level 1:colcon.colcon_core.environment:checking '/home/me597/me597/Lab3/ws1/install/task_4/lib/pkgconfig/task_4.pc'
[1.965s] Level 1:colcon.colcon_core.environment:checking '/home/me597/me597/Lab3/ws1/install/task_4/lib/python3.10/site-packages'
[1.965s] Level 1:colcon.colcon_core.shell:create_environment_hook('task_4', 'pythonpath')
[1.965s] INFO:colcon.colcon_core.shell:Creating environment hook '/home/me597/me597/Lab3/ws1/install/task_4/share/task_4/hook/pythonpath.ps1'
[1.966s] INFO:colcon.colcon_core.shell:Creating environment descriptor '/home/me597/me597/Lab3/ws1/install/task_4/share/task_4/hook/pythonpath.dsv'
[1.966s] INFO:colcon.colcon_core.shell:Creating environment hook '/home/me597/me597/Lab3/ws1/install/task_4/share/task_4/hook/pythonpath.sh'
[1.967s] Level 1:colcon.colcon_core.environment:checking '/home/me597/me597/Lab3/ws1/install/task_4/bin'
[1.967s] Level 1:colcon.colcon_core.environment:create_environment_scripts_only(task_4)
[1.967s] INFO:colcon.colcon_core.shell:Creating package script '/home/me597/me597/Lab3/ws1/install/task_4/share/task_4/package.ps1'
[1.968s] INFO:colcon.colcon_core.shell:Creating package descriptor '/home/me597/me597/Lab3/ws1/install/task_4/share/task_4/package.dsv'
[1.969s] INFO:colcon.colcon_core.shell:Creating package script '/home/me597/me597/Lab3/ws1/install/task_4/share/task_4/package.sh'
[1.969s] INFO:colcon.colcon_core.shell:Creating package script '/home/me597/me597/Lab3/ws1/install/task_4/share/task_4/package.bash'
[1.969s] INFO:colcon.colcon_core.shell:Creating package script '/home/me597/me597/Lab3/ws1/install/task_4/share/task_4/package.zsh'
[1.970s] Level 1:colcon.colcon_core.environment:create_file_with_runtime_dependencies(/home/me597/me597/Lab3/ws1/install/task_4/share/colcon-core/packages/task_4)
[3.137s] DEBUG:colcon.colcon_core.event_handler.log_command:Invoked command in '/home/me597/me597/Lab3/ws1/build/turtlebot3_gazebo' returned '0': CMAKE_PREFIX_PATH=${CMAKE_PREFIX_PATH}:/home/me597/me597/Lab3/ws1/install/sim_utils:/home/me597/me597/Lab3/ws1/install/task_4:/opt/ros/humble /usr/bin/cmake /home/me597/me597/Lab3/ws1/src/sim_ws/src/turtlebot3_gazebo -DAMENT_CMAKE_SYMLINK_INSTALL=1 -DCMAKE_INSTALL_PREFIX=/home/me597/me597/Lab3/ws1/install/turtlebot3_gazebo
[3.137s] DEBUG:colcon.colcon_core.event_handler.log_command:Invoking command in '/home/me597/me597/Lab3/ws1/build/turtlebot3_gazebo': CMAKE_PREFIX_PATH=${CMAKE_PREFIX_PATH}:/home/me597/me597/Lab3/ws1/install/sim_utils:/home/me597/me597/Lab3/ws1/install/task_4:/opt/ros/humble /usr/bin/cmake --build /home/me597/me597/Lab3/ws1/build/turtlebot3_gazebo -- -j4 -l4
[3.189s] DEBUG:colcon.colcon_core.event_handler.log_command:Invoked command in '/home/me597/me597/Lab3/ws1/build/turtlebot3_gazebo' returned '0': CMAKE_PREFIX_PATH=${CMAKE_PREFIX_PATH}:/home/me597/me597/Lab3/ws1/install/sim_utils:/home/me597/me597/Lab3/ws1/install/task_4:/opt/ros/humble /usr/bin/cmake --build /home/me597/me597/Lab3/ws1/build/turtlebot3_gazebo -- -j4 -l4
[3.235s] DEBUG:colcon.colcon_core.event_handler.log_command:Invoking command in '/home/me597/me597/Lab3/ws1/build/turtlebot3_gazebo': CMAKE_PREFIX_PATH=${CMAKE_PREFIX_PATH}:/home/me597/me597/Lab3/ws1/install/sim_utils:/home/me597/me597/Lab3/ws1/install/task_4:/opt/ros/humble /usr/bin/cmake --install /home/me597/me597/Lab3/ws1/build/turtlebot3_gazebo
[3.966s] Level 1:colcon.colcon_core.environment:create_environment_scripts_only(turtlebot3_gazebo)
[3.966s] Level 1:colcon.colcon_core.environment:checking '/home/me597/me597/Lab3/ws1/install/turtlebot3_gazebo' for CMake module files
[3.967s] DEBUG:colcon.colcon_core.event_handler.log_command:Invoked command in '/home/me597/me597/Lab3/ws1/build/turtlebot3_gazebo' returned '0': CMAKE_PREFIX_PATH=${CMAKE_PREFIX_PATH}:/home/me597/me597/Lab3/ws1/install/sim_utils:/home/me597/me597/Lab3/ws1/install/task_4:/opt/ros/humble /usr/bin/cmake --install /home/me597/me597/Lab3/ws1/build/turtlebot3_gazebo
[3.968s] Level 1:colcon.colcon_core.environment:checking '/home/me597/me597/Lab3/ws1/install/turtlebot3_gazebo' for CMake config files
[3.969s] Level 1:colcon.colcon_core.shell:create_environment_hook('turtlebot3_gazebo', 'cmake_prefix_path')
[3.969s] INFO:colcon.colcon_core.shell:Creating environment hook '/home/me597/me597/Lab3/ws1/install/turtlebot3_gazebo/share/turtlebot3_gazebo/hook/cmake_prefix_path.ps1'
[3.970s] INFO:colcon.colcon_core.shell:Creating environment descriptor '/home/me597/me597/Lab3/ws1/install/turtlebot3_gazebo/share/turtlebot3_gazebo/hook/cmake_prefix_path.dsv'
[3.970s] INFO:colcon.colcon_core.shell:Creating environment hook '/home/me597/me597/Lab3/ws1/install/turtlebot3_gazebo/share/turtlebot3_gazebo/hook/cmake_prefix_path.sh'
[3.971s] Level 1:colcon.colcon_core.environment:checking '/home/me597/me597/Lab3/ws1/install/turtlebot3_gazebo/lib'
[3.971s] Level 1:colcon.colcon_core.environment:checking '/home/me597/me597/Lab3/ws1/install/turtlebot3_gazebo/bin'
[3.971s] Level 1:colcon.colcon_core.environment:checking '/home/me597/me597/Lab3/ws1/install/turtlebot3_gazebo/lib/pkgconfig/turtlebot3_gazebo.pc'
[3.972s] Level 1:colcon.colcon_core.environment:checking '/home/me597/me597/Lab3/ws1/install/turtlebot3_gazebo/lib/python3.10/site-packages'
[3.972s] Level 1:colcon.colcon_core.environment:checking '/home/me597/me597/Lab3/ws1/install/turtlebot3_gazebo/bin'
[3.973s] INFO:colcon.colcon_core.shell:Creating package script '/home/me597/me597/Lab3/ws1/install/turtlebot3_gazebo/share/turtlebot3_gazebo/package.ps1'
[3.973s] INFO:colcon.colcon_core.shell:Creating package descriptor '/home/me597/me597/Lab3/ws1/install/turtlebot3_gazebo/share/turtlebot3_gazebo/package.dsv'
[3.974s] INFO:colcon.colcon_core.shell:Creating package script '/home/me597/me597/Lab3/ws1/install/turtlebot3_gazebo/share/turtlebot3_gazebo/package.sh'
[3.974s] INFO:colcon.colcon_core.shell:Creating package script '/home/me597/me597/Lab3/ws1/install/turtlebot3_gazebo/share/turtlebot3_gazebo/package.bash'
[3.975s] INFO:colcon.colcon_core.shell:Creating package script '/home/me597/me597/Lab3/ws1/install/turtlebot3_gazebo/share/turtlebot3_gazebo/package.zsh'
[3.975s] Level 1:colcon.colcon_core.environment:create_file_with_runtime_dependencies(/home/me597/me597/Lab3/ws1/install/turtlebot3_gazebo/share/colcon-core/packages/turtlebot3_gazebo)
[4.018s] Level 1:colcon.colcon_core.environment:create_environment_scripts_only(turtlebot3_gazebo)
[4.019s] Level 1:colcon.colcon_core.environment:checking '/home/me597/me597/Lab3/ws1/install/turtlebot3_gazebo' for CMake module files
[4.019s] Level 1:colcon.colcon_core.environment:checking '/home/me597/me597/Lab3/ws1/install/turtlebot3_gazebo' for CMake config files
[4.020s] Level 1:colcon.colcon_core.shell:create_environment_hook('turtlebot3_gazebo', 'cmake_prefix_path')
[4.020s] INFO:colcon.colcon_core.shell:Creating environment hook '/home/me597/me597/Lab3/ws1/install/turtlebot3_gazebo/share/turtlebot3_gazebo/hook/cmake_prefix_path.ps1'
[4.021s] INFO:colcon.colcon_core.shell:Creating environment descriptor '/home/me597/me597/Lab3/ws1/install/turtlebot3_gazebo/share/turtlebot3_gazebo/hook/cmake_prefix_path.dsv'
[4.021s] INFO:colcon.colcon_core.shell:Creating environment hook '/home/me597/me597/Lab3/ws1/install/turtlebot3_gazebo/share/turtlebot3_gazebo/hook/cmake_prefix_path.sh'
[4.022s] Level 1:colcon.colcon_core.environment:checking '/home/me597/me597/Lab3/ws1/install/turtlebot3_gazebo/lib'
[4.022s] Level 1:colcon.colcon_core.environment:checking '/home/me597/me597/Lab3/ws1/install/turtlebot3_gazebo/bin'
[4.022s] Level 1:colcon.colcon_core.environment:checking '/home/me597/me597/Lab3/ws1/install/turtlebot3_gazebo/lib/pkgconfig/turtlebot3_gazebo.pc'
[4.022s] Level 1:colcon.colcon_core.environment:checking '/home/me597/me597/Lab3/ws1/install/turtlebot3_gazebo/lib/python3.10/site-packages'
[4.023s] Level 1:colcon.colcon_core.environment:checking '/home/me597/me597/Lab3/ws1/install/turtlebot3_gazebo/bin'
[4.023s] INFO:colcon.colcon_core.shell:Creating package script '/home/me597/me597/Lab3/ws1/install/turtlebot3_gazebo/share/turtlebot3_gazebo/package.ps1'
[4.024s] INFO:colcon.colcon_core.shell:Creating package descriptor '/home/me597/me597/Lab3/ws1/install/turtlebot3_gazebo/share/turtlebot3_gazebo/package.dsv'
[4.024s] INFO:colcon.colcon_core.shell:Creating package script '/home/me597/me597/Lab3/ws1/install/turtlebot3_gazebo/share/turtlebot3_gazebo/package.sh'
[4.025s] INFO:colcon.colcon_core.shell:Creating package script '/home/me597/me597/Lab3/ws1/install/turtlebot3_gazebo/share/turtlebot3_gazebo/package.bash'
[4.025s] INFO:colcon.colcon_core.shell:Creating package script '/home/me597/me597/Lab3/ws1/install/turtlebot3_gazebo/share/turtlebot3_gazebo/package.zsh'
[4.026s] Level 1:colcon.colcon_core.environment:create_file_with_runtime_dependencies(/home/me597/me597/Lab3/ws1/install/turtlebot3_gazebo/share/colcon-core/packages/turtlebot3_gazebo)
[4.026s] DEBUG:colcon.colcon_parallel_executor.executor.parallel:closing loop
[4.026s] DEBUG:colcon.colcon_parallel_executor.executor.parallel:loop closed
[4.026s] DEBUG:colcon.colcon_parallel_executor.executor.parallel:run_until_complete finished with '0'
[4.027s] DEBUG:colcon.colcon_core.event_reactor:joining thread
[4.033s] INFO:colcon.colcon_core.plugin_system:Skipping extension 'colcon_notification.desktop_notification.terminal_notifier': Not used on non-Darwin systems
[4.033s] INFO:colcon.colcon_core.plugin_system:Skipping extension 'colcon_notification.desktop_notification.win32': Not used on non-Windows systems
[4.033s] INFO:colcon.colcon_notification.desktop_notification:Sending desktop notification using 'notify2'
[4.047s] DEBUG:colcon.colcon_core.event_reactor:joined thread
[4.047s] INFO:colcon.colcon_core.shell:Creating prefix script '/home/me597/me597/Lab3/ws1/install/local_setup.ps1'
[4.048s] INFO:colcon.colcon_core.shell:Creating prefix util module '/home/me597/me597/Lab3/ws1/install/_local_setup_util_ps1.py'
[4.050s] INFO:colcon.colcon_core.shell:Creating prefix chain script '/home/me597/me597/Lab3/ws1/install/setup.ps1'
[4.051s] INFO:colcon.colcon_core.shell:Creating prefix script '/home/me597/me597/Lab3/ws1/install/local_setup.sh'
[4.051s] INFO:colcon.colcon_core.shell:Creating prefix util module '/home/me597/me597/Lab3/ws1/install/_local_setup_util_sh.py'
[4.051s] INFO:colcon.colcon_core.shell:Creating prefix chain script '/home/me597/me597/Lab3/ws1/install/setup.sh'
[4.052s] INFO:colcon.colcon_core.shell:Creating prefix script '/home/me597/me597/Lab3/ws1/install/local_setup.bash'
[4.053s] INFO:colcon.colcon_core.shell:Creating prefix chain script '/home/me597/me597/Lab3/ws1/install/setup.bash'
[4.054s] INFO:colcon.colcon_core.shell:Creating prefix script '/home/me597/me597/Lab3/ws1/install/local_setup.zsh'
[4.054s] INFO:colcon.colcon_core.shell:Creating prefix chain script '/home/me597/me597/Lab3/ws1/install/setup.zsh'
