[0.625s] Invoking command in '/home/me597/me597/Lab1/ws1/build/task1': PYTHONPATH=/home/me597/me597/Lab1/ws1/build/task1/prefix_override:/usr/lib/python3/dist-packages/colcon_core/task/python/colcon_distutils_commands:/home/me597/me597/Lab1/ws1/install/task1/lib/python3.10/site-packages:${PYTHONPATH} /usr/bin/python3 -W ignore:setup.py install is deprecated setup.py develop --editable --build-directory /home/me597/me597/Lab1/ws1/build/task1/build --no-deps symlink_data
[0.884s] /usr/lib/python3/dist-packages/setuptools/command/easy_install.py:158: EasyInstallDeprecationWarning: easy_install command is deprecated. Use build and pip and other standards-based tools.
[0.884s]   warnings.warn(
[0.884s] running develop
[1.041s] running egg_info
[1.041s] creating mypubsub.egg-info
[1.041s] writing mypubsub.egg-info/PKG-INFO
[1.041s] writing dependency_links to mypubsub.egg-info/dependency_links.txt
[1.042s] writing entry points to mypubsub.egg-info/entry_points.txt
[1.042s] writing requirements to mypubsub.egg-info/requires.txt
[1.042s] writing top-level names to mypubsub.egg-info/top_level.txt
[1.043s] writing manifest file 'mypubsub.egg-info/SOURCES.txt'
[1.044s] reading manifest file 'mypubsub.egg-info/SOURCES.txt'
[1.044s] writing manifest file 'mypubsub.egg-info/SOURCES.txt'
[1.045s] running build_ext
[1.046s] Creating /home/me597/me597/Lab1/ws1/install/task1/lib/python3.10/site-packages/mypubsub.egg-link (link to .)
[1.046s] Installing publisher script to /home/me597/me597/Lab1/ws1/install/task1/lib/task1
[1.046s] Installing subscriber script to /home/me597/me597/Lab1/ws1/install/task1/lib/task1
[1.047s] 
[1.047s] Installed /home/me597/me597/Lab1/ws1/build/task1
[1.047s] running symlink_data
[1.047s] error: can't copy '/home/me597/me597/Lab1/ws1/build/task1/resource/mypubsub': doesn't exist or not a regular file
[1.071s] Invoked command in '/home/me597/me597/Lab1/ws1/build/task1' returned '1': PYTHONPATH=/home/me597/me597/Lab1/ws1/build/task1/prefix_override:/usr/lib/python3/dist-packages/colcon_core/task/python/colcon_distutils_commands:/home/me597/me597/Lab1/ws1/install/task1/lib/python3.10/site-packages:${PYTHONPATH} /usr/bin/python3 -W ignore:setup.py install is deprecated setup.py develop --editable --build-directory /home/me597/me597/Lab1/ws1/build/task1/build --no-deps symlink_data
