[0.027s] Invoking command in '/home/Gery/ME597_Lab/Lab4/ws1/build/image_geometry': CMAKE_PREFIX_PATH=/opt/ros/humble /usr/bin/cmake --build /home/Gery/ME597_Lab/Lab4/ws1/build/image_geometry -- -j4 -l4
[0.215s] [35m[1mConsolidate compiler generated dependencies of target gtest[0m
[0.215s] [35m[1mConsolidate compiler generated dependencies of target image_geometry[0m
[0.226s] [35m[1mConsolidate compiler generated dependencies of target gtest_main[0m
[0.267s] [  0%] Built target ament_cmake_python_symlink_image_geometry
[0.321s] [ 18%] Built target gtest_main
[0.333s] [ 36%] Built target gtest
[0.344s] [ 63%] Built target image_geometry
[0.417s] [35m[1mConsolidate compiler generated dependencies of target image_geometry-utest-equi[0m
[0.421s] [35m[1mConsolidate compiler generated dependencies of target image_geometry-utest[0m
[0.501s] [ 81%] Built target image_geometry-utest-equi
[0.509s] [100%] Built target image_geometry-utest
[0.961s] running egg_info
[1.004s] writing image_geometry.egg-info/PKG-INFO
[1.005s] writing dependency_links to image_geometry.egg-info/dependency_links.txt
[1.008s] writing top-level names to image_geometry.egg-info/top_level.txt
[1.138s] reading manifest file 'image_geometry.egg-info/SOURCES.txt'
[1.141s] writing manifest file 'image_geometry.egg-info/SOURCES.txt'
[1.201s] [100%] Built target ament_cmake_python_build_image_geometry_egg
[1.245s] Invoked command in '/home/Gery/ME597_Lab/Lab4/ws1/build/image_geometry' returned '0': CMAKE_PREFIX_PATH=/opt/ros/humble /usr/bin/cmake --build /home/Gery/ME597_Lab/Lab4/ws1/build/image_geometry -- -j4 -l4
[1.251s] Invoking command in '/home/Gery/ME597_Lab/Lab4/ws1/build/image_geometry': CMAKE_PREFIX_PATH=/opt/ros/humble /usr/bin/cmake --install /home/Gery/ME597_Lab/Lab4/ws1/build/image_geometry
[1.265s] -- Install configuration: ""
[1.268s] -- Execute custom install script
[1.268s] -- Up-to-date symlink: /home/Gery/ME597_Lab/Lab4/ws1/install/image_geometry/share/image_geometry/environment/pythonpath.sh
[1.268s] -- Up-to-date symlink: /home/Gery/ME597_Lab/Lab4/ws1/install/image_geometry/share/image_geometry/environment/pythonpath.dsv
[1.275s] -- Up-to-date symlink: /home/Gery/ME597_Lab/Lab4/ws1/install/image_geometry/local/lib/python3.10/dist-packages/image_geometry-4.1.0-py3.10.egg-info/PKG-INFO
[1.275s] -- Up-to-date symlink: /home/Gery/ME597_Lab/Lab4/ws1/install/image_geometry/local/lib/python3.10/dist-packages/image_geometry-4.1.0-py3.10.egg-info/SOURCES.txt
[1.276s] -- Up-to-date symlink: /home/Gery/ME597_Lab/Lab4/ws1/install/image_geometry/local/lib/python3.10/dist-packages/image_geometry-4.1.0-py3.10.egg-info/dependency_links.txt
[1.276s] -- Up-to-date symlink: /home/Gery/ME597_Lab/Lab4/ws1/install/image_geometry/local/lib/python3.10/dist-packages/image_geometry-4.1.0-py3.10.egg-info/top_level.txt
[1.276s] -- Up-to-date symlink: /home/Gery/ME597_Lab/Lab4/ws1/install/image_geometry/local/lib/python3.10/dist-packages/image_geometry/__init__.py
[1.276s] -- Up-to-date symlink: /home/Gery/ME597_Lab/Lab4/ws1/install/image_geometry/local/lib/python3.10/dist-packages/image_geometry/cameramodels.py
[1.277s] -- Up-to-date symlink: /home/Gery/ME597_Lab/Lab4/ws1/install/image_geometry/include/image_geometry/image_geometry/pinhole_camera_model.hpp
[1.278s] -- Up-to-date symlink: /home/Gery/ME597_Lab/Lab4/ws1/install/image_geometry/include/image_geometry/image_geometry/stereo_camera_model.hpp
[1.278s] -- Up-to-date symlink: /home/Gery/ME597_Lab/Lab4/ws1/install/image_geometry/include/image_geometry/image_geometry/visibility_control.hpp
[1.278s] -- Up-to-date symlink: /home/Gery/ME597_Lab/Lab4/ws1/install/image_geometry/share/ament_index/resource_index/package_run_dependencies/image_geometry
[1.279s] -- Up-to-date symlink: /home/Gery/ME597_Lab/Lab4/ws1/install/image_geometry/share/ament_index/resource_index/parent_prefix_path/image_geometry
[1.279s] -- Up-to-date symlink: /home/Gery/ME597_Lab/Lab4/ws1/install/image_geometry/share/image_geometry/environment/ament_prefix_path.sh
[1.279s] -- Up-to-date symlink: /home/Gery/ME597_Lab/Lab4/ws1/install/image_geometry/share/image_geometry/environment/ament_prefix_path.dsv
[1.279s] -- Up-to-date symlink: /home/Gery/ME597_Lab/Lab4/ws1/install/image_geometry/share/image_geometry/environment/path.sh
[1.279s] -- Up-to-date symlink: /home/Gery/ME597_Lab/Lab4/ws1/install/image_geometry/share/image_geometry/environment/path.dsv
[1.279s] -- Up-to-date symlink: /home/Gery/ME597_Lab/Lab4/ws1/install/image_geometry/share/image_geometry/local_setup.bash
[1.280s] -- Up-to-date symlink: /home/Gery/ME597_Lab/Lab4/ws1/install/image_geometry/share/image_geometry/local_setup.sh
[1.280s] -- Up-to-date symlink: /home/Gery/ME597_Lab/Lab4/ws1/install/image_geometry/share/image_geometry/local_setup.zsh
[1.280s] -- Up-to-date symlink: /home/Gery/ME597_Lab/Lab4/ws1/install/image_geometry/share/image_geometry/local_setup.dsv
[1.280s] -- Symlinking: /home/Gery/ME597_Lab/Lab4/ws1/install/image_geometry/share/image_geometry/package.dsv
[1.300s] -- Up-to-date symlink: /home/Gery/ME597_Lab/Lab4/ws1/install/image_geometry/share/ament_index/resource_index/packages/image_geometry
[1.300s] -- Up-to-date symlink: /home/Gery/ME597_Lab/Lab4/ws1/install/image_geometry/share/image_geometry/cmake/ament_cmake_export_targets-extras.cmake
[1.300s] -- Up-to-date symlink: /home/Gery/ME597_Lab/Lab4/ws1/install/image_geometry/share/image_geometry/cmake/ament_cmake_export_dependencies-extras.cmake
[1.300s] -- Up-to-date symlink: /home/Gery/ME597_Lab/Lab4/ws1/install/image_geometry/share/image_geometry/cmake/image_geometryConfig.cmake
[1.300s] -- Up-to-date symlink: /home/Gery/ME597_Lab/Lab4/ws1/install/image_geometry/share/image_geometry/cmake/image_geometryConfig-version.cmake
[1.301s] -- Up-to-date symlink: /home/Gery/ME597_Lab/Lab4/ws1/install/image_geometry/share/image_geometry/package.xml
[1.368s] Listing '/home/Gery/ME597_Lab/Lab4/ws1/install/image_geometry/local/lib/python3.10/dist-packages/image_geometry'...
[1.379s] -- Up-to-date: /home/Gery/ME597_Lab/Lab4/ws1/install/image_geometry/lib/libimage_geometry.so
[1.380s] -- Up-to-date: /home/Gery/ME597_Lab/Lab4/ws1/install/image_geometry/share/image_geometry/cmake/export_image_geometryExport.cmake
[1.380s] -- Up-to-date: /home/Gery/ME597_Lab/Lab4/ws1/install/image_geometry/share/image_geometry/cmake/export_image_geometryExport-noconfig.cmake
[1.385s] Invoked command in '/home/Gery/ME597_Lab/Lab4/ws1/build/image_geometry' returned '0': CMAKE_PREFIX_PATH=/opt/ros/humble /usr/bin/cmake --install /home/Gery/ME597_Lab/Lab4/ws1/build/image_geometry
