running develop
/usr/lib/python3/dist-packages/setuptools/command/easy_install.py:158: EasyInstallDeprecationWarning: easy_install command is deprecated. Use build and pip and other standards-based tools.
  warnings.warn(
running egg_info
creating task_2.egg-info
writing task_2.egg-info/PKG-INFO
writing dependency_links to task_2.egg-info/dependency_links.txt
writing entry points to task_2.egg-info/entry_points.txt
writing requirements to task_2.egg-info/requires.txt
writing top-level names to task_2.egg-info/top_level.txt
writing manifest file 'task_2.egg-info/SOURCES.txt'
reading manifest file 'task_2.egg-info/SOURCES.txt'
writing manifest file 'task_2.egg-info/SOURCES.txt'
running build_ext
Creating /home/me597/me597/Lab1/ws1/install/task_2/lib/python3.10/site-packages/task-2.egg-link (link to .)
Installing client script to /home/me597/me597/Lab1/ws1/install/task_2/lib/task_2
Installing listener script to /home/me597/me597/Lab1/ws1/install/task_2/lib/task_2
Installing service script to /home/me597/me597/Lab1/ws1/install/task_2/lib/task_2
Installing talker script to /home/me597/me597/Lab1/ws1/install/task_2/lib/task_2

Installed /home/me597/me597/Lab1/ws1/build/task_2
running symlink_data
creating /home/me597/me597/Lab1/ws1/install/task_2/share/ament_index
creating /home/me597/me597/Lab1/ws1/install/task_2/share/ament_index/resource_index
creating /home/me597/me597/Lab1/ws1/install/task_2/share/ament_index/resource_index/packages
symbolically linking /home/me597/me597/Lab1/ws1/build/task_2/resource/task_2 -> /home/me597/me597/Lab1/ws1/install/task_2/share/ament_index/resource_index/packages
symbolically linking /home/me597/me597/Lab1/ws1/build/task_2/package.xml -> /home/me597/me597/Lab1/ws1/install/task_2/share/task_2
creating /home/me597/me597/Lab1/ws1/install/task_2/share/task_2/launch
symbolically linking /home/me597/me597/Lab1/ws1/build/task_2/launch/service_launch.py -> /home/me597/me597/Lab1/ws1/install/task_2/share/task_2/launch
