[1.009s] Invoking command in '/home/Gery/ME597_Lab/Lab4/ws1/src/build/vision_opencv': AMENT_PREFIX_PATH=/home/Gery/ME597_Lab/Lab4/ws1/src/install/image_geometry:/home/Gery/ME597_Lab/Lab4/ws1/src/install/cv_bridge:${AMENT_PREFIX_PATH} CMAKE_PREFIX_PATH=/home/Gery/ME597_Lab/Lab4/ws1/src/install/image_geometry:/home/Gery/ME597_Lab/Lab4/ws1/src/install/cv_bridge:/opt/ros/humble LD_LIBRARY_PATH=/home/Gery/ME597_Lab/Lab4/ws1/src/install/image_geometry/lib:/home/Gery/ME597_Lab/Lab4/ws1/src/install/cv_bridge/lib:${LD_LIBRARY_PATH} PYTHONPATH=/home/Gery/ME597_Lab/Lab4/ws1/src/install/image_geometry/local/lib/python3.10/dist-packages:/home/Gery/ME597_Lab/Lab4/ws1/src/install/cv_bridge/local/lib/python3.10/dist-packages:${PYTHONPATH} /usr/bin/cmake /home/Gery/ME597_Lab/Lab4/ws1/src/vision_opencv/vision_opencv -DCMAKE_INSTALL_PREFIX=/home/Gery/ME597_Lab/Lab4/ws1/src/install/vision_opencv
[1.134s] -- The C compiler identification is GNU 11.4.0
[1.222s] -- The CXX compiler identification is GNU 11.4.0
[1.241s] -- Detecting C compiler ABI info
[1.358s] -- Detecting C compiler ABI info - done
[1.366s] -- Check for working C compiler: /usr/bin/cc - skipped
[1.366s] -- Detecting C compile features
[1.367s] -- Detecting C compile features - done
[1.371s] -- Detecting CXX compiler ABI info
[1.474s] -- Detecting CXX compiler ABI info - done
[1.482s] -- Check for working CXX compiler: /usr/bin/c++ - skipped
[1.483s] -- Detecting CXX compile features
[1.483s] -- Detecting CXX compile features - done
[1.498s] -- Found ament_cmake: 1.3.12 (/opt/ros/humble/share/ament_cmake/cmake)
[1.912s] -- Found Python3: /usr/bin/python3 (found version "3.10.12") found components: Interpreter 
[2.213s] -- Configuring done
[2.217s] -- Generating done
[2.223s] -- Build files have been written to: /home/Gery/ME597_Lab/Lab4/ws1/src/build/vision_opencv
[2.233s] Invoked command in '/home/Gery/ME597_Lab/Lab4/ws1/src/build/vision_opencv' returned '0': AMENT_PREFIX_PATH=/home/Gery/ME597_Lab/Lab4/ws1/src/install/image_geometry:/home/Gery/ME597_Lab/Lab4/ws1/src/install/cv_bridge:${AMENT_PREFIX_PATH} CMAKE_PREFIX_PATH=/home/Gery/ME597_Lab/Lab4/ws1/src/install/image_geometry:/home/Gery/ME597_Lab/Lab4/ws1/src/install/cv_bridge:/opt/ros/humble LD_LIBRARY_PATH=/home/Gery/ME597_Lab/Lab4/ws1/src/install/image_geometry/lib:/home/Gery/ME597_Lab/Lab4/ws1/src/install/cv_bridge/lib:${LD_LIBRARY_PATH} PYTHONPATH=/home/Gery/ME597_Lab/Lab4/ws1/src/install/image_geometry/local/lib/python3.10/dist-packages:/home/Gery/ME597_Lab/Lab4/ws1/src/install/cv_bridge/local/lib/python3.10/dist-packages:${PYTHONPATH} /usr/bin/cmake /home/Gery/ME597_Lab/Lab4/ws1/src/vision_opencv/vision_opencv -DCMAKE_INSTALL_PREFIX=/home/Gery/ME597_Lab/Lab4/ws1/src/install/vision_opencv
[2.237s] Invoking command in '/home/Gery/ME597_Lab/Lab4/ws1/src/build/vision_opencv': AMENT_PREFIX_PATH=/home/Gery/ME597_Lab/Lab4/ws1/src/install/image_geometry:/home/Gery/ME597_Lab/Lab4/ws1/src/install/cv_bridge:${AMENT_PREFIX_PATH} CMAKE_PREFIX_PATH=/home/Gery/ME597_Lab/Lab4/ws1/src/install/image_geometry:/home/Gery/ME597_Lab/Lab4/ws1/src/install/cv_bridge:/opt/ros/humble LD_LIBRARY_PATH=/home/Gery/ME597_Lab/Lab4/ws1/src/install/image_geometry/lib:/home/Gery/ME597_Lab/Lab4/ws1/src/install/cv_bridge/lib:${LD_LIBRARY_PATH} PYTHONPATH=/home/Gery/ME597_Lab/Lab4/ws1/src/install/image_geometry/local/lib/python3.10/dist-packages:/home/Gery/ME597_Lab/Lab4/ws1/src/install/cv_bridge/local/lib/python3.10/dist-packages:${PYTHONPATH} /usr/bin/cmake --build /home/Gery/ME597_Lab/Lab4/ws1/src/build/vision_opencv -- -j4 -l4
[2.305s] Invoked command in '/home/Gery/ME597_Lab/Lab4/ws1/src/build/vision_opencv' returned '0': AMENT_PREFIX_PATH=/home/Gery/ME597_Lab/Lab4/ws1/src/install/image_geometry:/home/Gery/ME597_Lab/Lab4/ws1/src/install/cv_bridge:${AMENT_PREFIX_PATH} CMAKE_PREFIX_PATH=/home/Gery/ME597_Lab/Lab4/ws1/src/install/image_geometry:/home/Gery/ME597_Lab/Lab4/ws1/src/install/cv_bridge:/opt/ros/humble LD_LIBRARY_PATH=/home/Gery/ME597_Lab/Lab4/ws1/src/install/image_geometry/lib:/home/Gery/ME597_Lab/Lab4/ws1/src/install/cv_bridge/lib:${LD_LIBRARY_PATH} PYTHONPATH=/home/Gery/ME597_Lab/Lab4/ws1/src/install/image_geometry/local/lib/python3.10/dist-packages:/home/Gery/ME597_Lab/Lab4/ws1/src/install/cv_bridge/local/lib/python3.10/dist-packages:${PYTHONPATH} /usr/bin/cmake --build /home/Gery/ME597_Lab/Lab4/ws1/src/build/vision_opencv -- -j4 -l4
[2.307s] Invoking command in '/home/Gery/ME597_Lab/Lab4/ws1/src/build/vision_opencv': AMENT_PREFIX_PATH=/home/Gery/ME597_Lab/Lab4/ws1/src/install/image_geometry:/home/Gery/ME597_Lab/Lab4/ws1/src/install/cv_bridge:${AMENT_PREFIX_PATH} CMAKE_PREFIX_PATH=/home/Gery/ME597_Lab/Lab4/ws1/src/install/image_geometry:/home/Gery/ME597_Lab/Lab4/ws1/src/install/cv_bridge:/opt/ros/humble LD_LIBRARY_PATH=/home/Gery/ME597_Lab/Lab4/ws1/src/install/image_geometry/lib:/home/Gery/ME597_Lab/Lab4/ws1/src/install/cv_bridge/lib:${LD_LIBRARY_PATH} PYTHONPATH=/home/Gery/ME597_Lab/Lab4/ws1/src/install/image_geometry/local/lib/python3.10/dist-packages:/home/Gery/ME597_Lab/Lab4/ws1/src/install/cv_bridge/local/lib/python3.10/dist-packages:${PYTHONPATH} /usr/bin/cmake --install /home/Gery/ME597_Lab/Lab4/ws1/src/build/vision_opencv
[2.321s] -- Install configuration: ""
[2.322s] -- Installing: /home/Gery/ME597_Lab/Lab4/ws1/src/install/vision_opencv/share/ament_index/resource_index/package_run_dependencies/vision_opencv
[2.322s] -- Installing: /home/Gery/ME597_Lab/Lab4/ws1/src/install/vision_opencv/share/ament_index/resource_index/parent_prefix_path/vision_opencv
[2.324s] -- Installing: /home/Gery/ME597_Lab/Lab4/ws1/src/install/vision_opencv/share/vision_opencv/environment/ament_prefix_path.sh
[2.324s] -- Installing: /home/Gery/ME597_Lab/Lab4/ws1/src/install/vision_opencv/share/vision_opencv/environment/ament_prefix_path.dsv
[2.325s] -- Installing: /home/Gery/ME597_Lab/Lab4/ws1/src/install/vision_opencv/share/vision_opencv/environment/path.sh
[2.328s] -- Installing: /home/Gery/ME597_Lab/Lab4/ws1/src/install/vision_opencv/share/vision_opencv/environment/path.dsv
[2.328s] -- Installing: /home/Gery/ME597_Lab/Lab4/ws1/src/install/vision_opencv/share/vision_opencv/local_setup.bash
[2.328s] -- Installing: /home/Gery/ME597_Lab/Lab4/ws1/src/install/vision_opencv/share/vision_opencv/local_setup.sh
[2.328s] -- Installing: /home/Gery/ME597_Lab/Lab4/ws1/src/install/vision_opencv/share/vision_opencv/local_setup.zsh
[2.328s] -- Installing: /home/Gery/ME597_Lab/Lab4/ws1/src/install/vision_opencv/share/vision_opencv/local_setup.dsv
[2.328s] -- Installing: /home/Gery/ME597_Lab/Lab4/ws1/src/install/vision_opencv/share/vision_opencv/package.dsv
[2.328s] -- Installing: /home/Gery/ME597_Lab/Lab4/ws1/src/install/vision_opencv/share/ament_index/resource_index/packages/vision_opencv
[2.332s] -- Installing: /home/Gery/ME597_Lab/Lab4/ws1/src/install/vision_opencv/share/vision_opencv/cmake/vision_opencvConfig.cmake
[2.333s] -- Installing: /home/Gery/ME597_Lab/Lab4/ws1/src/install/vision_opencv/share/vision_opencv/cmake/vision_opencvConfig-version.cmake
[2.333s] -- Installing: /home/Gery/ME597_Lab/Lab4/ws1/src/install/vision_opencv/share/vision_opencv/package.xml
[2.340s] Invoked command in '/home/Gery/ME597_Lab/Lab4/ws1/src/build/vision_opencv' returned '0': AMENT_PREFIX_PATH=/home/Gery/ME597_Lab/Lab4/ws1/src/install/image_geometry:/home/Gery/ME597_Lab/Lab4/ws1/src/install/cv_bridge:${AMENT_PREFIX_PATH} CMAKE_PREFIX_PATH=/home/Gery/ME597_Lab/Lab4/ws1/src/install/image_geometry:/home/Gery/ME597_Lab/Lab4/ws1/src/install/cv_bridge:/opt/ros/humble LD_LIBRARY_PATH=/home/Gery/ME597_Lab/Lab4/ws1/src/install/image_geometry/lib:/home/Gery/ME597_Lab/Lab4/ws1/src/install/cv_bridge/lib:${LD_LIBRARY_PATH} PYTHONPATH=/home/Gery/ME597_Lab/Lab4/ws1/src/install/image_geometry/local/lib/python3.10/dist-packages:/home/Gery/ME597_Lab/Lab4/ws1/src/install/cv_bridge/local/lib/python3.10/dist-packages:${PYTHONPATH} /usr/bin/cmake --install /home/Gery/ME597_Lab/Lab4/ws1/src/build/vision_opencv
