/usr/lib/python3/dist-packages/setuptools/command/easy_install.py:158: EasyInstallDeprecationWarning: easy_install command is deprecated. Use build and pip and other standards-based tools.
  warnings.warn(
running develop
running egg_info
creating mypubsub.egg-info
writing mypubsub.egg-info/PKG-INFO
writing dependency_links to mypubsub.egg-info/dependency_links.txt
writing entry points to mypubsub.egg-info/entry_points.txt
writing requirements to mypubsub.egg-info/requires.txt
writing top-level names to mypubsub.egg-info/top_level.txt
writing manifest file 'mypubsub.egg-info/SOURCES.txt'
reading manifest file 'mypubsub.egg-info/SOURCES.txt'
writing manifest file 'mypubsub.egg-info/SOURCES.txt'
running build_ext
Creating /home/me597/me597/Lab1/ws1/install/task1/lib/python3.10/site-packages/mypubsub.egg-link (link to .)
Installing publisher script to /home/me597/me597/Lab1/ws1/install/task1/lib/task1
Installing subscriber script to /home/me597/me597/Lab1/ws1/install/task1/lib/task1

Installed /home/me597/me597/Lab1/ws1/build/task1
running symlink_data
error: can't copy '/home/me597/me597/Lab1/ws1/build/task1/resource/mypubsub': doesn't exist or not a regular file
