[0.034s] Invoking command in '/home/me597/me597/Lab1/ws1/build/task_2_interfaces': CMAKE_PREFIX_PATH=${CMAKE_PREFIX_PATH}:/home/me597/me597/Lab1/ws1/install/task2:/home/me597/me597/Lab1/ws1/install/task1:/home/me597/ece569-fall2025/Lab1/ws1/install/mypubsub:/opt/ros/humble /usr/bin/cmake /home/me597/me597/Lab1/ws1/src/task_2_interfaces -DAMENT_CMAKE_SYMLINK_INSTALL=1 -DCMAKE_INSTALL_PREFIX=/home/me597/me597/Lab1/ws1/install/task_2_interfaces
[0.340s] -- The C compiler identification is GNU 11.4.0
[0.530s] -- The CXX compiler identification is GNU 11.4.0
[0.546s] -- Detecting C compiler ABI info
[0.645s] -- Detecting C compiler ABI info - done
[0.652s] -- Check for working C compiler: /usr/bin/cc - skipped
[0.652s] -- Detecting C compile features
[0.653s] -- Detecting C compile features - done
[0.656s] -- Detecting CXX compiler ABI info
[0.769s] -- Detecting CXX compiler ABI info - done
[0.777s] -- Check for working CXX compiler: /usr/bin/c++ - skipped
[0.778s] -- Detecting CXX compile features
[0.778s] -- Detecting CXX compile features - done
[0.788s] -- Found ament_cmake: 1.3.10 (/opt/ros/humble/share/ament_cmake/cmake)
[1.031s] -- Found Python3: /usr/bin/python3 (found version "3.10.12") found components: Interpreter 
[1.110s] -- Override CMake install command with custom implementation using symlinks instead of copying resources
[1.147s] -- Found ament_lint_auto: 0.12.11 (/opt/ros/humble/share/ament_lint_auto/cmake)
[1.234s] -- Found geometry_msgs: 4.2.4 (/opt/ros/humble/share/geometry_msgs/cmake)
[1.279s] -- Found rosidl_generator_c: 3.1.5 (/opt/ros/humble/share/rosidl_generator_c/cmake)
[1.286s] -- Found rosidl_adapter: 3.1.5 (/opt/ros/humble/share/rosidl_adapter/cmake)
[1.294s] -- Found rosidl_generator_cpp: 3.1.5 (/opt/ros/humble/share/rosidl_generator_cpp/cmake)
[1.311s] -- Using all available rosidl_typesupport_c: rosidl_typesupport_fastrtps_c;rosidl_typesupport_introspection_c
[1.333s] -- Using all available rosidl_typesupport_cpp: rosidl_typesupport_fastrtps_cpp;rosidl_typesupport_introspection_cpp
[1.376s] -- Found rosidl_default_generators: 1.2.0 (/opt/ros/humble/share/rosidl_default_generators/cmake)
[1.623s] -- Found ament_cmake_ros: 0.10.0 (/opt/ros/humble/share/ament_cmake_ros/cmake)
[2.120s] -- Using all available rosidl_typesupport_c: rosidl_typesupport_fastrtps_c;rosidl_typesupport_introspection_c
[2.371s] -- Using all available rosidl_typesupport_cpp: rosidl_typesupport_fastrtps_cpp;rosidl_typesupport_introspection_cpp
[2.409s] -- Found PythonInterp: /usr/bin/python3 (found suitable version "3.10.12", minimum required is "3.6") 
[2.413s] -- Found python_cmake_module: 0.10.0 (/opt/ros/humble/share/python_cmake_module/cmake)
[2.456s] -- Found PythonLibs: /usr/lib/x86_64-linux-gnu/libpython3.10.so (found suitable version "3.10.12", minimum required is "3.5") 
[2.456s] -- Using PYTHON_EXECUTABLE: /usr/bin/python3
[2.456s] -- Using PYTHON_INCLUDE_DIRS: /usr/include/python3.10
[2.456s] -- Using PYTHON_LIBRARIES: /usr/lib/x86_64-linux-gnu/libpython3.10.so
[2.492s] -- Found PythonExtra: .so  
[2.582s] -- Added test 'lint_cmake' to check CMake code style
[2.582s] -- Added test 'xmllint' to check XML markup files
[2.588s] -- Configuring done
[2.633s] -- Generating done
[2.634s] -- Build files have been written to: /home/me597/me597/Lab1/ws1/build/task_2_interfaces
[2.648s] Invoked command in '/home/me597/me597/Lab1/ws1/build/task_2_interfaces' returned '0': CMAKE_PREFIX_PATH=${CMAKE_PREFIX_PATH}:/home/me597/me597/Lab1/ws1/install/task2:/home/me597/me597/Lab1/ws1/install/task1:/home/me597/ece569-fall2025/Lab1/ws1/install/mypubsub:/opt/ros/humble /usr/bin/cmake /home/me597/me597/Lab1/ws1/src/task_2_interfaces -DAMENT_CMAKE_SYMLINK_INSTALL=1 -DCMAKE_INSTALL_PREFIX=/home/me597/me597/Lab1/ws1/install/task_2_interfaces
[2.649s] Invoking command in '/home/me597/me597/Lab1/ws1/build/task_2_interfaces': CMAKE_PREFIX_PATH=${CMAKE_PREFIX_PATH}:/home/me597/me597/Lab1/ws1/install/task2:/home/me597/me597/Lab1/ws1/install/task1:/home/me597/ece569-fall2025/Lab1/ws1/install/mypubsub:/opt/ros/humble /usr/bin/cmake --build /home/me597/me597/Lab1/ws1/build/task_2_interfaces -- -j4 -l4
[2.755s] [  2%] [34m[1mGenerating C code for ROS interfaces[0m
[2.781s] [  5%] [34m[1mGenerating C++ code for ROS interfaces[0m
[2.813s] [  5%] Built target ament_cmake_python_symlink_task_2_interfaces
[3.249s] running egg_info
[3.251s] creating task_2_interfaces.egg-info
[3.254s] writing task_2_interfaces.egg-info/PKG-INFO
[3.254s] writing dependency_links to task_2_interfaces.egg-info/dependency_links.txt
[3.254s] writing top-level names to task_2_interfaces.egg-info/top_level.txt
[3.254s] writing manifest file 'task_2_interfaces.egg-info/SOURCES.txt'
[3.258s] reading manifest file 'task_2_interfaces.egg-info/SOURCES.txt'
[3.259s] writing manifest file 'task_2_interfaces.egg-info/SOURCES.txt'
[3.303s] [  5%] Built target ament_cmake_python_build_task_2_interfaces_egg
[3.447s] [  7%] [32mBuilding C object CMakeFiles/task_2_interfaces__rosidl_generator_c.dir/rosidl_generator_c/task_2_interfaces/msg/detail/joint_data__functions.c.o[0m
[3.492s] [ 10%] [32mBuilding C object CMakeFiles/task_2_interfaces__rosidl_generator_c.dir/rosidl_generator_c/task_2_interfaces/srv/detail/joint_state__functions.c.o[0m
[3.500s] [ 10%] Built target task_2_interfaces__cpp
[3.533s] [ 12%] [34m[1mGenerating C++ type support for eProsima Fast-RTPS[0m
[3.539s] [ 15%] [34m[1mGenerating C++ type support dispatch for ROS interfaces[0m
[3.644s] [ 17%] [34m[1mGenerating C++ introspection for ROS interfaces[0m
[3.654s] [ 20%] [32m[1mLinking C shared library libtask_2_interfaces__rosidl_generator_c.so[0m
[3.798s] [ 20%] Built target task_2_interfaces__rosidl_generator_c
[3.826s] [ 23%] [34m[1mGenerating C type support for eProsima Fast-RTPS[0m
[4.137s] [ 25%] [32mBuilding CXX object CMakeFiles/task_2_interfaces__rosidl_typesupport_cpp.dir/rosidl_typesupport_cpp/task_2_interfaces/msg/joint_data__type_support.cpp.o[0m
[4.354s] [ 28%] [32mBuilding CXX object CMakeFiles/task_2_interfaces__rosidl_typesupport_fastrtps_cpp.dir/rosidl_typesupport_fastrtps_cpp/task_2_interfaces/msg/detail/dds_fastrtps/joint_data__type_support.cpp.o[0m
[4.505s] [ 30%] [32mBuilding CXX object CMakeFiles/task_2_interfaces__rosidl_typesupport_introspection_cpp.dir/rosidl_typesupport_introspection_cpp/task_2_interfaces/msg/detail/joint_data__type_support.cpp.o[0m
[4.729s] [ 33%] [32mBuilding CXX object CMakeFiles/task_2_interfaces__rosidl_typesupport_fastrtps_c.dir/rosidl_typesupport_fastrtps_c/task_2_interfaces/msg/detail/joint_data__type_support_c.cpp.o[0m
[5.032s] [ 35%] [32mBuilding CXX object CMakeFiles/task_2_interfaces__rosidl_typesupport_cpp.dir/rosidl_typesupport_cpp/task_2_interfaces/srv/joint_state__type_support.cpp.o[0m
[5.584s] [ 38%] [32mBuilding CXX object CMakeFiles/task_2_interfaces__rosidl_typesupport_fastrtps_cpp.dir/rosidl_typesupport_fastrtps_cpp/task_2_interfaces/srv/detail/dds_fastrtps/joint_state__type_support.cpp.o[0m
[5.842s] [ 41%] [32m[1mLinking CXX shared library libtask_2_interfaces__rosidl_typesupport_cpp.so[0m
[5.875s] [ 43%] [32mBuilding CXX object CMakeFiles/task_2_interfaces__rosidl_typesupport_introspection_cpp.dir/rosidl_typesupport_introspection_cpp/task_2_interfaces/srv/detail/joint_state__type_support.cpp.o[0m
[5.990s] [ 43%] Built target task_2_interfaces__rosidl_typesupport_cpp
[5.997s] [ 46%] [32mBuilding CXX object CMakeFiles/task_2_interfaces__rosidl_typesupport_fastrtps_c.dir/rosidl_typesupport_fastrtps_c/task_2_interfaces/srv/detail/joint_state__type_support_c.cpp.o[0m
[6.027s] [ 48%] [34m[1mGenerating C introspection for ROS interfaces[0m
[6.700s] [ 51%] [32m[1mLinking CXX shared library libtask_2_interfaces__rosidl_typesupport_fastrtps_cpp.so[0m
[6.747s] [ 53%] [32mBuilding C object CMakeFiles/task_2_interfaces__rosidl_typesupport_introspection_c.dir/rosidl_typesupport_introspection_c/task_2_interfaces/msg/detail/joint_data__type_support.c.o[0m
[6.857s] [ 56%] [32mBuilding C object CMakeFiles/task_2_interfaces__rosidl_typesupport_introspection_c.dir/rosidl_typesupport_introspection_c/task_2_interfaces/srv/detail/joint_state__type_support.c.o[0m
[6.859s] [ 58%] [32m[1mLinking CXX shared library libtask_2_interfaces__rosidl_typesupport_introspection_cpp.so[0m
[6.957s] [ 58%] Built target task_2_interfaces__rosidl_typesupport_fastrtps_cpp
[6.987s] [ 61%] [32m[1mLinking C shared library libtask_2_interfaces__rosidl_typesupport_introspection_c.so[0m
[6.989s] [ 64%] [34m[1mGenerating C type support dispatch for ROS interfaces[0m
[7.031s] [ 64%] Built target task_2_interfaces__rosidl_typesupport_introspection_cpp
[7.045s] [ 66%] [32m[1mLinking CXX shared library libtask_2_interfaces__rosidl_typesupport_fastrtps_c.so[0m
[7.090s] [ 66%] Built target task_2_interfaces__rosidl_typesupport_introspection_c
[7.258s] [ 66%] Built target task_2_interfaces__rosidl_typesupport_fastrtps_c
[7.497s] [ 69%] [32mBuilding CXX object CMakeFiles/task_2_interfaces__rosidl_typesupport_c.dir/rosidl_typesupport_c/task_2_interfaces/msg/joint_data__type_support.cpp.o[0m
[7.498s] [ 71%] [32mBuilding CXX object CMakeFiles/task_2_interfaces__rosidl_typesupport_c.dir/rosidl_typesupport_c/task_2_interfaces/srv/joint_state__type_support.cpp.o[0m
[7.559s] [ 74%] [32m[1mLinking CXX shared library libtask_2_interfaces__rosidl_typesupport_c.so[0m
[7.658s] [ 74%] Built target task_2_interfaces__rosidl_typesupport_c
[7.708s] [ 74%] Built target task_2_interfaces
[7.749s] [ 76%] [34m[1mGenerating Python code for ROS interfaces[0m
[8.231s] [ 76%] Built target task_2_interfaces__py
[8.256s] [ 79%] [32mBuilding C object CMakeFiles/task_2_interfaces__rosidl_generator_py.dir/rosidl_generator_py/task_2_interfaces/msg/_joint_data_s.c.o[0m
[8.257s] [ 82%] [32mBuilding C object CMakeFiles/task_2_interfaces__rosidl_generator_py.dir/rosidl_generator_py/task_2_interfaces/srv/_joint_state_s.c.o[0m
[8.447s] [ 84%] [32m[1mLinking C shared library rosidl_generator_py/task_2_interfaces/libtask_2_interfaces__rosidl_generator_py.so[0m
[8.499s] [ 84%] Built target task_2_interfaces__rosidl_generator_py
[8.532s] [ 87%] [32mBuilding C object CMakeFiles/task_2_interfaces__rosidl_typesupport_c__pyext.dir/rosidl_generator_py/task_2_interfaces/_task_2_interfaces_s.ep.rosidl_typesupport_c.c.o[0m
[8.533s] [ 89%] [32mBuilding C object CMakeFiles/task_2_interfaces__rosidl_typesupport_fastrtps_c__pyext.dir/rosidl_generator_py/task_2_interfaces/_task_2_interfaces_s.ep.rosidl_typesupport_fastrtps_c.c.o[0m
[8.539s] [ 92%] [32mBuilding C object CMakeFiles/task_2_interfaces__rosidl_typesupport_introspection_c__pyext.dir/rosidl_generator_py/task_2_interfaces/_task_2_interfaces_s.ep.rosidl_typesupport_introspection_c.c.o[0m
[8.654s] [ 94%] [32m[1mLinking C shared library rosidl_generator_py/task_2_interfaces/task_2_interfaces_s__rosidl_typesupport_c.cpython-310-x86_64-linux-gnu.so[0m
[8.657s] [ 97%] [32m[1mLinking C shared library rosidl_generator_py/task_2_interfaces/task_2_interfaces_s__rosidl_typesupport_fastrtps_c.cpython-310-x86_64-linux-gnu.so[0m
[8.672s] [100%] [32m[1mLinking C shared library rosidl_generator_py/task_2_interfaces/task_2_interfaces_s__rosidl_typesupport_introspection_c.cpython-310-x86_64-linux-gnu.so[0m
[8.707s] [100%] Built target task_2_interfaces__rosidl_typesupport_fastrtps_c__pyext
[8.707s] [100%] Built target task_2_interfaces__rosidl_typesupport_c__pyext
[8.730s] [100%] Built target task_2_interfaces__rosidl_typesupport_introspection_c__pyext
[8.746s] Invoked command in '/home/me597/me597/Lab1/ws1/build/task_2_interfaces' returned '0': CMAKE_PREFIX_PATH=${CMAKE_PREFIX_PATH}:/home/me597/me597/Lab1/ws1/install/task2:/home/me597/me597/Lab1/ws1/install/task1:/home/me597/ece569-fall2025/Lab1/ws1/install/mypubsub:/opt/ros/humble /usr/bin/cmake --build /home/me597/me597/Lab1/ws1/build/task_2_interfaces -- -j4 -l4
[8.916s] Invoking command in '/home/me597/me597/Lab1/ws1/build/task_2_interfaces': CMAKE_PREFIX_PATH=${CMAKE_PREFIX_PATH}:/home/me597/me597/Lab1/ws1/install/task2:/home/me597/me597/Lab1/ws1/install/task1:/home/me597/ece569-fall2025/Lab1/ws1/install/mypubsub:/opt/ros/humble /usr/bin/cmake --install /home/me597/me597/Lab1/ws1/build/task_2_interfaces
[8.926s] -- Install configuration: ""
[8.926s] -- Execute custom install script
[8.927s] -- Symlinking: /home/me597/me597/Lab1/ws1/install/task_2_interfaces/share/ament_index/resource_index/rosidl_interfaces/task_2_interfaces
[8.939s] -- Symlinking: /home/me597/me597/Lab1/ws1/install/task_2_interfaces/include/task_2_interfaces/task_2_interfaces/msg/detail/joint_data__functions.h
[8.951s] -- Symlinking: /home/me597/me597/Lab1/ws1/install/task_2_interfaces/include/task_2_interfaces/task_2_interfaces/msg/detail/joint_data__struct.h
[8.964s] -- Symlinking: /home/me597/me597/Lab1/ws1/install/task_2_interfaces/include/task_2_interfaces/task_2_interfaces/msg/detail/joint_data__type_support.h
[8.975s] -- Symlinking: /home/me597/me597/Lab1/ws1/install/task_2_interfaces/include/task_2_interfaces/task_2_interfaces/msg/joint_data.h
[8.986s] -- Symlinking: /home/me597/me597/Lab1/ws1/install/task_2_interfaces/include/task_2_interfaces/task_2_interfaces/msg/rosidl_generator_c__visibility_control.h
[8.997s] -- Symlinking: /home/me597/me597/Lab1/ws1/install/task_2_interfaces/include/task_2_interfaces/task_2_interfaces/srv/detail/joint_state__functions.h
[9.009s] -- Symlinking: /home/me597/me597/Lab1/ws1/install/task_2_interfaces/include/task_2_interfaces/task_2_interfaces/srv/detail/joint_state__struct.h
[9.021s] -- Symlinking: /home/me597/me597/Lab1/ws1/install/task_2_interfaces/include/task_2_interfaces/task_2_interfaces/srv/detail/joint_state__type_support.h
[9.033s] -- Symlinking: /home/me597/me597/Lab1/ws1/install/task_2_interfaces/include/task_2_interfaces/task_2_interfaces/srv/joint_state.h
[9.045s] -- Symlinking: /home/me597/me597/Lab1/ws1/install/task_2_interfaces/share/task_2_interfaces/environment/library_path.sh
[9.058s] -- Symlinking: /home/me597/me597/Lab1/ws1/install/task_2_interfaces/share/task_2_interfaces/environment/library_path.dsv
[9.067s] -- Symlinking: /home/me597/me597/Lab1/ws1/install/task_2_interfaces/include/task_2_interfaces/task_2_interfaces/msg/detail/joint_data__rosidl_typesupport_fastrtps_c.h
[9.077s] -- Symlinking: /home/me597/me597/Lab1/ws1/install/task_2_interfaces/include/task_2_interfaces/task_2_interfaces/msg/rosidl_typesupport_fastrtps_c__visibility_control.h
[9.087s] -- Symlinking: /home/me597/me597/Lab1/ws1/install/task_2_interfaces/include/task_2_interfaces/task_2_interfaces/srv/detail/joint_state__rosidl_typesupport_fastrtps_c.h
[9.102s] -- Symlinking: /home/me597/me597/Lab1/ws1/install/task_2_interfaces/include/task_2_interfaces/task_2_interfaces/msg/detail/joint_data__builder.hpp
[9.108s] -- Symlinking: /home/me597/me597/Lab1/ws1/install/task_2_interfaces/include/task_2_interfaces/task_2_interfaces/msg/detail/joint_data__struct.hpp
[9.120s] -- Symlinking: /home/me597/me597/Lab1/ws1/install/task_2_interfaces/include/task_2_interfaces/task_2_interfaces/msg/detail/joint_data__traits.hpp
[9.131s] -- Symlinking: /home/me597/me597/Lab1/ws1/install/task_2_interfaces/include/task_2_interfaces/task_2_interfaces/msg/joint_data.hpp
[9.144s] -- Symlinking: /home/me597/me597/Lab1/ws1/install/task_2_interfaces/include/task_2_interfaces/task_2_interfaces/srv/detail/joint_state__builder.hpp
[9.152s] -- Symlinking: /home/me597/me597/Lab1/ws1/install/task_2_interfaces/include/task_2_interfaces/task_2_interfaces/srv/detail/joint_state__struct.hpp
[9.165s] -- Symlinking: /home/me597/me597/Lab1/ws1/install/task_2_interfaces/include/task_2_interfaces/task_2_interfaces/srv/detail/joint_state__traits.hpp
[9.176s] -- Symlinking: /home/me597/me597/Lab1/ws1/install/task_2_interfaces/include/task_2_interfaces/task_2_interfaces/srv/joint_state.hpp
[9.188s] -- Symlinking: /home/me597/me597/Lab1/ws1/install/task_2_interfaces/include/task_2_interfaces/task_2_interfaces/msg/detail/joint_data__rosidl_typesupport_fastrtps_cpp.hpp
[9.198s] -- Symlinking: /home/me597/me597/Lab1/ws1/install/task_2_interfaces/include/task_2_interfaces/task_2_interfaces/msg/rosidl_typesupport_fastrtps_cpp__visibility_control.h
[9.211s] -- Symlinking: /home/me597/me597/Lab1/ws1/install/task_2_interfaces/include/task_2_interfaces/task_2_interfaces/srv/detail/joint_state__rosidl_typesupport_fastrtps_cpp.hpp
[9.224s] -- Symlinking: /home/me597/me597/Lab1/ws1/install/task_2_interfaces/include/task_2_interfaces/task_2_interfaces/msg/detail/joint_data__rosidl_typesupport_introspection_c.h
[9.242s] -- Symlinking: /home/me597/me597/Lab1/ws1/install/task_2_interfaces/include/task_2_interfaces/task_2_interfaces/msg/rosidl_typesupport_introspection_c__visibility_control.h
[9.254s] -- Symlinking: /home/me597/me597/Lab1/ws1/install/task_2_interfaces/include/task_2_interfaces/task_2_interfaces/srv/detail/joint_state__rosidl_typesupport_introspection_c.h
[9.266s] -- Symlinking: /home/me597/me597/Lab1/ws1/install/task_2_interfaces/include/task_2_interfaces/task_2_interfaces/msg/detail/joint_data__rosidl_typesupport_introspection_cpp.hpp
[9.278s] -- Symlinking: /home/me597/me597/Lab1/ws1/install/task_2_interfaces/include/task_2_interfaces/task_2_interfaces/srv/detail/joint_state__rosidl_typesupport_introspection_cpp.hpp
[9.291s] -- Symlinking: /home/me597/me597/Lab1/ws1/install/task_2_interfaces/share/task_2_interfaces/environment/pythonpath.sh
[9.306s] -- Symlinking: /home/me597/me597/Lab1/ws1/install/task_2_interfaces/share/task_2_interfaces/environment/pythonpath.dsv
[9.319s] -- Symlinking: /home/me597/me597/Lab1/ws1/install/task_2_interfaces/local/lib/python3.10/dist-packages/task_2_interfaces-0.0.0-py3.10.egg-info/PKG-INFO
[9.330s] -- Symlinking: /home/me597/me597/Lab1/ws1/install/task_2_interfaces/local/lib/python3.10/dist-packages/task_2_interfaces-0.0.0-py3.10.egg-info/SOURCES.txt
[9.341s] -- Symlinking: /home/me597/me597/Lab1/ws1/install/task_2_interfaces/local/lib/python3.10/dist-packages/task_2_interfaces-0.0.0-py3.10.egg-info/dependency_links.txt
[9.350s] -- Symlinking: /home/me597/me597/Lab1/ws1/install/task_2_interfaces/local/lib/python3.10/dist-packages/task_2_interfaces-0.0.0-py3.10.egg-info/top_level.txt
[9.361s] -- Symlinking: /home/me597/me597/Lab1/ws1/install/task_2_interfaces/local/lib/python3.10/dist-packages/task_2_interfaces/__init__.py
[9.370s] -- Symlinking: /home/me597/me597/Lab1/ws1/install/task_2_interfaces/local/lib/python3.10/dist-packages/task_2_interfaces/_task_2_interfaces_s.ep.rosidl_typesupport_c.c
[9.381s] -- Symlinking: /home/me597/me597/Lab1/ws1/install/task_2_interfaces/local/lib/python3.10/dist-packages/task_2_interfaces/_task_2_interfaces_s.ep.rosidl_typesupport_fastrtps_c.c
[9.391s] -- Symlinking: /home/me597/me597/Lab1/ws1/install/task_2_interfaces/local/lib/python3.10/dist-packages/task_2_interfaces/_task_2_interfaces_s.ep.rosidl_typesupport_introspection_c.c
[9.401s] -- Symlinking: /home/me597/me597/Lab1/ws1/install/task_2_interfaces/local/lib/python3.10/dist-packages/task_2_interfaces/libtask_2_interfaces__rosidl_generator_py.so
[9.413s] -- Symlinking: /home/me597/me597/Lab1/ws1/install/task_2_interfaces/local/lib/python3.10/dist-packages/task_2_interfaces/msg/__init__.py
[9.422s] -- Symlinking: /home/me597/me597/Lab1/ws1/install/task_2_interfaces/local/lib/python3.10/dist-packages/task_2_interfaces/msg/_joint_data.py
[9.432s] -- Symlinking: /home/me597/me597/Lab1/ws1/install/task_2_interfaces/local/lib/python3.10/dist-packages/task_2_interfaces/msg/_joint_data_s.c
[9.442s] -- Symlinking: /home/me597/me597/Lab1/ws1/install/task_2_interfaces/local/lib/python3.10/dist-packages/task_2_interfaces/srv/__init__.py
[9.453s] -- Symlinking: /home/me597/me597/Lab1/ws1/install/task_2_interfaces/local/lib/python3.10/dist-packages/task_2_interfaces/srv/_joint_state.py
[9.462s] -- Symlinking: /home/me597/me597/Lab1/ws1/install/task_2_interfaces/local/lib/python3.10/dist-packages/task_2_interfaces/srv/_joint_state_s.c
[9.471s] -- Symlinking: /home/me597/me597/Lab1/ws1/install/task_2_interfaces/local/lib/python3.10/dist-packages/task_2_interfaces/task_2_interfaces_s__rosidl_typesupport_c.cpython-310-x86_64-linux-gnu.so
[9.483s] -- Symlinking: /home/me597/me597/Lab1/ws1/install/task_2_interfaces/local/lib/python3.10/dist-packages/task_2_interfaces/task_2_interfaces_s__rosidl_typesupport_fastrtps_c.cpython-310-x86_64-linux-gnu.so
[9.493s] -- Symlinking: /home/me597/me597/Lab1/ws1/install/task_2_interfaces/local/lib/python3.10/dist-packages/task_2_interfaces/task_2_interfaces_s__rosidl_typesupport_introspection_c.cpython-310-x86_64-linux-gnu.so
[9.503s] -- Up-to-date symlink: /home/me597/me597/Lab1/ws1/install/task_2_interfaces/local/lib/python3.10/dist-packages/task_2_interfaces/task_2_interfaces_s__rosidl_typesupport_fastrtps_c.cpython-310-x86_64-linux-gnu.so
[9.503s] -- Up-to-date symlink: /home/me597/me597/Lab1/ws1/install/task_2_interfaces/local/lib/python3.10/dist-packages/task_2_interfaces/task_2_interfaces_s__rosidl_typesupport_introspection_c.cpython-310-x86_64-linux-gnu.so
[9.503s] -- Up-to-date symlink: /home/me597/me597/Lab1/ws1/install/task_2_interfaces/local/lib/python3.10/dist-packages/task_2_interfaces/task_2_interfaces_s__rosidl_typesupport_c.cpython-310-x86_64-linux-gnu.so
[9.503s] -- Symlinking: /home/me597/me597/Lab1/ws1/install/task_2_interfaces/share/task_2_interfaces/msg/JointData.idl
[9.514s] -- Symlinking: /home/me597/me597/Lab1/ws1/install/task_2_interfaces/share/task_2_interfaces/srv/JointState.idl
[9.526s] -- Symlinking: /home/me597/me597/Lab1/ws1/install/task_2_interfaces/share/task_2_interfaces/msg/JointData.msg
[9.538s] -- Symlinking: /home/me597/me597/Lab1/ws1/install/task_2_interfaces/share/task_2_interfaces/srv/JointState.srv
[9.548s] -- Symlinking: /home/me597/me597/Lab1/ws1/install/task_2_interfaces/share/task_2_interfaces/srv/JointState_Request.msg
[9.558s] -- Symlinking: /home/me597/me597/Lab1/ws1/install/task_2_interfaces/share/task_2_interfaces/srv/JointState_Response.msg
[9.568s] -- Symlinking: /home/me597/me597/Lab1/ws1/install/task_2_interfaces/share/ament_index/resource_index/package_run_dependencies/task_2_interfaces
[9.578s] -- Symlinking: /home/me597/me597/Lab1/ws1/install/task_2_interfaces/share/ament_index/resource_index/parent_prefix_path/task_2_interfaces
[9.588s] -- Symlinking: /home/me597/me597/Lab1/ws1/install/task_2_interfaces/share/task_2_interfaces/environment/ament_prefix_path.sh
[9.597s] -- Symlinking: /home/me597/me597/Lab1/ws1/install/task_2_interfaces/share/task_2_interfaces/environment/ament_prefix_path.dsv
[9.608s] -- Symlinking: /home/me597/me597/Lab1/ws1/install/task_2_interfaces/share/task_2_interfaces/environment/path.sh
[9.618s] -- Symlinking: /home/me597/me597/Lab1/ws1/install/task_2_interfaces/share/task_2_interfaces/environment/path.dsv
[9.629s] -- Symlinking: /home/me597/me597/Lab1/ws1/install/task_2_interfaces/share/task_2_interfaces/local_setup.bash
[9.641s] -- Symlinking: /home/me597/me597/Lab1/ws1/install/task_2_interfaces/share/task_2_interfaces/local_setup.sh
[9.653s] -- Symlinking: /home/me597/me597/Lab1/ws1/install/task_2_interfaces/share/task_2_interfaces/local_setup.zsh
[9.662s] -- Symlinking: /home/me597/me597/Lab1/ws1/install/task_2_interfaces/share/task_2_interfaces/local_setup.dsv
[9.672s] -- Symlinking: /home/me597/me597/Lab1/ws1/install/task_2_interfaces/share/task_2_interfaces/package.dsv
[9.681s] -- Symlinking: /home/me597/me597/Lab1/ws1/install/task_2_interfaces/share/ament_index/resource_index/packages/task_2_interfaces
[9.691s] -- Symlinking: /home/me597/me597/Lab1/ws1/install/task_2_interfaces/share/task_2_interfaces/cmake/rosidl_cmake-extras.cmake
[9.703s] -- Symlinking: /home/me597/me597/Lab1/ws1/install/task_2_interfaces/share/task_2_interfaces/cmake/ament_cmake_export_dependencies-extras.cmake
[9.715s] -- Symlinking: /home/me597/me597/Lab1/ws1/install/task_2_interfaces/share/task_2_interfaces/cmake/ament_cmake_export_include_directories-extras.cmake
[9.729s] -- Symlinking: /home/me597/me597/Lab1/ws1/install/task_2_interfaces/share/task_2_interfaces/cmake/ament_cmake_export_libraries-extras.cmake
[9.742s] -- Symlinking: /home/me597/me597/Lab1/ws1/install/task_2_interfaces/share/task_2_interfaces/cmake/ament_cmake_export_targets-extras.cmake
[9.756s] -- Symlinking: /home/me597/me597/Lab1/ws1/install/task_2_interfaces/share/task_2_interfaces/cmake/rosidl_cmake_export_typesupport_targets-extras.cmake
[9.773s] -- Symlinking: /home/me597/me597/Lab1/ws1/install/task_2_interfaces/share/task_2_interfaces/cmake/rosidl_cmake_export_typesupport_libraries-extras.cmake
[9.788s] -- Symlinking: /home/me597/me597/Lab1/ws1/install/task_2_interfaces/share/task_2_interfaces/cmake/task_2_interfacesConfig.cmake
[9.801s] -- Symlinking: /home/me597/me597/Lab1/ws1/install/task_2_interfaces/share/task_2_interfaces/cmake/task_2_interfacesConfig-version.cmake
[9.818s] -- Symlinking: /home/me597/me597/Lab1/ws1/install/task_2_interfaces/share/task_2_interfaces/package.xml
[9.836s] -- Installing: /home/me597/me597/Lab1/ws1/install/task_2_interfaces/lib/libtask_2_interfaces__rosidl_generator_c.so
[9.836s] -- Set runtime path of "/home/me597/me597/Lab1/ws1/install/task_2_interfaces/lib/libtask_2_interfaces__rosidl_generator_c.so" to ""
[9.837s] -- Installing: /home/me597/me597/Lab1/ws1/install/task_2_interfaces/lib/libtask_2_interfaces__rosidl_typesupport_fastrtps_c.so
[9.841s] -- Set runtime path of "/home/me597/me597/Lab1/ws1/install/task_2_interfaces/lib/libtask_2_interfaces__rosidl_typesupport_fastrtps_c.so" to ""
[9.841s] -- Installing: /home/me597/me597/Lab1/ws1/install/task_2_interfaces/lib/libtask_2_interfaces__rosidl_typesupport_fastrtps_cpp.so
[9.841s] -- Set runtime path of "/home/me597/me597/Lab1/ws1/install/task_2_interfaces/lib/libtask_2_interfaces__rosidl_typesupport_fastrtps_cpp.so" to ""
[9.841s] -- Installing: /home/me597/me597/Lab1/ws1/install/task_2_interfaces/lib/libtask_2_interfaces__rosidl_typesupport_introspection_c.so
[9.841s] -- Set runtime path of "/home/me597/me597/Lab1/ws1/install/task_2_interfaces/lib/libtask_2_interfaces__rosidl_typesupport_introspection_c.so" to ""
[9.841s] -- Installing: /home/me597/me597/Lab1/ws1/install/task_2_interfaces/lib/libtask_2_interfaces__rosidl_typesupport_c.so
[9.842s] -- Set runtime path of "/home/me597/me597/Lab1/ws1/install/task_2_interfaces/lib/libtask_2_interfaces__rosidl_typesupport_c.so" to ""
[9.842s] -- Installing: /home/me597/me597/Lab1/ws1/install/task_2_interfaces/lib/libtask_2_interfaces__rosidl_typesupport_introspection_cpp.so
[9.843s] -- Set runtime path of "/home/me597/me597/Lab1/ws1/install/task_2_interfaces/lib/libtask_2_interfaces__rosidl_typesupport_introspection_cpp.so" to ""
[9.844s] -- Installing: /home/me597/me597/Lab1/ws1/install/task_2_interfaces/lib/libtask_2_interfaces__rosidl_typesupport_cpp.so
[9.844s] -- Set runtime path of "/home/me597/me597/Lab1/ws1/install/task_2_interfaces/lib/libtask_2_interfaces__rosidl_typesupport_cpp.so" to ""
[9.895s] Listing '/home/me597/me597/Lab1/ws1/install/task_2_interfaces/local/lib/python3.10/dist-packages/task_2_interfaces'...
[9.895s] Compiling '/home/me597/me597/Lab1/ws1/install/task_2_interfaces/local/lib/python3.10/dist-packages/task_2_interfaces/__init__.py'...
[9.895s] Listing '/home/me597/me597/Lab1/ws1/install/task_2_interfaces/local/lib/python3.10/dist-packages/task_2_interfaces/msg'...
[9.896s] Compiling '/home/me597/me597/Lab1/ws1/install/task_2_interfaces/local/lib/python3.10/dist-packages/task_2_interfaces/msg/__init__.py'...
[9.896s] Compiling '/home/me597/me597/Lab1/ws1/install/task_2_interfaces/local/lib/python3.10/dist-packages/task_2_interfaces/msg/_joint_data.py'...
[9.896s] Listing '/home/me597/me597/Lab1/ws1/install/task_2_interfaces/local/lib/python3.10/dist-packages/task_2_interfaces/srv'...
[9.896s] Compiling '/home/me597/me597/Lab1/ws1/install/task_2_interfaces/local/lib/python3.10/dist-packages/task_2_interfaces/srv/__init__.py'...
[9.896s] Compiling '/home/me597/me597/Lab1/ws1/install/task_2_interfaces/local/lib/python3.10/dist-packages/task_2_interfaces/srv/_joint_state.py'...
[9.900s] -- Installing: /home/me597/me597/Lab1/ws1/install/task_2_interfaces/lib/libtask_2_interfaces__rosidl_generator_py.so
[9.901s] -- Set runtime path of "/home/me597/me597/Lab1/ws1/install/task_2_interfaces/lib/libtask_2_interfaces__rosidl_generator_py.so" to ""
[9.901s] -- Installing: /home/me597/me597/Lab1/ws1/install/task_2_interfaces/share/task_2_interfaces/cmake/export_task_2_interfaces__rosidl_generator_cExport.cmake
[9.902s] -- Installing: /home/me597/me597/Lab1/ws1/install/task_2_interfaces/share/task_2_interfaces/cmake/export_task_2_interfaces__rosidl_generator_cExport-noconfig.cmake
[9.902s] -- Installing: /home/me597/me597/Lab1/ws1/install/task_2_interfaces/share/task_2_interfaces/cmake/export_task_2_interfaces__rosidl_typesupport_fastrtps_cExport.cmake
[9.903s] -- Installing: /home/me597/me597/Lab1/ws1/install/task_2_interfaces/share/task_2_interfaces/cmake/export_task_2_interfaces__rosidl_typesupport_fastrtps_cExport-noconfig.cmake
[9.903s] -- Installing: /home/me597/me597/Lab1/ws1/install/task_2_interfaces/share/task_2_interfaces/cmake/export_task_2_interfaces__rosidl_generator_cppExport.cmake
[9.904s] -- Installing: /home/me597/me597/Lab1/ws1/install/task_2_interfaces/share/task_2_interfaces/cmake/export_task_2_interfaces__rosidl_typesupport_fastrtps_cppExport.cmake
[9.904s] -- Installing: /home/me597/me597/Lab1/ws1/install/task_2_interfaces/share/task_2_interfaces/cmake/export_task_2_interfaces__rosidl_typesupport_fastrtps_cppExport-noconfig.cmake
[9.905s] -- Installing: /home/me597/me597/Lab1/ws1/install/task_2_interfaces/share/task_2_interfaces/cmake/task_2_interfaces__rosidl_typesupport_introspection_cExport.cmake
[9.906s] -- Installing: /home/me597/me597/Lab1/ws1/install/task_2_interfaces/share/task_2_interfaces/cmake/task_2_interfaces__rosidl_typesupport_introspection_cExport-noconfig.cmake
[9.906s] -- Installing: /home/me597/me597/Lab1/ws1/install/task_2_interfaces/share/task_2_interfaces/cmake/task_2_interfaces__rosidl_typesupport_cExport.cmake
[9.906s] -- Installing: /home/me597/me597/Lab1/ws1/install/task_2_interfaces/share/task_2_interfaces/cmake/task_2_interfaces__rosidl_typesupport_cExport-noconfig.cmake
[9.906s] -- Installing: /home/me597/me597/Lab1/ws1/install/task_2_interfaces/share/task_2_interfaces/cmake/task_2_interfaces__rosidl_typesupport_introspection_cppExport.cmake
[9.906s] -- Installing: /home/me597/me597/Lab1/ws1/install/task_2_interfaces/share/task_2_interfaces/cmake/task_2_interfaces__rosidl_typesupport_introspection_cppExport-noconfig.cmake
[9.906s] -- Installing: /home/me597/me597/Lab1/ws1/install/task_2_interfaces/share/task_2_interfaces/cmake/task_2_interfaces__rosidl_typesupport_cppExport.cmake
[9.910s] -- Installing: /home/me597/me597/Lab1/ws1/install/task_2_interfaces/share/task_2_interfaces/cmake/task_2_interfaces__rosidl_typesupport_cppExport-noconfig.cmake
[9.910s] -- Installing: /home/me597/me597/Lab1/ws1/install/task_2_interfaces/share/task_2_interfaces/cmake/export_task_2_interfaces__rosidl_generator_pyExport.cmake
[9.910s] -- Installing: /home/me597/me597/Lab1/ws1/install/task_2_interfaces/share/task_2_interfaces/cmake/export_task_2_interfaces__rosidl_generator_pyExport-noconfig.cmake
[9.910s] Invoked command in '/home/me597/me597/Lab1/ws1/build/task_2_interfaces' returned '0': CMAKE_PREFIX_PATH=${CMAKE_PREFIX_PATH}:/home/me597/me597/Lab1/ws1/install/task2:/home/me597/me597/Lab1/ws1/install/task1:/home/me597/ece569-fall2025/Lab1/ws1/install/mypubsub:/opt/ros/humble /usr/bin/cmake --install /home/me597/me597/Lab1/ws1/build/task_2_interfaces
