running egg_info
creating ../build/task_6/task_6.egg-info
writing ../build/task_6/task_6.egg-info/PKG-INFO
writing dependency_links to ../build/task_6/task_6.egg-info/dependency_links.txt
writing requirements to ../build/task_6/task_6.egg-info/requires.txt
writing top-level names to ../build/task_6/task_6.egg-info/top_level.txt
writing manifest file '../build/task_6/task_6.egg-info/SOURCES.txt'
reading manifest file '../build/task_6/task_6.egg-info/SOURCES.txt'
writing manifest file '../build/task_6/task_6.egg-info/SOURCES.txt'
running build
running build_py
creating /home/Gery/ME597_Lab/Lab4/ws1/src/build/task_6/build/lib/task_6
copying task_6/__init__.py -> /home/Gery/ME597_Lab/Lab4/ws1/src/build/task_6/build/lib/task_6
running install
running install_lib
creating /home/Gery/ME597_Lab/Lab4/ws1/src/install/task_6/lib/python3.10/site-packages/task_6
copying /home/Gery/ME597_Lab/Lab4/ws1/src/build/task_6/build/lib/task_6/__init__.py -> /home/Gery/ME597_Lab/Lab4/ws1/src/install/task_6/lib/python3.10/site-packages/task_6
byte-compiling /home/Gery/ME597_Lab/Lab4/ws1/src/install/task_6/lib/python3.10/site-packages/task_6/__init__.py to __init__.cpython-310.pyc
running install_data
creating /home/Gery/ME597_Lab/Lab4/ws1/src/install/task_6/share/ament_index/resource_index/packages
copying resource/task_6 -> /home/Gery/ME597_Lab/Lab4/ws1/src/install/task_6/share/ament_index/resource_index/packages
copying package.xml -> /home/Gery/ME597_Lab/Lab4/ws1/src/install/task_6/share/task_6
running install_egg_info
Copying ../build/task_6/task_6.egg-info to /home/Gery/ME597_Lab/Lab4/ws1/src/install/task_6/lib/python3.10/site-packages/task_6-0.0.0-py3.10.egg-info
running install_scripts
writing list of installed files to '/home/Gery/ME597_Lab/Lab4/ws1/src/build/task_6/install.log'
