[0.634s] Invoking command in '/home/me597/me597/Lab1/ws1/build/task1': PYTHONPATH=/home/me597/me597/Lab1/ws1/build/task1/prefix_override:/usr/lib/python3/dist-packages/colcon_core/task/python/colcon_distutils_commands:/home/me597/me597/Lab1/ws1/install/task1/lib/python3.10/site-packages:${PYTHONPATH} /usr/bin/python3 -W ignore:setup.py install is deprecated setup.py develop --uninstall --editable --build-directory /home/me597/me597/Lab1/ws1/build/task1/build
[0.896s] running develop
[0.897s] /usr/lib/python3/dist-packages/setuptools/command/easy_install.py:158: EasyInstallDeprecationWarning: easy_install command is deprecated. Use build and pip and other standards-based tools.
[0.897s]   warnings.warn(
[1.055s] Removing /home/me597/me597/Lab1/ws1/install/task1/lib/python3.10/site-packages/task1.egg-link (link to .)
[1.080s] Invoked command in '/home/me597/me597/Lab1/ws1/build/task1' returned '0': PYTHONPATH=/home/me597/me597/Lab1/ws1/build/task1/prefix_override:/usr/lib/python3/dist-packages/colcon_core/task/python/colcon_distutils_commands:/home/me597/me597/Lab1/ws1/install/task1/lib/python3.10/site-packages:${PYTHONPATH} /usr/bin/python3 -W ignore:setup.py install is deprecated setup.py develop --uninstall --editable --build-directory /home/me597/me597/Lab1/ws1/build/task1/build
[1.083s] Invoking command in '/home/me597/me597/Lab1/ws1/src/task1': PYTHONPATH=/home/me597/me597/Lab1/ws1/build/task1/prefix_override:/usr/lib/python3/dist-packages/colcon_core/task/python/colcon_distutils_commands:/home/me597/me597/Lab1/ws1/install/task1/lib/python3.10/site-packages:${PYTHONPATH} /usr/bin/python3 -W ignore:setup.py install is deprecated setup.py egg_info --egg-base ../../build/task1 build --build-base /home/me597/me597/Lab1/ws1/build/task1/build install --record /home/me597/me597/Lab1/ws1/build/task1/install.log --single-version-externally-managed install_data --force
[1.315s] running egg_info
[1.315s] writing ../../build/task1/task1.egg-info/PKG-INFO
[1.315s] writing dependency_links to ../../build/task1/task1.egg-info/dependency_links.txt
[1.315s] writing entry points to ../../build/task1/task1.egg-info/entry_points.txt
[1.315s] writing requirements to ../../build/task1/task1.egg-info/requires.txt
[1.315s] writing top-level names to ../../build/task1/task1.egg-info/top_level.txt
[1.317s] reading manifest file '../../build/task1/task1.egg-info/SOURCES.txt'
[1.318s] adding license file 'LICENSE'
[1.318s] writing manifest file '../../build/task1/task1.egg-info/SOURCES.txt'
[1.318s] running build
[1.318s] running build_py
[1.318s] creating /home/me597/me597/Lab1/ws1/build/task1/build
[1.318s] creating /home/me597/me597/Lab1/ws1/build/task1/build/lib
[1.318s] creating /home/me597/me597/Lab1/ws1/build/task1/build/lib/task1
[1.318s] copying task1/publisher.py -> /home/me597/me597/Lab1/ws1/build/task1/build/lib/task1
[1.318s] copying task1/subscriber.py -> /home/me597/me597/Lab1/ws1/build/task1/build/lib/task1
[1.319s] copying task1/__init__.py -> /home/me597/me597/Lab1/ws1/build/task1/build/lib/task1
[1.319s] running install
[1.319s] running install_lib
[1.320s] creating /home/me597/me597/Lab1/ws1/install/task1/lib/python3.10/site-packages/task1
[1.320s] copying /home/me597/me597/Lab1/ws1/build/task1/build/lib/task1/publisher.py -> /home/me597/me597/Lab1/ws1/install/task1/lib/python3.10/site-packages/task1
[1.320s] copying /home/me597/me597/Lab1/ws1/build/task1/build/lib/task1/subscriber.py -> /home/me597/me597/Lab1/ws1/install/task1/lib/python3.10/site-packages/task1
[1.320s] copying /home/me597/me597/Lab1/ws1/build/task1/build/lib/task1/__init__.py -> /home/me597/me597/Lab1/ws1/install/task1/lib/python3.10/site-packages/task1
[1.321s] byte-compiling /home/me597/me597/Lab1/ws1/install/task1/lib/python3.10/site-packages/task1/publisher.py to publisher.cpython-310.pyc
[1.321s] byte-compiling /home/me597/me597/Lab1/ws1/install/task1/lib/python3.10/site-packages/task1/subscriber.py to subscriber.cpython-310.pyc
[1.321s] byte-compiling /home/me597/me597/Lab1/ws1/install/task1/lib/python3.10/site-packages/task1/__init__.py to __init__.cpython-310.pyc
[1.321s] running install_data
[1.322s] copying resource/task1 -> /home/me597/me597/Lab1/ws1/install/task1/share/ament_index/resource_index/packages
[1.322s] copying package.xml -> /home/me597/me597/Lab1/ws1/install/task1/share/task1
[1.322s] copying launch/task1.launch.py -> /home/me597/me597/Lab1/ws1/install/task1/share/task1/launch
[1.322s] running install_egg_info
[1.323s] Copying ../../build/task1/task1.egg-info to /home/me597/me597/Lab1/ws1/install/task1/lib/python3.10/site-packages/task1-0.0.0-py3.10.egg-info
[1.324s] running install_scripts
[1.344s] Installing publisher script to /home/me597/me597/Lab1/ws1/install/task1/lib/task1
[1.344s] Installing subscriber script to /home/me597/me597/Lab1/ws1/install/task1/lib/task1
[1.345s] writing list of installed files to '/home/me597/me597/Lab1/ws1/build/task1/install.log'
[1.375s] Invoked command in '/home/me597/me597/Lab1/ws1/src/task1' returned '0': PYTHONPATH=/home/me597/me597/Lab1/ws1/build/task1/prefix_override:/usr/lib/python3/dist-packages/colcon_core/task/python/colcon_distutils_commands:/home/me597/me597/Lab1/ws1/install/task1/lib/python3.10/site-packages:${PYTHONPATH} /usr/bin/python3 -W ignore:setup.py install is deprecated setup.py egg_info --egg-base ../../build/task1 build --build-base /home/me597/me597/Lab1/ws1/build/task1/build install --record /home/me597/me597/Lab1/ws1/build/task1/install.log --single-version-externally-managed install_data --force
