running develop
running egg_info
creating task_3.egg-info
writing task_3.egg-info/PKG-INFO
writing dependency_links to task_3.egg-info/dependency_links.txt
writing entry points to task_3.egg-info/entry_points.txt
writing requirements to task_3.egg-info/requires.txt
writing top-level names to task_3.egg-info/top_level.txt
writing manifest file 'task_3.egg-info/SOURCES.txt'
reading manifest file 'task_3.egg-info/SOURCES.txt'
writing manifest file 'task_3.egg-info/SOURCES.txt'
running build_ext
Creating /home/me597/me597/Lab2/ws1/install/task_3/lib/python3.10/site-packages/task-3.egg-link (link to .)
Installing pid_speed_controller script to /home/me597/me597/Lab2/ws1/install/task_3/lib/task_3

Installed /home/me597/me597/Lab2/ws1/build/task_3
running symlink_data
creating /home/me597/me597/Lab2/ws1/install/task_3/share/ament_index
creating /home/me597/me597/Lab2/ws1/install/task_3/share/ament_index/resource_index
creating /home/me597/me597/Lab2/ws1/install/task_3/share/ament_index/resource_index/packages
symbolically linking /home/me597/me597/Lab2/ws1/build/task_3/resource/task_3 -> /home/me597/me597/Lab2/ws1/install/task_3/share/ament_index/resource_index/packages
symbolically linking /home/me597/me597/Lab2/ws1/build/task_3/package.xml -> /home/me597/me597/Lab2/ws1/install/task_3/share/task_3
creating /home/me597/me597/Lab2/ws1/install/task_3/share/task_3/launch
symbolically linking /home/me597/me597/Lab2/ws1/build/task_3/launch/pid_control_launch.py -> /home/me597/me597/Lab2/ws1/install/task_3/share/task_3/launch
