[2.533s] Invoking command in '/home/me597/me597/Lab2/ws1/build/task_3': PYTHONPATH=/home/me597/me597/Lab2/ws1/build/task_3/prefix_override:/usr/lib/python3/dist-packages/colcon_core/task/python/colcon_distutils_commands:/home/me597/me597/Lab2/ws1/install/task_3/lib/python3.10/site-packages:${PYTHONPATH} /usr/bin/python3 -W ignore:setup.py install is deprecated setup.py develop --editable --build-directory /home/me597/me597/Lab2/ws1/build/task_3/build --no-deps symlink_data
[3.784s] running develop
[3.788s] /usr/lib/python3/dist-packages/setuptools/command/easy_install.py:158: EasyInstallDeprecationWarning: easy_install command is deprecated. Use build and pip and other standards-based tools.
[3.788s]   warnings.warn(
[4.495s] running egg_info
[4.495s] creating task_3.egg-info
[4.495s] writing task_3.egg-info/PKG-INFO
[4.496s] writing dependency_links to task_3.egg-info/dependency_links.txt
[4.496s] writing entry points to task_3.egg-info/entry_points.txt
[4.496s] writing requirements to task_3.egg-info/requires.txt
[4.496s] writing top-level names to task_3.egg-info/top_level.txt
[4.499s] writing manifest file 'task_3.egg-info/SOURCES.txt'
[4.503s] reading manifest file 'task_3.egg-info/SOURCES.txt'
[4.506s] writing manifest file 'task_3.egg-info/SOURCES.txt'
[4.518s] running build_ext
[4.519s] Creating /home/me597/me597/Lab2/ws1/install/task_3/lib/python3.10/site-packages/task-3.egg-link (link to .)
[4.519s] Installing pid_speed_controller script to /home/me597/me597/Lab2/ws1/install/task_3/lib/task_3
[4.519s] 
[4.519s] Installed /home/me597/me597/Lab2/ws1/build/task_3
[4.519s] running symlink_data
[4.519s] creating /home/me597/me597/Lab2/ws1/install/task_3/share/ament_index
[4.519s] creating /home/me597/me597/Lab2/ws1/install/task_3/share/ament_index/resource_index
[4.519s] creating /home/me597/me597/Lab2/ws1/install/task_3/share/ament_index/resource_index/packages
[4.520s] symbolically linking /home/me597/me597/Lab2/ws1/build/task_3/resource/task_3 -> /home/me597/me597/Lab2/ws1/install/task_3/share/ament_index/resource_index/packages
[4.520s] symbolically linking /home/me597/me597/Lab2/ws1/build/task_3/package.xml -> /home/me597/me597/Lab2/ws1/install/task_3/share/task_3
[4.520s] creating /home/me597/me597/Lab2/ws1/install/task_3/share/task_3/launch
[4.520s] symbolically linking /home/me597/me597/Lab2/ws1/build/task_3/launch/pid_control_launch.py -> /home/me597/me597/Lab2/ws1/install/task_3/share/task_3/launch
[4.663s] Invoked command in '/home/me597/me597/Lab2/ws1/build/task_3' returned '0': PYTHONPATH=/home/me597/me597/Lab2/ws1/build/task_3/prefix_override:/usr/lib/python3/dist-packages/colcon_core/task/python/colcon_distutils_commands:/home/me597/me597/Lab2/ws1/install/task_3/lib/python3.10/site-packages:${PYTHONPATH} /usr/bin/python3 -W ignore:setup.py install is deprecated setup.py develop --editable --build-directory /home/me597/me597/Lab2/ws1/build/task_3/build --no-deps symlink_data
