[0.631s] Invoking command in '/home/me597/me597/Lab1/ws1/build/task1': PYTHONPATH=/home/me597/me597/Lab1/ws1/build/task1/prefix_override:/usr/lib/python3/dist-packages/colcon_core/task/python/colcon_distutils_commands:/home/me597/me597/Lab1/ws1/install/task1/lib/python3.10/site-packages:${PYTHONPATH} /usr/bin/python3 -W ignore:setup.py install is deprecated setup.py develop --editable --build-directory /home/me597/me597/Lab1/ws1/build/task1/build --no-deps symlink_data
[0.909s] running develop
[0.909s] /usr/lib/python3/dist-packages/setuptools/command/easy_install.py:158: EasyInstallDeprecationWarning: easy_install command is deprecated. Use build and pip and other standards-based tools.
[0.909s]   warnings.warn(
[1.073s] running egg_info
[1.074s] creating task1.egg-info
[1.074s] writing task1.egg-info/PKG-INFO
[1.074s] writing dependency_links to task1.egg-info/dependency_links.txt
[1.074s] writing entry points to task1.egg-info/entry_points.txt
[1.074s] writing requirements to task1.egg-info/requires.txt
[1.074s] writing top-level names to task1.egg-info/top_level.txt
[1.074s] writing manifest file 'task1.egg-info/SOURCES.txt'
[1.075s] reading manifest file 'task1.egg-info/SOURCES.txt'
[1.076s] writing manifest file 'task1.egg-info/SOURCES.txt'
[1.077s] running build_ext
[1.077s] Creating /home/me597/me597/Lab1/ws1/install/task1/lib/python3.10/site-packages/task1.egg-link (link to .)
[1.078s] Installing publisher script to /home/me597/me597/Lab1/ws1/install/task1/lib/task1
[1.078s] Installing subscriber script to /home/me597/me597/Lab1/ws1/install/task1/lib/task1
[1.078s] 
[1.078s] Installed /home/me597/me597/Lab1/ws1/build/task1
[1.078s] running symlink_data
[1.078s] creating /home/me597/me597/Lab1/ws1/install/task1/share/ament_index
[1.078s] creating /home/me597/me597/Lab1/ws1/install/task1/share/ament_index/resource_index
[1.078s] creating /home/me597/me597/Lab1/ws1/install/task1/share/ament_index/resource_index/packages
[1.078s] symbolically linking /home/me597/me597/Lab1/ws1/build/task1/resource/task1 -> /home/me597/me597/Lab1/ws1/install/task1/share/ament_index/resource_index/packages
[1.079s] symbolically linking /home/me597/me597/Lab1/ws1/build/task1/package.xml -> /home/me597/me597/Lab1/ws1/install/task1/share/task1
[1.079s] creating /home/me597/me597/Lab1/ws1/install/task1/share/task1/launch
[1.079s] symbolically linking /home/me597/me597/Lab1/ws1/build/task1/launch/task1.launch.py -> /home/me597/me597/Lab1/ws1/install/task1/share/task1/launch
[1.101s] Invoked command in '/home/me597/me597/Lab1/ws1/build/task1' returned '0': PYTHONPATH=/home/me597/me597/Lab1/ws1/build/task1/prefix_override:/usr/lib/python3/dist-packages/colcon_core/task/python/colcon_distutils_commands:/home/me597/me597/Lab1/ws1/install/task1/lib/python3.10/site-packages:${PYTHONPATH} /usr/bin/python3 -W ignore:setup.py install is deprecated setup.py develop --editable --build-directory /home/me597/me597/Lab1/ws1/build/task1/build --no-deps symlink_data
