[0.030s] Invoking command in '/home/me597/me597/Lab1/ws1/build/task_2_interfaces': CMAKE_PREFIX_PATH=${CMAKE_PREFIX_PATH}:/home/me597/me597/Lab1/ws1/install/task2:/home/me597/me597/Lab1/ws1/install/task1:/home/me597/ece569-fall2025/Lab1/ws1/install/mypubsub:/opt/ros/humble /usr/bin/cmake /home/me597/me597/Lab1/ws1/src/task_2_interfaces -DAMENT_CMAKE_SYMLINK_INSTALL=1 -DCMAKE_INSTALL_PREFIX=/home/me597/me597/Lab1/ws1/install/task_2_interfaces
[0.096s] -- The C compiler identification is GNU 11.4.0
[0.169s] -- The CXX compiler identification is GNU 11.4.0
[0.179s] -- Detecting C compiler ABI info
[0.260s] -- Detecting C compiler ABI info - done
[0.267s] -- Check for working C compiler: /usr/bin/cc - skipped
[0.267s] -- Detecting C compile features
[0.268s] -- Detecting C compile features - done
[0.270s] -- Detecting CXX compiler ABI info
[0.409s] -- Detecting CXX compiler ABI info - done
[0.425s] -- Check for working CXX compiler: /usr/bin/c++ - skipped
[0.426s] -- Detecting CXX compile features
[0.428s] -- Detecting CXX compile features - done
[0.430s] -- Found ament_cmake: 1.3.10 (/opt/ros/humble/share/ament_cmake/cmake)
[0.654s] -- Found Python3: /usr/bin/python3 (found version "3.10.12") found components: Interpreter 
[0.720s] -- Override CMake install command with custom implementation using symlinks instead of copying resources
[0.769s] -- Found ament_lint_auto: 0.12.11 (/opt/ros/humble/share/ament_lint_auto/cmake)
[0.858s] -- Found geometry_msgs: 4.2.4 (/opt/ros/humble/share/geometry_msgs/cmake)
[0.917s] -- Found rosidl_generator_c: 3.1.5 (/opt/ros/humble/share/rosidl_generator_c/cmake)
[0.923s] -- Found rosidl_adapter: 3.1.5 (/opt/ros/humble/share/rosidl_adapter/cmake)
[0.937s] -- Found rosidl_generator_cpp: 3.1.5 (/opt/ros/humble/share/rosidl_generator_cpp/cmake)
[0.954s] -- Using all available rosidl_typesupport_c: rosidl_typesupport_fastrtps_c;rosidl_typesupport_introspection_c
[0.979s] -- Using all available rosidl_typesupport_cpp: rosidl_typesupport_fastrtps_cpp;rosidl_typesupport_introspection_cpp
[1.035s] -- Found rosidl_default_generators: 1.2.0 (/opt/ros/humble/share/rosidl_default_generators/cmake)
[1.405s] -- Found ament_cmake_ros: 0.10.0 (/opt/ros/humble/share/ament_cmake_ros/cmake)
[2.028s] -- Using all available rosidl_typesupport_c: rosidl_typesupport_fastrtps_c;rosidl_typesupport_introspection_c
[2.276s] -- Using all available rosidl_typesupport_cpp: rosidl_typesupport_fastrtps_cpp;rosidl_typesupport_introspection_cpp
[2.303s] -- Found PythonInterp: /usr/bin/python3 (found suitable version "3.10.12", minimum required is "3.6") 
[2.304s] -- Found python_cmake_module: 0.10.0 (/opt/ros/humble/share/python_cmake_module/cmake)
[2.331s] -- Found PythonLibs: /usr/lib/x86_64-linux-gnu/libpython3.10.so (found suitable version "3.10.12", minimum required is "3.5") 
[2.331s] -- Using PYTHON_EXECUTABLE: /usr/bin/python3
[2.332s] -- Using PYTHON_INCLUDE_DIRS: /usr/include/python3.10
[2.332s] -- Using PYTHON_LIBRARIES: /usr/lib/x86_64-linux-gnu/libpython3.10.so
[2.363s] -- Found PythonExtra: .so  
[2.436s] -- Added test 'lint_cmake' to check CMake code style
[2.438s] -- Added test 'xmllint' to check XML markup files
[2.445s] -- Configuring done
[2.489s] -- Generating done
[2.491s] -- Build files have been written to: /home/me597/me597/Lab1/ws1/build/task_2_interfaces
[2.502s] Invoked command in '/home/me597/me597/Lab1/ws1/build/task_2_interfaces' returned '0': CMAKE_PREFIX_PATH=${CMAKE_PREFIX_PATH}:/home/me597/me597/Lab1/ws1/install/task2:/home/me597/me597/Lab1/ws1/install/task1:/home/me597/ece569-fall2025/Lab1/ws1/install/mypubsub:/opt/ros/humble /usr/bin/cmake /home/me597/me597/Lab1/ws1/src/task_2_interfaces -DAMENT_CMAKE_SYMLINK_INSTALL=1 -DCMAKE_INSTALL_PREFIX=/home/me597/me597/Lab1/ws1/install/task_2_interfaces
[2.502s] Invoking command in '/home/me597/me597/Lab1/ws1/build/task_2_interfaces': CMAKE_PREFIX_PATH=${CMAKE_PREFIX_PATH}:/home/me597/me597/Lab1/ws1/install/task2:/home/me597/me597/Lab1/ws1/install/task1:/home/me597/ece569-fall2025/Lab1/ws1/install/mypubsub:/opt/ros/humble /usr/bin/cmake --build /home/me597/me597/Lab1/ws1/build/task_2_interfaces -- -j4 -l4
[2.551s] [  2%] [34m[1mGenerating C code for ROS interfaces[0m
[2.566s] [  5%] [34m[1mGenerating C++ code for ROS interfaces[0m
[2.575s] [  5%] Built target ament_cmake_python_symlink_task_2_interfaces
[2.881s] running egg_info
[2.881s] creating task_2_interfaces.egg-info
[2.881s] writing task_2_interfaces.egg-info/PKG-INFO
[2.881s] writing dependency_links to task_2_interfaces.egg-info/dependency_links.txt
[2.882s] writing top-level names to task_2_interfaces.egg-info/top_level.txt
[2.882s] writing manifest file 'task_2_interfaces.egg-info/SOURCES.txt'
[2.882s] reading manifest file 'task_2_interfaces.egg-info/SOURCES.txt'
[2.882s] writing manifest file 'task_2_interfaces.egg-info/SOURCES.txt'
[2.919s] [  5%] Built target ament_cmake_python_build_task_2_interfaces_egg
[2.980s] [ 10%] [32mBuilding C object CMakeFiles/task_2_interfaces__rosidl_generator_c.dir/rosidl_generator_c/task_2_interfaces/srv/detail/joint_state__functions.c.o[0m
[2.980s] [  7%] [32mBuilding C object CMakeFiles/task_2_interfaces__rosidl_generator_c.dir/rosidl_generator_c/task_2_interfaces/msg/detail/joint_data__functions.c.o[0m
[3.079s] [ 10%] Built target task_2_interfaces__cpp
[3.089s] [ 12%] [32m[1mLinking C shared library libtask_2_interfaces__rosidl_generator_c.so[0m
[3.106s] [ 15%] [34m[1mGenerating C++ type support dispatch for ROS interfaces[0m
[3.116s] [ 17%] [34m[1mGenerating C++ type support for eProsima Fast-RTPS[0m
[3.122s] [ 20%] [34m[1mGenerating C++ introspection for ROS interfaces[0m
[3.231s] [ 20%] Built target task_2_interfaces__rosidl_generator_c
[3.271s] [ 23%] [34m[1mGenerating C type support for eProsima Fast-RTPS[0m
[3.702s] [ 25%] [32mBuilding CXX object CMakeFiles/task_2_interfaces__rosidl_typesupport_cpp.dir/rosidl_typesupport_cpp/task_2_interfaces/msg/joint_data__type_support.cpp.o[0m
[3.808s] [ 28%] [32mBuilding CXX object CMakeFiles/task_2_interfaces__rosidl_typesupport_introspection_cpp.dir/rosidl_typesupport_introspection_cpp/task_2_interfaces/msg/detail/joint_data__type_support.cpp.o[0m
[3.822s] [ 30%] [32mBuilding CXX object CMakeFiles/task_2_interfaces__rosidl_typesupport_fastrtps_cpp.dir/rosidl_typesupport_fastrtps_cpp/task_2_interfaces/msg/detail/dds_fastrtps/joint_data__type_support.cpp.o[0m
[4.045s] [ 33%] [32mBuilding CXX object CMakeFiles/task_2_interfaces__rosidl_typesupport_fastrtps_c.dir/rosidl_typesupport_fastrtps_c/task_2_interfaces/msg/detail/joint_data__type_support_c.cpp.o[0m
[4.242s] [ 35%] [32mBuilding CXX object CMakeFiles/task_2_interfaces__rosidl_typesupport_cpp.dir/rosidl_typesupport_cpp/task_2_interfaces/srv/joint_state__type_support.cpp.o[0m
[4.830s] [ 38%] [32mBuilding CXX object CMakeFiles/task_2_interfaces__rosidl_typesupport_introspection_cpp.dir/rosidl_typesupport_introspection_cpp/task_2_interfaces/srv/detail/joint_state__type_support.cpp.o[0m
[4.869s] [ 41%] [32mBuilding CXX object CMakeFiles/task_2_interfaces__rosidl_typesupport_fastrtps_cpp.dir/rosidl_typesupport_fastrtps_cpp/task_2_interfaces/srv/detail/dds_fastrtps/joint_state__type_support.cpp.o[0m
[4.935s] [ 43%] [32mBuilding CXX object CMakeFiles/task_2_interfaces__rosidl_typesupport_fastrtps_c.dir/rosidl_typesupport_fastrtps_c/task_2_interfaces/srv/detail/joint_state__type_support_c.cpp.o[0m
[4.978s] [ 46%] [32m[1mLinking CXX shared library libtask_2_interfaces__rosidl_typesupport_cpp.so[0m
[5.104s] [ 46%] Built target task_2_interfaces__rosidl_typesupport_cpp
[5.146s] [ 48%] [34m[1mGenerating C introspection for ROS interfaces[0m
[5.799s] [ 51%] [32m[1mLinking CXX shared library libtask_2_interfaces__rosidl_typesupport_fastrtps_cpp.so[0m
[5.818s] [ 53%] [32m[1mLinking CXX shared library libtask_2_interfaces__rosidl_typesupport_introspection_cpp.so[0m
[5.954s] [ 56%] [32m[1mLinking CXX shared library libtask_2_interfaces__rosidl_typesupport_fastrtps_c.so[0m
[6.052s] [ 58%] [32mBuilding C object CMakeFiles/task_2_interfaces__rosidl_typesupport_introspection_c.dir/rosidl_typesupport_introspection_c/task_2_interfaces/msg/detail/joint_data__type_support.c.o[0m
[6.073s] [ 58%] Built target task_2_interfaces__rosidl_typesupport_introspection_cpp
[6.084s] [ 58%] Built target task_2_interfaces__rosidl_typesupport_fastrtps_cpp
[6.114s] [ 61%] [34m[1mGenerating C type support dispatch for ROS interfaces[0m
[6.125s] [ 64%] [32mBuilding C object CMakeFiles/task_2_interfaces__rosidl_typesupport_introspection_c.dir/rosidl_typesupport_introspection_c/task_2_interfaces/srv/detail/joint_state__type_support.c.o[0m
[6.241s] [ 66%] [32m[1mLinking C shared library libtask_2_interfaces__rosidl_typesupport_introspection_c.so[0m
[6.246s] [ 66%] Built target task_2_interfaces__rosidl_typesupport_fastrtps_c
[6.352s] [ 66%] Built target task_2_interfaces__rosidl_typesupport_introspection_c
[6.681s] [ 71%] [32mBuilding CXX object CMakeFiles/task_2_interfaces__rosidl_typesupport_c.dir/rosidl_typesupport_c/task_2_interfaces/srv/joint_state__type_support.cpp.o[0m
[6.682s] [ 69%] [32mBuilding CXX object CMakeFiles/task_2_interfaces__rosidl_typesupport_c.dir/rosidl_typesupport_c/task_2_interfaces/msg/joint_data__type_support.cpp.o[0m
[6.827s] [ 74%] [32m[1mLinking CXX shared library libtask_2_interfaces__rosidl_typesupport_c.so[0m
[7.006s] [ 74%] Built target task_2_interfaces__rosidl_typesupport_c
[7.067s] [ 74%] Built target task_2_interfaces
[7.170s] [ 76%] [34m[1mGenerating Python code for ROS interfaces[0m
[8.111s] [ 76%] Built target task_2_interfaces__py
[8.166s] [ 79%] [32mBuilding C object CMakeFiles/task_2_interfaces__rosidl_generator_py.dir/rosidl_generator_py/task_2_interfaces/msg/_joint_data_s.c.o[0m
[8.167s] [ 82%] [32mBuilding C object CMakeFiles/task_2_interfaces__rosidl_generator_py.dir/rosidl_generator_py/task_2_interfaces/srv/_joint_state_s.c.o[0m
[8.316s] [ 84%] [32m[1mLinking C shared library rosidl_generator_py/task_2_interfaces/libtask_2_interfaces__rosidl_generator_py.so[0m
[8.383s] [ 84%] Built target task_2_interfaces__rosidl_generator_py
[8.420s] [ 87%] [32mBuilding C object CMakeFiles/task_2_interfaces__rosidl_typesupport_introspection_c__pyext.dir/rosidl_generator_py/task_2_interfaces/_task_2_interfaces_s.ep.rosidl_typesupport_introspection_c.c.o[0m
[8.422s] [ 89%] [32mBuilding C object CMakeFiles/task_2_interfaces__rosidl_typesupport_fastrtps_c__pyext.dir/rosidl_generator_py/task_2_interfaces/_task_2_interfaces_s.ep.rosidl_typesupport_fastrtps_c.c.o[0m
[8.432s] [ 92%] [32mBuilding C object CMakeFiles/task_2_interfaces__rosidl_typesupport_c__pyext.dir/rosidl_generator_py/task_2_interfaces/_task_2_interfaces_s.ep.rosidl_typesupport_c.c.o[0m
[8.586s] [ 94%] [32m[1mLinking C shared library rosidl_generator_py/task_2_interfaces/task_2_interfaces_s__rosidl_typesupport_fastrtps_c.cpython-310-x86_64-linux-gnu.so[0m
[8.589s] [ 97%] [32m[1mLinking C shared library rosidl_generator_py/task_2_interfaces/task_2_interfaces_s__rosidl_typesupport_c.cpython-310-x86_64-linux-gnu.so[0m
[8.593s] [100%] [32m[1mLinking C shared library rosidl_generator_py/task_2_interfaces/task_2_interfaces_s__rosidl_typesupport_introspection_c.cpython-310-x86_64-linux-gnu.so[0m
[8.656s] [100%] Built target task_2_interfaces__rosidl_typesupport_fastrtps_c__pyext
[8.656s] [100%] Built target task_2_interfaces__rosidl_typesupport_c__pyext
[8.663s] [100%] Built target task_2_interfaces__rosidl_typesupport_introspection_c__pyext
[8.681s] Invoked command in '/home/me597/me597/Lab1/ws1/build/task_2_interfaces' returned '0': CMAKE_PREFIX_PATH=${CMAKE_PREFIX_PATH}:/home/me597/me597/Lab1/ws1/install/task2:/home/me597/me597/Lab1/ws1/install/task1:/home/me597/ece569-fall2025/Lab1/ws1/install/mypubsub:/opt/ros/humble /usr/bin/cmake --build /home/me597/me597/Lab1/ws1/build/task_2_interfaces -- -j4 -l4
[8.836s] Invoking command in '/home/me597/me597/Lab1/ws1/build/task_2_interfaces': CMAKE_PREFIX_PATH=${CMAKE_PREFIX_PATH}:/home/me597/me597/Lab1/ws1/install/task2:/home/me597/me597/Lab1/ws1/install/task1:/home/me597/ece569-fall2025/Lab1/ws1/install/mypubsub:/opt/ros/humble /usr/bin/cmake --install /home/me597/me597/Lab1/ws1/build/task_2_interfaces
[8.846s] -- Install configuration: ""
[8.846s] -- Execute custom install script
[8.847s] -- Symlinking: /home/me597/me597/Lab1/ws1/install/task_2_interfaces/share/ament_index/resource_index/rosidl_interfaces/task_2_interfaces
[8.857s] -- Symlinking: /home/me597/me597/Lab1/ws1/install/task_2_interfaces/include/task_2_interfaces/task_2_interfaces/msg/detail/joint_data__functions.h
[8.868s] -- Symlinking: /home/me597/me597/Lab1/ws1/install/task_2_interfaces/include/task_2_interfaces/task_2_interfaces/msg/detail/joint_data__struct.h
[8.878s] -- Symlinking: /home/me597/me597/Lab1/ws1/install/task_2_interfaces/include/task_2_interfaces/task_2_interfaces/msg/detail/joint_data__type_support.h
[8.888s] -- Symlinking: /home/me597/me597/Lab1/ws1/install/task_2_interfaces/include/task_2_interfaces/task_2_interfaces/msg/joint_data.h
[8.898s] -- Symlinking: /home/me597/me597/Lab1/ws1/install/task_2_interfaces/include/task_2_interfaces/task_2_interfaces/msg/rosidl_generator_c__visibility_control.h
[8.912s] -- Symlinking: /home/me597/me597/Lab1/ws1/install/task_2_interfaces/include/task_2_interfaces/task_2_interfaces/srv/detail/joint_state__functions.h
[8.922s] -- Symlinking: /home/me597/me597/Lab1/ws1/install/task_2_interfaces/include/task_2_interfaces/task_2_interfaces/srv/detail/joint_state__struct.h
[8.932s] -- Symlinking: /home/me597/me597/Lab1/ws1/install/task_2_interfaces/include/task_2_interfaces/task_2_interfaces/srv/detail/joint_state__type_support.h
[8.943s] -- Symlinking: /home/me597/me597/Lab1/ws1/install/task_2_interfaces/include/task_2_interfaces/task_2_interfaces/srv/joint_state.h
[8.952s] -- Symlinking: /home/me597/me597/Lab1/ws1/install/task_2_interfaces/share/task_2_interfaces/environment/library_path.sh
[8.962s] -- Symlinking: /home/me597/me597/Lab1/ws1/install/task_2_interfaces/share/task_2_interfaces/environment/library_path.dsv
[8.972s] -- Symlinking: /home/me597/me597/Lab1/ws1/install/task_2_interfaces/include/task_2_interfaces/task_2_interfaces/msg/detail/joint_data__rosidl_typesupport_fastrtps_c.h
[8.982s] -- Symlinking: /home/me597/me597/Lab1/ws1/install/task_2_interfaces/include/task_2_interfaces/task_2_interfaces/msg/rosidl_typesupport_fastrtps_c__visibility_control.h
[8.991s] -- Symlinking: /home/me597/me597/Lab1/ws1/install/task_2_interfaces/include/task_2_interfaces/task_2_interfaces/srv/detail/joint_state__rosidl_typesupport_fastrtps_c.h
[9.002s] -- Symlinking: /home/me597/me597/Lab1/ws1/install/task_2_interfaces/include/task_2_interfaces/task_2_interfaces/msg/detail/joint_data__builder.hpp
[9.012s] -- Symlinking: /home/me597/me597/Lab1/ws1/install/task_2_interfaces/include/task_2_interfaces/task_2_interfaces/msg/detail/joint_data__struct.hpp
[9.026s] -- Symlinking: /home/me597/me597/Lab1/ws1/install/task_2_interfaces/include/task_2_interfaces/task_2_interfaces/msg/detail/joint_data__traits.hpp
[9.036s] -- Symlinking: /home/me597/me597/Lab1/ws1/install/task_2_interfaces/include/task_2_interfaces/task_2_interfaces/msg/joint_data.hpp
[9.049s] -- Symlinking: /home/me597/me597/Lab1/ws1/install/task_2_interfaces/include/task_2_interfaces/task_2_interfaces/srv/detail/joint_state__builder.hpp
[9.072s] -- Symlinking: /home/me597/me597/Lab1/ws1/install/task_2_interfaces/include/task_2_interfaces/task_2_interfaces/srv/detail/joint_state__struct.hpp
[9.084s] -- Symlinking: /home/me597/me597/Lab1/ws1/install/task_2_interfaces/include/task_2_interfaces/task_2_interfaces/srv/detail/joint_state__traits.hpp
[9.091s] -- Symlinking: /home/me597/me597/Lab1/ws1/install/task_2_interfaces/include/task_2_interfaces/task_2_interfaces/srv/joint_state.hpp
[9.105s] -- Symlinking: /home/me597/me597/Lab1/ws1/install/task_2_interfaces/include/task_2_interfaces/task_2_interfaces/msg/detail/joint_data__rosidl_typesupport_fastrtps_cpp.hpp
[9.116s] -- Symlinking: /home/me597/me597/Lab1/ws1/install/task_2_interfaces/include/task_2_interfaces/task_2_interfaces/msg/rosidl_typesupport_fastrtps_cpp__visibility_control.h
[9.130s] -- Symlinking: /home/me597/me597/Lab1/ws1/install/task_2_interfaces/include/task_2_interfaces/task_2_interfaces/srv/detail/joint_state__rosidl_typesupport_fastrtps_cpp.hpp
[9.144s] -- Symlinking: /home/me597/me597/Lab1/ws1/install/task_2_interfaces/include/task_2_interfaces/task_2_interfaces/msg/detail/joint_data__rosidl_typesupport_introspection_c.h
[9.162s] -- Symlinking: /home/me597/me597/Lab1/ws1/install/task_2_interfaces/include/task_2_interfaces/task_2_interfaces/msg/rosidl_typesupport_introspection_c__visibility_control.h
[9.171s] -- Symlinking: /home/me597/me597/Lab1/ws1/install/task_2_interfaces/include/task_2_interfaces/task_2_interfaces/srv/detail/joint_state__rosidl_typesupport_introspection_c.h
[9.182s] -- Symlinking: /home/me597/me597/Lab1/ws1/install/task_2_interfaces/include/task_2_interfaces/task_2_interfaces/msg/detail/joint_data__rosidl_typesupport_introspection_cpp.hpp
[9.193s] -- Symlinking: /home/me597/me597/Lab1/ws1/install/task_2_interfaces/include/task_2_interfaces/task_2_interfaces/srv/detail/joint_state__rosidl_typesupport_introspection_cpp.hpp
[9.203s] -- Symlinking: /home/me597/me597/Lab1/ws1/install/task_2_interfaces/share/task_2_interfaces/environment/pythonpath.sh
[9.214s] -- Symlinking: /home/me597/me597/Lab1/ws1/install/task_2_interfaces/share/task_2_interfaces/environment/pythonpath.dsv
[9.230s] -- Symlinking: /home/me597/me597/Lab1/ws1/install/task_2_interfaces/local/lib/python3.10/dist-packages/task_2_interfaces-0.0.0-py3.10.egg-info/PKG-INFO
[9.241s] -- Symlinking: /home/me597/me597/Lab1/ws1/install/task_2_interfaces/local/lib/python3.10/dist-packages/task_2_interfaces-0.0.0-py3.10.egg-info/SOURCES.txt
[9.254s] -- Symlinking: /home/me597/me597/Lab1/ws1/install/task_2_interfaces/local/lib/python3.10/dist-packages/task_2_interfaces-0.0.0-py3.10.egg-info/dependency_links.txt
[9.266s] -- Symlinking: /home/me597/me597/Lab1/ws1/install/task_2_interfaces/local/lib/python3.10/dist-packages/task_2_interfaces-0.0.0-py3.10.egg-info/top_level.txt
[9.278s] -- Symlinking: /home/me597/me597/Lab1/ws1/install/task_2_interfaces/local/lib/python3.10/dist-packages/task_2_interfaces/__init__.py
[9.288s] -- Symlinking: /home/me597/me597/Lab1/ws1/install/task_2_interfaces/local/lib/python3.10/dist-packages/task_2_interfaces/_task_2_interfaces_s.ep.rosidl_typesupport_c.c
[9.297s] -- Symlinking: /home/me597/me597/Lab1/ws1/install/task_2_interfaces/local/lib/python3.10/dist-packages/task_2_interfaces/_task_2_interfaces_s.ep.rosidl_typesupport_fastrtps_c.c
[9.307s] -- Symlinking: /home/me597/me597/Lab1/ws1/install/task_2_interfaces/local/lib/python3.10/dist-packages/task_2_interfaces/_task_2_interfaces_s.ep.rosidl_typesupport_introspection_c.c
[9.320s] -- Symlinking: /home/me597/me597/Lab1/ws1/install/task_2_interfaces/local/lib/python3.10/dist-packages/task_2_interfaces/libtask_2_interfaces__rosidl_generator_py.so
[9.336s] -- Symlinking: /home/me597/me597/Lab1/ws1/install/task_2_interfaces/local/lib/python3.10/dist-packages/task_2_interfaces/msg/__init__.py
[9.348s] -- Symlinking: /home/me597/me597/Lab1/ws1/install/task_2_interfaces/local/lib/python3.10/dist-packages/task_2_interfaces/msg/_joint_data.py
[9.366s] -- Symlinking: /home/me597/me597/Lab1/ws1/install/task_2_interfaces/local/lib/python3.10/dist-packages/task_2_interfaces/msg/_joint_data_s.c
[9.373s] -- Symlinking: /home/me597/me597/Lab1/ws1/install/task_2_interfaces/local/lib/python3.10/dist-packages/task_2_interfaces/srv/__init__.py
[9.384s] -- Symlinking: /home/me597/me597/Lab1/ws1/install/task_2_interfaces/local/lib/python3.10/dist-packages/task_2_interfaces/srv/_joint_state.py
[9.395s] -- Symlinking: /home/me597/me597/Lab1/ws1/install/task_2_interfaces/local/lib/python3.10/dist-packages/task_2_interfaces/srv/_joint_state_s.c
[9.405s] -- Symlinking: /home/me597/me597/Lab1/ws1/install/task_2_interfaces/local/lib/python3.10/dist-packages/task_2_interfaces/task_2_interfaces_s__rosidl_typesupport_c.cpython-310-x86_64-linux-gnu.so
[9.416s] -- Symlinking: /home/me597/me597/Lab1/ws1/install/task_2_interfaces/local/lib/python3.10/dist-packages/task_2_interfaces/task_2_interfaces_s__rosidl_typesupport_fastrtps_c.cpython-310-x86_64-linux-gnu.so
[9.428s] -- Symlinking: /home/me597/me597/Lab1/ws1/install/task_2_interfaces/local/lib/python3.10/dist-packages/task_2_interfaces/task_2_interfaces_s__rosidl_typesupport_introspection_c.cpython-310-x86_64-linux-gnu.so
[9.439s] -- Up-to-date symlink: /home/me597/me597/Lab1/ws1/install/task_2_interfaces/local/lib/python3.10/dist-packages/task_2_interfaces/task_2_interfaces_s__rosidl_typesupport_fastrtps_c.cpython-310-x86_64-linux-gnu.so
[9.440s] -- Up-to-date symlink: /home/me597/me597/Lab1/ws1/install/task_2_interfaces/local/lib/python3.10/dist-packages/task_2_interfaces/task_2_interfaces_s__rosidl_typesupport_introspection_c.cpython-310-x86_64-linux-gnu.so
[9.441s] -- Up-to-date symlink: /home/me597/me597/Lab1/ws1/install/task_2_interfaces/local/lib/python3.10/dist-packages/task_2_interfaces/task_2_interfaces_s__rosidl_typesupport_c.cpython-310-x86_64-linux-gnu.so
[9.442s] -- Symlinking: /home/me597/me597/Lab1/ws1/install/task_2_interfaces/share/task_2_interfaces/msg/JointData.idl
[9.454s] -- Symlinking: /home/me597/me597/Lab1/ws1/install/task_2_interfaces/share/task_2_interfaces/srv/JointState.idl
[9.465s] -- Symlinking: /home/me597/me597/Lab1/ws1/install/task_2_interfaces/share/task_2_interfaces/msg/JointData.msg
[9.476s] -- Symlinking: /home/me597/me597/Lab1/ws1/install/task_2_interfaces/share/task_2_interfaces/srv/JointState.srv
[9.488s] -- Symlinking: /home/me597/me597/Lab1/ws1/install/task_2_interfaces/share/task_2_interfaces/srv/JointState_Request.msg
[9.500s] -- Symlinking: /home/me597/me597/Lab1/ws1/install/task_2_interfaces/share/task_2_interfaces/srv/JointState_Response.msg
[9.509s] -- Symlinking: /home/me597/me597/Lab1/ws1/install/task_2_interfaces/share/ament_index/resource_index/package_run_dependencies/task_2_interfaces
[9.520s] -- Symlinking: /home/me597/me597/Lab1/ws1/install/task_2_interfaces/share/ament_index/resource_index/parent_prefix_path/task_2_interfaces
[9.534s] -- Symlinking: /home/me597/me597/Lab1/ws1/install/task_2_interfaces/share/task_2_interfaces/environment/ament_prefix_path.sh
[9.547s] -- Symlinking: /home/me597/me597/Lab1/ws1/install/task_2_interfaces/share/task_2_interfaces/environment/ament_prefix_path.dsv
[9.559s] -- Symlinking: /home/me597/me597/Lab1/ws1/install/task_2_interfaces/share/task_2_interfaces/environment/path.sh
[9.571s] -- Symlinking: /home/me597/me597/Lab1/ws1/install/task_2_interfaces/share/task_2_interfaces/environment/path.dsv
[9.583s] -- Symlinking: /home/me597/me597/Lab1/ws1/install/task_2_interfaces/share/task_2_interfaces/local_setup.bash
[9.593s] -- Symlinking: /home/me597/me597/Lab1/ws1/install/task_2_interfaces/share/task_2_interfaces/local_setup.sh
[9.603s] -- Symlinking: /home/me597/me597/Lab1/ws1/install/task_2_interfaces/share/task_2_interfaces/local_setup.zsh
[9.613s] -- Symlinking: /home/me597/me597/Lab1/ws1/install/task_2_interfaces/share/task_2_interfaces/local_setup.dsv
[9.624s] -- Symlinking: /home/me597/me597/Lab1/ws1/install/task_2_interfaces/share/task_2_interfaces/package.dsv
[9.634s] -- Symlinking: /home/me597/me597/Lab1/ws1/install/task_2_interfaces/share/ament_index/resource_index/packages/task_2_interfaces
[9.644s] -- Symlinking: /home/me597/me597/Lab1/ws1/install/task_2_interfaces/share/task_2_interfaces/cmake/rosidl_cmake-extras.cmake
[9.653s] -- Symlinking: /home/me597/me597/Lab1/ws1/install/task_2_interfaces/share/task_2_interfaces/cmake/ament_cmake_export_dependencies-extras.cmake
[9.663s] -- Symlinking: /home/me597/me597/Lab1/ws1/install/task_2_interfaces/share/task_2_interfaces/cmake/ament_cmake_export_include_directories-extras.cmake
[9.672s] -- Symlinking: /home/me597/me597/Lab1/ws1/install/task_2_interfaces/share/task_2_interfaces/cmake/ament_cmake_export_libraries-extras.cmake
[9.682s] -- Symlinking: /home/me597/me597/Lab1/ws1/install/task_2_interfaces/share/task_2_interfaces/cmake/ament_cmake_export_targets-extras.cmake
[9.692s] -- Symlinking: /home/me597/me597/Lab1/ws1/install/task_2_interfaces/share/task_2_interfaces/cmake/rosidl_cmake_export_typesupport_targets-extras.cmake
[9.701s] -- Symlinking: /home/me597/me597/Lab1/ws1/install/task_2_interfaces/share/task_2_interfaces/cmake/rosidl_cmake_export_typesupport_libraries-extras.cmake
[9.711s] -- Symlinking: /home/me597/me597/Lab1/ws1/install/task_2_interfaces/share/task_2_interfaces/cmake/task_2_interfacesConfig.cmake
[9.722s] -- Symlinking: /home/me597/me597/Lab1/ws1/install/task_2_interfaces/share/task_2_interfaces/cmake/task_2_interfacesConfig-version.cmake
[9.735s] -- Symlinking: /home/me597/me597/Lab1/ws1/install/task_2_interfaces/share/task_2_interfaces/package.xml
[9.747s] -- Installing: /home/me597/me597/Lab1/ws1/install/task_2_interfaces/lib/libtask_2_interfaces__rosidl_generator_c.so
[9.747s] -- Set runtime path of "/home/me597/me597/Lab1/ws1/install/task_2_interfaces/lib/libtask_2_interfaces__rosidl_generator_c.so" to ""
[9.747s] -- Installing: /home/me597/me597/Lab1/ws1/install/task_2_interfaces/lib/libtask_2_interfaces__rosidl_typesupport_fastrtps_c.so
[9.748s] -- Set runtime path of "/home/me597/me597/Lab1/ws1/install/task_2_interfaces/lib/libtask_2_interfaces__rosidl_typesupport_fastrtps_c.so" to ""
[9.748s] -- Installing: /home/me597/me597/Lab1/ws1/install/task_2_interfaces/lib/libtask_2_interfaces__rosidl_typesupport_fastrtps_cpp.so
[9.748s] -- Set runtime path of "/home/me597/me597/Lab1/ws1/install/task_2_interfaces/lib/libtask_2_interfaces__rosidl_typesupport_fastrtps_cpp.so" to ""
[9.749s] -- Installing: /home/me597/me597/Lab1/ws1/install/task_2_interfaces/lib/libtask_2_interfaces__rosidl_typesupport_introspection_c.so
[9.749s] -- Set runtime path of "/home/me597/me597/Lab1/ws1/install/task_2_interfaces/lib/libtask_2_interfaces__rosidl_typesupport_introspection_c.so" to ""
[9.749s] -- Installing: /home/me597/me597/Lab1/ws1/install/task_2_interfaces/lib/libtask_2_interfaces__rosidl_typesupport_c.so
[9.749s] -- Set runtime path of "/home/me597/me597/Lab1/ws1/install/task_2_interfaces/lib/libtask_2_interfaces__rosidl_typesupport_c.so" to ""
[9.749s] -- Installing: /home/me597/me597/Lab1/ws1/install/task_2_interfaces/lib/libtask_2_interfaces__rosidl_typesupport_introspection_cpp.so
[9.750s] -- Set runtime path of "/home/me597/me597/Lab1/ws1/install/task_2_interfaces/lib/libtask_2_interfaces__rosidl_typesupport_introspection_cpp.so" to ""
[9.750s] -- Installing: /home/me597/me597/Lab1/ws1/install/task_2_interfaces/lib/libtask_2_interfaces__rosidl_typesupport_cpp.so
[9.750s] -- Set runtime path of "/home/me597/me597/Lab1/ws1/install/task_2_interfaces/lib/libtask_2_interfaces__rosidl_typesupport_cpp.so" to ""
[9.795s] Listing '/home/me597/me597/Lab1/ws1/install/task_2_interfaces/local/lib/python3.10/dist-packages/task_2_interfaces'...
[9.796s] Compiling '/home/me597/me597/Lab1/ws1/install/task_2_interfaces/local/lib/python3.10/dist-packages/task_2_interfaces/__init__.py'...
[9.796s] Listing '/home/me597/me597/Lab1/ws1/install/task_2_interfaces/local/lib/python3.10/dist-packages/task_2_interfaces/msg'...
[9.796s] Compiling '/home/me597/me597/Lab1/ws1/install/task_2_interfaces/local/lib/python3.10/dist-packages/task_2_interfaces/msg/__init__.py'...
[9.796s] Compiling '/home/me597/me597/Lab1/ws1/install/task_2_interfaces/local/lib/python3.10/dist-packages/task_2_interfaces/msg/_joint_data.py'...
[9.796s] Listing '/home/me597/me597/Lab1/ws1/install/task_2_interfaces/local/lib/python3.10/dist-packages/task_2_interfaces/srv'...
[9.796s] Compiling '/home/me597/me597/Lab1/ws1/install/task_2_interfaces/local/lib/python3.10/dist-packages/task_2_interfaces/srv/__init__.py'...
[9.796s] Compiling '/home/me597/me597/Lab1/ws1/install/task_2_interfaces/local/lib/python3.10/dist-packages/task_2_interfaces/srv/_joint_state.py'...
[9.800s] -- Installing: /home/me597/me597/Lab1/ws1/install/task_2_interfaces/lib/libtask_2_interfaces__rosidl_generator_py.so
[9.801s] -- Set runtime path of "/home/me597/me597/Lab1/ws1/install/task_2_interfaces/lib/libtask_2_interfaces__rosidl_generator_py.so" to ""
[9.802s] -- Installing: /home/me597/me597/Lab1/ws1/install/task_2_interfaces/share/task_2_interfaces/cmake/export_task_2_interfaces__rosidl_generator_cExport.cmake
[9.802s] -- Installing: /home/me597/me597/Lab1/ws1/install/task_2_interfaces/share/task_2_interfaces/cmake/export_task_2_interfaces__rosidl_generator_cExport-noconfig.cmake
[9.802s] -- Installing: /home/me597/me597/Lab1/ws1/install/task_2_interfaces/share/task_2_interfaces/cmake/export_task_2_interfaces__rosidl_typesupport_fastrtps_cExport.cmake
[9.802s] -- Installing: /home/me597/me597/Lab1/ws1/install/task_2_interfaces/share/task_2_interfaces/cmake/export_task_2_interfaces__rosidl_typesupport_fastrtps_cExport-noconfig.cmake
[9.802s] -- Installing: /home/me597/me597/Lab1/ws1/install/task_2_interfaces/share/task_2_interfaces/cmake/export_task_2_interfaces__rosidl_generator_cppExport.cmake
[9.802s] -- Installing: /home/me597/me597/Lab1/ws1/install/task_2_interfaces/share/task_2_interfaces/cmake/export_task_2_interfaces__rosidl_typesupport_fastrtps_cppExport.cmake
[9.802s] -- Installing: /home/me597/me597/Lab1/ws1/install/task_2_interfaces/share/task_2_interfaces/cmake/export_task_2_interfaces__rosidl_typesupport_fastrtps_cppExport-noconfig.cmake
[9.802s] -- Installing: /home/me597/me597/Lab1/ws1/install/task_2_interfaces/share/task_2_interfaces/cmake/task_2_interfaces__rosidl_typesupport_introspection_cExport.cmake
[9.802s] -- Installing: /home/me597/me597/Lab1/ws1/install/task_2_interfaces/share/task_2_interfaces/cmake/task_2_interfaces__rosidl_typesupport_introspection_cExport-noconfig.cmake
[9.802s] -- Installing: /home/me597/me597/Lab1/ws1/install/task_2_interfaces/share/task_2_interfaces/cmake/task_2_interfaces__rosidl_typesupport_cExport.cmake
[9.803s] -- Installing: /home/me597/me597/Lab1/ws1/install/task_2_interfaces/share/task_2_interfaces/cmake/task_2_interfaces__rosidl_typesupport_cExport-noconfig.cmake
[9.803s] -- Installing: /home/me597/me597/Lab1/ws1/install/task_2_interfaces/share/task_2_interfaces/cmake/task_2_interfaces__rosidl_typesupport_introspection_cppExport.cmake
[9.803s] -- Installing: /home/me597/me597/Lab1/ws1/install/task_2_interfaces/share/task_2_interfaces/cmake/task_2_interfaces__rosidl_typesupport_introspection_cppExport-noconfig.cmake
[9.803s] -- Installing: /home/me597/me597/Lab1/ws1/install/task_2_interfaces/share/task_2_interfaces/cmake/task_2_interfaces__rosidl_typesupport_cppExport.cmake
[9.803s] -- Installing: /home/me597/me597/Lab1/ws1/install/task_2_interfaces/share/task_2_interfaces/cmake/task_2_interfaces__rosidl_typesupport_cppExport-noconfig.cmake
[9.804s] -- Installing: /home/me597/me597/Lab1/ws1/install/task_2_interfaces/share/task_2_interfaces/cmake/export_task_2_interfaces__rosidl_generator_pyExport.cmake
[9.804s] -- Installing: /home/me597/me597/Lab1/ws1/install/task_2_interfaces/share/task_2_interfaces/cmake/export_task_2_interfaces__rosidl_generator_pyExport-noconfig.cmake
[9.807s] Invoked command in '/home/me597/me597/Lab1/ws1/build/task_2_interfaces' returned '0': CMAKE_PREFIX_PATH=${CMAKE_PREFIX_PATH}:/home/me597/me597/Lab1/ws1/install/task2:/home/me597/me597/Lab1/ws1/install/task1:/home/me597/ece569-fall2025/Lab1/ws1/install/mypubsub:/opt/ros/humble /usr/bin/cmake --install /home/me597/me597/Lab1/ws1/build/task_2_interfaces
