running develop
running egg_info
creating task_6.egg-info
writing task_6.egg-info/PKG-INFO
writing dependency_links to task_6.egg-info/dependency_links.txt
writing entry points to task_6.egg-info/entry_points.txt
writing requirements to task_6.egg-info/requires.txt
writing top-level names to task_6.egg-info/top_level.txt
writing manifest file 'task_6.egg-info/SOURCES.txt'
reading manifest file 'task_6.egg-info/SOURCES.txt'
writing manifest file 'task_6.egg-info/SOURCES.txt'
running build_ext
Creating /home/Gery/ME597_Lab/Lab4/ws1/install/task_6/lib/python3.10/site-packages/task-6.egg-link (link to .)
Installing red_ball_tracker script to /home/Gery/ME597_Lab/Lab4/ws1/install/task_6/lib/task_6

Installed /home/Gery/ME597_Lab/Lab4/ws1/build/task_6
running symlink_data
symbolically linking /home/Gery/ME597_Lab/Lab4/ws1/build/task_6/package.xml -> /home/Gery/ME597_Lab/Lab4/ws1/install/task_6/share/task_6
creating /home/Gery/ME597_Lab/Lab4/ws1/install/task_6/share/task_6/launch
symbolically linking /home/Gery/ME597_Lab/Lab4/ws1/build/task_6/launch/red_ball_tracker.launch.py -> /home/Gery/ME597_Lab/Lab4/ws1/install/task_6/share/task_6/launch
creating /home/Gery/ME597_Lab/Lab4/ws1/install/task_6/share/task_6/resource
symbolically linking /home/Gery/ME597_Lab/Lab4/ws1/build/task_6/resource/task_6 -> /home/Gery/ME597_Lab/Lab4/ws1/install/task_6/share/task_6/resource
creating /home/Gery/ME597_Lab/Lab4/ws1/install/task_6/share/task_6/maps
symbolically linking /home/Gery/ME597_Lab/Lab4/ws1/build/task_6/maps/sync_classroom_map.pgm -> /home/Gery/ME597_Lab/Lab4/ws1/install/task_6/share/task_6/maps
symbolically linking /home/Gery/ME597_Lab/Lab4/ws1/build/task_6/maps/sync_classroom_map.yaml -> /home/Gery/ME597_Lab/Lab4/ws1/install/task_6/share/task_6/maps
creating /home/Gery/ME597_Lab/Lab4/ws1/install/task_6/share/task_6/rviz
