-- Install configuration: ""
-- Execute custom install script
-- Up-to-date symlink: /home/me597/me597/Lab2/ws1/install/turtlebot3_gazebo/share/turtlebot3_gazebo//launch/amcl.launch.py
-- Up-to-date symlink: /home/me597/me597/Lab2/ws1/install/turtlebot3_gazebo/share/turtlebot3_gazebo//launch/map_loader.launch.py
-- Up-to-date symlink: /home/me597/me597/Lab2/ws1/install/turtlebot3_gazebo/share/turtlebot3_gazebo//launch/mapper.launch.py
-- Up-to-date symlink: /home/me597/me597/Lab2/ws1/install/turtlebot3_gazebo/share/turtlebot3_gazebo//launch/navigator.launch.py
-- Up-to-date symlink: /home/me597/me597/Lab2/ws1/install/turtlebot3_gazebo/share/turtlebot3_gazebo//launch/robot_state_publisher.launch.py
-- Up-to-date symlink: /home/me597/me597/Lab2/ws1/install/turtlebot3_gazebo/share/turtlebot3_gazebo//launch/spawn_cricketball.launch.py
-- Up-to-date symlink: /home/me597/me597/Lab2/ws1/install/turtlebot3_gazebo/share/turtlebot3_gazebo//launch/spawn_turtlebot3.launch.py
-- Up-to-date symlink: /home/me597/me597/Lab2/ws1/install/turtlebot3_gazebo/share/turtlebot3_gazebo//launch/task_6.launch.py
-- Up-to-date symlink: /home/me597/me597/Lab2/ws1/install/turtlebot3_gazebo/share/turtlebot3_gazebo//launch/turtlebot3_bonus_world.launch.py
-- Up-to-date symlink: /home/me597/me597/Lab2/ws1/install/turtlebot3_gazebo/share/turtlebot3_gazebo//launch/turtlebot3_house.launch.py
-- Up-to-date symlink: /home/me597/me597/Lab2/ws1/install/turtlebot3_gazebo/share/turtlebot3_gazebo//launch/turtlebot3_house_norviz.launch.py
-- Up-to-date symlink: /home/me597/me597/Lab2/ws1/install/turtlebot3_gazebo/share/turtlebot3_gazebo//models/blue_object/model.config
-- Up-to-date symlink: /home/me597/me597/Lab2/ws1/install/turtlebot3_gazebo/share/turtlebot3_gazebo//models/blue_object/model.rsdf
-- Up-to-date symlink: /home/me597/me597/Lab2/ws1/install/turtlebot3_gazebo/share/turtlebot3_gazebo//models/blue_object/model.sdf
-- Up-to-date symlink: /home/me597/me597/Lab2/ws1/install/turtlebot3_gazebo/share/turtlebot3_gazebo//models/cricket_ball/model.config
-- Up-to-date symlink: /home/me597/me597/Lab2/ws1/install/turtlebot3_gazebo/share/turtlebot3_gazebo//models/cricket_ball/model.rsdf
-- Up-to-date symlink: /home/me597/me597/Lab2/ws1/install/turtlebot3_gazebo/share/turtlebot3_gazebo//models/cricket_ball/model.sdf
-- Up-to-date symlink: /home/me597/me597/Lab2/ws1/install/turtlebot3_gazebo/share/turtlebot3_gazebo//models/green_object/model.config
-- Up-to-date symlink: /home/me597/me597/Lab2/ws1/install/turtlebot3_gazebo/share/turtlebot3_gazebo//models/green_object/model.rsdf
-- Up-to-date symlink: /home/me597/me597/Lab2/ws1/install/turtlebot3_gazebo/share/turtlebot3_gazebo//models/green_object/model.sdf
-- Up-to-date symlink: /home/me597/me597/Lab2/ws1/install/turtlebot3_gazebo/share/turtlebot3_gazebo//models/red_object/model.config
-- Up-to-date symlink: /home/me597/me597/Lab2/ws1/install/turtlebot3_gazebo/share/turtlebot3_gazebo//models/red_object/model.rsdf
-- Up-to-date symlink: /home/me597/me597/Lab2/ws1/install/turtlebot3_gazebo/share/turtlebot3_gazebo//models/red_object/model.sdf
-- Up-to-date symlink: /home/me597/me597/Lab2/ws1/install/turtlebot3_gazebo/share/turtlebot3_gazebo//models/trash_can/meshes/trash_can.dae
-- Up-to-date symlink: /home/me597/me597/Lab2/ws1/install/turtlebot3_gazebo/share/turtlebot3_gazebo//models/trash_can/model.config
-- Up-to-date symlink: /home/me597/me597/Lab2/ws1/install/turtlebot3_gazebo/share/turtlebot3_gazebo//models/trash_can/model.sdf
-- Up-to-date symlink: /home/me597/me597/Lab2/ws1/install/turtlebot3_gazebo/share/turtlebot3_gazebo//models/turtlebot3_common/meshes/burger_base.dae
-- Up-to-date symlink: /home/me597/me597/Lab2/ws1/install/turtlebot3_gazebo/share/turtlebot3_gazebo//models/turtlebot3_common/meshes/lds.dae
-- Up-to-date symlink: /home/me597/me597/Lab2/ws1/install/turtlebot3_gazebo/share/turtlebot3_gazebo//models/turtlebot3_common/meshes/r200.dae
-- Up-to-date symlink: /home/me597/me597/Lab2/ws1/install/turtlebot3_gazebo/share/turtlebot3_gazebo//models/turtlebot3_common/meshes/tire.dae
-- Up-to-date symlink: /home/me597/me597/Lab2/ws1/install/turtlebot3_gazebo/share/turtlebot3_gazebo//models/turtlebot3_common/meshes/waffle_base.dae
-- Up-to-date symlink: /home/me597/me597/Lab2/ws1/install/turtlebot3_gazebo/share/turtlebot3_gazebo//models/turtlebot3_common/model.config
-- Up-to-date symlink: /home/me597/me597/Lab2/ws1/install/turtlebot3_gazebo/share/turtlebot3_gazebo//models/turtlebot3_house/model.config
-- Up-to-date symlink: /home/me597/me597/Lab2/ws1/install/turtlebot3_gazebo/share/turtlebot3_gazebo//models/turtlebot3_house/model.sdf
-- Up-to-date symlink: /home/me597/me597/Lab2/ws1/install/turtlebot3_gazebo/share/turtlebot3_gazebo//models/turtlebot3_waffle/model.config
-- Up-to-date symlink: /home/me597/me597/Lab2/ws1/install/turtlebot3_gazebo/share/turtlebot3_gazebo//models/turtlebot3_waffle/model.sdf
-- Up-to-date symlink: /home/me597/me597/Lab2/ws1/install/turtlebot3_gazebo/share/turtlebot3_gazebo//rviz/tb3_gazebo.rviz
-- Up-to-date symlink: /home/me597/me597/Lab2/ws1/install/turtlebot3_gazebo/share/turtlebot3_gazebo//urdf/turtlebot3_waffle.urdf
-- Up-to-date symlink: /home/me597/me597/Lab2/ws1/install/turtlebot3_gazebo/share/turtlebot3_gazebo//worlds/Bonus
-- Up-to-date symlink: /home/me597/me597/Lab2/ws1/install/turtlebot3_gazebo/share/turtlebot3_gazebo//worlds/empty_world.world
-- Up-to-date symlink: /home/me597/me597/Lab2/ws1/install/turtlebot3_gazebo/share/turtlebot3_gazebo//worlds/house_closed.world
-- Up-to-date symlink: /home/me597/me597/Lab2/ws1/install/turtlebot3_gazebo/share/turtlebot3_gazebo//worlds/turtlebot3_house.world
-- Up-to-date symlink: /home/me597/me597/Lab2/ws1/install/turtlebot3_gazebo/share/turtlebot3_gazebo//maps/map.pgm
-- Up-to-date symlink: /home/me597/me597/Lab2/ws1/install/turtlebot3_gazebo/share/turtlebot3_gazebo//maps/map.yaml
-- Up-to-date symlink: /home/me597/me597/Lab2/ws1/install/turtlebot3_gazebo/share/turtlebot3_gazebo//maps/sync_classroom_map.pgm
-- Up-to-date symlink: /home/me597/me597/Lab2/ws1/install/turtlebot3_gazebo/share/turtlebot3_gazebo//maps/sync_classroom_map.yaml
-- Up-to-date symlink: /home/me597/me597/Lab2/ws1/install/turtlebot3_gazebo/share/turtlebot3_gazebo//params/amcl.yaml
-- Up-to-date symlink: /home/me597/me597/Lab2/ws1/install/turtlebot3_gazebo/share/turtlebot3_gazebo//params/map_server.yaml
-- Up-to-date symlink: /home/me597/me597/Lab2/ws1/install/turtlebot3_gazebo/share/turtlebot3_gazebo//params/mapper_params_online_async.yaml
-- Up-to-date symlink: /home/me597/me597/Lab2/ws1/install/turtlebot3_gazebo/share/ament_index/resource_index/package_run_dependencies/turtlebot3_gazebo
-- Up-to-date symlink: /home/me597/me597/Lab2/ws1/install/turtlebot3_gazebo/share/ament_index/resource_index/parent_prefix_path/turtlebot3_gazebo
-- Up-to-date symlink: /home/me597/me597/Lab2/ws1/install/turtlebot3_gazebo/share/turtlebot3_gazebo/environment/ament_prefix_path.sh
-- Up-to-date symlink: /home/me597/me597/Lab2/ws1/install/turtlebot3_gazebo/share/turtlebot3_gazebo/environment/ament_prefix_path.dsv
-- Up-to-date symlink: /home/me597/me597/Lab2/ws1/install/turtlebot3_gazebo/share/turtlebot3_gazebo/environment/path.sh
-- Up-to-date symlink: /home/me597/me597/Lab2/ws1/install/turtlebot3_gazebo/share/turtlebot3_gazebo/environment/path.dsv
-- Up-to-date symlink: /home/me597/me597/Lab2/ws1/install/turtlebot3_gazebo/share/turtlebot3_gazebo/local_setup.bash
-- Up-to-date symlink: /home/me597/me597/Lab2/ws1/install/turtlebot3_gazebo/share/turtlebot3_gazebo/local_setup.sh
-- Up-to-date symlink: /home/me597/me597/Lab2/ws1/install/turtlebot3_gazebo/share/turtlebot3_gazebo/local_setup.zsh
-- Up-to-date symlink: /home/me597/me597/Lab2/ws1/install/turtlebot3_gazebo/share/turtlebot3_gazebo/local_setup.dsv
-- Symlinking: /home/me597/me597/Lab2/ws1/install/turtlebot3_gazebo/share/turtlebot3_gazebo/package.dsv
-- Up-to-date symlink: /home/me597/me597/Lab2/ws1/install/turtlebot3_gazebo/share/ament_index/resource_index/packages/turtlebot3_gazebo
-- Up-to-date symlink: /home/me597/me597/Lab2/ws1/install/turtlebot3_gazebo/share/turtlebot3_gazebo/cmake/ament_cmake_export_include_directories-extras.cmake
-- Up-to-date symlink: /home/me597/me597/Lab2/ws1/install/turtlebot3_gazebo/share/turtlebot3_gazebo/cmake/ament_cmake_export_dependencies-extras.cmake
-- Up-to-date symlink: /home/me597/me597/Lab2/ws1/install/turtlebot3_gazebo/share/turtlebot3_gazebo/cmake/turtlebot3_gazeboConfig.cmake
-- Up-to-date symlink: /home/me597/me597/Lab2/ws1/install/turtlebot3_gazebo/share/turtlebot3_gazebo/cmake/turtlebot3_gazeboConfig-version.cmake
-- Up-to-date symlink: /home/me597/me597/Lab2/ws1/install/turtlebot3_gazebo/share/turtlebot3_gazebo/package.xml
-- Up-to-date: /home/me597/me597/Lab2/ws1/install/turtlebot3_gazebo/lib/turtlebot3_gazebo/task1
-- Up-to-date: /home/me597/me597/Lab2/ws1/install/turtlebot3_gazebo/lib/turtlebot3_gazebo/task2
-- Up-to-date: /home/me597/me597/Lab2/ws1/install/turtlebot3_gazebo/lib/turtlebot3_gazebo/task3
-- Up-to-date: /home/me597/me597/Lab2/ws1/install/turtlebot3_gazebo/lib/turtlebot3_gazebo/spawn_objects
-- Up-to-date: /home/me597/me597/Lab2/ws1/install/turtlebot3_gazebo/lib/turtlebot3_gazebo/task2_bonus
-- Up-to-date: /home/me597/me597/Lab2/ws1/install/turtlebot3_gazebo/lib/turtlebot3_gazebo/static_obstacles
