[0.054s] Invoking command in '/home/Gery/ME597_Lab/Lab4/ws1/build/cv_bridge': CMAKE_PREFIX_PATH=${CMAKE_PREFIX_PATH}:/home/Gery/ME597_Lab/Lab4/ws1/install/task_6:/home/Gery/ME597_Lab/Lab4/ws1/install/task_5:/home/Gery/ME597_Lab/Lab4/ws1/install/opencv_tests:/opt/ros/humble /usr/bin/cmake --build /home/Gery/ME597_Lab/Lab4/ws1/build/cv_bridge -- -j4 -l4
[0.319s] [  0%] Built target ament_cmake_python_symlink_cv_bridge
[0.411s] [ 11%] Built target gtest
[1.339s] running egg_info
[1.386s] writing cv_bridge.egg-info/PKG-INFO
[1.386s] writing dependency_links to cv_bridge.egg-info/dependency_links.txt
[1.386s] writing top-level names to cv_bridge.egg-info/top_level.txt
[1.599s] reading manifest file 'cv_bridge.egg-info/SOURCES.txt'
[1.606s] writing manifest file 'cv_bridge.egg-info/SOURCES.txt'
[1.696s] [ 11%] Built target ament_cmake_python_build_cv_bridge_egg
[1.799s] [ 22%] Built target gtest_main
[1.897s] [ 44%] Built target cv_bridge
[2.052s] [ 61%] Built target cv_bridge_boost
[2.169s] [100%] Built target cv_bridge-utest
[2.315s] Invoked command in '/home/Gery/ME597_Lab/Lab4/ws1/build/cv_bridge' returned '0': CMAKE_PREFIX_PATH=${CMAKE_PREFIX_PATH}:/home/Gery/ME597_Lab/Lab4/ws1/install/task_6:/home/Gery/ME597_Lab/Lab4/ws1/install/task_5:/home/Gery/ME597_Lab/Lab4/ws1/install/opencv_tests:/opt/ros/humble /usr/bin/cmake --build /home/Gery/ME597_Lab/Lab4/ws1/build/cv_bridge -- -j4 -l4
[2.316s] Invoking command in '/home/Gery/ME597_Lab/Lab4/ws1/build/cv_bridge': CMAKE_PREFIX_PATH=${CMAKE_PREFIX_PATH}:/home/Gery/ME597_Lab/Lab4/ws1/install/task_6:/home/Gery/ME597_Lab/Lab4/ws1/install/task_5:/home/Gery/ME597_Lab/Lab4/ws1/install/opencv_tests:/opt/ros/humble /usr/bin/cmake --install /home/Gery/ME597_Lab/Lab4/ws1/build/cv_bridge
[2.331s] -- Install configuration: ""
[2.336s] -- Execute custom install script
[2.336s] -- Up-to-date symlink: /home/Gery/ME597_Lab/Lab4/ws1/install/cv_bridge/share/cv_bridge/environment/pythonpath.sh
[2.336s] -- Up-to-date symlink: /home/Gery/ME597_Lab/Lab4/ws1/install/cv_bridge/share/cv_bridge/environment/pythonpath.dsv
[2.336s] -- Up-to-date symlink: /home/Gery/ME597_Lab/Lab4/ws1/install/cv_bridge/local/lib/python3.10/dist-packages/cv_bridge-4.1.0-py3.10.egg-info/PKG-INFO
[2.336s] -- Up-to-date symlink: /home/Gery/ME597_Lab/Lab4/ws1/install/cv_bridge/local/lib/python3.10/dist-packages/cv_bridge-4.1.0-py3.10.egg-info/SOURCES.txt
[2.336s] -- Up-to-date symlink: /home/Gery/ME597_Lab/Lab4/ws1/install/cv_bridge/local/lib/python3.10/dist-packages/cv_bridge-4.1.0-py3.10.egg-info/dependency_links.txt
[2.344s] -- Up-to-date symlink: /home/Gery/ME597_Lab/Lab4/ws1/install/cv_bridge/local/lib/python3.10/dist-packages/cv_bridge-4.1.0-py3.10.egg-info/top_level.txt
[2.344s] -- Up-to-date symlink: /home/Gery/ME597_Lab/Lab4/ws1/install/cv_bridge/local/lib/python3.10/dist-packages/cv_bridge/__init__.py
[2.344s] -- Up-to-date symlink: /home/Gery/ME597_Lab/Lab4/ws1/install/cv_bridge/local/lib/python3.10/dist-packages/cv_bridge/core.py
[2.344s] -- Up-to-date symlink: /home/Gery/ME597_Lab/Lab4/ws1/install/cv_bridge/include/cv_bridge/cv_bridge/cv_bridge_export.h
[2.344s] -- Up-to-date symlink: /home/Gery/ME597_Lab/Lab4/ws1/install/cv_bridge/local/lib/python3.10/dist-packages/cv_bridge/boost//cv_bridge_boost.so
[2.345s] -- Up-to-date symlink: /home/Gery/ME597_Lab/Lab4/ws1/install/cv_bridge/include/cv_bridge/cv_bridge/cv_bridge.hpp
[2.345s] -- Up-to-date symlink: /home/Gery/ME597_Lab/Lab4/ws1/install/cv_bridge/include/cv_bridge/cv_bridge/cv_mat_sensor_msgs_image_type_adapter.hpp
[2.345s] -- Up-to-date symlink: /home/Gery/ME597_Lab/Lab4/ws1/install/cv_bridge/include/cv_bridge/cv_bridge/rgb_colors.hpp
[2.345s] -- Up-to-date symlink: /home/Gery/ME597_Lab/Lab4/ws1/install/cv_bridge/include/cv_bridge/cv_bridge/visibility_control.h
[2.345s] -- Up-to-date symlink: /home/Gery/ME597_Lab/Lab4/ws1/install/cv_bridge/lib/libcv_bridge.so
[2.345s] -- Up-to-date symlink: /home/Gery/ME597_Lab/Lab4/ws1/install/cv_bridge/share/ament_index/resource_index/package_run_dependencies/cv_bridge
[2.345s] -- Up-to-date symlink: /home/Gery/ME597_Lab/Lab4/ws1/install/cv_bridge/share/ament_index/resource_index/parent_prefix_path/cv_bridge
[2.345s] -- Up-to-date symlink: /home/Gery/ME597_Lab/Lab4/ws1/install/cv_bridge/share/cv_bridge/environment/ament_prefix_path.sh
[2.352s] -- Up-to-date symlink: /home/Gery/ME597_Lab/Lab4/ws1/install/cv_bridge/share/cv_bridge/environment/ament_prefix_path.dsv
[2.352s] -- Up-to-date symlink: /home/Gery/ME597_Lab/Lab4/ws1/install/cv_bridge/share/cv_bridge/environment/path.sh
[2.352s] -- Up-to-date symlink: /home/Gery/ME597_Lab/Lab4/ws1/install/cv_bridge/share/cv_bridge/environment/path.dsv
[2.352s] -- Up-to-date symlink: /home/Gery/ME597_Lab/Lab4/ws1/install/cv_bridge/share/cv_bridge/local_setup.bash
[2.352s] -- Up-to-date symlink: /home/Gery/ME597_Lab/Lab4/ws1/install/cv_bridge/share/cv_bridge/local_setup.sh
[2.352s] -- Up-to-date symlink: /home/Gery/ME597_Lab/Lab4/ws1/install/cv_bridge/share/cv_bridge/local_setup.zsh
[2.352s] -- Up-to-date symlink: /home/Gery/ME597_Lab/Lab4/ws1/install/cv_bridge/share/cv_bridge/local_setup.dsv
[2.353s] -- Symlinking: /home/Gery/ME597_Lab/Lab4/ws1/install/cv_bridge/share/cv_bridge/package.dsv
[2.389s] -- Up-to-date symlink: /home/Gery/ME597_Lab/Lab4/ws1/install/cv_bridge/share/ament_index/resource_index/packages/cv_bridge
[2.390s] -- Up-to-date symlink: /home/Gery/ME597_Lab/Lab4/ws1/install/cv_bridge/share/cv_bridge/cmake/cv_bridge-extras.cmake
[2.390s] -- Up-to-date symlink: /home/Gery/ME597_Lab/Lab4/ws1/install/cv_bridge/share/cv_bridge/cmake/ament_cmake_export_dependencies-extras.cmake
[2.390s] -- Up-to-date symlink: /home/Gery/ME597_Lab/Lab4/ws1/install/cv_bridge/share/cv_bridge/cmake/ament_cmake_export_targets-extras.cmake
[2.390s] -- Up-to-date symlink: /home/Gery/ME597_Lab/Lab4/ws1/install/cv_bridge/share/cv_bridge/cmake/cv_bridgeConfig.cmake
[2.390s] -- Up-to-date symlink: /home/Gery/ME597_Lab/Lab4/ws1/install/cv_bridge/share/cv_bridge/cmake/cv_bridgeConfig-version.cmake
[2.390s] -- Up-to-date symlink: /home/Gery/ME597_Lab/Lab4/ws1/install/cv_bridge/share/cv_bridge/package.xml
[2.488s] Listing '/home/Gery/ME597_Lab/Lab4/ws1/install/cv_bridge/local/lib/python3.10/dist-packages/cv_bridge'...
[2.488s] Listing '/home/Gery/ME597_Lab/Lab4/ws1/install/cv_bridge/local/lib/python3.10/dist-packages/cv_bridge/boost'...
[2.493s] -- Up-to-date: /home/Gery/ME597_Lab/Lab4/ws1/install/cv_bridge/share/cv_bridge/cmake/export_cv_bridgeExport.cmake
[2.493s] -- Up-to-date: /home/Gery/ME597_Lab/Lab4/ws1/install/cv_bridge/share/cv_bridge/cmake/export_cv_bridgeExport-noconfig.cmake
[2.501s] Invoked command in '/home/Gery/ME597_Lab/Lab4/ws1/build/cv_bridge' returned '0': CMAKE_PREFIX_PATH=${CMAKE_PREFIX_PATH}:/home/Gery/ME597_Lab/Lab4/ws1/install/task_6:/home/Gery/ME597_Lab/Lab4/ws1/install/task_5:/home/Gery/ME597_Lab/Lab4/ws1/install/opencv_tests:/opt/ros/humble /usr/bin/cmake --install /home/Gery/ME597_Lab/Lab4/ws1/build/cv_bridge
