[3.907s] Invoking command in '/home/Gery/ME597_Lab/Lab4/ws1/build/task_5': AMENT_PREFIX_PATH=/home/Gery/ME597_Lab/Lab4/ws1/install/cv_bridge:${AMENT_PREFIX_PATH} CMAKE_PREFIX_PATH=/home/Gery/ME597_Lab/Lab4/ws1/install/cv_bridge LD_LIBRARY_PATH=/home/Gery/ME597_Lab/Lab4/ws1/install/cv_bridge/lib:${LD_LIBRARY_PATH} PYTHONPATH=/home/Gery/ME597_Lab/Lab4/ws1/build/task_5/prefix_override:/usr/lib/python3/dist-packages/colcon_core/task/python/colcon_distutils_commands:/home/Gery/ME597_Lab/Lab4/ws1/install/task_5/lib/python3.10/site-packages:/home/Gery/ME597_Lab/Lab4/ws1/install/cv_bridge/local/lib/python3.10/dist-packages:${PYTHONPATH} /usr/bin/python3 -W ignore:setup.py install is deprecated -W ignore:easy_install command is deprecated setup.py develop --editable --build-directory /home/Gery/ME597_Lab/Lab4/ws1/build/task_5/build --no-deps symlink_data
[6.629s] running develop
[8.056s] running egg_info
[8.226s] creating task_5.egg-info
[8.227s] writing task_5.egg-info/PKG-INFO
[8.229s] writing dependency_links to task_5.egg-info/dependency_links.txt
[8.233s] writing entry points to task_5.egg-info/entry_points.txt
[8.240s] writing requirements to task_5.egg-info/requires.txt
[8.240s] writing top-level names to task_5.egg-info/top_level.txt
[8.240s] writing manifest file 'task_5.egg-info/SOURCES.txt'
[8.401s] reading manifest file 'task_5.egg-info/SOURCES.txt'
[8.404s] writing manifest file 'task_5.egg-info/SOURCES.txt'
[8.505s] running build_ext
[8.505s] Creating /home/Gery/ME597_Lab/Lab4/ws1/install/task_5/lib/python3.10/site-packages/task-5.egg-link (link to .)
[8.510s] Installing image_publisher script to /home/Gery/ME597_Lab/Lab4/ws1/install/task_5/lib/task_5
[8.510s] Installing object_detector script to /home/Gery/ME597_Lab/Lab4/ws1/install/task_5/lib/task_5
[8.510s] 
[8.510s] Installed /home/Gery/ME597_Lab/Lab4/ws1/build/task_5
[8.510s] running symlink_data
[8.510s] symbolically linking /home/Gery/ME597_Lab/Lab4/ws1/build/task_5/package.xml -> /home/Gery/ME597_Lab/Lab4/ws1/install/task_5/share/task_5
[8.510s] creating /home/Gery/ME597_Lab/Lab4/ws1/install/task_5/share/task_5/launch
[8.510s] symbolically linking /home/Gery/ME597_Lab/Lab4/ws1/build/task_5/launch/object_detector_launch.py -> /home/Gery/ME597_Lab/Lab4/ws1/install/task_5/share/task_5/launch
[8.511s] creating /home/Gery/ME597_Lab/Lab4/ws1/install/task_5/share/task_5/resource
[8.511s] symbolically linking /home/Gery/ME597_Lab/Lab4/ws1/build/task_5/resource/lab3_video.avi -> /home/Gery/ME597_Lab/Lab4/ws1/install/task_5/share/task_5/resource
[8.512s] symbolically linking /home/Gery/ME597_Lab/Lab4/ws1/build/task_5/resource/task_5 -> /home/Gery/ME597_Lab/Lab4/ws1/install/task_5/share/task_5/resource
[8.512s] symbolically linking /home/Gery/ME597_Lab/Lab4/ws1/build/task_5/resource/lab3_video.mp4 -> /home/Gery/ME597_Lab/Lab4/ws1/install/task_5/share/task_5/resource
[8.518s] creating /home/Gery/ME597_Lab/Lab4/ws1/install/task_5/share/task_5/maps
[8.518s] creating /home/Gery/ME597_Lab/Lab4/ws1/install/task_5/share/task_5/rviz
[8.644s] Invoked command in '/home/Gery/ME597_Lab/Lab4/ws1/build/task_5' returned '0': AMENT_PREFIX_PATH=/home/Gery/ME597_Lab/Lab4/ws1/install/cv_bridge:${AMENT_PREFIX_PATH} CMAKE_PREFIX_PATH=/home/Gery/ME597_Lab/Lab4/ws1/install/cv_bridge LD_LIBRARY_PATH=/home/Gery/ME597_Lab/Lab4/ws1/install/cv_bridge/lib:${LD_LIBRARY_PATH} PYTHONPATH=/home/Gery/ME597_Lab/Lab4/ws1/build/task_5/prefix_override:/usr/lib/python3/dist-packages/colcon_core/task/python/colcon_distutils_commands:/home/Gery/ME597_Lab/Lab4/ws1/install/task_5/lib/python3.10/site-packages:/home/Gery/ME597_Lab/Lab4/ws1/install/cv_bridge/local/lib/python3.10/dist-packages:${PYTHONPATH} /usr/bin/python3 -W ignore:setup.py install is deprecated -W ignore:easy_install command is deprecated setup.py develop --editable --build-directory /home/Gery/ME597_Lab/Lab4/ws1/build/task_5/build --no-deps symlink_data
