[0.730s] Invoking command in '/home/me597/me597/Lab1/ws1/build/task2': PYTHONPATH=/home/me597/me597/Lab1/ws1/build/task2/prefix_override:/usr/lib/python3/dist-packages/colcon_core/task/python/colcon_distutils_commands:/home/me597/me597/Lab1/ws1/install/task2/lib/python3.10/site-packages:${PYTHONPATH} /usr/bin/python3 -W ignore:setup.py install is deprecated setup.py develop --editable --build-directory /home/me597/me597/Lab1/ws1/build/task2/build --no-deps symlink_data
[1.011s] running develop
[1.011s] /usr/lib/python3/dist-packages/setuptools/command/easy_install.py:158: EasyInstallDeprecationWarning: easy_install command is deprecated. Use build and pip and other standards-based tools.
[1.011s]   warnings.warn(
[1.170s] running egg_info
[1.171s] writing task2.egg-info/PKG-INFO
[1.171s] writing dependency_links to task2.egg-info/dependency_links.txt
[1.171s] writing entry points to task2.egg-info/entry_points.txt
[1.172s] writing requirements to task2.egg-info/requires.txt
[1.172s] writing top-level names to task2.egg-info/top_level.txt
[1.174s] reading manifest file 'task2.egg-info/SOURCES.txt'
[1.175s] writing manifest file 'task2.egg-info/SOURCES.txt'
[1.176s] running build_ext
[1.176s] Creating /home/me597/me597/Lab1/ws1/install/task2/lib/python3.10/site-packages/task2.egg-link (link to .)
[1.177s] Installing client script to /home/me597/me597/Lab1/ws1/install/task2/lib/task2
[1.177s] Installing listener script to /home/me597/me597/Lab1/ws1/install/task2/lib/task2
[1.178s] Installing service script to /home/me597/me597/Lab1/ws1/install/task2/lib/task2
[1.178s] Installing talker script to /home/me597/me597/Lab1/ws1/install/task2/lib/task2
[1.178s] 
[1.178s] Installed /home/me597/me597/Lab1/ws1/build/task2
[1.178s] running symlink_data
[1.203s] Invoked command in '/home/me597/me597/Lab1/ws1/build/task2' returned '0': PYTHONPATH=/home/me597/me597/Lab1/ws1/build/task2/prefix_override:/usr/lib/python3/dist-packages/colcon_core/task/python/colcon_distutils_commands:/home/me597/me597/Lab1/ws1/install/task2/lib/python3.10/site-packages:${PYTHONPATH} /usr/bin/python3 -W ignore:setup.py install is deprecated setup.py develop --editable --build-directory /home/me597/me597/Lab1/ws1/build/task2/build --no-deps symlink_data
