[1.379s] Invoking command in '/home/me597/me597/Lab1/ws1/build/task_1': PYTHONPATH=/home/me597/me597/Lab1/ws1/build/task_1/prefix_override:/usr/lib/python3/dist-packages/colcon_core/task/python/colcon_distutils_commands:/home/me597/me597/Lab1/ws1/install/task_1/lib/python3.10/site-packages:${PYTHONPATH} /usr/bin/python3 -W ignore:setup.py install is deprecated setup.py develop --editable --build-directory /home/me597/me597/Lab1/ws1/build/task_1/build --no-deps symlink_data
[1.872s] running develop
[1.873s] /usr/lib/python3/dist-packages/setuptools/command/easy_install.py:158: EasyInstallDeprecationWarning: easy_install command is deprecated. Use build and pip and other standards-based tools.
[1.873s]   warnings.warn(
[2.132s] running egg_info
[2.132s] creating task_1.egg-info
[2.133s] writing task_1.egg-info/PKG-INFO
[2.133s] writing dependency_links to task_1.egg-info/dependency_links.txt
[2.135s] writing entry points to task_1.egg-info/entry_points.txt
[2.135s] writing requirements to task_1.egg-info/requires.txt
[2.135s] writing top-level names to task_1.egg-info/top_level.txt
[2.135s] writing manifest file 'task_1.egg-info/SOURCES.txt'
[2.136s] reading manifest file 'task_1.egg-info/SOURCES.txt'
[2.137s] writing manifest file 'task_1.egg-info/SOURCES.txt'
[2.139s] running build_ext
[2.140s] Creating /home/me597/me597/Lab1/ws1/install/task_1/lib/python3.10/site-packages/task-1.egg-link (link to .)
[2.141s] Installing listener script to /home/me597/me597/Lab1/ws1/install/task_1/lib/task_1
[2.143s] Installing talker script to /home/me597/me597/Lab1/ws1/install/task_1/lib/task_1
[2.143s] 
[2.143s] Installed /home/me597/me597/Lab1/ws1/build/task_1
[2.143s] running symlink_data
[2.143s] creating /home/me597/me597/Lab1/ws1/install/task_1/share/ament_index
[2.143s] creating /home/me597/me597/Lab1/ws1/install/task_1/share/ament_index/resource_index
[2.143s] creating /home/me597/me597/Lab1/ws1/install/task_1/share/ament_index/resource_index/packages
[2.143s] symbolically linking /home/me597/me597/Lab1/ws1/build/task_1/resource/task_1 -> /home/me597/me597/Lab1/ws1/install/task_1/share/ament_index/resource_index/packages
[2.143s] symbolically linking /home/me597/me597/Lab1/ws1/build/task_1/package.xml -> /home/me597/me597/Lab1/ws1/install/task_1/share/task_1
[2.144s] creating /home/me597/me597/Lab1/ws1/install/task_1/share/task_1/launch
[2.144s] symbolically linking /home/me597/me597/Lab1/ws1/build/task_1/launch/pub_sub_launch.py -> /home/me597/me597/Lab1/ws1/install/task_1/share/task_1/launch
[2.179s] Invoked command in '/home/me597/me597/Lab1/ws1/build/task_1' returned '0': PYTHONPATH=/home/me597/me597/Lab1/ws1/build/task_1/prefix_override:/usr/lib/python3/dist-packages/colcon_core/task/python/colcon_distutils_commands:/home/me597/me597/Lab1/ws1/install/task_1/lib/python3.10/site-packages:${PYTHONPATH} /usr/bin/python3 -W ignore:setup.py install is deprecated setup.py develop --editable --build-directory /home/me597/me597/Lab1/ws1/build/task_1/build --no-deps symlink_data
