[0.783s] Invoking command in '/home/Gery/ME597_Lab/Lab4/ws1/build/vision_opencv': CMAKE_PREFIX_PATH=/home/Gery/ME597_Lab/Lab4/ws1/install/image_geometry:/home/Gery/ME597_Lab/Lab4/ws1/install/cv_bridge:/home/Gery/ME597_Lab/Lab4/ws1/install/vision_opencv:/home/Gery/ME597_Lab/Lab4/ws1/install/task_6:/home/Gery/ME597_Lab/Lab4/ws1/install/task_5:/home/Gery/ME597_Lab/Lab4/ws1/install/opencv_tests:/opt/ros/humble /usr/bin/cmake --build /home/Gery/ME597_Lab/Lab4/ws1/build/vision_opencv -- -j4 -l4
[0.845s] Invoked command in '/home/Gery/ME597_Lab/Lab4/ws1/build/vision_opencv' returned '0': CMAKE_PREFIX_PATH=/home/Gery/ME597_Lab/Lab4/ws1/install/image_geometry:/home/Gery/ME597_Lab/Lab4/ws1/install/cv_bridge:/home/Gery/ME597_Lab/Lab4/ws1/install/vision_opencv:/home/Gery/ME597_Lab/Lab4/ws1/install/task_6:/home/Gery/ME597_Lab/Lab4/ws1/install/task_5:/home/Gery/ME597_Lab/Lab4/ws1/install/opencv_tests:/opt/ros/humble /usr/bin/cmake --build /home/Gery/ME597_Lab/Lab4/ws1/build/vision_opencv -- -j4 -l4
[0.850s] Invoking command in '/home/Gery/ME597_Lab/Lab4/ws1/build/vision_opencv': CMAKE_PREFIX_PATH=/home/Gery/ME597_Lab/Lab4/ws1/install/image_geometry:/home/Gery/ME597_Lab/Lab4/ws1/install/cv_bridge:/home/Gery/ME597_Lab/Lab4/ws1/install/vision_opencv:/home/Gery/ME597_Lab/Lab4/ws1/install/task_6:/home/Gery/ME597_Lab/Lab4/ws1/install/task_5:/home/Gery/ME597_Lab/Lab4/ws1/install/opencv_tests:/opt/ros/humble /usr/bin/cmake --install /home/Gery/ME597_Lab/Lab4/ws1/build/vision_opencv
[0.863s] -- Install configuration: ""
[0.863s] -- Execute custom install script
[0.863s] -- Up-to-date symlink: /home/Gery/ME597_Lab/Lab4/ws1/install/vision_opencv/share/ament_index/resource_index/package_run_dependencies/vision_opencv
[0.863s] -- Up-to-date symlink: /home/Gery/ME597_Lab/Lab4/ws1/install/vision_opencv/share/ament_index/resource_index/parent_prefix_path/vision_opencv
[0.864s] -- Up-to-date symlink: /home/Gery/ME597_Lab/Lab4/ws1/install/vision_opencv/share/vision_opencv/environment/ament_prefix_path.sh
[0.864s] -- Up-to-date symlink: /home/Gery/ME597_Lab/Lab4/ws1/install/vision_opencv/share/vision_opencv/environment/ament_prefix_path.dsv
[0.864s] -- Up-to-date symlink: /home/Gery/ME597_Lab/Lab4/ws1/install/vision_opencv/share/vision_opencv/environment/path.sh
[0.866s] -- Up-to-date symlink: /home/Gery/ME597_Lab/Lab4/ws1/install/vision_opencv/share/vision_opencv/environment/path.dsv
[0.866s] -- Up-to-date symlink: /home/Gery/ME597_Lab/Lab4/ws1/install/vision_opencv/share/vision_opencv/local_setup.bash
[0.866s] -- Up-to-date symlink: /home/Gery/ME597_Lab/Lab4/ws1/install/vision_opencv/share/vision_opencv/local_setup.sh
[0.866s] -- Up-to-date symlink: /home/Gery/ME597_Lab/Lab4/ws1/install/vision_opencv/share/vision_opencv/local_setup.zsh
[0.867s] -- Up-to-date symlink: /home/Gery/ME597_Lab/Lab4/ws1/install/vision_opencv/share/vision_opencv/local_setup.dsv
[0.867s] -- Symlinking: /home/Gery/ME597_Lab/Lab4/ws1/install/vision_opencv/share/vision_opencv/package.dsv
[0.881s] -- Up-to-date symlink: /home/Gery/ME597_Lab/Lab4/ws1/install/vision_opencv/share/ament_index/resource_index/packages/vision_opencv
[0.882s] -- Up-to-date symlink: /home/Gery/ME597_Lab/Lab4/ws1/install/vision_opencv/share/vision_opencv/cmake/vision_opencvConfig.cmake
[0.882s] -- Up-to-date symlink: /home/Gery/ME597_Lab/Lab4/ws1/install/vision_opencv/share/vision_opencv/cmake/vision_opencvConfig-version.cmake
[0.884s] -- Up-to-date symlink: /home/Gery/ME597_Lab/Lab4/ws1/install/vision_opencv/share/vision_opencv/package.xml
[0.886s] Invoked command in '/home/Gery/ME597_Lab/Lab4/ws1/build/vision_opencv' returned '0': CMAKE_PREFIX_PATH=/home/Gery/ME597_Lab/Lab4/ws1/install/image_geometry:/home/Gery/ME597_Lab/Lab4/ws1/install/cv_bridge:/home/Gery/ME597_Lab/Lab4/ws1/install/vision_opencv:/home/Gery/ME597_Lab/Lab4/ws1/install/task_6:/home/Gery/ME597_Lab/Lab4/ws1/install/task_5:/home/Gery/ME597_Lab/Lab4/ws1/install/opencv_tests:/opt/ros/humble /usr/bin/cmake --install /home/Gery/ME597_Lab/Lab4/ws1/build/vision_opencv
