[0.019s] Invoking command in '/home/me597/me597/Lab1/ws1/build/task_2_interfaces': CMAKE_PREFIX_PATH=${CMAKE_PREFIX_PATH}:/home/me597/me597/Lab1/ws1/install/task2:/home/me597/me597/Lab1/ws1/install/task1:/home/me597/ece569-fall2025/Lab1/ws1/install/mypubsub:/opt/ros/humble /usr/bin/cmake /home/me597/me597/Lab1/ws1/src/task_2_interfaces -DAMENT_CMAKE_SYMLINK_INSTALL=1 -DCMAKE_INSTALL_PREFIX=/home/me597/me597/Lab1/ws1/install/task_2_interfaces
[0.319s] -- The C compiler identification is GNU 11.4.0
[0.319s] -- The CXX compiler identification is GNU 11.4.0
[0.319s] -- Detecting C compiler ABI info
[0.319s] -- Detecting C compiler ABI info - done
[0.319s] -- Check for working C compiler: /usr/bin/cc - skipped
[0.319s] -- Detecting C compile features
[0.319s] -- Detecting C compile features - done
[0.319s] -- Detecting CXX compiler ABI info
[0.402s] -- Detecting CXX compiler ABI info - done
[0.412s] -- Check for working CXX compiler: /usr/bin/c++ - skipped
[0.412s] -- Detecting CXX compile features
[0.412s] -- Detecting CXX compile features - done
[0.412s] -- Found ament_cmake: 1.3.10 (/opt/ros/humble/share/ament_cmake/cmake)
[0.600s] -- Found Python3: /usr/bin/python3 (found version "3.10.12") found components: Interpreter 
[0.674s] -- Override CMake install command with custom implementation using symlinks instead of copying resources
[0.712s] -- Found ament_lint_auto: 0.12.11 (/opt/ros/humble/share/ament_lint_auto/cmake)
[0.820s] -- Found geometry_msgs: 4.2.4 (/opt/ros/humble/share/geometry_msgs/cmake)
[0.869s] -- Found rosidl_generator_c: 3.1.5 (/opt/ros/humble/share/rosidl_generator_c/cmake)
[0.874s] -- Found rosidl_adapter: 3.1.5 (/opt/ros/humble/share/rosidl_adapter/cmake)
[0.883s] -- Found rosidl_generator_cpp: 3.1.5 (/opt/ros/humble/share/rosidl_generator_cpp/cmake)
[0.896s] -- Using all available rosidl_typesupport_c: rosidl_typesupport_fastrtps_c;rosidl_typesupport_introspection_c
[0.916s] -- Using all available rosidl_typesupport_cpp: rosidl_typesupport_fastrtps_cpp;rosidl_typesupport_introspection_cpp
[0.975s] -- Found rosidl_default_generators: 1.2.0 (/opt/ros/humble/share/rosidl_default_generators/cmake)
[1.247s] -- Found ament_cmake_ros: 0.10.0 (/opt/ros/humble/share/ament_cmake_ros/cmake)
[1.720s] -- Using all available rosidl_typesupport_c: rosidl_typesupport_fastrtps_c;rosidl_typesupport_introspection_c
[1.894s] -- Using all available rosidl_typesupport_cpp: rosidl_typesupport_fastrtps_cpp;rosidl_typesupport_introspection_cpp
[1.922s] -- Found PythonInterp: /usr/bin/python3 (found suitable version "3.10.12", minimum required is "3.6") 
[1.922s] -- Found python_cmake_module: 0.10.0 (/opt/ros/humble/share/python_cmake_module/cmake)
[1.960s] -- Found PythonLibs: /usr/lib/x86_64-linux-gnu/libpython3.10.so (found suitable version "3.10.12", minimum required is "3.5") 
[1.961s] -- Using PYTHON_EXECUTABLE: /usr/bin/python3
[1.961s] -- Using PYTHON_INCLUDE_DIRS: /usr/include/python3.10
[1.961s] -- Using PYTHON_LIBRARIES: /usr/lib/x86_64-linux-gnu/libpython3.10.so
[1.990s] -- Found PythonExtra: .so  
[2.066s] -- Added test 'lint_cmake' to check CMake code style
[2.068s] -- Added test 'xmllint' to check XML markup files
[2.075s] -- Configuring done
[2.112s] -- Generating done
[2.115s] -- Build files have been written to: /home/me597/me597/Lab1/ws1/build/task_2_interfaces
[2.125s] Invoked command in '/home/me597/me597/Lab1/ws1/build/task_2_interfaces' returned '0': CMAKE_PREFIX_PATH=${CMAKE_PREFIX_PATH}:/home/me597/me597/Lab1/ws1/install/task2:/home/me597/me597/Lab1/ws1/install/task1:/home/me597/ece569-fall2025/Lab1/ws1/install/mypubsub:/opt/ros/humble /usr/bin/cmake /home/me597/me597/Lab1/ws1/src/task_2_interfaces -DAMENT_CMAKE_SYMLINK_INSTALL=1 -DCMAKE_INSTALL_PREFIX=/home/me597/me597/Lab1/ws1/install/task_2_interfaces
[2.125s] Invoking command in '/home/me597/me597/Lab1/ws1/build/task_2_interfaces': CMAKE_PREFIX_PATH=${CMAKE_PREFIX_PATH}:/home/me597/me597/Lab1/ws1/install/task2:/home/me597/me597/Lab1/ws1/install/task1:/home/me597/ece569-fall2025/Lab1/ws1/install/mypubsub:/opt/ros/humble /usr/bin/cmake --build /home/me597/me597/Lab1/ws1/build/task_2_interfaces -- -j4 -l4
[2.186s] [  2%] [34m[1mGenerating C code for ROS interfaces[0m
[2.201s] [  5%] [34m[1mGenerating C++ code for ROS interfaces[0m
[2.210s] [  5%] Built target ament_cmake_python_symlink_task_2_interfaces
[2.518s] running egg_info
[2.519s] creating task_2_interfaces.egg-info
[2.519s] writing task_2_interfaces.egg-info/PKG-INFO
[2.520s] writing dependency_links to task_2_interfaces.egg-info/dependency_links.txt
[2.520s] writing top-level names to task_2_interfaces.egg-info/top_level.txt
[2.520s] writing manifest file 'task_2_interfaces.egg-info/SOURCES.txt'
[2.522s] reading manifest file 'task_2_interfaces.egg-info/SOURCES.txt'
[2.523s] writing manifest file 'task_2_interfaces.egg-info/SOURCES.txt'
[2.619s] [  5%] Built target ament_cmake_python_build_task_2_interfaces_egg
[2.681s] [  5%] Built target task_2_interfaces__cpp
[2.717s] [ 10%] [34m[1mGenerating C++ type support dispatch for ROS interfaces[0m
[2.717s] [ 10%] [34m[1mGenerating C++ type support for eProsima Fast-RTPS[0m
[2.721s] [ 12%] [34m[1mGenerating C++ introspection for ROS interfaces[0m
[2.734s] [ 15%] [32mBuilding C object CMakeFiles/task_2_interfaces__rosidl_generator_c.dir/rosidl_generator_c/task_2_interfaces/msg/detail/joint_data__functions.c.o[0m
[2.798s] [ 17%] [32mBuilding C object CMakeFiles/task_2_interfaces__rosidl_generator_c.dir/rosidl_generator_c/task_2_interfaces/srv/detail/joint_state__functions.c.o[0m
[2.875s] [ 20%] [32m[1mLinking C shared library libtask_2_interfaces__rosidl_generator_c.so[0m
[2.945s] [ 20%] Built target task_2_interfaces__rosidl_generator_c
[2.984s] [ 23%] [34m[1mGenerating C type support for eProsima Fast-RTPS[0m
[3.332s] [ 25%] [32mBuilding CXX object CMakeFiles/task_2_interfaces__rosidl_typesupport_introspection_cpp.dir/rosidl_typesupport_introspection_cpp/task_2_interfaces/msg/detail/joint_data__type_support.cpp.o[0m
[3.381s] [ 28%] [32mBuilding CXX object CMakeFiles/task_2_interfaces__rosidl_typesupport_cpp.dir/rosidl_typesupport_cpp/task_2_interfaces/msg/joint_data__type_support.cpp.o[0m
[3.541s] [ 30%] [32mBuilding CXX object CMakeFiles/task_2_interfaces__rosidl_typesupport_fastrtps_cpp.dir/rosidl_typesupport_fastrtps_cpp/task_2_interfaces/msg/detail/dds_fastrtps/joint_data__type_support.cpp.o[0m
[3.756s] [ 33%] [32mBuilding CXX object CMakeFiles/task_2_interfaces__rosidl_typesupport_fastrtps_c.dir/rosidl_typesupport_fastrtps_c/task_2_interfaces/msg/detail/joint_data__type_support_c.cpp.o[0m
[4.155s] [ 35%] [32mBuilding CXX object CMakeFiles/task_2_interfaces__rosidl_typesupport_cpp.dir/rosidl_typesupport_cpp/task_2_interfaces/srv/joint_state__type_support.cpp.o[0m
[4.310s] [ 38%] [32mBuilding CXX object CMakeFiles/task_2_interfaces__rosidl_typesupport_introspection_cpp.dir/rosidl_typesupport_introspection_cpp/task_2_interfaces/srv/detail/joint_state__type_support.cpp.o[0m
[4.622s] [ 41%] [32mBuilding CXX object CMakeFiles/task_2_interfaces__rosidl_typesupport_fastrtps_c.dir/rosidl_typesupport_fastrtps_c/task_2_interfaces/srv/detail/joint_state__type_support_c.cpp.o[0m
[4.665s] [ 43%] [32mBuilding CXX object CMakeFiles/task_2_interfaces__rosidl_typesupport_fastrtps_cpp.dir/rosidl_typesupport_fastrtps_cpp/task_2_interfaces/srv/detail/dds_fastrtps/joint_state__type_support.cpp.o[0m
[4.920s] [ 46%] [32m[1mLinking CXX shared library libtask_2_interfaces__rosidl_typesupport_cpp.so[0m
[5.064s] [ 46%] Built target task_2_interfaces__rosidl_typesupport_cpp
[5.105s] [ 48%] [34m[1mGenerating C introspection for ROS interfaces[0m
[5.416s] [ 51%] [32m[1mLinking CXX shared library libtask_2_interfaces__rosidl_typesupport_introspection_cpp.so[0m
[5.602s] [ 53%] [32m[1mLinking CXX shared library libtask_2_interfaces__rosidl_typesupport_fastrtps_c.so[0m
[5.662s] [ 53%] Built target task_2_interfaces__rosidl_typesupport_introspection_cpp
[5.704s] [ 56%] [34m[1mGenerating C type support dispatch for ROS interfaces[0m
[5.779s] [ 56%] Built target task_2_interfaces__rosidl_typesupport_fastrtps_c
[5.859s] [ 58%] [32m[1mLinking CXX shared library libtask_2_interfaces__rosidl_typesupport_fastrtps_cpp.so[0m
[5.954s] [ 61%] [32mBuilding C object CMakeFiles/task_2_interfaces__rosidl_typesupport_introspection_c.dir/rosidl_typesupport_introspection_c/task_2_interfaces/srv/detail/joint_state__type_support.c.o[0m
[5.979s] [ 64%] [32mBuilding C object CMakeFiles/task_2_interfaces__rosidl_typesupport_introspection_c.dir/rosidl_typesupport_introspection_c/task_2_interfaces/msg/detail/joint_data__type_support.c.o[0m
[6.088s] [ 66%] [32m[1mLinking C shared library libtask_2_interfaces__rosidl_typesupport_introspection_c.so[0m
[6.137s] [ 66%] Built target task_2_interfaces__rosidl_typesupport_fastrtps_cpp
[6.195s] [ 66%] Built target task_2_interfaces__rosidl_typesupport_introspection_c
[6.332s] [ 69%] [32mBuilding CXX object CMakeFiles/task_2_interfaces__rosidl_typesupport_c.dir/rosidl_typesupport_c/task_2_interfaces/msg/joint_data__type_support.cpp.o[0m
[6.333s] [ 71%] [32mBuilding CXX object CMakeFiles/task_2_interfaces__rosidl_typesupport_c.dir/rosidl_typesupport_c/task_2_interfaces/srv/joint_state__type_support.cpp.o[0m
[6.407s] [ 74%] [32m[1mLinking CXX shared library libtask_2_interfaces__rosidl_typesupport_c.so[0m
[6.480s] [ 74%] Built target task_2_interfaces__rosidl_typesupport_c
[6.532s] [ 74%] Built target task_2_interfaces
[6.577s] [ 76%] [34m[1mGenerating Python code for ROS interfaces[0m
[7.261s] [ 76%] Built target task_2_interfaces__py
[7.317s] [ 79%] [32mBuilding C object CMakeFiles/task_2_interfaces__rosidl_generator_py.dir/rosidl_generator_py/task_2_interfaces/msg/_joint_data_s.c.o[0m
[7.318s] [ 82%] [32mBuilding C object CMakeFiles/task_2_interfaces__rosidl_generator_py.dir/rosidl_generator_py/task_2_interfaces/srv/_joint_state_s.c.o[0m
[7.452s] [ 84%] [32m[1mLinking C shared library rosidl_generator_py/task_2_interfaces/libtask_2_interfaces__rosidl_generator_py.so[0m
[7.521s] [ 84%] Built target task_2_interfaces__rosidl_generator_py
[7.550s] [ 89%] [32mBuilding C object CMakeFiles/task_2_interfaces__rosidl_typesupport_fastrtps_c__pyext.dir/rosidl_generator_py/task_2_interfaces/_task_2_interfaces_s.ep.rosidl_typesupport_fastrtps_c.c.o[0m
[7.550s] [ 89%] [32mBuilding C object CMakeFiles/task_2_interfaces__rosidl_typesupport_introspection_c__pyext.dir/rosidl_generator_py/task_2_interfaces/_task_2_interfaces_s.ep.rosidl_typesupport_introspection_c.c.o[0m
[7.550s] [ 92%] [32mBuilding C object CMakeFiles/task_2_interfaces__rosidl_typesupport_c__pyext.dir/rosidl_generator_py/task_2_interfaces/_task_2_interfaces_s.ep.rosidl_typesupport_c.c.o[0m
[7.672s] [ 94%] [32m[1mLinking C shared library rosidl_generator_py/task_2_interfaces/task_2_interfaces_s__rosidl_typesupport_introspection_c.cpython-310-x86_64-linux-gnu.so[0m
[7.681s] [ 97%] [32m[1mLinking C shared library rosidl_generator_py/task_2_interfaces/task_2_interfaces_s__rosidl_typesupport_fastrtps_c.cpython-310-x86_64-linux-gnu.so[0m
[7.683s] [100%] [32m[1mLinking C shared library rosidl_generator_py/task_2_interfaces/task_2_interfaces_s__rosidl_typesupport_c.cpython-310-x86_64-linux-gnu.so[0m
[7.737s] [100%] Built target task_2_interfaces__rosidl_typesupport_introspection_c__pyext
[7.743s] [100%] Built target task_2_interfaces__rosidl_typesupport_fastrtps_c__pyext
[7.746s] [100%] Built target task_2_interfaces__rosidl_typesupport_c__pyext
[7.764s] Invoked command in '/home/me597/me597/Lab1/ws1/build/task_2_interfaces' returned '0': CMAKE_PREFIX_PATH=${CMAKE_PREFIX_PATH}:/home/me597/me597/Lab1/ws1/install/task2:/home/me597/me597/Lab1/ws1/install/task1:/home/me597/ece569-fall2025/Lab1/ws1/install/mypubsub:/opt/ros/humble /usr/bin/cmake --build /home/me597/me597/Lab1/ws1/build/task_2_interfaces -- -j4 -l4
[7.936s] Invoking command in '/home/me597/me597/Lab1/ws1/build/task_2_interfaces': CMAKE_PREFIX_PATH=${CMAKE_PREFIX_PATH}:/home/me597/me597/Lab1/ws1/install/task2:/home/me597/me597/Lab1/ws1/install/task1:/home/me597/ece569-fall2025/Lab1/ws1/install/mypubsub:/opt/ros/humble /usr/bin/cmake --install /home/me597/me597/Lab1/ws1/build/task_2_interfaces
[7.946s] -- Install configuration: ""
[7.947s] -- Execute custom install script
[7.948s] -- Symlinking: /home/me597/me597/Lab1/ws1/install/task_2_interfaces/share/ament_index/resource_index/rosidl_interfaces/task_2_interfaces
[7.959s] -- Symlinking: /home/me597/me597/Lab1/ws1/install/task_2_interfaces/include/task_2_interfaces/task_2_interfaces/msg/detail/joint_data__functions.h
[7.976s] -- Symlinking: /home/me597/me597/Lab1/ws1/install/task_2_interfaces/include/task_2_interfaces/task_2_interfaces/msg/detail/joint_data__struct.h
[7.988s] -- Symlinking: /home/me597/me597/Lab1/ws1/install/task_2_interfaces/include/task_2_interfaces/task_2_interfaces/msg/detail/joint_data__type_support.h
[7.999s] -- Symlinking: /home/me597/me597/Lab1/ws1/install/task_2_interfaces/include/task_2_interfaces/task_2_interfaces/msg/joint_data.h
[8.009s] -- Symlinking: /home/me597/me597/Lab1/ws1/install/task_2_interfaces/include/task_2_interfaces/task_2_interfaces/msg/rosidl_generator_c__visibility_control.h
[8.019s] -- Symlinking: /home/me597/me597/Lab1/ws1/install/task_2_interfaces/include/task_2_interfaces/task_2_interfaces/srv/detail/joint_state__functions.h
[8.028s] -- Symlinking: /home/me597/me597/Lab1/ws1/install/task_2_interfaces/include/task_2_interfaces/task_2_interfaces/srv/detail/joint_state__struct.h
[8.038s] -- Symlinking: /home/me597/me597/Lab1/ws1/install/task_2_interfaces/include/task_2_interfaces/task_2_interfaces/srv/detail/joint_state__type_support.h
[8.047s] -- Symlinking: /home/me597/me597/Lab1/ws1/install/task_2_interfaces/include/task_2_interfaces/task_2_interfaces/srv/joint_state.h
[8.057s] -- Symlinking: /home/me597/me597/Lab1/ws1/install/task_2_interfaces/share/task_2_interfaces/environment/library_path.sh
[8.066s] -- Symlinking: /home/me597/me597/Lab1/ws1/install/task_2_interfaces/share/task_2_interfaces/environment/library_path.dsv
[8.081s] -- Symlinking: /home/me597/me597/Lab1/ws1/install/task_2_interfaces/include/task_2_interfaces/task_2_interfaces/msg/detail/joint_data__rosidl_typesupport_fastrtps_c.h
[8.093s] -- Symlinking: /home/me597/me597/Lab1/ws1/install/task_2_interfaces/include/task_2_interfaces/task_2_interfaces/msg/rosidl_typesupport_fastrtps_c__visibility_control.h
[8.105s] -- Symlinking: /home/me597/me597/Lab1/ws1/install/task_2_interfaces/include/task_2_interfaces/task_2_interfaces/srv/detail/joint_state__rosidl_typesupport_fastrtps_c.h
[8.116s] -- Symlinking: /home/me597/me597/Lab1/ws1/install/task_2_interfaces/include/task_2_interfaces/task_2_interfaces/msg/detail/joint_data__builder.hpp
[8.126s] -- Symlinking: /home/me597/me597/Lab1/ws1/install/task_2_interfaces/include/task_2_interfaces/task_2_interfaces/msg/detail/joint_data__struct.hpp
[8.135s] -- Symlinking: /home/me597/me597/Lab1/ws1/install/task_2_interfaces/include/task_2_interfaces/task_2_interfaces/msg/detail/joint_data__traits.hpp
[8.145s] -- Symlinking: /home/me597/me597/Lab1/ws1/install/task_2_interfaces/include/task_2_interfaces/task_2_interfaces/msg/joint_data.hpp
[8.154s] -- Symlinking: /home/me597/me597/Lab1/ws1/install/task_2_interfaces/include/task_2_interfaces/task_2_interfaces/srv/detail/joint_state__builder.hpp
[8.164s] -- Symlinking: /home/me597/me597/Lab1/ws1/install/task_2_interfaces/include/task_2_interfaces/task_2_interfaces/srv/detail/joint_state__struct.hpp
[8.177s] -- Symlinking: /home/me597/me597/Lab1/ws1/install/task_2_interfaces/include/task_2_interfaces/task_2_interfaces/srv/detail/joint_state__traits.hpp
[8.199s] -- Symlinking: /home/me597/me597/Lab1/ws1/install/task_2_interfaces/include/task_2_interfaces/task_2_interfaces/srv/joint_state.hpp
[8.216s] -- Symlinking: /home/me597/me597/Lab1/ws1/install/task_2_interfaces/include/task_2_interfaces/task_2_interfaces/msg/detail/joint_data__rosidl_typesupport_fastrtps_cpp.hpp
[8.227s] -- Symlinking: /home/me597/me597/Lab1/ws1/install/task_2_interfaces/include/task_2_interfaces/task_2_interfaces/msg/rosidl_typesupport_fastrtps_cpp__visibility_control.h
[8.238s] -- Symlinking: /home/me597/me597/Lab1/ws1/install/task_2_interfaces/include/task_2_interfaces/task_2_interfaces/srv/detail/joint_state__rosidl_typesupport_fastrtps_cpp.hpp
[8.252s] -- Symlinking: /home/me597/me597/Lab1/ws1/install/task_2_interfaces/include/task_2_interfaces/task_2_interfaces/msg/detail/joint_data__rosidl_typesupport_introspection_c.h
[8.260s] -- Symlinking: /home/me597/me597/Lab1/ws1/install/task_2_interfaces/include/task_2_interfaces/task_2_interfaces/msg/rosidl_typesupport_introspection_c__visibility_control.h
[8.269s] -- Symlinking: /home/me597/me597/Lab1/ws1/install/task_2_interfaces/include/task_2_interfaces/task_2_interfaces/srv/detail/joint_state__rosidl_typesupport_introspection_c.h
[8.284s] -- Symlinking: /home/me597/me597/Lab1/ws1/install/task_2_interfaces/include/task_2_interfaces/task_2_interfaces/msg/detail/joint_data__rosidl_typesupport_introspection_cpp.hpp
[8.297s] -- Symlinking: /home/me597/me597/Lab1/ws1/install/task_2_interfaces/include/task_2_interfaces/task_2_interfaces/srv/detail/joint_state__rosidl_typesupport_introspection_cpp.hpp
[8.310s] -- Symlinking: /home/me597/me597/Lab1/ws1/install/task_2_interfaces/share/task_2_interfaces/environment/pythonpath.sh
[8.321s] -- Symlinking: /home/me597/me597/Lab1/ws1/install/task_2_interfaces/share/task_2_interfaces/environment/pythonpath.dsv
[8.334s] -- Symlinking: /home/me597/me597/Lab1/ws1/install/task_2_interfaces/local/lib/python3.10/dist-packages/task_2_interfaces-0.0.0-py3.10.egg-info/PKG-INFO
[8.347s] -- Symlinking: /home/me597/me597/Lab1/ws1/install/task_2_interfaces/local/lib/python3.10/dist-packages/task_2_interfaces-0.0.0-py3.10.egg-info/SOURCES.txt
[8.357s] -- Symlinking: /home/me597/me597/Lab1/ws1/install/task_2_interfaces/local/lib/python3.10/dist-packages/task_2_interfaces-0.0.0-py3.10.egg-info/dependency_links.txt
[8.370s] -- Symlinking: /home/me597/me597/Lab1/ws1/install/task_2_interfaces/local/lib/python3.10/dist-packages/task_2_interfaces-0.0.0-py3.10.egg-info/top_level.txt
[8.384s] -- Symlinking: /home/me597/me597/Lab1/ws1/install/task_2_interfaces/local/lib/python3.10/dist-packages/task_2_interfaces/__init__.py
[8.396s] -- Symlinking: /home/me597/me597/Lab1/ws1/install/task_2_interfaces/local/lib/python3.10/dist-packages/task_2_interfaces/_task_2_interfaces_s.ep.rosidl_typesupport_c.c
[8.407s] -- Symlinking: /home/me597/me597/Lab1/ws1/install/task_2_interfaces/local/lib/python3.10/dist-packages/task_2_interfaces/_task_2_interfaces_s.ep.rosidl_typesupport_fastrtps_c.c
[8.419s] -- Symlinking: /home/me597/me597/Lab1/ws1/install/task_2_interfaces/local/lib/python3.10/dist-packages/task_2_interfaces/_task_2_interfaces_s.ep.rosidl_typesupport_introspection_c.c
[8.430s] -- Symlinking: /home/me597/me597/Lab1/ws1/install/task_2_interfaces/local/lib/python3.10/dist-packages/task_2_interfaces/libtask_2_interfaces__rosidl_generator_py.so
[8.442s] -- Symlinking: /home/me597/me597/Lab1/ws1/install/task_2_interfaces/local/lib/python3.10/dist-packages/task_2_interfaces/msg/__init__.py
[8.453s] -- Symlinking: /home/me597/me597/Lab1/ws1/install/task_2_interfaces/local/lib/python3.10/dist-packages/task_2_interfaces/msg/_joint_data.py
[8.465s] -- Symlinking: /home/me597/me597/Lab1/ws1/install/task_2_interfaces/local/lib/python3.10/dist-packages/task_2_interfaces/msg/_joint_data_s.c
[8.477s] -- Symlinking: /home/me597/me597/Lab1/ws1/install/task_2_interfaces/local/lib/python3.10/dist-packages/task_2_interfaces/srv/__init__.py
[8.491s] -- Symlinking: /home/me597/me597/Lab1/ws1/install/task_2_interfaces/local/lib/python3.10/dist-packages/task_2_interfaces/srv/_joint_state.py
[8.505s] -- Symlinking: /home/me597/me597/Lab1/ws1/install/task_2_interfaces/local/lib/python3.10/dist-packages/task_2_interfaces/srv/_joint_state_s.c
[8.515s] -- Symlinking: /home/me597/me597/Lab1/ws1/install/task_2_interfaces/local/lib/python3.10/dist-packages/task_2_interfaces/task_2_interfaces_s__rosidl_typesupport_c.cpython-310-x86_64-linux-gnu.so
[8.529s] -- Symlinking: /home/me597/me597/Lab1/ws1/install/task_2_interfaces/local/lib/python3.10/dist-packages/task_2_interfaces/task_2_interfaces_s__rosidl_typesupport_fastrtps_c.cpython-310-x86_64-linux-gnu.so
[8.536s] -- Symlinking: /home/me597/me597/Lab1/ws1/install/task_2_interfaces/local/lib/python3.10/dist-packages/task_2_interfaces/task_2_interfaces_s__rosidl_typesupport_introspection_c.cpython-310-x86_64-linux-gnu.so
[8.547s] -- Up-to-date symlink: /home/me597/me597/Lab1/ws1/install/task_2_interfaces/local/lib/python3.10/dist-packages/task_2_interfaces/task_2_interfaces_s__rosidl_typesupport_fastrtps_c.cpython-310-x86_64-linux-gnu.so
[8.547s] -- Up-to-date symlink: /home/me597/me597/Lab1/ws1/install/task_2_interfaces/local/lib/python3.10/dist-packages/task_2_interfaces/task_2_interfaces_s__rosidl_typesupport_introspection_c.cpython-310-x86_64-linux-gnu.so
[8.547s] -- Up-to-date symlink: /home/me597/me597/Lab1/ws1/install/task_2_interfaces/local/lib/python3.10/dist-packages/task_2_interfaces/task_2_interfaces_s__rosidl_typesupport_c.cpython-310-x86_64-linux-gnu.so
[8.547s] -- Symlinking: /home/me597/me597/Lab1/ws1/install/task_2_interfaces/share/task_2_interfaces/msg/JointData.idl
[8.558s] -- Symlinking: /home/me597/me597/Lab1/ws1/install/task_2_interfaces/share/task_2_interfaces/srv/JointState.idl
[8.568s] -- Symlinking: /home/me597/me597/Lab1/ws1/install/task_2_interfaces/share/task_2_interfaces/msg/JointData.msg
[8.581s] -- Symlinking: /home/me597/me597/Lab1/ws1/install/task_2_interfaces/share/task_2_interfaces/srv/JointState.srv
[8.597s] -- Symlinking: /home/me597/me597/Lab1/ws1/install/task_2_interfaces/share/task_2_interfaces/srv/JointState_Request.msg
[8.610s] -- Symlinking: /home/me597/me597/Lab1/ws1/install/task_2_interfaces/share/task_2_interfaces/srv/JointState_Response.msg
[8.623s] -- Symlinking: /home/me597/me597/Lab1/ws1/install/task_2_interfaces/share/ament_index/resource_index/package_run_dependencies/task_2_interfaces
[8.634s] -- Symlinking: /home/me597/me597/Lab1/ws1/install/task_2_interfaces/share/ament_index/resource_index/parent_prefix_path/task_2_interfaces
[8.646s] -- Symlinking: /home/me597/me597/Lab1/ws1/install/task_2_interfaces/share/task_2_interfaces/environment/ament_prefix_path.sh
[8.657s] -- Symlinking: /home/me597/me597/Lab1/ws1/install/task_2_interfaces/share/task_2_interfaces/environment/ament_prefix_path.dsv
[8.668s] -- Symlinking: /home/me597/me597/Lab1/ws1/install/task_2_interfaces/share/task_2_interfaces/environment/path.sh
[8.680s] -- Symlinking: /home/me597/me597/Lab1/ws1/install/task_2_interfaces/share/task_2_interfaces/environment/path.dsv
[8.693s] -- Symlinking: /home/me597/me597/Lab1/ws1/install/task_2_interfaces/share/task_2_interfaces/local_setup.bash
[8.707s] -- Symlinking: /home/me597/me597/Lab1/ws1/install/task_2_interfaces/share/task_2_interfaces/local_setup.sh
[8.719s] -- Symlinking: /home/me597/me597/Lab1/ws1/install/task_2_interfaces/share/task_2_interfaces/local_setup.zsh
[8.731s] -- Symlinking: /home/me597/me597/Lab1/ws1/install/task_2_interfaces/share/task_2_interfaces/local_setup.dsv
[8.742s] -- Symlinking: /home/me597/me597/Lab1/ws1/install/task_2_interfaces/share/task_2_interfaces/package.dsv
[8.752s] -- Symlinking: /home/me597/me597/Lab1/ws1/install/task_2_interfaces/share/ament_index/resource_index/packages/task_2_interfaces
[8.761s] -- Symlinking: /home/me597/me597/Lab1/ws1/install/task_2_interfaces/share/task_2_interfaces/cmake/rosidl_cmake-extras.cmake
[8.771s] -- Symlinking: /home/me597/me597/Lab1/ws1/install/task_2_interfaces/share/task_2_interfaces/cmake/ament_cmake_export_dependencies-extras.cmake
[8.781s] -- Symlinking: /home/me597/me597/Lab1/ws1/install/task_2_interfaces/share/task_2_interfaces/cmake/ament_cmake_export_include_directories-extras.cmake
[8.795s] -- Symlinking: /home/me597/me597/Lab1/ws1/install/task_2_interfaces/share/task_2_interfaces/cmake/ament_cmake_export_libraries-extras.cmake
[8.807s] -- Symlinking: /home/me597/me597/Lab1/ws1/install/task_2_interfaces/share/task_2_interfaces/cmake/ament_cmake_export_targets-extras.cmake
[8.819s] -- Symlinking: /home/me597/me597/Lab1/ws1/install/task_2_interfaces/share/task_2_interfaces/cmake/rosidl_cmake_export_typesupport_targets-extras.cmake
[8.829s] -- Symlinking: /home/me597/me597/Lab1/ws1/install/task_2_interfaces/share/task_2_interfaces/cmake/rosidl_cmake_export_typesupport_libraries-extras.cmake
[8.839s] -- Symlinking: /home/me597/me597/Lab1/ws1/install/task_2_interfaces/share/task_2_interfaces/cmake/task_2_interfacesConfig.cmake
[8.848s] -- Symlinking: /home/me597/me597/Lab1/ws1/install/task_2_interfaces/share/task_2_interfaces/cmake/task_2_interfacesConfig-version.cmake
[8.858s] -- Symlinking: /home/me597/me597/Lab1/ws1/install/task_2_interfaces/share/task_2_interfaces/package.xml
[8.868s] -- Installing: /home/me597/me597/Lab1/ws1/install/task_2_interfaces/lib/libtask_2_interfaces__rosidl_generator_c.so
[8.869s] -- Set runtime path of "/home/me597/me597/Lab1/ws1/install/task_2_interfaces/lib/libtask_2_interfaces__rosidl_generator_c.so" to ""
[8.869s] -- Installing: /home/me597/me597/Lab1/ws1/install/task_2_interfaces/lib/libtask_2_interfaces__rosidl_typesupport_fastrtps_c.so
[8.869s] -- Set runtime path of "/home/me597/me597/Lab1/ws1/install/task_2_interfaces/lib/libtask_2_interfaces__rosidl_typesupport_fastrtps_c.so" to ""
[8.869s] -- Installing: /home/me597/me597/Lab1/ws1/install/task_2_interfaces/lib/libtask_2_interfaces__rosidl_typesupport_fastrtps_cpp.so
[8.870s] -- Set runtime path of "/home/me597/me597/Lab1/ws1/install/task_2_interfaces/lib/libtask_2_interfaces__rosidl_typesupport_fastrtps_cpp.so" to ""
[8.870s] -- Installing: /home/me597/me597/Lab1/ws1/install/task_2_interfaces/lib/libtask_2_interfaces__rosidl_typesupport_introspection_c.so
[8.870s] -- Set runtime path of "/home/me597/me597/Lab1/ws1/install/task_2_interfaces/lib/libtask_2_interfaces__rosidl_typesupport_introspection_c.so" to ""
[8.870s] -- Installing: /home/me597/me597/Lab1/ws1/install/task_2_interfaces/lib/libtask_2_interfaces__rosidl_typesupport_c.so
[8.871s] -- Set runtime path of "/home/me597/me597/Lab1/ws1/install/task_2_interfaces/lib/libtask_2_interfaces__rosidl_typesupport_c.so" to ""
[8.871s] -- Installing: /home/me597/me597/Lab1/ws1/install/task_2_interfaces/lib/libtask_2_interfaces__rosidl_typesupport_introspection_cpp.so
[8.871s] -- Set runtime path of "/home/me597/me597/Lab1/ws1/install/task_2_interfaces/lib/libtask_2_interfaces__rosidl_typesupport_introspection_cpp.so" to ""
[8.871s] -- Installing: /home/me597/me597/Lab1/ws1/install/task_2_interfaces/lib/libtask_2_interfaces__rosidl_typesupport_cpp.so
[8.872s] -- Set runtime path of "/home/me597/me597/Lab1/ws1/install/task_2_interfaces/lib/libtask_2_interfaces__rosidl_typesupport_cpp.so" to ""
[8.919s] Listing '/home/me597/me597/Lab1/ws1/install/task_2_interfaces/local/lib/python3.10/dist-packages/task_2_interfaces'...
[8.919s] Compiling '/home/me597/me597/Lab1/ws1/install/task_2_interfaces/local/lib/python3.10/dist-packages/task_2_interfaces/__init__.py'...
[8.919s] Listing '/home/me597/me597/Lab1/ws1/install/task_2_interfaces/local/lib/python3.10/dist-packages/task_2_interfaces/msg'...
[8.919s] Compiling '/home/me597/me597/Lab1/ws1/install/task_2_interfaces/local/lib/python3.10/dist-packages/task_2_interfaces/msg/__init__.py'...
[8.919s] Compiling '/home/me597/me597/Lab1/ws1/install/task_2_interfaces/local/lib/python3.10/dist-packages/task_2_interfaces/msg/_joint_data.py'...
[8.919s] Listing '/home/me597/me597/Lab1/ws1/install/task_2_interfaces/local/lib/python3.10/dist-packages/task_2_interfaces/srv'...
[8.919s] Compiling '/home/me597/me597/Lab1/ws1/install/task_2_interfaces/local/lib/python3.10/dist-packages/task_2_interfaces/srv/__init__.py'...
[8.919s] Compiling '/home/me597/me597/Lab1/ws1/install/task_2_interfaces/local/lib/python3.10/dist-packages/task_2_interfaces/srv/_joint_state.py'...
[8.924s] -- Installing: /home/me597/me597/Lab1/ws1/install/task_2_interfaces/lib/libtask_2_interfaces__rosidl_generator_py.so
[8.924s] -- Set runtime path of "/home/me597/me597/Lab1/ws1/install/task_2_interfaces/lib/libtask_2_interfaces__rosidl_generator_py.so" to ""
[8.924s] -- Installing: /home/me597/me597/Lab1/ws1/install/task_2_interfaces/share/task_2_interfaces/cmake/export_task_2_interfaces__rosidl_generator_cExport.cmake
[8.924s] -- Installing: /home/me597/me597/Lab1/ws1/install/task_2_interfaces/share/task_2_interfaces/cmake/export_task_2_interfaces__rosidl_generator_cExport-noconfig.cmake
[8.924s] -- Installing: /home/me597/me597/Lab1/ws1/install/task_2_interfaces/share/task_2_interfaces/cmake/export_task_2_interfaces__rosidl_typesupport_fastrtps_cExport.cmake
[8.924s] -- Installing: /home/me597/me597/Lab1/ws1/install/task_2_interfaces/share/task_2_interfaces/cmake/export_task_2_interfaces__rosidl_typesupport_fastrtps_cExport-noconfig.cmake
[8.924s] -- Installing: /home/me597/me597/Lab1/ws1/install/task_2_interfaces/share/task_2_interfaces/cmake/export_task_2_interfaces__rosidl_generator_cppExport.cmake
[8.924s] -- Installing: /home/me597/me597/Lab1/ws1/install/task_2_interfaces/share/task_2_interfaces/cmake/export_task_2_interfaces__rosidl_typesupport_fastrtps_cppExport.cmake
[8.924s] -- Installing: /home/me597/me597/Lab1/ws1/install/task_2_interfaces/share/task_2_interfaces/cmake/export_task_2_interfaces__rosidl_typesupport_fastrtps_cppExport-noconfig.cmake
[8.925s] -- Installing: /home/me597/me597/Lab1/ws1/install/task_2_interfaces/share/task_2_interfaces/cmake/task_2_interfaces__rosidl_typesupport_introspection_cExport.cmake
[8.925s] -- Installing: /home/me597/me597/Lab1/ws1/install/task_2_interfaces/share/task_2_interfaces/cmake/task_2_interfaces__rosidl_typesupport_introspection_cExport-noconfig.cmake
[8.925s] -- Installing: /home/me597/me597/Lab1/ws1/install/task_2_interfaces/share/task_2_interfaces/cmake/task_2_interfaces__rosidl_typesupport_cExport.cmake
[8.925s] -- Installing: /home/me597/me597/Lab1/ws1/install/task_2_interfaces/share/task_2_interfaces/cmake/task_2_interfaces__rosidl_typesupport_cExport-noconfig.cmake
[8.925s] -- Installing: /home/me597/me597/Lab1/ws1/install/task_2_interfaces/share/task_2_interfaces/cmake/task_2_interfaces__rosidl_typesupport_introspection_cppExport.cmake
[8.925s] -- Installing: /home/me597/me597/Lab1/ws1/install/task_2_interfaces/share/task_2_interfaces/cmake/task_2_interfaces__rosidl_typesupport_introspection_cppExport-noconfig.cmake
[8.925s] -- Installing: /home/me597/me597/Lab1/ws1/install/task_2_interfaces/share/task_2_interfaces/cmake/task_2_interfaces__rosidl_typesupport_cppExport.cmake
[8.925s] -- Installing: /home/me597/me597/Lab1/ws1/install/task_2_interfaces/share/task_2_interfaces/cmake/task_2_interfaces__rosidl_typesupport_cppExport-noconfig.cmake
[8.925s] -- Installing: /home/me597/me597/Lab1/ws1/install/task_2_interfaces/share/task_2_interfaces/cmake/export_task_2_interfaces__rosidl_generator_pyExport.cmake
[8.925s] -- Installing: /home/me597/me597/Lab1/ws1/install/task_2_interfaces/share/task_2_interfaces/cmake/export_task_2_interfaces__rosidl_generator_pyExport-noconfig.cmake
[8.930s] Invoked command in '/home/me597/me597/Lab1/ws1/build/task_2_interfaces' returned '0': CMAKE_PREFIX_PATH=${CMAKE_PREFIX_PATH}:/home/me597/me597/Lab1/ws1/install/task2:/home/me597/me597/Lab1/ws1/install/task1:/home/me597/ece569-fall2025/Lab1/ws1/install/mypubsub:/opt/ros/humble /usr/bin/cmake --install /home/me597/me597/Lab1/ws1/build/task_2_interfaces
