[0.239s] DEBUG:colcon:Command line arguments: ['/usr/bin/colcon', 'build', '--symlink-install']
[0.240s] DEBUG:colcon:Parsed command line arguments: Namespace(log_base=None, log_level=None, verb_name='build', build_base='build', install_base='install', merge_install=False, symlink_install=True, test_result_base=None, continue_on_error=False, executor='parallel', parallel_workers=4, event_handlers=None, ignore_user_meta=False, metas=['./colcon.meta'], base_paths=['.'], packages_ignore=None, packages_ignore_regex=None, paths=None, packages_up_to=None, packages_up_to_regex=None, packages_above=None, packages_above_and_dependencies=None, packages_above_depth=None, packages_select_by_dep=None, packages_skip_by_dep=None, packages_skip_up_to=None, packages_select_build_failed=False, packages_skip_build_finished=False, packages_select_test_failures=False, packages_skip_test_passed=False, packages_select=None, packages_skip=None, packages_select_regex=None, packages_skip_regex=None, packages_start=None, packages_end=None, allow_overriding=[], cmake_args=None, cmake_target=None, cmake_target_skip_unavailable=False, cmake_clean_cache=False, cmake_clean_first=False, cmake_force_configure=False, ament_cmake_args=None, catkin_cmake_args=None, catkin_skip_building_tests=False, mixin_files=None, mixin=None, verb_parser=<colcon_mixin.mixin.mixin_argument.MixinArgumentDecorator object at 0x7eb19224c6a0>, verb_extension=<colcon_core.verb.build.BuildVerb object at 0x7eb192358ee0>, main=<bound method BuildVerb.main of <colcon_core.verb.build.BuildVerb object at 0x7eb192358ee0>>, mixin_verb=('build',))
[0.627s] Level 1:colcon.colcon_core.package_discovery:discover_packages(colcon_meta) check parameters
[0.627s] Level 1:colcon.colcon_core.package_discovery:discover_packages(recursive) check parameters
[0.627s] Level 1:colcon.colcon_core.package_discovery:discover_packages(ignore) check parameters
[0.627s] Level 1:colcon.colcon_core.package_discovery:discover_packages(path) check parameters
[0.627s] Level 1:colcon.colcon_core.package_discovery:discover_packages(colcon_meta) discover
[0.627s] Level 1:colcon.colcon_core.package_discovery:discover_packages(recursive) discover
[0.627s] INFO:colcon.colcon_core.package_discovery:Crawling recursively for packages in '/home/me597/me597/Lab2/ws1'
[0.628s] Level 1:colcon.colcon_core.package_identification:_identify(.) by extensions ['ignore', 'ignore_ament_install']
[0.628s] Level 1:colcon.colcon_core.package_identification:_identify(.) by extension 'ignore'
[0.628s] Level 1:colcon.colcon_core.package_identification:_identify(.) by extension 'ignore_ament_install'
[0.628s] Level 1:colcon.colcon_core.package_identification:_identify(.) by extensions ['colcon_pkg']
[0.628s] Level 1:colcon.colcon_core.package_identification:_identify(.) by extension 'colcon_pkg'
[0.628s] Level 1:colcon.colcon_core.package_identification:_identify(.) by extensions ['colcon_meta']
[0.628s] Level 1:colcon.colcon_core.package_identification:_identify(.) by extension 'colcon_meta'
[0.628s] Level 1:colcon.colcon_core.package_identification:_identify(.) by extensions ['ros']
[0.628s] Level 1:colcon.colcon_core.package_identification:_identify(.) by extension 'ros'
[0.643s] Level 1:colcon.colcon_core.package_identification:_identify(.) by extensions ['cmake', 'python']
[0.643s] Level 1:colcon.colcon_core.package_identification:_identify(.) by extension 'cmake'
[0.643s] Level 1:colcon.colcon_core.package_identification:_identify(.) by extension 'python'
[0.643s] Level 1:colcon.colcon_core.package_identification:_identify(.) by extensions ['python_setup_py']
[0.644s] Level 1:colcon.colcon_core.package_identification:_identify(.) by extension 'python_setup_py'
[0.644s] Level 1:colcon.colcon_core.package_identification:_identify(build) by extensions ['ignore', 'ignore_ament_install']
[0.644s] Level 1:colcon.colcon_core.package_identification:_identify(build) by extension 'ignore'
[0.644s] Level 1:colcon.colcon_core.package_identification:_identify(build) ignored
[0.644s] Level 1:colcon.colcon_core.package_identification:_identify(install) by extensions ['ignore', 'ignore_ament_install']
[0.644s] Level 1:colcon.colcon_core.package_identification:_identify(install) by extension 'ignore'
[0.644s] Level 1:colcon.colcon_core.package_identification:_identify(install) ignored
[0.644s] Level 1:colcon.colcon_core.package_identification:_identify(log) by extensions ['ignore', 'ignore_ament_install']
[0.644s] Level 1:colcon.colcon_core.package_identification:_identify(log) by extension 'ignore'
[0.645s] Level 1:colcon.colcon_core.package_identification:_identify(log) ignored
[0.645s] Level 1:colcon.colcon_core.package_identification:_identify(src) by extensions ['ignore', 'ignore_ament_install']
[0.645s] Level 1:colcon.colcon_core.package_identification:_identify(src) by extension 'ignore'
[0.645s] Level 1:colcon.colcon_core.package_identification:_identify(src) by extension 'ignore_ament_install'
[0.645s] Level 1:colcon.colcon_core.package_identification:_identify(src) by extensions ['colcon_pkg']
[0.645s] Level 1:colcon.colcon_core.package_identification:_identify(src) by extension 'colcon_pkg'
[0.645s] Level 1:colcon.colcon_core.package_identification:_identify(src) by extensions ['colcon_meta']
[0.645s] Level 1:colcon.colcon_core.package_identification:_identify(src) by extension 'colcon_meta'
[0.645s] Level 1:colcon.colcon_core.package_identification:_identify(src) by extensions ['ros']
[0.645s] Level 1:colcon.colcon_core.package_identification:_identify(src) by extension 'ros'
[0.645s] Level 1:colcon.colcon_core.package_identification:_identify(src) by extensions ['cmake', 'python']
[0.645s] Level 1:colcon.colcon_core.package_identification:_identify(src) by extension 'cmake'
[0.645s] Level 1:colcon.colcon_core.package_identification:_identify(src) by extension 'python'
[0.645s] Level 1:colcon.colcon_core.package_identification:_identify(src) by extensions ['python_setup_py']
[0.646s] Level 1:colcon.colcon_core.package_identification:_identify(src) by extension 'python_setup_py'
[0.646s] Level 1:colcon.colcon_core.package_identification:_identify(src/build) by extensions ['ignore', 'ignore_ament_install']
[0.646s] Level 1:colcon.colcon_core.package_identification:_identify(src/build) by extension 'ignore'
[0.646s] Level 1:colcon.colcon_core.package_identification:_identify(src/build) ignored
[0.646s] Level 1:colcon.colcon_core.package_identification:_identify(src/install) by extensions ['ignore', 'ignore_ament_install']
[0.646s] Level 1:colcon.colcon_core.package_identification:_identify(src/install) by extension 'ignore'
[0.646s] Level 1:colcon.colcon_core.package_identification:_identify(src/install) ignored
[0.646s] Level 1:colcon.colcon_core.package_identification:_identify(src/log) by extensions ['ignore', 'ignore_ament_install']
[0.647s] Level 1:colcon.colcon_core.package_identification:_identify(src/log) by extension 'ignore'
[0.647s] Level 1:colcon.colcon_core.package_identification:_identify(src/log) ignored
[0.647s] Level 1:colcon.colcon_core.package_identification:_identify(src/sim_ws) by extensions ['ignore', 'ignore_ament_install']
[0.647s] Level 1:colcon.colcon_core.package_identification:_identify(src/sim_ws) by extension 'ignore'
[0.647s] Level 1:colcon.colcon_core.package_identification:_identify(src/sim_ws) by extension 'ignore_ament_install'
[0.647s] Level 1:colcon.colcon_core.package_identification:_identify(src/sim_ws) by extensions ['colcon_pkg']
[0.647s] Level 1:colcon.colcon_core.package_identification:_identify(src/sim_ws) by extension 'colcon_pkg'
[0.647s] Level 1:colcon.colcon_core.package_identification:_identify(src/sim_ws) by extensions ['colcon_meta']
[0.647s] Level 1:colcon.colcon_core.package_identification:_identify(src/sim_ws) by extension 'colcon_meta'
[0.647s] Level 1:colcon.colcon_core.package_identification:_identify(src/sim_ws) by extensions ['ros']
[0.647s] Level 1:colcon.colcon_core.package_identification:_identify(src/sim_ws) by extension 'ros'
[0.647s] Level 1:colcon.colcon_core.package_identification:_identify(src/sim_ws) by extensions ['cmake', 'python']
[0.648s] Level 1:colcon.colcon_core.package_identification:_identify(src/sim_ws) by extension 'cmake'
[0.648s] Level 1:colcon.colcon_core.package_identification:_identify(src/sim_ws) by extension 'python'
[0.648s] Level 1:colcon.colcon_core.package_identification:_identify(src/sim_ws) by extensions ['python_setup_py']
[0.648s] Level 1:colcon.colcon_core.package_identification:_identify(src/sim_ws) by extension 'python_setup_py'
[0.648s] Level 1:colcon.colcon_core.package_identification:_identify(src/sim_ws/build) by extensions ['ignore', 'ignore_ament_install']
[0.648s] Level 1:colcon.colcon_core.package_identification:_identify(src/sim_ws/build) by extension 'ignore'
[0.648s] Level 1:colcon.colcon_core.package_identification:_identify(src/sim_ws/build) ignored
[0.648s] Level 1:colcon.colcon_core.package_identification:_identify(src/sim_ws/install) by extensions ['ignore', 'ignore_ament_install']
[0.648s] Level 1:colcon.colcon_core.package_identification:_identify(src/sim_ws/install) by extension 'ignore'
[0.648s] Level 1:colcon.colcon_core.package_identification:_identify(src/sim_ws/install) ignored
[0.648s] Level 1:colcon.colcon_core.package_identification:_identify(src/sim_ws/log) by extensions ['ignore', 'ignore_ament_install']
[0.649s] Level 1:colcon.colcon_core.package_identification:_identify(src/sim_ws/log) by extension 'ignore'
[0.649s] Level 1:colcon.colcon_core.package_identification:_identify(src/sim_ws/log) ignored
[0.649s] Level 1:colcon.colcon_core.package_identification:_identify(src/sim_ws/src) by extensions ['ignore', 'ignore_ament_install']
[0.649s] Level 1:colcon.colcon_core.package_identification:_identify(src/sim_ws/src) by extension 'ignore'
[0.649s] Level 1:colcon.colcon_core.package_identification:_identify(src/sim_ws/src) by extension 'ignore_ament_install'
[0.649s] Level 1:colcon.colcon_core.package_identification:_identify(src/sim_ws/src) by extensions ['colcon_pkg']
[0.649s] Level 1:colcon.colcon_core.package_identification:_identify(src/sim_ws/src) by extension 'colcon_pkg'
[0.649s] Level 1:colcon.colcon_core.package_identification:_identify(src/sim_ws/src) by extensions ['colcon_meta']
[0.649s] Level 1:colcon.colcon_core.package_identification:_identify(src/sim_ws/src) by extension 'colcon_meta'
[0.649s] Level 1:colcon.colcon_core.package_identification:_identify(src/sim_ws/src) by extensions ['ros']
[0.649s] Level 1:colcon.colcon_core.package_identification:_identify(src/sim_ws/src) by extension 'ros'
[0.650s] Level 1:colcon.colcon_core.package_identification:_identify(src/sim_ws/src) by extensions ['cmake', 'python']
[0.650s] Level 1:colcon.colcon_core.package_identification:_identify(src/sim_ws/src) by extension 'cmake'
[0.650s] Level 1:colcon.colcon_core.package_identification:_identify(src/sim_ws/src) by extension 'python'
[0.650s] Level 1:colcon.colcon_core.package_identification:_identify(src/sim_ws/src) by extensions ['python_setup_py']
[0.650s] Level 1:colcon.colcon_core.package_identification:_identify(src/sim_ws/src) by extension 'python_setup_py'
[0.650s] Level 1:colcon.colcon_core.package_identification:_identify(src/sim_ws/src/build) by extensions ['ignore', 'ignore_ament_install']
[0.650s] Level 1:colcon.colcon_core.package_identification:_identify(src/sim_ws/src/build) by extension 'ignore'
[0.650s] Level 1:colcon.colcon_core.package_identification:_identify(src/sim_ws/src/build) ignored
[0.650s] Level 1:colcon.colcon_core.package_identification:_identify(src/sim_ws/src/install) by extensions ['ignore', 'ignore_ament_install']
[0.650s] Level 1:colcon.colcon_core.package_identification:_identify(src/sim_ws/src/install) by extension 'ignore'
[0.650s] Level 1:colcon.colcon_core.package_identification:_identify(src/sim_ws/src/install) ignored
[0.650s] Level 1:colcon.colcon_core.package_identification:_identify(src/sim_ws/src/log) by extensions ['ignore', 'ignore_ament_install']
[0.651s] Level 1:colcon.colcon_core.package_identification:_identify(src/sim_ws/src/log) by extension 'ignore'
[0.651s] Level 1:colcon.colcon_core.package_identification:_identify(src/sim_ws/src/log) ignored
[0.651s] Level 1:colcon.colcon_core.package_identification:_identify(src/sim_ws/src/sim_utils) by extensions ['ignore', 'ignore_ament_install']
[0.651s] Level 1:colcon.colcon_core.package_identification:_identify(src/sim_ws/src/sim_utils) by extension 'ignore'
[0.651s] Level 1:colcon.colcon_core.package_identification:_identify(src/sim_ws/src/sim_utils) by extension 'ignore_ament_install'
[0.651s] Level 1:colcon.colcon_core.package_identification:_identify(src/sim_ws/src/sim_utils) by extensions ['colcon_pkg']
[0.651s] Level 1:colcon.colcon_core.package_identification:_identify(src/sim_ws/src/sim_utils) by extension 'colcon_pkg'
[0.651s] Level 1:colcon.colcon_core.package_identification:_identify(src/sim_ws/src/sim_utils) by extensions ['colcon_meta']
[0.651s] Level 1:colcon.colcon_core.package_identification:_identify(src/sim_ws/src/sim_utils) by extension 'colcon_meta'
[0.651s] Level 1:colcon.colcon_core.package_identification:_identify(src/sim_ws/src/sim_utils) by extensions ['ros']
[0.651s] Level 1:colcon.colcon_core.package_identification:_identify(src/sim_ws/src/sim_utils) by extension 'ros'
[0.656s] DEBUG:colcon.colcon_core.package_identification:Package 'src/sim_ws/src/sim_utils' with type 'ros.ament_python' and name 'sim_utils'
[0.656s] Level 1:colcon.colcon_core.package_identification:_identify(src/sim_ws/src/turtlebot3_gazebo) by extensions ['ignore', 'ignore_ament_install']
[0.656s] Level 1:colcon.colcon_core.package_identification:_identify(src/sim_ws/src/turtlebot3_gazebo) by extension 'ignore'
[0.656s] Level 1:colcon.colcon_core.package_identification:_identify(src/sim_ws/src/turtlebot3_gazebo) by extension 'ignore_ament_install'
[0.656s] Level 1:colcon.colcon_core.package_identification:_identify(src/sim_ws/src/turtlebot3_gazebo) by extensions ['colcon_pkg']
[0.656s] Level 1:colcon.colcon_core.package_identification:_identify(src/sim_ws/src/turtlebot3_gazebo) by extension 'colcon_pkg'
[0.656s] Level 1:colcon.colcon_core.package_identification:_identify(src/sim_ws/src/turtlebot3_gazebo) by extensions ['colcon_meta']
[0.656s] Level 1:colcon.colcon_core.package_identification:_identify(src/sim_ws/src/turtlebot3_gazebo) by extension 'colcon_meta'
[0.656s] Level 1:colcon.colcon_core.package_identification:_identify(src/sim_ws/src/turtlebot3_gazebo) by extensions ['ros']
[0.656s] Level 1:colcon.colcon_core.package_identification:_identify(src/sim_ws/src/turtlebot3_gazebo) by extension 'ros'
[0.658s] DEBUG:colcon.colcon_core.package_identification:Package 'src/sim_ws/src/turtlebot3_gazebo' with type 'ros.ament_cmake' and name 'turtlebot3_gazebo'
[0.658s] Level 1:colcon.colcon_core.package_identification:_identify(src/task_3) by extensions ['ignore', 'ignore_ament_install']
[0.658s] Level 1:colcon.colcon_core.package_identification:_identify(src/task_3) by extension 'ignore'
[0.658s] Level 1:colcon.colcon_core.package_identification:_identify(src/task_3) by extension 'ignore_ament_install'
[0.658s] Level 1:colcon.colcon_core.package_identification:_identify(src/task_3) by extensions ['colcon_pkg']
[0.658s] Level 1:colcon.colcon_core.package_identification:_identify(src/task_3) by extension 'colcon_pkg'
[0.658s] Level 1:colcon.colcon_core.package_identification:_identify(src/task_3) by extensions ['colcon_meta']
[0.658s] Level 1:colcon.colcon_core.package_identification:_identify(src/task_3) by extension 'colcon_meta'
[0.658s] Level 1:colcon.colcon_core.package_identification:_identify(src/task_3) by extensions ['ros']
[0.659s] Level 1:colcon.colcon_core.package_identification:_identify(src/task_3) by extension 'ros'
[0.659s] DEBUG:colcon.colcon_core.package_identification:Package 'src/task_3' with type 'ros.ament_python' and name 'task_3'
[0.659s] Level 1:colcon.colcon_core.package_discovery:discover_packages(recursive) using defaults
[0.660s] Level 1:colcon.colcon_core.package_discovery:discover_packages(ignore) discover
[0.660s] Level 1:colcon.colcon_core.package_discovery:discover_packages(ignore) using defaults
[0.660s] Level 1:colcon.colcon_core.package_discovery:discover_packages(path) discover
[0.660s] Level 1:colcon.colcon_core.package_discovery:discover_packages(path) using defaults
[0.692s] Level 1:colcon.colcon_core.package_discovery:discover_packages(prefix_path) check parameters
[0.692s] Level 1:colcon.colcon_core.package_discovery:discover_packages(prefix_path) discover
[0.697s] DEBUG:colcon.colcon_installed_package_information.package_discovery:Found 334 installed packages in /opt/ros/humble
[0.707s] Level 1:colcon.colcon_core.package_discovery:discover_packages(prefix_path) using defaults
[0.758s] Level 5:colcon.colcon_core.verb:set package 'sim_utils' build argument 'cmake_args' from command line to 'None'
[0.759s] Level 5:colcon.colcon_core.verb:set package 'sim_utils' build argument 'cmake_target' from command line to 'None'
[0.759s] Level 5:colcon.colcon_core.verb:set package 'sim_utils' build argument 'cmake_target_skip_unavailable' from command line to 'False'
[0.759s] Level 5:colcon.colcon_core.verb:set package 'sim_utils' build argument 'cmake_clean_cache' from command line to 'False'
[0.759s] Level 5:colcon.colcon_core.verb:set package 'sim_utils' build argument 'cmake_clean_first' from command line to 'False'
[0.759s] Level 5:colcon.colcon_core.verb:set package 'sim_utils' build argument 'cmake_force_configure' from command line to 'False'
[0.759s] Level 5:colcon.colcon_core.verb:set package 'sim_utils' build argument 'ament_cmake_args' from command line to 'None'
[0.759s] Level 5:colcon.colcon_core.verb:set package 'sim_utils' build argument 'catkin_cmake_args' from command line to 'None'
[0.759s] Level 5:colcon.colcon_core.verb:set package 'sim_utils' build argument 'catkin_skip_building_tests' from command line to 'False'
[0.759s] DEBUG:colcon.colcon_core.verb:Building package 'sim_utils' with the following arguments: {'ament_cmake_args': None, 'build_base': '/home/me597/me597/Lab2/ws1/build/sim_utils', 'catkin_cmake_args': None, 'catkin_skip_building_tests': False, 'cmake_args': None, 'cmake_clean_cache': False, 'cmake_clean_first': False, 'cmake_force_configure': False, 'cmake_target': None, 'cmake_target_skip_unavailable': False, 'install_base': '/home/me597/me597/Lab2/ws1/install/sim_utils', 'merge_install': False, 'path': '/home/me597/me597/Lab2/ws1/src/sim_ws/src/sim_utils', 'symlink_install': True, 'test_result_base': None}
[0.759s] Level 5:colcon.colcon_core.verb:set package 'task_3' build argument 'cmake_args' from command line to 'None'
[0.759s] Level 5:colcon.colcon_core.verb:set package 'task_3' build argument 'cmake_target' from command line to 'None'
[0.759s] Level 5:colcon.colcon_core.verb:set package 'task_3' build argument 'cmake_target_skip_unavailable' from command line to 'False'
[0.759s] Level 5:colcon.colcon_core.verb:set package 'task_3' build argument 'cmake_clean_cache' from command line to 'False'
[0.759s] Level 5:colcon.colcon_core.verb:set package 'task_3' build argument 'cmake_clean_first' from command line to 'False'
[0.760s] Level 5:colcon.colcon_core.verb:set package 'task_3' build argument 'cmake_force_configure' from command line to 'False'
[0.760s] Level 5:colcon.colcon_core.verb:set package 'task_3' build argument 'ament_cmake_args' from command line to 'None'
[0.760s] Level 5:colcon.colcon_core.verb:set package 'task_3' build argument 'catkin_cmake_args' from command line to 'None'
[0.760s] Level 5:colcon.colcon_core.verb:set package 'task_3' build argument 'catkin_skip_building_tests' from command line to 'False'
[0.760s] DEBUG:colcon.colcon_core.verb:Building package 'task_3' with the following arguments: {'ament_cmake_args': None, 'build_base': '/home/me597/me597/Lab2/ws1/build/task_3', 'catkin_cmake_args': None, 'catkin_skip_building_tests': False, 'cmake_args': None, 'cmake_clean_cache': False, 'cmake_clean_first': False, 'cmake_force_configure': False, 'cmake_target': None, 'cmake_target_skip_unavailable': False, 'install_base': '/home/me597/me597/Lab2/ws1/install/task_3', 'merge_install': False, 'path': '/home/me597/me597/Lab2/ws1/src/task_3', 'symlink_install': True, 'test_result_base': None}
[0.760s] Level 5:colcon.colcon_core.verb:set package 'turtlebot3_gazebo' build argument 'cmake_args' from command line to 'None'
[0.760s] Level 5:colcon.colcon_core.verb:set package 'turtlebot3_gazebo' build argument 'cmake_target' from command line to 'None'
[0.760s] Level 5:colcon.colcon_core.verb:set package 'turtlebot3_gazebo' build argument 'cmake_target_skip_unavailable' from command line to 'False'
[0.760s] Level 5:colcon.colcon_core.verb:set package 'turtlebot3_gazebo' build argument 'cmake_clean_cache' from command line to 'False'
[0.760s] Level 5:colcon.colcon_core.verb:set package 'turtlebot3_gazebo' build argument 'cmake_clean_first' from command line to 'False'
[0.760s] Level 5:colcon.colcon_core.verb:set package 'turtlebot3_gazebo' build argument 'cmake_force_configure' from command line to 'False'
[0.760s] Level 5:colcon.colcon_core.verb:set package 'turtlebot3_gazebo' build argument 'ament_cmake_args' from command line to 'None'
[0.760s] Level 5:colcon.colcon_core.verb:set package 'turtlebot3_gazebo' build argument 'catkin_cmake_args' from command line to 'None'
[0.760s] Level 5:colcon.colcon_core.verb:set package 'turtlebot3_gazebo' build argument 'catkin_skip_building_tests' from command line to 'False'
[0.760s] DEBUG:colcon.colcon_core.verb:Building package 'turtlebot3_gazebo' with the following arguments: {'ament_cmake_args': None, 'build_base': '/home/me597/me597/Lab2/ws1/build/turtlebot3_gazebo', 'catkin_cmake_args': None, 'catkin_skip_building_tests': False, 'cmake_args': None, 'cmake_clean_cache': False, 'cmake_clean_first': False, 'cmake_force_configure': False, 'cmake_target': None, 'cmake_target_skip_unavailable': False, 'install_base': '/home/me597/me597/Lab2/ws1/install/turtlebot3_gazebo', 'merge_install': False, 'path': '/home/me597/me597/Lab2/ws1/src/sim_ws/src/turtlebot3_gazebo', 'symlink_install': True, 'test_result_base': None}
[0.760s] INFO:colcon.colcon_core.executor:Executing jobs using 'parallel' executor
[0.762s] DEBUG:colcon.colcon_parallel_executor.executor.parallel:run_until_complete
[0.762s] INFO:colcon.colcon_ros.task.ament_python.build:Building ROS package in '/home/me597/me597/Lab2/ws1/src/sim_ws/src/sim_utils' with build type 'ament_python'
[0.762s] Level 1:colcon.colcon_core.shell:create_environment_hook('sim_utils', 'ament_prefix_path')
[0.768s] INFO:colcon.colcon_core.plugin_system:Skipping extension 'colcon_core.shell.bat': Not used on non-Windows systems
[0.768s] INFO:colcon.colcon_core.shell:Creating environment hook '/home/me597/me597/Lab2/ws1/install/sim_utils/share/sim_utils/hook/ament_prefix_path.ps1'
[0.769s] INFO:colcon.colcon_core.shell:Creating environment descriptor '/home/me597/me597/Lab2/ws1/install/sim_utils/share/sim_utils/hook/ament_prefix_path.dsv'
[0.770s] INFO:colcon.colcon_core.shell:Creating environment hook '/home/me597/me597/Lab2/ws1/install/sim_utils/share/sim_utils/hook/ament_prefix_path.sh'
[0.772s] INFO:colcon.colcon_core.shell:Skip shell extension 'powershell' for command environment: Not usable outside of PowerShell
[0.772s] DEBUG:colcon.colcon_core.shell:Skip shell extension 'dsv' for command environment
[0.777s] INFO:colcon.colcon_ros.task.ament_python.build:Building ROS package in '/home/me597/me597/Lab2/ws1/src/task_3' with build type 'ament_python'
[0.778s] Level 1:colcon.colcon_core.shell:create_environment_hook('task_3', 'ament_prefix_path')
[0.778s] INFO:colcon.colcon_core.shell:Creating environment hook '/home/me597/me597/Lab2/ws1/install/task_3/share/task_3/hook/ament_prefix_path.ps1'
[0.779s] INFO:colcon.colcon_core.shell:Creating environment descriptor '/home/me597/me597/Lab2/ws1/install/task_3/share/task_3/hook/ament_prefix_path.dsv'
[0.780s] INFO:colcon.colcon_core.shell:Creating environment hook '/home/me597/me597/Lab2/ws1/install/task_3/share/task_3/hook/ament_prefix_path.sh'
[0.781s] INFO:colcon.colcon_core.shell:Skip shell extension 'powershell' for command environment: Not usable outside of PowerShell
[0.781s] DEBUG:colcon.colcon_core.shell:Skip shell extension 'dsv' for command environment
[0.785s] INFO:colcon.colcon_ros.task.ament_cmake.build:Building ROS package in '/home/me597/me597/Lab2/ws1/src/sim_ws/src/turtlebot3_gazebo' with build type 'ament_cmake'
[0.785s] INFO:colcon.colcon_cmake.task.cmake.build:Building CMake package in '/home/me597/me597/Lab2/ws1/src/sim_ws/src/turtlebot3_gazebo'
[0.786s] INFO:colcon.colcon_core.shell:Skip shell extension 'powershell' for command environment: Not usable outside of PowerShell
[0.786s] DEBUG:colcon.colcon_core.shell:Skip shell extension 'dsv' for command environment
[1.104s] INFO:colcon.colcon_core.task.python.build:Building Python package in '/home/me597/me597/Lab2/ws1/src/sim_ws/src/sim_utils'
[1.105s] INFO:colcon.colcon_core.shell:Skip shell extension 'powershell' for command environment: Not usable outside of PowerShell
[1.105s] DEBUG:colcon.colcon_core.shell:Skip shell extension 'dsv' for command environment
[1.401s] INFO:colcon.colcon_core.task.python.build:Building Python package in '/home/me597/me597/Lab2/ws1/src/task_3'
[1.401s] INFO:colcon.colcon_core.shell:Skip shell extension 'powershell' for command environment: Not usable outside of PowerShell
[1.401s] DEBUG:colcon.colcon_core.shell:Skip shell extension 'dsv' for command environment
[1.411s] DEBUG:colcon.colcon_core.event_handler.log_command:Invoking command in '/home/me597/me597/Lab2/ws1/build/turtlebot3_gazebo': CMAKE_PREFIX_PATH=/opt/ros/humble /usr/bin/cmake --build /home/me597/me597/Lab2/ws1/build/turtlebot3_gazebo -- -j4 -l4
[1.519s] DEBUG:colcon.colcon_core.event_handler.log_command:Invoked command in '/home/me597/me597/Lab2/ws1/build/turtlebot3_gazebo' returned '0': CMAKE_PREFIX_PATH=/opt/ros/humble /usr/bin/cmake --build /home/me597/me597/Lab2/ws1/build/turtlebot3_gazebo -- -j4 -l4
[1.571s] DEBUG:colcon.colcon_core.event_handler.log_command:Invoking command in '/home/me597/me597/Lab2/ws1/build/turtlebot3_gazebo': CMAKE_PREFIX_PATH=/opt/ros/humble /usr/bin/cmake --install /home/me597/me597/Lab2/ws1/build/turtlebot3_gazebo
[1.681s] Level 1:colcon.colcon_core.environment:create_environment_scripts_only(turtlebot3_gazebo)
[1.682s] DEBUG:colcon.colcon_core.event_handler.log_command:Invoked command in '/home/me597/me597/Lab2/ws1/build/turtlebot3_gazebo' returned '0': CMAKE_PREFIX_PATH=/opt/ros/humble /usr/bin/cmake --install /home/me597/me597/Lab2/ws1/build/turtlebot3_gazebo
[1.695s] Level 1:colcon.colcon_core.environment:checking '/home/me597/me597/Lab2/ws1/install/turtlebot3_gazebo' for CMake module files
[1.696s] Level 1:colcon.colcon_core.environment:checking '/home/me597/me597/Lab2/ws1/install/turtlebot3_gazebo' for CMake config files
[1.697s] Level 1:colcon.colcon_core.shell:create_environment_hook('turtlebot3_gazebo', 'cmake_prefix_path')
[1.703s] INFO:colcon.colcon_core.shell:Creating environment hook '/home/me597/me597/Lab2/ws1/install/turtlebot3_gazebo/share/turtlebot3_gazebo/hook/cmake_prefix_path.ps1'
[1.704s] INFO:colcon.colcon_core.shell:Creating environment descriptor '/home/me597/me597/Lab2/ws1/install/turtlebot3_gazebo/share/turtlebot3_gazebo/hook/cmake_prefix_path.dsv'
[1.709s] INFO:colcon.colcon_core.shell:Creating environment hook '/home/me597/me597/Lab2/ws1/install/turtlebot3_gazebo/share/turtlebot3_gazebo/hook/cmake_prefix_path.sh'
[1.711s] Level 1:colcon.colcon_core.environment:checking '/home/me597/me597/Lab2/ws1/install/turtlebot3_gazebo/lib'
[1.714s] Level 1:colcon.colcon_core.environment:checking '/home/me597/me597/Lab2/ws1/install/turtlebot3_gazebo/bin'
[1.715s] Level 1:colcon.colcon_core.environment:checking '/home/me597/me597/Lab2/ws1/install/turtlebot3_gazebo/lib/pkgconfig/turtlebot3_gazebo.pc'
[1.715s] Level 1:colcon.colcon_core.environment:checking '/home/me597/me597/Lab2/ws1/install/turtlebot3_gazebo/lib/python3.10/site-packages'
[1.715s] Level 1:colcon.colcon_core.environment:checking '/home/me597/me597/Lab2/ws1/install/turtlebot3_gazebo/bin'
[1.716s] INFO:colcon.colcon_core.shell:Creating package script '/home/me597/me597/Lab2/ws1/install/turtlebot3_gazebo/share/turtlebot3_gazebo/package.ps1'
[1.718s] INFO:colcon.colcon_core.shell:Creating package descriptor '/home/me597/me597/Lab2/ws1/install/turtlebot3_gazebo/share/turtlebot3_gazebo/package.dsv'
[1.720s] INFO:colcon.colcon_core.shell:Creating package script '/home/me597/me597/Lab2/ws1/install/turtlebot3_gazebo/share/turtlebot3_gazebo/package.sh'
[1.721s] INFO:colcon.colcon_core.shell:Creating package script '/home/me597/me597/Lab2/ws1/install/turtlebot3_gazebo/share/turtlebot3_gazebo/package.bash'
[1.723s] INFO:colcon.colcon_core.shell:Creating package script '/home/me597/me597/Lab2/ws1/install/turtlebot3_gazebo/share/turtlebot3_gazebo/package.zsh'
[1.725s] Level 1:colcon.colcon_core.environment:create_file_with_runtime_dependencies(/home/me597/me597/Lab2/ws1/install/turtlebot3_gazebo/share/colcon-core/packages/turtlebot3_gazebo)
[1.769s] Level 1:colcon.colcon_core.environment:create_environment_scripts_only(turtlebot3_gazebo)
[1.769s] Level 1:colcon.colcon_core.environment:checking '/home/me597/me597/Lab2/ws1/install/turtlebot3_gazebo' for CMake module files
[1.770s] Level 1:colcon.colcon_core.environment:checking '/home/me597/me597/Lab2/ws1/install/turtlebot3_gazebo' for CMake config files
[1.770s] Level 1:colcon.colcon_core.shell:create_environment_hook('turtlebot3_gazebo', 'cmake_prefix_path')
[1.771s] INFO:colcon.colcon_core.shell:Creating environment hook '/home/me597/me597/Lab2/ws1/install/turtlebot3_gazebo/share/turtlebot3_gazebo/hook/cmake_prefix_path.ps1'
[1.771s] INFO:colcon.colcon_core.shell:Creating environment descriptor '/home/me597/me597/Lab2/ws1/install/turtlebot3_gazebo/share/turtlebot3_gazebo/hook/cmake_prefix_path.dsv'
[1.772s] INFO:colcon.colcon_core.shell:Creating environment hook '/home/me597/me597/Lab2/ws1/install/turtlebot3_gazebo/share/turtlebot3_gazebo/hook/cmake_prefix_path.sh'
[1.773s] Level 1:colcon.colcon_core.environment:checking '/home/me597/me597/Lab2/ws1/install/turtlebot3_gazebo/lib'
[1.773s] Level 1:colcon.colcon_core.environment:checking '/home/me597/me597/Lab2/ws1/install/turtlebot3_gazebo/bin'
[1.773s] Level 1:colcon.colcon_core.environment:checking '/home/me597/me597/Lab2/ws1/install/turtlebot3_gazebo/lib/pkgconfig/turtlebot3_gazebo.pc'
[1.774s] Level 1:colcon.colcon_core.environment:checking '/home/me597/me597/Lab2/ws1/install/turtlebot3_gazebo/lib/python3.10/site-packages'
[1.774s] Level 1:colcon.colcon_core.environment:checking '/home/me597/me597/Lab2/ws1/install/turtlebot3_gazebo/bin'
[1.776s] INFO:colcon.colcon_core.shell:Creating package script '/home/me597/me597/Lab2/ws1/install/turtlebot3_gazebo/share/turtlebot3_gazebo/package.ps1'
[1.778s] INFO:colcon.colcon_core.shell:Creating package descriptor '/home/me597/me597/Lab2/ws1/install/turtlebot3_gazebo/share/turtlebot3_gazebo/package.dsv'
[1.781s] INFO:colcon.colcon_core.shell:Creating package script '/home/me597/me597/Lab2/ws1/install/turtlebot3_gazebo/share/turtlebot3_gazebo/package.sh'
[1.781s] INFO:colcon.colcon_core.shell:Creating package script '/home/me597/me597/Lab2/ws1/install/turtlebot3_gazebo/share/turtlebot3_gazebo/package.bash'
[1.782s] INFO:colcon.colcon_core.shell:Creating package script '/home/me597/me597/Lab2/ws1/install/turtlebot3_gazebo/share/turtlebot3_gazebo/package.zsh'
[1.782s] Level 1:colcon.colcon_core.environment:create_file_with_runtime_dependencies(/home/me597/me597/Lab2/ws1/install/turtlebot3_gazebo/share/colcon-core/packages/turtlebot3_gazebo)
[1.947s] DEBUG:colcon.colcon_core.event_handler.log_command:Invoking command in '/home/me597/me597/Lab2/ws1/build/sim_utils': PYTHONPATH=/home/me597/me597/Lab2/ws1/build/sim_utils/prefix_override:/usr/lib/python3/dist-packages/colcon_core/task/python/colcon_distutils_commands:/home/me597/me597/Lab2/ws1/install/sim_utils/lib/python3.10/site-packages:${PYTHONPATH} /usr/bin/python3 -W ignore:setup.py install is deprecated setup.py develop --editable --build-directory /home/me597/me597/Lab2/ws1/build/sim_utils/build --no-deps symlink_data
[1.949s] DEBUG:colcon.colcon_core.event_handler.log_command:Invoking command in '/home/me597/me597/Lab2/ws1/build/task_3': PYTHONPATH=/home/me597/me597/Lab2/ws1/build/task_3/prefix_override:/usr/lib/python3/dist-packages/colcon_core/task/python/colcon_distutils_commands:/home/me597/me597/Lab2/ws1/install/task_3/lib/python3.10/site-packages:${PYTHONPATH} /usr/bin/python3 -W ignore:setup.py install is deprecated setup.py develop --editable --build-directory /home/me597/me597/Lab2/ws1/build/task_3/build --no-deps symlink_data
[2.533s] Level 1:colcon.colcon_core.shell:create_environment_hook('sim_utils', 'pythonpath_develop')
[2.534s] INFO:colcon.colcon_core.shell:Creating environment hook '/home/me597/me597/Lab2/ws1/build/sim_utils/share/sim_utils/hook/pythonpath_develop.ps1'
[2.535s] DEBUG:colcon.colcon_core.event_handler.log_command:Invoked command in '/home/me597/me597/Lab2/ws1/build/sim_utils' returned '0': PYTHONPATH=/home/me597/me597/Lab2/ws1/build/sim_utils/prefix_override:/usr/lib/python3/dist-packages/colcon_core/task/python/colcon_distutils_commands:/home/me597/me597/Lab2/ws1/install/sim_utils/lib/python3.10/site-packages:${PYTHONPATH} /usr/bin/python3 -W ignore:setup.py install is deprecated setup.py develop --editable --build-directory /home/me597/me597/Lab2/ws1/build/sim_utils/build --no-deps symlink_data
[2.536s] INFO:colcon.colcon_core.shell:Creating environment descriptor '/home/me597/me597/Lab2/ws1/build/sim_utils/share/sim_utils/hook/pythonpath_develop.dsv'
[2.536s] INFO:colcon.colcon_core.shell:Creating environment hook '/home/me597/me597/Lab2/ws1/build/sim_utils/share/sim_utils/hook/pythonpath_develop.sh'
[2.537s] Level 1:colcon.colcon_core.environment:checking '/home/me597/me597/Lab2/ws1/install/sim_utils' for CMake module files
[2.538s] Level 1:colcon.colcon_core.environment:checking '/home/me597/me597/Lab2/ws1/install/sim_utils' for CMake config files
[2.539s] Level 1:colcon.colcon_core.environment:checking '/home/me597/me597/Lab2/ws1/install/sim_utils/lib'
[2.539s] Level 1:colcon.colcon_core.environment:checking '/home/me597/me597/Lab2/ws1/install/sim_utils/bin'
[2.539s] Level 1:colcon.colcon_core.environment:checking '/home/me597/me597/Lab2/ws1/install/sim_utils/lib/pkgconfig/sim_utils.pc'
[2.539s] Level 1:colcon.colcon_core.environment:checking '/home/me597/me597/Lab2/ws1/install/sim_utils/lib/python3.10/site-packages'
[2.539s] Level 1:colcon.colcon_core.shell:create_environment_hook('sim_utils', 'pythonpath')
[2.540s] INFO:colcon.colcon_core.shell:Creating environment hook '/home/me597/me597/Lab2/ws1/install/sim_utils/share/sim_utils/hook/pythonpath.ps1'
[2.540s] INFO:colcon.colcon_core.shell:Creating environment descriptor '/home/me597/me597/Lab2/ws1/install/sim_utils/share/sim_utils/hook/pythonpath.dsv'
[2.541s] INFO:colcon.colcon_core.shell:Creating environment hook '/home/me597/me597/Lab2/ws1/install/sim_utils/share/sim_utils/hook/pythonpath.sh'
[2.542s] Level 1:colcon.colcon_core.environment:checking '/home/me597/me597/Lab2/ws1/install/sim_utils/bin'
[2.542s] Level 1:colcon.colcon_core.environment:create_environment_scripts_only(sim_utils)
[2.542s] INFO:colcon.colcon_core.shell:Creating package script '/home/me597/me597/Lab2/ws1/install/sim_utils/share/sim_utils/package.ps1'
[2.543s] INFO:colcon.colcon_core.shell:Creating package descriptor '/home/me597/me597/Lab2/ws1/install/sim_utils/share/sim_utils/package.dsv'
[2.544s] INFO:colcon.colcon_core.shell:Creating package script '/home/me597/me597/Lab2/ws1/install/sim_utils/share/sim_utils/package.sh'
[2.545s] INFO:colcon.colcon_core.shell:Creating package script '/home/me597/me597/Lab2/ws1/install/sim_utils/share/sim_utils/package.bash'
[2.545s] INFO:colcon.colcon_core.shell:Creating package script '/home/me597/me597/Lab2/ws1/install/sim_utils/share/sim_utils/package.zsh'
[2.546s] Level 1:colcon.colcon_core.environment:create_file_with_runtime_dependencies(/home/me597/me597/Lab2/ws1/install/sim_utils/share/colcon-core/packages/sim_utils)
[2.547s] Level 1:colcon.colcon_core.shell:create_environment_hook('task_3', 'pythonpath_develop')
[2.548s] INFO:colcon.colcon_core.shell:Creating environment hook '/home/me597/me597/Lab2/ws1/build/task_3/share/task_3/hook/pythonpath_develop.ps1'
[2.549s] INFO:colcon.colcon_core.shell:Creating environment descriptor '/home/me597/me597/Lab2/ws1/build/task_3/share/task_3/hook/pythonpath_develop.dsv'
[2.549s] INFO:colcon.colcon_core.shell:Creating environment hook '/home/me597/me597/Lab2/ws1/build/task_3/share/task_3/hook/pythonpath_develop.sh'
[2.550s] DEBUG:colcon.colcon_core.event_handler.log_command:Invoked command in '/home/me597/me597/Lab2/ws1/build/task_3' returned '0': PYTHONPATH=/home/me597/me597/Lab2/ws1/build/task_3/prefix_override:/usr/lib/python3/dist-packages/colcon_core/task/python/colcon_distutils_commands:/home/me597/me597/Lab2/ws1/install/task_3/lib/python3.10/site-packages:${PYTHONPATH} /usr/bin/python3 -W ignore:setup.py install is deprecated setup.py develop --editable --build-directory /home/me597/me597/Lab2/ws1/build/task_3/build --no-deps symlink_data
[2.551s] Level 1:colcon.colcon_core.environment:checking '/home/me597/me597/Lab2/ws1/install/task_3' for CMake module files
[2.552s] Level 1:colcon.colcon_core.environment:checking '/home/me597/me597/Lab2/ws1/install/task_3' for CMake config files
[2.553s] Level 1:colcon.colcon_core.environment:checking '/home/me597/me597/Lab2/ws1/install/task_3/lib'
[2.553s] Level 1:colcon.colcon_core.environment:checking '/home/me597/me597/Lab2/ws1/install/task_3/bin'
[2.553s] Level 1:colcon.colcon_core.environment:checking '/home/me597/me597/Lab2/ws1/install/task_3/lib/pkgconfig/task_3.pc'
[2.553s] Level 1:colcon.colcon_core.environment:checking '/home/me597/me597/Lab2/ws1/install/task_3/lib/python3.10/site-packages'
[2.554s] Level 1:colcon.colcon_core.shell:create_environment_hook('task_3', 'pythonpath')
[2.554s] INFO:colcon.colcon_core.shell:Creating environment hook '/home/me597/me597/Lab2/ws1/install/task_3/share/task_3/hook/pythonpath.ps1'
[2.555s] INFO:colcon.colcon_core.shell:Creating environment descriptor '/home/me597/me597/Lab2/ws1/install/task_3/share/task_3/hook/pythonpath.dsv'
[2.556s] INFO:colcon.colcon_core.shell:Creating environment hook '/home/me597/me597/Lab2/ws1/install/task_3/share/task_3/hook/pythonpath.sh'
[2.557s] Level 1:colcon.colcon_core.environment:checking '/home/me597/me597/Lab2/ws1/install/task_3/bin'
[2.557s] Level 1:colcon.colcon_core.environment:create_environment_scripts_only(task_3)
[2.557s] INFO:colcon.colcon_core.shell:Creating package script '/home/me597/me597/Lab2/ws1/install/task_3/share/task_3/package.ps1'
[2.558s] INFO:colcon.colcon_core.shell:Creating package descriptor '/home/me597/me597/Lab2/ws1/install/task_3/share/task_3/package.dsv'
[2.559s] INFO:colcon.colcon_core.shell:Creating package script '/home/me597/me597/Lab2/ws1/install/task_3/share/task_3/package.sh'
[2.559s] INFO:colcon.colcon_core.shell:Creating package script '/home/me597/me597/Lab2/ws1/install/task_3/share/task_3/package.bash'
[2.560s] INFO:colcon.colcon_core.shell:Creating package script '/home/me597/me597/Lab2/ws1/install/task_3/share/task_3/package.zsh'
[2.560s] Level 1:colcon.colcon_core.environment:create_file_with_runtime_dependencies(/home/me597/me597/Lab2/ws1/install/task_3/share/colcon-core/packages/task_3)
[2.561s] DEBUG:colcon.colcon_parallel_executor.executor.parallel:closing loop
[2.561s] DEBUG:colcon.colcon_parallel_executor.executor.parallel:loop closed
[2.561s] DEBUG:colcon.colcon_parallel_executor.executor.parallel:run_until_complete finished with '0'
[2.561s] DEBUG:colcon.colcon_core.event_reactor:joining thread
[2.573s] INFO:colcon.colcon_core.plugin_system:Skipping extension 'colcon_notification.desktop_notification.terminal_notifier': Not used on non-Darwin systems
[2.573s] INFO:colcon.colcon_core.plugin_system:Skipping extension 'colcon_notification.desktop_notification.win32': Not used on non-Windows systems
[2.573s] INFO:colcon.colcon_notification.desktop_notification:Sending desktop notification using 'notify2'
[2.599s] DEBUG:colcon.colcon_core.event_reactor:joined thread
[2.599s] INFO:colcon.colcon_core.shell:Creating prefix script '/home/me597/me597/Lab2/ws1/install/local_setup.ps1'
[2.602s] INFO:colcon.colcon_core.shell:Creating prefix util module '/home/me597/me597/Lab2/ws1/install/_local_setup_util_ps1.py'
[2.605s] INFO:colcon.colcon_core.shell:Creating prefix chain script '/home/me597/me597/Lab2/ws1/install/setup.ps1'
[2.608s] INFO:colcon.colcon_core.shell:Creating prefix script '/home/me597/me597/Lab2/ws1/install/local_setup.sh'
[2.612s] INFO:colcon.colcon_core.shell:Creating prefix util module '/home/me597/me597/Lab2/ws1/install/_local_setup_util_sh.py'
[2.613s] INFO:colcon.colcon_core.shell:Creating prefix chain script '/home/me597/me597/Lab2/ws1/install/setup.sh'
[2.616s] INFO:colcon.colcon_core.shell:Creating prefix script '/home/me597/me597/Lab2/ws1/install/local_setup.bash'
[2.618s] INFO:colcon.colcon_core.shell:Creating prefix chain script '/home/me597/me597/Lab2/ws1/install/setup.bash'
[2.620s] INFO:colcon.colcon_core.shell:Creating prefix script '/home/me597/me597/Lab2/ws1/install/local_setup.zsh'
[2.622s] INFO:colcon.colcon_core.shell:Creating prefix chain script '/home/me597/me597/Lab2/ws1/install/setup.zsh'
