[2.070s] Invoking command in '/home/Gery/ME597_Lab/Lab4/ws1/build/vision_opencv': CMAKE_PREFIX_PATH=/home/Gery/ME597_Lab/Lab4/ws1/install/image_geometry:/home/Gery/ME597_Lab/Lab4/ws1/install/cv_bridge:/home/Gery/ME597_Lab/Lab4/ws1/install/vision_opencv:/home/Gery/ME597_Lab/Lab4/ws1/install/task_6:/home/Gery/ME597_Lab/Lab4/ws1/install/task_5:/home/Gery/ME597_Lab/Lab4/ws1/install/opencv_tests:/opt/ros/humble /usr/bin/cmake --build /home/Gery/ME597_Lab/Lab4/ws1/build/vision_opencv -- -j4 -l4
[2.223s] Invoked command in '/home/Gery/ME597_Lab/Lab4/ws1/build/vision_opencv' returned '0': CMAKE_PREFIX_PATH=/home/Gery/ME597_Lab/Lab4/ws1/install/image_geometry:/home/Gery/ME597_Lab/Lab4/ws1/install/cv_bridge:/home/Gery/ME597_Lab/Lab4/ws1/install/vision_opencv:/home/Gery/ME597_Lab/Lab4/ws1/install/task_6:/home/Gery/ME597_Lab/Lab4/ws1/install/task_5:/home/Gery/ME597_Lab/Lab4/ws1/install/opencv_tests:/opt/ros/humble /usr/bin/cmake --build /home/Gery/ME597_Lab/Lab4/ws1/build/vision_opencv -- -j4 -l4
[2.226s] Invoking command in '/home/Gery/ME597_Lab/Lab4/ws1/build/vision_opencv': CMAKE_PREFIX_PATH=/home/Gery/ME597_Lab/Lab4/ws1/install/image_geometry:/home/Gery/ME597_Lab/Lab4/ws1/install/cv_bridge:/home/Gery/ME597_Lab/Lab4/ws1/install/vision_opencv:/home/Gery/ME597_Lab/Lab4/ws1/install/task_6:/home/Gery/ME597_Lab/Lab4/ws1/install/task_5:/home/Gery/ME597_Lab/Lab4/ws1/install/opencv_tests:/opt/ros/humble /usr/bin/cmake --install /home/Gery/ME597_Lab/Lab4/ws1/build/vision_opencv
[2.259s] -- Install configuration: ""
[2.260s] -- Execute custom install script
[2.262s] -- Up-to-date symlink: /home/Gery/ME597_Lab/Lab4/ws1/install/vision_opencv/share/ament_index/resource_index/package_run_dependencies/vision_opencv
[2.263s] -- Up-to-date symlink: /home/Gery/ME597_Lab/Lab4/ws1/install/vision_opencv/share/ament_index/resource_index/parent_prefix_path/vision_opencv
[2.267s] -- Up-to-date symlink: /home/Gery/ME597_Lab/Lab4/ws1/install/vision_opencv/share/vision_opencv/environment/ament_prefix_path.sh
[2.267s] -- Up-to-date symlink: /home/Gery/ME597_Lab/Lab4/ws1/install/vision_opencv/share/vision_opencv/environment/ament_prefix_path.dsv
[2.267s] -- Up-to-date symlink: /home/Gery/ME597_Lab/Lab4/ws1/install/vision_opencv/share/vision_opencv/environment/path.sh
[2.267s] -- Up-to-date symlink: /home/Gery/ME597_Lab/Lab4/ws1/install/vision_opencv/share/vision_opencv/environment/path.dsv
[2.267s] -- Up-to-date symlink: /home/Gery/ME597_Lab/Lab4/ws1/install/vision_opencv/share/vision_opencv/local_setup.bash
[2.268s] -- Up-to-date symlink: /home/Gery/ME597_Lab/Lab4/ws1/install/vision_opencv/share/vision_opencv/local_setup.sh
[2.268s] -- Up-to-date symlink: /home/Gery/ME597_Lab/Lab4/ws1/install/vision_opencv/share/vision_opencv/local_setup.zsh
[2.269s] -- Up-to-date symlink: /home/Gery/ME597_Lab/Lab4/ws1/install/vision_opencv/share/vision_opencv/local_setup.dsv
[2.269s] -- Symlinking: /home/Gery/ME597_Lab/Lab4/ws1/install/vision_opencv/share/vision_opencv/package.dsv
[2.317s] -- Up-to-date symlink: /home/Gery/ME597_Lab/Lab4/ws1/install/vision_opencv/share/ament_index/resource_index/packages/vision_opencv
[2.317s] -- Up-to-date symlink: /home/Gery/ME597_Lab/Lab4/ws1/install/vision_opencv/share/vision_opencv/cmake/vision_opencvConfig.cmake
[2.317s] -- Up-to-date symlink: /home/Gery/ME597_Lab/Lab4/ws1/install/vision_opencv/share/vision_opencv/cmake/vision_opencvConfig-version.cmake
[2.317s] -- Up-to-date symlink: /home/Gery/ME597_Lab/Lab4/ws1/install/vision_opencv/share/vision_opencv/package.xml
[2.325s] Invoked command in '/home/Gery/ME597_Lab/Lab4/ws1/build/vision_opencv' returned '0': CMAKE_PREFIX_PATH=/home/Gery/ME597_Lab/Lab4/ws1/install/image_geometry:/home/Gery/ME597_Lab/Lab4/ws1/install/cv_bridge:/home/Gery/ME597_Lab/Lab4/ws1/install/vision_opencv:/home/Gery/ME597_Lab/Lab4/ws1/install/task_6:/home/Gery/ME597_Lab/Lab4/ws1/install/task_5:/home/Gery/ME597_Lab/Lab4/ws1/install/opencv_tests:/opt/ros/humble /usr/bin/cmake --install /home/Gery/ME597_Lab/Lab4/ws1/build/vision_opencv
