[0.790s] Invoking command in '/home/Gery/ME597_Lab/Lab4/ws1/build/vision_opencv': CMAKE_PREFIX_PATH=/home/Gery/ME597_Lab/Lab4/ws1/install/image_geometry:/home/Gery/ME597_Lab/Lab4/ws1/install/cv_bridge:/home/Gery/ME597_Lab/Lab4/ws1/install/vision_opencv:/home/Gery/ME597_Lab/Lab4/ws1/install/task_6:/home/Gery/ME597_Lab/Lab4/ws1/install/task_5:/home/Gery/ME597_Lab/Lab4/ws1/install/opencv_tests:/opt/ros/humble /usr/bin/cmake /home/Gery/ME597_Lab/Lab4/ws1/src/vision_opencv/vision_opencv -DAMENT_CMAKE_SYMLINK_INSTALL=1 -DCMAKE_INSTALL_PREFIX=/home/Gery/ME597_Lab/Lab4/ws1/install/vision_opencv
[0.881s] -- The C compiler identification is GNU 11.4.0
[0.953s] -- The CXX compiler identification is GNU 11.4.0
[0.964s] -- Detecting C compiler ABI info
[1.053s] -- Detecting C compiler ABI info - done
[1.061s] -- Check for working C compiler: /usr/bin/cc - skipped
[1.061s] -- Detecting C compile features
[1.061s] -- Detecting C compile features - done
[1.064s] -- Detecting CXX compiler ABI info
[1.170s] -- Detecting CXX compiler ABI info - done
[1.176s] -- Check for working CXX compiler: /usr/bin/c++ - skipped
[1.177s] -- Detecting CXX compile features
[1.178s] -- Detecting CXX compile features - done
[1.181s] -- Found ament_cmake: 1.3.12 (/opt/ros/humble/share/ament_cmake/cmake)
[1.674s] -- Found Python3: /usr/bin/python3 (found version "3.10.12") found components: Interpreter 
[1.777s] -- Override CMake install command with custom implementation using symlinks instead of copying resources
[1.869s] -- Configuring done
[1.869s] -- Generating done
[1.871s] -- Build files have been written to: /home/Gery/ME597_Lab/Lab4/ws1/build/vision_opencv
[1.876s] Invoked command in '/home/Gery/ME597_Lab/Lab4/ws1/build/vision_opencv' returned '0': CMAKE_PREFIX_PATH=/home/Gery/ME597_Lab/Lab4/ws1/install/image_geometry:/home/Gery/ME597_Lab/Lab4/ws1/install/cv_bridge:/home/Gery/ME597_Lab/Lab4/ws1/install/vision_opencv:/home/Gery/ME597_Lab/Lab4/ws1/install/task_6:/home/Gery/ME597_Lab/Lab4/ws1/install/task_5:/home/Gery/ME597_Lab/Lab4/ws1/install/opencv_tests:/opt/ros/humble /usr/bin/cmake /home/Gery/ME597_Lab/Lab4/ws1/src/vision_opencv/vision_opencv -DAMENT_CMAKE_SYMLINK_INSTALL=1 -DCMAKE_INSTALL_PREFIX=/home/Gery/ME597_Lab/Lab4/ws1/install/vision_opencv
[1.878s] Invoking command in '/home/Gery/ME597_Lab/Lab4/ws1/build/vision_opencv': CMAKE_PREFIX_PATH=/home/Gery/ME597_Lab/Lab4/ws1/install/image_geometry:/home/Gery/ME597_Lab/Lab4/ws1/install/cv_bridge:/home/Gery/ME597_Lab/Lab4/ws1/install/vision_opencv:/home/Gery/ME597_Lab/Lab4/ws1/install/task_6:/home/Gery/ME597_Lab/Lab4/ws1/install/task_5:/home/Gery/ME597_Lab/Lab4/ws1/install/opencv_tests:/opt/ros/humble /usr/bin/cmake --build /home/Gery/ME597_Lab/Lab4/ws1/build/vision_opencv -- -j4 -l4
[1.928s] Invoked command in '/home/Gery/ME597_Lab/Lab4/ws1/build/vision_opencv' returned '0': CMAKE_PREFIX_PATH=/home/Gery/ME597_Lab/Lab4/ws1/install/image_geometry:/home/Gery/ME597_Lab/Lab4/ws1/install/cv_bridge:/home/Gery/ME597_Lab/Lab4/ws1/install/vision_opencv:/home/Gery/ME597_Lab/Lab4/ws1/install/task_6:/home/Gery/ME597_Lab/Lab4/ws1/install/task_5:/home/Gery/ME597_Lab/Lab4/ws1/install/opencv_tests:/opt/ros/humble /usr/bin/cmake --build /home/Gery/ME597_Lab/Lab4/ws1/build/vision_opencv -- -j4 -l4
[1.932s] Invoking command in '/home/Gery/ME597_Lab/Lab4/ws1/build/vision_opencv': CMAKE_PREFIX_PATH=/home/Gery/ME597_Lab/Lab4/ws1/install/image_geometry:/home/Gery/ME597_Lab/Lab4/ws1/install/cv_bridge:/home/Gery/ME597_Lab/Lab4/ws1/install/vision_opencv:/home/Gery/ME597_Lab/Lab4/ws1/install/task_6:/home/Gery/ME597_Lab/Lab4/ws1/install/task_5:/home/Gery/ME597_Lab/Lab4/ws1/install/opencv_tests:/opt/ros/humble /usr/bin/cmake --install /home/Gery/ME597_Lab/Lab4/ws1/build/vision_opencv
[1.941s] -- Install configuration: ""
[1.941s] -- Execute custom install script
[1.942s] -- Symlinking: /home/Gery/ME597_Lab/Lab4/ws1/install/vision_opencv/share/ament_index/resource_index/package_run_dependencies/vision_opencv
[1.954s] -- Symlinking: /home/Gery/ME597_Lab/Lab4/ws1/install/vision_opencv/share/ament_index/resource_index/parent_prefix_path/vision_opencv
[1.973s] -- Symlinking: /home/Gery/ME597_Lab/Lab4/ws1/install/vision_opencv/share/vision_opencv/environment/ament_prefix_path.sh
[1.982s] -- Symlinking: /home/Gery/ME597_Lab/Lab4/ws1/install/vision_opencv/share/vision_opencv/environment/ament_prefix_path.dsv
[2.005s] -- Symlinking: /home/Gery/ME597_Lab/Lab4/ws1/install/vision_opencv/share/vision_opencv/environment/path.sh
[2.031s] -- Symlinking: /home/Gery/ME597_Lab/Lab4/ws1/install/vision_opencv/share/vision_opencv/environment/path.dsv
[2.060s] -- Symlinking: /home/Gery/ME597_Lab/Lab4/ws1/install/vision_opencv/share/vision_opencv/local_setup.bash
[2.077s] -- Symlinking: /home/Gery/ME597_Lab/Lab4/ws1/install/vision_opencv/share/vision_opencv/local_setup.sh
[2.095s] -- Symlinking: /home/Gery/ME597_Lab/Lab4/ws1/install/vision_opencv/share/vision_opencv/local_setup.zsh
[2.106s] -- Symlinking: /home/Gery/ME597_Lab/Lab4/ws1/install/vision_opencv/share/vision_opencv/local_setup.dsv
[2.121s] -- Symlinking: /home/Gery/ME597_Lab/Lab4/ws1/install/vision_opencv/share/vision_opencv/package.dsv
[2.136s] -- Symlinking: /home/Gery/ME597_Lab/Lab4/ws1/install/vision_opencv/share/ament_index/resource_index/packages/vision_opencv
[2.159s] -- Symlinking: /home/Gery/ME597_Lab/Lab4/ws1/install/vision_opencv/share/vision_opencv/cmake/vision_opencvConfig.cmake
[2.185s] -- Symlinking: /home/Gery/ME597_Lab/Lab4/ws1/install/vision_opencv/share/vision_opencv/cmake/vision_opencvConfig-version.cmake
[2.208s] -- Symlinking: /home/Gery/ME597_Lab/Lab4/ws1/install/vision_opencv/share/vision_opencv/package.xml
[2.238s] Invoked command in '/home/Gery/ME597_Lab/Lab4/ws1/build/vision_opencv' returned '0': CMAKE_PREFIX_PATH=/home/Gery/ME597_Lab/Lab4/ws1/install/image_geometry:/home/Gery/ME597_Lab/Lab4/ws1/install/cv_bridge:/home/Gery/ME597_Lab/Lab4/ws1/install/vision_opencv:/home/Gery/ME597_Lab/Lab4/ws1/install/task_6:/home/Gery/ME597_Lab/Lab4/ws1/install/task_5:/home/Gery/ME597_Lab/Lab4/ws1/install/opencv_tests:/opt/ros/humble /usr/bin/cmake --install /home/Gery/ME597_Lab/Lab4/ws1/build/vision_opencv
