[0.796s] Invoking command in '/home/Gery/ME597_Lab/Lab4/ws1/build/vision_opencv': AMENT_PREFIX_PATH=/home/Gery/ME597_Lab/Lab4/ws1/install/image_geometry:/home/Gery/ME597_Lab/Lab4/ws1/install/cv_bridge:${AMENT_PREFIX_PATH} CMAKE_PREFIX_PATH=/home/Gery/ME597_Lab/Lab4/ws1/install/image_geometry:/home/Gery/ME597_Lab/Lab4/ws1/install/cv_bridge:/opt/ros/humble LD_LIBRARY_PATH=/home/Gery/ME597_Lab/Lab4/ws1/install/image_geometry/lib:/home/Gery/ME597_Lab/Lab4/ws1/install/cv_bridge/lib:${LD_LIBRARY_PATH} PYTHONPATH=/home/Gery/ME597_Lab/Lab4/ws1/install/image_geometry/local/lib/python3.10/dist-packages:/home/Gery/ME597_Lab/Lab4/ws1/install/cv_bridge/local/lib/python3.10/dist-packages:${PYTHONPATH} /usr/bin/cmake --build /home/Gery/ME597_Lab/Lab4/ws1/build/vision_opencv -- -j4 -l4
[0.858s] Invoked command in '/home/Gery/ME597_Lab/Lab4/ws1/build/vision_opencv' returned '0': AMENT_PREFIX_PATH=/home/Gery/ME597_Lab/Lab4/ws1/install/image_geometry:/home/Gery/ME597_Lab/Lab4/ws1/install/cv_bridge:${AMENT_PREFIX_PATH} CMAKE_PREFIX_PATH=/home/Gery/ME597_Lab/Lab4/ws1/install/image_geometry:/home/Gery/ME597_Lab/Lab4/ws1/install/cv_bridge:/opt/ros/humble LD_LIBRARY_PATH=/home/Gery/ME597_Lab/Lab4/ws1/install/image_geometry/lib:/home/Gery/ME597_Lab/Lab4/ws1/install/cv_bridge/lib:${LD_LIBRARY_PATH} PYTHONPATH=/home/Gery/ME597_Lab/Lab4/ws1/install/image_geometry/local/lib/python3.10/dist-packages:/home/Gery/ME597_Lab/Lab4/ws1/install/cv_bridge/local/lib/python3.10/dist-packages:${PYTHONPATH} /usr/bin/cmake --build /home/Gery/ME597_Lab/Lab4/ws1/build/vision_opencv -- -j4 -l4
[0.859s] Invoking command in '/home/Gery/ME597_Lab/Lab4/ws1/build/vision_opencv': AMENT_PREFIX_PATH=/home/Gery/ME597_Lab/Lab4/ws1/install/image_geometry:/home/Gery/ME597_Lab/Lab4/ws1/install/cv_bridge:${AMENT_PREFIX_PATH} CMAKE_PREFIX_PATH=/home/Gery/ME597_Lab/Lab4/ws1/install/image_geometry:/home/Gery/ME597_Lab/Lab4/ws1/install/cv_bridge:/opt/ros/humble LD_LIBRARY_PATH=/home/Gery/ME597_Lab/Lab4/ws1/install/image_geometry/lib:/home/Gery/ME597_Lab/Lab4/ws1/install/cv_bridge/lib:${LD_LIBRARY_PATH} PYTHONPATH=/home/Gery/ME597_Lab/Lab4/ws1/install/image_geometry/local/lib/python3.10/dist-packages:/home/Gery/ME597_Lab/Lab4/ws1/install/cv_bridge/local/lib/python3.10/dist-packages:${PYTHONPATH} /usr/bin/cmake --install /home/Gery/ME597_Lab/Lab4/ws1/build/vision_opencv
[0.868s] -- Install configuration: ""
[0.869s] -- Execute custom install script
[0.870s] -- Up-to-date symlink: /home/Gery/ME597_Lab/Lab4/ws1/install/vision_opencv/share/ament_index/resource_index/package_run_dependencies/vision_opencv
[0.870s] -- Up-to-date symlink: /home/Gery/ME597_Lab/Lab4/ws1/install/vision_opencv/share/ament_index/resource_index/parent_prefix_path/vision_opencv
[0.870s] -- Up-to-date symlink: /home/Gery/ME597_Lab/Lab4/ws1/install/vision_opencv/share/vision_opencv/environment/ament_prefix_path.sh
[0.870s] -- Up-to-date symlink: /home/Gery/ME597_Lab/Lab4/ws1/install/vision_opencv/share/vision_opencv/environment/ament_prefix_path.dsv
[0.871s] -- Up-to-date symlink: /home/Gery/ME597_Lab/Lab4/ws1/install/vision_opencv/share/vision_opencv/environment/path.sh
[0.872s] -- Up-to-date symlink: /home/Gery/ME597_Lab/Lab4/ws1/install/vision_opencv/share/vision_opencv/environment/path.dsv
[0.872s] -- Up-to-date symlink: /home/Gery/ME597_Lab/Lab4/ws1/install/vision_opencv/share/vision_opencv/local_setup.bash
[0.872s] -- Up-to-date symlink: /home/Gery/ME597_Lab/Lab4/ws1/install/vision_opencv/share/vision_opencv/local_setup.sh
[0.872s] -- Up-to-date symlink: /home/Gery/ME597_Lab/Lab4/ws1/install/vision_opencv/share/vision_opencv/local_setup.zsh
[0.872s] -- Up-to-date symlink: /home/Gery/ME597_Lab/Lab4/ws1/install/vision_opencv/share/vision_opencv/local_setup.dsv
[0.872s] -- Symlinking: /home/Gery/ME597_Lab/Lab4/ws1/install/vision_opencv/share/vision_opencv/package.dsv
[0.885s] -- Up-to-date symlink: /home/Gery/ME597_Lab/Lab4/ws1/install/vision_opencv/share/ament_index/resource_index/packages/vision_opencv
[0.885s] -- Up-to-date symlink: /home/Gery/ME597_Lab/Lab4/ws1/install/vision_opencv/share/vision_opencv/cmake/vision_opencvConfig.cmake
[0.885s] -- Up-to-date symlink: /home/Gery/ME597_Lab/Lab4/ws1/install/vision_opencv/share/vision_opencv/cmake/vision_opencvConfig-version.cmake
[0.885s] -- Up-to-date symlink: /home/Gery/ME597_Lab/Lab4/ws1/install/vision_opencv/share/vision_opencv/package.xml
[0.894s] Invoked command in '/home/Gery/ME597_Lab/Lab4/ws1/build/vision_opencv' returned '0': AMENT_PREFIX_PATH=/home/Gery/ME597_Lab/Lab4/ws1/install/image_geometry:/home/Gery/ME597_Lab/Lab4/ws1/install/cv_bridge:${AMENT_PREFIX_PATH} CMAKE_PREFIX_PATH=/home/Gery/ME597_Lab/Lab4/ws1/install/image_geometry:/home/Gery/ME597_Lab/Lab4/ws1/install/cv_bridge:/opt/ros/humble LD_LIBRARY_PATH=/home/Gery/ME597_Lab/Lab4/ws1/install/image_geometry/lib:/home/Gery/ME597_Lab/Lab4/ws1/install/cv_bridge/lib:${LD_LIBRARY_PATH} PYTHONPATH=/home/Gery/ME597_Lab/Lab4/ws1/install/image_geometry/local/lib/python3.10/dist-packages:/home/Gery/ME597_Lab/Lab4/ws1/install/cv_bridge/local/lib/python3.10/dist-packages:${PYTHONPATH} /usr/bin/cmake --install /home/Gery/ME597_Lab/Lab4/ws1/build/vision_opencv
