-- Found ament_cmake: 1.3.10 (/opt/ros/humble/share/ament_cmake/cmake)
-- Override CMake install command with custom implementation using symlinks instead of copying resources
-- Found ament_lint_auto: 0.12.11 (/opt/ros/humble/share/ament_lint_auto/cmake)
-- Found geometry_msgs: 4.2.4 (/opt/ros/humble/share/geometry_msgs/cmake)
-- Found rosidl_generator_c: 3.1.5 (/opt/ros/humble/share/rosidl_generator_c/cmake)
-- Found rosidl_adapter: 3.1.5 (/opt/ros/humble/share/rosidl_adapter/cmake)
-- Found rosidl_generator_cpp: 3.1.5 (/opt/ros/humble/share/rosidl_generator_cpp/cmake)
-- Using all available rosidl_typesupport_c: rosidl_typesupport_fastrtps_c;rosidl_typesupport_introspection_c
-- Using all available rosidl_typesupport_cpp: rosidl_typesupport_fastrtps_cpp;rosidl_typesupport_introspection_cpp
-- Found rosidl_default_generators: 1.2.0 (/opt/ros/humble/share/rosidl_default_generators/cmake)
-- Found ament_cmake_ros: 0.10.0 (/opt/ros/humble/share/ament_cmake_ros/cmake)
-- Using all available rosidl_typesupport_c: rosidl_typesupport_fastrtps_c;rosidl_typesupport_introspection_c
-- Using all available rosidl_typesupport_cpp: rosidl_typesupport_fastrtps_cpp;rosidl_typesupport_introspection_cpp
-- Found PythonInterp: /usr/bin/python3 (found suitable version "3.10.12", minimum required is "3.6") 
-- Found python_cmake_module: 0.10.0 (/opt/ros/humble/share/python_cmake_module/cmake)
-- Found PythonLibs: /usr/lib/x86_64-linux-gnu/libpython3.10.so (found suitable version "3.10.12", minimum required is "3.5") 
-- Using PYTHON_EXECUTABLE: /usr/bin/python3
-- Using PYTHON_INCLUDE_DIRS: /usr/include/python3.10
-- Using PYTHON_LIBRARIES: /usr/lib/x86_64-linux-gnu/libpython3.10.so
-- Found PythonExtra: .so  
-- Added test 'lint_cmake' to check CMake code style
-- Added test 'xmllint' to check XML markup files
-- Configuring done
-- Generating done
-- Build files have been written to: /home/me597/me597/Lab1/ws1/build/task_2_interfaces
[  2%] [34m[1mGenerating C code for ROS interfaces[0m
[  5%] [34m[1mGenerating C++ code for ROS interfaces[0m
[  5%] Built target ament_cmake_python_symlink_task_2_interfaces
running egg_info
[  5%] Built target task_2_interfaces__cpp
creating task_2_interfaces.egg-info
writing task_2_interfaces.egg-info/PKG-INFO
writing dependency_links to task_2_interfaces.egg-info/dependency_links.txt
writing top-level names to task_2_interfaces.egg-info/top_level.txt
writing manifest file 'task_2_interfaces.egg-info/SOURCES.txt'
reading manifest file 'task_2_interfaces.egg-info/SOURCES.txt'
writing manifest file 'task_2_interfaces.egg-info/SOURCES.txt'
[  5%] Built target ament_cmake_python_build_task_2_interfaces_egg
[  7%] [34m[1mGenerating C++ type support dispatch for ROS interfaces[0m
[ 10%] [34m[1mGenerating C++ type support for eProsima Fast-RTPS[0m
[ 12%] [34m[1mGenerating C++ introspection for ROS interfaces[0m
[ 15%] [32mBuilding C object CMakeFiles/task_2_interfaces__rosidl_generator_c.dir/rosidl_generator_c/task_2_interfaces/msg/detail/joint_data__functions.c.o[0m
[ 17%] [32mBuilding C object CMakeFiles/task_2_interfaces__rosidl_generator_c.dir/rosidl_generator_c/task_2_interfaces/srv/detail/joint_state__functions.c.o[0m
[ 20%] [32m[1mLinking C shared library libtask_2_interfaces__rosidl_generator_c.so[0m
[ 20%] Built target task_2_interfaces__rosidl_generator_c
[ 23%] [34m[1mGenerating C type support for eProsima Fast-RTPS[0m
[ 25%] [32mBuilding CXX object CMakeFiles/task_2_interfaces__rosidl_typesupport_cpp.dir/rosidl_typesupport_cpp/task_2_interfaces/msg/joint_data__type_support.cpp.o[0m
[ 28%] [32mBuilding CXX object CMakeFiles/task_2_interfaces__rosidl_typesupport_introspection_cpp.dir/rosidl_typesupport_introspection_cpp/task_2_interfaces/msg/detail/joint_data__type_support.cpp.o[0m
[ 30%] [32mBuilding CXX object CMakeFiles/task_2_interfaces__rosidl_typesupport_fastrtps_cpp.dir/rosidl_typesupport_fastrtps_cpp/task_2_interfaces/msg/detail/dds_fastrtps/joint_data__type_support.cpp.o[0m
[ 33%] [32mBuilding CXX object CMakeFiles/task_2_interfaces__rosidl_typesupport_fastrtps_c.dir/rosidl_typesupport_fastrtps_c/task_2_interfaces/msg/detail/joint_data__type_support_c.cpp.o[0m
[ 35%] [32mBuilding CXX object CMakeFiles/task_2_interfaces__rosidl_typesupport_cpp.dir/rosidl_typesupport_cpp/task_2_interfaces/srv/joint_state__type_support.cpp.o[0m
[ 38%] [32mBuilding CXX object CMakeFiles/task_2_interfaces__rosidl_typesupport_fastrtps_cpp.dir/rosidl_typesupport_fastrtps_cpp/task_2_interfaces/srv/detail/dds_fastrtps/joint_state__type_support.cpp.o[0m
[ 41%] [32mBuilding CXX object CMakeFiles/task_2_interfaces__rosidl_typesupport_introspection_cpp.dir/rosidl_typesupport_introspection_cpp/task_2_interfaces/srv/detail/joint_state__type_support.cpp.o[0m
[ 43%] [32m[1mLinking CXX shared library libtask_2_interfaces__rosidl_typesupport_cpp.so[0m
[ 46%] [32mBuilding CXX object CMakeFiles/task_2_interfaces__rosidl_typesupport_fastrtps_c.dir/rosidl_typesupport_fastrtps_c/task_2_interfaces/srv/detail/joint_state__type_support_c.cpp.o[0m
[ 46%] Built target task_2_interfaces__rosidl_typesupport_cpp
[ 48%] [34m[1mGenerating C introspection for ROS interfaces[0m
[ 51%] [32m[1mLinking CXX shared library libtask_2_interfaces__rosidl_typesupport_introspection_cpp.so[0m
[ 51%] Built target task_2_interfaces__rosidl_typesupport_introspection_cpp
[ 53%] [32m[1mLinking CXX shared library libtask_2_interfaces__rosidl_typesupport_fastrtps_c.so[0m
[ 56%] [34m[1mGenerating C type support dispatch for ROS interfaces[0m
[ 58%] [32m[1mLinking CXX shared library libtask_2_interfaces__rosidl_typesupport_fastrtps_cpp.so[0m
[ 61%] [32mBuilding C object CMakeFiles/task_2_interfaces__rosidl_typesupport_introspection_c.dir/rosidl_typesupport_introspection_c/task_2_interfaces/msg/detail/joint_data__type_support.c.o[0m
[ 61%] Built target task_2_interfaces__rosidl_typesupport_fastrtps_c
[ 64%] [32mBuilding C object CMakeFiles/task_2_interfaces__rosidl_typesupport_introspection_c.dir/rosidl_typesupport_introspection_c/task_2_interfaces/srv/detail/joint_state__type_support.c.o[0m
[ 64%] Built target task_2_interfaces__rosidl_typesupport_fastrtps_cpp
[ 66%] [32m[1mLinking C shared library libtask_2_interfaces__rosidl_typesupport_introspection_c.so[0m
[ 66%] Built target task_2_interfaces__rosidl_typesupport_introspection_c
[ 69%] [32mBuilding CXX object CMakeFiles/task_2_interfaces__rosidl_typesupport_c.dir/rosidl_typesupport_c/task_2_interfaces/msg/joint_data__type_support.cpp.o[0m
[ 71%] [32mBuilding CXX object CMakeFiles/task_2_interfaces__rosidl_typesupport_c.dir/rosidl_typesupport_c/task_2_interfaces/srv/joint_state__type_support.cpp.o[0m
[ 74%] [32m[1mLinking CXX shared library libtask_2_interfaces__rosidl_typesupport_c.so[0m
[ 74%] Built target task_2_interfaces__rosidl_typesupport_c
[ 74%] Built target task_2_interfaces
[ 76%] [34m[1mGenerating Python code for ROS interfaces[0m
[ 76%] Built target task_2_interfaces__py
[ 79%] [32mBuilding C object CMakeFiles/task_2_interfaces__rosidl_generator_py.dir/rosidl_generator_py/task_2_interfaces/msg/_joint_data_s.c.o[0m
[ 82%] [32mBuilding C object CMakeFiles/task_2_interfaces__rosidl_generator_py.dir/rosidl_generator_py/task_2_interfaces/srv/_joint_state_s.c.o[0m
[ 84%] [32m[1mLinking C shared library rosidl_generator_py/task_2_interfaces/libtask_2_interfaces__rosidl_generator_py.so[0m
[ 84%] Built target task_2_interfaces__rosidl_generator_py
[ 87%] [32mBuilding C object CMakeFiles/task_2_interfaces__rosidl_typesupport_fastrtps_c__pyext.dir/rosidl_generator_py/task_2_interfaces/_task_2_interfaces_s.ep.rosidl_typesupport_fastrtps_c.c.o[0m
[ 89%] [32mBuilding C object CMakeFiles/task_2_interfaces__rosidl_typesupport_c__pyext.dir/rosidl_generator_py/task_2_interfaces/_task_2_interfaces_s.ep.rosidl_typesupport_c.c.o[0m
[ 92%] [32mBuilding C object CMakeFiles/task_2_interfaces__rosidl_typesupport_introspection_c__pyext.dir/rosidl_generator_py/task_2_interfaces/_task_2_interfaces_s.ep.rosidl_typesupport_introspection_c.c.o[0m
[ 94%] [32m[1mLinking C shared library rosidl_generator_py/task_2_interfaces/task_2_interfaces_s__rosidl_typesupport_c.cpython-310-x86_64-linux-gnu.so[0m
[ 97%] [32m[1mLinking C shared library rosidl_generator_py/task_2_interfaces/task_2_interfaces_s__rosidl_typesupport_fastrtps_c.cpython-310-x86_64-linux-gnu.so[0m
[100%] [32m[1mLinking C shared library rosidl_generator_py/task_2_interfaces/task_2_interfaces_s__rosidl_typesupport_introspection_c.cpython-310-x86_64-linux-gnu.so[0m
[100%] Built target task_2_interfaces__rosidl_typesupport_c__pyext
[100%] Built target task_2_interfaces__rosidl_typesupport_fastrtps_c__pyext
[100%] Built target task_2_interfaces__rosidl_typesupport_introspection_c__pyext
-- Install configuration: ""
-- Execute custom install script
-- Symlinking: /home/me597/me597/Lab1/ws1/install/task_2_interfaces/share/ament_index/resource_index/rosidl_interfaces/task_2_interfaces
-- Symlinking: /home/me597/me597/Lab1/ws1/install/task_2_interfaces/include/task_2_interfaces/task_2_interfaces/msg/detail/joint_data__functions.h
-- Symlinking: /home/me597/me597/Lab1/ws1/install/task_2_interfaces/include/task_2_interfaces/task_2_interfaces/msg/detail/joint_data__struct.h
-- Symlinking: /home/me597/me597/Lab1/ws1/install/task_2_interfaces/include/task_2_interfaces/task_2_interfaces/msg/detail/joint_data__type_support.h
-- Symlinking: /home/me597/me597/Lab1/ws1/install/task_2_interfaces/include/task_2_interfaces/task_2_interfaces/msg/joint_data.h
-- Symlinking: /home/me597/me597/Lab1/ws1/install/task_2_interfaces/include/task_2_interfaces/task_2_interfaces/msg/rosidl_generator_c__visibility_control.h
-- Symlinking: /home/me597/me597/Lab1/ws1/install/task_2_interfaces/include/task_2_interfaces/task_2_interfaces/srv/detail/joint_state__functions.h
-- Symlinking: /home/me597/me597/Lab1/ws1/install/task_2_interfaces/include/task_2_interfaces/task_2_interfaces/srv/detail/joint_state__struct.h
-- Symlinking: /home/me597/me597/Lab1/ws1/install/task_2_interfaces/include/task_2_interfaces/task_2_interfaces/srv/detail/joint_state__type_support.h
-- Symlinking: /home/me597/me597/Lab1/ws1/install/task_2_interfaces/include/task_2_interfaces/task_2_interfaces/srv/joint_state.h
-- Symlinking: /home/me597/me597/Lab1/ws1/install/task_2_interfaces/share/task_2_interfaces/environment/library_path.sh
-- Symlinking: /home/me597/me597/Lab1/ws1/install/task_2_interfaces/share/task_2_interfaces/environment/library_path.dsv
-- Symlinking: /home/me597/me597/Lab1/ws1/install/task_2_interfaces/include/task_2_interfaces/task_2_interfaces/msg/detail/joint_data__rosidl_typesupport_fastrtps_c.h
-- Symlinking: /home/me597/me597/Lab1/ws1/install/task_2_interfaces/include/task_2_interfaces/task_2_interfaces/msg/rosidl_typesupport_fastrtps_c__visibility_control.h
-- Symlinking: /home/me597/me597/Lab1/ws1/install/task_2_interfaces/include/task_2_interfaces/task_2_interfaces/srv/detail/joint_state__rosidl_typesupport_fastrtps_c.h
-- Symlinking: /home/me597/me597/Lab1/ws1/install/task_2_interfaces/include/task_2_interfaces/task_2_interfaces/msg/detail/joint_data__builder.hpp
-- Symlinking: /home/me597/me597/Lab1/ws1/install/task_2_interfaces/include/task_2_interfaces/task_2_interfaces/msg/detail/joint_data__struct.hpp
-- Symlinking: /home/me597/me597/Lab1/ws1/install/task_2_interfaces/include/task_2_interfaces/task_2_interfaces/msg/detail/joint_data__traits.hpp
-- Symlinking: /home/me597/me597/Lab1/ws1/install/task_2_interfaces/include/task_2_interfaces/task_2_interfaces/msg/joint_data.hpp
-- Symlinking: /home/me597/me597/Lab1/ws1/install/task_2_interfaces/include/task_2_interfaces/task_2_interfaces/srv/detail/joint_state__builder.hpp
-- Symlinking: /home/me597/me597/Lab1/ws1/install/task_2_interfaces/include/task_2_interfaces/task_2_interfaces/srv/detail/joint_state__struct.hpp
-- Symlinking: /home/me597/me597/Lab1/ws1/install/task_2_interfaces/include/task_2_interfaces/task_2_interfaces/srv/detail/joint_state__traits.hpp
-- Symlinking: /home/me597/me597/Lab1/ws1/install/task_2_interfaces/include/task_2_interfaces/task_2_interfaces/srv/joint_state.hpp
-- Symlinking: /home/me597/me597/Lab1/ws1/install/task_2_interfaces/include/task_2_interfaces/task_2_interfaces/msg/detail/joint_data__rosidl_typesupport_fastrtps_cpp.hpp
-- Symlinking: /home/me597/me597/Lab1/ws1/install/task_2_interfaces/include/task_2_interfaces/task_2_interfaces/msg/rosidl_typesupport_fastrtps_cpp__visibility_control.h
-- Symlinking: /home/me597/me597/Lab1/ws1/install/task_2_interfaces/include/task_2_interfaces/task_2_interfaces/srv/detail/joint_state__rosidl_typesupport_fastrtps_cpp.hpp
-- Symlinking: /home/me597/me597/Lab1/ws1/install/task_2_interfaces/include/task_2_interfaces/task_2_interfaces/msg/detail/joint_data__rosidl_typesupport_introspection_c.h
-- Symlinking: /home/me597/me597/Lab1/ws1/install/task_2_interfaces/include/task_2_interfaces/task_2_interfaces/msg/rosidl_typesupport_introspection_c__visibility_control.h
-- Symlinking: /home/me597/me597/Lab1/ws1/install/task_2_interfaces/include/task_2_interfaces/task_2_interfaces/srv/detail/joint_state__rosidl_typesupport_introspection_c.h
-- Symlinking: /home/me597/me597/Lab1/ws1/install/task_2_interfaces/include/task_2_interfaces/task_2_interfaces/msg/detail/joint_data__rosidl_typesupport_introspection_cpp.hpp
-- Symlinking: /home/me597/me597/Lab1/ws1/install/task_2_interfaces/include/task_2_interfaces/task_2_interfaces/srv/detail/joint_state__rosidl_typesupport_introspection_cpp.hpp
-- Symlinking: /home/me597/me597/Lab1/ws1/install/task_2_interfaces/share/task_2_interfaces/environment/pythonpath.sh
-- Symlinking: /home/me597/me597/Lab1/ws1/install/task_2_interfaces/share/task_2_interfaces/environment/pythonpath.dsv
-- Symlinking: /home/me597/me597/Lab1/ws1/install/task_2_interfaces/local/lib/python3.10/dist-packages/task_2_interfaces-0.0.0-py3.10.egg-info/PKG-INFO
-- Symlinking: /home/me597/me597/Lab1/ws1/install/task_2_interfaces/local/lib/python3.10/dist-packages/task_2_interfaces-0.0.0-py3.10.egg-info/SOURCES.txt
-- Symlinking: /home/me597/me597/Lab1/ws1/install/task_2_interfaces/local/lib/python3.10/dist-packages/task_2_interfaces-0.0.0-py3.10.egg-info/dependency_links.txt
-- Symlinking: /home/me597/me597/Lab1/ws1/install/task_2_interfaces/local/lib/python3.10/dist-packages/task_2_interfaces-0.0.0-py3.10.egg-info/top_level.txt
-- Symlinking: /home/me597/me597/Lab1/ws1/install/task_2_interfaces/local/lib/python3.10/dist-packages/task_2_interfaces/__init__.py
-- Symlinking: /home/me597/me597/Lab1/ws1/install/task_2_interfaces/local/lib/python3.10/dist-packages/task_2_interfaces/_task_2_interfaces_s.ep.rosidl_typesupport_c.c
-- Symlinking: /home/me597/me597/Lab1/ws1/install/task_2_interfaces/local/lib/python3.10/dist-packages/task_2_interfaces/_task_2_interfaces_s.ep.rosidl_typesupport_fastrtps_c.c
-- Symlinking: /home/me597/me597/Lab1/ws1/install/task_2_interfaces/local/lib/python3.10/dist-packages/task_2_interfaces/_task_2_interfaces_s.ep.rosidl_typesupport_introspection_c.c
-- Symlinking: /home/me597/me597/Lab1/ws1/install/task_2_interfaces/local/lib/python3.10/dist-packages/task_2_interfaces/libtask_2_interfaces__rosidl_generator_py.so
-- Symlinking: /home/me597/me597/Lab1/ws1/install/task_2_interfaces/local/lib/python3.10/dist-packages/task_2_interfaces/msg/__init__.py
-- Symlinking: /home/me597/me597/Lab1/ws1/install/task_2_interfaces/local/lib/python3.10/dist-packages/task_2_interfaces/msg/_joint_data.py
-- Symlinking: /home/me597/me597/Lab1/ws1/install/task_2_interfaces/local/lib/python3.10/dist-packages/task_2_interfaces/msg/_joint_data_s.c
-- Symlinking: /home/me597/me597/Lab1/ws1/install/task_2_interfaces/local/lib/python3.10/dist-packages/task_2_interfaces/srv/__init__.py
-- Symlinking: /home/me597/me597/Lab1/ws1/install/task_2_interfaces/local/lib/python3.10/dist-packages/task_2_interfaces/srv/_joint_state.py
-- Symlinking: /home/me597/me597/Lab1/ws1/install/task_2_interfaces/local/lib/python3.10/dist-packages/task_2_interfaces/srv/_joint_state_s.c
-- Symlinking: /home/me597/me597/Lab1/ws1/install/task_2_interfaces/local/lib/python3.10/dist-packages/task_2_interfaces/task_2_interfaces_s__rosidl_typesupport_c.cpython-310-x86_64-linux-gnu.so
-- Symlinking: /home/me597/me597/Lab1/ws1/install/task_2_interfaces/local/lib/python3.10/dist-packages/task_2_interfaces/task_2_interfaces_s__rosidl_typesupport_fastrtps_c.cpython-310-x86_64-linux-gnu.so
-- Symlinking: /home/me597/me597/Lab1/ws1/install/task_2_interfaces/local/lib/python3.10/dist-packages/task_2_interfaces/task_2_interfaces_s__rosidl_typesupport_introspection_c.cpython-310-x86_64-linux-gnu.so
-- Up-to-date symlink: /home/me597/me597/Lab1/ws1/install/task_2_interfaces/local/lib/python3.10/dist-packages/task_2_interfaces/task_2_interfaces_s__rosidl_typesupport_fastrtps_c.cpython-310-x86_64-linux-gnu.so
-- Up-to-date symlink: /home/me597/me597/Lab1/ws1/install/task_2_interfaces/local/lib/python3.10/dist-packages/task_2_interfaces/task_2_interfaces_s__rosidl_typesupport_introspection_c.cpython-310-x86_64-linux-gnu.so
-- Up-to-date symlink: /home/me597/me597/Lab1/ws1/install/task_2_interfaces/local/lib/python3.10/dist-packages/task_2_interfaces/task_2_interfaces_s__rosidl_typesupport_c.cpython-310-x86_64-linux-gnu.so
-- Symlinking: /home/me597/me597/Lab1/ws1/install/task_2_interfaces/share/task_2_interfaces/msg/JointData.idl
-- Symlinking: /home/me597/me597/Lab1/ws1/install/task_2_interfaces/share/task_2_interfaces/srv/JointState.idl
-- Symlinking: /home/me597/me597/Lab1/ws1/install/task_2_interfaces/share/task_2_interfaces/msg/JointData.msg
-- Symlinking: /home/me597/me597/Lab1/ws1/install/task_2_interfaces/share/task_2_interfaces/srv/JointState.srv
-- Symlinking: /home/me597/me597/Lab1/ws1/install/task_2_interfaces/share/task_2_interfaces/srv/JointState_Request.msg
-- Symlinking: /home/me597/me597/Lab1/ws1/install/task_2_interfaces/share/task_2_interfaces/srv/JointState_Response.msg
-- Symlinking: /home/me597/me597/Lab1/ws1/install/task_2_interfaces/share/ament_index/resource_index/package_run_dependencies/task_2_interfaces
-- Symlinking: /home/me597/me597/Lab1/ws1/install/task_2_interfaces/share/ament_index/resource_index/parent_prefix_path/task_2_interfaces
-- Symlinking: /home/me597/me597/Lab1/ws1/install/task_2_interfaces/share/task_2_interfaces/environment/ament_prefix_path.sh
-- Symlinking: /home/me597/me597/Lab1/ws1/install/task_2_interfaces/share/task_2_interfaces/environment/ament_prefix_path.dsv
-- Symlinking: /home/me597/me597/Lab1/ws1/install/task_2_interfaces/share/task_2_interfaces/environment/path.sh
-- Symlinking: /home/me597/me597/Lab1/ws1/install/task_2_interfaces/share/task_2_interfaces/environment/path.dsv
-- Symlinking: /home/me597/me597/Lab1/ws1/install/task_2_interfaces/share/task_2_interfaces/local_setup.bash
-- Symlinking: /home/me597/me597/Lab1/ws1/install/task_2_interfaces/share/task_2_interfaces/local_setup.sh
-- Symlinking: /home/me597/me597/Lab1/ws1/install/task_2_interfaces/share/task_2_interfaces/local_setup.zsh
-- Symlinking: /home/me597/me597/Lab1/ws1/install/task_2_interfaces/share/task_2_interfaces/local_setup.dsv
-- Symlinking: /home/me597/me597/Lab1/ws1/install/task_2_interfaces/share/task_2_interfaces/package.dsv
-- Symlinking: /home/me597/me597/Lab1/ws1/install/task_2_interfaces/share/ament_index/resource_index/packages/task_2_interfaces
-- Symlinking: /home/me597/me597/Lab1/ws1/install/task_2_interfaces/share/task_2_interfaces/cmake/rosidl_cmake-extras.cmake
-- Symlinking: /home/me597/me597/Lab1/ws1/install/task_2_interfaces/share/task_2_interfaces/cmake/ament_cmake_export_dependencies-extras.cmake
-- Symlinking: /home/me597/me597/Lab1/ws1/install/task_2_interfaces/share/task_2_interfaces/cmake/ament_cmake_export_include_directories-extras.cmake
-- Symlinking: /home/me597/me597/Lab1/ws1/install/task_2_interfaces/share/task_2_interfaces/cmake/ament_cmake_export_libraries-extras.cmake
-- Symlinking: /home/me597/me597/Lab1/ws1/install/task_2_interfaces/share/task_2_interfaces/cmake/ament_cmake_export_targets-extras.cmake
-- Symlinking: /home/me597/me597/Lab1/ws1/install/task_2_interfaces/share/task_2_interfaces/cmake/rosidl_cmake_export_typesupport_targets-extras.cmake
-- Symlinking: /home/me597/me597/Lab1/ws1/install/task_2_interfaces/share/task_2_interfaces/cmake/rosidl_cmake_export_typesupport_libraries-extras.cmake
-- Symlinking: /home/me597/me597/Lab1/ws1/install/task_2_interfaces/share/task_2_interfaces/cmake/task_2_interfacesConfig.cmake
-- Symlinking: /home/me597/me597/Lab1/ws1/install/task_2_interfaces/share/task_2_interfaces/cmake/task_2_interfacesConfig-version.cmake
-- Symlinking: /home/me597/me597/Lab1/ws1/install/task_2_interfaces/share/task_2_interfaces/package.xml
-- Installing: /home/me597/me597/Lab1/ws1/install/task_2_interfaces/lib/libtask_2_interfaces__rosidl_generator_c.so
-- Set runtime path of "/home/me597/me597/Lab1/ws1/install/task_2_interfaces/lib/libtask_2_interfaces__rosidl_generator_c.so" to ""
-- Installing: /home/me597/me597/Lab1/ws1/install/task_2_interfaces/lib/libtask_2_interfaces__rosidl_typesupport_fastrtps_c.so
-- Set runtime path of "/home/me597/me597/Lab1/ws1/install/task_2_interfaces/lib/libtask_2_interfaces__rosidl_typesupport_fastrtps_c.so" to ""
-- Installing: /home/me597/me597/Lab1/ws1/install/task_2_interfaces/lib/libtask_2_interfaces__rosidl_typesupport_fastrtps_cpp.so
-- Set runtime path of "/home/me597/me597/Lab1/ws1/install/task_2_interfaces/lib/libtask_2_interfaces__rosidl_typesupport_fastrtps_cpp.so" to ""
-- Installing: /home/me597/me597/Lab1/ws1/install/task_2_interfaces/lib/libtask_2_interfaces__rosidl_typesupport_introspection_c.so
-- Set runtime path of "/home/me597/me597/Lab1/ws1/install/task_2_interfaces/lib/libtask_2_interfaces__rosidl_typesupport_introspection_c.so" to ""
-- Installing: /home/me597/me597/Lab1/ws1/install/task_2_interfaces/lib/libtask_2_interfaces__rosidl_typesupport_c.so
-- Set runtime path of "/home/me597/me597/Lab1/ws1/install/task_2_interfaces/lib/libtask_2_interfaces__rosidl_typesupport_c.so" to ""
-- Installing: /home/me597/me597/Lab1/ws1/install/task_2_interfaces/lib/libtask_2_interfaces__rosidl_typesupport_introspection_cpp.so
-- Set runtime path of "/home/me597/me597/Lab1/ws1/install/task_2_interfaces/lib/libtask_2_interfaces__rosidl_typesupport_introspection_cpp.so" to ""
-- Installing: /home/me597/me597/Lab1/ws1/install/task_2_interfaces/lib/libtask_2_interfaces__rosidl_typesupport_cpp.so
-- Set runtime path of "/home/me597/me597/Lab1/ws1/install/task_2_interfaces/lib/libtask_2_interfaces__rosidl_typesupport_cpp.so" to ""
Listing '/home/me597/me597/Lab1/ws1/install/task_2_interfaces/local/lib/python3.10/dist-packages/task_2_interfaces'...
Compiling '/home/me597/me597/Lab1/ws1/install/task_2_interfaces/local/lib/python3.10/dist-packages/task_2_interfaces/__init__.py'...
Listing '/home/me597/me597/Lab1/ws1/install/task_2_interfaces/local/lib/python3.10/dist-packages/task_2_interfaces/msg'...
Compiling '/home/me597/me597/Lab1/ws1/install/task_2_interfaces/local/lib/python3.10/dist-packages/task_2_interfaces/msg/__init__.py'...
Compiling '/home/me597/me597/Lab1/ws1/install/task_2_interfaces/local/lib/python3.10/dist-packages/task_2_interfaces/msg/_joint_data.py'...
Listing '/home/me597/me597/Lab1/ws1/install/task_2_interfaces/local/lib/python3.10/dist-packages/task_2_interfaces/srv'...
Compiling '/home/me597/me597/Lab1/ws1/install/task_2_interfaces/local/lib/python3.10/dist-packages/task_2_interfaces/srv/__init__.py'...
Compiling '/home/me597/me597/Lab1/ws1/install/task_2_interfaces/local/lib/python3.10/dist-packages/task_2_interfaces/srv/_joint_state.py'...
-- Installing: /home/me597/me597/Lab1/ws1/install/task_2_interfaces/lib/libtask_2_interfaces__rosidl_generator_py.so
-- Set runtime path of "/home/me597/me597/Lab1/ws1/install/task_2_interfaces/lib/libtask_2_interfaces__rosidl_generator_py.so" to ""
-- Installing: /home/me597/me597/Lab1/ws1/install/task_2_interfaces/share/task_2_interfaces/cmake/export_task_2_interfaces__rosidl_generator_cExport.cmake
-- Installing: /home/me597/me597/Lab1/ws1/install/task_2_interfaces/share/task_2_interfaces/cmake/export_task_2_interfaces__rosidl_generator_cExport-noconfig.cmake
-- Installing: /home/me597/me597/Lab1/ws1/install/task_2_interfaces/share/task_2_interfaces/cmake/export_task_2_interfaces__rosidl_typesupport_fastrtps_cExport.cmake
-- Installing: /home/me597/me597/Lab1/ws1/install/task_2_interfaces/share/task_2_interfaces/cmake/export_task_2_interfaces__rosidl_typesupport_fastrtps_cExport-noconfig.cmake
-- Installing: /home/me597/me597/Lab1/ws1/install/task_2_interfaces/share/task_2_interfaces/cmake/export_task_2_interfaces__rosidl_generator_cppExport.cmake
-- Installing: /home/me597/me597/Lab1/ws1/install/task_2_interfaces/share/task_2_interfaces/cmake/export_task_2_interfaces__rosidl_typesupport_fastrtps_cppExport.cmake
-- Installing: /home/me597/me597/Lab1/ws1/install/task_2_interfaces/share/task_2_interfaces/cmake/export_task_2_interfaces__rosidl_typesupport_fastrtps_cppExport-noconfig.cmake
-- Installing: /home/me597/me597/Lab1/ws1/install/task_2_interfaces/share/task_2_interfaces/cmake/task_2_interfaces__rosidl_typesupport_introspection_cExport.cmake
-- Installing: /home/me597/me597/Lab1/ws1/install/task_2_interfaces/share/task_2_interfaces/cmake/task_2_interfaces__rosidl_typesupport_introspection_cExport-noconfig.cmake
-- Installing: /home/me597/me597/Lab1/ws1/install/task_2_interfaces/share/task_2_interfaces/cmake/task_2_interfaces__rosidl_typesupport_cExport.cmake
-- Installing: /home/me597/me597/Lab1/ws1/install/task_2_interfaces/share/task_2_interfaces/cmake/task_2_interfaces__rosidl_typesupport_cExport-noconfig.cmake
-- Installing: /home/me597/me597/Lab1/ws1/install/task_2_interfaces/share/task_2_interfaces/cmake/task_2_interfaces__rosidl_typesupport_introspection_cppExport.cmake
-- Installing: /home/me597/me597/Lab1/ws1/install/task_2_interfaces/share/task_2_interfaces/cmake/task_2_interfaces__rosidl_typesupport_introspection_cppExport-noconfig.cmake
-- Installing: /home/me597/me597/Lab1/ws1/install/task_2_interfaces/share/task_2_interfaces/cmake/task_2_interfaces__rosidl_typesupport_cppExport.cmake
-- Installing: /home/me597/me597/Lab1/ws1/install/task_2_interfaces/share/task_2_interfaces/cmake/task_2_interfaces__rosidl_typesupport_cppExport-noconfig.cmake
-- Installing: /home/me597/me597/Lab1/ws1/install/task_2_interfaces/share/task_2_interfaces/cmake/export_task_2_interfaces__rosidl_generator_pyExport.cmake
-- Installing: /home/me597/me597/Lab1/ws1/install/task_2_interfaces/share/task_2_interfaces/cmake/export_task_2_interfaces__rosidl_generator_pyExport-noconfig.cmake
