[0.385s] Invoking command in '/home/me597/me597/Lab1/ws1/build/tutorial_interfaces': CMAKE_PREFIX_PATH=${CMAKE_PREFIX_PATH}:/home/me597/me597/Lab1/ws1/install/task_1:/home/me597/me597/Lab1/ws1/install/task2:/home/me597/me597/Lab1/ws1/install/task1:/home/me597/ece569-fall2025/Lab1/ws1/install/mypubsub:/opt/ros/humble /usr/bin/cmake /home/me597/me597/Lab1/ws1/src/tutorial_interfaces -DAMENT_CMAKE_SYMLINK_INSTALL=1 -DCMAKE_INSTALL_PREFIX=/home/me597/me597/Lab1/ws1/install/tutorial_interfaces
[0.488s] -- The C compiler identification is GNU 11.4.0
[0.581s] -- The CXX compiler identification is GNU 11.4.0
[0.594s] -- Detecting C compiler ABI info
[0.706s] -- Detecting C compiler ABI info - done
[0.715s] -- Check for working C compiler: /usr/bin/cc - skipped
[0.715s] -- Detecting C compile features
[0.715s] -- Detecting C compile features - done
[0.719s] -- Detecting CXX compiler ABI info
[0.871s] -- Detecting CXX compiler ABI info - done
[0.879s] -- Check for working CXX compiler: /usr/bin/c++ - skipped
[0.882s] -- Detecting CXX compile features
[0.882s] -- Detecting CXX compile features - done
[0.883s] -- Found ament_cmake: 1.3.10 (/opt/ros/humble/share/ament_cmake/cmake)
[1.194s] -- Found Python3: /usr/bin/python3 (found version "3.10.12") found components: Interpreter 
[1.337s] -- Override CMake install command with custom implementation using symlinks instead of copying resources
[1.415s] -- Found ament_lint_auto: 0.12.11 (/opt/ros/humble/share/ament_lint_auto/cmake)
[1.626s] -- Found geometry_msgs: 4.2.4 (/opt/ros/humble/share/geometry_msgs/cmake)
[1.756s] -- Found rosidl_generator_c: 3.1.5 (/opt/ros/humble/share/rosidl_generator_c/cmake)
[1.778s] -- Found rosidl_adapter: 3.1.5 (/opt/ros/humble/share/rosidl_adapter/cmake)
[1.804s] -- Found rosidl_generator_cpp: 3.1.5 (/opt/ros/humble/share/rosidl_generator_cpp/cmake)
[1.823s] -- Using all available rosidl_typesupport_c: rosidl_typesupport_fastrtps_c;rosidl_typesupport_introspection_c
[1.850s] -- Using all available rosidl_typesupport_cpp: rosidl_typesupport_fastrtps_cpp;rosidl_typesupport_introspection_cpp
[1.928s] -- Found rosidl_default_generators: 1.2.0 (/opt/ros/humble/share/rosidl_default_generators/cmake)
[2.553s] -- Found ament_cmake_ros: 0.10.0 (/opt/ros/humble/share/ament_cmake_ros/cmake)
[3.162s] -- Using all available rosidl_typesupport_c: rosidl_typesupport_fastrtps_c;rosidl_typesupport_introspection_c
[3.377s] -- Using all available rosidl_typesupport_cpp: rosidl_typesupport_fastrtps_cpp;rosidl_typesupport_introspection_cpp
[3.410s] -- Found PythonInterp: /usr/bin/python3 (found suitable version "3.10.12", minimum required is "3.6") 
[3.413s] -- Found python_cmake_module: 0.10.0 (/opt/ros/humble/share/python_cmake_module/cmake)
[3.447s] -- Found PythonLibs: /usr/lib/x86_64-linux-gnu/libpython3.10.so (found suitable version "3.10.12", minimum required is "3.5") 
[3.447s] -- Using PYTHON_EXECUTABLE: /usr/bin/python3
[3.448s] -- Using PYTHON_INCLUDE_DIRS: /usr/include/python3.10
[3.449s] -- Using PYTHON_LIBRARIES: /usr/lib/x86_64-linux-gnu/libpython3.10.so
[3.481s] -- Found PythonExtra: .so  
[3.565s] -- Added test 'lint_cmake' to check CMake code style
[3.568s] -- Added test 'xmllint' to check XML markup files
[3.578s] -- Configuring done
[3.621s] -- Generating done
[3.626s] -- Build files have been written to: /home/me597/me597/Lab1/ws1/build/tutorial_interfaces
[3.646s] Invoked command in '/home/me597/me597/Lab1/ws1/build/tutorial_interfaces' returned '0': CMAKE_PREFIX_PATH=${CMAKE_PREFIX_PATH}:/home/me597/me597/Lab1/ws1/install/task_1:/home/me597/me597/Lab1/ws1/install/task2:/home/me597/me597/Lab1/ws1/install/task1:/home/me597/ece569-fall2025/Lab1/ws1/install/mypubsub:/opt/ros/humble /usr/bin/cmake /home/me597/me597/Lab1/ws1/src/tutorial_interfaces -DAMENT_CMAKE_SYMLINK_INSTALL=1 -DCMAKE_INSTALL_PREFIX=/home/me597/me597/Lab1/ws1/install/tutorial_interfaces
[3.646s] Invoking command in '/home/me597/me597/Lab1/ws1/build/tutorial_interfaces': CMAKE_PREFIX_PATH=${CMAKE_PREFIX_PATH}:/home/me597/me597/Lab1/ws1/install/task_1:/home/me597/me597/Lab1/ws1/install/task2:/home/me597/me597/Lab1/ws1/install/task1:/home/me597/ece569-fall2025/Lab1/ws1/install/mypubsub:/opt/ros/humble /usr/bin/cmake --build /home/me597/me597/Lab1/ws1/build/tutorial_interfaces -- -j4 -l4
[3.742s] [  2%] [34m[1mGenerating C code for ROS interfaces[0m
[3.749s] [  4%] [34m[1mGenerating C++ code for ROS interfaces[0m
[3.820s] [  4%] Built target ament_cmake_python_symlink_tutorial_interfaces
[4.599s] running egg_info
[4.599s] creating tutorial_interfaces.egg-info
[4.603s] writing tutorial_interfaces.egg-info/PKG-INFO
[4.603s] writing dependency_links to tutorial_interfaces.egg-info/dependency_links.txt
[4.604s] writing top-level names to tutorial_interfaces.egg-info/top_level.txt
[4.604s] writing manifest file 'tutorial_interfaces.egg-info/SOURCES.txt'
[4.618s] reading manifest file 'tutorial_interfaces.egg-info/SOURCES.txt'
[4.618s] writing manifest file 'tutorial_interfaces.egg-info/SOURCES.txt'
[4.747s] [  4%] Built target ament_cmake_python_build_tutorial_interfaces_egg
[4.810s] [  4%] Built target tutorial_interfaces__cpp
[4.858s] [  6%] [34m[1mGenerating C++ type support dispatch for ROS interfaces[0m
[4.919s] [  8%] [34m[1mGenerating C++ type support for eProsima Fast-RTPS[0m
[4.924s] [ 10%] [34m[1mGenerating C++ introspection for ROS interfaces[0m
[4.981s] [ 12%] [32mBuilding C object CMakeFiles/tutorial_interfaces__rosidl_generator_c.dir/rosidl_generator_c/tutorial_interfaces/msg/detail/num__functions.c.o[0m
[5.118s] [ 14%] [32mBuilding C object CMakeFiles/tutorial_interfaces__rosidl_generator_c.dir/rosidl_generator_c/tutorial_interfaces/msg/detail/sphere__functions.c.o[0m
[5.268s] [ 17%] [32mBuilding C object CMakeFiles/tutorial_interfaces__rosidl_generator_c.dir/rosidl_generator_c/tutorial_interfaces/srv/detail/add_three_ints__functions.c.o[0m
[5.487s] [ 19%] [32m[1mLinking C shared library libtutorial_interfaces__rosidl_generator_c.so[0m
[5.602s] [ 19%] Built target tutorial_interfaces__rosidl_generator_c
[5.641s] [ 21%] [34m[1mGenerating C type support for eProsima Fast-RTPS[0m
[5.755s] [ 23%] [32mBuilding CXX object CMakeFiles/tutorial_interfaces__rosidl_typesupport_cpp.dir/rosidl_typesupport_cpp/tutorial_interfaces/msg/num__type_support.cpp.o[0m
[5.976s] [ 25%] [32mBuilding CXX object CMakeFiles/tutorial_interfaces__rosidl_typesupport_introspection_cpp.dir/rosidl_typesupport_introspection_cpp/tutorial_interfaces/msg/detail/num__type_support.cpp.o[0m
[6.027s] [ 27%] [32mBuilding CXX object CMakeFiles/tutorial_interfaces__rosidl_typesupport_fastrtps_cpp.dir/rosidl_typesupport_fastrtps_cpp/tutorial_interfaces/msg/detail/dds_fastrtps/num__type_support.cpp.o[0m
[6.602s] [ 29%] [32mBuilding CXX object CMakeFiles/tutorial_interfaces__rosidl_typesupport_cpp.dir/rosidl_typesupport_cpp/tutorial_interfaces/msg/sphere__type_support.cpp.o[0m
[6.829s] [ 31%] [32mBuilding CXX object CMakeFiles/tutorial_interfaces__rosidl_typesupport_fastrtps_c.dir/rosidl_typesupport_fastrtps_c/tutorial_interfaces/msg/detail/num__type_support_c.cpp.o[0m
[7.287s] [ 34%] [32mBuilding CXX object CMakeFiles/tutorial_interfaces__rosidl_typesupport_fastrtps_cpp.dir/rosidl_typesupport_fastrtps_cpp/tutorial_interfaces/msg/detail/dds_fastrtps/sphere__type_support.cpp.o[0m
[7.461s] [ 36%] [32mBuilding CXX object CMakeFiles/tutorial_interfaces__rosidl_typesupport_cpp.dir/rosidl_typesupport_cpp/tutorial_interfaces/srv/add_three_ints__type_support.cpp.o[0m
[7.527s] [ 38%] [32mBuilding CXX object CMakeFiles/tutorial_interfaces__rosidl_typesupport_introspection_cpp.dir/rosidl_typesupport_introspection_cpp/tutorial_interfaces/msg/detail/sphere__type_support.cpp.o[0m
[8.012s] [ 40%] [32mBuilding CXX object CMakeFiles/tutorial_interfaces__rosidl_typesupport_fastrtps_c.dir/rosidl_typesupport_fastrtps_c/tutorial_interfaces/msg/detail/sphere__type_support_c.cpp.o[0m
[8.116s] [ 42%] [32mBuilding CXX object CMakeFiles/tutorial_interfaces__rosidl_typesupport_fastrtps_cpp.dir/rosidl_typesupport_fastrtps_cpp/tutorial_interfaces/srv/detail/dds_fastrtps/add_three_ints__type_support.cpp.o[0m
[8.123s] [ 44%] [32m[1mLinking CXX shared library libtutorial_interfaces__rosidl_typesupport_cpp.so[0m
[8.154s] [ 46%] [32mBuilding CXX object CMakeFiles/tutorial_interfaces__rosidl_typesupport_introspection_cpp.dir/rosidl_typesupport_introspection_cpp/tutorial_interfaces/srv/detail/add_three_ints__type_support.cpp.o[0m
[8.245s] [ 46%] Built target tutorial_interfaces__rosidl_typesupport_cpp
[8.287s] [ 48%] [34m[1mGenerating C introspection for ROS interfaces[0m
[8.556s] [ 51%] [32mBuilding CXX object CMakeFiles/tutorial_interfaces__rosidl_typesupport_fastrtps_c.dir/rosidl_typesupport_fastrtps_c/tutorial_interfaces/srv/detail/add_three_ints__type_support_c.cpp.o[0m
[8.804s] [ 53%] [32m[1mLinking CXX shared library libtutorial_interfaces__rosidl_typesupport_introspection_cpp.so[0m
[8.917s] [ 53%] Built target tutorial_interfaces__rosidl_typesupport_introspection_cpp
[8.949s] [ 55%] [34m[1mGenerating C type support dispatch for ROS interfaces[0m
[8.970s] [ 57%] [32m[1mLinking CXX shared library libtutorial_interfaces__rosidl_typesupport_fastrtps_cpp.so[0m
[9.037s] [ 59%] [32mBuilding C object CMakeFiles/tutorial_interfaces__rosidl_typesupport_introspection_c.dir/rosidl_typesupport_introspection_c/tutorial_interfaces/msg/detail/num__type_support.c.o[0m
[9.102s] [ 61%] [32m[1mLinking CXX shared library libtutorial_interfaces__rosidl_typesupport_fastrtps_c.so[0m
[9.116s] [ 63%] [32mBuilding C object CMakeFiles/tutorial_interfaces__rosidl_typesupport_introspection_c.dir/rosidl_typesupport_introspection_c/tutorial_interfaces/msg/detail/sphere__type_support.c.o[0m
[9.161s] [ 63%] Built target tutorial_interfaces__rosidl_typesupport_fastrtps_cpp
[9.180s] [ 65%] [32mBuilding C object CMakeFiles/tutorial_interfaces__rosidl_typesupport_introspection_c.dir/rosidl_typesupport_introspection_c/tutorial_interfaces/srv/detail/add_three_ints__type_support.c.o[0m
[9.245s] [ 68%] [32m[1mLinking C shared library libtutorial_interfaces__rosidl_typesupport_introspection_c.so[0m
[9.258s] [ 68%] Built target tutorial_interfaces__rosidl_typesupport_fastrtps_c
[9.323s] [ 68%] Built target tutorial_interfaces__rosidl_typesupport_introspection_c
[9.417s] [ 70%] [32mBuilding CXX object CMakeFiles/tutorial_interfaces__rosidl_typesupport_c.dir/rosidl_typesupport_c/tutorial_interfaces/msg/num__type_support.cpp.o[0m
[9.420s] [ 72%] [32mBuilding CXX object CMakeFiles/tutorial_interfaces__rosidl_typesupport_c.dir/rosidl_typesupport_c/tutorial_interfaces/srv/add_three_ints__type_support.cpp.o[0m
[9.430s] [ 74%] [32mBuilding CXX object CMakeFiles/tutorial_interfaces__rosidl_typesupport_c.dir/rosidl_typesupport_c/tutorial_interfaces/msg/sphere__type_support.cpp.o[0m
[9.483s] [ 76%] [32m[1mLinking CXX shared library libtutorial_interfaces__rosidl_typesupport_c.so[0m
[9.547s] [ 76%] Built target tutorial_interfaces__rosidl_typesupport_c
[9.586s] [ 76%] Built target tutorial_interfaces
[9.631s] [ 78%] [34m[1mGenerating Python code for ROS interfaces[0m
[10.268s] [ 78%] Built target tutorial_interfaces__py
[10.304s] [ 80%] [32mBuilding C object CMakeFiles/tutorial_interfaces__rosidl_generator_py.dir/rosidl_generator_py/tutorial_interfaces/msg/_num_s.c.o[0m
[10.306s] [ 82%] [32mBuilding C object CMakeFiles/tutorial_interfaces__rosidl_generator_py.dir/rosidl_generator_py/tutorial_interfaces/msg/_sphere_s.c.o[0m
[10.309s] [ 85%] [32mBuilding C object CMakeFiles/tutorial_interfaces__rosidl_generator_py.dir/rosidl_generator_py/tutorial_interfaces/srv/_add_three_ints_s.c.o[0m
[10.467s] [ 87%] [32m[1mLinking C shared library rosidl_generator_py/tutorial_interfaces/libtutorial_interfaces__rosidl_generator_py.so[0m
[10.528s] [ 87%] Built target tutorial_interfaces__rosidl_generator_py
[10.562s] [ 89%] [32mBuilding C object CMakeFiles/tutorial_interfaces__rosidl_typesupport_introspection_c__pyext.dir/rosidl_generator_py/tutorial_interfaces/_tutorial_interfaces_s.ep.rosidl_typesupport_introspection_c.c.o[0m
[10.562s] [ 91%] [32mBuilding C object CMakeFiles/tutorial_interfaces__rosidl_typesupport_c__pyext.dir/rosidl_generator_py/tutorial_interfaces/_tutorial_interfaces_s.ep.rosidl_typesupport_c.c.o[0m
[10.567s] [ 93%] [32mBuilding C object CMakeFiles/tutorial_interfaces__rosidl_typesupport_fastrtps_c__pyext.dir/rosidl_generator_py/tutorial_interfaces/_tutorial_interfaces_s.ep.rosidl_typesupport_fastrtps_c.c.o[0m
[10.721s] [ 95%] [32m[1mLinking C shared library rosidl_generator_py/tutorial_interfaces/tutorial_interfaces_s__rosidl_typesupport_introspection_c.cpython-310-x86_64-linux-gnu.so[0m
[10.731s] [ 97%] [32m[1mLinking C shared library rosidl_generator_py/tutorial_interfaces/tutorial_interfaces_s__rosidl_typesupport_fastrtps_c.cpython-310-x86_64-linux-gnu.so[0m
[10.738s] [100%] [32m[1mLinking C shared library rosidl_generator_py/tutorial_interfaces/tutorial_interfaces_s__rosidl_typesupport_c.cpython-310-x86_64-linux-gnu.so[0m
[10.799s] [100%] Built target tutorial_interfaces__rosidl_typesupport_introspection_c__pyext
[10.808s] [100%] Built target tutorial_interfaces__rosidl_typesupport_c__pyext
[10.810s] [100%] Built target tutorial_interfaces__rosidl_typesupport_fastrtps_c__pyext
[10.831s] Invoked command in '/home/me597/me597/Lab1/ws1/build/tutorial_interfaces' returned '0': CMAKE_PREFIX_PATH=${CMAKE_PREFIX_PATH}:/home/me597/me597/Lab1/ws1/install/task_1:/home/me597/me597/Lab1/ws1/install/task2:/home/me597/me597/Lab1/ws1/install/task1:/home/me597/ece569-fall2025/Lab1/ws1/install/mypubsub:/opt/ros/humble /usr/bin/cmake --build /home/me597/me597/Lab1/ws1/build/tutorial_interfaces -- -j4 -l4
[11.053s] Invoking command in '/home/me597/me597/Lab1/ws1/build/tutorial_interfaces': CMAKE_PREFIX_PATH=${CMAKE_PREFIX_PATH}:/home/me597/me597/Lab1/ws1/install/task_1:/home/me597/me597/Lab1/ws1/install/task2:/home/me597/me597/Lab1/ws1/install/task1:/home/me597/ece569-fall2025/Lab1/ws1/install/mypubsub:/opt/ros/humble /usr/bin/cmake --install /home/me597/me597/Lab1/ws1/build/tutorial_interfaces
[11.063s] -- Install configuration: ""
[11.063s] -- Execute custom install script
[11.064s] -- Symlinking: /home/me597/me597/Lab1/ws1/install/tutorial_interfaces/share/ament_index/resource_index/rosidl_interfaces/tutorial_interfaces
[11.074s] -- Symlinking: /home/me597/me597/Lab1/ws1/install/tutorial_interfaces/include/tutorial_interfaces/tutorial_interfaces/msg/detail/num__functions.h
[11.085s] -- Symlinking: /home/me597/me597/Lab1/ws1/install/tutorial_interfaces/include/tutorial_interfaces/tutorial_interfaces/msg/detail/num__struct.h
[11.099s] -- Symlinking: /home/me597/me597/Lab1/ws1/install/tutorial_interfaces/include/tutorial_interfaces/tutorial_interfaces/msg/detail/num__type_support.h
[11.117s] -- Symlinking: /home/me597/me597/Lab1/ws1/install/tutorial_interfaces/include/tutorial_interfaces/tutorial_interfaces/msg/detail/sphere__functions.h
[11.132s] -- Symlinking: /home/me597/me597/Lab1/ws1/install/tutorial_interfaces/include/tutorial_interfaces/tutorial_interfaces/msg/detail/sphere__struct.h
[11.147s] -- Symlinking: /home/me597/me597/Lab1/ws1/install/tutorial_interfaces/include/tutorial_interfaces/tutorial_interfaces/msg/detail/sphere__type_support.h
[11.159s] -- Symlinking: /home/me597/me597/Lab1/ws1/install/tutorial_interfaces/include/tutorial_interfaces/tutorial_interfaces/msg/num.h
[11.177s] -- Symlinking: /home/me597/me597/Lab1/ws1/install/tutorial_interfaces/include/tutorial_interfaces/tutorial_interfaces/msg/rosidl_generator_c__visibility_control.h
[11.199s] -- Symlinking: /home/me597/me597/Lab1/ws1/install/tutorial_interfaces/include/tutorial_interfaces/tutorial_interfaces/msg/sphere.h
[11.216s] -- Symlinking: /home/me597/me597/Lab1/ws1/install/tutorial_interfaces/include/tutorial_interfaces/tutorial_interfaces/srv/add_three_ints.h
[11.234s] -- Symlinking: /home/me597/me597/Lab1/ws1/install/tutorial_interfaces/include/tutorial_interfaces/tutorial_interfaces/srv/detail/add_three_ints__functions.h
[11.247s] -- Symlinking: /home/me597/me597/Lab1/ws1/install/tutorial_interfaces/include/tutorial_interfaces/tutorial_interfaces/srv/detail/add_three_ints__struct.h
[11.262s] -- Symlinking: /home/me597/me597/Lab1/ws1/install/tutorial_interfaces/include/tutorial_interfaces/tutorial_interfaces/srv/detail/add_three_ints__type_support.h
[11.278s] -- Symlinking: /home/me597/me597/Lab1/ws1/install/tutorial_interfaces/share/tutorial_interfaces/environment/library_path.sh
[11.300s] -- Symlinking: /home/me597/me597/Lab1/ws1/install/tutorial_interfaces/share/tutorial_interfaces/environment/library_path.dsv
[11.315s] -- Symlinking: /home/me597/me597/Lab1/ws1/install/tutorial_interfaces/include/tutorial_interfaces/tutorial_interfaces/msg/detail/num__rosidl_typesupport_fastrtps_c.h
[11.331s] -- Symlinking: /home/me597/me597/Lab1/ws1/install/tutorial_interfaces/include/tutorial_interfaces/tutorial_interfaces/msg/detail/sphere__rosidl_typesupport_fastrtps_c.h
[11.347s] -- Symlinking: /home/me597/me597/Lab1/ws1/install/tutorial_interfaces/include/tutorial_interfaces/tutorial_interfaces/msg/rosidl_typesupport_fastrtps_c__visibility_control.h
[11.357s] -- Symlinking: /home/me597/me597/Lab1/ws1/install/tutorial_interfaces/include/tutorial_interfaces/tutorial_interfaces/srv/detail/add_three_ints__rosidl_typesupport_fastrtps_c.h
[11.369s] -- Symlinking: /home/me597/me597/Lab1/ws1/install/tutorial_interfaces/include/tutorial_interfaces/tutorial_interfaces/msg/detail/num__builder.hpp
[11.380s] -- Symlinking: /home/me597/me597/Lab1/ws1/install/tutorial_interfaces/include/tutorial_interfaces/tutorial_interfaces/msg/detail/num__struct.hpp
[11.392s] -- Symlinking: /home/me597/me597/Lab1/ws1/install/tutorial_interfaces/include/tutorial_interfaces/tutorial_interfaces/msg/detail/num__traits.hpp
[11.405s] -- Symlinking: /home/me597/me597/Lab1/ws1/install/tutorial_interfaces/include/tutorial_interfaces/tutorial_interfaces/msg/detail/sphere__builder.hpp
[11.419s] -- Symlinking: /home/me597/me597/Lab1/ws1/install/tutorial_interfaces/include/tutorial_interfaces/tutorial_interfaces/msg/detail/sphere__struct.hpp
[11.432s] -- Symlinking: /home/me597/me597/Lab1/ws1/install/tutorial_interfaces/include/tutorial_interfaces/tutorial_interfaces/msg/detail/sphere__traits.hpp
[11.444s] -- Symlinking: /home/me597/me597/Lab1/ws1/install/tutorial_interfaces/include/tutorial_interfaces/tutorial_interfaces/msg/num.hpp
[11.455s] -- Symlinking: /home/me597/me597/Lab1/ws1/install/tutorial_interfaces/include/tutorial_interfaces/tutorial_interfaces/msg/sphere.hpp
[11.467s] -- Symlinking: /home/me597/me597/Lab1/ws1/install/tutorial_interfaces/include/tutorial_interfaces/tutorial_interfaces/srv/add_three_ints.hpp
[11.478s] -- Symlinking: /home/me597/me597/Lab1/ws1/install/tutorial_interfaces/include/tutorial_interfaces/tutorial_interfaces/srv/detail/add_three_ints__builder.hpp
[11.491s] -- Symlinking: /home/me597/me597/Lab1/ws1/install/tutorial_interfaces/include/tutorial_interfaces/tutorial_interfaces/srv/detail/add_three_ints__struct.hpp
[11.506s] -- Symlinking: /home/me597/me597/Lab1/ws1/install/tutorial_interfaces/include/tutorial_interfaces/tutorial_interfaces/srv/detail/add_three_ints__traits.hpp
[11.524s] -- Symlinking: /home/me597/me597/Lab1/ws1/install/tutorial_interfaces/include/tutorial_interfaces/tutorial_interfaces/msg/detail/num__rosidl_typesupport_fastrtps_cpp.hpp
[11.537s] -- Symlinking: /home/me597/me597/Lab1/ws1/install/tutorial_interfaces/include/tutorial_interfaces/tutorial_interfaces/msg/detail/sphere__rosidl_typesupport_fastrtps_cpp.hpp
[11.550s] -- Symlinking: /home/me597/me597/Lab1/ws1/install/tutorial_interfaces/include/tutorial_interfaces/tutorial_interfaces/msg/rosidl_typesupport_fastrtps_cpp__visibility_control.h
[11.562s] -- Symlinking: /home/me597/me597/Lab1/ws1/install/tutorial_interfaces/include/tutorial_interfaces/tutorial_interfaces/srv/detail/add_three_ints__rosidl_typesupport_fastrtps_cpp.hpp
[11.575s] -- Symlinking: /home/me597/me597/Lab1/ws1/install/tutorial_interfaces/include/tutorial_interfaces/tutorial_interfaces/msg/detail/num__rosidl_typesupport_introspection_c.h
[11.588s] -- Symlinking: /home/me597/me597/Lab1/ws1/install/tutorial_interfaces/include/tutorial_interfaces/tutorial_interfaces/msg/detail/sphere__rosidl_typesupport_introspection_c.h
[11.611s] -- Symlinking: /home/me597/me597/Lab1/ws1/install/tutorial_interfaces/include/tutorial_interfaces/tutorial_interfaces/msg/rosidl_typesupport_introspection_c__visibility_control.h
[11.626s] -- Symlinking: /home/me597/me597/Lab1/ws1/install/tutorial_interfaces/include/tutorial_interfaces/tutorial_interfaces/srv/detail/add_three_ints__rosidl_typesupport_introspection_c.h
[11.641s] -- Symlinking: /home/me597/me597/Lab1/ws1/install/tutorial_interfaces/include/tutorial_interfaces/tutorial_interfaces/msg/detail/num__rosidl_typesupport_introspection_cpp.hpp
[11.661s] -- Symlinking: /home/me597/me597/Lab1/ws1/install/tutorial_interfaces/include/tutorial_interfaces/tutorial_interfaces/msg/detail/sphere__rosidl_typesupport_introspection_cpp.hpp
[11.674s] -- Symlinking: /home/me597/me597/Lab1/ws1/install/tutorial_interfaces/include/tutorial_interfaces/tutorial_interfaces/srv/detail/add_three_ints__rosidl_typesupport_introspection_cpp.hpp
[11.687s] -- Symlinking: /home/me597/me597/Lab1/ws1/install/tutorial_interfaces/share/tutorial_interfaces/environment/pythonpath.sh
[11.701s] -- Symlinking: /home/me597/me597/Lab1/ws1/install/tutorial_interfaces/share/tutorial_interfaces/environment/pythonpath.dsv
[11.717s] -- Symlinking: /home/me597/me597/Lab1/ws1/install/tutorial_interfaces/local/lib/python3.10/dist-packages/tutorial_interfaces-0.0.0-py3.10.egg-info/PKG-INFO
[11.733s] -- Symlinking: /home/me597/me597/Lab1/ws1/install/tutorial_interfaces/local/lib/python3.10/dist-packages/tutorial_interfaces-0.0.0-py3.10.egg-info/SOURCES.txt
[11.746s] -- Symlinking: /home/me597/me597/Lab1/ws1/install/tutorial_interfaces/local/lib/python3.10/dist-packages/tutorial_interfaces-0.0.0-py3.10.egg-info/dependency_links.txt
[11.758s] -- Symlinking: /home/me597/me597/Lab1/ws1/install/tutorial_interfaces/local/lib/python3.10/dist-packages/tutorial_interfaces-0.0.0-py3.10.egg-info/top_level.txt
[11.771s] -- Symlinking: /home/me597/me597/Lab1/ws1/install/tutorial_interfaces/local/lib/python3.10/dist-packages/tutorial_interfaces/__init__.py
[11.786s] -- Symlinking: /home/me597/me597/Lab1/ws1/install/tutorial_interfaces/local/lib/python3.10/dist-packages/tutorial_interfaces/_tutorial_interfaces_s.ep.rosidl_typesupport_c.c
[11.802s] -- Symlinking: /home/me597/me597/Lab1/ws1/install/tutorial_interfaces/local/lib/python3.10/dist-packages/tutorial_interfaces/_tutorial_interfaces_s.ep.rosidl_typesupport_fastrtps_c.c
[11.819s] -- Symlinking: /home/me597/me597/Lab1/ws1/install/tutorial_interfaces/local/lib/python3.10/dist-packages/tutorial_interfaces/_tutorial_interfaces_s.ep.rosidl_typesupport_introspection_c.c
[11.837s] -- Symlinking: /home/me597/me597/Lab1/ws1/install/tutorial_interfaces/local/lib/python3.10/dist-packages/tutorial_interfaces/libtutorial_interfaces__rosidl_generator_py.so
[11.849s] -- Symlinking: /home/me597/me597/Lab1/ws1/install/tutorial_interfaces/local/lib/python3.10/dist-packages/tutorial_interfaces/msg/__init__.py
[11.861s] -- Symlinking: /home/me597/me597/Lab1/ws1/install/tutorial_interfaces/local/lib/python3.10/dist-packages/tutorial_interfaces/msg/_num.py
[11.873s] -- Symlinking: /home/me597/me597/Lab1/ws1/install/tutorial_interfaces/local/lib/python3.10/dist-packages/tutorial_interfaces/msg/_num_s.c
[11.887s] -- Symlinking: /home/me597/me597/Lab1/ws1/install/tutorial_interfaces/local/lib/python3.10/dist-packages/tutorial_interfaces/msg/_sphere.py
[11.902s] -- Symlinking: /home/me597/me597/Lab1/ws1/install/tutorial_interfaces/local/lib/python3.10/dist-packages/tutorial_interfaces/msg/_sphere_s.c
[11.917s] -- Symlinking: /home/me597/me597/Lab1/ws1/install/tutorial_interfaces/local/lib/python3.10/dist-packages/tutorial_interfaces/srv/__init__.py
[11.933s] -- Symlinking: /home/me597/me597/Lab1/ws1/install/tutorial_interfaces/local/lib/python3.10/dist-packages/tutorial_interfaces/srv/_add_three_ints.py
[11.946s] -- Symlinking: /home/me597/me597/Lab1/ws1/install/tutorial_interfaces/local/lib/python3.10/dist-packages/tutorial_interfaces/srv/_add_three_ints_s.c
[11.959s] -- Symlinking: /home/me597/me597/Lab1/ws1/install/tutorial_interfaces/local/lib/python3.10/dist-packages/tutorial_interfaces/tutorial_interfaces_s__rosidl_typesupport_c.cpython-310-x86_64-linux-gnu.so
[11.970s] -- Symlinking: /home/me597/me597/Lab1/ws1/install/tutorial_interfaces/local/lib/python3.10/dist-packages/tutorial_interfaces/tutorial_interfaces_s__rosidl_typesupport_fastrtps_c.cpython-310-x86_64-linux-gnu.so
[11.988s] -- Symlinking: /home/me597/me597/Lab1/ws1/install/tutorial_interfaces/local/lib/python3.10/dist-packages/tutorial_interfaces/tutorial_interfaces_s__rosidl_typesupport_introspection_c.cpython-310-x86_64-linux-gnu.so
[12.005s] -- Up-to-date symlink: /home/me597/me597/Lab1/ws1/install/tutorial_interfaces/local/lib/python3.10/dist-packages/tutorial_interfaces/tutorial_interfaces_s__rosidl_typesupport_fastrtps_c.cpython-310-x86_64-linux-gnu.so
[12.006s] -- Up-to-date symlink: /home/me597/me597/Lab1/ws1/install/tutorial_interfaces/local/lib/python3.10/dist-packages/tutorial_interfaces/tutorial_interfaces_s__rosidl_typesupport_introspection_c.cpython-310-x86_64-linux-gnu.so
[12.006s] -- Up-to-date symlink: /home/me597/me597/Lab1/ws1/install/tutorial_interfaces/local/lib/python3.10/dist-packages/tutorial_interfaces/tutorial_interfaces_s__rosidl_typesupport_c.cpython-310-x86_64-linux-gnu.so
[12.007s] -- Symlinking: /home/me597/me597/Lab1/ws1/install/tutorial_interfaces/share/tutorial_interfaces/msg/Num.idl
[12.025s] -- Symlinking: /home/me597/me597/Lab1/ws1/install/tutorial_interfaces/share/tutorial_interfaces/msg/Sphere.idl
[12.040s] -- Symlinking: /home/me597/me597/Lab1/ws1/install/tutorial_interfaces/share/tutorial_interfaces/srv/AddThreeInts.idl
[12.054s] -- Symlinking: /home/me597/me597/Lab1/ws1/install/tutorial_interfaces/share/tutorial_interfaces/msg/Num.msg
[12.065s] -- Symlinking: /home/me597/me597/Lab1/ws1/install/tutorial_interfaces/share/tutorial_interfaces/msg/Sphere.msg
[12.076s] -- Symlinking: /home/me597/me597/Lab1/ws1/install/tutorial_interfaces/share/tutorial_interfaces/srv/AddThreeInts.srv
[12.087s] -- Symlinking: /home/me597/me597/Lab1/ws1/install/tutorial_interfaces/share/tutorial_interfaces/srv/AddThreeInts_Request.msg
[12.100s] -- Symlinking: /home/me597/me597/Lab1/ws1/install/tutorial_interfaces/share/tutorial_interfaces/srv/AddThreeInts_Response.msg
[12.113s] -- Symlinking: /home/me597/me597/Lab1/ws1/install/tutorial_interfaces/share/ament_index/resource_index/package_run_dependencies/tutorial_interfaces
[12.129s] -- Symlinking: /home/me597/me597/Lab1/ws1/install/tutorial_interfaces/share/ament_index/resource_index/parent_prefix_path/tutorial_interfaces
[12.141s] -- Symlinking: /home/me597/me597/Lab1/ws1/install/tutorial_interfaces/share/tutorial_interfaces/environment/ament_prefix_path.sh
[12.155s] -- Symlinking: /home/me597/me597/Lab1/ws1/install/tutorial_interfaces/share/tutorial_interfaces/environment/ament_prefix_path.dsv
[12.167s] -- Symlinking: /home/me597/me597/Lab1/ws1/install/tutorial_interfaces/share/tutorial_interfaces/environment/path.sh
[12.180s] -- Symlinking: /home/me597/me597/Lab1/ws1/install/tutorial_interfaces/share/tutorial_interfaces/environment/path.dsv
[12.202s] -- Symlinking: /home/me597/me597/Lab1/ws1/install/tutorial_interfaces/share/tutorial_interfaces/local_setup.bash
[12.215s] -- Symlinking: /home/me597/me597/Lab1/ws1/install/tutorial_interfaces/share/tutorial_interfaces/local_setup.sh
[12.230s] -- Symlinking: /home/me597/me597/Lab1/ws1/install/tutorial_interfaces/share/tutorial_interfaces/local_setup.zsh
[12.246s] -- Symlinking: /home/me597/me597/Lab1/ws1/install/tutorial_interfaces/share/tutorial_interfaces/local_setup.dsv
[12.259s] -- Symlinking: /home/me597/me597/Lab1/ws1/install/tutorial_interfaces/share/tutorial_interfaces/package.dsv
[12.275s] -- Symlinking: /home/me597/me597/Lab1/ws1/install/tutorial_interfaces/share/ament_index/resource_index/packages/tutorial_interfaces
[12.289s] -- Symlinking: /home/me597/me597/Lab1/ws1/install/tutorial_interfaces/share/tutorial_interfaces/cmake/rosidl_cmake-extras.cmake
[12.304s] -- Symlinking: /home/me597/me597/Lab1/ws1/install/tutorial_interfaces/share/tutorial_interfaces/cmake/ament_cmake_export_dependencies-extras.cmake
[12.317s] -- Symlinking: /home/me597/me597/Lab1/ws1/install/tutorial_interfaces/share/tutorial_interfaces/cmake/ament_cmake_export_include_directories-extras.cmake
[12.333s] -- Symlinking: /home/me597/me597/Lab1/ws1/install/tutorial_interfaces/share/tutorial_interfaces/cmake/ament_cmake_export_libraries-extras.cmake
[12.347s] -- Symlinking: /home/me597/me597/Lab1/ws1/install/tutorial_interfaces/share/tutorial_interfaces/cmake/ament_cmake_export_targets-extras.cmake
[12.365s] -- Symlinking: /home/me597/me597/Lab1/ws1/install/tutorial_interfaces/share/tutorial_interfaces/cmake/rosidl_cmake_export_typesupport_targets-extras.cmake
[12.384s] -- Symlinking: /home/me597/me597/Lab1/ws1/install/tutorial_interfaces/share/tutorial_interfaces/cmake/rosidl_cmake_export_typesupport_libraries-extras.cmake
[12.399s] -- Symlinking: /home/me597/me597/Lab1/ws1/install/tutorial_interfaces/share/tutorial_interfaces/cmake/tutorial_interfacesConfig.cmake
[12.416s] -- Symlinking: /home/me597/me597/Lab1/ws1/install/tutorial_interfaces/share/tutorial_interfaces/cmake/tutorial_interfacesConfig-version.cmake
[12.434s] -- Symlinking: /home/me597/me597/Lab1/ws1/install/tutorial_interfaces/share/tutorial_interfaces/package.xml
[12.452s] -- Installing: /home/me597/me597/Lab1/ws1/install/tutorial_interfaces/lib/libtutorial_interfaces__rosidl_generator_c.so
[12.452s] -- Set runtime path of "/home/me597/me597/Lab1/ws1/install/tutorial_interfaces/lib/libtutorial_interfaces__rosidl_generator_c.so" to ""
[12.452s] -- Installing: /home/me597/me597/Lab1/ws1/install/tutorial_interfaces/lib/libtutorial_interfaces__rosidl_typesupport_fastrtps_c.so
[12.452s] -- Set runtime path of "/home/me597/me597/Lab1/ws1/install/tutorial_interfaces/lib/libtutorial_interfaces__rosidl_typesupport_fastrtps_c.so" to ""
[12.452s] -- Installing: /home/me597/me597/Lab1/ws1/install/tutorial_interfaces/lib/libtutorial_interfaces__rosidl_typesupport_fastrtps_cpp.so
[12.456s] -- Set runtime path of "/home/me597/me597/Lab1/ws1/install/tutorial_interfaces/lib/libtutorial_interfaces__rosidl_typesupport_fastrtps_cpp.so" to ""
[12.456s] -- Installing: /home/me597/me597/Lab1/ws1/install/tutorial_interfaces/lib/libtutorial_interfaces__rosidl_typesupport_introspection_c.so
[12.460s] -- Set runtime path of "/home/me597/me597/Lab1/ws1/install/tutorial_interfaces/lib/libtutorial_interfaces__rosidl_typesupport_introspection_c.so" to ""
[12.460s] -- Installing: /home/me597/me597/Lab1/ws1/install/tutorial_interfaces/lib/libtutorial_interfaces__rosidl_typesupport_c.so
[12.461s] -- Set runtime path of "/home/me597/me597/Lab1/ws1/install/tutorial_interfaces/lib/libtutorial_interfaces__rosidl_typesupport_c.so" to ""
[12.467s] -- Installing: /home/me597/me597/Lab1/ws1/install/tutorial_interfaces/lib/libtutorial_interfaces__rosidl_typesupport_introspection_cpp.so
[12.467s] -- Set runtime path of "/home/me597/me597/Lab1/ws1/install/tutorial_interfaces/lib/libtutorial_interfaces__rosidl_typesupport_introspection_cpp.so" to ""
[12.468s] -- Installing: /home/me597/me597/Lab1/ws1/install/tutorial_interfaces/lib/libtutorial_interfaces__rosidl_typesupport_cpp.so
[12.468s] -- Set runtime path of "/home/me597/me597/Lab1/ws1/install/tutorial_interfaces/lib/libtutorial_interfaces__rosidl_typesupport_cpp.so" to ""
[12.543s] Listing '/home/me597/me597/Lab1/ws1/install/tutorial_interfaces/local/lib/python3.10/dist-packages/tutorial_interfaces'...
[12.543s] Compiling '/home/me597/me597/Lab1/ws1/install/tutorial_interfaces/local/lib/python3.10/dist-packages/tutorial_interfaces/__init__.py'...
[12.544s] Listing '/home/me597/me597/Lab1/ws1/install/tutorial_interfaces/local/lib/python3.10/dist-packages/tutorial_interfaces/msg'...
[12.544s] Compiling '/home/me597/me597/Lab1/ws1/install/tutorial_interfaces/local/lib/python3.10/dist-packages/tutorial_interfaces/msg/__init__.py'...
[12.544s] Compiling '/home/me597/me597/Lab1/ws1/install/tutorial_interfaces/local/lib/python3.10/dist-packages/tutorial_interfaces/msg/_num.py'...
[12.544s] Compiling '/home/me597/me597/Lab1/ws1/install/tutorial_interfaces/local/lib/python3.10/dist-packages/tutorial_interfaces/msg/_sphere.py'...
[12.544s] Listing '/home/me597/me597/Lab1/ws1/install/tutorial_interfaces/local/lib/python3.10/dist-packages/tutorial_interfaces/srv'...
[12.544s] Compiling '/home/me597/me597/Lab1/ws1/install/tutorial_interfaces/local/lib/python3.10/dist-packages/tutorial_interfaces/srv/__init__.py'...
[12.544s] Compiling '/home/me597/me597/Lab1/ws1/install/tutorial_interfaces/local/lib/python3.10/dist-packages/tutorial_interfaces/srv/_add_three_ints.py'...
[12.550s] -- Installing: /home/me597/me597/Lab1/ws1/install/tutorial_interfaces/lib/libtutorial_interfaces__rosidl_generator_py.so
[12.550s] -- Set runtime path of "/home/me597/me597/Lab1/ws1/install/tutorial_interfaces/lib/libtutorial_interfaces__rosidl_generator_py.so" to ""
[12.551s] -- Installing: /home/me597/me597/Lab1/ws1/install/tutorial_interfaces/share/tutorial_interfaces/cmake/export_tutorial_interfaces__rosidl_generator_cExport.cmake
[12.551s] -- Installing: /home/me597/me597/Lab1/ws1/install/tutorial_interfaces/share/tutorial_interfaces/cmake/export_tutorial_interfaces__rosidl_generator_cExport-noconfig.cmake
[12.552s] -- Installing: /home/me597/me597/Lab1/ws1/install/tutorial_interfaces/share/tutorial_interfaces/cmake/export_tutorial_interfaces__rosidl_typesupport_fastrtps_cExport.cmake
[12.553s] -- Installing: /home/me597/me597/Lab1/ws1/install/tutorial_interfaces/share/tutorial_interfaces/cmake/export_tutorial_interfaces__rosidl_typesupport_fastrtps_cExport-noconfig.cmake
[12.553s] -- Installing: /home/me597/me597/Lab1/ws1/install/tutorial_interfaces/share/tutorial_interfaces/cmake/export_tutorial_interfaces__rosidl_generator_cppExport.cmake
[12.553s] -- Installing: /home/me597/me597/Lab1/ws1/install/tutorial_interfaces/share/tutorial_interfaces/cmake/export_tutorial_interfaces__rosidl_typesupport_fastrtps_cppExport.cmake
[12.554s] -- Installing: /home/me597/me597/Lab1/ws1/install/tutorial_interfaces/share/tutorial_interfaces/cmake/export_tutorial_interfaces__rosidl_typesupport_fastrtps_cppExport-noconfig.cmake
[12.554s] -- Installing: /home/me597/me597/Lab1/ws1/install/tutorial_interfaces/share/tutorial_interfaces/cmake/tutorial_interfaces__rosidl_typesupport_introspection_cExport.cmake
[12.556s] -- Installing: /home/me597/me597/Lab1/ws1/install/tutorial_interfaces/share/tutorial_interfaces/cmake/tutorial_interfaces__rosidl_typesupport_introspection_cExport-noconfig.cmake
[12.556s] -- Installing: /home/me597/me597/Lab1/ws1/install/tutorial_interfaces/share/tutorial_interfaces/cmake/tutorial_interfaces__rosidl_typesupport_cExport.cmake
[12.556s] -- Installing: /home/me597/me597/Lab1/ws1/install/tutorial_interfaces/share/tutorial_interfaces/cmake/tutorial_interfaces__rosidl_typesupport_cExport-noconfig.cmake
[12.556s] -- Installing: /home/me597/me597/Lab1/ws1/install/tutorial_interfaces/share/tutorial_interfaces/cmake/tutorial_interfaces__rosidl_typesupport_introspection_cppExport.cmake
[12.556s] -- Installing: /home/me597/me597/Lab1/ws1/install/tutorial_interfaces/share/tutorial_interfaces/cmake/tutorial_interfaces__rosidl_typesupport_introspection_cppExport-noconfig.cmake
[12.556s] -- Installing: /home/me597/me597/Lab1/ws1/install/tutorial_interfaces/share/tutorial_interfaces/cmake/tutorial_interfaces__rosidl_typesupport_cppExport.cmake
[12.556s] -- Installing: /home/me597/me597/Lab1/ws1/install/tutorial_interfaces/share/tutorial_interfaces/cmake/tutorial_interfaces__rosidl_typesupport_cppExport-noconfig.cmake
[12.556s] -- Installing: /home/me597/me597/Lab1/ws1/install/tutorial_interfaces/share/tutorial_interfaces/cmake/export_tutorial_interfaces__rosidl_generator_pyExport.cmake
[12.557s] -- Installing: /home/me597/me597/Lab1/ws1/install/tutorial_interfaces/share/tutorial_interfaces/cmake/export_tutorial_interfaces__rosidl_generator_pyExport-noconfig.cmake
[12.560s] Invoked command in '/home/me597/me597/Lab1/ws1/build/tutorial_interfaces' returned '0': CMAKE_PREFIX_PATH=${CMAKE_PREFIX_PATH}:/home/me597/me597/Lab1/ws1/install/task_1:/home/me597/me597/Lab1/ws1/install/task2:/home/me597/me597/Lab1/ws1/install/task1:/home/me597/ece569-fall2025/Lab1/ws1/install/mypubsub:/opt/ros/humble /usr/bin/cmake --install /home/me597/me597/Lab1/ws1/build/tutorial_interfaces
