[2.150s] Invoking command in '/home/Gery/ME597_Lab/Lab4/ws1/src/task_6': AMENT_PREFIX_PATH=/home/Gery/ME597_Lab/Lab4/ws1/src/install/cv_bridge:${AMENT_PREFIX_PATH} CMAKE_PREFIX_PATH=/home/Gery/ME597_Lab/Lab4/ws1/src/install/cv_bridge LD_LIBRARY_PATH=/home/Gery/ME597_Lab/Lab4/ws1/src/install/cv_bridge/lib:${LD_LIBRARY_PATH} PYTHONPATH=/home/Gery/ME597_Lab/Lab4/ws1/src/build/task_6/prefix_override:/usr/lib/python3/dist-packages/colcon_core/task/python/colcon_distutils_commands:/home/Gery/ME597_Lab/Lab4/ws1/src/install/task_6/lib/python3.10/site-packages:/home/Gery/ME597_Lab/Lab4/ws1/src/install/cv_bridge/local/lib/python3.10/dist-packages:${PYTHONPATH} /usr/bin/python3 -W ignore:setup.py install is deprecated -W ignore:easy_install command is deprecated setup.py egg_info --egg-base ../build/task_6 build --build-base /home/Gery/ME597_Lab/Lab4/ws1/src/build/task_6/build install --record /home/Gery/ME597_Lab/Lab4/ws1/src/build/task_6/install.log --single-version-externally-managed install_data
[2.497s] running egg_info
[2.518s] writing ../build/task_6/task_6.egg-info/PKG-INFO
[2.518s] writing dependency_links to ../build/task_6/task_6.egg-info/dependency_links.txt
[2.519s] writing requirements to ../build/task_6/task_6.egg-info/requires.txt
[2.519s] writing top-level names to ../build/task_6/task_6.egg-info/top_level.txt
[2.560s] reading manifest file '../build/task_6/task_6.egg-info/SOURCES.txt'
[2.560s] writing manifest file '../build/task_6/task_6.egg-info/SOURCES.txt'
[2.561s] running build
[2.561s] running build_py
[2.561s] copying task_6/__init__.py -> /home/Gery/ME597_Lab/Lab4/ws1/src/build/task_6/build/lib/task_6
[2.561s] running install
[2.567s] running install_lib
[2.585s] copying /home/Gery/ME597_Lab/Lab4/ws1/src/build/task_6/build/lib/task_6/__init__.py -> /home/Gery/ME597_Lab/Lab4/ws1/src/install/task_6/lib/python3.10/site-packages/task_6
[2.587s] byte-compiling /home/Gery/ME597_Lab/Lab4/ws1/src/install/task_6/lib/python3.10/site-packages/task_6/__init__.py to __init__.cpython-310.pyc
[2.589s] running install_data
[2.589s] copying resource/task_6 -> /home/Gery/ME597_Lab/Lab4/ws1/src/install/task_6/share/ament_index/resource_index/packages
[2.589s] copying package.xml -> /home/Gery/ME597_Lab/Lab4/ws1/src/install/task_6/share/task_6
[2.589s] running install_egg_info
[2.611s] removing '/home/Gery/ME597_Lab/Lab4/ws1/src/install/task_6/lib/python3.10/site-packages/task_6-0.0.0-py3.10.egg-info' (and everything under it)
[2.611s] Copying ../build/task_6/task_6.egg-info to /home/Gery/ME597_Lab/Lab4/ws1/src/install/task_6/lib/python3.10/site-packages/task_6-0.0.0-py3.10.egg-info
[2.612s] running install_scripts
[2.775s] writing list of installed files to '/home/Gery/ME597_Lab/Lab4/ws1/src/build/task_6/install.log'
[2.817s] Invoked command in '/home/Gery/ME597_Lab/Lab4/ws1/src/task_6' returned '0': AMENT_PREFIX_PATH=/home/Gery/ME597_Lab/Lab4/ws1/src/install/cv_bridge:${AMENT_PREFIX_PATH} CMAKE_PREFIX_PATH=/home/Gery/ME597_Lab/Lab4/ws1/src/install/cv_bridge LD_LIBRARY_PATH=/home/Gery/ME597_Lab/Lab4/ws1/src/install/cv_bridge/lib:${LD_LIBRARY_PATH} PYTHONPATH=/home/Gery/ME597_Lab/Lab4/ws1/src/build/task_6/prefix_override:/usr/lib/python3/dist-packages/colcon_core/task/python/colcon_distutils_commands:/home/Gery/ME597_Lab/Lab4/ws1/src/install/task_6/lib/python3.10/site-packages:/home/Gery/ME597_Lab/Lab4/ws1/src/install/cv_bridge/local/lib/python3.10/dist-packages:${PYTHONPATH} /usr/bin/python3 -W ignore:setup.py install is deprecated -W ignore:easy_install command is deprecated setup.py egg_info --egg-base ../build/task_6 build --build-base /home/Gery/ME597_Lab/Lab4/ws1/src/build/task_6/build install --record /home/Gery/ME597_Lab/Lab4/ws1/src/build/task_6/install.log --single-version-externally-managed install_data
