[0.290s] Invoking command in '/home/me597/me597/Lab1/ws1/build/tutorial_interfaces': CMAKE_PREFIX_PATH=${CMAKE_PREFIX_PATH}:/home/me597/me597/Lab1/ws1/install/task1:/home/me597/ece569-fall2025/Lab1/ws1/install/mypubsub:/opt/ros/humble /usr/bin/cmake --build /home/me597/me597/Lab1/ws1/build/tutorial_interfaces -- -j4 -l4
[0.319s] -- Found ament_cmake: 1.3.10 (/opt/ros/humble/share/ament_cmake/cmake)
[0.455s] -- Override CMake install command with custom implementation using symlinks instead of copying resources
[0.464s] -- Found ament_lint_auto: 0.12.11 (/opt/ros/humble/share/ament_lint_auto/cmake)
[0.537s] -- Found geometry_msgs: 4.2.4 (/opt/ros/humble/share/geometry_msgs/cmake)
[0.567s] -- Found rosidl_generator_c: 3.1.5 (/opt/ros/humble/share/rosidl_generator_c/cmake)
[0.570s] -- Found rosidl_adapter: 3.1.5 (/opt/ros/humble/share/rosidl_adapter/cmake)
[0.576s] -- Found rosidl_generator_cpp: 3.1.5 (/opt/ros/humble/share/rosidl_generator_cpp/cmake)
[0.586s] -- Using all available rosidl_typesupport_c: rosidl_typesupport_fastrtps_c;rosidl_typesupport_introspection_c
[0.601s] -- Using all available rosidl_typesupport_cpp: rosidl_typesupport_fastrtps_cpp;rosidl_typesupport_introspection_cpp
[0.646s] -- Found rosidl_default_generators: 1.2.0 (/opt/ros/humble/share/rosidl_default_generators/cmake)
[0.910s] -- Found ament_cmake_ros: 0.10.0 (/opt/ros/humble/share/ament_cmake_ros/cmake)
[1.391s] -- Using all available rosidl_typesupport_c: rosidl_typesupport_fastrtps_c;rosidl_typesupport_introspection_c
[1.583s] -- Using all available rosidl_typesupport_cpp: rosidl_typesupport_fastrtps_cpp;rosidl_typesupport_introspection_cpp
[1.606s] -- Found python_cmake_module: 0.10.0 (/opt/ros/humble/share/python_cmake_module/cmake)
[1.629s] -- Using PYTHON_EXECUTABLE: /usr/bin/python3
[1.629s] -- Using PYTHON_INCLUDE_DIRS: /usr/include/python3.10
[1.629s] -- Using PYTHON_LIBRARIES: /usr/lib/x86_64-linux-gnu/libpython3.10.so
[1.673s] -- Added test 'lint_cmake' to check CMake code style
[1.674s] -- Added test 'xmllint' to check XML markup files
[1.678s] -- Configuring done
[1.719s] -- Generating done
[1.723s] -- Build files have been written to: /home/me597/me597/Lab1/ws1/build/tutorial_interfaces
[1.758s] [35m[1mConsolidate compiler generated dependencies of target tutorial_interfaces__rosidl_generator_c[0m
[1.771s] [  2%] Built target tutorial_interfaces__cpp
[1.775s] [ 12%] Built target tutorial_interfaces__rosidl_generator_c
[1.785s] [ 12%] Built target ament_cmake_python_symlink_tutorial_interfaces
[1.785s] [35m[1mConsolidate compiler generated dependencies of target tutorial_interfaces__rosidl_typesupport_cpp[0m
[1.785s] [35m[1mConsolidate compiler generated dependencies of target tutorial_interfaces__rosidl_typesupport_fastrtps_cpp[0m
[1.788s] [35m[1mConsolidate compiler generated dependencies of target tutorial_interfaces__rosidl_typesupport_introspection_cpp[0m
[1.795s] [35m[1mConsolidate compiler generated dependencies of target tutorial_interfaces__rosidl_typesupport_fastrtps_c[0m
[1.800s] [ 23%] Built target tutorial_interfaces__rosidl_typesupport_cpp
[1.803s] [ 34%] Built target tutorial_interfaces__rosidl_typesupport_fastrtps_cpp
[1.806s] [ 44%] Built target tutorial_interfaces__rosidl_typesupport_introspection_cpp
[1.813s] [ 55%] Built target tutorial_interfaces__rosidl_typesupport_fastrtps_c
[1.813s] [35m[1mConsolidate compiler generated dependencies of target tutorial_interfaces__rosidl_typesupport_introspection_c[0m
[1.818s] [35m[1mConsolidate compiler generated dependencies of target tutorial_interfaces__rosidl_typesupport_c[0m
[1.829s] [ 65%] Built target tutorial_interfaces__rosidl_typesupport_introspection_c
[1.836s] [ 76%] Built target tutorial_interfaces__rosidl_typesupport_c
[1.864s] [ 76%] Built target tutorial_interfaces
[1.891s] [ 78%] Built target tutorial_interfaces__py
[1.906s] [35m[1mConsolidate compiler generated dependencies of target tutorial_interfaces__rosidl_generator_py[0m
[1.920s] [ 87%] Built target tutorial_interfaces__rosidl_generator_py
[1.936s] [35m[1mConsolidate compiler generated dependencies of target tutorial_interfaces__rosidl_typesupport_c__pyext[0m
[1.936s] [35m[1mConsolidate compiler generated dependencies of target tutorial_interfaces__rosidl_typesupport_introspection_c__pyext[0m
[1.936s] [35m[1mConsolidate compiler generated dependencies of target tutorial_interfaces__rosidl_typesupport_fastrtps_c__pyext[0m
[1.953s] [ 91%] Built target tutorial_interfaces__rosidl_typesupport_fastrtps_c__pyext
[1.957s] [ 95%] Built target tutorial_interfaces__rosidl_typesupport_c__pyext
[1.958s] [100%] Built target tutorial_interfaces__rosidl_typesupport_introspection_c__pyext
[2.073s] running egg_info
[2.074s] writing tutorial_interfaces.egg-info/PKG-INFO
[2.074s] writing dependency_links to tutorial_interfaces.egg-info/dependency_links.txt
[2.075s] writing top-level names to tutorial_interfaces.egg-info/top_level.txt
[2.077s] reading manifest file 'tutorial_interfaces.egg-info/SOURCES.txt'
[2.077s] writing manifest file 'tutorial_interfaces.egg-info/SOURCES.txt'
[2.103s] [100%] Built target ament_cmake_python_build_tutorial_interfaces_egg
