[0.719s] Invoking command in '/home/me597/me597/Lab2/ws1/build/turtlebot3_gazebo': CMAKE_PREFIX_PATH=/opt/ros/humble /usr/bin/cmake --build /home/me597/me597/Lab2/ws1/build/turtlebot3_gazebo -- -j4 -l4
[0.823s] Invoked command in '/home/me597/me597/Lab2/ws1/build/turtlebot3_gazebo' returned '0': CMAKE_PREFIX_PATH=/opt/ros/humble /usr/bin/cmake --build /home/me597/me597/Lab2/ws1/build/turtlebot3_gazebo -- -j4 -l4
[0.879s] Invoking command in '/home/me597/me597/Lab2/ws1/build/turtlebot3_gazebo': CMAKE_PREFIX_PATH=/opt/ros/humble /usr/bin/cmake --install /home/me597/me597/Lab2/ws1/build/turtlebot3_gazebo
[0.889s] -- Install configuration: ""
[0.891s] -- Execute custom install script
[0.894s] -- Up-to-date symlink: /home/me597/me597/Lab2/ws1/install/turtlebot3_gazebo/share/turtlebot3_gazebo//launch/amcl.launch.py
[0.894s] -- Up-to-date symlink: /home/me597/me597/Lab2/ws1/install/turtlebot3_gazebo/share/turtlebot3_gazebo//launch/map_loader.launch.py
[0.894s] -- Up-to-date symlink: /home/me597/me597/Lab2/ws1/install/turtlebot3_gazebo/share/turtlebot3_gazebo//launch/mapper.launch.py
[0.899s] -- Up-to-date symlink: /home/me597/me597/Lab2/ws1/install/turtlebot3_gazebo/share/turtlebot3_gazebo//launch/navigator.launch.py
[0.900s] -- Up-to-date symlink: /home/me597/me597/Lab2/ws1/install/turtlebot3_gazebo/share/turtlebot3_gazebo//launch/robot_state_publisher.launch.py
[0.900s] -- Up-to-date symlink: /home/me597/me597/Lab2/ws1/install/turtlebot3_gazebo/share/turtlebot3_gazebo//launch/spawn_cricketball.launch.py
[0.900s] -- Up-to-date symlink: /home/me597/me597/Lab2/ws1/install/turtlebot3_gazebo/share/turtlebot3_gazebo//launch/spawn_turtlebot3.launch.py
[0.900s] -- Up-to-date symlink: /home/me597/me597/Lab2/ws1/install/turtlebot3_gazebo/share/turtlebot3_gazebo//launch/task_6.launch.py
[0.900s] -- Up-to-date symlink: /home/me597/me597/Lab2/ws1/install/turtlebot3_gazebo/share/turtlebot3_gazebo//launch/turtlebot3_bonus_world.launch.py
[0.900s] -- Up-to-date symlink: /home/me597/me597/Lab2/ws1/install/turtlebot3_gazebo/share/turtlebot3_gazebo//launch/turtlebot3_house.launch.py
[0.900s] -- Up-to-date symlink: /home/me597/me597/Lab2/ws1/install/turtlebot3_gazebo/share/turtlebot3_gazebo//launch/turtlebot3_house_norviz.launch.py
[0.900s] -- Up-to-date symlink: /home/me597/me597/Lab2/ws1/install/turtlebot3_gazebo/share/turtlebot3_gazebo//models/blue_object/model.config
[0.903s] -- Up-to-date symlink: /home/me597/me597/Lab2/ws1/install/turtlebot3_gazebo/share/turtlebot3_gazebo//models/blue_object/model.rsdf
[0.904s] -- Up-to-date symlink: /home/me597/me597/Lab2/ws1/install/turtlebot3_gazebo/share/turtlebot3_gazebo//models/blue_object/model.sdf
[0.904s] -- Up-to-date symlink: /home/me597/me597/Lab2/ws1/install/turtlebot3_gazebo/share/turtlebot3_gazebo//models/cricket_ball/model.config
[0.904s] -- Up-to-date symlink: /home/me597/me597/Lab2/ws1/install/turtlebot3_gazebo/share/turtlebot3_gazebo//models/cricket_ball/model.rsdf
[0.904s] -- Up-to-date symlink: /home/me597/me597/Lab2/ws1/install/turtlebot3_gazebo/share/turtlebot3_gazebo//models/cricket_ball/model.sdf
[0.904s] -- Up-to-date symlink: /home/me597/me597/Lab2/ws1/install/turtlebot3_gazebo/share/turtlebot3_gazebo//models/green_object/model.config
[0.904s] -- Up-to-date symlink: /home/me597/me597/Lab2/ws1/install/turtlebot3_gazebo/share/turtlebot3_gazebo//models/green_object/model.rsdf
[0.904s] -- Up-to-date symlink: /home/me597/me597/Lab2/ws1/install/turtlebot3_gazebo/share/turtlebot3_gazebo//models/green_object/model.sdf
[0.904s] -- Up-to-date symlink: /home/me597/me597/Lab2/ws1/install/turtlebot3_gazebo/share/turtlebot3_gazebo//models/red_object/model.config
[0.904s] -- Up-to-date symlink: /home/me597/me597/Lab2/ws1/install/turtlebot3_gazebo/share/turtlebot3_gazebo//models/red_object/model.rsdf
[0.904s] -- Up-to-date symlink: /home/me597/me597/Lab2/ws1/install/turtlebot3_gazebo/share/turtlebot3_gazebo//models/red_object/model.sdf
[0.904s] -- Up-to-date symlink: /home/me597/me597/Lab2/ws1/install/turtlebot3_gazebo/share/turtlebot3_gazebo//models/trash_can/meshes/trash_can.dae
[0.904s] -- Up-to-date symlink: /home/me597/me597/Lab2/ws1/install/turtlebot3_gazebo/share/turtlebot3_gazebo//models/trash_can/model.config
[0.904s] -- Up-to-date symlink: /home/me597/me597/Lab2/ws1/install/turtlebot3_gazebo/share/turtlebot3_gazebo//models/trash_can/model.sdf
[0.904s] -- Up-to-date symlink: /home/me597/me597/Lab2/ws1/install/turtlebot3_gazebo/share/turtlebot3_gazebo//models/turtlebot3_common/meshes/burger_base.dae
[0.904s] -- Up-to-date symlink: /home/me597/me597/Lab2/ws1/install/turtlebot3_gazebo/share/turtlebot3_gazebo//models/turtlebot3_common/meshes/lds.dae
[0.909s] -- Up-to-date symlink: /home/me597/me597/Lab2/ws1/install/turtlebot3_gazebo/share/turtlebot3_gazebo//models/turtlebot3_common/meshes/r200.dae
[0.909s] -- Up-to-date symlink: /home/me597/me597/Lab2/ws1/install/turtlebot3_gazebo/share/turtlebot3_gazebo//models/turtlebot3_common/meshes/tire.dae
[0.909s] -- Up-to-date symlink: /home/me597/me597/Lab2/ws1/install/turtlebot3_gazebo/share/turtlebot3_gazebo//models/turtlebot3_common/meshes/waffle_base.dae
[0.909s] -- Up-to-date symlink: /home/me597/me597/Lab2/ws1/install/turtlebot3_gazebo/share/turtlebot3_gazebo//models/turtlebot3_common/model.config
[0.909s] -- Up-to-date symlink: /home/me597/me597/Lab2/ws1/install/turtlebot3_gazebo/share/turtlebot3_gazebo//models/turtlebot3_house/model.config
[0.910s] -- Up-to-date symlink: /home/me597/me597/Lab2/ws1/install/turtlebot3_gazebo/share/turtlebot3_gazebo//models/turtlebot3_house/model.sdf
[0.911s] -- Up-to-date symlink: /home/me597/me597/Lab2/ws1/install/turtlebot3_gazebo/share/turtlebot3_gazebo//models/turtlebot3_waffle/model.config
[0.911s] -- Up-to-date symlink: /home/me597/me597/Lab2/ws1/install/turtlebot3_gazebo/share/turtlebot3_gazebo//models/turtlebot3_waffle/model.sdf
[0.912s] -- Up-to-date symlink: /home/me597/me597/Lab2/ws1/install/turtlebot3_gazebo/share/turtlebot3_gazebo//rviz/tb3_gazebo.rviz
[0.912s] -- Up-to-date symlink: /home/me597/me597/Lab2/ws1/install/turtlebot3_gazebo/share/turtlebot3_gazebo//urdf/turtlebot3_waffle.urdf
[0.912s] -- Up-to-date symlink: /home/me597/me597/Lab2/ws1/install/turtlebot3_gazebo/share/turtlebot3_gazebo//worlds/Bonus
[0.915s] -- Up-to-date symlink: /home/me597/me597/Lab2/ws1/install/turtlebot3_gazebo/share/turtlebot3_gazebo//worlds/empty_world.world
[0.915s] -- Up-to-date symlink: /home/me597/me597/Lab2/ws1/install/turtlebot3_gazebo/share/turtlebot3_gazebo//worlds/house_closed.world
[0.915s] -- Up-to-date symlink: /home/me597/me597/Lab2/ws1/install/turtlebot3_gazebo/share/turtlebot3_gazebo//worlds/turtlebot3_house.world
[0.915s] -- Up-to-date symlink: /home/me597/me597/Lab2/ws1/install/turtlebot3_gazebo/share/turtlebot3_gazebo//maps/map.pgm
[0.915s] -- Up-to-date symlink: /home/me597/me597/Lab2/ws1/install/turtlebot3_gazebo/share/turtlebot3_gazebo//maps/map.yaml
[0.915s] -- Up-to-date symlink: /home/me597/me597/Lab2/ws1/install/turtlebot3_gazebo/share/turtlebot3_gazebo//maps/sync_classroom_map.pgm
[0.916s] -- Up-to-date symlink: /home/me597/me597/Lab2/ws1/install/turtlebot3_gazebo/share/turtlebot3_gazebo//maps/sync_classroom_map.yaml
[0.916s] -- Up-to-date symlink: /home/me597/me597/Lab2/ws1/install/turtlebot3_gazebo/share/turtlebot3_gazebo//params/amcl.yaml
[0.916s] -- Up-to-date symlink: /home/me597/me597/Lab2/ws1/install/turtlebot3_gazebo/share/turtlebot3_gazebo//params/map_server.yaml
[0.916s] -- Up-to-date symlink: /home/me597/me597/Lab2/ws1/install/turtlebot3_gazebo/share/turtlebot3_gazebo//params/mapper_params_online_async.yaml
[0.916s] -- Up-to-date symlink: /home/me597/me597/Lab2/ws1/install/turtlebot3_gazebo/share/ament_index/resource_index/package_run_dependencies/turtlebot3_gazebo
[0.916s] -- Up-to-date symlink: /home/me597/me597/Lab2/ws1/install/turtlebot3_gazebo/share/ament_index/resource_index/parent_prefix_path/turtlebot3_gazebo
[0.916s] -- Up-to-date symlink: /home/me597/me597/Lab2/ws1/install/turtlebot3_gazebo/share/turtlebot3_gazebo/environment/ament_prefix_path.sh
[0.916s] -- Up-to-date symlink: /home/me597/me597/Lab2/ws1/install/turtlebot3_gazebo/share/turtlebot3_gazebo/environment/ament_prefix_path.dsv
[0.916s] -- Up-to-date symlink: /home/me597/me597/Lab2/ws1/install/turtlebot3_gazebo/share/turtlebot3_gazebo/environment/path.sh
[0.916s] -- Up-to-date symlink: /home/me597/me597/Lab2/ws1/install/turtlebot3_gazebo/share/turtlebot3_gazebo/environment/path.dsv
[0.916s] -- Up-to-date symlink: /home/me597/me597/Lab2/ws1/install/turtlebot3_gazebo/share/turtlebot3_gazebo/local_setup.bash
[0.916s] -- Up-to-date symlink: /home/me597/me597/Lab2/ws1/install/turtlebot3_gazebo/share/turtlebot3_gazebo/local_setup.sh
[0.916s] -- Up-to-date symlink: /home/me597/me597/Lab2/ws1/install/turtlebot3_gazebo/share/turtlebot3_gazebo/local_setup.zsh
[0.917s] -- Up-to-date symlink: /home/me597/me597/Lab2/ws1/install/turtlebot3_gazebo/share/turtlebot3_gazebo/local_setup.dsv
[0.917s] -- Symlinking: /home/me597/me597/Lab2/ws1/install/turtlebot3_gazebo/share/turtlebot3_gazebo/package.dsv
[0.942s] -- Up-to-date symlink: /home/me597/me597/Lab2/ws1/install/turtlebot3_gazebo/share/ament_index/resource_index/packages/turtlebot3_gazebo
[0.943s] -- Up-to-date symlink: /home/me597/me597/Lab2/ws1/install/turtlebot3_gazebo/share/turtlebot3_gazebo/cmake/ament_cmake_export_include_directories-extras.cmake
[0.944s] -- Up-to-date symlink: /home/me597/me597/Lab2/ws1/install/turtlebot3_gazebo/share/turtlebot3_gazebo/cmake/ament_cmake_export_dependencies-extras.cmake
[0.944s] -- Up-to-date symlink: /home/me597/me597/Lab2/ws1/install/turtlebot3_gazebo/share/turtlebot3_gazebo/cmake/turtlebot3_gazeboConfig.cmake
[0.945s] -- Up-to-date symlink: /home/me597/me597/Lab2/ws1/install/turtlebot3_gazebo/share/turtlebot3_gazebo/cmake/turtlebot3_gazeboConfig-version.cmake
[0.945s] -- Up-to-date symlink: /home/me597/me597/Lab2/ws1/install/turtlebot3_gazebo/share/turtlebot3_gazebo/package.xml
[0.946s] -- Up-to-date: /home/me597/me597/Lab2/ws1/install/turtlebot3_gazebo/lib/turtlebot3_gazebo/task1
[0.946s] -- Up-to-date: /home/me597/me597/Lab2/ws1/install/turtlebot3_gazebo/lib/turtlebot3_gazebo/task2
[0.946s] -- Up-to-date: /home/me597/me597/Lab2/ws1/install/turtlebot3_gazebo/lib/turtlebot3_gazebo/task3
[0.948s] -- Up-to-date: /home/me597/me597/Lab2/ws1/install/turtlebot3_gazebo/lib/turtlebot3_gazebo/spawn_objects
[0.949s] -- Up-to-date: /home/me597/me597/Lab2/ws1/install/turtlebot3_gazebo/lib/turtlebot3_gazebo/task2_bonus
[0.949s] -- Up-to-date: /home/me597/me597/Lab2/ws1/install/turtlebot3_gazebo/lib/turtlebot3_gazebo/static_obstacles
[0.951s] Invoked command in '/home/me597/me597/Lab2/ws1/build/turtlebot3_gazebo' returned '0': CMAKE_PREFIX_PATH=/opt/ros/humble /usr/bin/cmake --install /home/me597/me597/Lab2/ws1/build/turtlebot3_gazebo
