[0.238s] DEBUG:colcon:Command line arguments: ['/usr/bin/colcon', 'build', '--symlink-install']
[0.238s] DEBUG:colcon:Parsed command line arguments: Namespace(log_base=None, log_level=None, verb_name='build', build_base='build', install_base='install', merge_install=False, symlink_install=True, test_result_base=None, continue_on_error=False, executor='parallel', parallel_workers=4, event_handlers=None, ignore_user_meta=False, metas=['./colcon.meta'], base_paths=['.'], packages_ignore=None, packages_ignore_regex=None, paths=None, packages_up_to=None, packages_up_to_regex=None, packages_above=None, packages_above_and_dependencies=None, packages_above_depth=None, packages_select_by_dep=None, packages_skip_by_dep=None, packages_skip_up_to=None, packages_select_build_failed=False, packages_skip_build_finished=False, packages_select_test_failures=False, packages_skip_test_passed=False, packages_select=None, packages_skip=None, packages_select_regex=None, packages_skip_regex=None, packages_start=None, packages_end=None, allow_overriding=[], cmake_args=None, cmake_target=None, cmake_target_skip_unavailable=False, cmake_clean_cache=False, cmake_clean_first=False, cmake_force_configure=False, ament_cmake_args=None, catkin_cmake_args=None, catkin_skip_building_tests=False, mixin_files=None, mixin=None, verb_parser=<colcon_mixin.mixin.mixin_argument.MixinArgumentDecorator object at 0x7c1bb9665f00>, verb_extension=<colcon_core.verb.build.BuildVerb object at 0x7c1bb976ecb0>, main=<bound method BuildVerb.main of <colcon_core.verb.build.BuildVerb object at 0x7c1bb976ecb0>>, mixin_verb=('build',))
[0.535s] Level 1:colcon.colcon_core.package_discovery:discover_packages(colcon_meta) check parameters
[0.535s] Level 1:colcon.colcon_core.package_discovery:discover_packages(recursive) check parameters
[0.535s] Level 1:colcon.colcon_core.package_discovery:discover_packages(ignore) check parameters
[0.535s] Level 1:colcon.colcon_core.package_discovery:discover_packages(path) check parameters
[0.535s] Level 1:colcon.colcon_core.package_discovery:discover_packages(colcon_meta) discover
[0.535s] Level 1:colcon.colcon_core.package_discovery:discover_packages(recursive) discover
[0.536s] INFO:colcon.colcon_core.package_discovery:Crawling recursively for packages in '/home/Gery/ME597_Lab/Lab3/ws1'
[0.536s] Level 1:colcon.colcon_core.package_identification:_identify(.) by extensions ['ignore', 'ignore_ament_install']
[0.536s] Level 1:colcon.colcon_core.package_identification:_identify(.) by extension 'ignore'
[0.536s] Level 1:colcon.colcon_core.package_identification:_identify(.) by extension 'ignore_ament_install'
[0.536s] Level 1:colcon.colcon_core.package_identification:_identify(.) by extensions ['colcon_pkg']
[0.536s] Level 1:colcon.colcon_core.package_identification:_identify(.) by extension 'colcon_pkg'
[0.536s] Level 1:colcon.colcon_core.package_identification:_identify(.) by extensions ['colcon_meta']
[0.536s] Level 1:colcon.colcon_core.package_identification:_identify(.) by extension 'colcon_meta'
[0.536s] Level 1:colcon.colcon_core.package_identification:_identify(.) by extensions ['ros']
[0.536s] Level 1:colcon.colcon_core.package_identification:_identify(.) by extension 'ros'
[0.554s] Level 1:colcon.colcon_core.package_identification:_identify(.) by extensions ['cmake', 'python']
[0.555s] Level 1:colcon.colcon_core.package_identification:_identify(.) by extension 'cmake'
[0.555s] Level 1:colcon.colcon_core.package_identification:_identify(.) by extension 'python'
[0.555s] Level 1:colcon.colcon_core.package_identification:_identify(.) by extensions ['python_setup_py']
[0.555s] Level 1:colcon.colcon_core.package_identification:_identify(.) by extension 'python_setup_py'
[0.555s] Level 1:colcon.colcon_core.package_identification:_identify(build) by extensions ['ignore', 'ignore_ament_install']
[0.555s] Level 1:colcon.colcon_core.package_identification:_identify(build) by extension 'ignore'
[0.555s] Level 1:colcon.colcon_core.package_identification:_identify(build) ignored
[0.555s] Level 1:colcon.colcon_core.package_identification:_identify(install) by extensions ['ignore', 'ignore_ament_install']
[0.555s] Level 1:colcon.colcon_core.package_identification:_identify(install) by extension 'ignore'
[0.555s] Level 1:colcon.colcon_core.package_identification:_identify(install) ignored
[0.556s] Level 1:colcon.colcon_core.package_identification:_identify(log) by extensions ['ignore', 'ignore_ament_install']
[0.556s] Level 1:colcon.colcon_core.package_identification:_identify(log) by extension 'ignore'
[0.556s] Level 1:colcon.colcon_core.package_identification:_identify(log) ignored
[0.556s] Level 1:colcon.colcon_core.package_identification:_identify(src) by extensions ['ignore', 'ignore_ament_install']
[0.556s] Level 1:colcon.colcon_core.package_identification:_identify(src) by extension 'ignore'
[0.556s] Level 1:colcon.colcon_core.package_identification:_identify(src) by extension 'ignore_ament_install'
[0.556s] Level 1:colcon.colcon_core.package_identification:_identify(src) by extensions ['colcon_pkg']
[0.556s] Level 1:colcon.colcon_core.package_identification:_identify(src) by extension 'colcon_pkg'
[0.556s] Level 1:colcon.colcon_core.package_identification:_identify(src) by extensions ['colcon_meta']
[0.556s] Level 1:colcon.colcon_core.package_identification:_identify(src) by extension 'colcon_meta'
[0.556s] Level 1:colcon.colcon_core.package_identification:_identify(src) by extensions ['ros']
[0.556s] Level 1:colcon.colcon_core.package_identification:_identify(src) by extension 'ros'
[0.557s] Level 1:colcon.colcon_core.package_identification:_identify(src) by extensions ['cmake', 'python']
[0.557s] Level 1:colcon.colcon_core.package_identification:_identify(src) by extension 'cmake'
[0.557s] Level 1:colcon.colcon_core.package_identification:_identify(src) by extension 'python'
[0.557s] Level 1:colcon.colcon_core.package_identification:_identify(src) by extensions ['python_setup_py']
[0.557s] Level 1:colcon.colcon_core.package_identification:_identify(src) by extension 'python_setup_py'
[0.557s] Level 1:colcon.colcon_core.package_identification:_identify(src/sim_ws) by extensions ['ignore', 'ignore_ament_install']
[0.557s] Level 1:colcon.colcon_core.package_identification:_identify(src/sim_ws) by extension 'ignore'
[0.557s] Level 1:colcon.colcon_core.package_identification:_identify(src/sim_ws) by extension 'ignore_ament_install'
[0.557s] Level 1:colcon.colcon_core.package_identification:_identify(src/sim_ws) by extensions ['colcon_pkg']
[0.557s] Level 1:colcon.colcon_core.package_identification:_identify(src/sim_ws) by extension 'colcon_pkg'
[0.557s] Level 1:colcon.colcon_core.package_identification:_identify(src/sim_ws) by extensions ['colcon_meta']
[0.557s] Level 1:colcon.colcon_core.package_identification:_identify(src/sim_ws) by extension 'colcon_meta'
[0.557s] Level 1:colcon.colcon_core.package_identification:_identify(src/sim_ws) by extensions ['ros']
[0.557s] Level 1:colcon.colcon_core.package_identification:_identify(src/sim_ws) by extension 'ros'
[0.558s] Level 1:colcon.colcon_core.package_identification:_identify(src/sim_ws) by extensions ['cmake', 'python']
[0.558s] Level 1:colcon.colcon_core.package_identification:_identify(src/sim_ws) by extension 'cmake'
[0.558s] Level 1:colcon.colcon_core.package_identification:_identify(src/sim_ws) by extension 'python'
[0.558s] Level 1:colcon.colcon_core.package_identification:_identify(src/sim_ws) by extensions ['python_setup_py']
[0.558s] Level 1:colcon.colcon_core.package_identification:_identify(src/sim_ws) by extension 'python_setup_py'
[0.558s] Level 1:colcon.colcon_core.package_identification:_identify(src/sim_ws/build) by extensions ['ignore', 'ignore_ament_install']
[0.558s] Level 1:colcon.colcon_core.package_identification:_identify(src/sim_ws/build) by extension 'ignore'
[0.558s] Level 1:colcon.colcon_core.package_identification:_identify(src/sim_ws/build) ignored
[0.558s] Level 1:colcon.colcon_core.package_identification:_identify(src/sim_ws/install) by extensions ['ignore', 'ignore_ament_install']
[0.559s] Level 1:colcon.colcon_core.package_identification:_identify(src/sim_ws/install) by extension 'ignore'
[0.559s] Level 1:colcon.colcon_core.package_identification:_identify(src/sim_ws/install) ignored
[0.559s] Level 1:colcon.colcon_core.package_identification:_identify(src/sim_ws/log) by extensions ['ignore', 'ignore_ament_install']
[0.559s] Level 1:colcon.colcon_core.package_identification:_identify(src/sim_ws/log) by extension 'ignore'
[0.559s] Level 1:colcon.colcon_core.package_identification:_identify(src/sim_ws/log) ignored
[0.559s] Level 1:colcon.colcon_core.package_identification:_identify(src/sim_ws/src) by extensions ['ignore', 'ignore_ament_install']
[0.560s] Level 1:colcon.colcon_core.package_identification:_identify(src/sim_ws/src) by extension 'ignore'
[0.560s] Level 1:colcon.colcon_core.package_identification:_identify(src/sim_ws/src) by extension 'ignore_ament_install'
[0.560s] Level 1:colcon.colcon_core.package_identification:_identify(src/sim_ws/src) by extensions ['colcon_pkg']
[0.560s] Level 1:colcon.colcon_core.package_identification:_identify(src/sim_ws/src) by extension 'colcon_pkg'
[0.560s] Level 1:colcon.colcon_core.package_identification:_identify(src/sim_ws/src) by extensions ['colcon_meta']
[0.560s] Level 1:colcon.colcon_core.package_identification:_identify(src/sim_ws/src) by extension 'colcon_meta'
[0.560s] Level 1:colcon.colcon_core.package_identification:_identify(src/sim_ws/src) by extensions ['ros']
[0.560s] Level 1:colcon.colcon_core.package_identification:_identify(src/sim_ws/src) by extension 'ros'
[0.560s] Level 1:colcon.colcon_core.package_identification:_identify(src/sim_ws/src) by extensions ['cmake', 'python']
[0.560s] Level 1:colcon.colcon_core.package_identification:_identify(src/sim_ws/src) by extension 'cmake'
[0.560s] Level 1:colcon.colcon_core.package_identification:_identify(src/sim_ws/src) by extension 'python'
[0.560s] Level 1:colcon.colcon_core.package_identification:_identify(src/sim_ws/src) by extensions ['python_setup_py']
[0.560s] Level 1:colcon.colcon_core.package_identification:_identify(src/sim_ws/src) by extension 'python_setup_py'
[0.560s] Level 1:colcon.colcon_core.package_identification:_identify(src/sim_ws/src/build) by extensions ['ignore', 'ignore_ament_install']
[0.560s] Level 1:colcon.colcon_core.package_identification:_identify(src/sim_ws/src/build) by extension 'ignore'
[0.561s] Level 1:colcon.colcon_core.package_identification:_identify(src/sim_ws/src/build) ignored
[0.561s] Level 1:colcon.colcon_core.package_identification:_identify(src/sim_ws/src/install) by extensions ['ignore', 'ignore_ament_install']
[0.561s] Level 1:colcon.colcon_core.package_identification:_identify(src/sim_ws/src/install) by extension 'ignore'
[0.561s] Level 1:colcon.colcon_core.package_identification:_identify(src/sim_ws/src/install) ignored
[0.561s] Level 1:colcon.colcon_core.package_identification:_identify(src/sim_ws/src/log) by extensions ['ignore', 'ignore_ament_install']
[0.561s] Level 1:colcon.colcon_core.package_identification:_identify(src/sim_ws/src/log) by extension 'ignore'
[0.561s] Level 1:colcon.colcon_core.package_identification:_identify(src/sim_ws/src/log) ignored
[0.561s] Level 1:colcon.colcon_core.package_identification:_identify(src/sim_ws/src/sim_utils) by extensions ['ignore', 'ignore_ament_install']
[0.562s] Level 1:colcon.colcon_core.package_identification:_identify(src/sim_ws/src/sim_utils) by extension 'ignore'
[0.562s] Level 1:colcon.colcon_core.package_identification:_identify(src/sim_ws/src/sim_utils) by extension 'ignore_ament_install'
[0.562s] Level 1:colcon.colcon_core.package_identification:_identify(src/sim_ws/src/sim_utils) by extensions ['colcon_pkg']
[0.562s] Level 1:colcon.colcon_core.package_identification:_identify(src/sim_ws/src/sim_utils) by extension 'colcon_pkg'
[0.562s] Level 1:colcon.colcon_core.package_identification:_identify(src/sim_ws/src/sim_utils) by extensions ['colcon_meta']
[0.562s] Level 1:colcon.colcon_core.package_identification:_identify(src/sim_ws/src/sim_utils) by extension 'colcon_meta'
[0.562s] Level 1:colcon.colcon_core.package_identification:_identify(src/sim_ws/src/sim_utils) by extensions ['ros']
[0.562s] Level 1:colcon.colcon_core.package_identification:_identify(src/sim_ws/src/sim_utils) by extension 'ros'
[0.566s] DEBUG:colcon.colcon_core.package_identification:Package 'src/sim_ws/src/sim_utils' with type 'ros.ament_python' and name 'sim_utils'
[0.566s] Level 1:colcon.colcon_core.package_identification:_identify(src/sim_ws/src/turtlebot3_gazebo) by extensions ['ignore', 'ignore_ament_install']
[0.566s] Level 1:colcon.colcon_core.package_identification:_identify(src/sim_ws/src/turtlebot3_gazebo) by extension 'ignore'
[0.566s] Level 1:colcon.colcon_core.package_identification:_identify(src/sim_ws/src/turtlebot3_gazebo) by extension 'ignore_ament_install'
[0.566s] Level 1:colcon.colcon_core.package_identification:_identify(src/sim_ws/src/turtlebot3_gazebo) by extensions ['colcon_pkg']
[0.566s] Level 1:colcon.colcon_core.package_identification:_identify(src/sim_ws/src/turtlebot3_gazebo) by extension 'colcon_pkg'
[0.566s] Level 1:colcon.colcon_core.package_identification:_identify(src/sim_ws/src/turtlebot3_gazebo) by extensions ['colcon_meta']
[0.566s] Level 1:colcon.colcon_core.package_identification:_identify(src/sim_ws/src/turtlebot3_gazebo) by extension 'colcon_meta'
[0.567s] Level 1:colcon.colcon_core.package_identification:_identify(src/sim_ws/src/turtlebot3_gazebo) by extensions ['ros']
[0.567s] Level 1:colcon.colcon_core.package_identification:_identify(src/sim_ws/src/turtlebot3_gazebo) by extension 'ros'
[0.568s] DEBUG:colcon.colcon_core.package_identification:Package 'src/sim_ws/src/turtlebot3_gazebo' with type 'ros.ament_cmake' and name 'turtlebot3_gazebo'
[0.568s] Level 1:colcon.colcon_core.package_identification:_identify(src/task_4) by extensions ['ignore', 'ignore_ament_install']
[0.568s] Level 1:colcon.colcon_core.package_identification:_identify(src/task_4) by extension 'ignore'
[0.568s] Level 1:colcon.colcon_core.package_identification:_identify(src/task_4) by extension 'ignore_ament_install'
[0.568s] Level 1:colcon.colcon_core.package_identification:_identify(src/task_4) by extensions ['colcon_pkg']
[0.568s] Level 1:colcon.colcon_core.package_identification:_identify(src/task_4) by extension 'colcon_pkg'
[0.568s] Level 1:colcon.colcon_core.package_identification:_identify(src/task_4) by extensions ['colcon_meta']
[0.568s] Level 1:colcon.colcon_core.package_identification:_identify(src/task_4) by extension 'colcon_meta'
[0.568s] Level 1:colcon.colcon_core.package_identification:_identify(src/task_4) by extensions ['ros']
[0.568s] Level 1:colcon.colcon_core.package_identification:_identify(src/task_4) by extension 'ros'
[0.570s] DEBUG:colcon.colcon_core.package_identification:Package 'src/task_4' with type 'ros.ament_python' and name 'task_4'
[0.570s] Level 1:colcon.colcon_core.package_discovery:discover_packages(recursive) using defaults
[0.570s] Level 1:colcon.colcon_core.package_discovery:discover_packages(ignore) discover
[0.570s] Level 1:colcon.colcon_core.package_discovery:discover_packages(ignore) using defaults
[0.570s] Level 1:colcon.colcon_core.package_discovery:discover_packages(path) discover
[0.570s] Level 1:colcon.colcon_core.package_discovery:discover_packages(path) using defaults
[0.599s] Level 1:colcon.colcon_core.package_discovery:discover_packages(prefix_path) check parameters
[0.599s] Level 1:colcon.colcon_core.package_discovery:discover_packages(prefix_path) discover
[0.602s] DEBUG:colcon.colcon_installed_package_information.package_discovery:Found 3 installed packages in /home/Gery/ME597_Lab/Lab3/ws1/install
[0.606s] DEBUG:colcon.colcon_installed_package_information.package_discovery:Found 334 installed packages in /opt/ros/humble
[0.619s] Level 1:colcon.colcon_core.package_discovery:discover_packages(prefix_path) using defaults
[0.682s] Level 5:colcon.colcon_core.verb:set package 'sim_utils' build argument 'cmake_args' from command line to 'None'
[0.682s] Level 5:colcon.colcon_core.verb:set package 'sim_utils' build argument 'cmake_target' from command line to 'None'
[0.682s] Level 5:colcon.colcon_core.verb:set package 'sim_utils' build argument 'cmake_target_skip_unavailable' from command line to 'False'
[0.682s] Level 5:colcon.colcon_core.verb:set package 'sim_utils' build argument 'cmake_clean_cache' from command line to 'False'
[0.682s] Level 5:colcon.colcon_core.verb:set package 'sim_utils' build argument 'cmake_clean_first' from command line to 'False'
[0.682s] Level 5:colcon.colcon_core.verb:set package 'sim_utils' build argument 'cmake_force_configure' from command line to 'False'
[0.682s] Level 5:colcon.colcon_core.verb:set package 'sim_utils' build argument 'ament_cmake_args' from command line to 'None'
[0.682s] Level 5:colcon.colcon_core.verb:set package 'sim_utils' build argument 'catkin_cmake_args' from command line to 'None'
[0.682s] Level 5:colcon.colcon_core.verb:set package 'sim_utils' build argument 'catkin_skip_building_tests' from command line to 'False'
[0.682s] DEBUG:colcon.colcon_core.verb:Building package 'sim_utils' with the following arguments: {'ament_cmake_args': None, 'build_base': '/home/Gery/ME597_Lab/Lab3/ws1/build/sim_utils', 'catkin_cmake_args': None, 'catkin_skip_building_tests': False, 'cmake_args': None, 'cmake_clean_cache': False, 'cmake_clean_first': False, 'cmake_force_configure': False, 'cmake_target': None, 'cmake_target_skip_unavailable': False, 'install_base': '/home/Gery/ME597_Lab/Lab3/ws1/install/sim_utils', 'merge_install': False, 'path': '/home/Gery/ME597_Lab/Lab3/ws1/src/sim_ws/src/sim_utils', 'symlink_install': True, 'test_result_base': None}
[0.683s] Level 5:colcon.colcon_core.verb:set package 'task_4' build argument 'cmake_args' from command line to 'None'
[0.683s] Level 5:colcon.colcon_core.verb:set package 'task_4' build argument 'cmake_target' from command line to 'None'
[0.683s] Level 5:colcon.colcon_core.verb:set package 'task_4' build argument 'cmake_target_skip_unavailable' from command line to 'False'
[0.683s] Level 5:colcon.colcon_core.verb:set package 'task_4' build argument 'cmake_clean_cache' from command line to 'False'
[0.683s] Level 5:colcon.colcon_core.verb:set package 'task_4' build argument 'cmake_clean_first' from command line to 'False'
[0.683s] Level 5:colcon.colcon_core.verb:set package 'task_4' build argument 'cmake_force_configure' from command line to 'False'
[0.683s] Level 5:colcon.colcon_core.verb:set package 'task_4' build argument 'ament_cmake_args' from command line to 'None'
[0.683s] Level 5:colcon.colcon_core.verb:set package 'task_4' build argument 'catkin_cmake_args' from command line to 'None'
[0.683s] Level 5:colcon.colcon_core.verb:set package 'task_4' build argument 'catkin_skip_building_tests' from command line to 'False'
[0.683s] DEBUG:colcon.colcon_core.verb:Building package 'task_4' with the following arguments: {'ament_cmake_args': None, 'build_base': '/home/Gery/ME597_Lab/Lab3/ws1/build/task_4', 'catkin_cmake_args': None, 'catkin_skip_building_tests': False, 'cmake_args': None, 'cmake_clean_cache': False, 'cmake_clean_first': False, 'cmake_force_configure': False, 'cmake_target': None, 'cmake_target_skip_unavailable': False, 'install_base': '/home/Gery/ME597_Lab/Lab3/ws1/install/task_4', 'merge_install': False, 'path': '/home/Gery/ME597_Lab/Lab3/ws1/src/task_4', 'symlink_install': True, 'test_result_base': None}
[0.683s] Level 5:colcon.colcon_core.verb:set package 'turtlebot3_gazebo' build argument 'cmake_args' from command line to 'None'
[0.683s] Level 5:colcon.colcon_core.verb:set package 'turtlebot3_gazebo' build argument 'cmake_target' from command line to 'None'
[0.683s] Level 5:colcon.colcon_core.verb:set package 'turtlebot3_gazebo' build argument 'cmake_target_skip_unavailable' from command line to 'False'
[0.683s] Level 5:colcon.colcon_core.verb:set package 'turtlebot3_gazebo' build argument 'cmake_clean_cache' from command line to 'False'
[0.683s] Level 5:colcon.colcon_core.verb:set package 'turtlebot3_gazebo' build argument 'cmake_clean_first' from command line to 'False'
[0.683s] Level 5:colcon.colcon_core.verb:set package 'turtlebot3_gazebo' build argument 'cmake_force_configure' from command line to 'False'
[0.683s] Level 5:colcon.colcon_core.verb:set package 'turtlebot3_gazebo' build argument 'ament_cmake_args' from command line to 'None'
[0.683s] Level 5:colcon.colcon_core.verb:set package 'turtlebot3_gazebo' build argument 'catkin_cmake_args' from command line to 'None'
[0.683s] Level 5:colcon.colcon_core.verb:set package 'turtlebot3_gazebo' build argument 'catkin_skip_building_tests' from command line to 'False'
[0.683s] DEBUG:colcon.colcon_core.verb:Building package 'turtlebot3_gazebo' with the following arguments: {'ament_cmake_args': None, 'build_base': '/home/Gery/ME597_Lab/Lab3/ws1/build/turtlebot3_gazebo', 'catkin_cmake_args': None, 'catkin_skip_building_tests': False, 'cmake_args': None, 'cmake_clean_cache': False, 'cmake_clean_first': False, 'cmake_force_configure': False, 'cmake_target': None, 'cmake_target_skip_unavailable': False, 'install_base': '/home/Gery/ME597_Lab/Lab3/ws1/install/turtlebot3_gazebo', 'merge_install': False, 'path': '/home/Gery/ME597_Lab/Lab3/ws1/src/sim_ws/src/turtlebot3_gazebo', 'symlink_install': True, 'test_result_base': None}
[0.684s] INFO:colcon.colcon_core.executor:Executing jobs using 'parallel' executor
[0.685s] DEBUG:colcon.colcon_parallel_executor.executor.parallel:run_until_complete
[0.685s] INFO:colcon.colcon_ros.task.ament_python.build:Building ROS package in '/home/Gery/ME597_Lab/Lab3/ws1/src/sim_ws/src/sim_utils' with build type 'ament_python'
[0.685s] Level 1:colcon.colcon_core.shell:create_environment_hook('sim_utils', 'ament_prefix_path')
[0.688s] INFO:colcon.colcon_core.plugin_system:Skipping extension 'colcon_core.shell.bat': Not used on non-Windows systems
[0.689s] INFO:colcon.colcon_core.shell:Creating environment hook '/home/Gery/ME597_Lab/Lab3/ws1/install/sim_utils/share/sim_utils/hook/ament_prefix_path.ps1'
[0.690s] INFO:colcon.colcon_core.shell:Creating environment descriptor '/home/Gery/ME597_Lab/Lab3/ws1/install/sim_utils/share/sim_utils/hook/ament_prefix_path.dsv'
[0.691s] INFO:colcon.colcon_core.shell:Creating environment hook '/home/Gery/ME597_Lab/Lab3/ws1/install/sim_utils/share/sim_utils/hook/ament_prefix_path.sh'
[0.692s] INFO:colcon.colcon_core.shell:Skip shell extension 'powershell' for command environment: Not usable outside of PowerShell
[0.692s] DEBUG:colcon.colcon_core.shell:Skip shell extension 'dsv' for command environment
[0.705s] INFO:colcon.colcon_ros.task.ament_python.build:Building ROS package in '/home/Gery/ME597_Lab/Lab3/ws1/src/task_4' with build type 'ament_python'
[0.706s] Level 1:colcon.colcon_core.shell:create_environment_hook('task_4', 'ament_prefix_path')
[0.706s] INFO:colcon.colcon_core.shell:Creating environment hook '/home/Gery/ME597_Lab/Lab3/ws1/install/task_4/share/task_4/hook/ament_prefix_path.ps1'
[0.706s] INFO:colcon.colcon_core.shell:Creating environment descriptor '/home/Gery/ME597_Lab/Lab3/ws1/install/task_4/share/task_4/hook/ament_prefix_path.dsv'
[0.707s] INFO:colcon.colcon_core.shell:Creating environment hook '/home/Gery/ME597_Lab/Lab3/ws1/install/task_4/share/task_4/hook/ament_prefix_path.sh'
[0.708s] INFO:colcon.colcon_core.shell:Skip shell extension 'powershell' for command environment: Not usable outside of PowerShell
[0.708s] DEBUG:colcon.colcon_core.shell:Skip shell extension 'dsv' for command environment
[0.715s] INFO:colcon.colcon_ros.task.ament_cmake.build:Building ROS package in '/home/Gery/ME597_Lab/Lab3/ws1/src/sim_ws/src/turtlebot3_gazebo' with build type 'ament_cmake'
[0.715s] INFO:colcon.colcon_cmake.task.cmake.build:Building CMake package in '/home/Gery/ME597_Lab/Lab3/ws1/src/sim_ws/src/turtlebot3_gazebo'
[0.716s] INFO:colcon.colcon_core.shell:Skip shell extension 'powershell' for command environment: Not usable outside of PowerShell
[0.716s] DEBUG:colcon.colcon_core.shell:Skip shell extension 'dsv' for command environment
[1.141s] INFO:colcon.colcon_core.task.python.build:Building Python package in '/home/Gery/ME597_Lab/Lab3/ws1/src/sim_ws/src/sim_utils'
[1.142s] INFO:colcon.colcon_core.shell:Skip shell extension 'powershell' for command environment: Not usable outside of PowerShell
[1.142s] DEBUG:colcon.colcon_core.shell:Skip shell extension 'dsv' for command environment
[1.625s] INFO:colcon.colcon_core.task.python.build:Building Python package in '/home/Gery/ME597_Lab/Lab3/ws1/src/task_4'
[1.626s] INFO:colcon.colcon_core.shell:Skip shell extension 'powershell' for command environment: Not usable outside of PowerShell
[1.626s] DEBUG:colcon.colcon_core.shell:Skip shell extension 'dsv' for command environment
[1.643s] DEBUG:colcon.colcon_core.event_handler.log_command:Invoking command in '/home/Gery/ME597_Lab/Lab3/ws1/build/turtlebot3_gazebo': CMAKE_PREFIX_PATH=${CMAKE_PREFIX_PATH}:/home/Gery/ME597_Lab/Lab3/ws1/install/task_4:/home/Gery/ME597_Lab/Lab3/ws1/install/sim_utils:/opt/ros/humble /usr/bin/cmake --build /home/Gery/ME597_Lab/Lab3/ws1/build/turtlebot3_gazebo -- -j4 -l4
[1.890s] DEBUG:colcon.colcon_core.event_handler.log_command:Invoked command in '/home/Gery/ME597_Lab/Lab3/ws1/build/turtlebot3_gazebo' returned '0': CMAKE_PREFIX_PATH=${CMAKE_PREFIX_PATH}:/home/Gery/ME597_Lab/Lab3/ws1/install/task_4:/home/Gery/ME597_Lab/Lab3/ws1/install/sim_utils:/opt/ros/humble /usr/bin/cmake --build /home/Gery/ME597_Lab/Lab3/ws1/build/turtlebot3_gazebo -- -j4 -l4
[2.070s] DEBUG:colcon.colcon_core.event_handler.log_command:Invoking command in '/home/Gery/ME597_Lab/Lab3/ws1/build/turtlebot3_gazebo': CMAKE_PREFIX_PATH=${CMAKE_PREFIX_PATH}:/home/Gery/ME597_Lab/Lab3/ws1/install/task_4:/home/Gery/ME597_Lab/Lab3/ws1/install/sim_utils:/opt/ros/humble /usr/bin/cmake --install /home/Gery/ME597_Lab/Lab3/ws1/build/turtlebot3_gazebo
[2.217s] Level 1:colcon.colcon_core.environment:create_environment_scripts_only(turtlebot3_gazebo)
[2.222s] DEBUG:colcon.colcon_core.event_handler.log_command:Invoked command in '/home/Gery/ME597_Lab/Lab3/ws1/build/turtlebot3_gazebo' returned '0': CMAKE_PREFIX_PATH=${CMAKE_PREFIX_PATH}:/home/Gery/ME597_Lab/Lab3/ws1/install/task_4:/home/Gery/ME597_Lab/Lab3/ws1/install/sim_utils:/opt/ros/humble /usr/bin/cmake --install /home/Gery/ME597_Lab/Lab3/ws1/build/turtlebot3_gazebo
[2.238s] Level 1:colcon.colcon_core.environment:checking '/home/Gery/ME597_Lab/Lab3/ws1/install/turtlebot3_gazebo' for CMake module files
[2.239s] Level 1:colcon.colcon_core.environment:checking '/home/Gery/ME597_Lab/Lab3/ws1/install/turtlebot3_gazebo' for CMake config files
[2.243s] Level 1:colcon.colcon_core.shell:create_environment_hook('turtlebot3_gazebo', 'cmake_prefix_path')
[2.246s] INFO:colcon.colcon_core.shell:Creating environment hook '/home/Gery/ME597_Lab/Lab3/ws1/install/turtlebot3_gazebo/share/turtlebot3_gazebo/hook/cmake_prefix_path.ps1'
[2.248s] INFO:colcon.colcon_core.shell:Creating environment descriptor '/home/Gery/ME597_Lab/Lab3/ws1/install/turtlebot3_gazebo/share/turtlebot3_gazebo/hook/cmake_prefix_path.dsv'
[2.249s] INFO:colcon.colcon_core.shell:Creating environment hook '/home/Gery/ME597_Lab/Lab3/ws1/install/turtlebot3_gazebo/share/turtlebot3_gazebo/hook/cmake_prefix_path.sh'
[2.254s] Level 1:colcon.colcon_core.environment:checking '/home/Gery/ME597_Lab/Lab3/ws1/install/turtlebot3_gazebo/lib'
[2.254s] Level 1:colcon.colcon_core.environment:checking '/home/Gery/ME597_Lab/Lab3/ws1/install/turtlebot3_gazebo/bin'
[2.254s] Level 1:colcon.colcon_core.environment:checking '/home/Gery/ME597_Lab/Lab3/ws1/install/turtlebot3_gazebo/lib/pkgconfig/turtlebot3_gazebo.pc'
[2.254s] Level 1:colcon.colcon_core.environment:checking '/home/Gery/ME597_Lab/Lab3/ws1/install/turtlebot3_gazebo/lib/python3.10/site-packages'
[2.259s] Level 1:colcon.colcon_core.environment:checking '/home/Gery/ME597_Lab/Lab3/ws1/install/turtlebot3_gazebo/bin'
[2.259s] INFO:colcon.colcon_core.shell:Creating package script '/home/Gery/ME597_Lab/Lab3/ws1/install/turtlebot3_gazebo/share/turtlebot3_gazebo/package.ps1'
[2.263s] INFO:colcon.colcon_core.shell:Creating package descriptor '/home/Gery/ME597_Lab/Lab3/ws1/install/turtlebot3_gazebo/share/turtlebot3_gazebo/package.dsv'
[2.264s] INFO:colcon.colcon_core.shell:Creating package script '/home/Gery/ME597_Lab/Lab3/ws1/install/turtlebot3_gazebo/share/turtlebot3_gazebo/package.sh'
[2.270s] INFO:colcon.colcon_core.shell:Creating package script '/home/Gery/ME597_Lab/Lab3/ws1/install/turtlebot3_gazebo/share/turtlebot3_gazebo/package.bash'
[2.271s] INFO:colcon.colcon_core.shell:Creating package script '/home/Gery/ME597_Lab/Lab3/ws1/install/turtlebot3_gazebo/share/turtlebot3_gazebo/package.zsh'
[2.275s] Level 1:colcon.colcon_core.environment:create_file_with_runtime_dependencies(/home/Gery/ME597_Lab/Lab3/ws1/install/turtlebot3_gazebo/share/colcon-core/packages/turtlebot3_gazebo)
[2.446s] Level 1:colcon.colcon_core.environment:create_environment_scripts_only(turtlebot3_gazebo)
[2.447s] Level 1:colcon.colcon_core.environment:checking '/home/Gery/ME597_Lab/Lab3/ws1/install/turtlebot3_gazebo' for CMake module files
[2.448s] Level 1:colcon.colcon_core.environment:checking '/home/Gery/ME597_Lab/Lab3/ws1/install/turtlebot3_gazebo' for CMake config files
[2.453s] Level 1:colcon.colcon_core.shell:create_environment_hook('turtlebot3_gazebo', 'cmake_prefix_path')
[2.454s] INFO:colcon.colcon_core.shell:Creating environment hook '/home/Gery/ME597_Lab/Lab3/ws1/install/turtlebot3_gazebo/share/turtlebot3_gazebo/hook/cmake_prefix_path.ps1'
[2.456s] INFO:colcon.colcon_core.shell:Creating environment descriptor '/home/Gery/ME597_Lab/Lab3/ws1/install/turtlebot3_gazebo/share/turtlebot3_gazebo/hook/cmake_prefix_path.dsv'
[2.459s] INFO:colcon.colcon_core.shell:Creating environment hook '/home/Gery/ME597_Lab/Lab3/ws1/install/turtlebot3_gazebo/share/turtlebot3_gazebo/hook/cmake_prefix_path.sh'
[2.462s] Level 1:colcon.colcon_core.environment:checking '/home/Gery/ME597_Lab/Lab3/ws1/install/turtlebot3_gazebo/lib'
[2.463s] Level 1:colcon.colcon_core.environment:checking '/home/Gery/ME597_Lab/Lab3/ws1/install/turtlebot3_gazebo/bin'
[2.464s] Level 1:colcon.colcon_core.environment:checking '/home/Gery/ME597_Lab/Lab3/ws1/install/turtlebot3_gazebo/lib/pkgconfig/turtlebot3_gazebo.pc'
[2.464s] Level 1:colcon.colcon_core.environment:checking '/home/Gery/ME597_Lab/Lab3/ws1/install/turtlebot3_gazebo/lib/python3.10/site-packages'
[2.464s] Level 1:colcon.colcon_core.environment:checking '/home/Gery/ME597_Lab/Lab3/ws1/install/turtlebot3_gazebo/bin'
[2.468s] INFO:colcon.colcon_core.shell:Creating package script '/home/Gery/ME597_Lab/Lab3/ws1/install/turtlebot3_gazebo/share/turtlebot3_gazebo/package.ps1'
[2.469s] INFO:colcon.colcon_core.shell:Creating package descriptor '/home/Gery/ME597_Lab/Lab3/ws1/install/turtlebot3_gazebo/share/turtlebot3_gazebo/package.dsv'
[2.474s] INFO:colcon.colcon_core.shell:Creating package script '/home/Gery/ME597_Lab/Lab3/ws1/install/turtlebot3_gazebo/share/turtlebot3_gazebo/package.sh'
[2.475s] INFO:colcon.colcon_core.shell:Creating package script '/home/Gery/ME597_Lab/Lab3/ws1/install/turtlebot3_gazebo/share/turtlebot3_gazebo/package.bash'
[2.479s] INFO:colcon.colcon_core.shell:Creating package script '/home/Gery/ME597_Lab/Lab3/ws1/install/turtlebot3_gazebo/share/turtlebot3_gazebo/package.zsh'
[2.481s] Level 1:colcon.colcon_core.environment:create_file_with_runtime_dependencies(/home/Gery/ME597_Lab/Lab3/ws1/install/turtlebot3_gazebo/share/colcon-core/packages/turtlebot3_gazebo)
[2.722s] DEBUG:colcon.colcon_core.event_handler.log_command:Invoking command in '/home/Gery/ME597_Lab/Lab3/ws1/build/task_4': PYTHONPATH=/home/Gery/ME597_Lab/Lab3/ws1/build/task_4/prefix_override:/usr/lib/python3/dist-packages/colcon_core/task/python/colcon_distutils_commands:/home/Gery/ME597_Lab/Lab3/ws1/install/task_4/lib/python3.10/site-packages:${PYTHONPATH} /usr/bin/python3 -W ignore:setup.py install is deprecated setup.py develop --editable --build-directory /home/Gery/ME597_Lab/Lab3/ws1/build/task_4/build --no-deps symlink_data
[3.030s] DEBUG:colcon.colcon_core.event_handler.log_command:Invoking command in '/home/Gery/ME597_Lab/Lab3/ws1/build/sim_utils': PYTHONPATH=/home/Gery/ME597_Lab/Lab3/ws1/build/sim_utils/prefix_override:/usr/lib/python3/dist-packages/colcon_core/task/python/colcon_distutils_commands:/home/Gery/ME597_Lab/Lab3/ws1/install/sim_utils/lib/python3.10/site-packages:${PYTHONPATH} /usr/bin/python3 -W ignore:setup.py install is deprecated setup.py develop --editable --build-directory /home/Gery/ME597_Lab/Lab3/ws1/build/sim_utils/build --no-deps symlink_data
[4.044s] Level 1:colcon.colcon_core.shell:create_environment_hook('task_4', 'pythonpath_develop')
[4.044s] INFO:colcon.colcon_core.shell:Creating environment hook '/home/Gery/ME597_Lab/Lab3/ws1/build/task_4/share/task_4/hook/pythonpath_develop.ps1'
[4.045s] INFO:colcon.colcon_core.shell:Creating environment descriptor '/home/Gery/ME597_Lab/Lab3/ws1/build/task_4/share/task_4/hook/pythonpath_develop.dsv'
[4.045s] INFO:colcon.colcon_core.shell:Creating environment hook '/home/Gery/ME597_Lab/Lab3/ws1/build/task_4/share/task_4/hook/pythonpath_develop.sh'
[4.052s] DEBUG:colcon.colcon_core.event_handler.log_command:Invoked command in '/home/Gery/ME597_Lab/Lab3/ws1/build/task_4' returned '0': PYTHONPATH=/home/Gery/ME597_Lab/Lab3/ws1/build/task_4/prefix_override:/usr/lib/python3/dist-packages/colcon_core/task/python/colcon_distutils_commands:/home/Gery/ME597_Lab/Lab3/ws1/install/task_4/lib/python3.10/site-packages:${PYTHONPATH} /usr/bin/python3 -W ignore:setup.py install is deprecated setup.py develop --editable --build-directory /home/Gery/ME597_Lab/Lab3/ws1/build/task_4/build --no-deps symlink_data
[4.053s] Level 1:colcon.colcon_core.environment:checking '/home/Gery/ME597_Lab/Lab3/ws1/install/task_4' for CMake module files
[4.053s] Level 1:colcon.colcon_core.environment:checking '/home/Gery/ME597_Lab/Lab3/ws1/install/task_4' for CMake config files
[4.057s] Level 1:colcon.colcon_core.environment:checking '/home/Gery/ME597_Lab/Lab3/ws1/install/task_4/lib'
[4.057s] Level 1:colcon.colcon_core.environment:checking '/home/Gery/ME597_Lab/Lab3/ws1/install/task_4/bin'
[4.057s] Level 1:colcon.colcon_core.environment:checking '/home/Gery/ME597_Lab/Lab3/ws1/install/task_4/lib/pkgconfig/task_4.pc'
[4.057s] Level 1:colcon.colcon_core.environment:checking '/home/Gery/ME597_Lab/Lab3/ws1/install/task_4/lib/python3.10/site-packages'
[4.058s] Level 1:colcon.colcon_core.shell:create_environment_hook('task_4', 'pythonpath')
[4.058s] INFO:colcon.colcon_core.shell:Creating environment hook '/home/Gery/ME597_Lab/Lab3/ws1/install/task_4/share/task_4/hook/pythonpath.ps1'
[4.058s] INFO:colcon.colcon_core.shell:Creating environment descriptor '/home/Gery/ME597_Lab/Lab3/ws1/install/task_4/share/task_4/hook/pythonpath.dsv'
[4.059s] INFO:colcon.colcon_core.shell:Creating environment hook '/home/Gery/ME597_Lab/Lab3/ws1/install/task_4/share/task_4/hook/pythonpath.sh'
[4.067s] Level 1:colcon.colcon_core.environment:checking '/home/Gery/ME597_Lab/Lab3/ws1/install/task_4/bin'
[4.067s] Level 1:colcon.colcon_core.environment:create_environment_scripts_only(task_4)
[4.068s] INFO:colcon.colcon_core.shell:Creating package script '/home/Gery/ME597_Lab/Lab3/ws1/install/task_4/share/task_4/package.ps1'
[4.070s] INFO:colcon.colcon_core.shell:Creating package descriptor '/home/Gery/ME597_Lab/Lab3/ws1/install/task_4/share/task_4/package.dsv'
[4.071s] INFO:colcon.colcon_core.shell:Creating package script '/home/Gery/ME597_Lab/Lab3/ws1/install/task_4/share/task_4/package.sh'
[4.072s] INFO:colcon.colcon_core.shell:Creating package script '/home/Gery/ME597_Lab/Lab3/ws1/install/task_4/share/task_4/package.bash'
[4.075s] INFO:colcon.colcon_core.shell:Creating package script '/home/Gery/ME597_Lab/Lab3/ws1/install/task_4/share/task_4/package.zsh'
[4.075s] Level 1:colcon.colcon_core.environment:create_file_with_runtime_dependencies(/home/Gery/ME597_Lab/Lab3/ws1/install/task_4/share/colcon-core/packages/task_4)
[4.338s] Level 1:colcon.colcon_core.shell:create_environment_hook('sim_utils', 'pythonpath_develop')
[4.338s] INFO:colcon.colcon_core.shell:Creating environment hook '/home/Gery/ME597_Lab/Lab3/ws1/build/sim_utils/share/sim_utils/hook/pythonpath_develop.ps1'
[4.340s] DEBUG:colcon.colcon_core.event_handler.log_command:Invoked command in '/home/Gery/ME597_Lab/Lab3/ws1/build/sim_utils' returned '0': PYTHONPATH=/home/Gery/ME597_Lab/Lab3/ws1/build/sim_utils/prefix_override:/usr/lib/python3/dist-packages/colcon_core/task/python/colcon_distutils_commands:/home/Gery/ME597_Lab/Lab3/ws1/install/sim_utils/lib/python3.10/site-packages:${PYTHONPATH} /usr/bin/python3 -W ignore:setup.py install is deprecated setup.py develop --editable --build-directory /home/Gery/ME597_Lab/Lab3/ws1/build/sim_utils/build --no-deps symlink_data
[4.342s] INFO:colcon.colcon_core.shell:Creating environment descriptor '/home/Gery/ME597_Lab/Lab3/ws1/build/sim_utils/share/sim_utils/hook/pythonpath_develop.dsv'
[4.343s] INFO:colcon.colcon_core.shell:Creating environment hook '/home/Gery/ME597_Lab/Lab3/ws1/build/sim_utils/share/sim_utils/hook/pythonpath_develop.sh'
[4.348s] Level 1:colcon.colcon_core.environment:checking '/home/Gery/ME597_Lab/Lab3/ws1/install/sim_utils' for CMake module files
[4.349s] Level 1:colcon.colcon_core.environment:checking '/home/Gery/ME597_Lab/Lab3/ws1/install/sim_utils' for CMake config files
[4.350s] Level 1:colcon.colcon_core.environment:checking '/home/Gery/ME597_Lab/Lab3/ws1/install/sim_utils/lib'
[4.350s] Level 1:colcon.colcon_core.environment:checking '/home/Gery/ME597_Lab/Lab3/ws1/install/sim_utils/bin'
[4.350s] Level 1:colcon.colcon_core.environment:checking '/home/Gery/ME597_Lab/Lab3/ws1/install/sim_utils/lib/pkgconfig/sim_utils.pc'
[4.350s] Level 1:colcon.colcon_core.environment:checking '/home/Gery/ME597_Lab/Lab3/ws1/install/sim_utils/lib/python3.10/site-packages'
[4.352s] Level 1:colcon.colcon_core.shell:create_environment_hook('sim_utils', 'pythonpath')
[4.352s] INFO:colcon.colcon_core.shell:Creating environment hook '/home/Gery/ME597_Lab/Lab3/ws1/install/sim_utils/share/sim_utils/hook/pythonpath.ps1'
[4.355s] INFO:colcon.colcon_core.shell:Creating environment descriptor '/home/Gery/ME597_Lab/Lab3/ws1/install/sim_utils/share/sim_utils/hook/pythonpath.dsv'
[4.356s] INFO:colcon.colcon_core.shell:Creating environment hook '/home/Gery/ME597_Lab/Lab3/ws1/install/sim_utils/share/sim_utils/hook/pythonpath.sh'
[4.356s] Level 1:colcon.colcon_core.environment:checking '/home/Gery/ME597_Lab/Lab3/ws1/install/sim_utils/bin'
[4.357s] Level 1:colcon.colcon_core.environment:create_environment_scripts_only(sim_utils)
[4.359s] INFO:colcon.colcon_core.shell:Creating package script '/home/Gery/ME597_Lab/Lab3/ws1/install/sim_utils/share/sim_utils/package.ps1'
[4.360s] INFO:colcon.colcon_core.shell:Creating package descriptor '/home/Gery/ME597_Lab/Lab3/ws1/install/sim_utils/share/sim_utils/package.dsv'
[4.361s] INFO:colcon.colcon_core.shell:Creating package script '/home/Gery/ME597_Lab/Lab3/ws1/install/sim_utils/share/sim_utils/package.sh'
[4.363s] INFO:colcon.colcon_core.shell:Creating package script '/home/Gery/ME597_Lab/Lab3/ws1/install/sim_utils/share/sim_utils/package.bash'
[4.364s] INFO:colcon.colcon_core.shell:Creating package script '/home/Gery/ME597_Lab/Lab3/ws1/install/sim_utils/share/sim_utils/package.zsh'
[4.365s] Level 1:colcon.colcon_core.environment:create_file_with_runtime_dependencies(/home/Gery/ME597_Lab/Lab3/ws1/install/sim_utils/share/colcon-core/packages/sim_utils)
[4.366s] DEBUG:colcon.colcon_parallel_executor.executor.parallel:closing loop
[4.366s] DEBUG:colcon.colcon_parallel_executor.executor.parallel:loop closed
[4.367s] DEBUG:colcon.colcon_parallel_executor.executor.parallel:run_until_complete finished with '0'
[4.367s] DEBUG:colcon.colcon_core.event_reactor:joining thread
[4.394s] INFO:colcon.colcon_core.plugin_system:Skipping extension 'colcon_notification.desktop_notification.terminal_notifier': Not used on non-Darwin systems
[4.395s] INFO:colcon.colcon_core.plugin_system:Skipping extension 'colcon_notification.desktop_notification.win32': Not used on non-Windows systems
[4.395s] INFO:colcon.colcon_notification.desktop_notification:Sending desktop notification using 'notify2'
[4.547s] DEBUG:colcon.colcon_core.event_reactor:joined thread
[4.547s] INFO:colcon.colcon_core.shell:Creating prefix script '/home/Gery/ME597_Lab/Lab3/ws1/install/local_setup.ps1'
[4.549s] INFO:colcon.colcon_core.shell:Creating prefix util module '/home/Gery/ME597_Lab/Lab3/ws1/install/_local_setup_util_ps1.py'
[4.553s] INFO:colcon.colcon_core.shell:Creating prefix chain script '/home/Gery/ME597_Lab/Lab3/ws1/install/setup.ps1'
[4.558s] INFO:colcon.colcon_core.shell:Creating prefix script '/home/Gery/ME597_Lab/Lab3/ws1/install/local_setup.sh'
[4.559s] INFO:colcon.colcon_core.shell:Creating prefix util module '/home/Gery/ME597_Lab/Lab3/ws1/install/_local_setup_util_sh.py'
[4.559s] INFO:colcon.colcon_core.shell:Creating prefix chain script '/home/Gery/ME597_Lab/Lab3/ws1/install/setup.sh'
[4.561s] INFO:colcon.colcon_core.shell:Creating prefix script '/home/Gery/ME597_Lab/Lab3/ws1/install/local_setup.bash'
[4.562s] INFO:colcon.colcon_core.shell:Creating prefix chain script '/home/Gery/ME597_Lab/Lab3/ws1/install/setup.bash'
[4.563s] INFO:colcon.colcon_core.shell:Creating prefix script '/home/Gery/ME597_Lab/Lab3/ws1/install/local_setup.zsh'
[4.564s] INFO:colcon.colcon_core.shell:Creating prefix chain script '/home/Gery/ME597_Lab/Lab3/ws1/install/setup.zsh'
