[0.334s] Invoking command in '/home/me597/me597/Lab1/ws1/build/tutorial_interfaces': CMAKE_PREFIX_PATH=${CMAKE_PREFIX_PATH}:/home/me597/me597/Lab1/ws1/install/task2:/home/me597/me597/Lab1/ws1/install/task1:/home/me597/ece569-fall2025/Lab1/ws1/install/mypubsub:/opt/ros/humble /usr/bin/cmake /home/me597/me597/Lab1/ws1/src/tutorial_interfaces -DAMENT_CMAKE_SYMLINK_INSTALL=1 -DCMAKE_INSTALL_PREFIX=/home/me597/me597/Lab1/ws1/install/tutorial_interfaces
[0.440s] -- The C compiler identification is GNU 11.4.0
[0.515s] -- The CXX compiler identification is GNU 11.4.0
[0.529s] -- Detecting C compiler ABI info
[0.628s] -- Detecting C compiler ABI info - done
[0.635s] -- Check for working C compiler: /usr/bin/cc - skipped
[0.637s] -- Detecting C compile features
[0.638s] -- Detecting C compile features - done
[0.641s] -- Detecting CXX compiler ABI info
[0.752s] -- Detecting CXX compiler ABI info - done
[0.762s] -- Check for working CXX compiler: /usr/bin/c++ - skipped
[0.763s] -- Detecting CXX compile features
[0.764s] -- Detecting CXX compile features - done
[0.773s] -- Found ament_cmake: 1.3.10 (/opt/ros/humble/share/ament_cmake/cmake)
[1.031s] -- Found Python3: /usr/bin/python3 (found version "3.10.12") found components: Interpreter 
[1.099s] -- Override CMake install command with custom implementation using symlinks instead of copying resources
[1.132s] -- Found ament_lint_auto: 0.12.11 (/opt/ros/humble/share/ament_lint_auto/cmake)
[1.219s] -- Found geometry_msgs: 4.2.4 (/opt/ros/humble/share/geometry_msgs/cmake)
[1.264s] -- Found rosidl_generator_c: 3.1.5 (/opt/ros/humble/share/rosidl_generator_c/cmake)
[1.271s] -- Found rosidl_adapter: 3.1.5 (/opt/ros/humble/share/rosidl_adapter/cmake)
[1.280s] -- Found rosidl_generator_cpp: 3.1.5 (/opt/ros/humble/share/rosidl_generator_cpp/cmake)
[1.297s] -- Using all available rosidl_typesupport_c: rosidl_typesupport_fastrtps_c;rosidl_typesupport_introspection_c
[1.318s] -- Using all available rosidl_typesupport_cpp: rosidl_typesupport_fastrtps_cpp;rosidl_typesupport_introspection_cpp
[1.361s] -- Found rosidl_default_generators: 1.2.0 (/opt/ros/humble/share/rosidl_default_generators/cmake)
[1.610s] -- Found ament_cmake_ros: 0.10.0 (/opt/ros/humble/share/ament_cmake_ros/cmake)
[2.081s] -- Using all available rosidl_typesupport_c: rosidl_typesupport_fastrtps_c;rosidl_typesupport_introspection_c
[2.297s] -- Using all available rosidl_typesupport_cpp: rosidl_typesupport_fastrtps_cpp;rosidl_typesupport_introspection_cpp
[2.331s] -- Found PythonInterp: /usr/bin/python3 (found suitable version "3.10.12", minimum required is "3.6") 
[2.331s] -- Found python_cmake_module: 0.10.0 (/opt/ros/humble/share/python_cmake_module/cmake)
[2.375s] -- Found PythonLibs: /usr/lib/x86_64-linux-gnu/libpython3.10.so (found suitable version "3.10.12", minimum required is "3.5") 
[2.375s] -- Using PYTHON_EXECUTABLE: /usr/bin/python3
[2.375s] -- Using PYTHON_INCLUDE_DIRS: /usr/include/python3.10
[2.375s] -- Using PYTHON_LIBRARIES: /usr/lib/x86_64-linux-gnu/libpython3.10.so
[2.419s] -- Found PythonExtra: .so  
[2.520s] -- Added test 'lint_cmake' to check CMake code style
[2.521s] -- Added test 'xmllint' to check XML markup files
[2.538s] -- Configuring done
[2.583s] -- Generating done
[2.586s] -- Build files have been written to: /home/me597/me597/Lab1/ws1/build/tutorial_interfaces
[2.603s] Invoked command in '/home/me597/me597/Lab1/ws1/build/tutorial_interfaces' returned '0': CMAKE_PREFIX_PATH=${CMAKE_PREFIX_PATH}:/home/me597/me597/Lab1/ws1/install/task2:/home/me597/me597/Lab1/ws1/install/task1:/home/me597/ece569-fall2025/Lab1/ws1/install/mypubsub:/opt/ros/humble /usr/bin/cmake /home/me597/me597/Lab1/ws1/src/tutorial_interfaces -DAMENT_CMAKE_SYMLINK_INSTALL=1 -DCMAKE_INSTALL_PREFIX=/home/me597/me597/Lab1/ws1/install/tutorial_interfaces
[2.604s] Invoking command in '/home/me597/me597/Lab1/ws1/build/tutorial_interfaces': CMAKE_PREFIX_PATH=${CMAKE_PREFIX_PATH}:/home/me597/me597/Lab1/ws1/install/task2:/home/me597/me597/Lab1/ws1/install/task1:/home/me597/ece569-fall2025/Lab1/ws1/install/mypubsub:/opt/ros/humble /usr/bin/cmake --build /home/me597/me597/Lab1/ws1/build/tutorial_interfaces -- -j4 -l4
[2.687s] [  2%] [34m[1mGenerating C++ code for ROS interfaces[0m
[2.700s] [  2%] Built target ament_cmake_python_symlink_tutorial_interfaces
[2.710s] [  4%] [34m[1mGenerating C code for ROS interfaces[0m
[3.269s] running egg_info
[3.270s] creating tutorial_interfaces.egg-info
[3.272s] writing tutorial_interfaces.egg-info/PKG-INFO
[3.273s] writing dependency_links to tutorial_interfaces.egg-info/dependency_links.txt
[3.276s] writing top-level names to tutorial_interfaces.egg-info/top_level.txt
[3.277s] writing manifest file 'tutorial_interfaces.egg-info/SOURCES.txt'
[3.278s] reading manifest file 'tutorial_interfaces.egg-info/SOURCES.txt'
[3.278s] writing manifest file 'tutorial_interfaces.egg-info/SOURCES.txt'
[3.301s] [  4%] Built target tutorial_interfaces__cpp
[3.342s] [  6%] [34m[1mGenerating C++ type support dispatch for ROS interfaces[0m
[3.353s] [  8%] [34m[1mGenerating C++ type support for eProsima Fast-RTPS[0m
[3.390s] [  8%] Built target ament_cmake_python_build_tutorial_interfaces_egg
[3.419s] [ 10%] [34m[1mGenerating C++ introspection for ROS interfaces[0m
[3.768s] [ 12%] [32mBuilding C object CMakeFiles/tutorial_interfaces__rosidl_generator_c.dir/rosidl_generator_c/tutorial_interfaces/msg/detail/num__functions.c.o[0m
[3.884s] [ 14%] [32mBuilding C object CMakeFiles/tutorial_interfaces__rosidl_generator_c.dir/rosidl_generator_c/tutorial_interfaces/msg/detail/sphere__functions.c.o[0m
[3.941s] [ 17%] [32mBuilding CXX object CMakeFiles/tutorial_interfaces__rosidl_typesupport_cpp.dir/rosidl_typesupport_cpp/tutorial_interfaces/msg/num__type_support.cpp.o[0m
[3.994s] [ 19%] [32mBuilding C object CMakeFiles/tutorial_interfaces__rosidl_generator_c.dir/rosidl_generator_c/tutorial_interfaces/srv/detail/add_three_ints__functions.c.o[0m
[4.153s] [ 21%] [32m[1mLinking C shared library libtutorial_interfaces__rosidl_generator_c.so[0m
[4.247s] [ 23%] [32mBuilding CXX object CMakeFiles/tutorial_interfaces__rosidl_typesupport_introspection_cpp.dir/rosidl_typesupport_introspection_cpp/tutorial_interfaces/msg/detail/num__type_support.cpp.o[0m
[4.290s] [ 23%] Built target tutorial_interfaces__rosidl_generator_c
[4.315s] [ 25%] [32mBuilding CXX object CMakeFiles/tutorial_interfaces__rosidl_typesupport_fastrtps_cpp.dir/rosidl_typesupport_fastrtps_cpp/tutorial_interfaces/msg/detail/dds_fastrtps/num__type_support.cpp.o[0m
[4.322s] [ 27%] [32mBuilding CXX object CMakeFiles/tutorial_interfaces__rosidl_typesupport_introspection_cpp.dir/rosidl_typesupport_introspection_cpp/tutorial_interfaces/msg/detail/sphere__type_support.cpp.o[0m
[5.021s] [ 29%] [32mBuilding CXX object CMakeFiles/tutorial_interfaces__rosidl_typesupport_cpp.dir/rosidl_typesupport_cpp/tutorial_interfaces/msg/sphere__type_support.cpp.o[0m
[5.508s] [ 31%] [32mBuilding CXX object CMakeFiles/tutorial_interfaces__rosidl_typesupport_introspection_cpp.dir/rosidl_typesupport_introspection_cpp/tutorial_interfaces/srv/detail/add_three_ints__type_support.cpp.o[0m
[5.734s] [ 34%] [32mBuilding CXX object CMakeFiles/tutorial_interfaces__rosidl_typesupport_cpp.dir/rosidl_typesupport_cpp/tutorial_interfaces/srv/add_three_ints__type_support.cpp.o[0m
[5.771s] [ 36%] [32mBuilding CXX object CMakeFiles/tutorial_interfaces__rosidl_typesupport_fastrtps_cpp.dir/rosidl_typesupport_fastrtps_cpp/tutorial_interfaces/msg/detail/dds_fastrtps/sphere__type_support.cpp.o[0m
[5.870s] [ 38%] [32mBuilding CXX object CMakeFiles/tutorial_interfaces__rosidl_typesupport_fastrtps_cpp.dir/rosidl_typesupport_fastrtps_cpp/tutorial_interfaces/srv/detail/dds_fastrtps/add_three_ints__type_support.cpp.o[0m
[6.448s] [ 40%] [32m[1mLinking CXX shared library libtutorial_interfaces__rosidl_typesupport_cpp.so[0m
[6.480s] [ 42%] [32m[1mLinking CXX shared library libtutorial_interfaces__rosidl_typesupport_introspection_cpp.so[0m
[6.578s] [ 42%] Built target tutorial_interfaces__rosidl_typesupport_cpp
[6.617s] [ 44%] [34m[1mGenerating C type support for eProsima Fast-RTPS[0m
[6.647s] [ 44%] Built target tutorial_interfaces__rosidl_typesupport_introspection_cpp
[6.692s] [ 46%] [34m[1mGenerating C introspection for ROS interfaces[0m
[6.999s] [ 48%] [34m[1mGenerating C type support dispatch for ROS interfaces[0m
[7.103s] [ 51%] [32m[1mLinking CXX shared library libtutorial_interfaces__rosidl_typesupport_fastrtps_cpp.so[0m
[7.271s] [ 51%] Built target tutorial_interfaces__rosidl_typesupport_fastrtps_cpp
[7.325s] [ 53%] [32mBuilding CXX object CMakeFiles/tutorial_interfaces__rosidl_typesupport_fastrtps_c.dir/rosidl_typesupport_fastrtps_c/tutorial_interfaces/msg/detail/num__type_support_c.cpp.o[0m
[7.341s] [ 55%] [32mBuilding CXX object CMakeFiles/tutorial_interfaces__rosidl_typesupport_fastrtps_c.dir/rosidl_typesupport_fastrtps_c/tutorial_interfaces/msg/detail/sphere__type_support_c.cpp.o[0m
[7.440s] [ 57%] [32mBuilding CXX object CMakeFiles/tutorial_interfaces__rosidl_typesupport_c.dir/rosidl_typesupport_c/tutorial_interfaces/msg/num__type_support.cpp.o[0m
[7.450s] [ 59%] [32mBuilding C object CMakeFiles/tutorial_interfaces__rosidl_typesupport_introspection_c.dir/rosidl_typesupport_introspection_c/tutorial_interfaces/msg/detail/num__type_support.c.o[0m
[7.516s] [ 61%] [32mBuilding CXX object CMakeFiles/tutorial_interfaces__rosidl_typesupport_c.dir/rosidl_typesupport_c/tutorial_interfaces/msg/sphere__type_support.cpp.o[0m
[7.526s] [ 63%] [32mBuilding C object CMakeFiles/tutorial_interfaces__rosidl_typesupport_introspection_c.dir/rosidl_typesupport_introspection_c/tutorial_interfaces/msg/detail/sphere__type_support.c.o[0m
[7.575s] [ 65%] [32mBuilding CXX object CMakeFiles/tutorial_interfaces__rosidl_typesupport_c.dir/rosidl_typesupport_c/tutorial_interfaces/srv/add_three_ints__type_support.cpp.o[0m
[7.624s] [ 68%] [32mBuilding C object CMakeFiles/tutorial_interfaces__rosidl_typesupport_introspection_c.dir/rosidl_typesupport_introspection_c/tutorial_interfaces/srv/detail/add_three_ints__type_support.c.o[0m
[7.631s] [ 70%] [32m[1mLinking CXX shared library libtutorial_interfaces__rosidl_typesupport_c.so[0m
[7.694s] [ 72%] [32m[1mLinking C shared library libtutorial_interfaces__rosidl_typesupport_introspection_c.so[0m
[7.712s] [ 72%] Built target tutorial_interfaces__rosidl_typesupport_c
[7.727s] [ 74%] [32mBuilding CXX object CMakeFiles/tutorial_interfaces__rosidl_typesupport_fastrtps_c.dir/rosidl_typesupport_fastrtps_c/tutorial_interfaces/srv/detail/add_three_ints__type_support_c.cpp.o[0m
[7.771s] [ 74%] Built target tutorial_interfaces__rosidl_typesupport_introspection_c
[8.087s] [ 76%] [32m[1mLinking CXX shared library libtutorial_interfaces__rosidl_typesupport_fastrtps_c.so[0m
[8.173s] [ 76%] Built target tutorial_interfaces__rosidl_typesupport_fastrtps_c
[8.214s] [ 76%] Built target tutorial_interfaces
[8.243s] [ 78%] [34m[1mGenerating Python code for ROS interfaces[0m
[8.800s] [ 78%] Built target tutorial_interfaces__py
[8.826s] [ 85%] [32mBuilding C object CMakeFiles/tutorial_interfaces__rosidl_generator_py.dir/rosidl_generator_py/tutorial_interfaces/msg/_sphere_s.c.o[0m
[8.827s] [ 85%] [32mBuilding C object CMakeFiles/tutorial_interfaces__rosidl_generator_py.dir/rosidl_generator_py/tutorial_interfaces/srv/_add_three_ints_s.c.o[0m
[8.827s] [ 85%] [32mBuilding C object CMakeFiles/tutorial_interfaces__rosidl_generator_py.dir/rosidl_generator_py/tutorial_interfaces/msg/_num_s.c.o[0m
[8.959s] [ 87%] [32m[1mLinking C shared library rosidl_generator_py/tutorial_interfaces/libtutorial_interfaces__rosidl_generator_py.so[0m
[9.014s] [ 87%] Built target tutorial_interfaces__rosidl_generator_py
[9.043s] [ 89%] [32mBuilding C object CMakeFiles/tutorial_interfaces__rosidl_typesupport_fastrtps_c__pyext.dir/rosidl_generator_py/tutorial_interfaces/_tutorial_interfaces_s.ep.rosidl_typesupport_fastrtps_c.c.o[0m
[9.044s] [ 91%] [32mBuilding C object CMakeFiles/tutorial_interfaces__rosidl_typesupport_introspection_c__pyext.dir/rosidl_generator_py/tutorial_interfaces/_tutorial_interfaces_s.ep.rosidl_typesupport_introspection_c.c.o[0m
[9.050s] [ 93%] [32mBuilding C object CMakeFiles/tutorial_interfaces__rosidl_typesupport_c__pyext.dir/rosidl_generator_py/tutorial_interfaces/_tutorial_interfaces_s.ep.rosidl_typesupport_c.c.o[0m
[9.171s] [ 95%] [32m[1mLinking C shared library rosidl_generator_py/tutorial_interfaces/tutorial_interfaces_s__rosidl_typesupport_fastrtps_c.cpython-310-x86_64-linux-gnu.so[0m
[9.180s] [ 97%] [32m[1mLinking C shared library rosidl_generator_py/tutorial_interfaces/tutorial_interfaces_s__rosidl_typesupport_c.cpython-310-x86_64-linux-gnu.so[0m
[9.182s] [100%] [32m[1mLinking C shared library rosidl_generator_py/tutorial_interfaces/tutorial_interfaces_s__rosidl_typesupport_introspection_c.cpython-310-x86_64-linux-gnu.so[0m
[9.233s] [100%] Built target tutorial_interfaces__rosidl_typesupport_fastrtps_c__pyext
[9.242s] [100%] Built target tutorial_interfaces__rosidl_typesupport_c__pyext
[9.252s] [100%] Built target tutorial_interfaces__rosidl_typesupport_introspection_c__pyext
[9.271s] Invoked command in '/home/me597/me597/Lab1/ws1/build/tutorial_interfaces' returned '0': CMAKE_PREFIX_PATH=${CMAKE_PREFIX_PATH}:/home/me597/me597/Lab1/ws1/install/task2:/home/me597/me597/Lab1/ws1/install/task1:/home/me597/ece569-fall2025/Lab1/ws1/install/mypubsub:/opt/ros/humble /usr/bin/cmake --build /home/me597/me597/Lab1/ws1/build/tutorial_interfaces -- -j4 -l4
[9.467s] Invoking command in '/home/me597/me597/Lab1/ws1/build/tutorial_interfaces': CMAKE_PREFIX_PATH=${CMAKE_PREFIX_PATH}:/home/me597/me597/Lab1/ws1/install/task2:/home/me597/me597/Lab1/ws1/install/task1:/home/me597/ece569-fall2025/Lab1/ws1/install/mypubsub:/opt/ros/humble /usr/bin/cmake --install /home/me597/me597/Lab1/ws1/build/tutorial_interfaces
[9.475s] -- Install configuration: ""
[9.476s] -- Execute custom install script
[9.476s] -- Symlinking: /home/me597/me597/Lab1/ws1/install/tutorial_interfaces/share/ament_index/resource_index/rosidl_interfaces/tutorial_interfaces
[9.487s] -- Symlinking: /home/me597/me597/Lab1/ws1/install/tutorial_interfaces/include/tutorial_interfaces/tutorial_interfaces/msg/detail/num__functions.h
[9.498s] -- Symlinking: /home/me597/me597/Lab1/ws1/install/tutorial_interfaces/include/tutorial_interfaces/tutorial_interfaces/msg/detail/num__struct.h
[9.510s] -- Symlinking: /home/me597/me597/Lab1/ws1/install/tutorial_interfaces/include/tutorial_interfaces/tutorial_interfaces/msg/detail/num__type_support.h
[9.522s] -- Symlinking: /home/me597/me597/Lab1/ws1/install/tutorial_interfaces/include/tutorial_interfaces/tutorial_interfaces/msg/detail/sphere__functions.h
[9.532s] -- Symlinking: /home/me597/me597/Lab1/ws1/install/tutorial_interfaces/include/tutorial_interfaces/tutorial_interfaces/msg/detail/sphere__struct.h
[9.542s] -- Symlinking: /home/me597/me597/Lab1/ws1/install/tutorial_interfaces/include/tutorial_interfaces/tutorial_interfaces/msg/detail/sphere__type_support.h
[9.552s] -- Symlinking: /home/me597/me597/Lab1/ws1/install/tutorial_interfaces/include/tutorial_interfaces/tutorial_interfaces/msg/num.h
[9.562s] -- Symlinking: /home/me597/me597/Lab1/ws1/install/tutorial_interfaces/include/tutorial_interfaces/tutorial_interfaces/msg/rosidl_generator_c__visibility_control.h
[9.573s] -- Symlinking: /home/me597/me597/Lab1/ws1/install/tutorial_interfaces/include/tutorial_interfaces/tutorial_interfaces/msg/sphere.h
[9.582s] -- Symlinking: /home/me597/me597/Lab1/ws1/install/tutorial_interfaces/include/tutorial_interfaces/tutorial_interfaces/srv/add_three_ints.h
[9.593s] -- Symlinking: /home/me597/me597/Lab1/ws1/install/tutorial_interfaces/include/tutorial_interfaces/tutorial_interfaces/srv/detail/add_three_ints__functions.h
[9.602s] -- Symlinking: /home/me597/me597/Lab1/ws1/install/tutorial_interfaces/include/tutorial_interfaces/tutorial_interfaces/srv/detail/add_three_ints__struct.h
[9.614s] -- Symlinking: /home/me597/me597/Lab1/ws1/install/tutorial_interfaces/include/tutorial_interfaces/tutorial_interfaces/srv/detail/add_three_ints__type_support.h
[9.625s] -- Symlinking: /home/me597/me597/Lab1/ws1/install/tutorial_interfaces/share/tutorial_interfaces/environment/library_path.sh
[9.637s] -- Symlinking: /home/me597/me597/Lab1/ws1/install/tutorial_interfaces/share/tutorial_interfaces/environment/library_path.dsv
[9.647s] -- Symlinking: /home/me597/me597/Lab1/ws1/install/tutorial_interfaces/include/tutorial_interfaces/tutorial_interfaces/msg/detail/num__rosidl_typesupport_fastrtps_c.h
[9.657s] -- Symlinking: /home/me597/me597/Lab1/ws1/install/tutorial_interfaces/include/tutorial_interfaces/tutorial_interfaces/msg/detail/sphere__rosidl_typesupport_fastrtps_c.h
[9.666s] -- Symlinking: /home/me597/me597/Lab1/ws1/install/tutorial_interfaces/include/tutorial_interfaces/tutorial_interfaces/msg/rosidl_typesupport_fastrtps_c__visibility_control.h
[9.676s] -- Symlinking: /home/me597/me597/Lab1/ws1/install/tutorial_interfaces/include/tutorial_interfaces/tutorial_interfaces/srv/detail/add_three_ints__rosidl_typesupport_fastrtps_c.h
[9.688s] -- Symlinking: /home/me597/me597/Lab1/ws1/install/tutorial_interfaces/include/tutorial_interfaces/tutorial_interfaces/msg/detail/num__builder.hpp
[9.704s] -- Symlinking: /home/me597/me597/Lab1/ws1/install/tutorial_interfaces/include/tutorial_interfaces/tutorial_interfaces/msg/detail/num__struct.hpp
[9.717s] -- Symlinking: /home/me597/me597/Lab1/ws1/install/tutorial_interfaces/include/tutorial_interfaces/tutorial_interfaces/msg/detail/num__traits.hpp
[9.732s] -- Symlinking: /home/me597/me597/Lab1/ws1/install/tutorial_interfaces/include/tutorial_interfaces/tutorial_interfaces/msg/detail/sphere__builder.hpp
[9.745s] -- Symlinking: /home/me597/me597/Lab1/ws1/install/tutorial_interfaces/include/tutorial_interfaces/tutorial_interfaces/msg/detail/sphere__struct.hpp
[9.760s] -- Symlinking: /home/me597/me597/Lab1/ws1/install/tutorial_interfaces/include/tutorial_interfaces/tutorial_interfaces/msg/detail/sphere__traits.hpp
[9.771s] -- Symlinking: /home/me597/me597/Lab1/ws1/install/tutorial_interfaces/include/tutorial_interfaces/tutorial_interfaces/msg/num.hpp
[9.789s] -- Symlinking: /home/me597/me597/Lab1/ws1/install/tutorial_interfaces/include/tutorial_interfaces/tutorial_interfaces/msg/sphere.hpp
[9.807s] -- Symlinking: /home/me597/me597/Lab1/ws1/install/tutorial_interfaces/include/tutorial_interfaces/tutorial_interfaces/srv/add_three_ints.hpp
[9.825s] -- Symlinking: /home/me597/me597/Lab1/ws1/install/tutorial_interfaces/include/tutorial_interfaces/tutorial_interfaces/srv/detail/add_three_ints__builder.hpp
[9.840s] -- Symlinking: /home/me597/me597/Lab1/ws1/install/tutorial_interfaces/include/tutorial_interfaces/tutorial_interfaces/srv/detail/add_three_ints__struct.hpp
[9.852s] -- Symlinking: /home/me597/me597/Lab1/ws1/install/tutorial_interfaces/include/tutorial_interfaces/tutorial_interfaces/srv/detail/add_three_ints__traits.hpp
[9.865s] -- Symlinking: /home/me597/me597/Lab1/ws1/install/tutorial_interfaces/include/tutorial_interfaces/tutorial_interfaces/msg/detail/num__rosidl_typesupport_fastrtps_cpp.hpp
[9.877s] -- Symlinking: /home/me597/me597/Lab1/ws1/install/tutorial_interfaces/include/tutorial_interfaces/tutorial_interfaces/msg/detail/sphere__rosidl_typesupport_fastrtps_cpp.hpp
[9.891s] -- Symlinking: /home/me597/me597/Lab1/ws1/install/tutorial_interfaces/include/tutorial_interfaces/tutorial_interfaces/msg/rosidl_typesupport_fastrtps_cpp__visibility_control.h
[9.905s] -- Symlinking: /home/me597/me597/Lab1/ws1/install/tutorial_interfaces/include/tutorial_interfaces/tutorial_interfaces/srv/detail/add_three_ints__rosidl_typesupport_fastrtps_cpp.hpp
[9.920s] -- Symlinking: /home/me597/me597/Lab1/ws1/install/tutorial_interfaces/include/tutorial_interfaces/tutorial_interfaces/msg/detail/num__rosidl_typesupport_introspection_c.h
[9.930s] -- Symlinking: /home/me597/me597/Lab1/ws1/install/tutorial_interfaces/include/tutorial_interfaces/tutorial_interfaces/msg/detail/sphere__rosidl_typesupport_introspection_c.h
[9.941s] -- Symlinking: /home/me597/me597/Lab1/ws1/install/tutorial_interfaces/include/tutorial_interfaces/tutorial_interfaces/msg/rosidl_typesupport_introspection_c__visibility_control.h
[9.952s] -- Symlinking: /home/me597/me597/Lab1/ws1/install/tutorial_interfaces/include/tutorial_interfaces/tutorial_interfaces/srv/detail/add_three_ints__rosidl_typesupport_introspection_c.h
[9.963s] -- Symlinking: /home/me597/me597/Lab1/ws1/install/tutorial_interfaces/include/tutorial_interfaces/tutorial_interfaces/msg/detail/num__rosidl_typesupport_introspection_cpp.hpp
[9.972s] -- Symlinking: /home/me597/me597/Lab1/ws1/install/tutorial_interfaces/include/tutorial_interfaces/tutorial_interfaces/msg/detail/sphere__rosidl_typesupport_introspection_cpp.hpp
[9.983s] -- Symlinking: /home/me597/me597/Lab1/ws1/install/tutorial_interfaces/include/tutorial_interfaces/tutorial_interfaces/srv/detail/add_three_ints__rosidl_typesupport_introspection_cpp.hpp
[9.993s] -- Symlinking: /home/me597/me597/Lab1/ws1/install/tutorial_interfaces/share/tutorial_interfaces/environment/pythonpath.sh
[10.003s] -- Symlinking: /home/me597/me597/Lab1/ws1/install/tutorial_interfaces/share/tutorial_interfaces/environment/pythonpath.dsv
[10.014s] -- Symlinking: /home/me597/me597/Lab1/ws1/install/tutorial_interfaces/local/lib/python3.10/dist-packages/tutorial_interfaces-0.0.0-py3.10.egg-info/PKG-INFO
[10.023s] -- Symlinking: /home/me597/me597/Lab1/ws1/install/tutorial_interfaces/local/lib/python3.10/dist-packages/tutorial_interfaces-0.0.0-py3.10.egg-info/SOURCES.txt
[10.033s] -- Symlinking: /home/me597/me597/Lab1/ws1/install/tutorial_interfaces/local/lib/python3.10/dist-packages/tutorial_interfaces-0.0.0-py3.10.egg-info/dependency_links.txt
[10.043s] -- Symlinking: /home/me597/me597/Lab1/ws1/install/tutorial_interfaces/local/lib/python3.10/dist-packages/tutorial_interfaces-0.0.0-py3.10.egg-info/top_level.txt
[10.054s] -- Symlinking: /home/me597/me597/Lab1/ws1/install/tutorial_interfaces/local/lib/python3.10/dist-packages/tutorial_interfaces/__init__.py
[10.067s] -- Symlinking: /home/me597/me597/Lab1/ws1/install/tutorial_interfaces/local/lib/python3.10/dist-packages/tutorial_interfaces/_tutorial_interfaces_s.ep.rosidl_typesupport_c.c
[10.074s] -- Symlinking: /home/me597/me597/Lab1/ws1/install/tutorial_interfaces/local/lib/python3.10/dist-packages/tutorial_interfaces/_tutorial_interfaces_s.ep.rosidl_typesupport_fastrtps_c.c
[10.084s] -- Symlinking: /home/me597/me597/Lab1/ws1/install/tutorial_interfaces/local/lib/python3.10/dist-packages/tutorial_interfaces/_tutorial_interfaces_s.ep.rosidl_typesupport_introspection_c.c
[10.098s] -- Symlinking: /home/me597/me597/Lab1/ws1/install/tutorial_interfaces/local/lib/python3.10/dist-packages/tutorial_interfaces/libtutorial_interfaces__rosidl_generator_py.so
[10.107s] -- Symlinking: /home/me597/me597/Lab1/ws1/install/tutorial_interfaces/local/lib/python3.10/dist-packages/tutorial_interfaces/msg/__init__.py
[10.119s] -- Symlinking: /home/me597/me597/Lab1/ws1/install/tutorial_interfaces/local/lib/python3.10/dist-packages/tutorial_interfaces/msg/_num.py
[10.132s] -- Symlinking: /home/me597/me597/Lab1/ws1/install/tutorial_interfaces/local/lib/python3.10/dist-packages/tutorial_interfaces/msg/_num_s.c
[10.144s] -- Symlinking: /home/me597/me597/Lab1/ws1/install/tutorial_interfaces/local/lib/python3.10/dist-packages/tutorial_interfaces/msg/_sphere.py
[10.156s] -- Symlinking: /home/me597/me597/Lab1/ws1/install/tutorial_interfaces/local/lib/python3.10/dist-packages/tutorial_interfaces/msg/_sphere_s.c
[10.169s] -- Symlinking: /home/me597/me597/Lab1/ws1/install/tutorial_interfaces/local/lib/python3.10/dist-packages/tutorial_interfaces/srv/__init__.py
[10.185s] -- Symlinking: /home/me597/me597/Lab1/ws1/install/tutorial_interfaces/local/lib/python3.10/dist-packages/tutorial_interfaces/srv/_add_three_ints.py
[10.199s] -- Symlinking: /home/me597/me597/Lab1/ws1/install/tutorial_interfaces/local/lib/python3.10/dist-packages/tutorial_interfaces/srv/_add_three_ints_s.c
[10.213s] -- Symlinking: /home/me597/me597/Lab1/ws1/install/tutorial_interfaces/local/lib/python3.10/dist-packages/tutorial_interfaces/tutorial_interfaces_s__rosidl_typesupport_c.cpython-310-x86_64-linux-gnu.so
[10.225s] -- Symlinking: /home/me597/me597/Lab1/ws1/install/tutorial_interfaces/local/lib/python3.10/dist-packages/tutorial_interfaces/tutorial_interfaces_s__rosidl_typesupport_fastrtps_c.cpython-310-x86_64-linux-gnu.so
[10.238s] -- Symlinking: /home/me597/me597/Lab1/ws1/install/tutorial_interfaces/local/lib/python3.10/dist-packages/tutorial_interfaces/tutorial_interfaces_s__rosidl_typesupport_introspection_c.cpython-310-x86_64-linux-gnu.so
[10.251s] -- Up-to-date symlink: /home/me597/me597/Lab1/ws1/install/tutorial_interfaces/local/lib/python3.10/dist-packages/tutorial_interfaces/tutorial_interfaces_s__rosidl_typesupport_fastrtps_c.cpython-310-x86_64-linux-gnu.so
[10.252s] -- Up-to-date symlink: /home/me597/me597/Lab1/ws1/install/tutorial_interfaces/local/lib/python3.10/dist-packages/tutorial_interfaces/tutorial_interfaces_s__rosidl_typesupport_introspection_c.cpython-310-x86_64-linux-gnu.so
[10.252s] -- Up-to-date symlink: /home/me597/me597/Lab1/ws1/install/tutorial_interfaces/local/lib/python3.10/dist-packages/tutorial_interfaces/tutorial_interfaces_s__rosidl_typesupport_c.cpython-310-x86_64-linux-gnu.so
[10.252s] -- Symlinking: /home/me597/me597/Lab1/ws1/install/tutorial_interfaces/share/tutorial_interfaces/msg/Num.idl
[10.269s] -- Symlinking: /home/me597/me597/Lab1/ws1/install/tutorial_interfaces/share/tutorial_interfaces/msg/Sphere.idl
[10.288s] -- Symlinking: /home/me597/me597/Lab1/ws1/install/tutorial_interfaces/share/tutorial_interfaces/srv/AddThreeInts.idl
[10.303s] -- Symlinking: /home/me597/me597/Lab1/ws1/install/tutorial_interfaces/share/tutorial_interfaces/msg/Num.msg
[10.319s] -- Symlinking: /home/me597/me597/Lab1/ws1/install/tutorial_interfaces/share/tutorial_interfaces/msg/Sphere.msg
[10.335s] -- Symlinking: /home/me597/me597/Lab1/ws1/install/tutorial_interfaces/share/tutorial_interfaces/srv/AddThreeInts.srv
[10.353s] -- Symlinking: /home/me597/me597/Lab1/ws1/install/tutorial_interfaces/share/tutorial_interfaces/srv/AddThreeInts_Request.msg
[10.369s] -- Symlinking: /home/me597/me597/Lab1/ws1/install/tutorial_interfaces/share/tutorial_interfaces/srv/AddThreeInts_Response.msg
[10.383s] -- Symlinking: /home/me597/me597/Lab1/ws1/install/tutorial_interfaces/share/ament_index/resource_index/package_run_dependencies/tutorial_interfaces
[10.396s] -- Symlinking: /home/me597/me597/Lab1/ws1/install/tutorial_interfaces/share/ament_index/resource_index/parent_prefix_path/tutorial_interfaces
[10.414s] -- Symlinking: /home/me597/me597/Lab1/ws1/install/tutorial_interfaces/share/tutorial_interfaces/environment/ament_prefix_path.sh
[10.429s] -- Symlinking: /home/me597/me597/Lab1/ws1/install/tutorial_interfaces/share/tutorial_interfaces/environment/ament_prefix_path.dsv
[10.443s] -- Symlinking: /home/me597/me597/Lab1/ws1/install/tutorial_interfaces/share/tutorial_interfaces/environment/path.sh
[10.457s] -- Symlinking: /home/me597/me597/Lab1/ws1/install/tutorial_interfaces/share/tutorial_interfaces/environment/path.dsv
[10.469s] -- Symlinking: /home/me597/me597/Lab1/ws1/install/tutorial_interfaces/share/tutorial_interfaces/local_setup.bash
[10.482s] -- Symlinking: /home/me597/me597/Lab1/ws1/install/tutorial_interfaces/share/tutorial_interfaces/local_setup.sh
[10.494s] -- Symlinking: /home/me597/me597/Lab1/ws1/install/tutorial_interfaces/share/tutorial_interfaces/local_setup.zsh
[10.506s] -- Symlinking: /home/me597/me597/Lab1/ws1/install/tutorial_interfaces/share/tutorial_interfaces/local_setup.dsv
[10.518s] -- Symlinking: /home/me597/me597/Lab1/ws1/install/tutorial_interfaces/share/tutorial_interfaces/package.dsv
[10.530s] -- Symlinking: /home/me597/me597/Lab1/ws1/install/tutorial_interfaces/share/ament_index/resource_index/packages/tutorial_interfaces
[10.541s] -- Symlinking: /home/me597/me597/Lab1/ws1/install/tutorial_interfaces/share/tutorial_interfaces/cmake/rosidl_cmake-extras.cmake
[10.552s] -- Symlinking: /home/me597/me597/Lab1/ws1/install/tutorial_interfaces/share/tutorial_interfaces/cmake/ament_cmake_export_dependencies-extras.cmake
[10.563s] -- Symlinking: /home/me597/me597/Lab1/ws1/install/tutorial_interfaces/share/tutorial_interfaces/cmake/ament_cmake_export_include_directories-extras.cmake
[10.572s] -- Symlinking: /home/me597/me597/Lab1/ws1/install/tutorial_interfaces/share/tutorial_interfaces/cmake/ament_cmake_export_libraries-extras.cmake
[10.582s] -- Symlinking: /home/me597/me597/Lab1/ws1/install/tutorial_interfaces/share/tutorial_interfaces/cmake/ament_cmake_export_targets-extras.cmake
[10.593s] -- Symlinking: /home/me597/me597/Lab1/ws1/install/tutorial_interfaces/share/tutorial_interfaces/cmake/rosidl_cmake_export_typesupport_targets-extras.cmake
[10.604s] -- Symlinking: /home/me597/me597/Lab1/ws1/install/tutorial_interfaces/share/tutorial_interfaces/cmake/rosidl_cmake_export_typesupport_libraries-extras.cmake
[10.616s] -- Symlinking: /home/me597/me597/Lab1/ws1/install/tutorial_interfaces/share/tutorial_interfaces/cmake/tutorial_interfacesConfig.cmake
[10.629s] -- Symlinking: /home/me597/me597/Lab1/ws1/install/tutorial_interfaces/share/tutorial_interfaces/cmake/tutorial_interfacesConfig-version.cmake
[10.640s] -- Symlinking: /home/me597/me597/Lab1/ws1/install/tutorial_interfaces/share/tutorial_interfaces/package.xml
[10.652s] -- Installing: /home/me597/me597/Lab1/ws1/install/tutorial_interfaces/lib/libtutorial_interfaces__rosidl_generator_c.so
[10.652s] -- Set runtime path of "/home/me597/me597/Lab1/ws1/install/tutorial_interfaces/lib/libtutorial_interfaces__rosidl_generator_c.so" to ""
[10.652s] -- Installing: /home/me597/me597/Lab1/ws1/install/tutorial_interfaces/lib/libtutorial_interfaces__rosidl_typesupport_fastrtps_c.so
[10.652s] -- Set runtime path of "/home/me597/me597/Lab1/ws1/install/tutorial_interfaces/lib/libtutorial_interfaces__rosidl_typesupport_fastrtps_c.so" to ""
[10.652s] -- Installing: /home/me597/me597/Lab1/ws1/install/tutorial_interfaces/lib/libtutorial_interfaces__rosidl_typesupport_fastrtps_cpp.so
[10.653s] -- Set runtime path of "/home/me597/me597/Lab1/ws1/install/tutorial_interfaces/lib/libtutorial_interfaces__rosidl_typesupport_fastrtps_cpp.so" to ""
[10.653s] -- Installing: /home/me597/me597/Lab1/ws1/install/tutorial_interfaces/lib/libtutorial_interfaces__rosidl_typesupport_introspection_c.so
[10.655s] -- Set runtime path of "/home/me597/me597/Lab1/ws1/install/tutorial_interfaces/lib/libtutorial_interfaces__rosidl_typesupport_introspection_c.so" to ""
[10.655s] -- Installing: /home/me597/me597/Lab1/ws1/install/tutorial_interfaces/lib/libtutorial_interfaces__rosidl_typesupport_c.so
[10.656s] -- Set runtime path of "/home/me597/me597/Lab1/ws1/install/tutorial_interfaces/lib/libtutorial_interfaces__rosidl_typesupport_c.so" to ""
[10.656s] -- Installing: /home/me597/me597/Lab1/ws1/install/tutorial_interfaces/lib/libtutorial_interfaces__rosidl_typesupport_introspection_cpp.so
[10.656s] -- Set runtime path of "/home/me597/me597/Lab1/ws1/install/tutorial_interfaces/lib/libtutorial_interfaces__rosidl_typesupport_introspection_cpp.so" to ""
[10.656s] -- Installing: /home/me597/me597/Lab1/ws1/install/tutorial_interfaces/lib/libtutorial_interfaces__rosidl_typesupport_cpp.so
[10.656s] -- Set runtime path of "/home/me597/me597/Lab1/ws1/install/tutorial_interfaces/lib/libtutorial_interfaces__rosidl_typesupport_cpp.so" to ""
[10.695s] Listing '/home/me597/me597/Lab1/ws1/install/tutorial_interfaces/local/lib/python3.10/dist-packages/tutorial_interfaces'...
[10.695s] Compiling '/home/me597/me597/Lab1/ws1/install/tutorial_interfaces/local/lib/python3.10/dist-packages/tutorial_interfaces/__init__.py'...
[10.695s] Listing '/home/me597/me597/Lab1/ws1/install/tutorial_interfaces/local/lib/python3.10/dist-packages/tutorial_interfaces/msg'...
[10.695s] Compiling '/home/me597/me597/Lab1/ws1/install/tutorial_interfaces/local/lib/python3.10/dist-packages/tutorial_interfaces/msg/__init__.py'...
[10.696s] Compiling '/home/me597/me597/Lab1/ws1/install/tutorial_interfaces/local/lib/python3.10/dist-packages/tutorial_interfaces/msg/_num.py'...
[10.696s] Compiling '/home/me597/me597/Lab1/ws1/install/tutorial_interfaces/local/lib/python3.10/dist-packages/tutorial_interfaces/msg/_sphere.py'...
[10.696s] Listing '/home/me597/me597/Lab1/ws1/install/tutorial_interfaces/local/lib/python3.10/dist-packages/tutorial_interfaces/srv'...
[10.696s] Compiling '/home/me597/me597/Lab1/ws1/install/tutorial_interfaces/local/lib/python3.10/dist-packages/tutorial_interfaces/srv/__init__.py'...
[10.696s] Compiling '/home/me597/me597/Lab1/ws1/install/tutorial_interfaces/local/lib/python3.10/dist-packages/tutorial_interfaces/srv/_add_three_ints.py'...
[10.701s] -- Installing: /home/me597/me597/Lab1/ws1/install/tutorial_interfaces/lib/libtutorial_interfaces__rosidl_generator_py.so
[10.702s] -- Set runtime path of "/home/me597/me597/Lab1/ws1/install/tutorial_interfaces/lib/libtutorial_interfaces__rosidl_generator_py.so" to ""
[10.702s] -- Installing: /home/me597/me597/Lab1/ws1/install/tutorial_interfaces/share/tutorial_interfaces/cmake/export_tutorial_interfaces__rosidl_generator_cExport.cmake
[10.702s] -- Installing: /home/me597/me597/Lab1/ws1/install/tutorial_interfaces/share/tutorial_interfaces/cmake/export_tutorial_interfaces__rosidl_generator_cExport-noconfig.cmake
[10.702s] -- Installing: /home/me597/me597/Lab1/ws1/install/tutorial_interfaces/share/tutorial_interfaces/cmake/export_tutorial_interfaces__rosidl_typesupport_fastrtps_cExport.cmake
[10.703s] -- Installing: /home/me597/me597/Lab1/ws1/install/tutorial_interfaces/share/tutorial_interfaces/cmake/export_tutorial_interfaces__rosidl_typesupport_fastrtps_cExport-noconfig.cmake
[10.703s] -- Installing: /home/me597/me597/Lab1/ws1/install/tutorial_interfaces/share/tutorial_interfaces/cmake/export_tutorial_interfaces__rosidl_generator_cppExport.cmake
[10.703s] -- Installing: /home/me597/me597/Lab1/ws1/install/tutorial_interfaces/share/tutorial_interfaces/cmake/export_tutorial_interfaces__rosidl_typesupport_fastrtps_cppExport.cmake
[10.703s] -- Installing: /home/me597/me597/Lab1/ws1/install/tutorial_interfaces/share/tutorial_interfaces/cmake/export_tutorial_interfaces__rosidl_typesupport_fastrtps_cppExport-noconfig.cmake
[10.703s] -- Installing: /home/me597/me597/Lab1/ws1/install/tutorial_interfaces/share/tutorial_interfaces/cmake/tutorial_interfaces__rosidl_typesupport_introspection_cExport.cmake
[10.704s] -- Installing: /home/me597/me597/Lab1/ws1/install/tutorial_interfaces/share/tutorial_interfaces/cmake/tutorial_interfaces__rosidl_typesupport_introspection_cExport-noconfig.cmake
[10.706s] -- Installing: /home/me597/me597/Lab1/ws1/install/tutorial_interfaces/share/tutorial_interfaces/cmake/tutorial_interfaces__rosidl_typesupport_cExport.cmake
[10.706s] -- Installing: /home/me597/me597/Lab1/ws1/install/tutorial_interfaces/share/tutorial_interfaces/cmake/tutorial_interfaces__rosidl_typesupport_cExport-noconfig.cmake
[10.706s] -- Installing: /home/me597/me597/Lab1/ws1/install/tutorial_interfaces/share/tutorial_interfaces/cmake/tutorial_interfaces__rosidl_typesupport_introspection_cppExport.cmake
[10.706s] -- Installing: /home/me597/me597/Lab1/ws1/install/tutorial_interfaces/share/tutorial_interfaces/cmake/tutorial_interfaces__rosidl_typesupport_introspection_cppExport-noconfig.cmake
[10.706s] -- Installing: /home/me597/me597/Lab1/ws1/install/tutorial_interfaces/share/tutorial_interfaces/cmake/tutorial_interfaces__rosidl_typesupport_cppExport.cmake
[10.706s] -- Installing: /home/me597/me597/Lab1/ws1/install/tutorial_interfaces/share/tutorial_interfaces/cmake/tutorial_interfaces__rosidl_typesupport_cppExport-noconfig.cmake
[10.706s] -- Installing: /home/me597/me597/Lab1/ws1/install/tutorial_interfaces/share/tutorial_interfaces/cmake/export_tutorial_interfaces__rosidl_generator_pyExport.cmake
[10.706s] -- Installing: /home/me597/me597/Lab1/ws1/install/tutorial_interfaces/share/tutorial_interfaces/cmake/export_tutorial_interfaces__rosidl_generator_pyExport-noconfig.cmake
