[0.909s] Invoking command in '/home/Gery/ME597_Lab/Lab4/ws1/build/vision_opencv': AMENT_PREFIX_PATH=/home/Gery/ME597_Lab/Lab4/ws1/install/image_geometry:/home/Gery/ME597_Lab/Lab4/ws1/install/cv_bridge:${AMENT_PREFIX_PATH} CMAKE_PREFIX_PATH=/home/Gery/ME597_Lab/Lab4/ws1/install/image_geometry:/home/Gery/ME597_Lab/Lab4/ws1/install/cv_bridge:/opt/ros/humble LD_LIBRARY_PATH=/home/Gery/ME597_Lab/Lab4/ws1/install/image_geometry/lib:/home/Gery/ME597_Lab/Lab4/ws1/install/cv_bridge/lib:${LD_LIBRARY_PATH} PYTHONPATH=/home/Gery/ME597_Lab/Lab4/ws1/install/image_geometry/local/lib/python3.10/dist-packages:/home/Gery/ME597_Lab/Lab4/ws1/install/cv_bridge/local/lib/python3.10/dist-packages:${PYTHONPATH} /usr/bin/cmake --build /home/Gery/ME597_Lab/Lab4/ws1/build/vision_opencv -- -j4 -l4
[1.008s] Invoked command in '/home/Gery/ME597_Lab/Lab4/ws1/build/vision_opencv' returned '0': AMENT_PREFIX_PATH=/home/Gery/ME597_Lab/Lab4/ws1/install/image_geometry:/home/Gery/ME597_Lab/Lab4/ws1/install/cv_bridge:${AMENT_PREFIX_PATH} CMAKE_PREFIX_PATH=/home/Gery/ME597_Lab/Lab4/ws1/install/image_geometry:/home/Gery/ME597_Lab/Lab4/ws1/install/cv_bridge:/opt/ros/humble LD_LIBRARY_PATH=/home/Gery/ME597_Lab/Lab4/ws1/install/image_geometry/lib:/home/Gery/ME597_Lab/Lab4/ws1/install/cv_bridge/lib:${LD_LIBRARY_PATH} PYTHONPATH=/home/Gery/ME597_Lab/Lab4/ws1/install/image_geometry/local/lib/python3.10/dist-packages:/home/Gery/ME597_Lab/Lab4/ws1/install/cv_bridge/local/lib/python3.10/dist-packages:${PYTHONPATH} /usr/bin/cmake --build /home/Gery/ME597_Lab/Lab4/ws1/build/vision_opencv -- -j4 -l4
[1.015s] Invoking command in '/home/Gery/ME597_Lab/Lab4/ws1/build/vision_opencv': AMENT_PREFIX_PATH=/home/Gery/ME597_Lab/Lab4/ws1/install/image_geometry:/home/Gery/ME597_Lab/Lab4/ws1/install/cv_bridge:${AMENT_PREFIX_PATH} CMAKE_PREFIX_PATH=/home/Gery/ME597_Lab/Lab4/ws1/install/image_geometry:/home/Gery/ME597_Lab/Lab4/ws1/install/cv_bridge:/opt/ros/humble LD_LIBRARY_PATH=/home/Gery/ME597_Lab/Lab4/ws1/install/image_geometry/lib:/home/Gery/ME597_Lab/Lab4/ws1/install/cv_bridge/lib:${LD_LIBRARY_PATH} PYTHONPATH=/home/Gery/ME597_Lab/Lab4/ws1/install/image_geometry/local/lib/python3.10/dist-packages:/home/Gery/ME597_Lab/Lab4/ws1/install/cv_bridge/local/lib/python3.10/dist-packages:${PYTHONPATH} /usr/bin/cmake --install /home/Gery/ME597_Lab/Lab4/ws1/build/vision_opencv
[1.043s] -- Install configuration: ""
[1.043s] -- Execute custom install script
[1.043s] -- Up-to-date symlink: /home/Gery/ME597_Lab/Lab4/ws1/install/vision_opencv/share/ament_index/resource_index/package_run_dependencies/vision_opencv
[1.045s] -- Up-to-date symlink: /home/Gery/ME597_Lab/Lab4/ws1/install/vision_opencv/share/ament_index/resource_index/parent_prefix_path/vision_opencv
[1.049s] -- Up-to-date symlink: /home/Gery/ME597_Lab/Lab4/ws1/install/vision_opencv/share/vision_opencv/environment/ament_prefix_path.sh
[1.051s] -- Up-to-date symlink: /home/Gery/ME597_Lab/Lab4/ws1/install/vision_opencv/share/vision_opencv/environment/ament_prefix_path.dsv
[1.052s] -- Up-to-date symlink: /home/Gery/ME597_Lab/Lab4/ws1/install/vision_opencv/share/vision_opencv/environment/path.sh
[1.052s] -- Up-to-date symlink: /home/Gery/ME597_Lab/Lab4/ws1/install/vision_opencv/share/vision_opencv/environment/path.dsv
[1.052s] -- Up-to-date symlink: /home/Gery/ME597_Lab/Lab4/ws1/install/vision_opencv/share/vision_opencv/local_setup.bash
[1.052s] -- Up-to-date symlink: /home/Gery/ME597_Lab/Lab4/ws1/install/vision_opencv/share/vision_opencv/local_setup.sh
[1.052s] -- Up-to-date symlink: /home/Gery/ME597_Lab/Lab4/ws1/install/vision_opencv/share/vision_opencv/local_setup.zsh
[1.052s] -- Up-to-date symlink: /home/Gery/ME597_Lab/Lab4/ws1/install/vision_opencv/share/vision_opencv/local_setup.dsv
[1.052s] -- Symlinking: /home/Gery/ME597_Lab/Lab4/ws1/install/vision_opencv/share/vision_opencv/package.dsv
[1.084s] -- Up-to-date symlink: /home/Gery/ME597_Lab/Lab4/ws1/install/vision_opencv/share/ament_index/resource_index/packages/vision_opencv
[1.087s] -- Up-to-date symlink: /home/Gery/ME597_Lab/Lab4/ws1/install/vision_opencv/share/vision_opencv/cmake/vision_opencvConfig.cmake
[1.087s] -- Up-to-date symlink: /home/Gery/ME597_Lab/Lab4/ws1/install/vision_opencv/share/vision_opencv/cmake/vision_opencvConfig-version.cmake
[1.087s] -- Up-to-date symlink: /home/Gery/ME597_Lab/Lab4/ws1/install/vision_opencv/share/vision_opencv/package.xml
[1.090s] Invoked command in '/home/Gery/ME597_Lab/Lab4/ws1/build/vision_opencv' returned '0': AMENT_PREFIX_PATH=/home/Gery/ME597_Lab/Lab4/ws1/install/image_geometry:/home/Gery/ME597_Lab/Lab4/ws1/install/cv_bridge:${AMENT_PREFIX_PATH} CMAKE_PREFIX_PATH=/home/Gery/ME597_Lab/Lab4/ws1/install/image_geometry:/home/Gery/ME597_Lab/Lab4/ws1/install/cv_bridge:/opt/ros/humble LD_LIBRARY_PATH=/home/Gery/ME597_Lab/Lab4/ws1/install/image_geometry/lib:/home/Gery/ME597_Lab/Lab4/ws1/install/cv_bridge/lib:${LD_LIBRARY_PATH} PYTHONPATH=/home/Gery/ME597_Lab/Lab4/ws1/install/image_geometry/local/lib/python3.10/dist-packages:/home/Gery/ME597_Lab/Lab4/ws1/install/cv_bridge/local/lib/python3.10/dist-packages:${PYTHONPATH} /usr/bin/cmake --install /home/Gery/ME597_Lab/Lab4/ws1/build/vision_opencv
