[1.830s] Invoking command in '/home/me597/ME597_Lab/Lab3/ws1/build/task_4': PYTHONPATH=/home/me597/ME597_Lab/Lab3/ws1/build/task_4/prefix_override:/usr/lib/python3/dist-packages/colcon_core/task/python/colcon_distutils_commands:/home/me597/ME597_Lab/Lab3/ws1/install/task_4/lib/python3.10/site-packages:${PYTHONPATH} /usr/bin/python3 -W ignore:setup.py install is deprecated setup.py develop --editable --build-directory /home/me597/ME597_Lab/Lab3/ws1/build/task_4/build --no-deps symlink_data
[2.418s] running develop
[2.418s] /usr/lib/python3/dist-packages/setuptools/command/easy_install.py:158: EasyInstallDeprecationWarning: easy_install command is deprecated. Use build and pip and other standards-based tools.
[2.418s]   warnings.warn(
[2.760s] running egg_info
[2.760s] writing task_4.egg-info/PKG-INFO
[2.760s] writing dependency_links to task_4.egg-info/dependency_links.txt
[2.760s] writing entry points to task_4.egg-info/entry_points.txt
[2.760s] writing requirements to task_4.egg-info/requires.txt
[2.760s] writing top-level names to task_4.egg-info/top_level.txt
[2.765s] reading manifest file 'task_4.egg-info/SOURCES.txt'
[2.765s] writing manifest file 'task_4.egg-info/SOURCES.txt'
[2.767s] running build_ext
[2.767s] Creating /home/me597/ME597_Lab/Lab3/ws1/install/task_4/lib/python3.10/site-packages/task-4.egg-link (link to .)
[2.770s] Installing auto_navigator script to /home/me597/ME597_Lab/Lab3/ws1/install/task_4/lib/task_4
[2.774s] Installing auto_navigator2 script to /home/me597/ME597_Lab/Lab3/ws1/install/task_4/lib/task_4
[2.774s] 
[2.774s] Installed /home/me597/ME597_Lab/Lab3/ws1/build/task_4
[2.774s] running symlink_data
[2.818s] Invoked command in '/home/me597/ME597_Lab/Lab3/ws1/build/task_4' returned '0': PYTHONPATH=/home/me597/ME597_Lab/Lab3/ws1/build/task_4/prefix_override:/usr/lib/python3/dist-packages/colcon_core/task/python/colcon_distutils_commands:/home/me597/ME597_Lab/Lab3/ws1/install/task_4/lib/python3.10/site-packages:${PYTHONPATH} /usr/bin/python3 -W ignore:setup.py install is deprecated setup.py develop --editable --build-directory /home/me597/ME597_Lab/Lab3/ws1/build/task_4/build --no-deps symlink_data
