[1.549s] Invoking command in '/home/Gery/ME597_Lab/Lab4/ws1/build/task_6': CMAKE_PREFIX_PATH=/home/Gery/ME597_Lab/Lab4/ws1/install/cv_bridge:/home/Gery/ME597_Lab/sim_ws/install/turtlebot3_gazebo:/home/Gery/ME597_Lab/Lab4/ws1/install/vision_opencv:/home/Gery/ME597_Lab/Lab4/ws1/install/image_geometry LD_LIBRARY_PATH=/home/Gery/ME597_Lab/Lab4/ws1/install/cv_bridge/lib:/home/Gery/ME597_Lab/Lab4/ws1/install/image_geometry/lib:/usr/lib/x86_64-linux-gnu/gazebo-11/plugins:/opt/ros/humble/opt/rviz_ogre_vendor/lib:/opt/ros/humble/lib/x86_64-linux-gnu:/opt/ros/humble/lib PYTHONPATH=/home/Gery/ME597_Lab/Lab4/ws1/build/task_6/prefix_override:/usr/lib/python3/dist-packages/colcon_core/task/python/colcon_distutils_commands:/home/Gery/ME597_Lab/Lab4/ws1/install/task_6/lib/python3.10/site-packages:${PYTHONPATH} /usr/bin/python3 -W ignore:setup.py install is deprecated -W ignore:easy_install command is deprecated setup.py develop --editable --build-directory /home/Gery/ME597_Lab/Lab4/ws1/build/task_6/build --no-deps symlink_data
[2.028s] running develop
[2.483s] running egg_info
[2.510s] creating task_6.egg-info
[2.513s] writing task_6.egg-info/PKG-INFO
[2.513s] writing dependency_links to task_6.egg-info/dependency_links.txt
[2.514s] writing entry points to task_6.egg-info/entry_points.txt
[2.514s] writing requirements to task_6.egg-info/requires.txt
[2.514s] writing top-level names to task_6.egg-info/top_level.txt
[2.514s] writing manifest file 'task_6.egg-info/SOURCES.txt'
[2.563s] reading manifest file 'task_6.egg-info/SOURCES.txt'
[2.563s] writing manifest file 'task_6.egg-info/SOURCES.txt'
[2.597s] running build_ext
[2.597s] Creating /home/Gery/ME597_Lab/Lab4/ws1/install/task_6/lib/python3.10/site-packages/task-6.egg-link (link to .)
[2.597s] Installing red_ball_tracker script to /home/Gery/ME597_Lab/Lab4/ws1/install/task_6/lib/task_6
[2.597s] 
[2.597s] Installed /home/Gery/ME597_Lab/Lab4/ws1/build/task_6
[2.597s] running symlink_data
[2.597s] symbolically linking /home/Gery/ME597_Lab/Lab4/ws1/build/task_6/package.xml -> /home/Gery/ME597_Lab/Lab4/ws1/install/task_6/share/task_6
[2.597s] creating /home/Gery/ME597_Lab/Lab4/ws1/install/task_6/share/task_6/launch
[2.597s] symbolically linking /home/Gery/ME597_Lab/Lab4/ws1/build/task_6/launch/red_ball_tracker.launch.py -> /home/Gery/ME597_Lab/Lab4/ws1/install/task_6/share/task_6/launch
[2.597s] creating /home/Gery/ME597_Lab/Lab4/ws1/install/task_6/share/task_6/resource
[2.597s] symbolically linking /home/Gery/ME597_Lab/Lab4/ws1/build/task_6/resource/task_6 -> /home/Gery/ME597_Lab/Lab4/ws1/install/task_6/share/task_6/resource
[2.597s] creating /home/Gery/ME597_Lab/Lab4/ws1/install/task_6/share/task_6/maps
[2.598s] creating /home/Gery/ME597_Lab/Lab4/ws1/install/task_6/share/task_6/rviz
[2.642s] Invoked command in '/home/Gery/ME597_Lab/Lab4/ws1/build/task_6' returned '0': CMAKE_PREFIX_PATH=/home/Gery/ME597_Lab/Lab4/ws1/install/cv_bridge:/home/Gery/ME597_Lab/sim_ws/install/turtlebot3_gazebo:/home/Gery/ME597_Lab/Lab4/ws1/install/vision_opencv:/home/Gery/ME597_Lab/Lab4/ws1/install/image_geometry LD_LIBRARY_PATH=/home/Gery/ME597_Lab/Lab4/ws1/install/cv_bridge/lib:/home/Gery/ME597_Lab/Lab4/ws1/install/image_geometry/lib:/usr/lib/x86_64-linux-gnu/gazebo-11/plugins:/opt/ros/humble/opt/rviz_ogre_vendor/lib:/opt/ros/humble/lib/x86_64-linux-gnu:/opt/ros/humble/lib PYTHONPATH=/home/Gery/ME597_Lab/Lab4/ws1/build/task_6/prefix_override:/usr/lib/python3/dist-packages/colcon_core/task/python/colcon_distutils_commands:/home/Gery/ME597_Lab/Lab4/ws1/install/task_6/lib/python3.10/site-packages:${PYTHONPATH} /usr/bin/python3 -W ignore:setup.py install is deprecated -W ignore:easy_install command is deprecated setup.py develop --editable --build-directory /home/Gery/ME597_Lab/Lab4/ws1/build/task_6/build --no-deps symlink_data
