[3.238s] Invoking command in '/home/Gery/ME597_Lab/Lab3/ws1/build/task_4': PYTHONPATH=/home/Gery/ME597_Lab/Lab3/ws1/build/task_4/prefix_override:/usr/lib/python3/dist-packages/colcon_core/task/python/colcon_distutils_commands:/home/Gery/ME597_Lab/Lab3/ws1/install/task_4/lib/python3.10/site-packages:${PYTHONPATH} /usr/bin/python3 -W ignore:setup.py install is deprecated setup.py develop --editable --build-directory /home/Gery/ME597_Lab/Lab3/ws1/build/task_4/build --no-deps symlink_data
[4.415s] running develop
[4.418s] /usr/lib/python3/dist-packages/setuptools/command/easy_install.py:158: EasyInstallDeprecationWarning: easy_install command is deprecated. Use build and pip and other standards-based tools.
[4.418s]   warnings.warn(
[5.203s] running egg_info
[5.204s] creating task_4.egg-info
[5.204s] writing task_4.egg-info/PKG-INFO
[5.205s] writing dependency_links to task_4.egg-info/dependency_links.txt
[5.206s] writing entry points to task_4.egg-info/entry_points.txt
[5.206s] writing requirements to task_4.egg-info/requires.txt
[5.207s] writing top-level names to task_4.egg-info/top_level.txt
[5.208s] writing manifest file 'task_4.egg-info/SOURCES.txt'
[5.211s] reading manifest file 'task_4.egg-info/SOURCES.txt'
[5.217s] writing manifest file 'task_4.egg-info/SOURCES.txt'
[5.223s] running build_ext
[5.223s] Creating /home/Gery/ME597_Lab/Lab3/ws1/install/task_4/lib/python3.10/site-packages/task-4.egg-link (link to .)
[5.223s] Installing auto_navigator script to /home/Gery/ME597_Lab/Lab3/ws1/install/task_4/lib/task_4
[5.223s] Installing auto_navigator2 script to /home/Gery/ME597_Lab/Lab3/ws1/install/task_4/lib/task_4
[5.223s] 
[5.223s] Installed /home/Gery/ME597_Lab/Lab3/ws1/build/task_4
[5.223s] running symlink_data
[5.223s] creating /home/Gery/ME597_Lab/Lab3/ws1/install/task_4/share/ament_index
[5.224s] creating /home/Gery/ME597_Lab/Lab3/ws1/install/task_4/share/ament_index/resource_index
[5.224s] creating /home/Gery/ME597_Lab/Lab3/ws1/install/task_4/share/ament_index/resource_index/packages
[5.224s] symbolically linking /home/Gery/ME597_Lab/Lab3/ws1/build/task_4/resource/task_4 -> /home/Gery/ME597_Lab/Lab3/ws1/install/task_4/share/ament_index/resource_index/packages
[5.224s] symbolically linking /home/Gery/ME597_Lab/Lab3/ws1/build/task_4/package.xml -> /home/Gery/ME597_Lab/Lab3/ws1/install/task_4/share/task_4
[5.224s] creating /home/Gery/ME597_Lab/Lab3/ws1/install/task_4/share/task_4/launch
[5.224s] symbolically linking /home/Gery/ME597_Lab/Lab3/ws1/build/task_4/launch/auto_navigator.launch.py -> /home/Gery/ME597_Lab/Lab3/ws1/install/task_4/share/task_4/launch
[5.224s] symbolically linking /home/Gery/ME597_Lab/Lab3/ws1/build/task_4/launch/gen_sync_map_launch.py -> /home/Gery/ME597_Lab/Lab3/ws1/install/task_4/share/task_4/launch
[5.224s] creating /home/Gery/ME597_Lab/Lab3/ws1/install/task_4/share/task_4/maps
[5.229s] symbolically linking /home/Gery/ME597_Lab/Lab3/ws1/build/task_4/maps/sync_classroom_map.pgm -> /home/Gery/ME597_Lab/Lab3/ws1/install/task_4/share/task_4/maps
[5.230s] symbolically linking /home/Gery/ME597_Lab/Lab3/ws1/build/task_4/maps/classroom_map.yaml -> /home/Gery/ME597_Lab/Lab3/ws1/install/task_4/share/task_4/maps
[5.230s] symbolically linking /home/Gery/ME597_Lab/Lab3/ws1/build/task_4/maps/sync_classroom_map.yaml -> /home/Gery/ME597_Lab/Lab3/ws1/install/task_4/share/task_4/maps
[5.230s] symbolically linking /home/Gery/ME597_Lab/Lab3/ws1/build/task_4/maps/map_name.yaml -> /home/Gery/ME597_Lab/Lab3/ws1/install/task_4/share/task_4/maps
[5.230s] symbolically linking /home/Gery/ME597_Lab/Lab3/ws1/build/task_4/maps/navigation_astar_f24.ipynb -> /home/Gery/ME597_Lab/Lab3/ws1/install/task_4/share/task_4/maps
[5.230s] symbolically linking /home/Gery/ME597_Lab/Lab3/ws1/build/task_4/maps/map_name.pgm -> /home/Gery/ME597_Lab/Lab3/ws1/install/task_4/share/task_4/maps
[5.230s] symbolically linking /home/Gery/ME597_Lab/Lab3/ws1/build/task_4/maps/classroom_map.pgm -> /home/Gery/ME597_Lab/Lab3/ws1/install/task_4/share/task_4/maps
[5.321s] Invoked command in '/home/Gery/ME597_Lab/Lab3/ws1/build/task_4' returned '0': PYTHONPATH=/home/Gery/ME597_Lab/Lab3/ws1/build/task_4/prefix_override:/usr/lib/python3/dist-packages/colcon_core/task/python/colcon_distutils_commands:/home/Gery/ME597_Lab/Lab3/ws1/install/task_4/lib/python3.10/site-packages:${PYTHONPATH} /usr/bin/python3 -W ignore:setup.py install is deprecated setup.py develop --editable --build-directory /home/Gery/ME597_Lab/Lab3/ws1/build/task_4/build --no-deps symlink_data
