[1.555s] Invoking command in '/home/Gery/ME597_Lab/Lab4/ws1/src/task_6': PYTHONPATH=/home/Gery/ME597_Lab/Lab4/ws1/build/task_6/prefix_override:/usr/lib/python3/dist-packages/colcon_core/task/python/colcon_distutils_commands:/home/Gery/ME597_Lab/Lab4/ws1/install/task_6/lib/python3.10/site-packages:${PYTHONPATH} /usr/bin/python3 -W ignore:setup.py install is deprecated -W ignore:easy_install command is deprecated setup.py egg_info --egg-base ../../build/task_6 build --build-base /home/Gery/ME597_Lab/Lab4/ws1/build/task_6/build install --record /home/Gery/ME597_Lab/Lab4/ws1/build/task_6/install.log --single-version-externally-managed install_data
[1.917s] running egg_info
[1.936s] creating ../../build/task_6/task_6.egg-info
[1.939s] writing ../../build/task_6/task_6.egg-info/PKG-INFO
[1.939s] writing dependency_links to ../../build/task_6/task_6.egg-info/dependency_links.txt
[1.939s] writing requirements to ../../build/task_6/task_6.egg-info/requires.txt
[1.939s] writing top-level names to ../../build/task_6/task_6.egg-info/top_level.txt
[1.939s] writing manifest file '../../build/task_6/task_6.egg-info/SOURCES.txt'
[1.989s] reading manifest file '../../build/task_6/task_6.egg-info/SOURCES.txt'
[1.989s] writing manifest file '../../build/task_6/task_6.egg-info/SOURCES.txt'
[1.989s] running build
[1.989s] running build_py
[1.989s] creating /home/Gery/ME597_Lab/Lab4/ws1/build/task_6/build/lib/task_6
[1.989s] copying task_6/__init__.py -> /home/Gery/ME597_Lab/Lab4/ws1/build/task_6/build/lib/task_6
[1.989s] running install
[1.995s] running install_lib
[2.016s] creating /home/Gery/ME597_Lab/Lab4/ws1/install/task_6/lib/python3.10/site-packages/task_6
[2.017s] copying /home/Gery/ME597_Lab/Lab4/ws1/build/task_6/build/lib/task_6/__init__.py -> /home/Gery/ME597_Lab/Lab4/ws1/install/task_6/lib/python3.10/site-packages/task_6
[2.017s] byte-compiling /home/Gery/ME597_Lab/Lab4/ws1/install/task_6/lib/python3.10/site-packages/task_6/__init__.py to __init__.cpython-310.pyc
[2.017s] running install_data
[2.017s] creating /home/Gery/ME597_Lab/Lab4/ws1/install/task_6/share/ament_index/resource_index/packages
[2.019s] copying resource/task_6 -> /home/Gery/ME597_Lab/Lab4/ws1/install/task_6/share/ament_index/resource_index/packages
[2.019s] copying package.xml -> /home/Gery/ME597_Lab/Lab4/ws1/install/task_6/share/task_6
[2.019s] running install_egg_info
[2.039s] Copying ../../build/task_6/task_6.egg-info to /home/Gery/ME597_Lab/Lab4/ws1/install/task_6/lib/python3.10/site-packages/task_6-0.0.0-py3.10.egg-info
[2.040s] running install_scripts
[2.226s] writing list of installed files to '/home/Gery/ME597_Lab/Lab4/ws1/build/task_6/install.log'
[2.295s] Invoked command in '/home/Gery/ME597_Lab/Lab4/ws1/src/task_6' returned '0': PYTHONPATH=/home/Gery/ME597_Lab/Lab4/ws1/build/task_6/prefix_override:/usr/lib/python3/dist-packages/colcon_core/task/python/colcon_distutils_commands:/home/Gery/ME597_Lab/Lab4/ws1/install/task_6/lib/python3.10/site-packages:${PYTHONPATH} /usr/bin/python3 -W ignore:setup.py install is deprecated -W ignore:easy_install command is deprecated setup.py egg_info --egg-base ../../build/task_6 build --build-base /home/Gery/ME597_Lab/Lab4/ws1/build/task_6/build install --record /home/Gery/ME597_Lab/Lab4/ws1/build/task_6/install.log --single-version-externally-managed install_data
