[1.692s] Invoking command in '/home/Gery/ME597_Lab/Lab4/ws1/build/task_5': CMAKE_PREFIX_PATH=/home/Gery/ME597_Lab/Lab4/ws1/install/cv_bridge:/home/Gery/ME597_Lab/sim_ws/install/turtlebot3_gazebo:/home/Gery/ME597_Lab/Lab4/ws1/install/vision_opencv:/home/Gery/ME597_Lab/Lab4/ws1/install/image_geometry LD_LIBRARY_PATH=/home/Gery/ME597_Lab/Lab4/ws1/install/cv_bridge/lib:/home/Gery/ME597_Lab/Lab4/ws1/install/image_geometry/lib:/usr/lib/x86_64-linux-gnu/gazebo-11/plugins:/opt/ros/humble/opt/rviz_ogre_vendor/lib:/opt/ros/humble/lib/x86_64-linux-gnu:/opt/ros/humble/lib PYTHONPATH=/home/Gery/ME597_Lab/Lab4/ws1/build/task_5/prefix_override:/usr/lib/python3/dist-packages/colcon_core/task/python/colcon_distutils_commands:/home/Gery/ME597_Lab/Lab4/ws1/install/task_5/lib/python3.10/site-packages:${PYTHONPATH} /usr/bin/python3 -W ignore:setup.py install is deprecated -W ignore:easy_install command is deprecated setup.py develop --editable --build-directory /home/Gery/ME597_Lab/Lab4/ws1/build/task_5/build --no-deps symlink_data
[2.221s] running develop
[2.569s] running egg_info
[2.597s] creating task_5.egg-info
[2.598s] writing task_5.egg-info/PKG-INFO
[2.603s] writing dependency_links to task_5.egg-info/dependency_links.txt
[2.603s] writing entry points to task_5.egg-info/entry_points.txt
[2.603s] writing requirements to task_5.egg-info/requires.txt
[2.603s] writing top-level names to task_5.egg-info/top_level.txt
[2.604s] writing manifest file 'task_5.egg-info/SOURCES.txt'
[2.663s] reading manifest file 'task_5.egg-info/SOURCES.txt'
[2.665s] writing manifest file 'task_5.egg-info/SOURCES.txt'
[2.746s] running build_ext
[2.747s] Creating /home/Gery/ME597_Lab/Lab4/ws1/install/task_5/lib/python3.10/site-packages/task-5.egg-link (link to .)
[2.753s] Installing image_publisher script to /home/Gery/ME597_Lab/Lab4/ws1/install/task_5/lib/task_5
[2.753s] Installing object_detector script to /home/Gery/ME597_Lab/Lab4/ws1/install/task_5/lib/task_5
[2.753s] 
[2.753s] Installed /home/Gery/ME597_Lab/Lab4/ws1/build/task_5
[2.753s] running symlink_data
[2.754s] symbolically linking /home/Gery/ME597_Lab/Lab4/ws1/build/task_5/package.xml -> /home/Gery/ME597_Lab/Lab4/ws1/install/task_5/share/task_5
[2.754s] creating /home/Gery/ME597_Lab/Lab4/ws1/install/task_5/share/task_5/launch
[2.754s] symbolically linking /home/Gery/ME597_Lab/Lab4/ws1/build/task_5/launch/object_detector_launch.py -> /home/Gery/ME597_Lab/Lab4/ws1/install/task_5/share/task_5/launch
[2.754s] creating /home/Gery/ME597_Lab/Lab4/ws1/install/task_5/share/task_5/resource
[2.754s] symbolically linking /home/Gery/ME597_Lab/Lab4/ws1/build/task_5/resource/lab3_video.avi -> /home/Gery/ME597_Lab/Lab4/ws1/install/task_5/share/task_5/resource
[2.754s] symbolically linking /home/Gery/ME597_Lab/Lab4/ws1/build/task_5/resource/task_5 -> /home/Gery/ME597_Lab/Lab4/ws1/install/task_5/share/task_5/resource
[2.755s] symbolically linking /home/Gery/ME597_Lab/Lab4/ws1/build/task_5/resource/lab3_video.mp4 -> /home/Gery/ME597_Lab/Lab4/ws1/install/task_5/share/task_5/resource
[2.755s] creating /home/Gery/ME597_Lab/Lab4/ws1/install/task_5/share/task_5/maps
[2.755s] creating /home/Gery/ME597_Lab/Lab4/ws1/install/task_5/share/task_5/rviz
[2.872s] Invoked command in '/home/Gery/ME597_Lab/Lab4/ws1/build/task_5' returned '0': CMAKE_PREFIX_PATH=/home/Gery/ME597_Lab/Lab4/ws1/install/cv_bridge:/home/Gery/ME597_Lab/sim_ws/install/turtlebot3_gazebo:/home/Gery/ME597_Lab/Lab4/ws1/install/vision_opencv:/home/Gery/ME597_Lab/Lab4/ws1/install/image_geometry LD_LIBRARY_PATH=/home/Gery/ME597_Lab/Lab4/ws1/install/cv_bridge/lib:/home/Gery/ME597_Lab/Lab4/ws1/install/image_geometry/lib:/usr/lib/x86_64-linux-gnu/gazebo-11/plugins:/opt/ros/humble/opt/rviz_ogre_vendor/lib:/opt/ros/humble/lib/x86_64-linux-gnu:/opt/ros/humble/lib PYTHONPATH=/home/Gery/ME597_Lab/Lab4/ws1/build/task_5/prefix_override:/usr/lib/python3/dist-packages/colcon_core/task/python/colcon_distutils_commands:/home/Gery/ME597_Lab/Lab4/ws1/install/task_5/lib/python3.10/site-packages:${PYTHONPATH} /usr/bin/python3 -W ignore:setup.py install is deprecated -W ignore:easy_install command is deprecated setup.py develop --editable --build-directory /home/Gery/ME597_Lab/Lab4/ws1/build/task_5/build --no-deps symlink_data
