[0.943s] Invoking command in '/home/me597/me597/Lab1/ws1/build/task_1': PYTHONPATH=/home/me597/me597/Lab1/ws1/build/task_1/prefix_override:/usr/lib/python3/dist-packages/colcon_core/task/python/colcon_distutils_commands:/home/me597/me597/Lab1/ws1/install/task_1/lib/python3.10/site-packages:${PYTHONPATH} /usr/bin/python3 -W ignore:setup.py install is deprecated setup.py develop --editable --build-directory /home/me597/me597/Lab1/ws1/build/task_1/build --no-deps symlink_data
[1.474s] running develop
[1.477s] /usr/lib/python3/dist-packages/setuptools/command/easy_install.py:158: EasyInstallDeprecationWarning: easy_install command is deprecated. Use build and pip and other standards-based tools.
[1.477s]   warnings.warn(
[2.001s] running egg_info
[2.001s] creating task_1.egg-info
[2.002s] writing task_1.egg-info/PKG-INFO
[2.002s] writing dependency_links to task_1.egg-info/dependency_links.txt
[2.003s] writing entry points to task_1.egg-info/entry_points.txt
[2.003s] writing requirements to task_1.egg-info/requires.txt
[2.003s] writing top-level names to task_1.egg-info/top_level.txt
[2.005s] writing manifest file 'task_1.egg-info/SOURCES.txt'
[2.007s] reading manifest file 'task_1.egg-info/SOURCES.txt'
[2.007s] writing manifest file 'task_1.egg-info/SOURCES.txt'
[2.009s] running build_ext
[2.010s] Creating /home/me597/me597/Lab1/ws1/install/task_1/lib/python3.10/site-packages/task-1.egg-link (link to .)
[2.017s] Installing publisher script to /home/me597/me597/Lab1/ws1/install/task_1/lib/task_1
[2.018s] Installing subscriber script to /home/me597/me597/Lab1/ws1/install/task_1/lib/task_1
[2.018s] 
[2.018s] Installed /home/me597/me597/Lab1/ws1/build/task_1
[2.018s] running symlink_data
[2.018s] creating /home/me597/me597/Lab1/ws1/install/task_1/share/ament_index
[2.019s] creating /home/me597/me597/Lab1/ws1/install/task_1/share/ament_index/resource_index
[2.019s] creating /home/me597/me597/Lab1/ws1/install/task_1/share/ament_index/resource_index/packages
[2.019s] symbolically linking /home/me597/me597/Lab1/ws1/build/task_1/resource/task_1 -> /home/me597/me597/Lab1/ws1/install/task_1/share/ament_index/resource_index/packages
[2.019s] symbolically linking /home/me597/me597/Lab1/ws1/build/task_1/package.xml -> /home/me597/me597/Lab1/ws1/install/task_1/share/task_1
[2.019s] creating /home/me597/me597/Lab1/ws1/install/task_1/share/task_1/launch
[2.019s] symbolically linking /home/me597/me597/Lab1/ws1/build/task_1/launch/pub_sub_launch.py -> /home/me597/me597/Lab1/ws1/install/task_1/share/task_1/launch
[2.088s] Invoked command in '/home/me597/me597/Lab1/ws1/build/task_1' returned '0': PYTHONPATH=/home/me597/me597/Lab1/ws1/build/task_1/prefix_override:/usr/lib/python3/dist-packages/colcon_core/task/python/colcon_distutils_commands:/home/me597/me597/Lab1/ws1/install/task_1/lib/python3.10/site-packages:${PYTHONPATH} /usr/bin/python3 -W ignore:setup.py install is deprecated setup.py develop --editable --build-directory /home/me597/me597/Lab1/ws1/build/task_1/build --no-deps symlink_data
