[1.085s] Invoking command in '/home/Gery/ME597_Lab/Lab4/ws1/src/task_5': PYTHONPATH=/home/Gery/ME597_Lab/Lab4/ws1/src/build/task_5/prefix_override:/usr/lib/python3/dist-packages/colcon_core/task/python/colcon_distutils_commands:/home/Gery/ME597_Lab/Lab4/ws1/src/install/task_5/lib/python3.10/site-packages:${PYTHONPATH} /usr/bin/python3 -W ignore:setup.py install is deprecated -W ignore:easy_install command is deprecated setup.py egg_info --egg-base ../build/task_5 build --build-base /home/Gery/ME597_Lab/Lab4/ws1/src/build/task_5/build install --record /home/Gery/ME597_Lab/Lab4/ws1/src/build/task_5/install.log --single-version-externally-managed install_data
[1.382s] running egg_info
[1.401s] creating ../build/task_5/task_5.egg-info
[1.401s] writing ../build/task_5/task_5.egg-info/PKG-INFO
[1.401s] writing dependency_links to ../build/task_5/task_5.egg-info/dependency_links.txt
[1.401s] writing requirements to ../build/task_5/task_5.egg-info/requires.txt
[1.401s] writing top-level names to ../build/task_5/task_5.egg-info/top_level.txt
[1.401s] writing manifest file '../build/task_5/task_5.egg-info/SOURCES.txt'
[1.441s] reading manifest file '../build/task_5/task_5.egg-info/SOURCES.txt'
[1.445s] writing manifest file '../build/task_5/task_5.egg-info/SOURCES.txt'
[1.445s] running build
[1.445s] running build_py
[1.445s] creating /home/Gery/ME597_Lab/Lab4/ws1/src/build/task_5/build/lib/task_5
[1.445s] copying task_5/__init__.py -> /home/Gery/ME597_Lab/Lab4/ws1/src/build/task_5/build/lib/task_5
[1.445s] running install
[1.447s] running install_lib
[1.469s] creating /home/Gery/ME597_Lab/Lab4/ws1/src/install/task_5/lib/python3.10/site-packages/task_5
[1.469s] copying /home/Gery/ME597_Lab/Lab4/ws1/src/build/task_5/build/lib/task_5/__init__.py -> /home/Gery/ME597_Lab/Lab4/ws1/src/install/task_5/lib/python3.10/site-packages/task_5
[1.475s] byte-compiling /home/Gery/ME597_Lab/Lab4/ws1/src/install/task_5/lib/python3.10/site-packages/task_5/__init__.py to __init__.cpython-310.pyc
[1.475s] running install_data
[1.475s] creating /home/Gery/ME597_Lab/Lab4/ws1/src/install/task_5/share/ament_index/resource_index/packages
[1.475s] copying resource/task_5 -> /home/Gery/ME597_Lab/Lab4/ws1/src/install/task_5/share/ament_index/resource_index/packages
[1.475s] copying package.xml -> /home/Gery/ME597_Lab/Lab4/ws1/src/install/task_5/share/task_5
[1.475s] running install_egg_info
[1.492s] Copying ../build/task_5/task_5.egg-info to /home/Gery/ME597_Lab/Lab4/ws1/src/install/task_5/lib/python3.10/site-packages/task_5-0.0.0-py3.10.egg-info
[1.494s] running install_scripts
[1.652s] writing list of installed files to '/home/Gery/ME597_Lab/Lab4/ws1/src/build/task_5/install.log'
[1.687s] Invoked command in '/home/Gery/ME597_Lab/Lab4/ws1/src/task_5' returned '0': PYTHONPATH=/home/Gery/ME597_Lab/Lab4/ws1/src/build/task_5/prefix_override:/usr/lib/python3/dist-packages/colcon_core/task/python/colcon_distutils_commands:/home/Gery/ME597_Lab/Lab4/ws1/src/install/task_5/lib/python3.10/site-packages:${PYTHONPATH} /usr/bin/python3 -W ignore:setup.py install is deprecated -W ignore:easy_install command is deprecated setup.py egg_info --egg-base ../build/task_5 build --build-base /home/Gery/ME597_Lab/Lab4/ws1/src/build/task_5/build install --record /home/Gery/ME597_Lab/Lab4/ws1/src/build/task_5/install.log --single-version-externally-managed install_data
