[0.114s] DEBUG:colcon:Command line arguments: ['/usr/bin/colcon', 'build', '--symlink-install']
[0.114s] DEBUG:colcon:Parsed command line arguments: Namespace(log_base=None, log_level=None, verb_name='build', build_base='build', install_base='install', merge_install=False, symlink_install=True, test_result_base=None, continue_on_error=False, executor='parallel', parallel_workers=4, event_handlers=None, ignore_user_meta=False, metas=['./colcon.meta'], base_paths=['.'], packages_ignore=None, packages_ignore_regex=None, paths=None, packages_up_to=None, packages_up_to_regex=None, packages_above=None, packages_above_and_dependencies=None, packages_above_depth=None, packages_select_by_dep=None, packages_skip_by_dep=None, packages_skip_up_to=None, packages_select_build_failed=False, packages_skip_build_finished=False, packages_select_test_failures=False, packages_skip_test_passed=False, packages_select=None, packages_skip=None, packages_select_regex=None, packages_skip_regex=None, packages_start=None, packages_end=None, allow_overriding=[], cmake_args=None, cmake_target=None, cmake_target_skip_unavailable=False, cmake_clean_cache=False, cmake_clean_first=False, cmake_force_configure=False, ament_cmake_args=None, catkin_cmake_args=None, catkin_skip_building_tests=False, mixin_files=None, mixin=None, verb_parser=<colcon_mixin.mixin.mixin_argument.MixinArgumentDecorator object at 0x78d5f0a49840>, verb_extension=<colcon_core.verb.build.BuildVerb object at 0x78d5f0b59f60>, main=<bound method BuildVerb.main of <colcon_core.verb.build.BuildVerb object at 0x78d5f0b59f60>>, mixin_verb=('build',))
[0.284s] Level 1:colcon.colcon_core.package_discovery:discover_packages(colcon_meta) check parameters
[0.284s] Level 1:colcon.colcon_core.package_discovery:discover_packages(recursive) check parameters
[0.284s] Level 1:colcon.colcon_core.package_discovery:discover_packages(ignore) check parameters
[0.284s] Level 1:colcon.colcon_core.package_discovery:discover_packages(path) check parameters
[0.284s] Level 1:colcon.colcon_core.package_discovery:discover_packages(colcon_meta) discover
[0.284s] Level 1:colcon.colcon_core.package_discovery:discover_packages(recursive) discover
[0.284s] INFO:colcon.colcon_core.package_discovery:Crawling recursively for packages in '/home/me597/me597/Lab1/ws1'
[0.284s] Level 1:colcon.colcon_core.package_identification:_identify(.) by extensions ['ignore', 'ignore_ament_install']
[0.284s] Level 1:colcon.colcon_core.package_identification:_identify(.) by extension 'ignore'
[0.284s] Level 1:colcon.colcon_core.package_identification:_identify(.) by extension 'ignore_ament_install'
[0.284s] Level 1:colcon.colcon_core.package_identification:_identify(.) by extensions ['colcon_pkg']
[0.284s] Level 1:colcon.colcon_core.package_identification:_identify(.) by extension 'colcon_pkg'
[0.284s] Level 1:colcon.colcon_core.package_identification:_identify(.) by extensions ['colcon_meta']
[0.284s] Level 1:colcon.colcon_core.package_identification:_identify(.) by extension 'colcon_meta'
[0.285s] Level 1:colcon.colcon_core.package_identification:_identify(.) by extensions ['ros']
[0.285s] Level 1:colcon.colcon_core.package_identification:_identify(.) by extension 'ros'
[0.295s] Level 1:colcon.colcon_core.package_identification:_identify(.) by extensions ['cmake', 'python']
[0.295s] Level 1:colcon.colcon_core.package_identification:_identify(.) by extension 'cmake'
[0.295s] Level 1:colcon.colcon_core.package_identification:_identify(.) by extension 'python'
[0.295s] Level 1:colcon.colcon_core.package_identification:_identify(.) by extensions ['python_setup_py']
[0.295s] Level 1:colcon.colcon_core.package_identification:_identify(.) by extension 'python_setup_py'
[0.295s] Level 1:colcon.colcon_core.package_identification:_identify(build) by extensions ['ignore', 'ignore_ament_install']
[0.295s] Level 1:colcon.colcon_core.package_identification:_identify(build) by extension 'ignore'
[0.295s] Level 1:colcon.colcon_core.package_identification:_identify(build) ignored
[0.296s] Level 1:colcon.colcon_core.package_identification:_identify(install) by extensions ['ignore', 'ignore_ament_install']
[0.296s] Level 1:colcon.colcon_core.package_identification:_identify(install) by extension 'ignore'
[0.296s] Level 1:colcon.colcon_core.package_identification:_identify(install) ignored
[0.296s] Level 1:colcon.colcon_core.package_identification:_identify(log) by extensions ['ignore', 'ignore_ament_install']
[0.296s] Level 1:colcon.colcon_core.package_identification:_identify(log) by extension 'ignore'
[0.296s] Level 1:colcon.colcon_core.package_identification:_identify(log) ignored
[0.296s] Level 1:colcon.colcon_core.package_identification:_identify(src) by extensions ['ignore', 'ignore_ament_install']
[0.296s] Level 1:colcon.colcon_core.package_identification:_identify(src) by extension 'ignore'
[0.296s] Level 1:colcon.colcon_core.package_identification:_identify(src) by extension 'ignore_ament_install'
[0.296s] Level 1:colcon.colcon_core.package_identification:_identify(src) by extensions ['colcon_pkg']
[0.296s] Level 1:colcon.colcon_core.package_identification:_identify(src) by extension 'colcon_pkg'
[0.296s] Level 1:colcon.colcon_core.package_identification:_identify(src) by extensions ['colcon_meta']
[0.296s] Level 1:colcon.colcon_core.package_identification:_identify(src) by extension 'colcon_meta'
[0.296s] Level 1:colcon.colcon_core.package_identification:_identify(src) by extensions ['ros']
[0.296s] Level 1:colcon.colcon_core.package_identification:_identify(src) by extension 'ros'
[0.296s] Level 1:colcon.colcon_core.package_identification:_identify(src) by extensions ['cmake', 'python']
[0.297s] Level 1:colcon.colcon_core.package_identification:_identify(src) by extension 'cmake'
[0.297s] Level 1:colcon.colcon_core.package_identification:_identify(src) by extension 'python'
[0.297s] Level 1:colcon.colcon_core.package_identification:_identify(src) by extensions ['python_setup_py']
[0.297s] Level 1:colcon.colcon_core.package_identification:_identify(src) by extension 'python_setup_py'
[0.297s] Level 1:colcon.colcon_core.package_identification:_identify(src/task_1) by extensions ['ignore', 'ignore_ament_install']
[0.297s] Level 1:colcon.colcon_core.package_identification:_identify(src/task_1) by extension 'ignore'
[0.297s] Level 1:colcon.colcon_core.package_identification:_identify(src/task_1) by extension 'ignore_ament_install'
[0.297s] Level 1:colcon.colcon_core.package_identification:_identify(src/task_1) by extensions ['colcon_pkg']
[0.297s] Level 1:colcon.colcon_core.package_identification:_identify(src/task_1) by extension 'colcon_pkg'
[0.297s] Level 1:colcon.colcon_core.package_identification:_identify(src/task_1) by extensions ['colcon_meta']
[0.297s] Level 1:colcon.colcon_core.package_identification:_identify(src/task_1) by extension 'colcon_meta'
[0.297s] Level 1:colcon.colcon_core.package_identification:_identify(src/task_1) by extensions ['ros']
[0.297s] Level 1:colcon.colcon_core.package_identification:_identify(src/task_1) by extension 'ros'
[0.299s] DEBUG:colcon.colcon_core.package_identification:Package 'src/task_1' with type 'ros.ament_python' and name 'task_1'
[0.299s] Level 1:colcon.colcon_core.package_identification:_identify(src/task_2) by extensions ['ignore', 'ignore_ament_install']
[0.299s] Level 1:colcon.colcon_core.package_identification:_identify(src/task_2) by extension 'ignore'
[0.300s] Level 1:colcon.colcon_core.package_identification:_identify(src/task_2) by extension 'ignore_ament_install'
[0.300s] Level 1:colcon.colcon_core.package_identification:_identify(src/task_2) by extensions ['colcon_pkg']
[0.300s] Level 1:colcon.colcon_core.package_identification:_identify(src/task_2) by extension 'colcon_pkg'
[0.300s] Level 1:colcon.colcon_core.package_identification:_identify(src/task_2) by extensions ['colcon_meta']
[0.300s] Level 1:colcon.colcon_core.package_identification:_identify(src/task_2) by extension 'colcon_meta'
[0.300s] Level 1:colcon.colcon_core.package_identification:_identify(src/task_2) by extensions ['ros']
[0.300s] Level 1:colcon.colcon_core.package_identification:_identify(src/task_2) by extension 'ros'
[0.300s] DEBUG:colcon.colcon_core.package_identification:Package 'src/task_2' with type 'ros.ament_python' and name 'task_2'
[0.300s] Level 1:colcon.colcon_core.package_identification:_identify(src/task_2_interfaces) by extensions ['ignore', 'ignore_ament_install']
[0.301s] Level 1:colcon.colcon_core.package_identification:_identify(src/task_2_interfaces) by extension 'ignore'
[0.301s] Level 1:colcon.colcon_core.package_identification:_identify(src/task_2_interfaces) by extension 'ignore_ament_install'
[0.301s] Level 1:colcon.colcon_core.package_identification:_identify(src/task_2_interfaces) by extensions ['colcon_pkg']
[0.301s] Level 1:colcon.colcon_core.package_identification:_identify(src/task_2_interfaces) by extension 'colcon_pkg'
[0.301s] Level 1:colcon.colcon_core.package_identification:_identify(src/task_2_interfaces) by extensions ['colcon_meta']
[0.301s] Level 1:colcon.colcon_core.package_identification:_identify(src/task_2_interfaces) by extension 'colcon_meta'
[0.301s] Level 1:colcon.colcon_core.package_identification:_identify(src/task_2_interfaces) by extensions ['ros']
[0.301s] Level 1:colcon.colcon_core.package_identification:_identify(src/task_2_interfaces) by extension 'ros'
[0.301s] DEBUG:colcon.colcon_core.package_identification:Package 'src/task_2_interfaces' with type 'ros.ament_cmake' and name 'task_2_interfaces'
[0.302s] Level 1:colcon.colcon_core.package_identification:_identify(src/tutorial_interfaces) by extensions ['ignore', 'ignore_ament_install']
[0.302s] Level 1:colcon.colcon_core.package_identification:_identify(src/tutorial_interfaces) by extension 'ignore'
[0.302s] Level 1:colcon.colcon_core.package_identification:_identify(src/tutorial_interfaces) by extension 'ignore_ament_install'
[0.302s] Level 1:colcon.colcon_core.package_identification:_identify(src/tutorial_interfaces) by extensions ['colcon_pkg']
[0.302s] Level 1:colcon.colcon_core.package_identification:_identify(src/tutorial_interfaces) by extension 'colcon_pkg'
[0.302s] Level 1:colcon.colcon_core.package_identification:_identify(src/tutorial_interfaces) by extensions ['colcon_meta']
[0.302s] Level 1:colcon.colcon_core.package_identification:_identify(src/tutorial_interfaces) by extension 'colcon_meta'
[0.302s] Level 1:colcon.colcon_core.package_identification:_identify(src/tutorial_interfaces) by extensions ['ros']
[0.302s] Level 1:colcon.colcon_core.package_identification:_identify(src/tutorial_interfaces) by extension 'ros'
[0.303s] DEBUG:colcon.colcon_core.package_identification:Package 'src/tutorial_interfaces' with type 'ros.ament_cmake' and name 'tutorial_interfaces'
[0.303s] Level 1:colcon.colcon_core.package_discovery:discover_packages(recursive) using defaults
[0.303s] Level 1:colcon.colcon_core.package_discovery:discover_packages(ignore) discover
[0.303s] Level 1:colcon.colcon_core.package_discovery:discover_packages(ignore) using defaults
[0.303s] Level 1:colcon.colcon_core.package_discovery:discover_packages(path) discover
[0.303s] Level 1:colcon.colcon_core.package_discovery:discover_packages(path) using defaults
[0.323s] Level 1:colcon.colcon_core.package_discovery:discover_packages(prefix_path) check parameters
[0.323s] Level 1:colcon.colcon_core.package_discovery:discover_packages(prefix_path) discover
[0.325s] DEBUG:colcon.colcon_installed_package_information.package_discovery:Found 4 installed packages in /home/me597/me597/Lab1/ws1/install
[0.327s] DEBUG:colcon.colcon_installed_package_information.package_discovery:Found 321 installed packages in /opt/ros/humble
[0.337s] Level 1:colcon.colcon_core.package_discovery:discover_packages(prefix_path) using defaults
[0.386s] Level 5:colcon.colcon_core.verb:set package 'task_1' build argument 'cmake_args' from command line to 'None'
[0.386s] Level 5:colcon.colcon_core.verb:set package 'task_1' build argument 'cmake_target' from command line to 'None'
[0.386s] Level 5:colcon.colcon_core.verb:set package 'task_1' build argument 'cmake_target_skip_unavailable' from command line to 'False'
[0.386s] Level 5:colcon.colcon_core.verb:set package 'task_1' build argument 'cmake_clean_cache' from command line to 'False'
[0.386s] Level 5:colcon.colcon_core.verb:set package 'task_1' build argument 'cmake_clean_first' from command line to 'False'
[0.386s] Level 5:colcon.colcon_core.verb:set package 'task_1' build argument 'cmake_force_configure' from command line to 'False'
[0.386s] Level 5:colcon.colcon_core.verb:set package 'task_1' build argument 'ament_cmake_args' from command line to 'None'
[0.386s] Level 5:colcon.colcon_core.verb:set package 'task_1' build argument 'catkin_cmake_args' from command line to 'None'
[0.386s] Level 5:colcon.colcon_core.verb:set package 'task_1' build argument 'catkin_skip_building_tests' from command line to 'False'
[0.386s] DEBUG:colcon.colcon_core.verb:Building package 'task_1' with the following arguments: {'ament_cmake_args': None, 'build_base': '/home/me597/me597/Lab1/ws1/build/task_1', 'catkin_cmake_args': None, 'catkin_skip_building_tests': False, 'cmake_args': None, 'cmake_clean_cache': False, 'cmake_clean_first': False, 'cmake_force_configure': False, 'cmake_target': None, 'cmake_target_skip_unavailable': False, 'install_base': '/home/me597/me597/Lab1/ws1/install/task_1', 'merge_install': False, 'path': '/home/me597/me597/Lab1/ws1/src/task_1', 'symlink_install': True, 'test_result_base': None}
[0.387s] Level 5:colcon.colcon_core.verb:set package 'task_2_interfaces' build argument 'cmake_args' from command line to 'None'
[0.387s] Level 5:colcon.colcon_core.verb:set package 'task_2_interfaces' build argument 'cmake_target' from command line to 'None'
[0.387s] Level 5:colcon.colcon_core.verb:set package 'task_2_interfaces' build argument 'cmake_target_skip_unavailable' from command line to 'False'
[0.387s] Level 5:colcon.colcon_core.verb:set package 'task_2_interfaces' build argument 'cmake_clean_cache' from command line to 'False'
[0.387s] Level 5:colcon.colcon_core.verb:set package 'task_2_interfaces' build argument 'cmake_clean_first' from command line to 'False'
[0.387s] Level 5:colcon.colcon_core.verb:set package 'task_2_interfaces' build argument 'cmake_force_configure' from command line to 'False'
[0.387s] Level 5:colcon.colcon_core.verb:set package 'task_2_interfaces' build argument 'ament_cmake_args' from command line to 'None'
[0.387s] Level 5:colcon.colcon_core.verb:set package 'task_2_interfaces' build argument 'catkin_cmake_args' from command line to 'None'
[0.387s] Level 5:colcon.colcon_core.verb:set package 'task_2_interfaces' build argument 'catkin_skip_building_tests' from command line to 'False'
[0.387s] DEBUG:colcon.colcon_core.verb:Building package 'task_2_interfaces' with the following arguments: {'ament_cmake_args': None, 'build_base': '/home/me597/me597/Lab1/ws1/build/task_2_interfaces', 'catkin_cmake_args': None, 'catkin_skip_building_tests': False, 'cmake_args': None, 'cmake_clean_cache': False, 'cmake_clean_first': False, 'cmake_force_configure': False, 'cmake_target': None, 'cmake_target_skip_unavailable': False, 'install_base': '/home/me597/me597/Lab1/ws1/install/task_2_interfaces', 'merge_install': False, 'path': '/home/me597/me597/Lab1/ws1/src/task_2_interfaces', 'symlink_install': True, 'test_result_base': None}
[0.387s] Level 5:colcon.colcon_core.verb:set package 'tutorial_interfaces' build argument 'cmake_args' from command line to 'None'
[0.387s] Level 5:colcon.colcon_core.verb:set package 'tutorial_interfaces' build argument 'cmake_target' from command line to 'None'
[0.387s] Level 5:colcon.colcon_core.verb:set package 'tutorial_interfaces' build argument 'cmake_target_skip_unavailable' from command line to 'False'
[0.387s] Level 5:colcon.colcon_core.verb:set package 'tutorial_interfaces' build argument 'cmake_clean_cache' from command line to 'False'
[0.387s] Level 5:colcon.colcon_core.verb:set package 'tutorial_interfaces' build argument 'cmake_clean_first' from command line to 'False'
[0.388s] Level 5:colcon.colcon_core.verb:set package 'tutorial_interfaces' build argument 'cmake_force_configure' from command line to 'False'
[0.388s] Level 5:colcon.colcon_core.verb:set package 'tutorial_interfaces' build argument 'ament_cmake_args' from command line to 'None'
[0.388s] Level 5:colcon.colcon_core.verb:set package 'tutorial_interfaces' build argument 'catkin_cmake_args' from command line to 'None'
[0.388s] Level 5:colcon.colcon_core.verb:set package 'tutorial_interfaces' build argument 'catkin_skip_building_tests' from command line to 'False'
[0.388s] DEBUG:colcon.colcon_core.verb:Building package 'tutorial_interfaces' with the following arguments: {'ament_cmake_args': None, 'build_base': '/home/me597/me597/Lab1/ws1/build/tutorial_interfaces', 'catkin_cmake_args': None, 'catkin_skip_building_tests': False, 'cmake_args': None, 'cmake_clean_cache': False, 'cmake_clean_first': False, 'cmake_force_configure': False, 'cmake_target': None, 'cmake_target_skip_unavailable': False, 'install_base': '/home/me597/me597/Lab1/ws1/install/tutorial_interfaces', 'merge_install': False, 'path': '/home/me597/me597/Lab1/ws1/src/tutorial_interfaces', 'symlink_install': True, 'test_result_base': None}
[0.388s] Level 5:colcon.colcon_core.verb:set package 'task_2' build argument 'cmake_args' from command line to 'None'
[0.388s] Level 5:colcon.colcon_core.verb:set package 'task_2' build argument 'cmake_target' from command line to 'None'
[0.388s] Level 5:colcon.colcon_core.verb:set package 'task_2' build argument 'cmake_target_skip_unavailable' from command line to 'False'
[0.388s] Level 5:colcon.colcon_core.verb:set package 'task_2' build argument 'cmake_clean_cache' from command line to 'False'
[0.388s] Level 5:colcon.colcon_core.verb:set package 'task_2' build argument 'cmake_clean_first' from command line to 'False'
[0.388s] Level 5:colcon.colcon_core.verb:set package 'task_2' build argument 'cmake_force_configure' from command line to 'False'
[0.388s] Level 5:colcon.colcon_core.verb:set package 'task_2' build argument 'ament_cmake_args' from command line to 'None'
[0.388s] Level 5:colcon.colcon_core.verb:set package 'task_2' build argument 'catkin_cmake_args' from command line to 'None'
[0.388s] Level 5:colcon.colcon_core.verb:set package 'task_2' build argument 'catkin_skip_building_tests' from command line to 'False'
[0.388s] DEBUG:colcon.colcon_core.verb:Building package 'task_2' with the following arguments: {'ament_cmake_args': None, 'build_base': '/home/me597/me597/Lab1/ws1/build/task_2', 'catkin_cmake_args': None, 'catkin_skip_building_tests': False, 'cmake_args': None, 'cmake_clean_cache': False, 'cmake_clean_first': False, 'cmake_force_configure': False, 'cmake_target': None, 'cmake_target_skip_unavailable': False, 'install_base': '/home/me597/me597/Lab1/ws1/install/task_2', 'merge_install': False, 'path': '/home/me597/me597/Lab1/ws1/src/task_2', 'symlink_install': True, 'test_result_base': None}
[0.388s] INFO:colcon.colcon_core.executor:Executing jobs using 'parallel' executor
[0.389s] DEBUG:colcon.colcon_parallel_executor.executor.parallel:run_until_complete
[0.390s] INFO:colcon.colcon_ros.task.ament_cmake.build:Building ROS package in '/home/me597/me597/Lab1/ws1/src/task_2_interfaces' with build type 'ament_cmake'
[0.390s] INFO:colcon.colcon_cmake.task.cmake.build:Building CMake package in '/home/me597/me597/Lab1/ws1/src/task_2_interfaces'
[0.392s] INFO:colcon.colcon_core.plugin_system:Skipping extension 'colcon_core.shell.bat': Not used on non-Windows systems
[0.392s] INFO:colcon.colcon_core.shell:Skip shell extension 'powershell' for command environment: Not usable outside of PowerShell
[0.392s] DEBUG:colcon.colcon_core.shell:Skip shell extension 'dsv' for command environment
[0.396s] INFO:colcon.colcon_ros.task.ament_python.build:Building ROS package in '/home/me597/me597/Lab1/ws1/src/task_1' with build type 'ament_python'
[0.397s] Level 1:colcon.colcon_core.shell:create_environment_hook('task_1', 'ament_prefix_path')
[0.397s] INFO:colcon.colcon_core.shell:Creating environment hook '/home/me597/me597/Lab1/ws1/install/task_1/share/task_1/hook/ament_prefix_path.ps1'
[0.398s] INFO:colcon.colcon_core.shell:Creating environment descriptor '/home/me597/me597/Lab1/ws1/install/task_1/share/task_1/hook/ament_prefix_path.dsv'
[0.399s] INFO:colcon.colcon_core.shell:Creating environment hook '/home/me597/me597/Lab1/ws1/install/task_1/share/task_1/hook/ament_prefix_path.sh'
[0.400s] INFO:colcon.colcon_core.shell:Skip shell extension 'powershell' for command environment: Not usable outside of PowerShell
[0.400s] DEBUG:colcon.colcon_core.shell:Skip shell extension 'dsv' for command environment
[0.405s] INFO:colcon.colcon_ros.task.ament_cmake.build:Building ROS package in '/home/me597/me597/Lab1/ws1/src/tutorial_interfaces' with build type 'ament_cmake'
[0.406s] INFO:colcon.colcon_cmake.task.cmake.build:Building CMake package in '/home/me597/me597/Lab1/ws1/src/tutorial_interfaces'
[0.406s] INFO:colcon.colcon_core.shell:Skip shell extension 'powershell' for command environment: Not usable outside of PowerShell
[0.406s] DEBUG:colcon.colcon_core.shell:Skip shell extension 'dsv' for command environment
[0.418s] DEBUG:colcon.colcon_core.event_handler.log_command:Invoking command in '/home/me597/me597/Lab1/ws1/build/task_2_interfaces': CMAKE_PREFIX_PATH=${CMAKE_PREFIX_PATH}:/home/me597/me597/Lab1/ws1/install/task_2:/home/me597/me597/Lab1/ws1/install/task_1:/opt/ros/humble /usr/bin/cmake --build /home/me597/me597/Lab1/ws1/build/task_2_interfaces -- -j4 -l4
[0.835s] INFO:colcon.colcon_core.task.python.build:Building Python package in '/home/me597/me597/Lab1/ws1/src/task_1'
[0.836s] INFO:colcon.colcon_core.shell:Skip shell extension 'powershell' for command environment: Not usable outside of PowerShell
[0.836s] DEBUG:colcon.colcon_core.shell:Skip shell extension 'dsv' for command environment
[0.888s] DEBUG:colcon.colcon_core.event_handler.log_command:Invoking command in '/home/me597/me597/Lab1/ws1/build/tutorial_interfaces': CMAKE_PREFIX_PATH=${CMAKE_PREFIX_PATH}:/home/me597/me597/Lab1/ws1/install/task_2:/home/me597/me597/Lab1/ws1/install/task_1:/opt/ros/humble /usr/bin/cmake --build /home/me597/me597/Lab1/ws1/build/tutorial_interfaces -- -j4 -l4
[1.255s] DEBUG:colcon.colcon_core.event_handler.log_command:Invoked command in '/home/me597/me597/Lab1/ws1/build/task_2_interfaces' returned '0': CMAKE_PREFIX_PATH=${CMAKE_PREFIX_PATH}:/home/me597/me597/Lab1/ws1/install/task_2:/home/me597/me597/Lab1/ws1/install/task_1:/opt/ros/humble /usr/bin/cmake --build /home/me597/me597/Lab1/ws1/build/task_2_interfaces -- -j4 -l4
[1.483s] DEBUG:colcon.colcon_core.event_handler.log_command:Invoking command in '/home/me597/me597/Lab1/ws1/build/task_1': PYTHONPATH=/home/me597/me597/Lab1/ws1/build/task_1/prefix_override:/usr/lib/python3/dist-packages/colcon_core/task/python/colcon_distutils_commands:/home/me597/me597/Lab1/ws1/install/task_1/lib/python3.10/site-packages:${PYTHONPATH} /usr/bin/python3 -W ignore:setup.py install is deprecated setup.py develop --editable --build-directory /home/me597/me597/Lab1/ws1/build/task_1/build --no-deps symlink_data
[1.542s] DEBUG:colcon.colcon_core.event_handler.log_command:Invoking command in '/home/me597/me597/Lab1/ws1/build/task_2_interfaces': CMAKE_PREFIX_PATH=${CMAKE_PREFIX_PATH}:/home/me597/me597/Lab1/ws1/install/task_2:/home/me597/me597/Lab1/ws1/install/task_1:/opt/ros/humble /usr/bin/cmake --install /home/me597/me597/Lab1/ws1/build/task_2_interfaces
[1.613s] DEBUG:colcon.colcon_core.event_handler.log_command:Invoked command in '/home/me597/me597/Lab1/ws1/build/tutorial_interfaces' returned '0': CMAKE_PREFIX_PATH=${CMAKE_PREFIX_PATH}:/home/me597/me597/Lab1/ws1/install/task_2:/home/me597/me597/Lab1/ws1/install/task_1:/opt/ros/humble /usr/bin/cmake --build /home/me597/me597/Lab1/ws1/build/tutorial_interfaces -- -j4 -l4
[1.663s] Level 1:colcon.colcon_core.environment:create_environment_scripts_only(task_2_interfaces)
[1.663s] DEBUG:colcon.colcon_core.event_handler.log_command:Invoked command in '/home/me597/me597/Lab1/ws1/build/task_2_interfaces' returned '0': CMAKE_PREFIX_PATH=${CMAKE_PREFIX_PATH}:/home/me597/me597/Lab1/ws1/install/task_2:/home/me597/me597/Lab1/ws1/install/task_1:/opt/ros/humble /usr/bin/cmake --install /home/me597/me597/Lab1/ws1/build/task_2_interfaces
[1.667s] Level 1:colcon.colcon_core.environment:checking '/home/me597/me597/Lab1/ws1/install/task_2_interfaces' for CMake module files
[1.668s] Level 1:colcon.colcon_core.environment:checking '/home/me597/me597/Lab1/ws1/install/task_2_interfaces' for CMake config files
[1.670s] Level 1:colcon.colcon_core.shell:create_environment_hook('task_2_interfaces', 'cmake_prefix_path')
[1.670s] INFO:colcon.colcon_core.shell:Creating environment hook '/home/me597/me597/Lab1/ws1/install/task_2_interfaces/share/task_2_interfaces/hook/cmake_prefix_path.ps1'
[1.671s] INFO:colcon.colcon_core.shell:Creating environment descriptor '/home/me597/me597/Lab1/ws1/install/task_2_interfaces/share/task_2_interfaces/hook/cmake_prefix_path.dsv'
[1.672s] INFO:colcon.colcon_core.shell:Creating environment hook '/home/me597/me597/Lab1/ws1/install/task_2_interfaces/share/task_2_interfaces/hook/cmake_prefix_path.sh'
[1.672s] Level 1:colcon.colcon_core.environment:checking '/home/me597/me597/Lab1/ws1/install/task_2_interfaces/lib'
[1.673s] Level 1:colcon.colcon_core.shell:create_environment_hook('task_2_interfaces', 'ld_library_path_lib')
[1.673s] INFO:colcon.colcon_core.shell:Creating environment hook '/home/me597/me597/Lab1/ws1/install/task_2_interfaces/share/task_2_interfaces/hook/ld_library_path_lib.ps1'
[1.673s] INFO:colcon.colcon_core.shell:Creating environment descriptor '/home/me597/me597/Lab1/ws1/install/task_2_interfaces/share/task_2_interfaces/hook/ld_library_path_lib.dsv'
[1.674s] INFO:colcon.colcon_core.shell:Creating environment hook '/home/me597/me597/Lab1/ws1/install/task_2_interfaces/share/task_2_interfaces/hook/ld_library_path_lib.sh'
[1.675s] Level 1:colcon.colcon_core.environment:checking '/home/me597/me597/Lab1/ws1/install/task_2_interfaces/bin'
[1.675s] Level 1:colcon.colcon_core.environment:checking '/home/me597/me597/Lab1/ws1/install/task_2_interfaces/lib/pkgconfig/task_2_interfaces.pc'
[1.675s] Level 1:colcon.colcon_core.environment:checking '/home/me597/me597/Lab1/ws1/install/task_2_interfaces/lib/python3.10/site-packages'
[1.676s] Level 1:colcon.colcon_core.environment:checking '/home/me597/me597/Lab1/ws1/install/task_2_interfaces/bin'
[1.676s] INFO:colcon.colcon_core.shell:Creating package script '/home/me597/me597/Lab1/ws1/install/task_2_interfaces/share/task_2_interfaces/package.ps1'
[1.677s] INFO:colcon.colcon_core.shell:Creating package descriptor '/home/me597/me597/Lab1/ws1/install/task_2_interfaces/share/task_2_interfaces/package.dsv'
[1.678s] INFO:colcon.colcon_core.shell:Creating package script '/home/me597/me597/Lab1/ws1/install/task_2_interfaces/share/task_2_interfaces/package.sh'
[1.679s] INFO:colcon.colcon_core.shell:Creating package script '/home/me597/me597/Lab1/ws1/install/task_2_interfaces/share/task_2_interfaces/package.bash'
[1.680s] INFO:colcon.colcon_core.shell:Creating package script '/home/me597/me597/Lab1/ws1/install/task_2_interfaces/share/task_2_interfaces/package.zsh'
[1.681s] Level 1:colcon.colcon_core.environment:create_file_with_runtime_dependencies(/home/me597/me597/Lab1/ws1/install/task_2_interfaces/share/colcon-core/packages/task_2_interfaces)
[1.842s] DEBUG:colcon.colcon_core.event_handler.log_command:Invoking command in '/home/me597/me597/Lab1/ws1/build/tutorial_interfaces': CMAKE_PREFIX_PATH=${CMAKE_PREFIX_PATH}:/home/me597/me597/Lab1/ws1/install/task_2:/home/me597/me597/Lab1/ws1/install/task_1:/opt/ros/humble /usr/bin/cmake --install /home/me597/me597/Lab1/ws1/build/tutorial_interfaces
[1.854s] Level 1:colcon.colcon_core.environment:create_environment_scripts_only(task_2_interfaces)
[1.854s] Level 1:colcon.colcon_core.environment:checking '/home/me597/me597/Lab1/ws1/install/task_2_interfaces' for CMake module files
[1.855s] Level 1:colcon.colcon_core.environment:checking '/home/me597/me597/Lab1/ws1/install/task_2_interfaces' for CMake config files
[1.863s] Level 1:colcon.colcon_core.shell:create_environment_hook('task_2_interfaces', 'cmake_prefix_path')
[1.864s] INFO:colcon.colcon_core.shell:Creating environment hook '/home/me597/me597/Lab1/ws1/install/task_2_interfaces/share/task_2_interfaces/hook/cmake_prefix_path.ps1'
[1.864s] INFO:colcon.colcon_core.shell:Creating environment descriptor '/home/me597/me597/Lab1/ws1/install/task_2_interfaces/share/task_2_interfaces/hook/cmake_prefix_path.dsv'
[1.865s] INFO:colcon.colcon_core.shell:Creating environment hook '/home/me597/me597/Lab1/ws1/install/task_2_interfaces/share/task_2_interfaces/hook/cmake_prefix_path.sh'
[1.867s] Level 1:colcon.colcon_core.environment:checking '/home/me597/me597/Lab1/ws1/install/task_2_interfaces/lib'
[1.867s] Level 1:colcon.colcon_core.shell:create_environment_hook('task_2_interfaces', 'ld_library_path_lib')
[1.867s] INFO:colcon.colcon_core.shell:Creating environment hook '/home/me597/me597/Lab1/ws1/install/task_2_interfaces/share/task_2_interfaces/hook/ld_library_path_lib.ps1'
[1.868s] INFO:colcon.colcon_core.shell:Creating environment descriptor '/home/me597/me597/Lab1/ws1/install/task_2_interfaces/share/task_2_interfaces/hook/ld_library_path_lib.dsv'
[1.868s] INFO:colcon.colcon_core.shell:Creating environment hook '/home/me597/me597/Lab1/ws1/install/task_2_interfaces/share/task_2_interfaces/hook/ld_library_path_lib.sh'
[1.869s] Level 1:colcon.colcon_core.environment:checking '/home/me597/me597/Lab1/ws1/install/task_2_interfaces/bin'
[1.869s] Level 1:colcon.colcon_core.environment:checking '/home/me597/me597/Lab1/ws1/install/task_2_interfaces/lib/pkgconfig/task_2_interfaces.pc'
[1.869s] Level 1:colcon.colcon_core.environment:checking '/home/me597/me597/Lab1/ws1/install/task_2_interfaces/lib/python3.10/site-packages'
[1.870s] Level 1:colcon.colcon_core.environment:checking '/home/me597/me597/Lab1/ws1/install/task_2_interfaces/bin'
[1.870s] INFO:colcon.colcon_core.shell:Creating package script '/home/me597/me597/Lab1/ws1/install/task_2_interfaces/share/task_2_interfaces/package.ps1'
[1.872s] INFO:colcon.colcon_core.shell:Creating package descriptor '/home/me597/me597/Lab1/ws1/install/task_2_interfaces/share/task_2_interfaces/package.dsv'
[1.874s] INFO:colcon.colcon_core.shell:Creating package script '/home/me597/me597/Lab1/ws1/install/task_2_interfaces/share/task_2_interfaces/package.sh'
[1.875s] INFO:colcon.colcon_core.shell:Creating package script '/home/me597/me597/Lab1/ws1/install/task_2_interfaces/share/task_2_interfaces/package.bash'
[1.876s] INFO:colcon.colcon_core.shell:Creating package script '/home/me597/me597/Lab1/ws1/install/task_2_interfaces/share/task_2_interfaces/package.zsh'
[1.877s] Level 1:colcon.colcon_core.environment:create_file_with_runtime_dependencies(/home/me597/me597/Lab1/ws1/install/task_2_interfaces/share/colcon-core/packages/task_2_interfaces)
[1.877s] INFO:colcon.colcon_ros.task.ament_python.build:Building ROS package in '/home/me597/me597/Lab1/ws1/src/task_2' with build type 'ament_python'
[1.877s] Level 1:colcon.colcon_core.shell:create_environment_hook('task_2', 'ament_prefix_path')
[1.878s] INFO:colcon.colcon_core.shell:Creating environment hook '/home/me597/me597/Lab1/ws1/install/task_2/share/task_2/hook/ament_prefix_path.ps1'
[1.878s] INFO:colcon.colcon_core.shell:Creating environment descriptor '/home/me597/me597/Lab1/ws1/install/task_2/share/task_2/hook/ament_prefix_path.dsv'
[1.880s] INFO:colcon.colcon_core.shell:Creating environment hook '/home/me597/me597/Lab1/ws1/install/task_2/share/task_2/hook/ament_prefix_path.sh'
[1.881s] INFO:colcon.colcon_core.shell:Skip shell extension 'powershell' for command environment: Not usable outside of PowerShell
[1.882s] DEBUG:colcon.colcon_core.shell:Skip shell extension 'dsv' for command environment
[2.252s] INFO:colcon.colcon_core.task.python.build:Building Python package in '/home/me597/me597/Lab1/ws1/src/task_2'
[2.252s] INFO:colcon.colcon_core.shell:Skip shell extension 'powershell' for command environment: Not usable outside of PowerShell
[2.252s] DEBUG:colcon.colcon_core.shell:Skip shell extension 'dsv' for command environment
[2.259s] Level 1:colcon.colcon_core.environment:create_environment_scripts_only(tutorial_interfaces)
[2.259s] Level 1:colcon.colcon_core.environment:checking '/home/me597/me597/Lab1/ws1/install/tutorial_interfaces' for CMake module files
[2.260s] Level 1:colcon.colcon_core.environment:checking '/home/me597/me597/Lab1/ws1/install/tutorial_interfaces' for CMake config files
[2.261s] DEBUG:colcon.colcon_core.event_handler.log_command:Invoked command in '/home/me597/me597/Lab1/ws1/build/tutorial_interfaces' returned '0': CMAKE_PREFIX_PATH=${CMAKE_PREFIX_PATH}:/home/me597/me597/Lab1/ws1/install/task_2:/home/me597/me597/Lab1/ws1/install/task_1:/opt/ros/humble /usr/bin/cmake --install /home/me597/me597/Lab1/ws1/build/tutorial_interfaces
[2.263s] Level 1:colcon.colcon_core.shell:create_environment_hook('tutorial_interfaces', 'cmake_prefix_path')
[2.263s] INFO:colcon.colcon_core.shell:Creating environment hook '/home/me597/me597/Lab1/ws1/install/tutorial_interfaces/share/tutorial_interfaces/hook/cmake_prefix_path.ps1'
[2.264s] INFO:colcon.colcon_core.shell:Creating environment descriptor '/home/me597/me597/Lab1/ws1/install/tutorial_interfaces/share/tutorial_interfaces/hook/cmake_prefix_path.dsv'
[2.264s] INFO:colcon.colcon_core.shell:Creating environment hook '/home/me597/me597/Lab1/ws1/install/tutorial_interfaces/share/tutorial_interfaces/hook/cmake_prefix_path.sh'
[2.265s] Level 1:colcon.colcon_core.environment:checking '/home/me597/me597/Lab1/ws1/install/tutorial_interfaces/lib'
[2.265s] Level 1:colcon.colcon_core.shell:create_environment_hook('tutorial_interfaces', 'ld_library_path_lib')
[2.265s] INFO:colcon.colcon_core.shell:Creating environment hook '/home/me597/me597/Lab1/ws1/install/tutorial_interfaces/share/tutorial_interfaces/hook/ld_library_path_lib.ps1'
[2.266s] INFO:colcon.colcon_core.shell:Creating environment descriptor '/home/me597/me597/Lab1/ws1/install/tutorial_interfaces/share/tutorial_interfaces/hook/ld_library_path_lib.dsv'
[2.267s] INFO:colcon.colcon_core.shell:Creating environment hook '/home/me597/me597/Lab1/ws1/install/tutorial_interfaces/share/tutorial_interfaces/hook/ld_library_path_lib.sh'
[2.267s] Level 1:colcon.colcon_core.environment:checking '/home/me597/me597/Lab1/ws1/install/tutorial_interfaces/bin'
[2.268s] Level 1:colcon.colcon_core.environment:checking '/home/me597/me597/Lab1/ws1/install/tutorial_interfaces/lib/pkgconfig/tutorial_interfaces.pc'
[2.268s] Level 1:colcon.colcon_core.environment:checking '/home/me597/me597/Lab1/ws1/install/tutorial_interfaces/lib/python3.10/site-packages'
[2.268s] Level 1:colcon.colcon_core.environment:checking '/home/me597/me597/Lab1/ws1/install/tutorial_interfaces/bin'
[2.269s] INFO:colcon.colcon_core.shell:Creating package script '/home/me597/me597/Lab1/ws1/install/tutorial_interfaces/share/tutorial_interfaces/package.ps1'
[2.269s] INFO:colcon.colcon_core.shell:Creating package descriptor '/home/me597/me597/Lab1/ws1/install/tutorial_interfaces/share/tutorial_interfaces/package.dsv'
[2.270s] INFO:colcon.colcon_core.shell:Creating package script '/home/me597/me597/Lab1/ws1/install/tutorial_interfaces/share/tutorial_interfaces/package.sh'
[2.270s] INFO:colcon.colcon_core.shell:Creating package script '/home/me597/me597/Lab1/ws1/install/tutorial_interfaces/share/tutorial_interfaces/package.bash'
[2.271s] INFO:colcon.colcon_core.shell:Creating package script '/home/me597/me597/Lab1/ws1/install/tutorial_interfaces/share/tutorial_interfaces/package.zsh'
[2.271s] Level 1:colcon.colcon_core.environment:create_file_with_runtime_dependencies(/home/me597/me597/Lab1/ws1/install/tutorial_interfaces/share/colcon-core/packages/tutorial_interfaces)
[2.273s] Level 1:colcon.colcon_core.shell:create_environment_hook('task_1', 'pythonpath_develop')
[2.274s] INFO:colcon.colcon_core.shell:Creating environment hook '/home/me597/me597/Lab1/ws1/build/task_1/share/task_1/hook/pythonpath_develop.ps1'
[2.274s] DEBUG:colcon.colcon_core.event_handler.log_command:Invoked command in '/home/me597/me597/Lab1/ws1/build/task_1' returned '0': PYTHONPATH=/home/me597/me597/Lab1/ws1/build/task_1/prefix_override:/usr/lib/python3/dist-packages/colcon_core/task/python/colcon_distutils_commands:/home/me597/me597/Lab1/ws1/install/task_1/lib/python3.10/site-packages:${PYTHONPATH} /usr/bin/python3 -W ignore:setup.py install is deprecated setup.py develop --editable --build-directory /home/me597/me597/Lab1/ws1/build/task_1/build --no-deps symlink_data
[2.275s] INFO:colcon.colcon_core.shell:Creating environment descriptor '/home/me597/me597/Lab1/ws1/build/task_1/share/task_1/hook/pythonpath_develop.dsv'
[2.275s] INFO:colcon.colcon_core.shell:Creating environment hook '/home/me597/me597/Lab1/ws1/build/task_1/share/task_1/hook/pythonpath_develop.sh'
[2.276s] Level 1:colcon.colcon_core.environment:checking '/home/me597/me597/Lab1/ws1/install/task_1' for CMake module files
[2.277s] Level 1:colcon.colcon_core.environment:checking '/home/me597/me597/Lab1/ws1/install/task_1' for CMake config files
[2.277s] Level 1:colcon.colcon_core.environment:checking '/home/me597/me597/Lab1/ws1/install/task_1/lib'
[2.277s] Level 1:colcon.colcon_core.environment:checking '/home/me597/me597/Lab1/ws1/install/task_1/bin'
[2.277s] Level 1:colcon.colcon_core.environment:checking '/home/me597/me597/Lab1/ws1/install/task_1/lib/pkgconfig/task_1.pc'
[2.278s] Level 1:colcon.colcon_core.environment:checking '/home/me597/me597/Lab1/ws1/install/task_1/lib/python3.10/site-packages'
[2.278s] Level 1:colcon.colcon_core.shell:create_environment_hook('task_1', 'pythonpath')
[2.278s] INFO:colcon.colcon_core.shell:Creating environment hook '/home/me597/me597/Lab1/ws1/install/task_1/share/task_1/hook/pythonpath.ps1'
[2.279s] INFO:colcon.colcon_core.shell:Creating environment descriptor '/home/me597/me597/Lab1/ws1/install/task_1/share/task_1/hook/pythonpath.dsv'
[2.279s] INFO:colcon.colcon_core.shell:Creating environment hook '/home/me597/me597/Lab1/ws1/install/task_1/share/task_1/hook/pythonpath.sh'
[2.280s] Level 1:colcon.colcon_core.environment:checking '/home/me597/me597/Lab1/ws1/install/task_1/bin'
[2.280s] Level 1:colcon.colcon_core.environment:create_environment_scripts_only(task_1)
[2.280s] INFO:colcon.colcon_core.shell:Creating package script '/home/me597/me597/Lab1/ws1/install/task_1/share/task_1/package.ps1'
[2.281s] INFO:colcon.colcon_core.shell:Creating package descriptor '/home/me597/me597/Lab1/ws1/install/task_1/share/task_1/package.dsv'
[2.282s] INFO:colcon.colcon_core.shell:Creating package script '/home/me597/me597/Lab1/ws1/install/task_1/share/task_1/package.sh'
[2.282s] INFO:colcon.colcon_core.shell:Creating package script '/home/me597/me597/Lab1/ws1/install/task_1/share/task_1/package.bash'
[2.283s] INFO:colcon.colcon_core.shell:Creating package script '/home/me597/me597/Lab1/ws1/install/task_1/share/task_1/package.zsh'
[2.283s] Level 1:colcon.colcon_core.environment:create_file_with_runtime_dependencies(/home/me597/me597/Lab1/ws1/install/task_1/share/colcon-core/packages/task_1)
[2.506s] Level 1:colcon.colcon_core.environment:create_environment_scripts_only(tutorial_interfaces)
[2.506s] Level 1:colcon.colcon_core.environment:checking '/home/me597/me597/Lab1/ws1/install/tutorial_interfaces' for CMake module files
[2.507s] Level 1:colcon.colcon_core.environment:checking '/home/me597/me597/Lab1/ws1/install/tutorial_interfaces' for CMake config files
[2.508s] Level 1:colcon.colcon_core.shell:create_environment_hook('tutorial_interfaces', 'cmake_prefix_path')
[2.509s] INFO:colcon.colcon_core.shell:Creating environment hook '/home/me597/me597/Lab1/ws1/install/tutorial_interfaces/share/tutorial_interfaces/hook/cmake_prefix_path.ps1'
[2.509s] INFO:colcon.colcon_core.shell:Creating environment descriptor '/home/me597/me597/Lab1/ws1/install/tutorial_interfaces/share/tutorial_interfaces/hook/cmake_prefix_path.dsv'
[2.510s] INFO:colcon.colcon_core.shell:Creating environment hook '/home/me597/me597/Lab1/ws1/install/tutorial_interfaces/share/tutorial_interfaces/hook/cmake_prefix_path.sh'
[2.511s] Level 1:colcon.colcon_core.environment:checking '/home/me597/me597/Lab1/ws1/install/tutorial_interfaces/lib'
[2.511s] Level 1:colcon.colcon_core.shell:create_environment_hook('tutorial_interfaces', 'ld_library_path_lib')
[2.511s] INFO:colcon.colcon_core.shell:Creating environment hook '/home/me597/me597/Lab1/ws1/install/tutorial_interfaces/share/tutorial_interfaces/hook/ld_library_path_lib.ps1'
[2.512s] INFO:colcon.colcon_core.shell:Creating environment descriptor '/home/me597/me597/Lab1/ws1/install/tutorial_interfaces/share/tutorial_interfaces/hook/ld_library_path_lib.dsv'
[2.513s] INFO:colcon.colcon_core.shell:Creating environment hook '/home/me597/me597/Lab1/ws1/install/tutorial_interfaces/share/tutorial_interfaces/hook/ld_library_path_lib.sh'
[2.514s] Level 1:colcon.colcon_core.environment:checking '/home/me597/me597/Lab1/ws1/install/tutorial_interfaces/bin'
[2.515s] Level 1:colcon.colcon_core.environment:checking '/home/me597/me597/Lab1/ws1/install/tutorial_interfaces/lib/pkgconfig/tutorial_interfaces.pc'
[2.516s] Level 1:colcon.colcon_core.environment:checking '/home/me597/me597/Lab1/ws1/install/tutorial_interfaces/lib/python3.10/site-packages'
[2.516s] Level 1:colcon.colcon_core.environment:checking '/home/me597/me597/Lab1/ws1/install/tutorial_interfaces/bin'
[2.516s] INFO:colcon.colcon_core.shell:Creating package script '/home/me597/me597/Lab1/ws1/install/tutorial_interfaces/share/tutorial_interfaces/package.ps1'
[2.517s] INFO:colcon.colcon_core.shell:Creating package descriptor '/home/me597/me597/Lab1/ws1/install/tutorial_interfaces/share/tutorial_interfaces/package.dsv'
[2.518s] INFO:colcon.colcon_core.shell:Creating package script '/home/me597/me597/Lab1/ws1/install/tutorial_interfaces/share/tutorial_interfaces/package.sh'
[2.518s] INFO:colcon.colcon_core.shell:Creating package script '/home/me597/me597/Lab1/ws1/install/tutorial_interfaces/share/tutorial_interfaces/package.bash'
[2.519s] INFO:colcon.colcon_core.shell:Creating package script '/home/me597/me597/Lab1/ws1/install/tutorial_interfaces/share/tutorial_interfaces/package.zsh'
[2.520s] Level 1:colcon.colcon_core.environment:create_file_with_runtime_dependencies(/home/me597/me597/Lab1/ws1/install/tutorial_interfaces/share/colcon-core/packages/tutorial_interfaces)
[2.705s] DEBUG:colcon.colcon_core.event_handler.log_command:Invoking command in '/home/me597/me597/Lab1/ws1/build/task_2': CMAKE_PREFIX_PATH=/home/me597/me597/Lab1/ws1/install/task_2_interfaces:/home/me597/me597/Lab1/ws1/install/tutorial_interfaces LD_LIBRARY_PATH=/home/me597/me597/Lab1/ws1/install/task_2_interfaces/lib:/home/me597/me597/Lab1/ws1/install/tutorial_interfaces/lib:/usr/lib/x86_64-linux-gnu/gazebo-11/plugins:/opt/ros/humble/opt/rviz_ogre_vendor/lib:/opt/ros/humble/lib/x86_64-linux-gnu:/opt/ros/humble/lib PYTHONPATH=/home/me597/me597/Lab1/ws1/build/task_2/prefix_override:/usr/lib/python3/dist-packages/colcon_core/task/python/colcon_distutils_commands:/home/me597/me597/Lab1/ws1/install/task_2/lib/python3.10/site-packages:${PYTHONPATH} /usr/bin/python3 -W ignore:setup.py install is deprecated setup.py develop --editable --build-directory /home/me597/me597/Lab1/ws1/build/task_2/build --no-deps symlink_data
[3.221s] Level 1:colcon.colcon_core.shell:create_environment_hook('task_2', 'pythonpath_develop')
[3.222s] INFO:colcon.colcon_core.shell:Creating environment hook '/home/me597/me597/Lab1/ws1/build/task_2/share/task_2/hook/pythonpath_develop.ps1'
[3.222s] INFO:colcon.colcon_core.shell:Creating environment descriptor '/home/me597/me597/Lab1/ws1/build/task_2/share/task_2/hook/pythonpath_develop.dsv'
[3.223s] DEBUG:colcon.colcon_core.event_handler.log_command:Invoked command in '/home/me597/me597/Lab1/ws1/build/task_2' returned '0': CMAKE_PREFIX_PATH=/home/me597/me597/Lab1/ws1/install/task_2_interfaces:/home/me597/me597/Lab1/ws1/install/tutorial_interfaces LD_LIBRARY_PATH=/home/me597/me597/Lab1/ws1/install/task_2_interfaces/lib:/home/me597/me597/Lab1/ws1/install/tutorial_interfaces/lib:/usr/lib/x86_64-linux-gnu/gazebo-11/plugins:/opt/ros/humble/opt/rviz_ogre_vendor/lib:/opt/ros/humble/lib/x86_64-linux-gnu:/opt/ros/humble/lib PYTHONPATH=/home/me597/me597/Lab1/ws1/build/task_2/prefix_override:/usr/lib/python3/dist-packages/colcon_core/task/python/colcon_distutils_commands:/home/me597/me597/Lab1/ws1/install/task_2/lib/python3.10/site-packages:${PYTHONPATH} /usr/bin/python3 -W ignore:setup.py install is deprecated setup.py develop --editable --build-directory /home/me597/me597/Lab1/ws1/build/task_2/build --no-deps symlink_data
[3.224s] INFO:colcon.colcon_core.shell:Creating environment hook '/home/me597/me597/Lab1/ws1/build/task_2/share/task_2/hook/pythonpath_develop.sh'
[3.224s] Level 1:colcon.colcon_core.environment:checking '/home/me597/me597/Lab1/ws1/install/task_2' for CMake module files
[3.225s] Level 1:colcon.colcon_core.environment:checking '/home/me597/me597/Lab1/ws1/install/task_2' for CMake config files
[3.226s] Level 1:colcon.colcon_core.environment:checking '/home/me597/me597/Lab1/ws1/install/task_2/lib'
[3.226s] Level 1:colcon.colcon_core.environment:checking '/home/me597/me597/Lab1/ws1/install/task_2/bin'
[3.226s] Level 1:colcon.colcon_core.environment:checking '/home/me597/me597/Lab1/ws1/install/task_2/lib/pkgconfig/task_2.pc'
[3.226s] Level 1:colcon.colcon_core.environment:checking '/home/me597/me597/Lab1/ws1/install/task_2/lib/python3.10/site-packages'
[3.226s] Level 1:colcon.colcon_core.shell:create_environment_hook('task_2', 'pythonpath')
[3.227s] INFO:colcon.colcon_core.shell:Creating environment hook '/home/me597/me597/Lab1/ws1/install/task_2/share/task_2/hook/pythonpath.ps1'
[3.227s] INFO:colcon.colcon_core.shell:Creating environment descriptor '/home/me597/me597/Lab1/ws1/install/task_2/share/task_2/hook/pythonpath.dsv'
[3.228s] INFO:colcon.colcon_core.shell:Creating environment hook '/home/me597/me597/Lab1/ws1/install/task_2/share/task_2/hook/pythonpath.sh'
[3.229s] Level 1:colcon.colcon_core.environment:checking '/home/me597/me597/Lab1/ws1/install/task_2/bin'
[3.229s] Level 1:colcon.colcon_core.environment:create_environment_scripts_only(task_2)
[3.229s] INFO:colcon.colcon_core.shell:Creating package script '/home/me597/me597/Lab1/ws1/install/task_2/share/task_2/package.ps1'
[3.230s] INFO:colcon.colcon_core.shell:Creating package descriptor '/home/me597/me597/Lab1/ws1/install/task_2/share/task_2/package.dsv'
[3.231s] INFO:colcon.colcon_core.shell:Creating package script '/home/me597/me597/Lab1/ws1/install/task_2/share/task_2/package.sh'
[3.233s] INFO:colcon.colcon_core.shell:Creating package script '/home/me597/me597/Lab1/ws1/install/task_2/share/task_2/package.bash'
[3.233s] INFO:colcon.colcon_core.shell:Creating package script '/home/me597/me597/Lab1/ws1/install/task_2/share/task_2/package.zsh'
[3.234s] Level 1:colcon.colcon_core.environment:create_file_with_runtime_dependencies(/home/me597/me597/Lab1/ws1/install/task_2/share/colcon-core/packages/task_2)
[3.235s] DEBUG:colcon.colcon_parallel_executor.executor.parallel:closing loop
[3.236s] DEBUG:colcon.colcon_parallel_executor.executor.parallel:loop closed
[3.236s] DEBUG:colcon.colcon_parallel_executor.executor.parallel:run_until_complete finished with '0'
[3.237s] DEBUG:colcon.colcon_core.event_reactor:joining thread
[3.244s] INFO:colcon.colcon_core.plugin_system:Skipping extension 'colcon_notification.desktop_notification.terminal_notifier': Not used on non-Darwin systems
[3.245s] INFO:colcon.colcon_core.plugin_system:Skipping extension 'colcon_notification.desktop_notification.win32': Not used on non-Windows systems
[3.245s] INFO:colcon.colcon_notification.desktop_notification:Sending desktop notification using 'notify2'
[3.268s] DEBUG:colcon.colcon_core.event_reactor:joined thread
[3.269s] INFO:colcon.colcon_core.shell:Creating prefix script '/home/me597/me597/Lab1/ws1/install/local_setup.ps1'
[3.270s] INFO:colcon.colcon_core.shell:Creating prefix util module '/home/me597/me597/Lab1/ws1/install/_local_setup_util_ps1.py'
[3.272s] INFO:colcon.colcon_core.shell:Creating prefix chain script '/home/me597/me597/Lab1/ws1/install/setup.ps1'
[3.274s] INFO:colcon.colcon_core.shell:Creating prefix script '/home/me597/me597/Lab1/ws1/install/local_setup.sh'
[3.275s] INFO:colcon.colcon_core.shell:Creating prefix util module '/home/me597/me597/Lab1/ws1/install/_local_setup_util_sh.py'
[3.275s] INFO:colcon.colcon_core.shell:Creating prefix chain script '/home/me597/me597/Lab1/ws1/install/setup.sh'
[3.277s] INFO:colcon.colcon_core.shell:Creating prefix script '/home/me597/me597/Lab1/ws1/install/local_setup.bash'
[3.278s] INFO:colcon.colcon_core.shell:Creating prefix chain script '/home/me597/me597/Lab1/ws1/install/setup.bash'
[3.279s] INFO:colcon.colcon_core.shell:Creating prefix script '/home/me597/me597/Lab1/ws1/install/local_setup.zsh'
[3.280s] INFO:colcon.colcon_core.shell:Creating prefix chain script '/home/me597/me597/Lab1/ws1/install/setup.zsh'
