[2.707s] Invoking command in '/home/me597/ME597_Lab/Lab3/ws1/build/sim_utils': PYTHONPATH=/home/me597/ME597_Lab/Lab3/ws1/build/sim_utils/prefix_override:/usr/lib/python3/dist-packages/colcon_core/task/python/colcon_distutils_commands:/home/me597/ME597_Lab/Lab3/ws1/install/sim_utils/lib/python3.10/site-packages:${PYTHONPATH} /usr/bin/python3 -W ignore:setup.py install is deprecated setup.py develop --editable --build-directory /home/me597/ME597_Lab/Lab3/ws1/build/sim_utils/build --no-deps symlink_data
[3.914s] /usr/lib/python3/dist-packages/setuptools/command/easy_install.py:158: EasyInstallDeprecationWarning: easy_install command is deprecated. Use build and pip and other standards-based tools.
[3.914s]   warnings.warn(
[3.914s] running develop
[4.603s] running egg_info
[4.603s] creating sim_utils.egg-info
[4.603s] writing sim_utils.egg-info/PKG-INFO
[4.611s] writing dependency_links to sim_utils.egg-info/dependency_links.txt
[4.611s] writing entry points to sim_utils.egg-info/entry_points.txt
[4.611s] writing requirements to sim_utils.egg-info/requires.txt
[4.611s] writing top-level names to sim_utils.egg-info/top_level.txt
[4.611s] writing manifest file 'sim_utils.egg-info/SOURCES.txt'
[4.616s] reading manifest file 'sim_utils.egg-info/SOURCES.txt'
[4.616s] writing manifest file 'sim_utils.egg-info/SOURCES.txt'
[4.634s] running build_ext
[4.634s] Creating /home/me597/ME597_Lab/Lab3/ws1/install/sim_utils/lib/python3.10/site-packages/sim-utils.egg-link (link to .)
[4.642s] Installing red_ball_controller script to /home/me597/ME597_Lab/Lab3/ws1/install/sim_utils/lib/sim_utils
[4.642s] 
[4.642s] Installed /home/me597/ME597_Lab/Lab3/ws1/build/sim_utils
[4.642s] running symlink_data
[4.642s] creating /home/me597/ME597_Lab/Lab3/ws1/install/sim_utils/share/ament_index
[4.642s] creating /home/me597/ME597_Lab/Lab3/ws1/install/sim_utils/share/ament_index/resource_index
[4.643s] creating /home/me597/ME597_Lab/Lab3/ws1/install/sim_utils/share/ament_index/resource_index/packages
[4.643s] symbolically linking /home/me597/ME597_Lab/Lab3/ws1/build/sim_utils/resource/sim_utils -> /home/me597/ME597_Lab/Lab3/ws1/install/sim_utils/share/ament_index/resource_index/packages
[4.643s] symbolically linking /home/me597/ME597_Lab/Lab3/ws1/build/sim_utils/package.xml -> /home/me597/ME597_Lab/Lab3/ws1/install/sim_utils/share/sim_utils
[4.796s] Invoked command in '/home/me597/ME597_Lab/Lab3/ws1/build/sim_utils' returned '0': PYTHONPATH=/home/me597/ME597_Lab/Lab3/ws1/build/sim_utils/prefix_override:/usr/lib/python3/dist-packages/colcon_core/task/python/colcon_distutils_commands:/home/me597/ME597_Lab/Lab3/ws1/install/sim_utils/lib/python3.10/site-packages:${PYTHONPATH} /usr/bin/python3 -W ignore:setup.py install is deprecated setup.py develop --editable --build-directory /home/me597/ME597_Lab/Lab3/ws1/build/sim_utils/build --no-deps symlink_data
