[0.536s] Invoking command in '/home/me597/me597/Lab3/ws1/build/turtlebot3_gazebo': CMAKE_PREFIX_PATH=/home/me597/me597/Lab3/ws1/install/task_4:/opt/ros/humble /usr/bin/cmake /home/me597/me597/Lab3/ws1/src/sim_ws/src/turtlebot3_gazebo -DAMENT_CMAKE_SYMLINK_INSTALL=1 -DCMAKE_INSTALL_PREFIX=/home/me597/me597/Lab3/ws1/install/turtlebot3_gazebo
[0.615s] -- The C compiler identification is GNU 11.4.0
[0.698s] -- The CXX compiler identification is GNU 11.4.0
[0.707s] -- Detecting C compiler ABI info
[0.829s] -- Detecting C compiler ABI info - done
[0.837s] -- Check for working C compiler: /usr/bin/cc - skipped
[0.838s] -- Detecting C compile features
[0.839s] -- Detecting C compile features - done
[0.845s] -- Detecting CXX compiler ABI info
[0.989s] -- Detecting CXX compiler ABI info - done
[0.997s] -- Check for working CXX compiler: /usr/bin/c++ - skipped
[0.998s] -- Detecting CXX compile features
[1.000s] -- Detecting CXX compile features - done
[1.003s] -- Found ament_cmake: 1.3.10 (/opt/ros/humble/share/ament_cmake/cmake)
[1.198s] -- Found Python3: /usr/bin/python3 (found version "3.10.12") found components: Interpreter 
[1.276s] -- Override CMake install command with custom implementation using symlinks instead of copying resources
[1.318s] [33mCMake Warning (dev) at /usr/share/cmake-3.22/Modules/FindPackageHandleStandardArgs.cmake:438 (message):
[1.319s]   The package name passed to `find_package_handle_standard_args` (PkgConfig)
[1.320s]   does not match the name of the calling package (gazebo).  This can lead to
[1.321s]   problems in calling code that expects `find_package` result variables
[1.321s]   (e.g., `_FOUND`) to follow a certain pattern.
[1.322s] Call Stack (most recent call first):
[1.322s]   /usr/share/cmake-3.22/Modules/FindPkgConfig.cmake:99 (find_package_handle_standard_args)
[1.322s]   /usr/lib/x86_64-linux-gnu/cmake/gazebo/gazebo-config.cmake:72 (include)
[1.322s]   CMakeLists.txt:23 (find_package)
[1.322s] This warning is for project developers.  Use -Wno-dev to suppress it.
[1.322s] [0m
[1.324s] -- Found PkgConfig: /usr/bin/pkg-config (found version "0.29.2") 
[1.330s] -- Checking for module 'bullet>=2.82'
[1.348s] --   Found bullet, version 3.05
[1.512s] -- Found fcl: /usr/include (found suitable version "0.7.0", minimum required is "0.5.0") 
[1.582s] -- Found assimp: /usr/include (found version "5.2.0") 
[1.602s] -- Found DART: /usr/include (Required is at least version "6.6") found components: dart 
[1.808s] -- Found Boost: /usr/lib/x86_64-linux-gnu/cmake/Boost-1.74.0/BoostConfig.cmake (found suitable version "1.74.0", minimum required is "1.40.0") found components: thread system filesystem program_options regex iostreams date_time 
[1.825s] -- Found Protobuf: /usr/lib/x86_64-linux-gnu/libprotobuf.so (found version "3.12.4") 
[1.829s] -- Looking for ignition-math6 -- found version 6.15.1
[1.835s] -- Searching for dependencies of ignition-math6
[1.836s] -- Looking for OGRE...
[1.836s] -- OGRE_PREFIX_WATCH changed.
[1.848s] -- Checking for module 'OGRE'
[1.867s] --   Found OGRE, version 1.9.0
[1.911s] -- Found Ogre Ghadamon (1.9.0)
[1.918s] -- Found OGRE: optimized;/usr/lib/x86_64-linux-gnu/libOgreMain.so;debug;/usr/lib/x86_64-linux-gnu/libOgreMain.so
[1.928s] -- Looking for OGRE_Paging...
[1.934s] -- Found OGRE_Paging: optimized;/usr/lib/x86_64-linux-gnu/libOgrePaging.so;debug;/usr/lib/x86_64-linux-gnu/libOgrePaging.so
[1.934s] -- Looking for OGRE_Terrain...
[1.944s] -- Found OGRE_Terrain: optimized;/usr/lib/x86_64-linux-gnu/libOgreTerrain.so;debug;/usr/lib/x86_64-linux-gnu/libOgreTerrain.so
[1.944s] -- Looking for OGRE_Property...
[1.946s] -- Found OGRE_Property: optimized;/usr/lib/x86_64-linux-gnu/libOgreProperty.so;debug;/usr/lib/x86_64-linux-gnu/libOgreProperty.so
[1.946s] -- Looking for OGRE_RTShaderSystem...
[1.950s] -- Found OGRE_RTShaderSystem: optimized;/usr/lib/x86_64-linux-gnu/libOgreRTShaderSystem.so;debug;/usr/lib/x86_64-linux-gnu/libOgreRTShaderSystem.so
[1.951s] -- Looking for OGRE_Volume...
[1.955s] -- Found OGRE_Volume: optimized;/usr/lib/x86_64-linux-gnu/libOgreVolume.so;debug;/usr/lib/x86_64-linux-gnu/libOgreVolume.so
[1.955s] -- Looking for OGRE_Overlay...
[1.960s] -- Found OGRE_Overlay: optimized;/usr/lib/x86_64-linux-gnu/libOgreOverlay.so;debug;/usr/lib/x86_64-linux-gnu/libOgreOverlay.so
[2.076s] -- Looking for ignition-math6 -- found version 6.15.1
[2.078s] -- Looking for ignition-transport8 -- found version 8.2.1
[2.079s] -- Searching for dependencies of ignition-transport8
[2.096s] -- Found Protobuf: /usr/lib/x86_64-linux-gnu/libprotobuf.so (found suitable version "3.12.4", minimum required is "3") 
[2.107s] -- Config-file not installed for ZeroMQ -- checking for pkg-config
[2.112s] -- Checking for module 'libzmq >= 4'
[2.136s] --   Found libzmq , version 4.3.4
[2.195s] -- Found ZeroMQ: TRUE (Required is at least version "4") 
[2.201s] -- Checking for module 'uuid'
[2.217s] --   Found uuid, version 2.37.2
[2.256s] -- Found UUID: TRUE  
[2.259s] -- Looking for ignition-msgs5 -- found version 5.8.1
[2.259s] -- Searching for dependencies of ignition-msgs5
[2.278s] -- Looking for ignition-math6 -- found version 6.15.1
[2.283s] -- Checking for module 'tinyxml2'
[2.298s] --   Found tinyxml2, version 9.0.0
[2.339s] -- Looking for ignition-msgs5 -- found version 5.8.1
[2.341s] -- Looking for ignition-common3 -- found version 3.14.0
[2.341s] -- Searching for dependencies of ignition-common3
[2.342s] -- Looking for dlfcn.h - found
[2.342s] -- Looking for libdl - found
[2.346s] -- Found DL: TRUE  
[2.356s] -- Found tinyobjloader: /usr/lib/x86_64-linux-gnu/cmake/tinyobjloader/tinyobjloader-config.cmake (found version "2.0.0") 
[2.357s] -- Searching for <ignition-common3> component [graphics]
[2.358s] -- Looking for ignition-common3-graphics -- found version 3.14.0
[2.359s] -- Searching for dependencies of ignition-common3-graphics
[2.359s] -- Looking for ignition-math6 -- found version 6.15.1
[2.362s] -- Looking for ignition-fuel_tools4 -- found version 4.4.0
[2.362s] -- Searching for dependencies of ignition-fuel_tools4
[2.452s] -- Found CURL: /usr/lib/x86_64-linux-gnu/libcurl.so (found version "7.81.0")  
[2.462s] -- Checking for module 'jsoncpp'
[2.478s] --   Found jsoncpp, version 1.9.5
[2.519s] -- Found JSONCPP: TRUE  
[2.525s] -- Checking for module 'libzip'
[2.541s] --   Found libzip, version 1.7.3
[2.588s] -- Found ZIP: TRUE  
[2.588s] -- Looking for ignition-common3 -- found version 3.14.0
[2.588s] -- Looking for ignition-math6 -- found version 6.15.1
[2.588s] -- Looking for ignition-msgs5 -- found version 5.8.1
[2.591s] -- Found gazebo_ros_pkgs: 3.9.0 (/opt/ros/humble/share/gazebo_ros_pkgs/cmake)
[2.666s] -- Configuring done
[2.671s] -- Generating done
[2.674s] -- Build files have been written to: /home/me597/me597/Lab3/ws1/build/turtlebot3_gazebo
[2.685s] Invoked command in '/home/me597/me597/Lab3/ws1/build/turtlebot3_gazebo' returned '0': CMAKE_PREFIX_PATH=/home/me597/me597/Lab3/ws1/install/task_4:/opt/ros/humble /usr/bin/cmake /home/me597/me597/Lab3/ws1/src/sim_ws/src/turtlebot3_gazebo -DAMENT_CMAKE_SYMLINK_INSTALL=1 -DCMAKE_INSTALL_PREFIX=/home/me597/me597/Lab3/ws1/install/turtlebot3_gazebo
[2.686s] Invoking command in '/home/me597/me597/Lab3/ws1/build/turtlebot3_gazebo': CMAKE_PREFIX_PATH=/home/me597/me597/Lab3/ws1/install/task_4:/opt/ros/humble /usr/bin/cmake --build /home/me597/me597/Lab3/ws1/build/turtlebot3_gazebo -- -j4 -l4
[2.733s] Invoked command in '/home/me597/me597/Lab3/ws1/build/turtlebot3_gazebo' returned '0': CMAKE_PREFIX_PATH=/home/me597/me597/Lab3/ws1/install/task_4:/opt/ros/humble /usr/bin/cmake --build /home/me597/me597/Lab3/ws1/build/turtlebot3_gazebo -- -j4 -l4
[2.779s] Invoking command in '/home/me597/me597/Lab3/ws1/build/turtlebot3_gazebo': CMAKE_PREFIX_PATH=/home/me597/me597/Lab3/ws1/install/task_4:/opt/ros/humble /usr/bin/cmake --install /home/me597/me597/Lab3/ws1/build/turtlebot3_gazebo
[2.788s] -- Install configuration: ""
[2.789s] -- Execute custom install script
[2.790s] -- Symlinking: /home/me597/me597/Lab3/ws1/install/turtlebot3_gazebo/share/turtlebot3_gazebo//launch/amcl.launch.py
[2.799s] -- Symlinking: /home/me597/me597/Lab3/ws1/install/turtlebot3_gazebo/share/turtlebot3_gazebo//launch/map_loader.launch.py
[2.810s] -- Symlinking: /home/me597/me597/Lab3/ws1/install/turtlebot3_gazebo/share/turtlebot3_gazebo//launch/mapper.launch.py
[2.820s] -- Symlinking: /home/me597/me597/Lab3/ws1/install/turtlebot3_gazebo/share/turtlebot3_gazebo//launch/navigator.launch.py
[2.831s] -- Symlinking: /home/me597/me597/Lab3/ws1/install/turtlebot3_gazebo/share/turtlebot3_gazebo//launch/robot_state_publisher.launch.py
[2.843s] -- Symlinking: /home/me597/me597/Lab3/ws1/install/turtlebot3_gazebo/share/turtlebot3_gazebo//launch/spawn_cricketball.launch.py
[2.852s] -- Symlinking: /home/me597/me597/Lab3/ws1/install/turtlebot3_gazebo/share/turtlebot3_gazebo//launch/spawn_turtlebot3.launch.py
[2.864s] -- Symlinking: /home/me597/me597/Lab3/ws1/install/turtlebot3_gazebo/share/turtlebot3_gazebo//launch/task_6.launch.py
[2.875s] -- Symlinking: /home/me597/me597/Lab3/ws1/install/turtlebot3_gazebo/share/turtlebot3_gazebo//launch/turtlebot3_bonus_world.launch.py
[2.885s] -- Symlinking: /home/me597/me597/Lab3/ws1/install/turtlebot3_gazebo/share/turtlebot3_gazebo//launch/turtlebot3_house.launch.py
[2.895s] -- Symlinking: /home/me597/me597/Lab3/ws1/install/turtlebot3_gazebo/share/turtlebot3_gazebo//launch/turtlebot3_house_norviz.launch.py
[2.906s] -- Symlinking: /home/me597/me597/Lab3/ws1/install/turtlebot3_gazebo/share/turtlebot3_gazebo//models/blue_object/model.config
[2.916s] -- Symlinking: /home/me597/me597/Lab3/ws1/install/turtlebot3_gazebo/share/turtlebot3_gazebo//models/blue_object/model.rsdf
[2.925s] -- Symlinking: /home/me597/me597/Lab3/ws1/install/turtlebot3_gazebo/share/turtlebot3_gazebo//models/blue_object/model.sdf
[2.936s] -- Symlinking: /home/me597/me597/Lab3/ws1/install/turtlebot3_gazebo/share/turtlebot3_gazebo//models/cricket_ball/model.config
[2.946s] -- Symlinking: /home/me597/me597/Lab3/ws1/install/turtlebot3_gazebo/share/turtlebot3_gazebo//models/cricket_ball/model.rsdf
[2.955s] -- Symlinking: /home/me597/me597/Lab3/ws1/install/turtlebot3_gazebo/share/turtlebot3_gazebo//models/cricket_ball/model.sdf
[2.966s] -- Symlinking: /home/me597/me597/Lab3/ws1/install/turtlebot3_gazebo/share/turtlebot3_gazebo//models/green_object/model.config
[2.975s] -- Symlinking: /home/me597/me597/Lab3/ws1/install/turtlebot3_gazebo/share/turtlebot3_gazebo//models/green_object/model.rsdf
[2.986s] -- Symlinking: /home/me597/me597/Lab3/ws1/install/turtlebot3_gazebo/share/turtlebot3_gazebo//models/green_object/model.sdf
[2.996s] -- Symlinking: /home/me597/me597/Lab3/ws1/install/turtlebot3_gazebo/share/turtlebot3_gazebo//models/red_object/model.config
[3.005s] -- Symlinking: /home/me597/me597/Lab3/ws1/install/turtlebot3_gazebo/share/turtlebot3_gazebo//models/red_object/model.rsdf
[3.015s] -- Symlinking: /home/me597/me597/Lab3/ws1/install/turtlebot3_gazebo/share/turtlebot3_gazebo//models/red_object/model.sdf
[3.025s] -- Symlinking: /home/me597/me597/Lab3/ws1/install/turtlebot3_gazebo/share/turtlebot3_gazebo//models/trash_can/meshes/trash_can.dae
[3.037s] -- Symlinking: /home/me597/me597/Lab3/ws1/install/turtlebot3_gazebo/share/turtlebot3_gazebo//models/trash_can/model.config
[3.050s] -- Symlinking: /home/me597/me597/Lab3/ws1/install/turtlebot3_gazebo/share/turtlebot3_gazebo//models/trash_can/model.sdf
[3.060s] -- Symlinking: /home/me597/me597/Lab3/ws1/install/turtlebot3_gazebo/share/turtlebot3_gazebo//models/turtlebot3_common/meshes/burger_base.dae
[3.071s] -- Symlinking: /home/me597/me597/Lab3/ws1/install/turtlebot3_gazebo/share/turtlebot3_gazebo//models/turtlebot3_common/meshes/lds.dae
[3.081s] -- Symlinking: /home/me597/me597/Lab3/ws1/install/turtlebot3_gazebo/share/turtlebot3_gazebo//models/turtlebot3_common/meshes/r200.dae
[3.091s] -- Symlinking: /home/me597/me597/Lab3/ws1/install/turtlebot3_gazebo/share/turtlebot3_gazebo//models/turtlebot3_common/meshes/tire.dae
[3.101s] -- Symlinking: /home/me597/me597/Lab3/ws1/install/turtlebot3_gazebo/share/turtlebot3_gazebo//models/turtlebot3_common/meshes/waffle_base.dae
[3.111s] -- Symlinking: /home/me597/me597/Lab3/ws1/install/turtlebot3_gazebo/share/turtlebot3_gazebo//models/turtlebot3_common/model.config
[3.121s] -- Symlinking: /home/me597/me597/Lab3/ws1/install/turtlebot3_gazebo/share/turtlebot3_gazebo//models/turtlebot3_house/model.config
[3.131s] -- Symlinking: /home/me597/me597/Lab3/ws1/install/turtlebot3_gazebo/share/turtlebot3_gazebo//models/turtlebot3_house/model.sdf
[3.143s] -- Symlinking: /home/me597/me597/Lab3/ws1/install/turtlebot3_gazebo/share/turtlebot3_gazebo//models/turtlebot3_waffle/model.config
[3.153s] -- Symlinking: /home/me597/me597/Lab3/ws1/install/turtlebot3_gazebo/share/turtlebot3_gazebo//models/turtlebot3_waffle/model.sdf
[3.164s] -- Symlinking: /home/me597/me597/Lab3/ws1/install/turtlebot3_gazebo/share/turtlebot3_gazebo//rviz/tb3_gazebo.rviz
[3.177s] -- Symlinking: /home/me597/me597/Lab3/ws1/install/turtlebot3_gazebo/share/turtlebot3_gazebo//urdf/turtlebot3_waffle.urdf
[3.187s] -- Symlinking: /home/me597/me597/Lab3/ws1/install/turtlebot3_gazebo/share/turtlebot3_gazebo//worlds/Bonus
[3.197s] -- Symlinking: /home/me597/me597/Lab3/ws1/install/turtlebot3_gazebo/share/turtlebot3_gazebo//worlds/empty_world.world
[3.207s] -- Symlinking: /home/me597/me597/Lab3/ws1/install/turtlebot3_gazebo/share/turtlebot3_gazebo//worlds/house_closed.world
[3.218s] -- Symlinking: /home/me597/me597/Lab3/ws1/install/turtlebot3_gazebo/share/turtlebot3_gazebo//worlds/turtlebot3_house.world
[3.228s] -- Symlinking: /home/me597/me597/Lab3/ws1/install/turtlebot3_gazebo/share/turtlebot3_gazebo//maps/map.pgm
[3.239s] -- Symlinking: /home/me597/me597/Lab3/ws1/install/turtlebot3_gazebo/share/turtlebot3_gazebo//maps/map.yaml
[3.250s] -- Symlinking: /home/me597/me597/Lab3/ws1/install/turtlebot3_gazebo/share/turtlebot3_gazebo//maps/sync_classroom_map.pgm
[3.259s] -- Symlinking: /home/me597/me597/Lab3/ws1/install/turtlebot3_gazebo/share/turtlebot3_gazebo//maps/sync_classroom_map.yaml
[3.270s] -- Symlinking: /home/me597/me597/Lab3/ws1/install/turtlebot3_gazebo/share/turtlebot3_gazebo//params/amcl.yaml
[3.281s] -- Symlinking: /home/me597/me597/Lab3/ws1/install/turtlebot3_gazebo/share/turtlebot3_gazebo//params/map_server.yaml
[3.292s] -- Symlinking: /home/me597/me597/Lab3/ws1/install/turtlebot3_gazebo/share/turtlebot3_gazebo//params/mapper_params_online_async.yaml
[3.303s] -- Symlinking: /home/me597/me597/Lab3/ws1/install/turtlebot3_gazebo/share/ament_index/resource_index/package_run_dependencies/turtlebot3_gazebo
[3.314s] -- Symlinking: /home/me597/me597/Lab3/ws1/install/turtlebot3_gazebo/share/ament_index/resource_index/parent_prefix_path/turtlebot3_gazebo
[3.324s] -- Symlinking: /home/me597/me597/Lab3/ws1/install/turtlebot3_gazebo/share/turtlebot3_gazebo/environment/ament_prefix_path.sh
[3.334s] -- Symlinking: /home/me597/me597/Lab3/ws1/install/turtlebot3_gazebo/share/turtlebot3_gazebo/environment/ament_prefix_path.dsv
[3.346s] -- Symlinking: /home/me597/me597/Lab3/ws1/install/turtlebot3_gazebo/share/turtlebot3_gazebo/environment/path.sh
[3.356s] -- Symlinking: /home/me597/me597/Lab3/ws1/install/turtlebot3_gazebo/share/turtlebot3_gazebo/environment/path.dsv
[3.367s] -- Symlinking: /home/me597/me597/Lab3/ws1/install/turtlebot3_gazebo/share/turtlebot3_gazebo/local_setup.bash
[3.378s] -- Symlinking: /home/me597/me597/Lab3/ws1/install/turtlebot3_gazebo/share/turtlebot3_gazebo/local_setup.sh
[3.388s] -- Symlinking: /home/me597/me597/Lab3/ws1/install/turtlebot3_gazebo/share/turtlebot3_gazebo/local_setup.zsh
[3.398s] -- Symlinking: /home/me597/me597/Lab3/ws1/install/turtlebot3_gazebo/share/turtlebot3_gazebo/local_setup.dsv
[3.408s] -- Symlinking: /home/me597/me597/Lab3/ws1/install/turtlebot3_gazebo/share/turtlebot3_gazebo/package.dsv
[3.418s] -- Symlinking: /home/me597/me597/Lab3/ws1/install/turtlebot3_gazebo/share/ament_index/resource_index/packages/turtlebot3_gazebo
[3.428s] -- Symlinking: /home/me597/me597/Lab3/ws1/install/turtlebot3_gazebo/share/turtlebot3_gazebo/cmake/ament_cmake_export_include_directories-extras.cmake
[3.438s] -- Symlinking: /home/me597/me597/Lab3/ws1/install/turtlebot3_gazebo/share/turtlebot3_gazebo/cmake/ament_cmake_export_dependencies-extras.cmake
[3.449s] -- Symlinking: /home/me597/me597/Lab3/ws1/install/turtlebot3_gazebo/share/turtlebot3_gazebo/cmake/turtlebot3_gazeboConfig.cmake
[3.459s] -- Symlinking: /home/me597/me597/Lab3/ws1/install/turtlebot3_gazebo/share/turtlebot3_gazebo/cmake/turtlebot3_gazeboConfig-version.cmake
[3.470s] -- Symlinking: /home/me597/me597/Lab3/ws1/install/turtlebot3_gazebo/share/turtlebot3_gazebo/package.xml
[3.479s] -- Installing: /home/me597/me597/Lab3/ws1/install/turtlebot3_gazebo/lib/turtlebot3_gazebo/task1
[3.480s] -- Installing: /home/me597/me597/Lab3/ws1/install/turtlebot3_gazebo/lib/turtlebot3_gazebo/task2
[3.480s] -- Installing: /home/me597/me597/Lab3/ws1/install/turtlebot3_gazebo/lib/turtlebot3_gazebo/task3
[3.480s] -- Installing: /home/me597/me597/Lab3/ws1/install/turtlebot3_gazebo/lib/turtlebot3_gazebo/spawn_objects
[3.481s] -- Installing: /home/me597/me597/Lab3/ws1/install/turtlebot3_gazebo/lib/turtlebot3_gazebo/task2_bonus
[3.481s] -- Installing: /home/me597/me597/Lab3/ws1/install/turtlebot3_gazebo/lib/turtlebot3_gazebo/static_obstacles
[3.482s] Invoked command in '/home/me597/me597/Lab3/ws1/build/turtlebot3_gazebo' returned '0': CMAKE_PREFIX_PATH=/home/me597/me597/Lab3/ws1/install/task_4:/opt/ros/humble /usr/bin/cmake --install /home/me597/me597/Lab3/ws1/build/turtlebot3_gazebo
