[0.018s] Invoking command in '/home/Gery/ME597_Lab/Lab4/ws1/build/image_geometry': CMAKE_PREFIX_PATH=${CMAKE_PREFIX_PATH}:/home/Gery/ME597_Lab/Lab4/ws1/install/task_6:/home/Gery/ME597_Lab/Lab4/ws1/install/task_5:/home/Gery/ME597_Lab/Lab4/ws1/install/opencv_tests:/opt/ros/humble /usr/bin/cmake --build /home/Gery/ME597_Lab/Lab4/ws1/build/image_geometry -- -j4 -l4
[0.085s] [35m[1mConsolidate compiler generated dependencies of target gtest_main[0m
[0.085s] [35m[1mConsolidate compiler generated dependencies of target image_geometry[0m
[0.091s] [35m[1mConsolidate compiler generated dependencies of target gtest[0m
[0.131s] [  0%] Built target ament_cmake_python_symlink_image_geometry
[0.132s] [ 18%] Built target gtest
[0.137s] [ 45%] Built target image_geometry
[0.139s] [ 63%] Built target gtest_main
[0.159s] [35m[1mConsolidate compiler generated dependencies of target image_geometry-utest[0m
[0.167s] [35m[1mConsolidate compiler generated dependencies of target image_geometry-utest-equi[0m
[0.198s] [ 81%] Built target image_geometry-utest
[0.207s] [100%] Built target image_geometry-utest-equi
[0.438s] running egg_info
[0.468s] writing image_geometry.egg-info/PKG-INFO
[0.468s] writing dependency_links to image_geometry.egg-info/dependency_links.txt
[0.468s] writing top-level names to image_geometry.egg-info/top_level.txt
[0.557s] reading manifest file 'image_geometry.egg-info/SOURCES.txt'
[0.558s] writing manifest file 'image_geometry.egg-info/SOURCES.txt'
[0.608s] [100%] Built target ament_cmake_python_build_image_geometry_egg
[0.633s] Invoked command in '/home/Gery/ME597_Lab/Lab4/ws1/build/image_geometry' returned '0': CMAKE_PREFIX_PATH=${CMAKE_PREFIX_PATH}:/home/Gery/ME597_Lab/Lab4/ws1/install/task_6:/home/Gery/ME597_Lab/Lab4/ws1/install/task_5:/home/Gery/ME597_Lab/Lab4/ws1/install/opencv_tests:/opt/ros/humble /usr/bin/cmake --build /home/Gery/ME597_Lab/Lab4/ws1/build/image_geometry -- -j4 -l4
[0.651s] Invoking command in '/home/Gery/ME597_Lab/Lab4/ws1/build/image_geometry': CMAKE_PREFIX_PATH=${CMAKE_PREFIX_PATH}:/home/Gery/ME597_Lab/Lab4/ws1/install/task_6:/home/Gery/ME597_Lab/Lab4/ws1/install/task_5:/home/Gery/ME597_Lab/Lab4/ws1/install/opencv_tests:/opt/ros/humble /usr/bin/cmake --install /home/Gery/ME597_Lab/Lab4/ws1/build/image_geometry
[0.662s] -- Install configuration: ""
[0.663s] -- Execute custom install script
[0.663s] -- Up-to-date symlink: /home/Gery/ME597_Lab/Lab4/ws1/install/image_geometry/share/image_geometry/environment/pythonpath.sh
[0.663s] -- Up-to-date symlink: /home/Gery/ME597_Lab/Lab4/ws1/install/image_geometry/share/image_geometry/environment/pythonpath.dsv
[0.664s] -- Up-to-date symlink: /home/Gery/ME597_Lab/Lab4/ws1/install/image_geometry/local/lib/python3.10/dist-packages/image_geometry-4.1.0-py3.10.egg-info/PKG-INFO
[0.664s] -- Up-to-date symlink: /home/Gery/ME597_Lab/Lab4/ws1/install/image_geometry/local/lib/python3.10/dist-packages/image_geometry-4.1.0-py3.10.egg-info/SOURCES.txt
[0.664s] -- Up-to-date symlink: /home/Gery/ME597_Lab/Lab4/ws1/install/image_geometry/local/lib/python3.10/dist-packages/image_geometry-4.1.0-py3.10.egg-info/dependency_links.txt
[0.664s] -- Up-to-date symlink: /home/Gery/ME597_Lab/Lab4/ws1/install/image_geometry/local/lib/python3.10/dist-packages/image_geometry-4.1.0-py3.10.egg-info/top_level.txt
[0.665s] -- Up-to-date symlink: /home/Gery/ME597_Lab/Lab4/ws1/install/image_geometry/local/lib/python3.10/dist-packages/image_geometry/__init__.py
[0.666s] -- Up-to-date symlink: /home/Gery/ME597_Lab/Lab4/ws1/install/image_geometry/local/lib/python3.10/dist-packages/image_geometry/cameramodels.py
[0.666s] -- Up-to-date symlink: /home/Gery/ME597_Lab/Lab4/ws1/install/image_geometry/include/image_geometry/image_geometry/pinhole_camera_model.hpp
[0.666s] -- Up-to-date symlink: /home/Gery/ME597_Lab/Lab4/ws1/install/image_geometry/include/image_geometry/image_geometry/stereo_camera_model.hpp
[0.667s] -- Up-to-date symlink: /home/Gery/ME597_Lab/Lab4/ws1/install/image_geometry/include/image_geometry/image_geometry/visibility_control.hpp
[0.667s] -- Up-to-date symlink: /home/Gery/ME597_Lab/Lab4/ws1/install/image_geometry/share/ament_index/resource_index/package_run_dependencies/image_geometry
[0.667s] -- Up-to-date symlink: /home/Gery/ME597_Lab/Lab4/ws1/install/image_geometry/share/ament_index/resource_index/parent_prefix_path/image_geometry
[0.667s] -- Up-to-date symlink: /home/Gery/ME597_Lab/Lab4/ws1/install/image_geometry/share/image_geometry/environment/ament_prefix_path.sh
[0.667s] -- Up-to-date symlink: /home/Gery/ME597_Lab/Lab4/ws1/install/image_geometry/share/image_geometry/environment/ament_prefix_path.dsv
[0.668s] -- Up-to-date symlink: /home/Gery/ME597_Lab/Lab4/ws1/install/image_geometry/share/image_geometry/environment/path.sh
[0.668s] -- Up-to-date symlink: /home/Gery/ME597_Lab/Lab4/ws1/install/image_geometry/share/image_geometry/environment/path.dsv
[0.668s] -- Up-to-date symlink: /home/Gery/ME597_Lab/Lab4/ws1/install/image_geometry/share/image_geometry/local_setup.bash
[0.668s] -- Up-to-date symlink: /home/Gery/ME597_Lab/Lab4/ws1/install/image_geometry/share/image_geometry/local_setup.sh
[0.669s] -- Up-to-date symlink: /home/Gery/ME597_Lab/Lab4/ws1/install/image_geometry/share/image_geometry/local_setup.zsh
[0.669s] -- Up-to-date symlink: /home/Gery/ME597_Lab/Lab4/ws1/install/image_geometry/share/image_geometry/local_setup.dsv
[0.669s] -- Symlinking: /home/Gery/ME597_Lab/Lab4/ws1/install/image_geometry/share/image_geometry/package.dsv
[0.682s] -- Up-to-date symlink: /home/Gery/ME597_Lab/Lab4/ws1/install/image_geometry/share/ament_index/resource_index/packages/image_geometry
[0.683s] -- Up-to-date symlink: /home/Gery/ME597_Lab/Lab4/ws1/install/image_geometry/share/image_geometry/cmake/ament_cmake_export_targets-extras.cmake
[0.683s] -- Up-to-date symlink: /home/Gery/ME597_Lab/Lab4/ws1/install/image_geometry/share/image_geometry/cmake/ament_cmake_export_dependencies-extras.cmake
[0.683s] -- Up-to-date symlink: /home/Gery/ME597_Lab/Lab4/ws1/install/image_geometry/share/image_geometry/cmake/image_geometryConfig.cmake
[0.684s] -- Up-to-date symlink: /home/Gery/ME597_Lab/Lab4/ws1/install/image_geometry/share/image_geometry/cmake/image_geometryConfig-version.cmake
[0.684s] -- Up-to-date symlink: /home/Gery/ME597_Lab/Lab4/ws1/install/image_geometry/share/image_geometry/package.xml
[0.725s] Listing '/home/Gery/ME597_Lab/Lab4/ws1/install/image_geometry/local/lib/python3.10/dist-packages/image_geometry'...
[0.728s] -- Up-to-date: /home/Gery/ME597_Lab/Lab4/ws1/install/image_geometry/lib/libimage_geometry.so
[0.729s] -- Up-to-date: /home/Gery/ME597_Lab/Lab4/ws1/install/image_geometry/share/image_geometry/cmake/export_image_geometryExport.cmake
[0.729s] -- Up-to-date: /home/Gery/ME597_Lab/Lab4/ws1/install/image_geometry/share/image_geometry/cmake/export_image_geometryExport-noconfig.cmake
[0.733s] Invoked command in '/home/Gery/ME597_Lab/Lab4/ws1/build/image_geometry' returned '0': CMAKE_PREFIX_PATH=${CMAKE_PREFIX_PATH}:/home/Gery/ME597_Lab/Lab4/ws1/install/task_6:/home/Gery/ME597_Lab/Lab4/ws1/install/task_5:/home/Gery/ME597_Lab/Lab4/ws1/install/opencv_tests:/opt/ros/humble /usr/bin/cmake --install /home/Gery/ME597_Lab/Lab4/ws1/build/image_geometry
