[0.368s] Invoking command in '/home/me597/me597/Lab1/ws1/build/tutorial_interfaces': CMAKE_PREFIX_PATH=/home/me597/me597/Lab1/ws1/install/task1:/home/me597/ece569-fall2025/Lab1/ws1/install/mypubsub:/opt/ros/humble /usr/bin/cmake /home/me597/me597/Lab1/ws1/src/tutorial_interfaces -DAMENT_CMAKE_SYMLINK_INSTALL=1 -DCMAKE_INSTALL_PREFIX=/home/me597/me597/Lab1/ws1/install/tutorial_interfaces
[0.387s] -- Found ament_cmake: 1.3.10 (/opt/ros/humble/share/ament_cmake/cmake)
[0.599s] -- Override CMake install command with custom implementation using symlinks instead of copying resources
[0.609s] -- Found ament_lint_auto: 0.12.11 (/opt/ros/humble/share/ament_lint_auto/cmake)
[0.699s] -- Found geometry_msgs: 4.2.4 (/opt/ros/humble/share/geometry_msgs/cmake)
[0.743s] -- Found rosidl_generator_c: 3.1.5 (/opt/ros/humble/share/rosidl_generator_c/cmake)
[0.743s] -- Found rosidl_adapter: 3.1.5 (/opt/ros/humble/share/rosidl_adapter/cmake)
[0.750s] -- Found rosidl_generator_cpp: 3.1.5 (/opt/ros/humble/share/rosidl_generator_cpp/cmake)
[0.761s] -- Using all available rosidl_typesupport_c: rosidl_typesupport_fastrtps_c;rosidl_typesupport_introspection_c
[0.777s] -- Using all available rosidl_typesupport_cpp: rosidl_typesupport_fastrtps_cpp;rosidl_typesupport_introspection_cpp
[0.820s] -- Found rosidl_default_generators: 1.2.0 (/opt/ros/humble/share/rosidl_default_generators/cmake)
[0.830s] [33mCMake Warning at CMakeLists.txt:30 (message):
[0.831s]   $CMAKE_CURRENT_SOURCE_DIR
[0.831s] 
[0.831s] [0m
[0.831s] [33mCMake Warning at CMakeLists.txt:31 (message):
[0.831s]   $PROJECT_SOURCE_DIR
[0.832s] 
[0.832s] [0m
[0.832s] [31mCMake Error at /opt/ros/humble/share/rosidl_cmake/cmake/rosidl_generate_interfaces.cmake:93 (message):
[0.832s]   rosidl_generate_interfaces() the passed file 'msg/Num.msg' doesn't exist
[0.832s]   relative to the CMAKE_CURRENT_SOURCE_DIR
[0.832s]   '/home/me597/me597/Lab1/ws1/src/tutorial_interfaces'
[0.833s] Call Stack (most recent call first):
[0.833s]   CMakeLists.txt:33 (rosidl_generate_interfaces)
[0.833s] 
[0.833s] [0m
[0.833s] -- Configuring incomplete, errors occurred!
[0.833s] See also "/home/me597/me597/Lab1/ws1/build/tutorial_interfaces/CMakeFiles/CMakeOutput.log".
[0.838s] Invoked command in '/home/me597/me597/Lab1/ws1/build/tutorial_interfaces' returned '1': CMAKE_PREFIX_PATH=/home/me597/me597/Lab1/ws1/install/task1:/home/me597/ece569-fall2025/Lab1/ws1/install/mypubsub:/opt/ros/humble /usr/bin/cmake /home/me597/me597/Lab1/ws1/src/tutorial_interfaces -DAMENT_CMAKE_SYMLINK_INSTALL=1 -DCMAKE_INSTALL_PREFIX=/home/me597/me597/Lab1/ws1/install/tutorial_interfaces
