[0.788s] Invoking command in '/home/me597/ME597_Lab/Lab3/ws1/build/task_4': PYTHONPATH=/home/me597/ME597_Lab/Lab3/ws1/build/task_4/prefix_override:/usr/lib/python3/dist-packages/colcon_core/task/python/colcon_distutils_commands:/home/me597/ME597_Lab/Lab3/ws1/install/task_4/lib/python3.10/site-packages:${PYTHONPATH} /usr/bin/python3 -W ignore:setup.py install is deprecated setup.py develop --editable --build-directory /home/me597/ME597_Lab/Lab3/ws1/build/task_4/build --no-deps symlink_data
[1.139s] /usr/lib/python3/dist-packages/setuptools/command/easy_install.py:158: EasyInstallDeprecationWarning: easy_install command is deprecated. Use build and pip and other standards-based tools.
[1.139s]   warnings.warn(
[1.141s] running develop
[1.366s] running egg_info
[1.366s] creating task_4.egg-info
[1.366s] writing task_4.egg-info/PKG-INFO
[1.367s] writing dependency_links to task_4.egg-info/dependency_links.txt
[1.367s] writing entry points to task_4.egg-info/entry_points.txt
[1.367s] writing requirements to task_4.egg-info/requires.txt
[1.367s] writing top-level names to task_4.egg-info/top_level.txt
[1.368s] writing manifest file 'task_4.egg-info/SOURCES.txt'
[1.369s] reading manifest file 'task_4.egg-info/SOURCES.txt'
[1.370s] writing manifest file 'task_4.egg-info/SOURCES.txt'
[1.372s] running build_ext
[1.372s] Creating /home/me597/ME597_Lab/Lab3/ws1/install/task_4/lib/python3.10/site-packages/task-4.egg-link (link to .)
[1.373s] 
[1.373s] Installed /home/me597/ME597_Lab/Lab3/ws1/build/task_4
[1.376s] running symlink_data
[1.376s] creating /home/me597/ME597_Lab/Lab3/ws1/install/task_4/share/ament_index
[1.376s] creating /home/me597/ME597_Lab/Lab3/ws1/install/task_4/share/ament_index/resource_index
[1.376s] creating /home/me597/ME597_Lab/Lab3/ws1/install/task_4/share/ament_index/resource_index/packages
[1.376s] symbolically linking /home/me597/ME597_Lab/Lab3/ws1/build/task_4/resource/task_4 -> /home/me597/ME597_Lab/Lab3/ws1/install/task_4/share/ament_index/resource_index/packages
[1.377s] symbolically linking /home/me597/ME597_Lab/Lab3/ws1/build/task_4/package.xml -> /home/me597/ME597_Lab/Lab3/ws1/install/task_4/share/task_4
[1.378s] creating /home/me597/ME597_Lab/Lab3/ws1/install/task_4/share/task_4/launch
[1.378s] symbolically linking /home/me597/ME597_Lab/Lab3/ws1/build/task_4/launch/gen_sync_map_launch.py -> /home/me597/ME597_Lab/Lab3/ws1/install/task_4/share/task_4/launch
[1.408s] Invoked command in '/home/me597/ME597_Lab/Lab3/ws1/build/task_4' returned '0': PYTHONPATH=/home/me597/ME597_Lab/Lab3/ws1/build/task_4/prefix_override:/usr/lib/python3/dist-packages/colcon_core/task/python/colcon_distutils_commands:/home/me597/ME597_Lab/Lab3/ws1/install/task_4/lib/python3.10/site-packages:${PYTHONPATH} /usr/bin/python3 -W ignore:setup.py install is deprecated setup.py develop --editable --build-directory /home/me597/ME597_Lab/Lab3/ws1/build/task_4/build --no-deps symlink_data
