running egg_info
writing ../../build/task1/mypubsub.egg-info/PKG-INFO
writing dependency_links to ../../build/task1/mypubsub.egg-info/dependency_links.txt
writing entry points to ../../build/task1/mypubsub.egg-info/entry_points.txt
writing requirements to ../../build/task1/mypubsub.egg-info/requires.txt
writing top-level names to ../../build/task1/mypubsub.egg-info/top_level.txt
reading manifest file '../../build/task1/mypubsub.egg-info/SOURCES.txt'
adding license file 'LICENSE'
writing manifest file '../../build/task1/mypubsub.egg-info/SOURCES.txt'
running build
running build_py
creating /home/me597/me597/Lab1/ws1/build/task1/build
creating /home/me597/me597/Lab1/ws1/build/task1/build/lib
creating /home/me597/me597/Lab1/ws1/build/task1/build/lib/task1
copying task1/publisher.py -> /home/me597/me597/Lab1/ws1/build/task1/build/lib/task1
copying task1/subscriber.py -> /home/me597/me597/Lab1/ws1/build/task1/build/lib/task1
copying task1/__init__.py -> /home/me597/me597/Lab1/ws1/build/task1/build/lib/task1
running install
running install_lib
creating /home/me597/me597/Lab1/ws1/install/task1/lib/python3.10/site-packages/task1
copying /home/me597/me597/Lab1/ws1/build/task1/build/lib/task1/publisher.py -> /home/me597/me597/Lab1/ws1/install/task1/lib/python3.10/site-packages/task1
copying /home/me597/me597/Lab1/ws1/build/task1/build/lib/task1/subscriber.py -> /home/me597/me597/Lab1/ws1/install/task1/lib/python3.10/site-packages/task1
copying /home/me597/me597/Lab1/ws1/build/task1/build/lib/task1/__init__.py -> /home/me597/me597/Lab1/ws1/install/task1/lib/python3.10/site-packages/task1
byte-compiling /home/me597/me597/Lab1/ws1/install/task1/lib/python3.10/site-packages/task1/publisher.py to publisher.cpython-310.pyc
byte-compiling /home/me597/me597/Lab1/ws1/install/task1/lib/python3.10/site-packages/task1/subscriber.py to subscriber.cpython-310.pyc
byte-compiling /home/me597/me597/Lab1/ws1/install/task1/lib/python3.10/site-packages/task1/__init__.py to __init__.cpython-310.pyc
running install_data
