[0.604s] Invoking command in '/home/me597/me597/Lab1/ws1/src/task1': PYTHONPATH=/home/me597/me597/Lab1/ws1/build/task1/prefix_override:/usr/lib/python3/dist-packages/colcon_core/task/python/colcon_distutils_commands:/home/me597/me597/Lab1/ws1/install/task1/lib/python3.10/site-packages:${PYTHONPATH} /usr/bin/python3 -W ignore:setup.py install is deprecated setup.py egg_info --egg-base ../../build/task1 build --build-base /home/me597/me597/Lab1/ws1/build/task1/build install --record /home/me597/me597/Lab1/ws1/build/task1/install.log --single-version-externally-managed install_data
[0.837s] running egg_info
[0.837s] writing ../../build/task1/mypubsub.egg-info/PKG-INFO
[0.837s] writing dependency_links to ../../build/task1/mypubsub.egg-info/dependency_links.txt
[0.837s] writing entry points to ../../build/task1/mypubsub.egg-info/entry_points.txt
[0.837s] writing requirements to ../../build/task1/mypubsub.egg-info/requires.txt
[0.837s] writing top-level names to ../../build/task1/mypubsub.egg-info/top_level.txt
[0.839s] reading manifest file '../../build/task1/mypubsub.egg-info/SOURCES.txt'
[0.839s] adding license file 'LICENSE'
[0.840s] writing manifest file '../../build/task1/mypubsub.egg-info/SOURCES.txt'
[0.840s] running build
[0.840s] running build_py
[0.840s] creating /home/me597/me597/Lab1/ws1/build/task1/build
[0.840s] creating /home/me597/me597/Lab1/ws1/build/task1/build/lib
[0.840s] creating /home/me597/me597/Lab1/ws1/build/task1/build/lib/task1
[0.840s] copying task1/publisher.py -> /home/me597/me597/Lab1/ws1/build/task1/build/lib/task1
[0.840s] copying task1/subscriber.py -> /home/me597/me597/Lab1/ws1/build/task1/build/lib/task1
[0.840s] copying task1/__init__.py -> /home/me597/me597/Lab1/ws1/build/task1/build/lib/task1
[0.841s] running install
[0.841s] running install_lib
[0.842s] creating /home/me597/me597/Lab1/ws1/install/task1/lib/python3.10/site-packages/task1
[0.842s] copying /home/me597/me597/Lab1/ws1/build/task1/build/lib/task1/publisher.py -> /home/me597/me597/Lab1/ws1/install/task1/lib/python3.10/site-packages/task1
[0.842s] copying /home/me597/me597/Lab1/ws1/build/task1/build/lib/task1/subscriber.py -> /home/me597/me597/Lab1/ws1/install/task1/lib/python3.10/site-packages/task1
[0.842s] copying /home/me597/me597/Lab1/ws1/build/task1/build/lib/task1/__init__.py -> /home/me597/me597/Lab1/ws1/install/task1/lib/python3.10/site-packages/task1
[0.842s] byte-compiling /home/me597/me597/Lab1/ws1/install/task1/lib/python3.10/site-packages/task1/publisher.py to publisher.cpython-310.pyc
[0.843s] byte-compiling /home/me597/me597/Lab1/ws1/install/task1/lib/python3.10/site-packages/task1/subscriber.py to subscriber.cpython-310.pyc
[0.843s] byte-compiling /home/me597/me597/Lab1/ws1/install/task1/lib/python3.10/site-packages/task1/__init__.py to __init__.cpython-310.pyc
[0.843s] running install_data
[0.844s] error: can't copy 'resource/mypubsub': doesn't exist or not a regular file
[0.868s] Invoked command in '/home/me597/me597/Lab1/ws1/src/task1' returned '1': PYTHONPATH=/home/me597/me597/Lab1/ws1/build/task1/prefix_override:/usr/lib/python3/dist-packages/colcon_core/task/python/colcon_distutils_commands:/home/me597/me597/Lab1/ws1/install/task1/lib/python3.10/site-packages:${PYTHONPATH} /usr/bin/python3 -W ignore:setup.py install is deprecated setup.py egg_info --egg-base ../../build/task1 build --build-base /home/me597/me597/Lab1/ws1/build/task1/build install --record /home/me597/me597/Lab1/ws1/build/task1/install.log --single-version-externally-managed install_data
