[0.718s] Invoking command in '/home/me597/me597/Lab1/ws1/build/task2': CMAKE_PREFIX_PATH=/home/me597/me597/Lab1/ws1/install/task_2_interfaces:/home/me597/me597/Lab1/ws1/install/tutorial_interfaces LD_LIBRARY_PATH=/home/me597/me597/Lab1/ws1/install/task_2_interfaces/lib:/home/me597/me597/Lab1/ws1/install/tutorial_interfaces/lib:/usr/lib/x86_64-linux-gnu/gazebo-11/plugins:/opt/ros/humble/opt/rviz_ogre_vendor/lib:/opt/ros/humble/lib/x86_64-linux-gnu:/opt/ros/humble/lib PYTHONPATH=/home/me597/me597/Lab1/ws1/build/task2/prefix_override:/usr/lib/python3/dist-packages/colcon_core/task/python/colcon_distutils_commands:/home/me597/me597/Lab1/ws1/install/task2/lib/python3.10/site-packages:${PYTHONPATH} /usr/bin/python3 -W ignore:setup.py install is deprecated setup.py develop --editable --build-directory /home/me597/me597/Lab1/ws1/build/task2/build --no-deps symlink_data
[1.028s] running develop
[1.028s] /usr/lib/python3/dist-packages/setuptools/command/easy_install.py:158: EasyInstallDeprecationWarning: easy_install command is deprecated. Use build and pip and other standards-based tools.
[1.028s]   warnings.warn(
[1.193s] running egg_info
[1.194s] creating task2.egg-info
[1.194s] writing task2.egg-info/PKG-INFO
[1.195s] writing dependency_links to task2.egg-info/dependency_links.txt
[1.195s] writing entry points to task2.egg-info/entry_points.txt
[1.195s] writing requirements to task2.egg-info/requires.txt
[1.195s] writing top-level names to task2.egg-info/top_level.txt
[1.195s] writing manifest file 'task2.egg-info/SOURCES.txt'
[1.196s] reading manifest file 'task2.egg-info/SOURCES.txt'
[1.198s] writing manifest file 'task2.egg-info/SOURCES.txt'
[1.198s] running build_ext
[1.198s] Creating /home/me597/me597/Lab1/ws1/install/task2/lib/python3.10/site-packages/task2.egg-link (link to .)
[1.199s] Installing client script to /home/me597/me597/Lab1/ws1/install/task2/lib/task2
[1.199s] Installing listener script to /home/me597/me597/Lab1/ws1/install/task2/lib/task2
[1.199s] Installing service script to /home/me597/me597/Lab1/ws1/install/task2/lib/task2
[1.200s] Installing talker script to /home/me597/me597/Lab1/ws1/install/task2/lib/task2
[1.200s] 
[1.200s] Installed /home/me597/me597/Lab1/ws1/build/task2
[1.200s] running symlink_data
[1.200s] creating /home/me597/me597/Lab1/ws1/install/task2/share/ament_index
[1.200s] creating /home/me597/me597/Lab1/ws1/install/task2/share/ament_index/resource_index
[1.200s] creating /home/me597/me597/Lab1/ws1/install/task2/share/ament_index/resource_index/packages
[1.201s] symbolically linking /home/me597/me597/Lab1/ws1/build/task2/resource/task2 -> /home/me597/me597/Lab1/ws1/install/task2/share/ament_index/resource_index/packages
[1.201s] symbolically linking /home/me597/me597/Lab1/ws1/build/task2/package.xml -> /home/me597/me597/Lab1/ws1/install/task2/share/task2
[1.201s] creating /home/me597/me597/Lab1/ws1/install/task2/share/task2/launch
[1.201s] symbolically linking /home/me597/me597/Lab1/ws1/build/task2/launch/Service.launch.py -> /home/me597/me597/Lab1/ws1/install/task2/share/task2/launch
[1.236s] Invoked command in '/home/me597/me597/Lab1/ws1/build/task2' returned '0': CMAKE_PREFIX_PATH=/home/me597/me597/Lab1/ws1/install/task_2_interfaces:/home/me597/me597/Lab1/ws1/install/tutorial_interfaces LD_LIBRARY_PATH=/home/me597/me597/Lab1/ws1/install/task_2_interfaces/lib:/home/me597/me597/Lab1/ws1/install/tutorial_interfaces/lib:/usr/lib/x86_64-linux-gnu/gazebo-11/plugins:/opt/ros/humble/opt/rviz_ogre_vendor/lib:/opt/ros/humble/lib/x86_64-linux-gnu:/opt/ros/humble/lib PYTHONPATH=/home/me597/me597/Lab1/ws1/build/task2/prefix_override:/usr/lib/python3/dist-packages/colcon_core/task/python/colcon_distutils_commands:/home/me597/me597/Lab1/ws1/install/task2/lib/python3.10/site-packages:${PYTHONPATH} /usr/bin/python3 -W ignore:setup.py install is deprecated setup.py develop --editable --build-directory /home/me597/me597/Lab1/ws1/build/task2/build --no-deps symlink_data
