[0.634s] Invoking command in '/home/me597/me597/Lab3/ws1/build/turtlebot3_gazebo': CMAKE_PREFIX_PATH=${CMAKE_PREFIX_PATH}:/home/me597/me597/Lab3/ws1/install/task_4:/home/me597/me597/Lab3/ws1/install/sim_utils:/opt/ros/humble /usr/bin/cmake /home/me597/me597/Lab3/ws1/src/sim_ws/src/turtlebot3_gazebo -DAMENT_CMAKE_SYMLINK_INSTALL=1 -DCMAKE_INSTALL_PREFIX=/home/me597/me597/Lab3/ws1/install/turtlebot3_gazebo
[0.998s] -- The C compiler identification is GNU 11.4.0
[1.274s] -- The CXX compiler identification is GNU 11.4.0
[1.320s] -- Detecting C compiler ABI info
[1.523s] -- Detecting C compiler ABI info - done
[1.543s] -- Check for working C compiler: /usr/bin/cc - skipped
[1.548s] -- Detecting C compile features
[1.550s] -- Detecting C compile features - done
[1.561s] -- Detecting CXX compiler ABI info
[1.768s] -- Detecting CXX compiler ABI info - done
[1.776s] -- Check for working CXX compiler: /usr/bin/c++ - skipped
[1.776s] -- Detecting CXX compile features
[1.777s] -- Detecting CXX compile features - done
[1.786s] -- Found ament_cmake: 1.3.10 (/opt/ros/humble/share/ament_cmake/cmake)
[2.052s] -- Found Python3: /usr/bin/python3 (found version "3.10.12") found components: Interpreter 
[2.189s] -- Override CMake install command with custom implementation using symlinks instead of copying resources
[2.335s] [33mCMake Warning (dev) at /usr/share/cmake-3.22/Modules/FindPackageHandleStandardArgs.cmake:438 (message):
[2.335s]   The package name passed to `find_package_handle_standard_args` (PkgConfig)
[2.335s]   does not match the name of the calling package (gazebo).  This can lead to
[2.335s]   problems in calling code that expects `find_package` result variables
[2.336s]   (e.g., `_FOUND`) to follow a certain pattern.
[2.336s] Call Stack (most recent call first):
[2.336s]   /usr/share/cmake-3.22/Modules/FindPkgConfig.cmake:99 (find_package_handle_standard_args)
[2.336s]   /usr/lib/x86_64-linux-gnu/cmake/gazebo/gazebo-config.cmake:72 (include)
[2.336s]   CMakeLists.txt:23 (find_package)
[2.336s] This warning is for project developers.  Use -Wno-dev to suppress it.
[2.336s] [0m
[2.336s] -- Found PkgConfig: /usr/bin/pkg-config (found version "0.29.2") 
[2.341s] -- Checking for module 'bullet>=2.82'
[2.372s] --   Found bullet, version 3.05
[2.628s] -- Found fcl: /usr/include (found suitable version "0.7.0", minimum required is "0.5.0") 
[2.729s] -- Found assimp: /usr/include (found version "5.2.0") 
[2.782s] -- Found DART: /usr/include (Required is at least version "6.6") found components: dart 
[3.197s] -- Found Boost: /usr/lib/x86_64-linux-gnu/cmake/Boost-1.74.0/BoostConfig.cmake (found suitable version "1.74.0", minimum required is "1.40.0") found components: thread system filesystem program_options regex iostreams date_time 
[3.236s] -- Found Protobuf: /usr/lib/x86_64-linux-gnu/libprotobuf.so (found version "3.12.4") 
[3.249s] -- Looking for ignition-math6 -- found version 6.15.1
[3.266s] -- Searching for dependencies of ignition-math6
[3.271s] -- Looking for OGRE...
[3.271s] -- OGRE_PREFIX_WATCH changed.
[3.279s] -- Checking for module 'OGRE'
[3.298s] --   Found OGRE, version 1.9.0
[3.369s] -- Found Ogre Ghadamon (1.9.0)
[3.385s] -- Found OGRE: optimized;/usr/lib/x86_64-linux-gnu/libOgreMain.so;debug;/usr/lib/x86_64-linux-gnu/libOgreMain.so
[3.400s] -- Looking for OGRE_Paging...
[3.409s] -- Found OGRE_Paging: optimized;/usr/lib/x86_64-linux-gnu/libOgrePaging.so;debug;/usr/lib/x86_64-linux-gnu/libOgrePaging.so
[3.409s] -- Looking for OGRE_Terrain...
[3.415s] -- Found OGRE_Terrain: optimized;/usr/lib/x86_64-linux-gnu/libOgreTerrain.so;debug;/usr/lib/x86_64-linux-gnu/libOgreTerrain.so
[3.415s] -- Looking for OGRE_Property...
[3.423s] -- Found OGRE_Property: optimized;/usr/lib/x86_64-linux-gnu/libOgreProperty.so;debug;/usr/lib/x86_64-linux-gnu/libOgreProperty.so
[3.423s] -- Looking for OGRE_RTShaderSystem...
[3.434s] -- Found OGRE_RTShaderSystem: optimized;/usr/lib/x86_64-linux-gnu/libOgreRTShaderSystem.so;debug;/usr/lib/x86_64-linux-gnu/libOgreRTShaderSystem.so
[3.434s] -- Looking for OGRE_Volume...
[3.445s] -- Found OGRE_Volume: optimized;/usr/lib/x86_64-linux-gnu/libOgreVolume.so;debug;/usr/lib/x86_64-linux-gnu/libOgreVolume.so
[3.445s] -- Looking for OGRE_Overlay...
[3.454s] -- Found OGRE_Overlay: optimized;/usr/lib/x86_64-linux-gnu/libOgreOverlay.so;debug;/usr/lib/x86_64-linux-gnu/libOgreOverlay.so
[3.629s] -- Looking for ignition-math6 -- found version 6.15.1
[3.633s] -- Looking for ignition-transport8 -- found version 8.2.1
[3.633s] -- Searching for dependencies of ignition-transport8
[3.657s] -- Found Protobuf: /usr/lib/x86_64-linux-gnu/libprotobuf.so (found suitable version "3.12.4", minimum required is "3") 
[3.672s] -- Config-file not installed for ZeroMQ -- checking for pkg-config
[3.680s] -- Checking for module 'libzmq >= 4'
[3.713s] --   Found libzmq , version 4.3.4
[3.792s] -- Found ZeroMQ: TRUE (Required is at least version "4") 
[3.804s] -- Checking for module 'uuid'
[3.834s] --   Found uuid, version 2.37.2
[3.909s] -- Found UUID: TRUE  
[3.914s] -- Looking for ignition-msgs5 -- found version 5.8.1
[3.915s] -- Searching for dependencies of ignition-msgs5
[3.939s] -- Looking for ignition-math6 -- found version 6.15.1
[3.947s] -- Checking for module 'tinyxml2'
[3.976s] --   Found tinyxml2, version 9.0.0
[4.044s] -- Looking for ignition-msgs5 -- found version 5.8.1
[4.051s] -- Looking for ignition-common3 -- found version 3.14.0
[4.051s] -- Searching for dependencies of ignition-common3
[4.051s] -- Looking for dlfcn.h - found
[4.053s] -- Looking for libdl - found
[4.055s] -- Found DL: TRUE  
[4.076s] -- Found tinyobjloader: /usr/lib/x86_64-linux-gnu/cmake/tinyobjloader/tinyobjloader-config.cmake (found version "2.0.0") 
[4.077s] -- Searching for <ignition-common3> component [graphics]
[4.084s] -- Looking for ignition-common3-graphics -- found version 3.14.0
[4.085s] -- Searching for dependencies of ignition-common3-graphics
[4.085s] -- Looking for ignition-math6 -- found version 6.15.1
[4.091s] -- Looking for ignition-fuel_tools4 -- found version 4.4.0
[4.092s] -- Searching for dependencies of ignition-fuel_tools4
[4.233s] -- Found CURL: /usr/lib/x86_64-linux-gnu/libcurl.so (found version "7.81.0")  
[4.250s] -- Checking for module 'jsoncpp'
[4.272s] --   Found jsoncpp, version 1.9.5
[4.324s] -- Found JSONCPP: TRUE  
[4.334s] -- Checking for module 'libzip'
[4.355s] --   Found libzip, version 1.7.3
[4.401s] -- Found ZIP: TRUE  
[4.401s] -- Looking for ignition-common3 -- found version 3.14.0
[4.402s] -- Looking for ignition-math6 -- found version 6.15.1
[4.403s] -- Looking for ignition-msgs5 -- found version 5.8.1
[4.419s] -- Found gazebo_ros_pkgs: 3.9.0 (/opt/ros/humble/share/gazebo_ros_pkgs/cmake)
[4.510s] -- Configuring done
[4.514s] -- Generating done
[4.519s] -- Build files have been written to: /home/me597/me597/Lab3/ws1/build/turtlebot3_gazebo
[4.538s] Invoked command in '/home/me597/me597/Lab3/ws1/build/turtlebot3_gazebo' returned '0': CMAKE_PREFIX_PATH=${CMAKE_PREFIX_PATH}:/home/me597/me597/Lab3/ws1/install/task_4:/home/me597/me597/Lab3/ws1/install/sim_utils:/opt/ros/humble /usr/bin/cmake /home/me597/me597/Lab3/ws1/src/sim_ws/src/turtlebot3_gazebo -DAMENT_CMAKE_SYMLINK_INSTALL=1 -DCMAKE_INSTALL_PREFIX=/home/me597/me597/Lab3/ws1/install/turtlebot3_gazebo
[4.539s] Invoking command in '/home/me597/me597/Lab3/ws1/build/turtlebot3_gazebo': CMAKE_PREFIX_PATH=${CMAKE_PREFIX_PATH}:/home/me597/me597/Lab3/ws1/install/task_4:/home/me597/me597/Lab3/ws1/install/sim_utils:/opt/ros/humble /usr/bin/cmake --build /home/me597/me597/Lab3/ws1/build/turtlebot3_gazebo -- -j4 -l4
[4.608s] Invoked command in '/home/me597/me597/Lab3/ws1/build/turtlebot3_gazebo' returned '0': CMAKE_PREFIX_PATH=${CMAKE_PREFIX_PATH}:/home/me597/me597/Lab3/ws1/install/task_4:/home/me597/me597/Lab3/ws1/install/sim_utils:/opt/ros/humble /usr/bin/cmake --build /home/me597/me597/Lab3/ws1/build/turtlebot3_gazebo -- -j4 -l4
[4.681s] Invoking command in '/home/me597/me597/Lab3/ws1/build/turtlebot3_gazebo': CMAKE_PREFIX_PATH=${CMAKE_PREFIX_PATH}:/home/me597/me597/Lab3/ws1/install/task_4:/home/me597/me597/Lab3/ws1/install/sim_utils:/opt/ros/humble /usr/bin/cmake --install /home/me597/me597/Lab3/ws1/build/turtlebot3_gazebo
[4.692s] -- Install configuration: ""
[4.692s] -- Execute custom install script
[4.694s] -- Symlinking: /home/me597/me597/Lab3/ws1/install/turtlebot3_gazebo/share/turtlebot3_gazebo//launch/amcl.launch.py
[4.707s] -- Symlinking: /home/me597/me597/Lab3/ws1/install/turtlebot3_gazebo/share/turtlebot3_gazebo//launch/map_loader.launch.py
[4.724s] -- Symlinking: /home/me597/me597/Lab3/ws1/install/turtlebot3_gazebo/share/turtlebot3_gazebo//launch/mapper.launch.py
[4.737s] -- Symlinking: /home/me597/me597/Lab3/ws1/install/turtlebot3_gazebo/share/turtlebot3_gazebo//launch/navigator.launch.py
[4.750s] -- Symlinking: /home/me597/me597/Lab3/ws1/install/turtlebot3_gazebo/share/turtlebot3_gazebo//launch/robot_state_publisher.launch.py
[4.763s] -- Symlinking: /home/me597/me597/Lab3/ws1/install/turtlebot3_gazebo/share/turtlebot3_gazebo//launch/spawn_cricketball.launch.py
[4.775s] -- Symlinking: /home/me597/me597/Lab3/ws1/install/turtlebot3_gazebo/share/turtlebot3_gazebo//launch/spawn_turtlebot3.launch.py
[4.787s] -- Symlinking: /home/me597/me597/Lab3/ws1/install/turtlebot3_gazebo/share/turtlebot3_gazebo//launch/task_6.launch.py
[4.798s] -- Symlinking: /home/me597/me597/Lab3/ws1/install/turtlebot3_gazebo/share/turtlebot3_gazebo//launch/turtlebot3_bonus_world.launch.py
[4.809s] -- Symlinking: /home/me597/me597/Lab3/ws1/install/turtlebot3_gazebo/share/turtlebot3_gazebo//launch/turtlebot3_house.launch.py
[4.822s] -- Symlinking: /home/me597/me597/Lab3/ws1/install/turtlebot3_gazebo/share/turtlebot3_gazebo//launch/turtlebot3_house_norviz.launch.py
[4.834s] -- Symlinking: /home/me597/me597/Lab3/ws1/install/turtlebot3_gazebo/share/turtlebot3_gazebo//models/blue_object/model.config
[4.846s] -- Symlinking: /home/me597/me597/Lab3/ws1/install/turtlebot3_gazebo/share/turtlebot3_gazebo//models/blue_object/model.rsdf
[4.858s] -- Symlinking: /home/me597/me597/Lab3/ws1/install/turtlebot3_gazebo/share/turtlebot3_gazebo//models/blue_object/model.sdf
[4.870s] -- Symlinking: /home/me597/me597/Lab3/ws1/install/turtlebot3_gazebo/share/turtlebot3_gazebo//models/cricket_ball/model.config
[4.882s] -- Symlinking: /home/me597/me597/Lab3/ws1/install/turtlebot3_gazebo/share/turtlebot3_gazebo//models/cricket_ball/model.rsdf
[4.895s] -- Symlinking: /home/me597/me597/Lab3/ws1/install/turtlebot3_gazebo/share/turtlebot3_gazebo//models/cricket_ball/model.sdf
[4.906s] -- Symlinking: /home/me597/me597/Lab3/ws1/install/turtlebot3_gazebo/share/turtlebot3_gazebo//models/green_object/model.config
[4.920s] -- Symlinking: /home/me597/me597/Lab3/ws1/install/turtlebot3_gazebo/share/turtlebot3_gazebo//models/green_object/model.rsdf
[4.933s] -- Symlinking: /home/me597/me597/Lab3/ws1/install/turtlebot3_gazebo/share/turtlebot3_gazebo//models/green_object/model.sdf
[4.948s] -- Symlinking: /home/me597/me597/Lab3/ws1/install/turtlebot3_gazebo/share/turtlebot3_gazebo//models/red_object/model.config
[4.957s] -- Symlinking: /home/me597/me597/Lab3/ws1/install/turtlebot3_gazebo/share/turtlebot3_gazebo//models/red_object/model.rsdf
[4.968s] -- Symlinking: /home/me597/me597/Lab3/ws1/install/turtlebot3_gazebo/share/turtlebot3_gazebo//models/red_object/model.sdf
[4.980s] -- Symlinking: /home/me597/me597/Lab3/ws1/install/turtlebot3_gazebo/share/turtlebot3_gazebo//models/trash_can/meshes/trash_can.dae
[4.992s] -- Symlinking: /home/me597/me597/Lab3/ws1/install/turtlebot3_gazebo/share/turtlebot3_gazebo//models/trash_can/model.config
[5.004s] -- Symlinking: /home/me597/me597/Lab3/ws1/install/turtlebot3_gazebo/share/turtlebot3_gazebo//models/trash_can/model.sdf
[5.016s] -- Symlinking: /home/me597/me597/Lab3/ws1/install/turtlebot3_gazebo/share/turtlebot3_gazebo//models/turtlebot3_common/meshes/burger_base.dae
[5.031s] -- Symlinking: /home/me597/me597/Lab3/ws1/install/turtlebot3_gazebo/share/turtlebot3_gazebo//models/turtlebot3_common/meshes/lds.dae
[5.043s] -- Symlinking: /home/me597/me597/Lab3/ws1/install/turtlebot3_gazebo/share/turtlebot3_gazebo//models/turtlebot3_common/meshes/r200.dae
[5.059s] -- Symlinking: /home/me597/me597/Lab3/ws1/install/turtlebot3_gazebo/share/turtlebot3_gazebo//models/turtlebot3_common/meshes/tire.dae
[5.077s] -- Symlinking: /home/me597/me597/Lab3/ws1/install/turtlebot3_gazebo/share/turtlebot3_gazebo//models/turtlebot3_common/meshes/waffle_base.dae
[5.095s] -- Symlinking: /home/me597/me597/Lab3/ws1/install/turtlebot3_gazebo/share/turtlebot3_gazebo//models/turtlebot3_common/model.config
[5.112s] -- Symlinking: /home/me597/me597/Lab3/ws1/install/turtlebot3_gazebo/share/turtlebot3_gazebo//models/turtlebot3_house/model.config
[5.129s] -- Symlinking: /home/me597/me597/Lab3/ws1/install/turtlebot3_gazebo/share/turtlebot3_gazebo//models/turtlebot3_house/model.sdf
[5.143s] -- Symlinking: /home/me597/me597/Lab3/ws1/install/turtlebot3_gazebo/share/turtlebot3_gazebo//models/turtlebot3_waffle/model.config
[5.163s] -- Symlinking: /home/me597/me597/Lab3/ws1/install/turtlebot3_gazebo/share/turtlebot3_gazebo//models/turtlebot3_waffle/model.sdf
[5.181s] -- Symlinking: /home/me597/me597/Lab3/ws1/install/turtlebot3_gazebo/share/turtlebot3_gazebo//rviz/tb3_gazebo.rviz
[5.203s] -- Symlinking: /home/me597/me597/Lab3/ws1/install/turtlebot3_gazebo/share/turtlebot3_gazebo//urdf/turtlebot3_waffle.urdf
[5.220s] -- Symlinking: /home/me597/me597/Lab3/ws1/install/turtlebot3_gazebo/share/turtlebot3_gazebo//worlds/Bonus
[5.234s] -- Symlinking: /home/me597/me597/Lab3/ws1/install/turtlebot3_gazebo/share/turtlebot3_gazebo//worlds/empty_world.world
[5.248s] -- Symlinking: /home/me597/me597/Lab3/ws1/install/turtlebot3_gazebo/share/turtlebot3_gazebo//worlds/house_closed.world
[5.271s] -- Symlinking: /home/me597/me597/Lab3/ws1/install/turtlebot3_gazebo/share/turtlebot3_gazebo//worlds/turtlebot3_house.world
[5.290s] -- Symlinking: /home/me597/me597/Lab3/ws1/install/turtlebot3_gazebo/share/turtlebot3_gazebo//maps/map.pgm
[5.304s] -- Symlinking: /home/me597/me597/Lab3/ws1/install/turtlebot3_gazebo/share/turtlebot3_gazebo//maps/map.yaml
[5.322s] -- Symlinking: /home/me597/me597/Lab3/ws1/install/turtlebot3_gazebo/share/turtlebot3_gazebo//maps/sync_classroom_map.pgm
[5.340s] -- Symlinking: /home/me597/me597/Lab3/ws1/install/turtlebot3_gazebo/share/turtlebot3_gazebo//maps/sync_classroom_map.yaml
[5.358s] -- Symlinking: /home/me597/me597/Lab3/ws1/install/turtlebot3_gazebo/share/turtlebot3_gazebo//params/amcl.yaml
[5.370s] -- Symlinking: /home/me597/me597/Lab3/ws1/install/turtlebot3_gazebo/share/turtlebot3_gazebo//params/map_server.yaml
[5.385s] -- Symlinking: /home/me597/me597/Lab3/ws1/install/turtlebot3_gazebo/share/turtlebot3_gazebo//params/mapper_params_online_async.yaml
[5.401s] -- Symlinking: /home/me597/me597/Lab3/ws1/install/turtlebot3_gazebo/share/ament_index/resource_index/package_run_dependencies/turtlebot3_gazebo
[5.414s] -- Symlinking: /home/me597/me597/Lab3/ws1/install/turtlebot3_gazebo/share/ament_index/resource_index/parent_prefix_path/turtlebot3_gazebo
[5.429s] -- Symlinking: /home/me597/me597/Lab3/ws1/install/turtlebot3_gazebo/share/turtlebot3_gazebo/environment/ament_prefix_path.sh
[5.441s] -- Symlinking: /home/me597/me597/Lab3/ws1/install/turtlebot3_gazebo/share/turtlebot3_gazebo/environment/ament_prefix_path.dsv
[5.454s] -- Symlinking: /home/me597/me597/Lab3/ws1/install/turtlebot3_gazebo/share/turtlebot3_gazebo/environment/path.sh
[5.467s] -- Symlinking: /home/me597/me597/Lab3/ws1/install/turtlebot3_gazebo/share/turtlebot3_gazebo/environment/path.dsv
[5.483s] -- Symlinking: /home/me597/me597/Lab3/ws1/install/turtlebot3_gazebo/share/turtlebot3_gazebo/local_setup.bash
[5.497s] -- Symlinking: /home/me597/me597/Lab3/ws1/install/turtlebot3_gazebo/share/turtlebot3_gazebo/local_setup.sh
[5.511s] -- Symlinking: /home/me597/me597/Lab3/ws1/install/turtlebot3_gazebo/share/turtlebot3_gazebo/local_setup.zsh
[5.526s] -- Symlinking: /home/me597/me597/Lab3/ws1/install/turtlebot3_gazebo/share/turtlebot3_gazebo/local_setup.dsv
[5.540s] -- Symlinking: /home/me597/me597/Lab3/ws1/install/turtlebot3_gazebo/share/turtlebot3_gazebo/package.dsv
[5.555s] -- Symlinking: /home/me597/me597/Lab3/ws1/install/turtlebot3_gazebo/share/ament_index/resource_index/packages/turtlebot3_gazebo
[5.569s] -- Symlinking: /home/me597/me597/Lab3/ws1/install/turtlebot3_gazebo/share/turtlebot3_gazebo/cmake/ament_cmake_export_include_directories-extras.cmake
[5.582s] -- Symlinking: /home/me597/me597/Lab3/ws1/install/turtlebot3_gazebo/share/turtlebot3_gazebo/cmake/ament_cmake_export_dependencies-extras.cmake
[5.595s] -- Symlinking: /home/me597/me597/Lab3/ws1/install/turtlebot3_gazebo/share/turtlebot3_gazebo/cmake/turtlebot3_gazeboConfig.cmake
[5.608s] -- Symlinking: /home/me597/me597/Lab3/ws1/install/turtlebot3_gazebo/share/turtlebot3_gazebo/cmake/turtlebot3_gazeboConfig-version.cmake
[5.622s] -- Symlinking: /home/me597/me597/Lab3/ws1/install/turtlebot3_gazebo/share/turtlebot3_gazebo/package.xml
[5.636s] -- Installing: /home/me597/me597/Lab3/ws1/install/turtlebot3_gazebo/lib/turtlebot3_gazebo/task1
[5.637s] -- Installing: /home/me597/me597/Lab3/ws1/install/turtlebot3_gazebo/lib/turtlebot3_gazebo/task2
[5.638s] -- Installing: /home/me597/me597/Lab3/ws1/install/turtlebot3_gazebo/lib/turtlebot3_gazebo/task3
[5.639s] -- Installing: /home/me597/me597/Lab3/ws1/install/turtlebot3_gazebo/lib/turtlebot3_gazebo/spawn_objects
[5.639s] -- Installing: /home/me597/me597/Lab3/ws1/install/turtlebot3_gazebo/lib/turtlebot3_gazebo/task2_bonus
[5.640s] -- Installing: /home/me597/me597/Lab3/ws1/install/turtlebot3_gazebo/lib/turtlebot3_gazebo/static_obstacles
[5.644s] Invoked command in '/home/me597/me597/Lab3/ws1/build/turtlebot3_gazebo' returned '0': CMAKE_PREFIX_PATH=${CMAKE_PREFIX_PATH}:/home/me597/me597/Lab3/ws1/install/task_4:/home/me597/me597/Lab3/ws1/install/sim_utils:/opt/ros/humble /usr/bin/cmake --install /home/me597/me597/Lab3/ws1/build/turtlebot3_gazebo
