[0.528s] Invoking command in '/home/Gery/ME597_Lab/Lab3/ws1/build/turtlebot3_gazebo': CMAKE_PREFIX_PATH=/opt/ros/humble /usr/bin/cmake --build /home/Gery/ME597_Lab/Lab3/ws1/build/turtlebot3_gazebo -- -j4 -l4
[0.598s] -- Found ament_cmake: 1.3.12 (/opt/ros/humble/share/ament_cmake/cmake)
[0.765s] -- Override CMake install command with custom implementation using symlinks instead of copying resources
[0.804s] [31mCMake Error at CMakeLists.txt:23 (find_package):
[0.804s]   By not providing "Findgazebo.cmake" in CMAKE_MODULE_PATH this project has
[0.804s]   asked CMake to find a package configuration file provided by "gazebo", but
[0.804s]   CMake did not find one.
[0.804s] 
[0.804s]   Could not find a package configuration file provided by "gazebo" with any
[0.805s]   of the following names:
[0.805s] 
[0.805s]     gazeboConfig.cmake
[0.805s]     gazebo-config.cmake
[0.805s] 
[0.805s]   Add the installation prefix of "gazebo" to CMAKE_PREFIX_PATH or set
[0.805s]   "gazebo_DIR" to a directory containing one of the above files.  If "gazebo"
[0.805s]   provides a separate development package or SDK, be sure it has been
[0.805s]   installed.
[0.805s] 
[0.805s] [0m
[0.810s] -- Configuring incomplete, errors occurred!
[0.811s] See also "/home/Gery/ME597_Lab/Lab3/ws1/build/turtlebot3_gazebo/CMakeFiles/CMakeOutput.log".
[0.814s] gmake: *** [Makefile:226: cmake_check_build_system] Error 1
[0.821s] Invoked command in '/home/Gery/ME597_Lab/Lab3/ws1/build/turtlebot3_gazebo' returned '2': CMAKE_PREFIX_PATH=/opt/ros/humble /usr/bin/cmake --build /home/Gery/ME597_Lab/Lab3/ws1/build/turtlebot3_gazebo -- -j4 -l4
