[0.008s] Invoking command in '/home/Gery/ME597_Lab/Lab4/ws1/build/image_geometry': CMAKE_PREFIX_PATH=${CMAKE_PREFIX_PATH}:/home/Gery/ME597_Lab/Lab4/ws1/install/task_6:/home/Gery/ME597_Lab/Lab4/ws1/install/task_5:/home/Gery/ME597_Lab/Lab4/ws1/install/opencv_tests:/opt/ros/humble /usr/bin/cmake --build /home/Gery/ME597_Lab/Lab4/ws1/build/image_geometry -- -j4 -l4
[0.225s] [  0%] Built target ament_cmake_python_symlink_image_geometry
[0.226s] [ 18%] Built target gtest_main
[0.231s] [ 36%] Built target gtest
[0.233s] [ 63%] Built target image_geometry
[0.290s] [ 81%] Built target image_geometry-utest-equi
[0.291s] [100%] Built target image_geometry-utest
[0.512s] running egg_info
[0.536s] writing image_geometry.egg-info/PKG-INFO
[0.537s] writing dependency_links to image_geometry.egg-info/dependency_links.txt
[0.537s] writing top-level names to image_geometry.egg-info/top_level.txt
[0.598s] reading manifest file 'image_geometry.egg-info/SOURCES.txt'
[0.600s] writing manifest file 'image_geometry.egg-info/SOURCES.txt'
[0.639s] [100%] Built target ament_cmake_python_build_image_geometry_egg
[0.661s] Invoked command in '/home/Gery/ME597_Lab/Lab4/ws1/build/image_geometry' returned '0': CMAKE_PREFIX_PATH=${CMAKE_PREFIX_PATH}:/home/Gery/ME597_Lab/Lab4/ws1/install/task_6:/home/Gery/ME597_Lab/Lab4/ws1/install/task_5:/home/Gery/ME597_Lab/Lab4/ws1/install/opencv_tests:/opt/ros/humble /usr/bin/cmake --build /home/Gery/ME597_Lab/Lab4/ws1/build/image_geometry -- -j4 -l4
[0.676s] Invoking command in '/home/Gery/ME597_Lab/Lab4/ws1/build/image_geometry': CMAKE_PREFIX_PATH=${CMAKE_PREFIX_PATH}:/home/Gery/ME597_Lab/Lab4/ws1/install/task_6:/home/Gery/ME597_Lab/Lab4/ws1/install/task_5:/home/Gery/ME597_Lab/Lab4/ws1/install/opencv_tests:/opt/ros/humble /usr/bin/cmake --install /home/Gery/ME597_Lab/Lab4/ws1/build/image_geometry
[0.695s] -- Install configuration: ""
[0.698s] -- Execute custom install script
[0.700s] -- Up-to-date symlink: /home/Gery/ME597_Lab/Lab4/ws1/install/image_geometry/share/image_geometry/environment/pythonpath.sh
[0.701s] -- Up-to-date symlink: /home/Gery/ME597_Lab/Lab4/ws1/install/image_geometry/share/image_geometry/environment/pythonpath.dsv
[0.703s] -- Up-to-date symlink: /home/Gery/ME597_Lab/Lab4/ws1/install/image_geometry/local/lib/python3.10/dist-packages/image_geometry-4.1.0-py3.10.egg-info/PKG-INFO
[0.703s] -- Up-to-date symlink: /home/Gery/ME597_Lab/Lab4/ws1/install/image_geometry/local/lib/python3.10/dist-packages/image_geometry-4.1.0-py3.10.egg-info/SOURCES.txt
[0.703s] -- Up-to-date symlink: /home/Gery/ME597_Lab/Lab4/ws1/install/image_geometry/local/lib/python3.10/dist-packages/image_geometry-4.1.0-py3.10.egg-info/dependency_links.txt
[0.704s] -- Up-to-date symlink: /home/Gery/ME597_Lab/Lab4/ws1/install/image_geometry/local/lib/python3.10/dist-packages/image_geometry-4.1.0-py3.10.egg-info/top_level.txt
[0.704s] -- Up-to-date symlink: /home/Gery/ME597_Lab/Lab4/ws1/install/image_geometry/local/lib/python3.10/dist-packages/image_geometry/__init__.py
[0.704s] -- Up-to-date symlink: /home/Gery/ME597_Lab/Lab4/ws1/install/image_geometry/local/lib/python3.10/dist-packages/image_geometry/cameramodels.py
[0.705s] -- Up-to-date symlink: /home/Gery/ME597_Lab/Lab4/ws1/install/image_geometry/include/image_geometry/image_geometry/pinhole_camera_model.hpp
[0.705s] -- Up-to-date symlink: /home/Gery/ME597_Lab/Lab4/ws1/install/image_geometry/include/image_geometry/image_geometry/stereo_camera_model.hpp
[0.705s] -- Up-to-date symlink: /home/Gery/ME597_Lab/Lab4/ws1/install/image_geometry/include/image_geometry/image_geometry/visibility_control.hpp
[0.705s] -- Up-to-date symlink: /home/Gery/ME597_Lab/Lab4/ws1/install/image_geometry/share/ament_index/resource_index/package_run_dependencies/image_geometry
[0.706s] -- Up-to-date symlink: /home/Gery/ME597_Lab/Lab4/ws1/install/image_geometry/share/ament_index/resource_index/parent_prefix_path/image_geometry
[0.707s] -- Up-to-date symlink: /home/Gery/ME597_Lab/Lab4/ws1/install/image_geometry/share/image_geometry/environment/ament_prefix_path.sh
[0.707s] -- Up-to-date symlink: /home/Gery/ME597_Lab/Lab4/ws1/install/image_geometry/share/image_geometry/environment/ament_prefix_path.dsv
[0.707s] -- Up-to-date symlink: /home/Gery/ME597_Lab/Lab4/ws1/install/image_geometry/share/image_geometry/environment/path.sh
[0.708s] -- Up-to-date symlink: /home/Gery/ME597_Lab/Lab4/ws1/install/image_geometry/share/image_geometry/environment/path.dsv
[0.708s] -- Up-to-date symlink: /home/Gery/ME597_Lab/Lab4/ws1/install/image_geometry/share/image_geometry/local_setup.bash
[0.708s] -- Up-to-date symlink: /home/Gery/ME597_Lab/Lab4/ws1/install/image_geometry/share/image_geometry/local_setup.sh
[0.708s] -- Up-to-date symlink: /home/Gery/ME597_Lab/Lab4/ws1/install/image_geometry/share/image_geometry/local_setup.zsh
[0.708s] -- Up-to-date symlink: /home/Gery/ME597_Lab/Lab4/ws1/install/image_geometry/share/image_geometry/local_setup.dsv
[0.708s] -- Symlinking: /home/Gery/ME597_Lab/Lab4/ws1/install/image_geometry/share/image_geometry/package.dsv
[0.721s] -- Up-to-date symlink: /home/Gery/ME597_Lab/Lab4/ws1/install/image_geometry/share/ament_index/resource_index/packages/image_geometry
[0.722s] -- Up-to-date symlink: /home/Gery/ME597_Lab/Lab4/ws1/install/image_geometry/share/image_geometry/cmake/ament_cmake_export_targets-extras.cmake
[0.722s] -- Up-to-date symlink: /home/Gery/ME597_Lab/Lab4/ws1/install/image_geometry/share/image_geometry/cmake/ament_cmake_export_dependencies-extras.cmake
[0.722s] -- Up-to-date symlink: /home/Gery/ME597_Lab/Lab4/ws1/install/image_geometry/share/image_geometry/cmake/image_geometryConfig.cmake
[0.722s] -- Up-to-date symlink: /home/Gery/ME597_Lab/Lab4/ws1/install/image_geometry/share/image_geometry/cmake/image_geometryConfig-version.cmake
[0.722s] -- Up-to-date symlink: /home/Gery/ME597_Lab/Lab4/ws1/install/image_geometry/share/image_geometry/package.xml
[0.761s] Listing '/home/Gery/ME597_Lab/Lab4/ws1/install/image_geometry/local/lib/python3.10/dist-packages/image_geometry'...
[0.769s] -- Up-to-date: /home/Gery/ME597_Lab/Lab4/ws1/install/image_geometry/lib/libimage_geometry.so
[0.770s] -- Up-to-date: /home/Gery/ME597_Lab/Lab4/ws1/install/image_geometry/share/image_geometry/cmake/export_image_geometryExport.cmake
[0.770s] -- Up-to-date: /home/Gery/ME597_Lab/Lab4/ws1/install/image_geometry/share/image_geometry/cmake/export_image_geometryExport-noconfig.cmake
[0.774s] Invoked command in '/home/Gery/ME597_Lab/Lab4/ws1/build/image_geometry' returned '0': CMAKE_PREFIX_PATH=${CMAKE_PREFIX_PATH}:/home/Gery/ME597_Lab/Lab4/ws1/install/task_6:/home/Gery/ME597_Lab/Lab4/ws1/install/task_5:/home/Gery/ME597_Lab/Lab4/ws1/install/opencv_tests:/opt/ros/humble /usr/bin/cmake --install /home/Gery/ME597_Lab/Lab4/ws1/build/image_geometry
