[0.749s] Invoking command in '/home/me597/ME597_Lab/Lab3/ws1/build/turtlebot3_gazebo': CMAKE_PREFIX_PATH=${CMAKE_PREFIX_PATH}:/home/me597/ME597_Lab/Lab3/ws1/src/sim_ws/install/sim_utils:/home/me597/ME597_Lab/Lab3/ws1/install/task_4:/opt/ros/humble /usr/bin/cmake /home/me597/ME597_Lab/Lab3/ws1/src/sim_ws/src/turtlebot3_gazebo -DAMENT_CMAKE_SYMLINK_INSTALL=1 -DCMAKE_INSTALL_PREFIX=/home/me597/ME597_Lab/Lab3/ws1/install/turtlebot3_gazebo
[0.854s] -- The C compiler identification is GNU 11.4.0
[0.953s] -- The CXX compiler identification is GNU 11.4.0
[0.968s] -- Detecting C compiler ABI info
[1.091s] -- Detecting C compiler ABI info - done
[1.103s] -- Check for working C compiler: /usr/bin/cc - skipped
[1.105s] -- Detecting C compile features
[1.106s] -- Detecting C compile features - done
[1.119s] -- Detecting CXX compiler ABI info
[1.270s] -- Detecting CXX compiler ABI info - done
[1.289s] -- Check for working CXX compiler: /usr/bin/c++ - skipped
[1.289s] -- Detecting CXX compile features
[1.290s] -- Detecting CXX compile features - done
[1.293s] -- Found ament_cmake: 1.3.10 (/opt/ros/humble/share/ament_cmake/cmake)
[1.597s] -- Found Python3: /usr/bin/python3 (found version "3.10.12") found components: Interpreter 
[1.685s] -- Override CMake install command with custom implementation using symlinks instead of copying resources
[1.754s] [33mCMake Warning (dev) at /usr/share/cmake-3.22/Modules/FindPackageHandleStandardArgs.cmake:438 (message):
[1.755s]   The package name passed to `find_package_handle_standard_args` (PkgConfig)
[1.755s]   does not match the name of the calling package (gazebo).  This can lead to
[1.756s]   problems in calling code that expects `find_package` result variables
[1.756s]   (e.g., `_FOUND`) to follow a certain pattern.
[1.757s] Call Stack (most recent call first):
[1.757s]   /usr/share/cmake-3.22/Modules/FindPkgConfig.cmake:99 (find_package_handle_standard_args)
[1.757s]   /usr/lib/x86_64-linux-gnu/cmake/gazebo/gazebo-config.cmake:72 (include)
[1.757s]   CMakeLists.txt:23 (find_package)
[1.757s] This warning is for project developers.  Use -Wno-dev to suppress it.
[1.757s] [0m
[1.757s] -- Found PkgConfig: /usr/bin/pkg-config (found version "0.29.2") 
[1.757s] -- Checking for module 'bullet>=2.82'
[1.790s] --   Found bullet, version 3.05
[1.947s] -- Found fcl: /usr/include (found suitable version "0.7.0", minimum required is "0.5.0") 
[2.043s] -- Found assimp: /usr/include (found version "5.2.0") 
[2.083s] -- Found DART: /usr/include (Required is at least version "6.6") found components: dart 
[2.404s] -- Found Boost: /usr/lib/x86_64-linux-gnu/cmake/Boost-1.74.0/BoostConfig.cmake (found suitable version "1.74.0", minimum required is "1.40.0") found components: thread system filesystem program_options regex iostreams date_time 
[2.428s] -- Found Protobuf: /usr/lib/x86_64-linux-gnu/libprotobuf.so (found version "3.12.4") 
[2.435s] -- Looking for ignition-math6 -- found version 6.15.1
[2.444s] -- Searching for dependencies of ignition-math6
[2.445s] -- Looking for OGRE...
[2.446s] -- OGRE_PREFIX_WATCH changed.
[2.456s] -- Checking for module 'OGRE'
[2.481s] --   Found OGRE, version 1.9.0
[2.539s] -- Found Ogre Ghadamon (1.9.0)
[2.562s] -- Found OGRE: optimized;/usr/lib/x86_64-linux-gnu/libOgreMain.so;debug;/usr/lib/x86_64-linux-gnu/libOgreMain.so
[2.573s] -- Looking for OGRE_Paging...
[2.580s] -- Found OGRE_Paging: optimized;/usr/lib/x86_64-linux-gnu/libOgrePaging.so;debug;/usr/lib/x86_64-linux-gnu/libOgrePaging.so
[2.580s] -- Looking for OGRE_Terrain...
[2.586s] -- Found OGRE_Terrain: optimized;/usr/lib/x86_64-linux-gnu/libOgreTerrain.so;debug;/usr/lib/x86_64-linux-gnu/libOgreTerrain.so
[2.587s] -- Looking for OGRE_Property...
[2.594s] -- Found OGRE_Property: optimized;/usr/lib/x86_64-linux-gnu/libOgreProperty.so;debug;/usr/lib/x86_64-linux-gnu/libOgreProperty.so
[2.596s] -- Looking for OGRE_RTShaderSystem...
[2.605s] -- Found OGRE_RTShaderSystem: optimized;/usr/lib/x86_64-linux-gnu/libOgreRTShaderSystem.so;debug;/usr/lib/x86_64-linux-gnu/libOgreRTShaderSystem.so
[2.606s] -- Looking for OGRE_Volume...
[2.610s] -- Found OGRE_Volume: optimized;/usr/lib/x86_64-linux-gnu/libOgreVolume.so;debug;/usr/lib/x86_64-linux-gnu/libOgreVolume.so
[2.611s] -- Looking for OGRE_Overlay...
[2.617s] -- Found OGRE_Overlay: optimized;/usr/lib/x86_64-linux-gnu/libOgreOverlay.so;debug;/usr/lib/x86_64-linux-gnu/libOgreOverlay.so
[2.767s] -- Looking for ignition-math6 -- found version 6.15.1
[2.769s] -- Looking for ignition-transport8 -- found version 8.2.1
[2.771s] -- Searching for dependencies of ignition-transport8
[2.797s] -- Found Protobuf: /usr/lib/x86_64-linux-gnu/libprotobuf.so (found suitable version "3.12.4", minimum required is "3") 
[2.811s] -- Config-file not installed for ZeroMQ -- checking for pkg-config
[2.818s] -- Checking for module 'libzmq >= 4'
[2.844s] --   Found libzmq , version 4.3.4
[2.933s] -- Found ZeroMQ: TRUE (Required is at least version "4") 
[2.939s] -- Checking for module 'uuid'
[2.962s] --   Found uuid, version 2.37.2
[3.036s] -- Found UUID: TRUE  
[3.040s] -- Looking for ignition-msgs5 -- found version 5.8.1
[3.041s] -- Searching for dependencies of ignition-msgs5
[3.072s] -- Looking for ignition-math6 -- found version 6.15.1
[3.085s] -- Checking for module 'tinyxml2'
[3.111s] --   Found tinyxml2, version 9.0.0
[3.201s] -- Looking for ignition-msgs5 -- found version 5.8.1
[3.207s] -- Looking for ignition-common3 -- found version 3.14.0
[3.207s] -- Searching for dependencies of ignition-common3
[3.207s] -- Looking for dlfcn.h - found
[3.207s] -- Looking for libdl - found
[3.209s] -- Found DL: TRUE  
[3.227s] -- Found tinyobjloader: /usr/lib/x86_64-linux-gnu/cmake/tinyobjloader/tinyobjloader-config.cmake (found version "2.0.0") 
[3.228s] -- Searching for <ignition-common3> component [graphics]
[3.231s] -- Looking for ignition-common3-graphics -- found version 3.14.0
[3.232s] -- Searching for dependencies of ignition-common3-graphics
[3.233s] -- Looking for ignition-math6 -- found version 6.15.1
[3.238s] -- Looking for ignition-fuel_tools4 -- found version 4.4.0
[3.239s] -- Searching for dependencies of ignition-fuel_tools4
[3.419s] -- Found CURL: /usr/lib/x86_64-linux-gnu/libcurl.so (found version "7.81.0")  
[3.431s] -- Checking for module 'jsoncpp'
[3.454s] --   Found jsoncpp, version 1.9.5
[3.526s] -- Found JSONCPP: TRUE  
[3.536s] -- Checking for module 'libzip'
[3.558s] --   Found libzip, version 1.7.3
[3.621s] -- Found ZIP: TRUE  
[3.622s] -- Looking for ignition-common3 -- found version 3.14.0
[3.623s] -- Looking for ignition-math6 -- found version 6.15.1
[3.623s] -- Looking for ignition-msgs5 -- found version 5.8.1
[3.633s] -- Found gazebo_ros_pkgs: 3.9.0 (/opt/ros/humble/share/gazebo_ros_pkgs/cmake)
[3.735s] -- Configuring done
[3.745s] -- Generating done
[3.745s] -- Build files have been written to: /home/me597/ME597_Lab/Lab3/ws1/build/turtlebot3_gazebo
[3.763s] Invoked command in '/home/me597/ME597_Lab/Lab3/ws1/build/turtlebot3_gazebo' returned '0': CMAKE_PREFIX_PATH=${CMAKE_PREFIX_PATH}:/home/me597/ME597_Lab/Lab3/ws1/src/sim_ws/install/sim_utils:/home/me597/ME597_Lab/Lab3/ws1/install/task_4:/opt/ros/humble /usr/bin/cmake /home/me597/ME597_Lab/Lab3/ws1/src/sim_ws/src/turtlebot3_gazebo -DAMENT_CMAKE_SYMLINK_INSTALL=1 -DCMAKE_INSTALL_PREFIX=/home/me597/ME597_Lab/Lab3/ws1/install/turtlebot3_gazebo
[3.763s] Invoking command in '/home/me597/ME597_Lab/Lab3/ws1/build/turtlebot3_gazebo': CMAKE_PREFIX_PATH=${CMAKE_PREFIX_PATH}:/home/me597/ME597_Lab/Lab3/ws1/src/sim_ws/install/sim_utils:/home/me597/ME597_Lab/Lab3/ws1/install/task_4:/opt/ros/humble /usr/bin/cmake --build /home/me597/ME597_Lab/Lab3/ws1/build/turtlebot3_gazebo -- -j4 -l4
[3.841s] Invoked command in '/home/me597/ME597_Lab/Lab3/ws1/build/turtlebot3_gazebo' returned '0': CMAKE_PREFIX_PATH=${CMAKE_PREFIX_PATH}:/home/me597/ME597_Lab/Lab3/ws1/src/sim_ws/install/sim_utils:/home/me597/ME597_Lab/Lab3/ws1/install/task_4:/opt/ros/humble /usr/bin/cmake --build /home/me597/ME597_Lab/Lab3/ws1/build/turtlebot3_gazebo -- -j4 -l4
[3.926s] Invoking command in '/home/me597/ME597_Lab/Lab3/ws1/build/turtlebot3_gazebo': CMAKE_PREFIX_PATH=${CMAKE_PREFIX_PATH}:/home/me597/ME597_Lab/Lab3/ws1/src/sim_ws/install/sim_utils:/home/me597/ME597_Lab/Lab3/ws1/install/task_4:/opt/ros/humble /usr/bin/cmake --install /home/me597/ME597_Lab/Lab3/ws1/build/turtlebot3_gazebo
[3.943s] -- Install configuration: ""
[3.944s] -- Execute custom install script
[3.944s] -- Symlinking: /home/me597/ME597_Lab/Lab3/ws1/install/turtlebot3_gazebo/share/turtlebot3_gazebo//launch/amcl.launch.py
[3.961s] -- Symlinking: /home/me597/ME597_Lab/Lab3/ws1/install/turtlebot3_gazebo/share/turtlebot3_gazebo//launch/map_loader.launch.py
[3.983s] -- Symlinking: /home/me597/ME597_Lab/Lab3/ws1/install/turtlebot3_gazebo/share/turtlebot3_gazebo//launch/mapper.launch.py
[4.002s] -- Symlinking: /home/me597/ME597_Lab/Lab3/ws1/install/turtlebot3_gazebo/share/turtlebot3_gazebo//launch/navigator.launch.py
[4.014s] -- Symlinking: /home/me597/ME597_Lab/Lab3/ws1/install/turtlebot3_gazebo/share/turtlebot3_gazebo//launch/robot_state_publisher.launch.py
[4.030s] -- Symlinking: /home/me597/ME597_Lab/Lab3/ws1/install/turtlebot3_gazebo/share/turtlebot3_gazebo//launch/spawn_cricketball.launch.py
[4.049s] -- Symlinking: /home/me597/ME597_Lab/Lab3/ws1/install/turtlebot3_gazebo/share/turtlebot3_gazebo//launch/spawn_turtlebot3.launch.py
[4.064s] -- Symlinking: /home/me597/ME597_Lab/Lab3/ws1/install/turtlebot3_gazebo/share/turtlebot3_gazebo//launch/task_6.launch.py
[4.082s] -- Symlinking: /home/me597/ME597_Lab/Lab3/ws1/install/turtlebot3_gazebo/share/turtlebot3_gazebo//launch/turtlebot3_bonus_world.launch.py
[4.102s] -- Symlinking: /home/me597/ME597_Lab/Lab3/ws1/install/turtlebot3_gazebo/share/turtlebot3_gazebo//launch/turtlebot3_house.launch.py
[4.119s] -- Symlinking: /home/me597/ME597_Lab/Lab3/ws1/install/turtlebot3_gazebo/share/turtlebot3_gazebo//launch/turtlebot3_house_norviz.launch.py
[4.142s] -- Symlinking: /home/me597/ME597_Lab/Lab3/ws1/install/turtlebot3_gazebo/share/turtlebot3_gazebo//models/blue_object/model.config
[4.162s] -- Symlinking: /home/me597/ME597_Lab/Lab3/ws1/install/turtlebot3_gazebo/share/turtlebot3_gazebo//models/blue_object/model.rsdf
[4.181s] -- Symlinking: /home/me597/ME597_Lab/Lab3/ws1/install/turtlebot3_gazebo/share/turtlebot3_gazebo//models/blue_object/model.sdf
[4.195s] -- Symlinking: /home/me597/ME597_Lab/Lab3/ws1/install/turtlebot3_gazebo/share/turtlebot3_gazebo//models/cricket_ball/model.config
[4.213s] -- Symlinking: /home/me597/ME597_Lab/Lab3/ws1/install/turtlebot3_gazebo/share/turtlebot3_gazebo//models/cricket_ball/model.rsdf
[4.233s] -- Symlinking: /home/me597/ME597_Lab/Lab3/ws1/install/turtlebot3_gazebo/share/turtlebot3_gazebo//models/cricket_ball/model.sdf
[4.259s] -- Symlinking: /home/me597/ME597_Lab/Lab3/ws1/install/turtlebot3_gazebo/share/turtlebot3_gazebo//models/green_object/model.config
[4.275s] -- Symlinking: /home/me597/ME597_Lab/Lab3/ws1/install/turtlebot3_gazebo/share/turtlebot3_gazebo//models/green_object/model.rsdf
[4.294s] -- Symlinking: /home/me597/ME597_Lab/Lab3/ws1/install/turtlebot3_gazebo/share/turtlebot3_gazebo//models/green_object/model.sdf
[4.313s] -- Symlinking: /home/me597/ME597_Lab/Lab3/ws1/install/turtlebot3_gazebo/share/turtlebot3_gazebo//models/red_object/model.config
[4.335s] -- Symlinking: /home/me597/ME597_Lab/Lab3/ws1/install/turtlebot3_gazebo/share/turtlebot3_gazebo//models/red_object/model.rsdf
[4.356s] -- Symlinking: /home/me597/ME597_Lab/Lab3/ws1/install/turtlebot3_gazebo/share/turtlebot3_gazebo//models/red_object/model.sdf
[4.377s] -- Symlinking: /home/me597/ME597_Lab/Lab3/ws1/install/turtlebot3_gazebo/share/turtlebot3_gazebo//models/trash_can/meshes/trash_can.dae
[4.397s] -- Symlinking: /home/me597/ME597_Lab/Lab3/ws1/install/turtlebot3_gazebo/share/turtlebot3_gazebo//models/trash_can/model.config
[4.415s] -- Symlinking: /home/me597/ME597_Lab/Lab3/ws1/install/turtlebot3_gazebo/share/turtlebot3_gazebo//models/trash_can/model.sdf
[4.434s] -- Symlinking: /home/me597/ME597_Lab/Lab3/ws1/install/turtlebot3_gazebo/share/turtlebot3_gazebo//models/turtlebot3_common/meshes/burger_base.dae
[4.457s] -- Symlinking: /home/me597/ME597_Lab/Lab3/ws1/install/turtlebot3_gazebo/share/turtlebot3_gazebo//models/turtlebot3_common/meshes/lds.dae
[4.472s] -- Symlinking: /home/me597/ME597_Lab/Lab3/ws1/install/turtlebot3_gazebo/share/turtlebot3_gazebo//models/turtlebot3_common/meshes/r200.dae
[4.490s] -- Symlinking: /home/me597/ME597_Lab/Lab3/ws1/install/turtlebot3_gazebo/share/turtlebot3_gazebo//models/turtlebot3_common/meshes/tire.dae
[4.506s] -- Symlinking: /home/me597/ME597_Lab/Lab3/ws1/install/turtlebot3_gazebo/share/turtlebot3_gazebo//models/turtlebot3_common/meshes/waffle_base.dae
[4.522s] -- Symlinking: /home/me597/ME597_Lab/Lab3/ws1/install/turtlebot3_gazebo/share/turtlebot3_gazebo//models/turtlebot3_common/model.config
[4.540s] -- Symlinking: /home/me597/ME597_Lab/Lab3/ws1/install/turtlebot3_gazebo/share/turtlebot3_gazebo//models/turtlebot3_house/model.config
[4.556s] -- Symlinking: /home/me597/ME597_Lab/Lab3/ws1/install/turtlebot3_gazebo/share/turtlebot3_gazebo//models/turtlebot3_house/model.sdf
[4.574s] -- Symlinking: /home/me597/ME597_Lab/Lab3/ws1/install/turtlebot3_gazebo/share/turtlebot3_gazebo//models/turtlebot3_waffle/model.config
[4.590s] -- Symlinking: /home/me597/ME597_Lab/Lab3/ws1/install/turtlebot3_gazebo/share/turtlebot3_gazebo//models/turtlebot3_waffle/model.sdf
[4.607s] -- Symlinking: /home/me597/ME597_Lab/Lab3/ws1/install/turtlebot3_gazebo/share/turtlebot3_gazebo//rviz/tb3_gazebo.rviz
[4.625s] -- Symlinking: /home/me597/ME597_Lab/Lab3/ws1/install/turtlebot3_gazebo/share/turtlebot3_gazebo//urdf/turtlebot3_waffle.urdf
[4.644s] -- Symlinking: /home/me597/ME597_Lab/Lab3/ws1/install/turtlebot3_gazebo/share/turtlebot3_gazebo//worlds/Bonus
[4.660s] -- Symlinking: /home/me597/ME597_Lab/Lab3/ws1/install/turtlebot3_gazebo/share/turtlebot3_gazebo//worlds/empty_world.world
[4.678s] -- Symlinking: /home/me597/ME597_Lab/Lab3/ws1/install/turtlebot3_gazebo/share/turtlebot3_gazebo//worlds/house_closed.world
[4.701s] -- Symlinking: /home/me597/ME597_Lab/Lab3/ws1/install/turtlebot3_gazebo/share/turtlebot3_gazebo//worlds/turtlebot3_house.world
[4.723s] -- Symlinking: /home/me597/ME597_Lab/Lab3/ws1/install/turtlebot3_gazebo/share/turtlebot3_gazebo//maps/map.pgm
[4.739s] -- Symlinking: /home/me597/ME597_Lab/Lab3/ws1/install/turtlebot3_gazebo/share/turtlebot3_gazebo//maps/map.yaml
[4.755s] -- Symlinking: /home/me597/ME597_Lab/Lab3/ws1/install/turtlebot3_gazebo/share/turtlebot3_gazebo//maps/sync_classroom_map.pgm
[4.776s] -- Symlinking: /home/me597/ME597_Lab/Lab3/ws1/install/turtlebot3_gazebo/share/turtlebot3_gazebo//maps/sync_classroom_map.yaml
[4.797s] -- Symlinking: /home/me597/ME597_Lab/Lab3/ws1/install/turtlebot3_gazebo/share/turtlebot3_gazebo//params/amcl.yaml
[4.814s] -- Symlinking: /home/me597/ME597_Lab/Lab3/ws1/install/turtlebot3_gazebo/share/turtlebot3_gazebo//params/map_server.yaml
[4.834s] -- Symlinking: /home/me597/ME597_Lab/Lab3/ws1/install/turtlebot3_gazebo/share/turtlebot3_gazebo//params/mapper_params_online_async.yaml
[4.858s] -- Symlinking: /home/me597/ME597_Lab/Lab3/ws1/install/turtlebot3_gazebo/share/ament_index/resource_index/package_run_dependencies/turtlebot3_gazebo
[4.874s] -- Symlinking: /home/me597/ME597_Lab/Lab3/ws1/install/turtlebot3_gazebo/share/ament_index/resource_index/parent_prefix_path/turtlebot3_gazebo
[4.893s] -- Symlinking: /home/me597/ME597_Lab/Lab3/ws1/install/turtlebot3_gazebo/share/turtlebot3_gazebo/environment/ament_prefix_path.sh
[4.922s] -- Symlinking: /home/me597/ME597_Lab/Lab3/ws1/install/turtlebot3_gazebo/share/turtlebot3_gazebo/environment/ament_prefix_path.dsv
[4.942s] -- Symlinking: /home/me597/ME597_Lab/Lab3/ws1/install/turtlebot3_gazebo/share/turtlebot3_gazebo/environment/path.sh
[4.964s] -- Symlinking: /home/me597/ME597_Lab/Lab3/ws1/install/turtlebot3_gazebo/share/turtlebot3_gazebo/environment/path.dsv
[4.981s] -- Symlinking: /home/me597/ME597_Lab/Lab3/ws1/install/turtlebot3_gazebo/share/turtlebot3_gazebo/local_setup.bash
[4.997s] -- Symlinking: /home/me597/ME597_Lab/Lab3/ws1/install/turtlebot3_gazebo/share/turtlebot3_gazebo/local_setup.sh
[5.021s] -- Symlinking: /home/me597/ME597_Lab/Lab3/ws1/install/turtlebot3_gazebo/share/turtlebot3_gazebo/local_setup.zsh
[5.044s] -- Symlinking: /home/me597/ME597_Lab/Lab3/ws1/install/turtlebot3_gazebo/share/turtlebot3_gazebo/local_setup.dsv
[5.073s] -- Symlinking: /home/me597/ME597_Lab/Lab3/ws1/install/turtlebot3_gazebo/share/turtlebot3_gazebo/package.dsv
[5.100s] -- Symlinking: /home/me597/ME597_Lab/Lab3/ws1/install/turtlebot3_gazebo/share/ament_index/resource_index/packages/turtlebot3_gazebo
[5.126s] -- Symlinking: /home/me597/ME597_Lab/Lab3/ws1/install/turtlebot3_gazebo/share/turtlebot3_gazebo/cmake/ament_cmake_export_include_directories-extras.cmake
[5.145s] -- Symlinking: /home/me597/ME597_Lab/Lab3/ws1/install/turtlebot3_gazebo/share/turtlebot3_gazebo/cmake/ament_cmake_export_dependencies-extras.cmake
[5.166s] -- Symlinking: /home/me597/ME597_Lab/Lab3/ws1/install/turtlebot3_gazebo/share/turtlebot3_gazebo/cmake/turtlebot3_gazeboConfig.cmake
[5.180s] -- Symlinking: /home/me597/ME597_Lab/Lab3/ws1/install/turtlebot3_gazebo/share/turtlebot3_gazebo/cmake/turtlebot3_gazeboConfig-version.cmake
[5.199s] -- Symlinking: /home/me597/ME597_Lab/Lab3/ws1/install/turtlebot3_gazebo/share/turtlebot3_gazebo/package.xml
[5.215s] -- Installing: /home/me597/ME597_Lab/Lab3/ws1/install/turtlebot3_gazebo/lib/turtlebot3_gazebo/task1
[5.215s] -- Installing: /home/me597/ME597_Lab/Lab3/ws1/install/turtlebot3_gazebo/lib/turtlebot3_gazebo/task2
[5.215s] -- Installing: /home/me597/ME597_Lab/Lab3/ws1/install/turtlebot3_gazebo/lib/turtlebot3_gazebo/task3
[5.215s] -- Installing: /home/me597/ME597_Lab/Lab3/ws1/install/turtlebot3_gazebo/lib/turtlebot3_gazebo/spawn_objects
[5.215s] -- Installing: /home/me597/ME597_Lab/Lab3/ws1/install/turtlebot3_gazebo/lib/turtlebot3_gazebo/task2_bonus
[5.215s] -- Installing: /home/me597/ME597_Lab/Lab3/ws1/install/turtlebot3_gazebo/lib/turtlebot3_gazebo/static_obstacles
[5.224s] Invoked command in '/home/me597/ME597_Lab/Lab3/ws1/build/turtlebot3_gazebo' returned '0': CMAKE_PREFIX_PATH=${CMAKE_PREFIX_PATH}:/home/me597/ME597_Lab/Lab3/ws1/src/sim_ws/install/sim_utils:/home/me597/ME597_Lab/Lab3/ws1/install/task_4:/opt/ros/humble /usr/bin/cmake --install /home/me597/ME597_Lab/Lab3/ws1/build/turtlebot3_gazebo
