[0.286s] Invoking command in '/home/me597/me597/Lab1/ws1/build/task_2_interfaces': CMAKE_PREFIX_PATH=${CMAKE_PREFIX_PATH}:/home/me597/me597/Lab1/ws1/install/task1:/home/me597/ece569-fall2025/Lab1/ws1/install/mypubsub:/opt/ros/humble /usr/bin/cmake /home/me597/me597/Lab1/ws1/src/task_2_interfaces -DAMENT_CMAKE_SYMLINK_INSTALL=1 -DCMAKE_INSTALL_PREFIX=/home/me597/me597/Lab1/ws1/install/task_2_interfaces
[0.355s] -- The C compiler identification is GNU 11.4.0
[0.419s] -- The CXX compiler identification is GNU 11.4.0
[0.437s] -- Detecting C compiler ABI info
[0.521s] -- Detecting C compiler ABI info - done
[0.530s] -- Check for working C compiler: /usr/bin/cc - skipped
[0.530s] -- Detecting C compile features
[0.530s] -- Detecting C compile features - done
[0.531s] -- Detecting CXX compiler ABI info
[0.637s] -- Detecting CXX compiler ABI info - done
[0.650s] -- Check for working CXX compiler: /usr/bin/c++ - skipped
[0.652s] -- Detecting CXX compile features
[0.654s] -- Detecting CXX compile features - done
[0.656s] -- Found ament_cmake: 1.3.10 (/opt/ros/humble/share/ament_cmake/cmake)
[0.848s] -- Found Python3: /usr/bin/python3 (found version "3.10.12") found components: Interpreter 
[0.913s] -- Override CMake install command with custom implementation using symlinks instead of copying resources
[0.947s] -- Found ament_lint_auto: 0.12.11 (/opt/ros/humble/share/ament_lint_auto/cmake)
[1.030s] -- Found geometry_msgs: 4.2.4 (/opt/ros/humble/share/geometry_msgs/cmake)
[1.073s] -- Found rosidl_generator_c: 3.1.5 (/opt/ros/humble/share/rosidl_generator_c/cmake)
[1.076s] -- Found rosidl_adapter: 3.1.5 (/opt/ros/humble/share/rosidl_adapter/cmake)
[1.085s] -- Found rosidl_generator_cpp: 3.1.5 (/opt/ros/humble/share/rosidl_generator_cpp/cmake)
[1.097s] -- Using all available rosidl_typesupport_c: rosidl_typesupport_fastrtps_c;rosidl_typesupport_introspection_c
[1.115s] -- Using all available rosidl_typesupport_cpp: rosidl_typesupport_fastrtps_cpp;rosidl_typesupport_introspection_cpp
[1.161s] -- Found rosidl_default_generators: 1.2.0 (/opt/ros/humble/share/rosidl_default_generators/cmake)
[1.375s] [31mCMake Error at /opt/ros/humble/share/rosidl_adapter/cmake/rosidl_adapt_interfaces.cmake:59 (message):
[1.375s]   execute_process(/usr/bin/python3 -m rosidl_adapter --package-name
[1.375s]   task_2_interfaces --arguments-file
[1.375s]   /home/me597/me597/Lab1/ws1/build/task_2_interfaces/rosidl_adapter__arguments__task_2_interfaces.json
[1.375s]   --output-dir
[1.375s]   /home/me597/me597/Lab1/ws1/build/task_2_interfaces/rosidl_adapter/task_2_interfaces
[1.375s]   --output-file
[1.375s]   /home/me597/me597/Lab1/ws1/build/task_2_interfaces/rosidl_adapter/task_2_interfaces.idls)
[1.375s]   returned error code 1:
[1.375s] 
[1.376s]   Traceback (most recent call last):
[1.376s] 
[1.376s]     File "/usr/lib/python3.10/runpy.py", line 196, in _run_module_as_main
[1.376s]       return _run_code(code, main_globals, None,
[1.376s]     File "/usr/lib/python3.10/runpy.py", line 86, in _run_code
[1.376s]       exec(code, run_globals)
[1.376s]     File "/opt/ros/humble/local/lib/python3.10/dist-packages/rosidl_adapter/__main__.py", line 19, in <module>
[1.376s]       sys.exit(main())
[1.376s]     File "/opt/ros/humble/local/lib/python3.10/dist-packages/rosidl_adapter/main.py", line 53, in main
[1.376s]       abs_idl_file = convert_to_idl(
[1.376s]     File "/opt/ros/humble/local/lib/python3.10/dist-packages/rosidl_adapter/__init__.py", line 24, in convert_to_idl
[1.376s]       return convert_srv_to_idl(
[1.376s]     File "/opt/ros/humble/local/lib/python3.10/dist-packages/rosidl_adapter/srv/__init__.py", line 28, in convert_srv_to_idl
[1.377s]       srv = parse_service_string(package_name, input_file.stem, content)
[1.377s]     File "/opt/ros/humble/local/lib/python3.10/dist-packages/rosidl_adapter/parser.py", line 850, in parse_service_string
[1.377s]       raise InvalidServiceSpecification(
[1.377s] 
[1.377s]   rosidl_adapter.parser.InvalidServiceSpecification: Could not find separator
[1.377s]   '---' between request and response
[1.377s] 
[1.377s] Call Stack (most recent call first):
[1.377s]   /opt/ros/humble/share/rosidl_cmake/cmake/rosidl_generate_interfaces.cmake:130 (rosidl_adapt_interfaces)
[1.377s]   CMakeLists.txt:29 (rosidl_generate_interfaces)
[1.377s] 
[1.378s] [0m
[1.378s] -- Configuring incomplete, errors occurred!
[1.378s] See also "/home/me597/me597/Lab1/ws1/build/task_2_interfaces/CMakeFiles/CMakeOutput.log".
[1.385s] Invoked command in '/home/me597/me597/Lab1/ws1/build/task_2_interfaces' returned '1': CMAKE_PREFIX_PATH=${CMAKE_PREFIX_PATH}:/home/me597/me597/Lab1/ws1/install/task1:/home/me597/ece569-fall2025/Lab1/ws1/install/mypubsub:/opt/ros/humble /usr/bin/cmake /home/me597/me597/Lab1/ws1/src/task_2_interfaces -DAMENT_CMAKE_SYMLINK_INSTALL=1 -DCMAKE_INSTALL_PREFIX=/home/me597/me597/Lab1/ws1/install/task_2_interfaces
