[0.410s] DEBUG:colcon:Command line arguments: ['/usr/bin/colcon', 'build', '--symlink-install']
[0.410s] DEBUG:colcon:Parsed command line arguments: Namespace(log_base=None, log_level=None, verb_name='build', build_base='build', install_base='install', merge_install=False, symlink_install=True, test_result_base=None, continue_on_error=False, executor='parallel', parallel_workers=4, event_handlers=None, ignore_user_meta=False, metas=['./colcon.meta'], base_paths=['.'], packages_ignore=None, packages_ignore_regex=None, paths=None, packages_up_to=None, packages_up_to_regex=None, packages_above=None, packages_above_and_dependencies=None, packages_above_depth=None, packages_select_by_dep=None, packages_skip_by_dep=None, packages_skip_up_to=None, packages_select_build_failed=False, packages_skip_build_finished=False, packages_select_test_failures=False, packages_skip_test_passed=False, packages_select=None, packages_skip=None, packages_select_regex=None, packages_skip_regex=None, packages_start=None, packages_end=None, allow_overriding=[], cmake_args=None, cmake_target=None, cmake_target_skip_unavailable=False, cmake_clean_cache=False, cmake_clean_first=False, cmake_force_configure=False, ament_cmake_args=None, catkin_cmake_args=None, catkin_skip_building_tests=False, mixin_files=None, mixin=None, verb_parser=<colcon_mixin.mixin.mixin_argument.MixinArgumentDecorator object at 0x7edddd769510>, verb_extension=<colcon_core.verb.build.BuildVerb object at 0x7edddd871cc0>, main=<bound method BuildVerb.main of <colcon_core.verb.build.BuildVerb object at 0x7edddd871cc0>>, mixin_verb=('build',))
[0.801s] Level 1:colcon.colcon_core.package_discovery:discover_packages(colcon_meta) check parameters
[0.801s] Level 1:colcon.colcon_core.package_discovery:discover_packages(recursive) check parameters
[0.801s] Level 1:colcon.colcon_core.package_discovery:discover_packages(ignore) check parameters
[0.801s] Level 1:colcon.colcon_core.package_discovery:discover_packages(path) check parameters
[0.802s] Level 1:colcon.colcon_core.package_discovery:discover_packages(colcon_meta) discover
[0.802s] Level 1:colcon.colcon_core.package_discovery:discover_packages(recursive) discover
[0.802s] INFO:colcon.colcon_core.package_discovery:Crawling recursively for packages in '/home/me597/me597/Lab3/ws1'
[0.802s] Level 1:colcon.colcon_core.package_identification:_identify(.) by extensions ['ignore', 'ignore_ament_install']
[0.802s] Level 1:colcon.colcon_core.package_identification:_identify(.) by extension 'ignore'
[0.802s] Level 1:colcon.colcon_core.package_identification:_identify(.) by extension 'ignore_ament_install'
[0.802s] Level 1:colcon.colcon_core.package_identification:_identify(.) by extensions ['colcon_pkg']
[0.802s] Level 1:colcon.colcon_core.package_identification:_identify(.) by extension 'colcon_pkg'
[0.802s] Level 1:colcon.colcon_core.package_identification:_identify(.) by extensions ['colcon_meta']
[0.802s] Level 1:colcon.colcon_core.package_identification:_identify(.) by extension 'colcon_meta'
[0.802s] Level 1:colcon.colcon_core.package_identification:_identify(.) by extensions ['ros']
[0.802s] Level 1:colcon.colcon_core.package_identification:_identify(.) by extension 'ros'
[0.818s] Level 1:colcon.colcon_core.package_identification:_identify(.) by extensions ['cmake', 'python']
[0.818s] Level 1:colcon.colcon_core.package_identification:_identify(.) by extension 'cmake'
[0.818s] Level 1:colcon.colcon_core.package_identification:_identify(.) by extension 'python'
[0.819s] Level 1:colcon.colcon_core.package_identification:_identify(.) by extensions ['python_setup_py']
[0.819s] Level 1:colcon.colcon_core.package_identification:_identify(.) by extension 'python_setup_py'
[0.819s] Level 1:colcon.colcon_core.package_identification:_identify(build) by extensions ['ignore', 'ignore_ament_install']
[0.819s] Level 1:colcon.colcon_core.package_identification:_identify(build) by extension 'ignore'
[0.819s] Level 1:colcon.colcon_core.package_identification:_identify(build) ignored
[0.819s] Level 1:colcon.colcon_core.package_identification:_identify(install) by extensions ['ignore', 'ignore_ament_install']
[0.819s] Level 1:colcon.colcon_core.package_identification:_identify(install) by extension 'ignore'
[0.819s] Level 1:colcon.colcon_core.package_identification:_identify(install) ignored
[0.819s] Level 1:colcon.colcon_core.package_identification:_identify(log) by extensions ['ignore', 'ignore_ament_install']
[0.819s] Level 1:colcon.colcon_core.package_identification:_identify(log) by extension 'ignore'
[0.819s] Level 1:colcon.colcon_core.package_identification:_identify(log) ignored
[0.819s] Level 1:colcon.colcon_core.package_identification:_identify(src) by extensions ['ignore', 'ignore_ament_install']
[0.820s] Level 1:colcon.colcon_core.package_identification:_identify(src) by extension 'ignore'
[0.820s] Level 1:colcon.colcon_core.package_identification:_identify(src) by extension 'ignore_ament_install'
[0.820s] Level 1:colcon.colcon_core.package_identification:_identify(src) by extensions ['colcon_pkg']
[0.820s] Level 1:colcon.colcon_core.package_identification:_identify(src) by extension 'colcon_pkg'
[0.820s] Level 1:colcon.colcon_core.package_identification:_identify(src) by extensions ['colcon_meta']
[0.820s] Level 1:colcon.colcon_core.package_identification:_identify(src) by extension 'colcon_meta'
[0.820s] Level 1:colcon.colcon_core.package_identification:_identify(src) by extensions ['ros']
[0.820s] Level 1:colcon.colcon_core.package_identification:_identify(src) by extension 'ros'
[0.820s] Level 1:colcon.colcon_core.package_identification:_identify(src) by extensions ['cmake', 'python']
[0.820s] Level 1:colcon.colcon_core.package_identification:_identify(src) by extension 'cmake'
[0.820s] Level 1:colcon.colcon_core.package_identification:_identify(src) by extension 'python'
[0.820s] Level 1:colcon.colcon_core.package_identification:_identify(src) by extensions ['python_setup_py']
[0.820s] Level 1:colcon.colcon_core.package_identification:_identify(src) by extension 'python_setup_py'
[0.820s] Level 1:colcon.colcon_core.package_identification:_identify(src/sim_ws) by extensions ['ignore', 'ignore_ament_install']
[0.820s] Level 1:colcon.colcon_core.package_identification:_identify(src/sim_ws) by extension 'ignore'
[0.820s] Level 1:colcon.colcon_core.package_identification:_identify(src/sim_ws) by extension 'ignore_ament_install'
[0.820s] Level 1:colcon.colcon_core.package_identification:_identify(src/sim_ws) by extensions ['colcon_pkg']
[0.820s] Level 1:colcon.colcon_core.package_identification:_identify(src/sim_ws) by extension 'colcon_pkg'
[0.820s] Level 1:colcon.colcon_core.package_identification:_identify(src/sim_ws) by extensions ['colcon_meta']
[0.820s] Level 1:colcon.colcon_core.package_identification:_identify(src/sim_ws) by extension 'colcon_meta'
[0.821s] Level 1:colcon.colcon_core.package_identification:_identify(src/sim_ws) by extensions ['ros']
[0.821s] Level 1:colcon.colcon_core.package_identification:_identify(src/sim_ws) by extension 'ros'
[0.821s] Level 1:colcon.colcon_core.package_identification:_identify(src/sim_ws) by extensions ['cmake', 'python']
[0.821s] Level 1:colcon.colcon_core.package_identification:_identify(src/sim_ws) by extension 'cmake'
[0.821s] Level 1:colcon.colcon_core.package_identification:_identify(src/sim_ws) by extension 'python'
[0.821s] Level 1:colcon.colcon_core.package_identification:_identify(src/sim_ws) by extensions ['python_setup_py']
[0.821s] Level 1:colcon.colcon_core.package_identification:_identify(src/sim_ws) by extension 'python_setup_py'
[0.821s] Level 1:colcon.colcon_core.package_identification:_identify(src/sim_ws/build) by extensions ['ignore', 'ignore_ament_install']
[0.821s] Level 1:colcon.colcon_core.package_identification:_identify(src/sim_ws/build) by extension 'ignore'
[0.821s] Level 1:colcon.colcon_core.package_identification:_identify(src/sim_ws/build) ignored
[0.821s] Level 1:colcon.colcon_core.package_identification:_identify(src/sim_ws/install) by extensions ['ignore', 'ignore_ament_install']
[0.821s] Level 1:colcon.colcon_core.package_identification:_identify(src/sim_ws/install) by extension 'ignore'
[0.821s] Level 1:colcon.colcon_core.package_identification:_identify(src/sim_ws/install) ignored
[0.821s] Level 1:colcon.colcon_core.package_identification:_identify(src/sim_ws/log) by extensions ['ignore', 'ignore_ament_install']
[0.822s] Level 1:colcon.colcon_core.package_identification:_identify(src/sim_ws/log) by extension 'ignore'
[0.822s] Level 1:colcon.colcon_core.package_identification:_identify(src/sim_ws/log) ignored
[0.822s] Level 1:colcon.colcon_core.package_identification:_identify(src/sim_ws/src) by extensions ['ignore', 'ignore_ament_install']
[0.822s] Level 1:colcon.colcon_core.package_identification:_identify(src/sim_ws/src) by extension 'ignore'
[0.822s] Level 1:colcon.colcon_core.package_identification:_identify(src/sim_ws/src) by extension 'ignore_ament_install'
[0.822s] Level 1:colcon.colcon_core.package_identification:_identify(src/sim_ws/src) by extensions ['colcon_pkg']
[0.822s] Level 1:colcon.colcon_core.package_identification:_identify(src/sim_ws/src) by extension 'colcon_pkg'
[0.822s] Level 1:colcon.colcon_core.package_identification:_identify(src/sim_ws/src) by extensions ['colcon_meta']
[0.822s] Level 1:colcon.colcon_core.package_identification:_identify(src/sim_ws/src) by extension 'colcon_meta'
[0.822s] Level 1:colcon.colcon_core.package_identification:_identify(src/sim_ws/src) by extensions ['ros']
[0.822s] Level 1:colcon.colcon_core.package_identification:_identify(src/sim_ws/src) by extension 'ros'
[0.822s] Level 1:colcon.colcon_core.package_identification:_identify(src/sim_ws/src) by extensions ['cmake', 'python']
[0.822s] Level 1:colcon.colcon_core.package_identification:_identify(src/sim_ws/src) by extension 'cmake'
[0.822s] Level 1:colcon.colcon_core.package_identification:_identify(src/sim_ws/src) by extension 'python'
[0.822s] Level 1:colcon.colcon_core.package_identification:_identify(src/sim_ws/src) by extensions ['python_setup_py']
[0.822s] Level 1:colcon.colcon_core.package_identification:_identify(src/sim_ws/src) by extension 'python_setup_py'
[0.822s] Level 1:colcon.colcon_core.package_identification:_identify(src/sim_ws/src/build) by extensions ['ignore', 'ignore_ament_install']
[0.823s] Level 1:colcon.colcon_core.package_identification:_identify(src/sim_ws/src/build) by extension 'ignore'
[0.823s] Level 1:colcon.colcon_core.package_identification:_identify(src/sim_ws/src/build) ignored
[0.823s] Level 1:colcon.colcon_core.package_identification:_identify(src/sim_ws/src/install) by extensions ['ignore', 'ignore_ament_install']
[0.823s] Level 1:colcon.colcon_core.package_identification:_identify(src/sim_ws/src/install) by extension 'ignore'
[0.823s] Level 1:colcon.colcon_core.package_identification:_identify(src/sim_ws/src/install) ignored
[0.823s] Level 1:colcon.colcon_core.package_identification:_identify(src/sim_ws/src/log) by extensions ['ignore', 'ignore_ament_install']
[0.823s] Level 1:colcon.colcon_core.package_identification:_identify(src/sim_ws/src/log) by extension 'ignore'
[0.823s] Level 1:colcon.colcon_core.package_identification:_identify(src/sim_ws/src/log) ignored
[0.823s] Level 1:colcon.colcon_core.package_identification:_identify(src/sim_ws/src/sim_utils) by extensions ['ignore', 'ignore_ament_install']
[0.823s] Level 1:colcon.colcon_core.package_identification:_identify(src/sim_ws/src/sim_utils) by extension 'ignore'
[0.823s] Level 1:colcon.colcon_core.package_identification:_identify(src/sim_ws/src/sim_utils) by extension 'ignore_ament_install'
[0.823s] Level 1:colcon.colcon_core.package_identification:_identify(src/sim_ws/src/sim_utils) by extensions ['colcon_pkg']
[0.823s] Level 1:colcon.colcon_core.package_identification:_identify(src/sim_ws/src/sim_utils) by extension 'colcon_pkg'
[0.823s] Level 1:colcon.colcon_core.package_identification:_identify(src/sim_ws/src/sim_utils) by extensions ['colcon_meta']
[0.824s] Level 1:colcon.colcon_core.package_identification:_identify(src/sim_ws/src/sim_utils) by extension 'colcon_meta'
[0.824s] Level 1:colcon.colcon_core.package_identification:_identify(src/sim_ws/src/sim_utils) by extensions ['ros']
[0.824s] Level 1:colcon.colcon_core.package_identification:_identify(src/sim_ws/src/sim_utils) by extension 'ros'
[0.828s] DEBUG:colcon.colcon_core.package_identification:Package 'src/sim_ws/src/sim_utils' with type 'ros.ament_python' and name 'sim_utils'
[0.828s] Level 1:colcon.colcon_core.package_identification:_identify(src/sim_ws/src/turtlebot3_gazebo) by extensions ['ignore', 'ignore_ament_install']
[0.828s] Level 1:colcon.colcon_core.package_identification:_identify(src/sim_ws/src/turtlebot3_gazebo) by extension 'ignore'
[0.828s] Level 1:colcon.colcon_core.package_identification:_identify(src/sim_ws/src/turtlebot3_gazebo) by extension 'ignore_ament_install'
[0.828s] Level 1:colcon.colcon_core.package_identification:_identify(src/sim_ws/src/turtlebot3_gazebo) by extensions ['colcon_pkg']
[0.829s] Level 1:colcon.colcon_core.package_identification:_identify(src/sim_ws/src/turtlebot3_gazebo) by extension 'colcon_pkg'
[0.829s] Level 1:colcon.colcon_core.package_identification:_identify(src/sim_ws/src/turtlebot3_gazebo) by extensions ['colcon_meta']
[0.829s] Level 1:colcon.colcon_core.package_identification:_identify(src/sim_ws/src/turtlebot3_gazebo) by extension 'colcon_meta'
[0.829s] Level 1:colcon.colcon_core.package_identification:_identify(src/sim_ws/src/turtlebot3_gazebo) by extensions ['ros']
[0.829s] Level 1:colcon.colcon_core.package_identification:_identify(src/sim_ws/src/turtlebot3_gazebo) by extension 'ros'
[0.830s] DEBUG:colcon.colcon_core.package_identification:Package 'src/sim_ws/src/turtlebot3_gazebo' with type 'ros.ament_cmake' and name 'turtlebot3_gazebo'
[0.830s] Level 1:colcon.colcon_core.package_identification:_identify(src/task_4) by extensions ['ignore', 'ignore_ament_install']
[0.830s] Level 1:colcon.colcon_core.package_identification:_identify(src/task_4) by extension 'ignore'
[0.830s] Level 1:colcon.colcon_core.package_identification:_identify(src/task_4) by extension 'ignore_ament_install'
[0.830s] Level 1:colcon.colcon_core.package_identification:_identify(src/task_4) by extensions ['colcon_pkg']
[0.831s] Level 1:colcon.colcon_core.package_identification:_identify(src/task_4) by extension 'colcon_pkg'
[0.831s] Level 1:colcon.colcon_core.package_identification:_identify(src/task_4) by extensions ['colcon_meta']
[0.831s] Level 1:colcon.colcon_core.package_identification:_identify(src/task_4) by extension 'colcon_meta'
[0.831s] Level 1:colcon.colcon_core.package_identification:_identify(src/task_4) by extensions ['ros']
[0.831s] Level 1:colcon.colcon_core.package_identification:_identify(src/task_4) by extension 'ros'
[0.832s] DEBUG:colcon.colcon_core.package_identification:Package 'src/task_4' with type 'ros.ament_python' and name 'task_4'
[0.832s] Level 1:colcon.colcon_core.package_discovery:discover_packages(recursive) using defaults
[0.832s] Level 1:colcon.colcon_core.package_discovery:discover_packages(ignore) discover
[0.832s] Level 1:colcon.colcon_core.package_discovery:discover_packages(ignore) using defaults
[0.832s] Level 1:colcon.colcon_core.package_discovery:discover_packages(path) discover
[0.832s] Level 1:colcon.colcon_core.package_discovery:discover_packages(path) using defaults
[0.874s] Level 1:colcon.colcon_core.package_discovery:discover_packages(prefix_path) check parameters
[0.874s] Level 1:colcon.colcon_core.package_discovery:discover_packages(prefix_path) discover
[0.878s] WARNING:colcon.colcon_ros.prefix_path.ament:The path '/home/me597/me597/Lab3/ws1/install/turtlebot3_gazebo' in the environment variable AMENT_PREFIX_PATH doesn't exist
[0.878s] WARNING:colcon.colcon_ros.prefix_path.ament:The path '/home/me597/me597/Lab3/ws1/install/task_4' in the environment variable AMENT_PREFIX_PATH doesn't exist
[0.878s] WARNING:colcon.colcon_ros.prefix_path.ament:The path '/home/me597/me597/Lab3/ws1/install/sim_utils' in the environment variable AMENT_PREFIX_PATH doesn't exist
[0.878s] WARNING:colcon.colcon_ros.prefix_path.catkin:The path '/home/me597/me597/Lab3/ws1/install/turtlebot3_gazebo' in the environment variable CMAKE_PREFIX_PATH doesn't exist
[0.879s] DEBUG:colcon.colcon_installed_package_information.package_discovery:Found 0 installed packages in /home/me597/me597/Lab3/ws1/install
[0.881s] DEBUG:colcon.colcon_installed_package_information.package_discovery:Found 334 installed packages in /opt/ros/humble
[0.897s] Level 1:colcon.colcon_core.package_discovery:discover_packages(prefix_path) using defaults
[0.958s] Level 5:colcon.colcon_core.verb:set package 'sim_utils' build argument 'cmake_args' from command line to 'None'
[0.958s] Level 5:colcon.colcon_core.verb:set package 'sim_utils' build argument 'cmake_target' from command line to 'None'
[0.958s] Level 5:colcon.colcon_core.verb:set package 'sim_utils' build argument 'cmake_target_skip_unavailable' from command line to 'False'
[0.958s] Level 5:colcon.colcon_core.verb:set package 'sim_utils' build argument 'cmake_clean_cache' from command line to 'False'
[0.958s] Level 5:colcon.colcon_core.verb:set package 'sim_utils' build argument 'cmake_clean_first' from command line to 'False'
[0.958s] Level 5:colcon.colcon_core.verb:set package 'sim_utils' build argument 'cmake_force_configure' from command line to 'False'
[0.958s] Level 5:colcon.colcon_core.verb:set package 'sim_utils' build argument 'ament_cmake_args' from command line to 'None'
[0.958s] Level 5:colcon.colcon_core.verb:set package 'sim_utils' build argument 'catkin_cmake_args' from command line to 'None'
[0.958s] Level 5:colcon.colcon_core.verb:set package 'sim_utils' build argument 'catkin_skip_building_tests' from command line to 'False'
[0.958s] DEBUG:colcon.colcon_core.verb:Building package 'sim_utils' with the following arguments: {'ament_cmake_args': None, 'build_base': '/home/me597/me597/Lab3/ws1/build/sim_utils', 'catkin_cmake_args': None, 'catkin_skip_building_tests': False, 'cmake_args': None, 'cmake_clean_cache': False, 'cmake_clean_first': False, 'cmake_force_configure': False, 'cmake_target': None, 'cmake_target_skip_unavailable': False, 'install_base': '/home/me597/me597/Lab3/ws1/install/sim_utils', 'merge_install': False, 'path': '/home/me597/me597/Lab3/ws1/src/sim_ws/src/sim_utils', 'symlink_install': True, 'test_result_base': None}
[0.959s] Level 5:colcon.colcon_core.verb:set package 'task_4' build argument 'cmake_args' from command line to 'None'
[0.959s] Level 5:colcon.colcon_core.verb:set package 'task_4' build argument 'cmake_target' from command line to 'None'
[0.959s] Level 5:colcon.colcon_core.verb:set package 'task_4' build argument 'cmake_target_skip_unavailable' from command line to 'False'
[0.959s] Level 5:colcon.colcon_core.verb:set package 'task_4' build argument 'cmake_clean_cache' from command line to 'False'
[0.959s] Level 5:colcon.colcon_core.verb:set package 'task_4' build argument 'cmake_clean_first' from command line to 'False'
[0.959s] Level 5:colcon.colcon_core.verb:set package 'task_4' build argument 'cmake_force_configure' from command line to 'False'
[0.959s] Level 5:colcon.colcon_core.verb:set package 'task_4' build argument 'ament_cmake_args' from command line to 'None'
[0.959s] Level 5:colcon.colcon_core.verb:set package 'task_4' build argument 'catkin_cmake_args' from command line to 'None'
[0.959s] Level 5:colcon.colcon_core.verb:set package 'task_4' build argument 'catkin_skip_building_tests' from command line to 'False'
[0.959s] DEBUG:colcon.colcon_core.verb:Building package 'task_4' with the following arguments: {'ament_cmake_args': None, 'build_base': '/home/me597/me597/Lab3/ws1/build/task_4', 'catkin_cmake_args': None, 'catkin_skip_building_tests': False, 'cmake_args': None, 'cmake_clean_cache': False, 'cmake_clean_first': False, 'cmake_force_configure': False, 'cmake_target': None, 'cmake_target_skip_unavailable': False, 'install_base': '/home/me597/me597/Lab3/ws1/install/task_4', 'merge_install': False, 'path': '/home/me597/me597/Lab3/ws1/src/task_4', 'symlink_install': True, 'test_result_base': None}
[0.959s] Level 5:colcon.colcon_core.verb:set package 'turtlebot3_gazebo' build argument 'cmake_args' from command line to 'None'
[0.960s] Level 5:colcon.colcon_core.verb:set package 'turtlebot3_gazebo' build argument 'cmake_target' from command line to 'None'
[0.960s] Level 5:colcon.colcon_core.verb:set package 'turtlebot3_gazebo' build argument 'cmake_target_skip_unavailable' from command line to 'False'
[0.960s] Level 5:colcon.colcon_core.verb:set package 'turtlebot3_gazebo' build argument 'cmake_clean_cache' from command line to 'False'
[0.960s] Level 5:colcon.colcon_core.verb:set package 'turtlebot3_gazebo' build argument 'cmake_clean_first' from command line to 'False'
[0.960s] Level 5:colcon.colcon_core.verb:set package 'turtlebot3_gazebo' build argument 'cmake_force_configure' from command line to 'False'
[0.960s] Level 5:colcon.colcon_core.verb:set package 'turtlebot3_gazebo' build argument 'ament_cmake_args' from command line to 'None'
[0.960s] Level 5:colcon.colcon_core.verb:set package 'turtlebot3_gazebo' build argument 'catkin_cmake_args' from command line to 'None'
[0.960s] Level 5:colcon.colcon_core.verb:set package 'turtlebot3_gazebo' build argument 'catkin_skip_building_tests' from command line to 'False'
[0.960s] DEBUG:colcon.colcon_core.verb:Building package 'turtlebot3_gazebo' with the following arguments: {'ament_cmake_args': None, 'build_base': '/home/me597/me597/Lab3/ws1/build/turtlebot3_gazebo', 'catkin_cmake_args': None, 'catkin_skip_building_tests': False, 'cmake_args': None, 'cmake_clean_cache': False, 'cmake_clean_first': False, 'cmake_force_configure': False, 'cmake_target': None, 'cmake_target_skip_unavailable': False, 'install_base': '/home/me597/me597/Lab3/ws1/install/turtlebot3_gazebo', 'merge_install': False, 'path': '/home/me597/me597/Lab3/ws1/src/sim_ws/src/turtlebot3_gazebo', 'symlink_install': True, 'test_result_base': None}
[0.960s] INFO:colcon.colcon_core.executor:Executing jobs using 'parallel' executor
[0.961s] DEBUG:colcon.colcon_parallel_executor.executor.parallel:run_until_complete
[0.961s] INFO:colcon.colcon_ros.task.ament_python.build:Building ROS package in '/home/me597/me597/Lab3/ws1/src/sim_ws/src/sim_utils' with build type 'ament_python'
[0.962s] Level 1:colcon.colcon_core.shell:create_environment_hook('sim_utils', 'ament_prefix_path')
[0.975s] INFO:colcon.colcon_core.plugin_system:Skipping extension 'colcon_core.shell.bat': Not used on non-Windows systems
[0.975s] INFO:colcon.colcon_core.shell:Creating environment hook '/home/me597/me597/Lab3/ws1/install/sim_utils/share/sim_utils/hook/ament_prefix_path.ps1'
[0.977s] INFO:colcon.colcon_core.shell:Creating environment descriptor '/home/me597/me597/Lab3/ws1/install/sim_utils/share/sim_utils/hook/ament_prefix_path.dsv'
[0.979s] INFO:colcon.colcon_core.shell:Creating environment hook '/home/me597/me597/Lab3/ws1/install/sim_utils/share/sim_utils/hook/ament_prefix_path.sh'
[0.981s] INFO:colcon.colcon_core.shell:Skip shell extension 'powershell' for command environment: Not usable outside of PowerShell
[0.981s] DEBUG:colcon.colcon_core.shell:Skip shell extension 'dsv' for command environment
[0.987s] INFO:colcon.colcon_ros.task.ament_python.build:Building ROS package in '/home/me597/me597/Lab3/ws1/src/task_4' with build type 'ament_python'
[0.987s] Level 1:colcon.colcon_core.shell:create_environment_hook('task_4', 'ament_prefix_path')
[0.988s] INFO:colcon.colcon_core.shell:Creating environment hook '/home/me597/me597/Lab3/ws1/install/task_4/share/task_4/hook/ament_prefix_path.ps1'
[0.988s] INFO:colcon.colcon_core.shell:Creating environment descriptor '/home/me597/me597/Lab3/ws1/install/task_4/share/task_4/hook/ament_prefix_path.dsv'
[0.990s] INFO:colcon.colcon_core.shell:Creating environment hook '/home/me597/me597/Lab3/ws1/install/task_4/share/task_4/hook/ament_prefix_path.sh'
[0.990s] INFO:colcon.colcon_core.shell:Skip shell extension 'powershell' for command environment: Not usable outside of PowerShell
[0.990s] DEBUG:colcon.colcon_core.shell:Skip shell extension 'dsv' for command environment
[0.998s] INFO:colcon.colcon_ros.task.ament_cmake.build:Building ROS package in '/home/me597/me597/Lab3/ws1/src/sim_ws/src/turtlebot3_gazebo' with build type 'ament_cmake'
[0.998s] INFO:colcon.colcon_cmake.task.cmake.build:Building CMake package in '/home/me597/me597/Lab3/ws1/src/sim_ws/src/turtlebot3_gazebo'
[0.999s] INFO:colcon.colcon_core.shell:Skip shell extension 'powershell' for command environment: Not usable outside of PowerShell
[0.999s] DEBUG:colcon.colcon_core.shell:Skip shell extension 'dsv' for command environment
[1.324s] INFO:colcon.colcon_core.task.python.build:Building Python package in '/home/me597/me597/Lab3/ws1/src/sim_ws/src/sim_utils'
[1.325s] INFO:colcon.colcon_core.shell:Skip shell extension 'powershell' for command environment: Not usable outside of PowerShell
[1.325s] DEBUG:colcon.colcon_core.shell:Skip shell extension 'dsv' for command environment
[1.626s] INFO:colcon.colcon_core.task.python.build:Building Python package in '/home/me597/me597/Lab3/ws1/src/task_4'
[1.627s] INFO:colcon.colcon_core.shell:Skip shell extension 'powershell' for command environment: Not usable outside of PowerShell
[1.627s] DEBUG:colcon.colcon_core.shell:Skip shell extension 'dsv' for command environment
[1.638s] DEBUG:colcon.colcon_core.event_handler.log_command:Invoking command in '/home/me597/me597/Lab3/ws1/build/turtlebot3_gazebo': CMAKE_PREFIX_PATH=${CMAKE_PREFIX_PATH}:/home/me597/me597/Lab3/ws1/install/task_4:/home/me597/me597/Lab3/ws1/install/sim_utils:/opt/ros/humble /usr/bin/cmake /home/me597/me597/Lab3/ws1/src/sim_ws/src/turtlebot3_gazebo -DAMENT_CMAKE_SYMLINK_INSTALL=1 -DCMAKE_INSTALL_PREFIX=/home/me597/me597/Lab3/ws1/install/turtlebot3_gazebo
[2.484s] DEBUG:colcon.colcon_core.event_handler.log_command:Invoking command in '/home/me597/me597/Lab3/ws1/build/sim_utils': PYTHONPATH=/home/me597/me597/Lab3/ws1/build/sim_utils/prefix_override:/usr/lib/python3/dist-packages/colcon_core/task/python/colcon_distutils_commands:/home/me597/me597/Lab3/ws1/install/sim_utils/lib/python3.10/site-packages:${PYTHONPATH} /usr/bin/python3 -W ignore:setup.py install is deprecated setup.py develop --editable --build-directory /home/me597/me597/Lab3/ws1/build/sim_utils/build --no-deps symlink_data
[2.498s] DEBUG:colcon.colcon_core.event_handler.log_command:Invoking command in '/home/me597/me597/Lab3/ws1/build/task_4': PYTHONPATH=/home/me597/me597/Lab3/ws1/build/task_4/prefix_override:/usr/lib/python3/dist-packages/colcon_core/task/python/colcon_distutils_commands:/home/me597/me597/Lab3/ws1/install/task_4/lib/python3.10/site-packages:${PYTHONPATH} /usr/bin/python3 -W ignore:setup.py install is deprecated setup.py develop --editable --build-directory /home/me597/me597/Lab3/ws1/build/task_4/build --no-deps symlink_data
[3.228s] Level 1:colcon.colcon_core.shell:create_environment_hook('task_4', 'pythonpath_develop')
[3.228s] INFO:colcon.colcon_core.shell:Creating environment hook '/home/me597/me597/Lab3/ws1/build/task_4/share/task_4/hook/pythonpath_develop.ps1'
[3.230s] INFO:colcon.colcon_core.shell:Creating environment descriptor '/home/me597/me597/Lab3/ws1/build/task_4/share/task_4/hook/pythonpath_develop.dsv'
[3.230s] INFO:colcon.colcon_core.shell:Creating environment hook '/home/me597/me597/Lab3/ws1/build/task_4/share/task_4/hook/pythonpath_develop.sh'
[3.231s] DEBUG:colcon.colcon_core.event_handler.log_command:Invoked command in '/home/me597/me597/Lab3/ws1/build/task_4' returned '0': PYTHONPATH=/home/me597/me597/Lab3/ws1/build/task_4/prefix_override:/usr/lib/python3/dist-packages/colcon_core/task/python/colcon_distutils_commands:/home/me597/me597/Lab3/ws1/install/task_4/lib/python3.10/site-packages:${PYTHONPATH} /usr/bin/python3 -W ignore:setup.py install is deprecated setup.py develop --editable --build-directory /home/me597/me597/Lab3/ws1/build/task_4/build --no-deps symlink_data
[3.251s] Level 1:colcon.colcon_core.environment:checking '/home/me597/me597/Lab3/ws1/install/task_4' for CMake module files
[3.252s] Level 1:colcon.colcon_core.environment:checking '/home/me597/me597/Lab3/ws1/install/task_4' for CMake config files
[3.253s] Level 1:colcon.colcon_core.environment:checking '/home/me597/me597/Lab3/ws1/install/task_4/lib'
[3.253s] Level 1:colcon.colcon_core.environment:checking '/home/me597/me597/Lab3/ws1/install/task_4/bin'
[3.253s] Level 1:colcon.colcon_core.environment:checking '/home/me597/me597/Lab3/ws1/install/task_4/lib/pkgconfig/task_4.pc'
[3.254s] Level 1:colcon.colcon_core.environment:checking '/home/me597/me597/Lab3/ws1/install/task_4/lib/python3.10/site-packages'
[3.254s] Level 1:colcon.colcon_core.shell:create_environment_hook('task_4', 'pythonpath')
[3.255s] INFO:colcon.colcon_core.shell:Creating environment hook '/home/me597/me597/Lab3/ws1/install/task_4/share/task_4/hook/pythonpath.ps1'
[3.255s] INFO:colcon.colcon_core.shell:Creating environment descriptor '/home/me597/me597/Lab3/ws1/install/task_4/share/task_4/hook/pythonpath.dsv'
[3.256s] INFO:colcon.colcon_core.shell:Creating environment hook '/home/me597/me597/Lab3/ws1/install/task_4/share/task_4/hook/pythonpath.sh'
[3.257s] Level 1:colcon.colcon_core.environment:checking '/home/me597/me597/Lab3/ws1/install/task_4/bin'
[3.257s] Level 1:colcon.colcon_core.environment:create_environment_scripts_only(task_4)
[3.258s] INFO:colcon.colcon_core.shell:Creating package script '/home/me597/me597/Lab3/ws1/install/task_4/share/task_4/package.ps1'
[3.259s] INFO:colcon.colcon_core.shell:Creating package descriptor '/home/me597/me597/Lab3/ws1/install/task_4/share/task_4/package.dsv'
[3.261s] INFO:colcon.colcon_core.shell:Creating package script '/home/me597/me597/Lab3/ws1/install/task_4/share/task_4/package.sh'
[3.262s] INFO:colcon.colcon_core.shell:Creating package script '/home/me597/me597/Lab3/ws1/install/task_4/share/task_4/package.bash'
[3.264s] INFO:colcon.colcon_core.shell:Creating package script '/home/me597/me597/Lab3/ws1/install/task_4/share/task_4/package.zsh'
[3.266s] Level 1:colcon.colcon_core.environment:create_file_with_runtime_dependencies(/home/me597/me597/Lab3/ws1/install/task_4/share/colcon-core/packages/task_4)
[3.269s] Level 1:colcon.colcon_core.shell:create_environment_hook('sim_utils', 'pythonpath_develop')
[3.269s] INFO:colcon.colcon_core.shell:Creating environment hook '/home/me597/me597/Lab3/ws1/build/sim_utils/share/sim_utils/hook/pythonpath_develop.ps1'
[3.270s] INFO:colcon.colcon_core.shell:Creating environment descriptor '/home/me597/me597/Lab3/ws1/build/sim_utils/share/sim_utils/hook/pythonpath_develop.dsv'
[3.271s] DEBUG:colcon.colcon_core.event_handler.log_command:Invoked command in '/home/me597/me597/Lab3/ws1/build/sim_utils' returned '0': PYTHONPATH=/home/me597/me597/Lab3/ws1/build/sim_utils/prefix_override:/usr/lib/python3/dist-packages/colcon_core/task/python/colcon_distutils_commands:/home/me597/me597/Lab3/ws1/install/sim_utils/lib/python3.10/site-packages:${PYTHONPATH} /usr/bin/python3 -W ignore:setup.py install is deprecated setup.py develop --editable --build-directory /home/me597/me597/Lab3/ws1/build/sim_utils/build --no-deps symlink_data
[3.271s] INFO:colcon.colcon_core.shell:Creating environment hook '/home/me597/me597/Lab3/ws1/build/sim_utils/share/sim_utils/hook/pythonpath_develop.sh'
[3.273s] Level 1:colcon.colcon_core.environment:checking '/home/me597/me597/Lab3/ws1/install/sim_utils' for CMake module files
[3.273s] Level 1:colcon.colcon_core.environment:checking '/home/me597/me597/Lab3/ws1/install/sim_utils' for CMake config files
[3.274s] Level 1:colcon.colcon_core.environment:checking '/home/me597/me597/Lab3/ws1/install/sim_utils/lib'
[3.274s] Level 1:colcon.colcon_core.environment:checking '/home/me597/me597/Lab3/ws1/install/sim_utils/bin'
[3.274s] Level 1:colcon.colcon_core.environment:checking '/home/me597/me597/Lab3/ws1/install/sim_utils/lib/pkgconfig/sim_utils.pc'
[3.275s] Level 1:colcon.colcon_core.environment:checking '/home/me597/me597/Lab3/ws1/install/sim_utils/lib/python3.10/site-packages'
[3.275s] Level 1:colcon.colcon_core.shell:create_environment_hook('sim_utils', 'pythonpath')
[3.275s] INFO:colcon.colcon_core.shell:Creating environment hook '/home/me597/me597/Lab3/ws1/install/sim_utils/share/sim_utils/hook/pythonpath.ps1'
[3.276s] INFO:colcon.colcon_core.shell:Creating environment descriptor '/home/me597/me597/Lab3/ws1/install/sim_utils/share/sim_utils/hook/pythonpath.dsv'
[3.276s] INFO:colcon.colcon_core.shell:Creating environment hook '/home/me597/me597/Lab3/ws1/install/sim_utils/share/sim_utils/hook/pythonpath.sh'
[3.277s] Level 1:colcon.colcon_core.environment:checking '/home/me597/me597/Lab3/ws1/install/sim_utils/bin'
[3.277s] Level 1:colcon.colcon_core.environment:create_environment_scripts_only(sim_utils)
[3.277s] INFO:colcon.colcon_core.shell:Creating package script '/home/me597/me597/Lab3/ws1/install/sim_utils/share/sim_utils/package.ps1'
[3.278s] INFO:colcon.colcon_core.shell:Creating package descriptor '/home/me597/me597/Lab3/ws1/install/sim_utils/share/sim_utils/package.dsv'
[3.279s] INFO:colcon.colcon_core.shell:Creating package script '/home/me597/me597/Lab3/ws1/install/sim_utils/share/sim_utils/package.sh'
[3.279s] INFO:colcon.colcon_core.shell:Creating package script '/home/me597/me597/Lab3/ws1/install/sim_utils/share/sim_utils/package.bash'
[3.280s] INFO:colcon.colcon_core.shell:Creating package script '/home/me597/me597/Lab3/ws1/install/sim_utils/share/sim_utils/package.zsh'
[3.280s] Level 1:colcon.colcon_core.environment:create_file_with_runtime_dependencies(/home/me597/me597/Lab3/ws1/install/sim_utils/share/colcon-core/packages/sim_utils)
[5.117s] DEBUG:colcon.colcon_core.event_handler.log_command:Invoked command in '/home/me597/me597/Lab3/ws1/build/turtlebot3_gazebo' returned '0': CMAKE_PREFIX_PATH=${CMAKE_PREFIX_PATH}:/home/me597/me597/Lab3/ws1/install/task_4:/home/me597/me597/Lab3/ws1/install/sim_utils:/opt/ros/humble /usr/bin/cmake /home/me597/me597/Lab3/ws1/src/sim_ws/src/turtlebot3_gazebo -DAMENT_CMAKE_SYMLINK_INSTALL=1 -DCMAKE_INSTALL_PREFIX=/home/me597/me597/Lab3/ws1/install/turtlebot3_gazebo
[5.121s] DEBUG:colcon.colcon_core.event_handler.log_command:Invoking command in '/home/me597/me597/Lab3/ws1/build/turtlebot3_gazebo': CMAKE_PREFIX_PATH=${CMAKE_PREFIX_PATH}:/home/me597/me597/Lab3/ws1/install/task_4:/home/me597/me597/Lab3/ws1/install/sim_utils:/opt/ros/humble /usr/bin/cmake --build /home/me597/me597/Lab3/ws1/build/turtlebot3_gazebo -- -j4 -l4
[5.174s] DEBUG:colcon.colcon_core.event_handler.log_command:Invoked command in '/home/me597/me597/Lab3/ws1/build/turtlebot3_gazebo' returned '0': CMAKE_PREFIX_PATH=${CMAKE_PREFIX_PATH}:/home/me597/me597/Lab3/ws1/install/task_4:/home/me597/me597/Lab3/ws1/install/sim_utils:/opt/ros/humble /usr/bin/cmake --build /home/me597/me597/Lab3/ws1/build/turtlebot3_gazebo -- -j4 -l4
[5.222s] DEBUG:colcon.colcon_core.event_handler.log_command:Invoking command in '/home/me597/me597/Lab3/ws1/build/turtlebot3_gazebo': CMAKE_PREFIX_PATH=${CMAKE_PREFIX_PATH}:/home/me597/me597/Lab3/ws1/install/task_4:/home/me597/me597/Lab3/ws1/install/sim_utils:/opt/ros/humble /usr/bin/cmake --install /home/me597/me597/Lab3/ws1/build/turtlebot3_gazebo
[5.963s] Level 1:colcon.colcon_core.environment:create_environment_scripts_only(turtlebot3_gazebo)
[5.964s] Level 1:colcon.colcon_core.environment:checking '/home/me597/me597/Lab3/ws1/install/turtlebot3_gazebo' for CMake module files
[5.964s] DEBUG:colcon.colcon_core.event_handler.log_command:Invoked command in '/home/me597/me597/Lab3/ws1/build/turtlebot3_gazebo' returned '0': CMAKE_PREFIX_PATH=${CMAKE_PREFIX_PATH}:/home/me597/me597/Lab3/ws1/install/task_4:/home/me597/me597/Lab3/ws1/install/sim_utils:/opt/ros/humble /usr/bin/cmake --install /home/me597/me597/Lab3/ws1/build/turtlebot3_gazebo
[5.965s] Level 1:colcon.colcon_core.environment:checking '/home/me597/me597/Lab3/ws1/install/turtlebot3_gazebo' for CMake config files
[5.966s] Level 1:colcon.colcon_core.shell:create_environment_hook('turtlebot3_gazebo', 'cmake_prefix_path')
[5.966s] INFO:colcon.colcon_core.shell:Creating environment hook '/home/me597/me597/Lab3/ws1/install/turtlebot3_gazebo/share/turtlebot3_gazebo/hook/cmake_prefix_path.ps1'
[5.967s] INFO:colcon.colcon_core.shell:Creating environment descriptor '/home/me597/me597/Lab3/ws1/install/turtlebot3_gazebo/share/turtlebot3_gazebo/hook/cmake_prefix_path.dsv'
[5.967s] INFO:colcon.colcon_core.shell:Creating environment hook '/home/me597/me597/Lab3/ws1/install/turtlebot3_gazebo/share/turtlebot3_gazebo/hook/cmake_prefix_path.sh'
[5.967s] Level 1:colcon.colcon_core.environment:checking '/home/me597/me597/Lab3/ws1/install/turtlebot3_gazebo/lib'
[5.968s] Level 1:colcon.colcon_core.environment:checking '/home/me597/me597/Lab3/ws1/install/turtlebot3_gazebo/bin'
[5.968s] Level 1:colcon.colcon_core.environment:checking '/home/me597/me597/Lab3/ws1/install/turtlebot3_gazebo/lib/pkgconfig/turtlebot3_gazebo.pc'
[5.968s] Level 1:colcon.colcon_core.environment:checking '/home/me597/me597/Lab3/ws1/install/turtlebot3_gazebo/lib/python3.10/site-packages'
[5.968s] Level 1:colcon.colcon_core.environment:checking '/home/me597/me597/Lab3/ws1/install/turtlebot3_gazebo/bin'
[5.968s] INFO:colcon.colcon_core.shell:Creating package script '/home/me597/me597/Lab3/ws1/install/turtlebot3_gazebo/share/turtlebot3_gazebo/package.ps1'
[5.969s] INFO:colcon.colcon_core.shell:Creating package descriptor '/home/me597/me597/Lab3/ws1/install/turtlebot3_gazebo/share/turtlebot3_gazebo/package.dsv'
[5.969s] INFO:colcon.colcon_core.shell:Creating package script '/home/me597/me597/Lab3/ws1/install/turtlebot3_gazebo/share/turtlebot3_gazebo/package.sh'
[5.970s] INFO:colcon.colcon_core.shell:Creating package script '/home/me597/me597/Lab3/ws1/install/turtlebot3_gazebo/share/turtlebot3_gazebo/package.bash'
[5.970s] INFO:colcon.colcon_core.shell:Creating package script '/home/me597/me597/Lab3/ws1/install/turtlebot3_gazebo/share/turtlebot3_gazebo/package.zsh'
[5.971s] Level 1:colcon.colcon_core.environment:create_file_with_runtime_dependencies(/home/me597/me597/Lab3/ws1/install/turtlebot3_gazebo/share/colcon-core/packages/turtlebot3_gazebo)
[6.006s] Level 1:colcon.colcon_core.environment:create_environment_scripts_only(turtlebot3_gazebo)
[6.006s] Level 1:colcon.colcon_core.environment:checking '/home/me597/me597/Lab3/ws1/install/turtlebot3_gazebo' for CMake module files
[6.007s] Level 1:colcon.colcon_core.environment:checking '/home/me597/me597/Lab3/ws1/install/turtlebot3_gazebo' for CMake config files
[6.007s] Level 1:colcon.colcon_core.shell:create_environment_hook('turtlebot3_gazebo', 'cmake_prefix_path')
[6.008s] INFO:colcon.colcon_core.shell:Creating environment hook '/home/me597/me597/Lab3/ws1/install/turtlebot3_gazebo/share/turtlebot3_gazebo/hook/cmake_prefix_path.ps1'
[6.008s] INFO:colcon.colcon_core.shell:Creating environment descriptor '/home/me597/me597/Lab3/ws1/install/turtlebot3_gazebo/share/turtlebot3_gazebo/hook/cmake_prefix_path.dsv'
[6.009s] INFO:colcon.colcon_core.shell:Creating environment hook '/home/me597/me597/Lab3/ws1/install/turtlebot3_gazebo/share/turtlebot3_gazebo/hook/cmake_prefix_path.sh'
[6.009s] Level 1:colcon.colcon_core.environment:checking '/home/me597/me597/Lab3/ws1/install/turtlebot3_gazebo/lib'
[6.009s] Level 1:colcon.colcon_core.environment:checking '/home/me597/me597/Lab3/ws1/install/turtlebot3_gazebo/bin'
[6.009s] Level 1:colcon.colcon_core.environment:checking '/home/me597/me597/Lab3/ws1/install/turtlebot3_gazebo/lib/pkgconfig/turtlebot3_gazebo.pc'
[6.010s] Level 1:colcon.colcon_core.environment:checking '/home/me597/me597/Lab3/ws1/install/turtlebot3_gazebo/lib/python3.10/site-packages'
[6.010s] Level 1:colcon.colcon_core.environment:checking '/home/me597/me597/Lab3/ws1/install/turtlebot3_gazebo/bin'
[6.010s] INFO:colcon.colcon_core.shell:Creating package script '/home/me597/me597/Lab3/ws1/install/turtlebot3_gazebo/share/turtlebot3_gazebo/package.ps1'
[6.011s] INFO:colcon.colcon_core.shell:Creating package descriptor '/home/me597/me597/Lab3/ws1/install/turtlebot3_gazebo/share/turtlebot3_gazebo/package.dsv'
[6.011s] INFO:colcon.colcon_core.shell:Creating package script '/home/me597/me597/Lab3/ws1/install/turtlebot3_gazebo/share/turtlebot3_gazebo/package.sh'
[6.012s] INFO:colcon.colcon_core.shell:Creating package script '/home/me597/me597/Lab3/ws1/install/turtlebot3_gazebo/share/turtlebot3_gazebo/package.bash'
[6.012s] INFO:colcon.colcon_core.shell:Creating package script '/home/me597/me597/Lab3/ws1/install/turtlebot3_gazebo/share/turtlebot3_gazebo/package.zsh'
[6.012s] Level 1:colcon.colcon_core.environment:create_file_with_runtime_dependencies(/home/me597/me597/Lab3/ws1/install/turtlebot3_gazebo/share/colcon-core/packages/turtlebot3_gazebo)
[6.013s] DEBUG:colcon.colcon_parallel_executor.executor.parallel:closing loop
[6.013s] DEBUG:colcon.colcon_parallel_executor.executor.parallel:loop closed
[6.014s] DEBUG:colcon.colcon_parallel_executor.executor.parallel:run_until_complete finished with '0'
[6.014s] DEBUG:colcon.colcon_core.event_reactor:joining thread
[6.025s] INFO:colcon.colcon_core.plugin_system:Skipping extension 'colcon_notification.desktop_notification.terminal_notifier': Not used on non-Darwin systems
[6.025s] INFO:colcon.colcon_core.plugin_system:Skipping extension 'colcon_notification.desktop_notification.win32': Not used on non-Windows systems
[6.025s] INFO:colcon.colcon_notification.desktop_notification:Sending desktop notification using 'notify2'
[6.044s] DEBUG:colcon.colcon_core.event_reactor:joined thread
[6.045s] INFO:colcon.colcon_core.shell:Creating prefix script '/home/me597/me597/Lab3/ws1/install/local_setup.ps1'
[6.046s] INFO:colcon.colcon_core.shell:Creating prefix util module '/home/me597/me597/Lab3/ws1/install/_local_setup_util_ps1.py'
[6.049s] INFO:colcon.colcon_core.shell:Creating prefix chain script '/home/me597/me597/Lab3/ws1/install/setup.ps1'
[6.050s] INFO:colcon.colcon_core.shell:Creating prefix script '/home/me597/me597/Lab3/ws1/install/local_setup.sh'
[6.052s] INFO:colcon.colcon_core.shell:Creating prefix util module '/home/me597/me597/Lab3/ws1/install/_local_setup_util_sh.py'
[6.052s] INFO:colcon.colcon_core.shell:Creating prefix chain script '/home/me597/me597/Lab3/ws1/install/setup.sh'
[6.054s] INFO:colcon.colcon_core.shell:Creating prefix script '/home/me597/me597/Lab3/ws1/install/local_setup.bash'
[6.056s] INFO:colcon.colcon_core.shell:Creating prefix chain script '/home/me597/me597/Lab3/ws1/install/setup.bash'
[6.057s] INFO:colcon.colcon_core.shell:Creating prefix script '/home/me597/me597/Lab3/ws1/install/local_setup.zsh'
[6.060s] INFO:colcon.colcon_core.shell:Creating prefix chain script '/home/me597/me597/Lab3/ws1/install/setup.zsh'
