[1.498s] Invoking command in '/home/Gery/ME597_Lab/Lab3/ws1/build/task_4': PYTHONPATH=/home/Gery/ME597_Lab/Lab3/ws1/build/task_4/prefix_override:/usr/lib/python3/dist-packages/colcon_core/task/python/colcon_distutils_commands:/home/Gery/ME597_Lab/Lab3/ws1/install/task_4/lib/python3.10/site-packages:${PYTHONPATH} /usr/bin/python3 -W ignore:setup.py install is deprecated setup.py develop --editable --build-directory /home/Gery/ME597_Lab/Lab3/ws1/build/task_4/build --no-deps symlink_data
[1.839s] running develop
[1.840s] /usr/lib/python3/dist-packages/setuptools/command/easy_install.py:158: EasyInstallDeprecationWarning: easy_install command is deprecated. Use build and pip and other standards-based tools.
[1.840s]   warnings.warn(
[2.054s] running egg_info
[2.055s] writing task_4.egg-info/PKG-INFO
[2.055s] writing dependency_links to task_4.egg-info/dependency_links.txt
[2.055s] writing entry points to task_4.egg-info/entry_points.txt
[2.055s] writing requirements to task_4.egg-info/requires.txt
[2.057s] writing top-level names to task_4.egg-info/top_level.txt
[2.058s] reading manifest file 'task_4.egg-info/SOURCES.txt'
[2.058s] writing manifest file 'task_4.egg-info/SOURCES.txt'
[2.061s] running build_ext
[2.062s] Creating /home/Gery/ME597_Lab/Lab3/ws1/install/task_4/lib/python3.10/site-packages/task-4.egg-link (link to .)
[2.063s] Installing auto_navigator script to /home/Gery/ME597_Lab/Lab3/ws1/install/task_4/lib/task_4
[2.063s] Installing auto_navigator2 script to /home/Gery/ME597_Lab/Lab3/ws1/install/task_4/lib/task_4
[2.063s] 
[2.063s] Installed /home/Gery/ME597_Lab/Lab3/ws1/build/task_4
[2.063s] running symlink_data
[2.094s] Invoked command in '/home/Gery/ME597_Lab/Lab3/ws1/build/task_4' returned '0': PYTHONPATH=/home/Gery/ME597_Lab/Lab3/ws1/build/task_4/prefix_override:/usr/lib/python3/dist-packages/colcon_core/task/python/colcon_distutils_commands:/home/Gery/ME597_Lab/Lab3/ws1/install/task_4/lib/python3.10/site-packages:${PYTHONPATH} /usr/bin/python3 -W ignore:setup.py install is deprecated setup.py develop --editable --build-directory /home/Gery/ME597_Lab/Lab3/ws1/build/task_4/build --no-deps symlink_data
