[1.451s] Invoking command in '/home/Gery/ME597_Lab/Lab4/ws1/build/task_5': AMENT_PREFIX_PATH=/home/Gery/ME597_Lab/Lab4/ws1/install/cv_bridge:${AMENT_PREFIX_PATH} CMAKE_PREFIX_PATH=/home/Gery/ME597_Lab/Lab4/ws1/install/cv_bridge LD_LIBRARY_PATH=/home/Gery/ME597_Lab/Lab4/ws1/install/cv_bridge/lib:${LD_LIBRARY_PATH} PYTHONPATH=/home/Gery/ME597_Lab/Lab4/ws1/build/task_5/prefix_override:/usr/lib/python3/dist-packages/colcon_core/task/python/colcon_distutils_commands:/home/Gery/ME597_Lab/Lab4/ws1/install/task_5/lib/python3.10/site-packages:/home/Gery/ME597_Lab/Lab4/ws1/install/cv_bridge/local/lib/python3.10/dist-packages:${PYTHONPATH} /usr/bin/python3 -W ignore:setup.py install is deprecated -W ignore:easy_install command is deprecated setup.py develop --editable --build-directory /home/Gery/ME597_Lab/Lab4/ws1/build/task_5/build --no-deps symlink_data
[1.841s] running develop
[2.104s] running egg_info
[2.124s] writing task_5.egg-info/PKG-INFO
[2.125s] writing dependency_links to task_5.egg-info/dependency_links.txt
[2.125s] writing entry points to task_5.egg-info/entry_points.txt
[2.126s] writing requirements to task_5.egg-info/requires.txt
[2.126s] writing top-level names to task_5.egg-info/top_level.txt
[2.165s] reading manifest file 'task_5.egg-info/SOURCES.txt'
[2.166s] writing manifest file 'task_5.egg-info/SOURCES.txt'
[2.187s] running build_ext
[2.188s] Creating /home/Gery/ME597_Lab/Lab4/ws1/install/task_5/lib/python3.10/site-packages/task-5.egg-link (link to .)
[2.189s] Installing image_publisher script to /home/Gery/ME597_Lab/Lab4/ws1/install/task_5/lib/task_5
[2.189s] Installing object_detector script to /home/Gery/ME597_Lab/Lab4/ws1/install/task_5/lib/task_5
[2.192s] 
[2.192s] Installed /home/Gery/ME597_Lab/Lab4/ws1/build/task_5
[2.192s] running symlink_data
[2.192s] creating /home/Gery/ME597_Lab/Lab4/ws1/install/task_5/share/task_5/launch
[2.192s] symbolically linking /home/Gery/ME597_Lab/Lab4/ws1/build/task_5/launch/object_detector_launch.py -> /home/Gery/ME597_Lab/Lab4/ws1/install/task_5/share/task_5/launch
[2.192s] creating /home/Gery/ME597_Lab/Lab4/ws1/install/task_5/share/task_5/resource
[2.192s] symbolically linking /home/Gery/ME597_Lab/Lab4/ws1/build/task_5/resource/lab3_video.avi -> /home/Gery/ME597_Lab/Lab4/ws1/install/task_5/share/task_5/resource
[2.192s] symbolically linking /home/Gery/ME597_Lab/Lab4/ws1/build/task_5/resource/task_5 -> /home/Gery/ME597_Lab/Lab4/ws1/install/task_5/share/task_5/resource
[2.192s] symbolically linking /home/Gery/ME597_Lab/Lab4/ws1/build/task_5/resource/lab3_video.mp4 -> /home/Gery/ME597_Lab/Lab4/ws1/install/task_5/share/task_5/resource
[2.192s] creating /home/Gery/ME597_Lab/Lab4/ws1/install/task_5/share/task_5/maps
[2.193s] creating /home/Gery/ME597_Lab/Lab4/ws1/install/task_5/share/task_5/rviz
[2.265s] Invoked command in '/home/Gery/ME597_Lab/Lab4/ws1/build/task_5' returned '0': AMENT_PREFIX_PATH=/home/Gery/ME597_Lab/Lab4/ws1/install/cv_bridge:${AMENT_PREFIX_PATH} CMAKE_PREFIX_PATH=/home/Gery/ME597_Lab/Lab4/ws1/install/cv_bridge LD_LIBRARY_PATH=/home/Gery/ME597_Lab/Lab4/ws1/install/cv_bridge/lib:${LD_LIBRARY_PATH} PYTHONPATH=/home/Gery/ME597_Lab/Lab4/ws1/build/task_5/prefix_override:/usr/lib/python3/dist-packages/colcon_core/task/python/colcon_distutils_commands:/home/Gery/ME597_Lab/Lab4/ws1/install/task_5/lib/python3.10/site-packages:/home/Gery/ME597_Lab/Lab4/ws1/install/cv_bridge/local/lib/python3.10/dist-packages:${PYTHONPATH} /usr/bin/python3 -W ignore:setup.py install is deprecated -W ignore:easy_install command is deprecated setup.py develop --editable --build-directory /home/Gery/ME597_Lab/Lab4/ws1/build/task_5/build --no-deps symlink_data
