[1.083s] Invoking command in '/home/me597/me597/Lab2/ws1/build/task_3': PYTHONPATH=/home/me597/me597/Lab2/ws1/build/task_3/prefix_override:/usr/lib/python3/dist-packages/colcon_core/task/python/colcon_distutils_commands:/home/me597/me597/Lab2/ws1/install/task_3/lib/python3.10/site-packages:${PYTHONPATH} /usr/bin/python3 -W ignore:setup.py install is deprecated setup.py develop --editable --build-directory /home/me597/me597/Lab2/ws1/build/task_3/build --no-deps symlink_data
[1.399s] running develop
[1.399s] /usr/lib/python3/dist-packages/setuptools/command/easy_install.py:158: EasyInstallDeprecationWarning: easy_install command is deprecated. Use build and pip and other standards-based tools.
[1.400s]   warnings.warn(
[1.608s] running egg_info
[1.610s] creating task_3.egg-info
[1.611s] writing task_3.egg-info/PKG-INFO
[1.611s] writing dependency_links to task_3.egg-info/dependency_links.txt
[1.612s] writing entry points to task_3.egg-info/entry_points.txt
[1.612s] writing requirements to task_3.egg-info/requires.txt
[1.618s] writing top-level names to task_3.egg-info/top_level.txt
[1.619s] writing manifest file 'task_3.egg-info/SOURCES.txt'
[1.619s] reading manifest file 'task_3.egg-info/SOURCES.txt'
[1.620s] writing manifest file 'task_3.egg-info/SOURCES.txt'
[1.620s] running build_ext
[1.620s] Creating /home/me597/me597/Lab2/ws1/install/task_3/lib/python3.10/site-packages/task-3.egg-link (link to .)
[1.620s] Installing pid_speed_controller script to /home/me597/me597/Lab2/ws1/install/task_3/lib/task_3
[1.620s] 
[1.621s] Installed /home/me597/me597/Lab2/ws1/build/task_3
[1.621s] running symlink_data
[1.621s] creating /home/me597/me597/Lab2/ws1/install/task_3/share/ament_index
[1.621s] creating /home/me597/me597/Lab2/ws1/install/task_3/share/ament_index/resource_index
[1.621s] creating /home/me597/me597/Lab2/ws1/install/task_3/share/ament_index/resource_index/packages
[1.621s] symbolically linking /home/me597/me597/Lab2/ws1/build/task_3/resource/task_3 -> /home/me597/me597/Lab2/ws1/install/task_3/share/ament_index/resource_index/packages
[1.621s] symbolically linking /home/me597/me597/Lab2/ws1/build/task_3/package.xml -> /home/me597/me597/Lab2/ws1/install/task_3/share/task_3
[1.621s] creating /home/me597/me597/Lab2/ws1/install/task_3/share/task_3/launch
[1.662s] Invoked command in '/home/me597/me597/Lab2/ws1/build/task_3' returned '0': PYTHONPATH=/home/me597/me597/Lab2/ws1/build/task_3/prefix_override:/usr/lib/python3/dist-packages/colcon_core/task/python/colcon_distutils_commands:/home/me597/me597/Lab2/ws1/install/task_3/lib/python3.10/site-packages:${PYTHONPATH} /usr/bin/python3 -W ignore:setup.py install is deprecated setup.py develop --editable --build-directory /home/me597/me597/Lab2/ws1/build/task_3/build --no-deps symlink_data
