[0.026s] Invoking command in '/home/Gery/ME597_Lab/Lab4/ws1/build/cv_bridge': CMAKE_PREFIX_PATH=/opt/ros/humble /usr/bin/cmake /home/Gery/ME597_Lab/Lab4/ws1/src/vision_opencv/cv_bridge -DCMAKE_INSTALL_PREFIX=/home/Gery/ME597_Lab/Lab4/ws1/install/cv_bridge
[0.463s] -- The C compiler identification is GNU 11.4.0
[0.776s] -- The CXX compiler identification is GNU 11.4.0
[0.789s] -- Detecting C compiler ABI info
[0.930s] -- Detecting C compiler ABI info - done
[0.951s] -- Check for working C compiler: /usr/bin/cc - skipped
[0.953s] -- Detecting C compile features
[0.953s] -- Detecting C compile features - done
[0.958s] -- Detecting CXX compiler ABI info
[1.111s] -- Detecting CXX compiler ABI info - done
[1.126s] -- Check for working CXX compiler: /usr/bin/c++ - skipped
[1.126s] -- Detecting CXX compile features
[1.127s] -- Detecting CXX compile features - done
[1.130s] -- Found ament_cmake_ros: 0.10.0 (/opt/ros/humble/share/ament_cmake_ros/cmake)
[1.661s] -- Found Python3: /usr/bin/python3 (found version "3.10.12") found components: Interpreter 
[2.741s] -- Found Python3: /usr/include/python3.10 (found version "3.10.12") found components: Development NumPy Interpreter Development.Module Development.Embed 
[2.764s] -- Found Boost: /usr/lib/x86_64-linux-gnu/cmake/Boost-1.74.0/BoostConfig.cmake (found version "1.74.0") found components: python310 
[2.776s] -- Found rclcpp: 16.0.15 (/opt/ros/humble/share/rclcpp/cmake)
[2.835s] -- Found rosidl_generator_c: 3.1.7 (/opt/ros/humble/share/rosidl_generator_c/cmake)
[2.840s] -- Found rosidl_adapter: 3.1.7 (/opt/ros/humble/share/rosidl_adapter/cmake)
[2.850s] -- Found rosidl_generator_cpp: 3.1.7 (/opt/ros/humble/share/rosidl_generator_cpp/cmake)
[2.863s] -- Using all available rosidl_typesupport_c: rosidl_typesupport_fastrtps_c;rosidl_typesupport_introspection_c
[2.880s] -- Using all available rosidl_typesupport_cpp: rosidl_typesupport_fastrtps_cpp;rosidl_typesupport_introspection_cpp
[2.962s] -- Found rmw_implementation_cmake: 6.1.2 (/opt/ros/humble/share/rmw_implementation_cmake/cmake)
[2.969s] -- Found rmw_fastrtps_cpp: 6.2.9 (/opt/ros/humble/share/rmw_fastrtps_cpp/cmake)
[3.117s] -- Found OpenSSL: /usr/lib/x86_64-linux-gnu/libcrypto.so (found version "3.0.2")  
[3.151s] -- Found FastRTPS: /opt/ros/humble/include  
[3.203s] -- Using RMW implementation 'rmw_fastrtps_cpp' as default
[3.234s] -- Looking for pthread.h
[3.361s] -- Looking for pthread.h - found
[3.362s] -- Performing Test CMAKE_HAVE_LIBC_PTHREAD
[3.481s] -- Performing Test CMAKE_HAVE_LIBC_PTHREAD - Success
[3.481s] -- Found Threads: TRUE  
[3.577s] -- Found sensor_msgs: 4.9.0 (/opt/ros/humble/share/sensor_msgs/cmake)
[3.767s] -- Performing Test COMPILER_HAS_HIDDEN_VISIBILITY
[4.037s] -- Performing Test COMPILER_HAS_HIDDEN_VISIBILITY - Success
[4.041s] -- Performing Test COMPILER_HAS_HIDDEN_INLINE_VISIBILITY
[4.322s] -- Performing Test COMPILER_HAS_HIDDEN_INLINE_VISIBILITY - Success
[4.322s] -- Performing Test COMPILER_HAS_DEPRECATED_ATTR
[4.533s] -- Performing Test COMPILER_HAS_DEPRECATED_ATTR - Success
[4.549s] -- Found ament_lint_auto: 0.12.14 (/opt/ros/humble/share/ament_lint_auto/cmake)
[4.787s] -- Found gtest sources under '/opt/ros/humble/src/gtest_vendor': C++ tests using 'Google Test' will be built
[6.402s] -- Configuring done
[6.445s] -- Generating done
[6.457s] -- Build files have been written to: /home/Gery/ME597_Lab/Lab4/ws1/build/cv_bridge
[6.470s] Invoked command in '/home/Gery/ME597_Lab/Lab4/ws1/build/cv_bridge' returned '0': CMAKE_PREFIX_PATH=/opt/ros/humble /usr/bin/cmake /home/Gery/ME597_Lab/Lab4/ws1/src/vision_opencv/cv_bridge -DCMAKE_INSTALL_PREFIX=/home/Gery/ME597_Lab/Lab4/ws1/install/cv_bridge
[6.470s] Invoking command in '/home/Gery/ME597_Lab/Lab4/ws1/build/cv_bridge': CMAKE_PREFIX_PATH=/opt/ros/humble /usr/bin/cmake --build /home/Gery/ME597_Lab/Lab4/ws1/build/cv_bridge -- -j4 -l4
[6.548s] [  5%] [32mBuilding CXX object gtest/CMakeFiles/gtest_main.dir/src/gtest_main.cc.o[0m
[6.552s] [ 11%] [32mBuilding CXX object gtest/CMakeFiles/gtest.dir/src/gtest-all.cc.o[0m
[6.559s] [ 11%] Built target ament_cmake_python_copy_cv_bridge
[6.568s] [ 16%] [32mBuilding CXX object src/CMakeFiles/cv_bridge.dir/cv_bridge.cpp.o[0m
[6.923s] running egg_info
[6.949s] creating cv_bridge.egg-info
[6.950s] writing cv_bridge.egg-info/PKG-INFO
[6.950s] writing dependency_links to cv_bridge.egg-info/dependency_links.txt
[6.950s] writing top-level names to cv_bridge.egg-info/top_level.txt
[6.950s] writing manifest file 'cv_bridge.egg-info/SOURCES.txt'
[7.113s] reading manifest file 'cv_bridge.egg-info/SOURCES.txt'
[7.116s] writing manifest file 'cv_bridge.egg-info/SOURCES.txt'
[7.184s] [ 16%] Built target ament_cmake_python_build_cv_bridge_egg
[7.199s] [ 22%] [32mBuilding CXX object src/CMakeFiles/cv_bridge.dir/cv_mat_sensor_msgs_image_type_adapter.cpp.o[0m
[8.148s] [ 27%] [32m[1mLinking CXX static library libgtest_main.a[0m
[8.260s] [ 27%] Built target gtest_main
[8.290s] [ 33%] [32mBuilding CXX object src/CMakeFiles/cv_bridge.dir/rgb_colors.cpp.o[0m
[13.917s] [ 38%] [32m[1mLinking CXX static library libgtest.a[0m
[13.995s] [ 38%] Built target gtest
[14.939s] [ 44%] [32m[1mLinking CXX shared library libcv_bridge.so[0m
[15.231s] [ 44%] Built target cv_bridge
[15.274s] [ 55%] [32mBuilding CXX object test/CMakeFiles/cv_bridge-utest.dir/test_compression.cpp.o[0m
[15.274s] [ 55%] [32mBuilding CXX object src/CMakeFiles/cv_bridge_boost.dir/module.cpp.o[0m
[15.275s] [ 61%] [32mBuilding CXX object test/CMakeFiles/cv_bridge-utest.dir/test_endian.cpp.o[0m
[15.276s] [ 66%] [32mBuilding CXX object src/CMakeFiles/cv_bridge_boost.dir/module_opencv4.cpp.o[0m
[17.329s] [ 72%] [32mBuilding CXX object test/CMakeFiles/cv_bridge-utest.dir/utest.cpp.o[0m
[17.499s] [ 77%] [32mBuilding CXX object test/CMakeFiles/cv_bridge-utest.dir/utest2.cpp.o[0m
[19.924s] [ 83%] [32mBuilding CXX object test/CMakeFiles/cv_bridge-utest.dir/test_rgb_colors.cpp.o[0m
[20.230s] [ 88%] [32mBuilding CXX object test/CMakeFiles/cv_bridge-utest.dir/test_dynamic_scaling.cpp.o[0m
[20.960s] [ 94%] [32m[1mLinking CXX shared module boost/cv_bridge_boost.so[0m
[21.183s] [ 94%] Built target cv_bridge_boost
[23.008s] [100%] [32m[1mLinking CXX executable cv_bridge-utest[0m
[23.670s] [100%] Built target cv_bridge-utest
[23.688s] Invoked command in '/home/Gery/ME597_Lab/Lab4/ws1/build/cv_bridge' returned '0': CMAKE_PREFIX_PATH=/opt/ros/humble /usr/bin/cmake --build /home/Gery/ME597_Lab/Lab4/ws1/build/cv_bridge -- -j4 -l4
[23.692s] Invoking command in '/home/Gery/ME597_Lab/Lab4/ws1/build/cv_bridge': CMAKE_PREFIX_PATH=/opt/ros/humble /usr/bin/cmake --install /home/Gery/ME597_Lab/Lab4/ws1/build/cv_bridge
[23.703s] -- Install configuration: ""
[23.703s] -- Installing: /home/Gery/ME597_Lab/Lab4/ws1/install/cv_bridge/share/cv_bridge/environment/pythonpath.sh
[23.703s] -- Installing: /home/Gery/ME597_Lab/Lab4/ws1/install/cv_bridge/share/cv_bridge/environment/pythonpath.dsv
[23.703s] -- Installing: /home/Gery/ME597_Lab/Lab4/ws1/install/cv_bridge/local/lib/python3.10/dist-packages/cv_bridge-4.1.0-py3.10.egg-info
[23.704s] -- Installing: /home/Gery/ME597_Lab/Lab4/ws1/install/cv_bridge/local/lib/python3.10/dist-packages/cv_bridge-4.1.0-py3.10.egg-info/top_level.txt
[23.704s] -- Installing: /home/Gery/ME597_Lab/Lab4/ws1/install/cv_bridge/local/lib/python3.10/dist-packages/cv_bridge-4.1.0-py3.10.egg-info/SOURCES.txt
[23.704s] -- Installing: /home/Gery/ME597_Lab/Lab4/ws1/install/cv_bridge/local/lib/python3.10/dist-packages/cv_bridge-4.1.0-py3.10.egg-info/dependency_links.txt
[23.704s] -- Installing: /home/Gery/ME597_Lab/Lab4/ws1/install/cv_bridge/local/lib/python3.10/dist-packages/cv_bridge-4.1.0-py3.10.egg-info/PKG-INFO
[23.704s] -- Installing: /home/Gery/ME597_Lab/Lab4/ws1/install/cv_bridge/local/lib/python3.10/dist-packages/cv_bridge
[23.704s] -- Installing: /home/Gery/ME597_Lab/Lab4/ws1/install/cv_bridge/local/lib/python3.10/dist-packages/cv_bridge/__init__.py
[23.704s] -- Installing: /home/Gery/ME597_Lab/Lab4/ws1/install/cv_bridge/local/lib/python3.10/dist-packages/cv_bridge/core.py
[23.751s] Listing '/home/Gery/ME597_Lab/Lab4/ws1/install/cv_bridge/local/lib/python3.10/dist-packages/cv_bridge'...
[23.751s] Compiling '/home/Gery/ME597_Lab/Lab4/ws1/install/cv_bridge/local/lib/python3.10/dist-packages/cv_bridge/__init__.py'...
[23.751s] Compiling '/home/Gery/ME597_Lab/Lab4/ws1/install/cv_bridge/local/lib/python3.10/dist-packages/cv_bridge/core.py'...
[23.758s] -- Installing: /home/Gery/ME597_Lab/Lab4/ws1/install/cv_bridge/lib/libcv_bridge.so
[23.760s] -- Set runtime path of "/home/Gery/ME597_Lab/Lab4/ws1/install/cv_bridge/lib/libcv_bridge.so" to ""
[23.760s] -- Installing: /home/Gery/ME597_Lab/Lab4/ws1/install/cv_bridge/include/cv_bridge/cv_bridge/cv_bridge_export.h
[23.760s] -- Installing: /home/Gery/ME597_Lab/Lab4/ws1/install/cv_bridge/local/lib/python3.10/dist-packages/cv_bridge/boost/cv_bridge_boost.so
[23.762s] -- Set runtime path of "/home/Gery/ME597_Lab/Lab4/ws1/install/cv_bridge/local/lib/python3.10/dist-packages/cv_bridge/boost/cv_bridge_boost.so" to ""
[23.762s] -- Up-to-date: /home/Gery/ME597_Lab/Lab4/ws1/install/cv_bridge/include/cv_bridge
[23.762s] -- Up-to-date: /home/Gery/ME597_Lab/Lab4/ws1/install/cv_bridge/include/cv_bridge/cv_bridge
[23.762s] -- Installing: /home/Gery/ME597_Lab/Lab4/ws1/install/cv_bridge/include/cv_bridge/cv_bridge/cv_bridge.hpp
[23.762s] -- Installing: /home/Gery/ME597_Lab/Lab4/ws1/install/cv_bridge/include/cv_bridge/cv_bridge/rgb_colors.hpp
[23.762s] -- Installing: /home/Gery/ME597_Lab/Lab4/ws1/install/cv_bridge/include/cv_bridge/cv_bridge/visibility_control.h
[23.763s] -- Installing: /home/Gery/ME597_Lab/Lab4/ws1/install/cv_bridge/include/cv_bridge/cv_bridge/cv_mat_sensor_msgs_image_type_adapter.hpp
[23.764s] -- Up-to-date: /home/Gery/ME597_Lab/Lab4/ws1/install/cv_bridge/lib/libcv_bridge.so
[23.764s] -- Installing: /home/Gery/ME597_Lab/Lab4/ws1/install/cv_bridge/share/ament_index/resource_index/package_run_dependencies/cv_bridge
[23.764s] -- Installing: /home/Gery/ME597_Lab/Lab4/ws1/install/cv_bridge/share/ament_index/resource_index/parent_prefix_path/cv_bridge
[23.765s] -- Installing: /home/Gery/ME597_Lab/Lab4/ws1/install/cv_bridge/share/cv_bridge/environment/ament_prefix_path.sh
[23.765s] -- Installing: /home/Gery/ME597_Lab/Lab4/ws1/install/cv_bridge/share/cv_bridge/environment/ament_prefix_path.dsv
[23.765s] -- Installing: /home/Gery/ME597_Lab/Lab4/ws1/install/cv_bridge/share/cv_bridge/environment/path.sh
[23.765s] -- Installing: /home/Gery/ME597_Lab/Lab4/ws1/install/cv_bridge/share/cv_bridge/environment/path.dsv
[23.770s] -- Installing: /home/Gery/ME597_Lab/Lab4/ws1/install/cv_bridge/share/cv_bridge/local_setup.bash
[23.770s] -- Installing: /home/Gery/ME597_Lab/Lab4/ws1/install/cv_bridge/share/cv_bridge/local_setup.sh
[23.770s] -- Installing: /home/Gery/ME597_Lab/Lab4/ws1/install/cv_bridge/share/cv_bridge/local_setup.zsh
[23.770s] -- Installing: /home/Gery/ME597_Lab/Lab4/ws1/install/cv_bridge/share/cv_bridge/local_setup.dsv
[23.770s] -- Installing: /home/Gery/ME597_Lab/Lab4/ws1/install/cv_bridge/share/cv_bridge/package.dsv
[23.770s] -- Installing: /home/Gery/ME597_Lab/Lab4/ws1/install/cv_bridge/share/ament_index/resource_index/packages/cv_bridge
[23.770s] -- Installing: /home/Gery/ME597_Lab/Lab4/ws1/install/cv_bridge/share/cv_bridge/cmake/export_cv_bridgeExport.cmake
[23.770s] -- Installing: /home/Gery/ME597_Lab/Lab4/ws1/install/cv_bridge/share/cv_bridge/cmake/export_cv_bridgeExport-noconfig.cmake
[23.770s] -- Installing: /home/Gery/ME597_Lab/Lab4/ws1/install/cv_bridge/share/cv_bridge/cmake/cv_bridge-extras.cmake
[23.771s] -- Installing: /home/Gery/ME597_Lab/Lab4/ws1/install/cv_bridge/share/cv_bridge/cmake/ament_cmake_export_dependencies-extras.cmake
[23.771s] -- Installing: /home/Gery/ME597_Lab/Lab4/ws1/install/cv_bridge/share/cv_bridge/cmake/ament_cmake_export_targets-extras.cmake
[23.771s] -- Installing: /home/Gery/ME597_Lab/Lab4/ws1/install/cv_bridge/share/cv_bridge/cmake/cv_bridgeConfig.cmake
[23.771s] -- Installing: /home/Gery/ME597_Lab/Lab4/ws1/install/cv_bridge/share/cv_bridge/cmake/cv_bridgeConfig-version.cmake
[23.771s] -- Installing: /home/Gery/ME597_Lab/Lab4/ws1/install/cv_bridge/share/cv_bridge/package.xml
[23.774s] Invoked command in '/home/Gery/ME597_Lab/Lab4/ws1/build/cv_bridge' returned '0': CMAKE_PREFIX_PATH=/opt/ros/humble /usr/bin/cmake --install /home/Gery/ME597_Lab/Lab4/ws1/build/cv_bridge
