[2.017s] Invoking command in '/home/Gery/ME597_Lab/Lab3/ws1/build/task_4': PYTHONPATH=/home/Gery/ME597_Lab/Lab3/ws1/build/task_4/prefix_override:/usr/lib/python3/dist-packages/colcon_core/task/python/colcon_distutils_commands:/home/Gery/ME597_Lab/Lab3/ws1/install/task_4/lib/python3.10/site-packages:${PYTHONPATH} /usr/bin/python3 -W ignore:setup.py install is deprecated setup.py develop --editable --build-directory /home/Gery/ME597_Lab/Lab3/ws1/build/task_4/build --no-deps symlink_data
[2.852s] running develop
[2.856s] /usr/lib/python3/dist-packages/setuptools/command/easy_install.py:158: EasyInstallDeprecationWarning: easy_install command is deprecated. Use build and pip and other standards-based tools.
[2.856s]   warnings.warn(
[3.260s] running egg_info
[3.265s] writing task_4.egg-info/PKG-INFO
[3.271s] writing dependency_links to task_4.egg-info/dependency_links.txt
[3.271s] writing entry points to task_4.egg-info/entry_points.txt
[3.271s] writing requirements to task_4.egg-info/requires.txt
[3.271s] writing top-level names to task_4.egg-info/top_level.txt
[3.271s] reading manifest file 'task_4.egg-info/SOURCES.txt'
[3.271s] writing manifest file 'task_4.egg-info/SOURCES.txt'
[3.271s] running build_ext
[3.271s] Creating /home/Gery/ME597_Lab/Lab3/ws1/install/task_4/lib/python3.10/site-packages/task-4.egg-link (link to .)
[3.271s] Installing auto_navigator script to /home/Gery/ME597_Lab/Lab3/ws1/install/task_4/lib/task_4
[3.271s] Installing auto_navigator2 script to /home/Gery/ME597_Lab/Lab3/ws1/install/task_4/lib/task_4
[3.271s] 
[3.271s] Installed /home/Gery/ME597_Lab/Lab3/ws1/build/task_4
[3.272s] running symlink_data
[3.343s] Invoked command in '/home/Gery/ME597_Lab/Lab3/ws1/build/task_4' returned '0': PYTHONPATH=/home/Gery/ME597_Lab/Lab3/ws1/build/task_4/prefix_override:/usr/lib/python3/dist-packages/colcon_core/task/python/colcon_distutils_commands:/home/Gery/ME597_Lab/Lab3/ws1/install/task_4/lib/python3.10/site-packages:${PYTHONPATH} /usr/bin/python3 -W ignore:setup.py install is deprecated setup.py develop --editable --build-directory /home/Gery/ME597_Lab/Lab3/ws1/build/task_4/build --no-deps symlink_data
