[0.562s] Invoking command in '/home/me597/me597/Lab1/ws1/build/tutorial_interfaces': CMAKE_PREFIX_PATH=${CMAKE_PREFIX_PATH}:/home/me597/me597/Lab1/ws1/install/task_2:/home/me597/me597/Lab1/ws1/install/task_1:/opt/ros/humble /usr/bin/cmake /home/me597/me597/Lab1/ws1/src/tutorial_interfaces -DAMENT_CMAKE_SYMLINK_INSTALL=1 -DCMAKE_INSTALL_PREFIX=/home/me597/me597/Lab1/ws1/install/tutorial_interfaces
[0.733s] -- The C compiler identification is GNU 11.4.0
[0.967s] -- The CXX compiler identification is GNU 11.4.0
[0.977s] -- Detecting C compiler ABI info
[1.171s] -- Detecting C compiler ABI info - done
[1.184s] -- Check for working C compiler: /usr/bin/cc - skipped
[1.185s] -- Detecting C compile features
[1.186s] -- Detecting C compile features - done
[1.195s] -- Detecting CXX compiler ABI info
[1.478s] -- Detecting CXX compiler ABI info - done
[1.500s] -- Check for working CXX compiler: /usr/bin/c++ - skipped
[1.501s] -- Detecting CXX compile features
[1.501s] -- Detecting CXX compile features - done
[1.515s] -- Found ament_cmake: 1.3.10 (/opt/ros/humble/share/ament_cmake/cmake)
[1.890s] -- Found Python3: /usr/bin/python3 (found version "3.10.12") found components: Interpreter 
[2.036s] -- Override CMake install command with custom implementation using symlinks instead of copying resources
[2.096s] -- Found ament_lint_auto: 0.12.11 (/opt/ros/humble/share/ament_lint_auto/cmake)
[2.307s] -- Found geometry_msgs: 4.2.4 (/opt/ros/humble/share/geometry_msgs/cmake)
[2.385s] -- Found rosidl_generator_c: 3.1.5 (/opt/ros/humble/share/rosidl_generator_c/cmake)
[2.389s] -- Found rosidl_adapter: 3.1.5 (/opt/ros/humble/share/rosidl_adapter/cmake)
[2.405s] -- Found rosidl_generator_cpp: 3.1.5 (/opt/ros/humble/share/rosidl_generator_cpp/cmake)
[2.430s] -- Using all available rosidl_typesupport_c: rosidl_typesupport_fastrtps_c;rosidl_typesupport_introspection_c
[2.472s] -- Using all available rosidl_typesupport_cpp: rosidl_typesupport_fastrtps_cpp;rosidl_typesupport_introspection_cpp
[2.545s] -- Found rosidl_default_generators: 1.2.0 (/opt/ros/humble/share/rosidl_default_generators/cmake)
[3.071s] -- Found ament_cmake_ros: 0.10.0 (/opt/ros/humble/share/ament_cmake_ros/cmake)
[3.966s] -- Using all available rosidl_typesupport_c: rosidl_typesupport_fastrtps_c;rosidl_typesupport_introspection_c
[4.476s] -- Using all available rosidl_typesupport_cpp: rosidl_typesupport_fastrtps_cpp;rosidl_typesupport_introspection_cpp
[4.582s] -- Found PythonInterp: /usr/bin/python3 (found suitable version "3.10.12", minimum required is "3.6") 
[4.595s] -- Found python_cmake_module: 0.10.0 (/opt/ros/humble/share/python_cmake_module/cmake)
[4.688s] -- Found PythonLibs: /usr/lib/x86_64-linux-gnu/libpython3.10.so (found suitable version "3.10.12", minimum required is "3.5") 
[4.693s] -- Using PYTHON_EXECUTABLE: /usr/bin/python3
[4.693s] -- Using PYTHON_INCLUDE_DIRS: /usr/include/python3.10
[4.693s] -- Using PYTHON_LIBRARIES: /usr/lib/x86_64-linux-gnu/libpython3.10.so
[4.809s] -- Found PythonExtra: .so  
[5.059s] -- Added test 'lint_cmake' to check CMake code style
[5.070s] -- Added test 'xmllint' to check XML markup files
[5.102s] -- Configuring done
[5.286s] -- Generating done
[5.297s] -- Build files have been written to: /home/me597/me597/Lab1/ws1/build/tutorial_interfaces
[5.335s] Invoked command in '/home/me597/me597/Lab1/ws1/build/tutorial_interfaces' returned '0': CMAKE_PREFIX_PATH=${CMAKE_PREFIX_PATH}:/home/me597/me597/Lab1/ws1/install/task_2:/home/me597/me597/Lab1/ws1/install/task_1:/opt/ros/humble /usr/bin/cmake /home/me597/me597/Lab1/ws1/src/tutorial_interfaces -DAMENT_CMAKE_SYMLINK_INSTALL=1 -DCMAKE_INSTALL_PREFIX=/home/me597/me597/Lab1/ws1/install/tutorial_interfaces
[5.336s] Invoking command in '/home/me597/me597/Lab1/ws1/build/tutorial_interfaces': CMAKE_PREFIX_PATH=${CMAKE_PREFIX_PATH}:/home/me597/me597/Lab1/ws1/install/task_2:/home/me597/me597/Lab1/ws1/install/task_1:/opt/ros/humble /usr/bin/cmake --build /home/me597/me597/Lab1/ws1/build/tutorial_interfaces -- -j4 -l4
[5.448s] [  2%] [34m[1mGenerating C code for ROS interfaces[0m
[5.505s] [  4%] [34m[1mGenerating C++ code for ROS interfaces[0m
[5.544s] [  4%] Built target ament_cmake_python_symlink_tutorial_interfaces
[6.154s] running egg_info
[6.157s] creating tutorial_interfaces.egg-info
[6.157s] writing tutorial_interfaces.egg-info/PKG-INFO
[6.158s] writing dependency_links to tutorial_interfaces.egg-info/dependency_links.txt
[6.159s] writing top-level names to tutorial_interfaces.egg-info/top_level.txt
[6.160s] writing manifest file 'tutorial_interfaces.egg-info/SOURCES.txt'
[6.162s] reading manifest file 'tutorial_interfaces.egg-info/SOURCES.txt'
[6.162s] writing manifest file 'tutorial_interfaces.egg-info/SOURCES.txt'
[6.237s] [  4%] Built target ament_cmake_python_build_tutorial_interfaces_egg
[6.456s] [  4%] Built target tutorial_interfaces__cpp
[6.502s] [  6%] [34m[1mGenerating C++ type support dispatch for ROS interfaces[0m
[6.504s] [  8%] [34m[1mGenerating C++ type support for eProsima Fast-RTPS[0m
[6.513s] [ 10%] [34m[1mGenerating C++ introspection for ROS interfaces[0m
[6.976s] [ 12%] [32mBuilding C object CMakeFiles/tutorial_interfaces__rosidl_generator_c.dir/rosidl_generator_c/tutorial_interfaces/msg/detail/num__functions.c.o[0m
[7.125s] [ 14%] [32mBuilding C object CMakeFiles/tutorial_interfaces__rosidl_generator_c.dir/rosidl_generator_c/tutorial_interfaces/msg/detail/sphere__functions.c.o[0m
[7.299s] [ 17%] [32mBuilding C object CMakeFiles/tutorial_interfaces__rosidl_generator_c.dir/rosidl_generator_c/tutorial_interfaces/srv/detail/add_three_ints__functions.c.o[0m
[7.315s] [ 19%] [32mBuilding CXX object CMakeFiles/tutorial_interfaces__rosidl_typesupport_cpp.dir/rosidl_typesupport_cpp/tutorial_interfaces/msg/num__type_support.cpp.o[0m
[7.506s] [ 21%] [32m[1mLinking C shared library libtutorial_interfaces__rosidl_generator_c.so[0m
[7.597s] [ 23%] [32mBuilding CXX object CMakeFiles/tutorial_interfaces__rosidl_typesupport_introspection_cpp.dir/rosidl_typesupport_introspection_cpp/tutorial_interfaces/msg/detail/num__type_support.cpp.o[0m
[7.647s] [ 23%] Built target tutorial_interfaces__rosidl_generator_c
[7.677s] [ 25%] [32mBuilding CXX object CMakeFiles/tutorial_interfaces__rosidl_typesupport_introspection_cpp.dir/rosidl_typesupport_introspection_cpp/tutorial_interfaces/msg/detail/sphere__type_support.cpp.o[0m
[7.830s] [ 27%] [32mBuilding CXX object CMakeFiles/tutorial_interfaces__rosidl_typesupport_fastrtps_cpp.dir/rosidl_typesupport_fastrtps_cpp/tutorial_interfaces/msg/detail/dds_fastrtps/num__type_support.cpp.o[0m
[8.390s] [ 29%] [32mBuilding CXX object CMakeFiles/tutorial_interfaces__rosidl_typesupport_cpp.dir/rosidl_typesupport_cpp/tutorial_interfaces/msg/sphere__type_support.cpp.o[0m
[8.695s] [ 31%] [32mBuilding CXX object CMakeFiles/tutorial_interfaces__rosidl_typesupport_introspection_cpp.dir/rosidl_typesupport_introspection_cpp/tutorial_interfaces/srv/detail/add_three_ints__type_support.cpp.o[0m
[8.951s] [ 34%] [32mBuilding CXX object CMakeFiles/tutorial_interfaces__rosidl_typesupport_fastrtps_cpp.dir/rosidl_typesupport_fastrtps_cpp/tutorial_interfaces/msg/detail/dds_fastrtps/sphere__type_support.cpp.o[0m
[9.042s] [ 36%] [34m[1mGenerating C type support for eProsima Fast-RTPS[0m
[9.092s] [ 38%] [32mBuilding CXX object CMakeFiles/tutorial_interfaces__rosidl_typesupport_cpp.dir/rosidl_typesupport_cpp/tutorial_interfaces/srv/add_three_ints__type_support.cpp.o[0m
[9.840s] [ 40%] [32m[1mLinking CXX shared library libtutorial_interfaces__rosidl_typesupport_cpp.so[0m
[9.930s] [ 40%] Built target tutorial_interfaces__rosidl_typesupport_cpp
[9.971s] [ 42%] [32m[1mLinking CXX shared library libtutorial_interfaces__rosidl_typesupport_introspection_cpp.so[0m
[9.972s] [ 44%] [34m[1mGenerating C introspection for ROS interfaces[0m
[10.070s] [ 46%] [32mBuilding CXX object CMakeFiles/tutorial_interfaces__rosidl_typesupport_fastrtps_c.dir/rosidl_typesupport_fastrtps_c/tutorial_interfaces/msg/detail/num__type_support_c.cpp.o[0m
[10.097s] [ 46%] Built target tutorial_interfaces__rosidl_typesupport_introspection_cpp
[10.121s] [ 48%] [32mBuilding CXX object CMakeFiles/tutorial_interfaces__rosidl_typesupport_fastrtps_cpp.dir/rosidl_typesupport_fastrtps_cpp/tutorial_interfaces/srv/detail/dds_fastrtps/add_three_ints__type_support.cpp.o[0m
[10.135s] [ 51%] [34m[1mGenerating C type support dispatch for ROS interfaces[0m
[10.582s] [ 53%] [32mBuilding CXX object CMakeFiles/tutorial_interfaces__rosidl_typesupport_c.dir/rosidl_typesupport_c/tutorial_interfaces/msg/num__type_support.cpp.o[0m
[10.636s] [ 55%] [32mBuilding CXX object CMakeFiles/tutorial_interfaces__rosidl_typesupport_c.dir/rosidl_typesupport_c/tutorial_interfaces/msg/sphere__type_support.cpp.o[0m
[10.703s] [ 57%] [32mBuilding CXX object CMakeFiles/tutorial_interfaces__rosidl_typesupport_c.dir/rosidl_typesupport_c/tutorial_interfaces/srv/add_three_ints__type_support.cpp.o[0m
[10.713s] [ 59%] [32mBuilding C object CMakeFiles/tutorial_interfaces__rosidl_typesupport_introspection_c.dir/rosidl_typesupport_introspection_c/tutorial_interfaces/msg/detail/num__type_support.c.o[0m
[10.762s] [ 61%] [32mBuilding CXX object CMakeFiles/tutorial_interfaces__rosidl_typesupport_fastrtps_c.dir/rosidl_typesupport_fastrtps_c/tutorial_interfaces/msg/detail/sphere__type_support_c.cpp.o[0m
[10.772s] [ 63%] [32m[1mLinking CXX shared library libtutorial_interfaces__rosidl_typesupport_c.so[0m
[10.815s] [ 65%] [32mBuilding C object CMakeFiles/tutorial_interfaces__rosidl_typesupport_introspection_c.dir/rosidl_typesupport_introspection_c/tutorial_interfaces/msg/detail/sphere__type_support.c.o[0m
[10.842s] [ 68%] [32m[1mLinking CXX shared library libtutorial_interfaces__rosidl_typesupport_fastrtps_cpp.so[0m
[10.873s] [ 68%] Built target tutorial_interfaces__rosidl_typesupport_c
[10.889s] [ 70%] [32mBuilding C object CMakeFiles/tutorial_interfaces__rosidl_typesupport_introspection_c.dir/rosidl_typesupport_introspection_c/tutorial_interfaces/srv/detail/add_three_ints__type_support.c.o[0m
[10.901s] [ 72%] [32mBuilding CXX object CMakeFiles/tutorial_interfaces__rosidl_typesupport_fastrtps_c.dir/rosidl_typesupport_fastrtps_c/tutorial_interfaces/srv/detail/add_three_ints__type_support_c.cpp.o[0m
[10.976s] [ 74%] [32m[1mLinking C shared library libtutorial_interfaces__rosidl_typesupport_introspection_c.so[0m
[11.008s] [ 74%] Built target tutorial_interfaces__rosidl_typesupport_fastrtps_cpp
[11.064s] [ 74%] Built target tutorial_interfaces__rosidl_typesupport_introspection_c
[11.420s] [ 76%] [32m[1mLinking CXX shared library libtutorial_interfaces__rosidl_typesupport_fastrtps_c.so[0m
[11.562s] [ 76%] Built target tutorial_interfaces__rosidl_typesupport_fastrtps_c
[11.598s] [ 76%] Built target tutorial_interfaces
[11.639s] [ 78%] [34m[1mGenerating Python code for ROS interfaces[0m
[12.314s] [ 78%] Built target tutorial_interfaces__py
[12.352s] [ 82%] [32mBuilding C object CMakeFiles/tutorial_interfaces__rosidl_generator_py.dir/rosidl_generator_py/tutorial_interfaces/msg/_num_s.c.o[0m
[12.352s] [ 82%] [32mBuilding C object CMakeFiles/tutorial_interfaces__rosidl_generator_py.dir/rosidl_generator_py/tutorial_interfaces/msg/_sphere_s.c.o[0m
[12.358s] [ 85%] [32mBuilding C object CMakeFiles/tutorial_interfaces__rosidl_generator_py.dir/rosidl_generator_py/tutorial_interfaces/srv/_add_three_ints_s.c.o[0m
[12.532s] [ 87%] [32m[1mLinking C shared library rosidl_generator_py/tutorial_interfaces/libtutorial_interfaces__rosidl_generator_py.so[0m
[12.599s] [ 87%] Built target tutorial_interfaces__rosidl_generator_py
[12.637s] [ 89%] [32mBuilding C object CMakeFiles/tutorial_interfaces__rosidl_typesupport_fastrtps_c__pyext.dir/rosidl_generator_py/tutorial_interfaces/_tutorial_interfaces_s.ep.rosidl_typesupport_fastrtps_c.c.o[0m
[12.637s] [ 91%] [32mBuilding C object CMakeFiles/tutorial_interfaces__rosidl_typesupport_introspection_c__pyext.dir/rosidl_generator_py/tutorial_interfaces/_tutorial_interfaces_s.ep.rosidl_typesupport_introspection_c.c.o[0m
[12.659s] [ 93%] [32mBuilding C object CMakeFiles/tutorial_interfaces__rosidl_typesupport_c__pyext.dir/rosidl_generator_py/tutorial_interfaces/_tutorial_interfaces_s.ep.rosidl_typesupport_c.c.o[0m
[12.789s] [ 95%] [32m[1mLinking C shared library rosidl_generator_py/tutorial_interfaces/tutorial_interfaces_s__rosidl_typesupport_fastrtps_c.cpython-310-x86_64-linux-gnu.so[0m
[12.799s] [ 97%] [32m[1mLinking C shared library rosidl_generator_py/tutorial_interfaces/tutorial_interfaces_s__rosidl_typesupport_introspection_c.cpython-310-x86_64-linux-gnu.so[0m
[12.839s] [100%] [32m[1mLinking C shared library rosidl_generator_py/tutorial_interfaces/tutorial_interfaces_s__rosidl_typesupport_c.cpython-310-x86_64-linux-gnu.so[0m
[12.869s] [100%] Built target tutorial_interfaces__rosidl_typesupport_fastrtps_c__pyext
[12.887s] [100%] Built target tutorial_interfaces__rosidl_typesupport_introspection_c__pyext
[12.910s] [100%] Built target tutorial_interfaces__rosidl_typesupport_c__pyext
[12.929s] Invoked command in '/home/me597/me597/Lab1/ws1/build/tutorial_interfaces' returned '0': CMAKE_PREFIX_PATH=${CMAKE_PREFIX_PATH}:/home/me597/me597/Lab1/ws1/install/task_2:/home/me597/me597/Lab1/ws1/install/task_1:/opt/ros/humble /usr/bin/cmake --build /home/me597/me597/Lab1/ws1/build/tutorial_interfaces -- -j4 -l4
[13.200s] Invoking command in '/home/me597/me597/Lab1/ws1/build/tutorial_interfaces': CMAKE_PREFIX_PATH=${CMAKE_PREFIX_PATH}:/home/me597/me597/Lab1/ws1/install/task_2:/home/me597/me597/Lab1/ws1/install/task_1:/opt/ros/humble /usr/bin/cmake --install /home/me597/me597/Lab1/ws1/build/tutorial_interfaces
[13.215s] -- Install configuration: ""
[13.216s] -- Execute custom install script
[13.216s] -- Symlinking: /home/me597/me597/Lab1/ws1/install/tutorial_interfaces/share/ament_index/resource_index/rosidl_interfaces/tutorial_interfaces
[13.234s] -- Symlinking: /home/me597/me597/Lab1/ws1/install/tutorial_interfaces/include/tutorial_interfaces/tutorial_interfaces/msg/detail/num__functions.h
[13.255s] -- Symlinking: /home/me597/me597/Lab1/ws1/install/tutorial_interfaces/include/tutorial_interfaces/tutorial_interfaces/msg/detail/num__struct.h
[13.273s] -- Symlinking: /home/me597/me597/Lab1/ws1/install/tutorial_interfaces/include/tutorial_interfaces/tutorial_interfaces/msg/detail/num__type_support.h
[13.287s] -- Symlinking: /home/me597/me597/Lab1/ws1/install/tutorial_interfaces/include/tutorial_interfaces/tutorial_interfaces/msg/detail/sphere__functions.h
[13.299s] -- Symlinking: /home/me597/me597/Lab1/ws1/install/tutorial_interfaces/include/tutorial_interfaces/tutorial_interfaces/msg/detail/sphere__struct.h
[13.311s] -- Symlinking: /home/me597/me597/Lab1/ws1/install/tutorial_interfaces/include/tutorial_interfaces/tutorial_interfaces/msg/detail/sphere__type_support.h
[13.324s] -- Symlinking: /home/me597/me597/Lab1/ws1/install/tutorial_interfaces/include/tutorial_interfaces/tutorial_interfaces/msg/num.h
[13.337s] -- Symlinking: /home/me597/me597/Lab1/ws1/install/tutorial_interfaces/include/tutorial_interfaces/tutorial_interfaces/msg/rosidl_generator_c__visibility_control.h
[13.352s] -- Symlinking: /home/me597/me597/Lab1/ws1/install/tutorial_interfaces/include/tutorial_interfaces/tutorial_interfaces/msg/sphere.h
[13.366s] -- Symlinking: /home/me597/me597/Lab1/ws1/install/tutorial_interfaces/include/tutorial_interfaces/tutorial_interfaces/srv/add_three_ints.h
[13.381s] -- Symlinking: /home/me597/me597/Lab1/ws1/install/tutorial_interfaces/include/tutorial_interfaces/tutorial_interfaces/srv/detail/add_three_ints__functions.h
[13.394s] -- Symlinking: /home/me597/me597/Lab1/ws1/install/tutorial_interfaces/include/tutorial_interfaces/tutorial_interfaces/srv/detail/add_three_ints__struct.h
[13.409s] -- Symlinking: /home/me597/me597/Lab1/ws1/install/tutorial_interfaces/include/tutorial_interfaces/tutorial_interfaces/srv/detail/add_three_ints__type_support.h
[13.422s] -- Symlinking: /home/me597/me597/Lab1/ws1/install/tutorial_interfaces/share/tutorial_interfaces/environment/library_path.sh
[13.436s] -- Symlinking: /home/me597/me597/Lab1/ws1/install/tutorial_interfaces/share/tutorial_interfaces/environment/library_path.dsv
[13.450s] -- Symlinking: /home/me597/me597/Lab1/ws1/install/tutorial_interfaces/include/tutorial_interfaces/tutorial_interfaces/msg/detail/num__rosidl_typesupport_fastrtps_c.h
[13.467s] -- Symlinking: /home/me597/me597/Lab1/ws1/install/tutorial_interfaces/include/tutorial_interfaces/tutorial_interfaces/msg/detail/sphere__rosidl_typesupport_fastrtps_c.h
[13.480s] -- Symlinking: /home/me597/me597/Lab1/ws1/install/tutorial_interfaces/include/tutorial_interfaces/tutorial_interfaces/msg/rosidl_typesupport_fastrtps_c__visibility_control.h
[13.493s] -- Symlinking: /home/me597/me597/Lab1/ws1/install/tutorial_interfaces/include/tutorial_interfaces/tutorial_interfaces/srv/detail/add_three_ints__rosidl_typesupport_fastrtps_c.h
[13.508s] -- Symlinking: /home/me597/me597/Lab1/ws1/install/tutorial_interfaces/include/tutorial_interfaces/tutorial_interfaces/msg/detail/num__builder.hpp
[13.520s] -- Symlinking: /home/me597/me597/Lab1/ws1/install/tutorial_interfaces/include/tutorial_interfaces/tutorial_interfaces/msg/detail/num__struct.hpp
[13.532s] -- Symlinking: /home/me597/me597/Lab1/ws1/install/tutorial_interfaces/include/tutorial_interfaces/tutorial_interfaces/msg/detail/num__traits.hpp
[13.546s] -- Symlinking: /home/me597/me597/Lab1/ws1/install/tutorial_interfaces/include/tutorial_interfaces/tutorial_interfaces/msg/detail/sphere__builder.hpp
[13.567s] -- Symlinking: /home/me597/me597/Lab1/ws1/install/tutorial_interfaces/include/tutorial_interfaces/tutorial_interfaces/msg/detail/sphere__struct.hpp
[13.582s] -- Symlinking: /home/me597/me597/Lab1/ws1/install/tutorial_interfaces/include/tutorial_interfaces/tutorial_interfaces/msg/detail/sphere__traits.hpp
[13.601s] -- Symlinking: /home/me597/me597/Lab1/ws1/install/tutorial_interfaces/include/tutorial_interfaces/tutorial_interfaces/msg/num.hpp
[13.617s] -- Symlinking: /home/me597/me597/Lab1/ws1/install/tutorial_interfaces/include/tutorial_interfaces/tutorial_interfaces/msg/sphere.hpp
[13.634s] -- Symlinking: /home/me597/me597/Lab1/ws1/install/tutorial_interfaces/include/tutorial_interfaces/tutorial_interfaces/srv/add_three_ints.hpp
[13.652s] -- Symlinking: /home/me597/me597/Lab1/ws1/install/tutorial_interfaces/include/tutorial_interfaces/tutorial_interfaces/srv/detail/add_three_ints__builder.hpp
[13.666s] -- Symlinking: /home/me597/me597/Lab1/ws1/install/tutorial_interfaces/include/tutorial_interfaces/tutorial_interfaces/srv/detail/add_three_ints__struct.hpp
[13.680s] -- Symlinking: /home/me597/me597/Lab1/ws1/install/tutorial_interfaces/include/tutorial_interfaces/tutorial_interfaces/srv/detail/add_three_ints__traits.hpp
[13.694s] -- Symlinking: /home/me597/me597/Lab1/ws1/install/tutorial_interfaces/include/tutorial_interfaces/tutorial_interfaces/msg/detail/num__rosidl_typesupport_fastrtps_cpp.hpp
[13.708s] -- Symlinking: /home/me597/me597/Lab1/ws1/install/tutorial_interfaces/include/tutorial_interfaces/tutorial_interfaces/msg/detail/sphere__rosidl_typesupport_fastrtps_cpp.hpp
[13.720s] -- Symlinking: /home/me597/me597/Lab1/ws1/install/tutorial_interfaces/include/tutorial_interfaces/tutorial_interfaces/msg/rosidl_typesupport_fastrtps_cpp__visibility_control.h
[13.738s] -- Symlinking: /home/me597/me597/Lab1/ws1/install/tutorial_interfaces/include/tutorial_interfaces/tutorial_interfaces/srv/detail/add_three_ints__rosidl_typesupport_fastrtps_cpp.hpp
[13.755s] -- Symlinking: /home/me597/me597/Lab1/ws1/install/tutorial_interfaces/include/tutorial_interfaces/tutorial_interfaces/msg/detail/num__rosidl_typesupport_introspection_c.h
[13.771s] -- Symlinking: /home/me597/me597/Lab1/ws1/install/tutorial_interfaces/include/tutorial_interfaces/tutorial_interfaces/msg/detail/sphere__rosidl_typesupport_introspection_c.h
[13.787s] -- Symlinking: /home/me597/me597/Lab1/ws1/install/tutorial_interfaces/include/tutorial_interfaces/tutorial_interfaces/msg/rosidl_typesupport_introspection_c__visibility_control.h
[13.798s] -- Symlinking: /home/me597/me597/Lab1/ws1/install/tutorial_interfaces/include/tutorial_interfaces/tutorial_interfaces/srv/detail/add_three_ints__rosidl_typesupport_introspection_c.h
[13.811s] -- Symlinking: /home/me597/me597/Lab1/ws1/install/tutorial_interfaces/include/tutorial_interfaces/tutorial_interfaces/msg/detail/num__rosidl_typesupport_introspection_cpp.hpp
[13.828s] -- Symlinking: /home/me597/me597/Lab1/ws1/install/tutorial_interfaces/include/tutorial_interfaces/tutorial_interfaces/msg/detail/sphere__rosidl_typesupport_introspection_cpp.hpp
[13.841s] -- Symlinking: /home/me597/me597/Lab1/ws1/install/tutorial_interfaces/include/tutorial_interfaces/tutorial_interfaces/srv/detail/add_three_ints__rosidl_typesupport_introspection_cpp.hpp
[13.855s] -- Symlinking: /home/me597/me597/Lab1/ws1/install/tutorial_interfaces/share/tutorial_interfaces/environment/pythonpath.sh
[13.871s] -- Symlinking: /home/me597/me597/Lab1/ws1/install/tutorial_interfaces/share/tutorial_interfaces/environment/pythonpath.dsv
[13.889s] -- Symlinking: /home/me597/me597/Lab1/ws1/install/tutorial_interfaces/local/lib/python3.10/dist-packages/tutorial_interfaces-0.0.0-py3.10.egg-info/PKG-INFO
[13.901s] -- Symlinking: /home/me597/me597/Lab1/ws1/install/tutorial_interfaces/local/lib/python3.10/dist-packages/tutorial_interfaces-0.0.0-py3.10.egg-info/SOURCES.txt
[13.914s] -- Symlinking: /home/me597/me597/Lab1/ws1/install/tutorial_interfaces/local/lib/python3.10/dist-packages/tutorial_interfaces-0.0.0-py3.10.egg-info/dependency_links.txt
[13.927s] -- Symlinking: /home/me597/me597/Lab1/ws1/install/tutorial_interfaces/local/lib/python3.10/dist-packages/tutorial_interfaces-0.0.0-py3.10.egg-info/top_level.txt
[13.942s] -- Symlinking: /home/me597/me597/Lab1/ws1/install/tutorial_interfaces/local/lib/python3.10/dist-packages/tutorial_interfaces/__init__.py
[13.955s] -- Symlinking: /home/me597/me597/Lab1/ws1/install/tutorial_interfaces/local/lib/python3.10/dist-packages/tutorial_interfaces/_tutorial_interfaces_s.ep.rosidl_typesupport_c.c
[13.970s] -- Symlinking: /home/me597/me597/Lab1/ws1/install/tutorial_interfaces/local/lib/python3.10/dist-packages/tutorial_interfaces/_tutorial_interfaces_s.ep.rosidl_typesupport_fastrtps_c.c
[13.984s] -- Symlinking: /home/me597/me597/Lab1/ws1/install/tutorial_interfaces/local/lib/python3.10/dist-packages/tutorial_interfaces/_tutorial_interfaces_s.ep.rosidl_typesupport_introspection_c.c
[13.998s] -- Symlinking: /home/me597/me597/Lab1/ws1/install/tutorial_interfaces/local/lib/python3.10/dist-packages/tutorial_interfaces/libtutorial_interfaces__rosidl_generator_py.so
[14.011s] -- Symlinking: /home/me597/me597/Lab1/ws1/install/tutorial_interfaces/local/lib/python3.10/dist-packages/tutorial_interfaces/msg/__init__.py
[14.024s] -- Symlinking: /home/me597/me597/Lab1/ws1/install/tutorial_interfaces/local/lib/python3.10/dist-packages/tutorial_interfaces/msg/_num.py
[14.038s] -- Symlinking: /home/me597/me597/Lab1/ws1/install/tutorial_interfaces/local/lib/python3.10/dist-packages/tutorial_interfaces/msg/_num_s.c
[14.065s] -- Symlinking: /home/me597/me597/Lab1/ws1/install/tutorial_interfaces/local/lib/python3.10/dist-packages/tutorial_interfaces/msg/_sphere.py
[14.097s] -- Symlinking: /home/me597/me597/Lab1/ws1/install/tutorial_interfaces/local/lib/python3.10/dist-packages/tutorial_interfaces/msg/_sphere_s.c
[14.119s] -- Symlinking: /home/me597/me597/Lab1/ws1/install/tutorial_interfaces/local/lib/python3.10/dist-packages/tutorial_interfaces/srv/__init__.py
[14.138s] -- Symlinking: /home/me597/me597/Lab1/ws1/install/tutorial_interfaces/local/lib/python3.10/dist-packages/tutorial_interfaces/srv/_add_three_ints.py
[14.165s] -- Symlinking: /home/me597/me597/Lab1/ws1/install/tutorial_interfaces/local/lib/python3.10/dist-packages/tutorial_interfaces/srv/_add_three_ints_s.c
[14.199s] -- Symlinking: /home/me597/me597/Lab1/ws1/install/tutorial_interfaces/local/lib/python3.10/dist-packages/tutorial_interfaces/tutorial_interfaces_s__rosidl_typesupport_c.cpython-310-x86_64-linux-gnu.so
[14.231s] -- Symlinking: /home/me597/me597/Lab1/ws1/install/tutorial_interfaces/local/lib/python3.10/dist-packages/tutorial_interfaces/tutorial_interfaces_s__rosidl_typesupport_fastrtps_c.cpython-310-x86_64-linux-gnu.so
[14.272s] -- Symlinking: /home/me597/me597/Lab1/ws1/install/tutorial_interfaces/local/lib/python3.10/dist-packages/tutorial_interfaces/tutorial_interfaces_s__rosidl_typesupport_introspection_c.cpython-310-x86_64-linux-gnu.so
[14.300s] -- Up-to-date symlink: /home/me597/me597/Lab1/ws1/install/tutorial_interfaces/local/lib/python3.10/dist-packages/tutorial_interfaces/tutorial_interfaces_s__rosidl_typesupport_fastrtps_c.cpython-310-x86_64-linux-gnu.so
[14.304s] -- Up-to-date symlink: /home/me597/me597/Lab1/ws1/install/tutorial_interfaces/local/lib/python3.10/dist-packages/tutorial_interfaces/tutorial_interfaces_s__rosidl_typesupport_introspection_c.cpython-310-x86_64-linux-gnu.so
[14.304s] -- Up-to-date symlink: /home/me597/me597/Lab1/ws1/install/tutorial_interfaces/local/lib/python3.10/dist-packages/tutorial_interfaces/tutorial_interfaces_s__rosidl_typesupport_c.cpython-310-x86_64-linux-gnu.so
[14.306s] -- Symlinking: /home/me597/me597/Lab1/ws1/install/tutorial_interfaces/share/tutorial_interfaces/msg/Num.idl
[14.332s] -- Symlinking: /home/me597/me597/Lab1/ws1/install/tutorial_interfaces/share/tutorial_interfaces/msg/Sphere.idl
[14.352s] -- Symlinking: /home/me597/me597/Lab1/ws1/install/tutorial_interfaces/share/tutorial_interfaces/srv/AddThreeInts.idl
[14.366s] -- Symlinking: /home/me597/me597/Lab1/ws1/install/tutorial_interfaces/share/tutorial_interfaces/msg/Num.msg
[14.381s] -- Symlinking: /home/me597/me597/Lab1/ws1/install/tutorial_interfaces/share/tutorial_interfaces/msg/Sphere.msg
[14.395s] -- Symlinking: /home/me597/me597/Lab1/ws1/install/tutorial_interfaces/share/tutorial_interfaces/srv/AddThreeInts.srv
[14.410s] -- Symlinking: /home/me597/me597/Lab1/ws1/install/tutorial_interfaces/share/tutorial_interfaces/srv/AddThreeInts_Request.msg
[14.427s] -- Symlinking: /home/me597/me597/Lab1/ws1/install/tutorial_interfaces/share/tutorial_interfaces/srv/AddThreeInts_Response.msg
[14.443s] -- Symlinking: /home/me597/me597/Lab1/ws1/install/tutorial_interfaces/share/ament_index/resource_index/package_run_dependencies/tutorial_interfaces
[14.458s] -- Symlinking: /home/me597/me597/Lab1/ws1/install/tutorial_interfaces/share/ament_index/resource_index/parent_prefix_path/tutorial_interfaces
[14.474s] -- Symlinking: /home/me597/me597/Lab1/ws1/install/tutorial_interfaces/share/tutorial_interfaces/environment/ament_prefix_path.sh
[14.489s] -- Symlinking: /home/me597/me597/Lab1/ws1/install/tutorial_interfaces/share/tutorial_interfaces/environment/ament_prefix_path.dsv
[14.503s] -- Symlinking: /home/me597/me597/Lab1/ws1/install/tutorial_interfaces/share/tutorial_interfaces/environment/path.sh
[14.516s] -- Symlinking: /home/me597/me597/Lab1/ws1/install/tutorial_interfaces/share/tutorial_interfaces/environment/path.dsv
[14.531s] -- Symlinking: /home/me597/me597/Lab1/ws1/install/tutorial_interfaces/share/tutorial_interfaces/local_setup.bash
[14.553s] -- Symlinking: /home/me597/me597/Lab1/ws1/install/tutorial_interfaces/share/tutorial_interfaces/local_setup.sh
[14.567s] -- Symlinking: /home/me597/me597/Lab1/ws1/install/tutorial_interfaces/share/tutorial_interfaces/local_setup.zsh
[14.581s] -- Symlinking: /home/me597/me597/Lab1/ws1/install/tutorial_interfaces/share/tutorial_interfaces/local_setup.dsv
[14.594s] -- Symlinking: /home/me597/me597/Lab1/ws1/install/tutorial_interfaces/share/tutorial_interfaces/package.dsv
[14.606s] -- Symlinking: /home/me597/me597/Lab1/ws1/install/tutorial_interfaces/share/ament_index/resource_index/packages/tutorial_interfaces
[14.618s] -- Symlinking: /home/me597/me597/Lab1/ws1/install/tutorial_interfaces/share/tutorial_interfaces/cmake/rosidl_cmake-extras.cmake
[14.631s] -- Symlinking: /home/me597/me597/Lab1/ws1/install/tutorial_interfaces/share/tutorial_interfaces/cmake/ament_cmake_export_dependencies-extras.cmake
[14.660s] -- Symlinking: /home/me597/me597/Lab1/ws1/install/tutorial_interfaces/share/tutorial_interfaces/cmake/ament_cmake_export_include_directories-extras.cmake
[14.672s] -- Symlinking: /home/me597/me597/Lab1/ws1/install/tutorial_interfaces/share/tutorial_interfaces/cmake/ament_cmake_export_libraries-extras.cmake
[14.685s] -- Symlinking: /home/me597/me597/Lab1/ws1/install/tutorial_interfaces/share/tutorial_interfaces/cmake/ament_cmake_export_targets-extras.cmake
[14.699s] -- Symlinking: /home/me597/me597/Lab1/ws1/install/tutorial_interfaces/share/tutorial_interfaces/cmake/rosidl_cmake_export_typesupport_targets-extras.cmake
[14.711s] -- Symlinking: /home/me597/me597/Lab1/ws1/install/tutorial_interfaces/share/tutorial_interfaces/cmake/rosidl_cmake_export_typesupport_libraries-extras.cmake
[14.725s] -- Symlinking: /home/me597/me597/Lab1/ws1/install/tutorial_interfaces/share/tutorial_interfaces/cmake/tutorial_interfacesConfig.cmake
[14.738s] -- Symlinking: /home/me597/me597/Lab1/ws1/install/tutorial_interfaces/share/tutorial_interfaces/cmake/tutorial_interfacesConfig-version.cmake
[14.755s] -- Symlinking: /home/me597/me597/Lab1/ws1/install/tutorial_interfaces/share/tutorial_interfaces/package.xml
[14.777s] -- Installing: /home/me597/me597/Lab1/ws1/install/tutorial_interfaces/lib/libtutorial_interfaces__rosidl_generator_c.so
[14.779s] -- Set runtime path of "/home/me597/me597/Lab1/ws1/install/tutorial_interfaces/lib/libtutorial_interfaces__rosidl_generator_c.so" to ""
[14.781s] -- Installing: /home/me597/me597/Lab1/ws1/install/tutorial_interfaces/lib/libtutorial_interfaces__rosidl_typesupport_fastrtps_c.so
[14.781s] -- Set runtime path of "/home/me597/me597/Lab1/ws1/install/tutorial_interfaces/lib/libtutorial_interfaces__rosidl_typesupport_fastrtps_c.so" to ""
[14.781s] -- Installing: /home/me597/me597/Lab1/ws1/install/tutorial_interfaces/lib/libtutorial_interfaces__rosidl_typesupport_fastrtps_cpp.so
[14.788s] -- Set runtime path of "/home/me597/me597/Lab1/ws1/install/tutorial_interfaces/lib/libtutorial_interfaces__rosidl_typesupport_fastrtps_cpp.so" to ""
[14.788s] -- Installing: /home/me597/me597/Lab1/ws1/install/tutorial_interfaces/lib/libtutorial_interfaces__rosidl_typesupport_introspection_c.so
[14.788s] -- Set runtime path of "/home/me597/me597/Lab1/ws1/install/tutorial_interfaces/lib/libtutorial_interfaces__rosidl_typesupport_introspection_c.so" to ""
[14.788s] -- Installing: /home/me597/me597/Lab1/ws1/install/tutorial_interfaces/lib/libtutorial_interfaces__rosidl_typesupport_c.so
[14.788s] -- Set runtime path of "/home/me597/me597/Lab1/ws1/install/tutorial_interfaces/lib/libtutorial_interfaces__rosidl_typesupport_c.so" to ""
[14.788s] -- Installing: /home/me597/me597/Lab1/ws1/install/tutorial_interfaces/lib/libtutorial_interfaces__rosidl_typesupport_introspection_cpp.so
[14.790s] -- Set runtime path of "/home/me597/me597/Lab1/ws1/install/tutorial_interfaces/lib/libtutorial_interfaces__rosidl_typesupport_introspection_cpp.so" to ""
[14.790s] -- Installing: /home/me597/me597/Lab1/ws1/install/tutorial_interfaces/lib/libtutorial_interfaces__rosidl_typesupport_cpp.so
[14.791s] -- Set runtime path of "/home/me597/me597/Lab1/ws1/install/tutorial_interfaces/lib/libtutorial_interfaces__rosidl_typesupport_cpp.so" to ""
[14.850s] Listing '/home/me597/me597/Lab1/ws1/install/tutorial_interfaces/local/lib/python3.10/dist-packages/tutorial_interfaces'...
[14.850s] Compiling '/home/me597/me597/Lab1/ws1/install/tutorial_interfaces/local/lib/python3.10/dist-packages/tutorial_interfaces/__init__.py'...
[14.851s] Listing '/home/me597/me597/Lab1/ws1/install/tutorial_interfaces/local/lib/python3.10/dist-packages/tutorial_interfaces/msg'...
[14.851s] Compiling '/home/me597/me597/Lab1/ws1/install/tutorial_interfaces/local/lib/python3.10/dist-packages/tutorial_interfaces/msg/__init__.py'...
[14.851s] Compiling '/home/me597/me597/Lab1/ws1/install/tutorial_interfaces/local/lib/python3.10/dist-packages/tutorial_interfaces/msg/_num.py'...
[14.851s] Compiling '/home/me597/me597/Lab1/ws1/install/tutorial_interfaces/local/lib/python3.10/dist-packages/tutorial_interfaces/msg/_sphere.py'...
[14.851s] Listing '/home/me597/me597/Lab1/ws1/install/tutorial_interfaces/local/lib/python3.10/dist-packages/tutorial_interfaces/srv'...
[14.851s] Compiling '/home/me597/me597/Lab1/ws1/install/tutorial_interfaces/local/lib/python3.10/dist-packages/tutorial_interfaces/srv/__init__.py'...
[14.854s] Compiling '/home/me597/me597/Lab1/ws1/install/tutorial_interfaces/local/lib/python3.10/dist-packages/tutorial_interfaces/srv/_add_three_ints.py'...
[14.856s] -- Installing: /home/me597/me597/Lab1/ws1/install/tutorial_interfaces/lib/libtutorial_interfaces__rosidl_generator_py.so
[14.856s] -- Set runtime path of "/home/me597/me597/Lab1/ws1/install/tutorial_interfaces/lib/libtutorial_interfaces__rosidl_generator_py.so" to ""
[14.857s] -- Installing: /home/me597/me597/Lab1/ws1/install/tutorial_interfaces/share/tutorial_interfaces/cmake/export_tutorial_interfaces__rosidl_generator_cExport.cmake
[14.858s] -- Installing: /home/me597/me597/Lab1/ws1/install/tutorial_interfaces/share/tutorial_interfaces/cmake/export_tutorial_interfaces__rosidl_generator_cExport-noconfig.cmake
[14.858s] -- Installing: /home/me597/me597/Lab1/ws1/install/tutorial_interfaces/share/tutorial_interfaces/cmake/export_tutorial_interfaces__rosidl_typesupport_fastrtps_cExport.cmake
[14.858s] -- Installing: /home/me597/me597/Lab1/ws1/install/tutorial_interfaces/share/tutorial_interfaces/cmake/export_tutorial_interfaces__rosidl_typesupport_fastrtps_cExport-noconfig.cmake
[14.859s] -- Installing: /home/me597/me597/Lab1/ws1/install/tutorial_interfaces/share/tutorial_interfaces/cmake/export_tutorial_interfaces__rosidl_generator_cppExport.cmake
[14.859s] -- Installing: /home/me597/me597/Lab1/ws1/install/tutorial_interfaces/share/tutorial_interfaces/cmake/export_tutorial_interfaces__rosidl_typesupport_fastrtps_cppExport.cmake
[14.859s] -- Installing: /home/me597/me597/Lab1/ws1/install/tutorial_interfaces/share/tutorial_interfaces/cmake/export_tutorial_interfaces__rosidl_typesupport_fastrtps_cppExport-noconfig.cmake
[14.859s] -- Installing: /home/me597/me597/Lab1/ws1/install/tutorial_interfaces/share/tutorial_interfaces/cmake/tutorial_interfaces__rosidl_typesupport_introspection_cExport.cmake
[14.859s] -- Installing: /home/me597/me597/Lab1/ws1/install/tutorial_interfaces/share/tutorial_interfaces/cmake/tutorial_interfaces__rosidl_typesupport_introspection_cExport-noconfig.cmake
[14.859s] -- Installing: /home/me597/me597/Lab1/ws1/install/tutorial_interfaces/share/tutorial_interfaces/cmake/tutorial_interfaces__rosidl_typesupport_cExport.cmake
[14.862s] -- Installing: /home/me597/me597/Lab1/ws1/install/tutorial_interfaces/share/tutorial_interfaces/cmake/tutorial_interfaces__rosidl_typesupport_cExport-noconfig.cmake
[14.862s] -- Installing: /home/me597/me597/Lab1/ws1/install/tutorial_interfaces/share/tutorial_interfaces/cmake/tutorial_interfaces__rosidl_typesupport_introspection_cppExport.cmake
[14.862s] -- Installing: /home/me597/me597/Lab1/ws1/install/tutorial_interfaces/share/tutorial_interfaces/cmake/tutorial_interfaces__rosidl_typesupport_introspection_cppExport-noconfig.cmake
[14.863s] -- Installing: /home/me597/me597/Lab1/ws1/install/tutorial_interfaces/share/tutorial_interfaces/cmake/tutorial_interfaces__rosidl_typesupport_cppExport.cmake
[14.863s] -- Installing: /home/me597/me597/Lab1/ws1/install/tutorial_interfaces/share/tutorial_interfaces/cmake/tutorial_interfaces__rosidl_typesupport_cppExport-noconfig.cmake
[14.863s] -- Installing: /home/me597/me597/Lab1/ws1/install/tutorial_interfaces/share/tutorial_interfaces/cmake/export_tutorial_interfaces__rosidl_generator_pyExport.cmake
[14.863s] -- Installing: /home/me597/me597/Lab1/ws1/install/tutorial_interfaces/share/tutorial_interfaces/cmake/export_tutorial_interfaces__rosidl_generator_pyExport-noconfig.cmake
[14.865s] Invoked command in '/home/me597/me597/Lab1/ws1/build/tutorial_interfaces' returned '0': CMAKE_PREFIX_PATH=${CMAKE_PREFIX_PATH}:/home/me597/me597/Lab1/ws1/install/task_2:/home/me597/me597/Lab1/ws1/install/task_1:/opt/ros/humble /usr/bin/cmake --install /home/me597/me597/Lab1/ws1/build/tutorial_interfaces
