[0.504s] Invoking command in '/home/Gery/ME597_Lab/Lab3/ws1/build/turtlebot3_gazebo': CMAKE_PREFIX_PATH=/opt/ros/humble /usr/bin/cmake /home/Gery/ME597_Lab/Lab3/ws1/src/sim_ws/src/turtlebot3_gazebo -DAMENT_CMAKE_SYMLINK_INSTALL=1 -DCMAKE_INSTALL_PREFIX=/home/Gery/ME597_Lab/Lab3/ws1/install/turtlebot3_gazebo
[0.702s] -- The C compiler identification is GNU 11.4.0
[0.837s] -- The CXX compiler identification is GNU 11.4.0
[0.853s] -- Detecting C compiler ABI info
[0.964s] -- Detecting C compiler ABI info - done
[0.973s] -- Check for working C compiler: /usr/bin/cc - skipped
[0.974s] -- Detecting C compile features
[0.976s] -- Detecting C compile features - done
[0.980s] -- Detecting CXX compiler ABI info
[1.123s] -- Detecting CXX compiler ABI info - done
[1.129s] -- Check for working CXX compiler: /usr/bin/c++ - skipped
[1.129s] -- Detecting CXX compile features
[1.129s] -- Detecting CXX compile features - done
[1.131s] -- Found ament_cmake: 1.3.12 (/opt/ros/humble/share/ament_cmake/cmake)
[1.604s] -- Found Python3: /usr/bin/python3 (found version "3.10.12") found components: Interpreter 
[1.678s] -- Override CMake install command with custom implementation using symlinks instead of copying resources
[1.718s] -- Configuring incomplete, errors occurred!
[1.718s] See also "/home/Gery/ME597_Lab/Lab3/ws1/build/turtlebot3_gazebo/CMakeFiles/CMakeOutput.log".
[1.718s] [31mCMake Error at CMakeLists.txt:23 (find_package):
[1.718s]   By not providing "Findgazebo.cmake" in CMAKE_MODULE_PATH this project has
[1.718s]   asked CMake to find a package configuration file provided by "gazebo", but
[1.718s]   CMake did not find one.
[1.718s] 
[1.718s]   Could not find a package configuration file provided by "gazebo" with any
[1.718s]   of the following names:
[1.718s] 
[1.719s]     gazeboConfig.cmake
[1.719s]     gazebo-config.cmake
[1.719s] 
[1.719s]   Add the installation prefix of "gazebo" to CMAKE_PREFIX_PATH or set
[1.719s]   "gazebo_DIR" to a directory containing one of the above files.  If "gazebo"
[1.719s]   provides a separate development package or SDK, be sure it has been
[1.719s]   installed.
[1.719s] 
[1.719s] [0m
