[1.381s] Invoking command in '/home/me597/me597/Lab3/ws1/build/task_4': PYTHONPATH=/home/me597/me597/Lab3/ws1/build/task_4/prefix_override:/usr/lib/python3/dist-packages/colcon_core/task/python/colcon_distutils_commands:/home/me597/me597/Lab3/ws1/install/task_4/lib/python3.10/site-packages:${PYTHONPATH} /usr/bin/python3 -W ignore:setup.py install is deprecated setup.py develop --editable --build-directory /home/me597/me597/Lab3/ws1/build/task_4/build --no-deps symlink_data
[1.907s] running develop
[1.907s] /usr/lib/python3/dist-packages/setuptools/command/easy_install.py:158: EasyInstallDeprecationWarning: easy_install command is deprecated. Use build and pip and other standards-based tools.
[1.908s]   warnings.warn(
[2.161s] running egg_info
[2.161s] creating task_4.egg-info
[2.161s] writing task_4.egg-info/PKG-INFO
[2.163s] writing dependency_links to task_4.egg-info/dependency_links.txt
[2.163s] writing entry points to task_4.egg-info/entry_points.txt
[2.163s] writing requirements to task_4.egg-info/requires.txt
[2.163s] writing top-level names to task_4.egg-info/top_level.txt
[2.163s] writing manifest file 'task_4.egg-info/SOURCES.txt'
[2.163s] reading manifest file 'task_4.egg-info/SOURCES.txt'
[2.163s] writing manifest file 'task_4.egg-info/SOURCES.txt'
[2.168s] running build_ext
[2.168s] Creating /home/me597/me597/Lab3/ws1/install/task_4/lib/python3.10/site-packages/task-4.egg-link (link to .)
[2.168s] 
[2.168s] Installed /home/me597/me597/Lab3/ws1/build/task_4
[2.168s] running symlink_data
[2.168s] creating /home/me597/me597/Lab3/ws1/install/task_4/share/ament_index
[2.168s] creating /home/me597/me597/Lab3/ws1/install/task_4/share/ament_index/resource_index
[2.168s] creating /home/me597/me597/Lab3/ws1/install/task_4/share/ament_index/resource_index/packages
[2.168s] symbolically linking /home/me597/me597/Lab3/ws1/build/task_4/resource/task_4 -> /home/me597/me597/Lab3/ws1/install/task_4/share/ament_index/resource_index/packages
[2.169s] symbolically linking /home/me597/me597/Lab3/ws1/build/task_4/package.xml -> /home/me597/me597/Lab3/ws1/install/task_4/share/task_4
[2.169s] creating /home/me597/me597/Lab3/ws1/install/task_4/share/task_4/launch
[2.169s] symbolically linking /home/me597/me597/Lab3/ws1/build/task_4/launch/gen_sync_map_launch.py -> /home/me597/me597/Lab3/ws1/install/task_4/share/task_4/launch
[2.222s] Invoked command in '/home/me597/me597/Lab3/ws1/build/task_4' returned '0': PYTHONPATH=/home/me597/me597/Lab3/ws1/build/task_4/prefix_override:/usr/lib/python3/dist-packages/colcon_core/task/python/colcon_distutils_commands:/home/me597/me597/Lab3/ws1/install/task_4/lib/python3.10/site-packages:${PYTHONPATH} /usr/bin/python3 -W ignore:setup.py install is deprecated setup.py develop --editable --build-directory /home/me597/me597/Lab3/ws1/build/task_4/build --no-deps symlink_data
