[1.012s] Invoking command in '/home/me597/ME597_Lab/Lab3/ws1/build/task_4': PYTHONPATH=/home/me597/ME597_Lab/Lab3/ws1/build/task_4/prefix_override:/usr/lib/python3/dist-packages/colcon_core/task/python/colcon_distutils_commands:/home/me597/ME597_Lab/Lab3/ws1/install/task_4/lib/python3.10/site-packages:${PYTHONPATH} /usr/bin/python3 -W ignore:setup.py install is deprecated setup.py develop --editable --build-directory /home/me597/ME597_Lab/Lab3/ws1/build/task_4/build --no-deps symlink_data
[1.363s] running develop
[1.365s] /usr/lib/python3/dist-packages/setuptools/command/easy_install.py:158: EasyInstallDeprecationWarning: easy_install command is deprecated. Use build and pip and other standards-based tools.
[1.366s]   warnings.warn(
[1.624s] running egg_info
[1.624s] creating task_4.egg-info
[1.625s] writing task_4.egg-info/PKG-INFO
[1.625s] writing dependency_links to task_4.egg-info/dependency_links.txt
[1.626s] writing entry points to task_4.egg-info/entry_points.txt
[1.626s] writing requirements to task_4.egg-info/requires.txt
[1.626s] writing top-level names to task_4.egg-info/top_level.txt
[1.626s] writing manifest file 'task_4.egg-info/SOURCES.txt'
[1.627s] reading manifest file 'task_4.egg-info/SOURCES.txt'
[1.628s] writing manifest file 'task_4.egg-info/SOURCES.txt'
[1.630s] running build_ext
[1.630s] Creating /home/me597/ME597_Lab/Lab3/ws1/install/task_4/lib/python3.10/site-packages/task-4.egg-link (link to .)
[1.631s] Installing auto_navigator script to /home/me597/ME597_Lab/Lab3/ws1/install/task_4/lib/task_4
[1.632s] 
[1.632s] Installed /home/me597/ME597_Lab/Lab3/ws1/build/task_4
[1.634s] running symlink_data
[1.634s] creating /home/me597/ME597_Lab/Lab3/ws1/install/task_4/share/ament_index
[1.634s] creating /home/me597/ME597_Lab/Lab3/ws1/install/task_4/share/ament_index/resource_index
[1.634s] creating /home/me597/ME597_Lab/Lab3/ws1/install/task_4/share/ament_index/resource_index/packages
[1.634s] symbolically linking /home/me597/ME597_Lab/Lab3/ws1/build/task_4/resource/task_4 -> /home/me597/ME597_Lab/Lab3/ws1/install/task_4/share/ament_index/resource_index/packages
[1.634s] symbolically linking /home/me597/ME597_Lab/Lab3/ws1/build/task_4/package.xml -> /home/me597/ME597_Lab/Lab3/ws1/install/task_4/share/task_4
[1.635s] creating /home/me597/ME597_Lab/Lab3/ws1/install/task_4/share/task_4/launch
[1.635s] symbolically linking /home/me597/ME597_Lab/Lab3/ws1/build/task_4/launch/auto_navigator.launch.py -> /home/me597/ME597_Lab/Lab3/ws1/install/task_4/share/task_4/launch
[1.635s] symbolically linking /home/me597/ME597_Lab/Lab3/ws1/build/task_4/launch/gen_sync_map_launch.py -> /home/me597/ME597_Lab/Lab3/ws1/install/task_4/share/task_4/launch
[1.666s] Invoked command in '/home/me597/ME597_Lab/Lab3/ws1/build/task_4' returned '0': PYTHONPATH=/home/me597/ME597_Lab/Lab3/ws1/build/task_4/prefix_override:/usr/lib/python3/dist-packages/colcon_core/task/python/colcon_distutils_commands:/home/me597/ME597_Lab/Lab3/ws1/install/task_4/lib/python3.10/site-packages:${PYTHONPATH} /usr/bin/python3 -W ignore:setup.py install is deprecated setup.py develop --editable --build-directory /home/me597/ME597_Lab/Lab3/ws1/build/task_4/build --no-deps symlink_data
