[0.122s] [34mcolcon[0m [1;30mDEBUG[0m [32mCommand line arguments: ['/usr/bin/colcon', 'build'][0m
[0.122s] [34mcolcon[0m [1;30mDEBUG[0m [32mParsed command line arguments: Namespace(log_base=None, log_level=None, verb_name='build', build_base='build', install_base='install', merge_install=False, symlink_install=False, test_result_base=None, continue_on_error=False, executor='parallel', parallel_workers=4, event_handlers=None, ignore_user_meta=False, metas=['./colcon.meta'], base_paths=['.'], packages_ignore=None, packages_ignore_regex=None, paths=None, packages_up_to=None, packages_up_to_regex=None, packages_above=None, packages_above_and_dependencies=None, packages_above_depth=None, packages_select_by_dep=None, packages_skip_by_dep=None, packages_skip_up_to=None, packages_select_build_failed=False, packages_skip_build_finished=False, packages_select_test_failures=False, packages_skip_test_passed=False, packages_select=None, packages_skip=None, packages_select_regex=None, packages_skip_regex=None, packages_start=None, packages_end=None, allow_overriding=[], cmake_args=None, cmake_target=None, cmake_target_skip_unavailable=False, cmake_clean_cache=False, cmake_clean_first=False, cmake_force_configure=False, ament_cmake_args=None, catkin_cmake_args=None, catkin_skip_building_tests=False, mixin_files=None, mixin=None, verb_parser=<colcon_mixin.mixin.mixin_argument.MixinArgumentDecorator object at 0x7924c6b29b10>, verb_extension=<colcon_core.verb.build.BuildVerb object at 0x7924c6b29090>, main=<bound method BuildVerb.main of <colcon_core.verb.build.BuildVerb object at 0x7924c6b29090>>, mixin_verb=('build',))[0m
[0.160s] [34mcolcon.colcon_core.package_discovery[0m [1;30mLevel 1[0m discover_packages(colcon_meta) check parameters
[0.161s] [34mcolcon.colcon_core.package_discovery[0m [1;30mLevel 1[0m discover_packages(recursive) check parameters
[0.161s] [34mcolcon.colcon_core.package_discovery[0m [1;30mLevel 1[0m discover_packages(ignore) check parameters
[0.161s] [34mcolcon.colcon_core.package_discovery[0m [1;30mLevel 1[0m discover_packages(path) check parameters
[0.161s] [34mcolcon.colcon_core.package_discovery[0m [1;30mLevel 1[0m discover_packages(colcon_meta) discover
[0.161s] [34mcolcon.colcon_core.package_discovery[0m [1;30mLevel 1[0m discover_packages(recursive) discover
[0.161s] [34mcolcon.colcon_core.package_discovery[0m [1;30mINFO[0m Crawling recursively for packages in '/home/Gery/ME597_Lab/Lab4/ws1/src'
[0.161s] [34mcolcon.colcon_core.package_identification[0m [1;30mLevel 1[0m _identify(.) by extensions ['ignore', 'ignore_ament_install']
[0.161s] [34mcolcon.colcon_core.package_identification[0m [1;30mLevel 1[0m _identify(.) by extension 'ignore'
[0.161s] [34mcolcon.colcon_core.package_identification[0m [1;30mLevel 1[0m _identify(.) by extension 'ignore_ament_install'
[0.161s] [34mcolcon.colcon_core.package_identification[0m [1;30mLevel 1[0m _identify(.) by extensions ['colcon_pkg']
[0.161s] [34mcolcon.colcon_core.package_identification[0m [1;30mLevel 1[0m _identify(.) by extension 'colcon_pkg'
[0.161s] [34mcolcon.colcon_core.package_identification[0m [1;30mLevel 1[0m _identify(.) by extensions ['colcon_meta']
[0.161s] [34mcolcon.colcon_core.package_identification[0m [1;30mLevel 1[0m _identify(.) by extension 'colcon_meta'
[0.161s] [34mcolcon.colcon_core.package_identification[0m [1;30mLevel 1[0m _identify(.) by extensions ['ros']
[0.161s] [34mcolcon.colcon_core.package_identification[0m [1;30mLevel 1[0m _identify(.) by extension 'ros'
[0.175s] [34mcolcon.colcon_core.package_identification[0m [1;30mLevel 1[0m _identify(.) by extensions ['cmake', 'python']
[0.175s] [34mcolcon.colcon_core.package_identification[0m [1;30mLevel 1[0m _identify(.) by extension 'cmake'
[0.176s] [34mcolcon.colcon_core.package_identification[0m [1;30mLevel 1[0m _identify(.) by extension 'python'
[0.176s] [34mcolcon.colcon_core.package_identification[0m [1;30mLevel 1[0m _identify(.) by extensions ['python_setup_py']
[0.176s] [34mcolcon.colcon_core.package_identification[0m [1;30mLevel 1[0m _identify(.) by extension 'python_setup_py'
[0.176s] [34mcolcon.colcon_core.package_identification[0m [1;30mLevel 1[0m _identify(build) by extensions ['ignore', 'ignore_ament_install']
[0.176s] [34mcolcon.colcon_core.package_identification[0m [1;30mLevel 1[0m _identify(build) by extension 'ignore'
[0.176s] [34mcolcon.colcon_core.package_identification[0m [1;30mLevel 1[0m _identify(build) ignored
[0.176s] [34mcolcon.colcon_core.package_identification[0m [1;30mLevel 1[0m _identify(install) by extensions ['ignore', 'ignore_ament_install']
[0.176s] [34mcolcon.colcon_core.package_identification[0m [1;30mLevel 1[0m _identify(install) by extension 'ignore'
[0.176s] [34mcolcon.colcon_core.package_identification[0m [1;30mLevel 1[0m _identify(install) ignored
[0.176s] [34mcolcon.colcon_core.package_identification[0m [1;30mLevel 1[0m _identify(log) by extensions ['ignore', 'ignore_ament_install']
[0.176s] [34mcolcon.colcon_core.package_identification[0m [1;30mLevel 1[0m _identify(log) by extension 'ignore'
[0.176s] [34mcolcon.colcon_core.package_identification[0m [1;30mLevel 1[0m _identify(log) ignored
[0.176s] [34mcolcon.colcon_core.package_identification[0m [1;30mLevel 1[0m _identify(task_5) by extensions ['ignore', 'ignore_ament_install']
[0.176s] [34mcolcon.colcon_core.package_identification[0m [1;30mLevel 1[0m _identify(task_5) by extension 'ignore'
[0.177s] [34mcolcon.colcon_core.package_identification[0m [1;30mLevel 1[0m _identify(task_5) by extension 'ignore_ament_install'
[0.177s] [34mcolcon.colcon_core.package_identification[0m [1;30mLevel 1[0m _identify(task_5) by extensions ['colcon_pkg']
[0.177s] [34mcolcon.colcon_core.package_identification[0m [1;30mLevel 1[0m _identify(task_5) by extension 'colcon_pkg'
[0.177s] [34mcolcon.colcon_core.package_identification[0m [1;30mLevel 1[0m _identify(task_5) by extensions ['colcon_meta']
[0.177s] [34mcolcon.colcon_core.package_identification[0m [1;30mLevel 1[0m _identify(task_5) by extension 'colcon_meta'
[0.177s] [34mcolcon.colcon_core.package_identification[0m [1;30mLevel 1[0m _identify(task_5) by extensions ['ros']
[0.177s] [34mcolcon.colcon_core.package_identification[0m [1;30mLevel 1[0m _identify(task_5) by extension 'ros'
[0.179s] [34mcolcon.colcon_core.package_identification[0m [1;30mDEBUG[0m [32mPackage 'task_5' with type 'ros.ament_python' and name 'task_5'[0m
[0.180s] [34mcolcon.colcon_core.package_identification[0m [1;30mLevel 1[0m _identify(task_6) by extensions ['ignore', 'ignore_ament_install']
[0.180s] [34mcolcon.colcon_core.package_identification[0m [1;30mLevel 1[0m _identify(task_6) by extension 'ignore'
[0.180s] [34mcolcon.colcon_core.package_identification[0m [1;30mLevel 1[0m _identify(task_6) by extension 'ignore_ament_install'
[0.181s] [34mcolcon.colcon_core.package_identification[0m [1;30mLevel 1[0m _identify(task_6) by extensions ['colcon_pkg']
[0.181s] [34mcolcon.colcon_core.package_identification[0m [1;30mLevel 1[0m _identify(task_6) by extension 'colcon_pkg'
[0.181s] [34mcolcon.colcon_core.package_identification[0m [1;30mLevel 1[0m _identify(task_6) by extensions ['colcon_meta']
[0.181s] [34mcolcon.colcon_core.package_identification[0m [1;30mLevel 1[0m _identify(task_6) by extension 'colcon_meta'
[0.181s] [34mcolcon.colcon_core.package_identification[0m [1;30mLevel 1[0m _identify(task_6) by extensions ['ros']
[0.181s] [34mcolcon.colcon_core.package_identification[0m [1;30mLevel 1[0m _identify(task_6) by extension 'ros'
[0.182s] [34mcolcon.colcon_core.package_identification[0m [1;30mDEBUG[0m [32mPackage 'task_6' with type 'ros.ament_python' and name 'task_6'[0m
[0.182s] [34mcolcon.colcon_core.package_discovery[0m [1;30mLevel 1[0m discover_packages(recursive) using defaults
[0.182s] [34mcolcon.colcon_core.package_discovery[0m [1;30mLevel 1[0m discover_packages(ignore) discover
[0.182s] [34mcolcon.colcon_core.package_discovery[0m [1;30mLevel 1[0m discover_packages(ignore) using defaults
[0.182s] [34mcolcon.colcon_core.package_discovery[0m [1;30mLevel 1[0m discover_packages(path) discover
[0.183s] [34mcolcon.colcon_core.package_discovery[0m [1;30mLevel 1[0m discover_packages(path) using defaults
[0.203s] [34mcolcon.colcon_core.package_discovery[0m [1;30mLevel 1[0m discover_packages(prefix_path) check parameters
[0.203s] [34mcolcon.colcon_core.package_discovery[0m [1;30mLevel 1[0m discover_packages(prefix_path) discover
[0.206s] [34mcolcon.colcon_installed_package_information.package_discovery[0m [1;30mDEBUG[0m [32mFound 333 installed packages in /opt/ros/humble[0m
[0.210s] [34mcolcon.colcon_core.package_discovery[0m [1;30mLevel 1[0m discover_packages(prefix_path) using defaults
[0.261s] [34mcolcon.colcon_core.verb[0m [1;30mLevel 5[0m set package 'task_5' build argument 'cmake_args' from command line to 'None'
[0.261s] [34mcolcon.colcon_core.verb[0m [1;30mLevel 5[0m set package 'task_5' build argument 'cmake_target' from command line to 'None'
[0.261s] [34mcolcon.colcon_core.verb[0m [1;30mLevel 5[0m set package 'task_5' build argument 'cmake_target_skip_unavailable' from command line to 'False'
[0.261s] [34mcolcon.colcon_core.verb[0m [1;30mLevel 5[0m set package 'task_5' build argument 'cmake_clean_cache' from command line to 'False'
[0.261s] [34mcolcon.colcon_core.verb[0m [1;30mLevel 5[0m set package 'task_5' build argument 'cmake_clean_first' from command line to 'False'
[0.261s] [34mcolcon.colcon_core.verb[0m [1;30mLevel 5[0m set package 'task_5' build argument 'cmake_force_configure' from command line to 'False'
[0.261s] [34mcolcon.colcon_core.verb[0m [1;30mLevel 5[0m set package 'task_5' build argument 'ament_cmake_args' from command line to 'None'
[0.261s] [34mcolcon.colcon_core.verb[0m [1;30mLevel 5[0m set package 'task_5' build argument 'catkin_cmake_args' from command line to 'None'
[0.261s] [34mcolcon.colcon_core.verb[0m [1;30mLevel 5[0m set package 'task_5' build argument 'catkin_skip_building_tests' from command line to 'False'
[0.261s] [34mcolcon.colcon_core.verb[0m [1;30mDEBUG[0m [32mBuilding package 'task_5' with the following arguments: {'ament_cmake_args': None, 'build_base': '/home/Gery/ME597_Lab/Lab4/ws1/src/build/task_5', 'catkin_cmake_args': None, 'catkin_skip_building_tests': False, 'cmake_args': None, 'cmake_clean_cache': False, 'cmake_clean_first': False, 'cmake_force_configure': False, 'cmake_target': None, 'cmake_target_skip_unavailable': False, 'install_base': '/home/Gery/ME597_Lab/Lab4/ws1/src/install/task_5', 'merge_install': False, 'path': '/home/Gery/ME597_Lab/Lab4/ws1/src/task_5', 'symlink_install': False, 'test_result_base': None}[0m
[0.262s] [34mcolcon.colcon_core.verb[0m [1;30mLevel 5[0m set package 'task_6' build argument 'cmake_args' from command line to 'None'
[0.262s] [34mcolcon.colcon_core.verb[0m [1;30mLevel 5[0m set package 'task_6' build argument 'cmake_target' from command line to 'None'
[0.262s] [34mcolcon.colcon_core.verb[0m [1;30mLevel 5[0m set package 'task_6' build argument 'cmake_target_skip_unavailable' from command line to 'False'
[0.262s] [34mcolcon.colcon_core.verb[0m [1;30mLevel 5[0m set package 'task_6' build argument 'cmake_clean_cache' from command line to 'False'
[0.262s] [34mcolcon.colcon_core.verb[0m [1;30mLevel 5[0m set package 'task_6' build argument 'cmake_clean_first' from command line to 'False'
[0.262s] [34mcolcon.colcon_core.verb[0m [1;30mLevel 5[0m set package 'task_6' build argument 'cmake_force_configure' from command line to 'False'
[0.262s] [34mcolcon.colcon_core.verb[0m [1;30mLevel 5[0m set package 'task_6' build argument 'ament_cmake_args' from command line to 'None'
[0.262s] [34mcolcon.colcon_core.verb[0m [1;30mLevel 5[0m set package 'task_6' build argument 'catkin_cmake_args' from command line to 'None'
[0.262s] [34mcolcon.colcon_core.verb[0m [1;30mLevel 5[0m set package 'task_6' build argument 'catkin_skip_building_tests' from command line to 'False'
[0.262s] [34mcolcon.colcon_core.verb[0m [1;30mDEBUG[0m [32mBuilding package 'task_6' with the following arguments: {'ament_cmake_args': None, 'build_base': '/home/Gery/ME597_Lab/Lab4/ws1/src/build/task_6', 'catkin_cmake_args': None, 'catkin_skip_building_tests': False, 'cmake_args': None, 'cmake_clean_cache': False, 'cmake_clean_first': False, 'cmake_force_configure': False, 'cmake_target': None, 'cmake_target_skip_unavailable': False, 'install_base': '/home/Gery/ME597_Lab/Lab4/ws1/src/install/task_6', 'merge_install': False, 'path': '/home/Gery/ME597_Lab/Lab4/ws1/src/task_6', 'symlink_install': False, 'test_result_base': None}[0m
[0.262s] [34mcolcon.colcon_core.executor[0m [1;30mINFO[0m Executing jobs using 'parallel' executor
[0.263s] [34mcolcon.colcon_parallel_executor.executor.parallel[0m [1;30mDEBUG[0m [32mrun_until_complete[0m
[0.263s] [34mcolcon.colcon_ros.task.ament_python.build[0m [1;30mINFO[0m Building ROS package in '/home/Gery/ME597_Lab/Lab4/ws1/src/task_5' with build type 'ament_python'
[0.263s] [34mcolcon.colcon_core.shell[0m [1;30mLevel 1[0m create_environment_hook('task_5', 'ament_prefix_path')
[0.266s] [34mcolcon.colcon_core.plugin_system[0m [1;30mINFO[0m Skipping extension 'colcon_core.shell.bat': Not used on non-Windows systems
[0.266s] [34mcolcon.colcon_core.shell[0m [1;30mINFO[0m Creating environment hook '/home/Gery/ME597_Lab/Lab4/ws1/src/install/task_5/share/task_5/hook/ament_prefix_path.ps1'
[0.267s] [34mcolcon.colcon_core.shell[0m [1;30mINFO[0m Creating environment descriptor '/home/Gery/ME597_Lab/Lab4/ws1/src/install/task_5/share/task_5/hook/ament_prefix_path.dsv'
[0.267s] [34mcolcon.colcon_core.shell[0m [1;30mINFO[0m Creating environment hook '/home/Gery/ME597_Lab/Lab4/ws1/src/install/task_5/share/task_5/hook/ament_prefix_path.sh'
[0.268s] [34mcolcon.colcon_core.shell[0m [1;30mINFO[0m Skip shell extension 'powershell' for command environment: Not usable outside of PowerShell
[0.268s] [34mcolcon.colcon_core.shell[0m [1;30mDEBUG[0m [32mSkip shell extension 'dsv' for command environment[0m
[0.272s] [34mcolcon.colcon_ros.task.ament_python.build[0m [1;30mINFO[0m Building ROS package in '/home/Gery/ME597_Lab/Lab4/ws1/src/task_6' with build type 'ament_python'
[0.272s] [34mcolcon.colcon_core.shell[0m [1;30mLevel 1[0m create_environment_hook('task_6', 'ament_prefix_path')
[0.272s] [34mcolcon.colcon_core.shell[0m [1;30mINFO[0m Creating environment hook '/home/Gery/ME597_Lab/Lab4/ws1/src/install/task_6/share/task_6/hook/ament_prefix_path.ps1'
[0.274s] [34mcolcon.colcon_core.shell[0m [1;30mINFO[0m Creating environment descriptor '/home/Gery/ME597_Lab/Lab4/ws1/src/install/task_6/share/task_6/hook/ament_prefix_path.dsv'
[0.274s] [34mcolcon.colcon_core.shell[0m [1;30mINFO[0m Creating environment hook '/home/Gery/ME597_Lab/Lab4/ws1/src/install/task_6/share/task_6/hook/ament_prefix_path.sh'
[0.275s] [34mcolcon.colcon_core.shell[0m [1;30mINFO[0m Skip shell extension 'powershell' for command environment: Not usable outside of PowerShell
[0.275s] [34mcolcon.colcon_core.shell[0m [1;30mDEBUG[0m [32mSkip shell extension 'dsv' for command environment[0m
[0.509s] [34mcolcon.colcon_core.task.python.build[0m [1;30mINFO[0m Building Python package in '/home/Gery/ME597_Lab/Lab4/ws1/src/task_5'
[0.509s] [34mcolcon.colcon_core.shell[0m [1;30mINFO[0m Skip shell extension 'powershell' for command environment: Not usable outside of PowerShell
[0.509s] [34mcolcon.colcon_core.shell[0m [1;30mDEBUG[0m [32mSkip shell extension 'dsv' for command environment[0m
[0.750s] [34mcolcon.colcon_core.task.python.build[0m [1;30mINFO[0m Building Python package in '/home/Gery/ME597_Lab/Lab4/ws1/src/task_6'
[0.750s] [34mcolcon.colcon_core.shell[0m [1;30mINFO[0m Skip shell extension 'powershell' for command environment: Not usable outside of PowerShell
[0.750s] [34mcolcon.colcon_core.shell[0m [1;30mDEBUG[0m [32mSkip shell extension 'dsv' for command environment[0m
[1.349s] [34mcolcon.colcon_core.event_handler.log_command[0m [1;30mDEBUG[0m [32mInvoking command in '/home/Gery/ME597_Lab/Lab4/ws1/src/task_5': PYTHONPATH=/home/Gery/ME597_Lab/Lab4/ws1/src/build/task_5/prefix_override:/usr/lib/python3/dist-packages/colcon_core/task/python/colcon_distutils_commands:/home/Gery/ME597_Lab/Lab4/ws1/src/install/task_5/lib/python3.10/site-packages:${PYTHONPATH} /usr/bin/python3 -W ignore:setup.py install is deprecated -W ignore:easy_install command is deprecated setup.py egg_info --egg-base ../build/task_5 build --build-base /home/Gery/ME597_Lab/Lab4/ws1/src/build/task_5/build install --record /home/Gery/ME597_Lab/Lab4/ws1/src/build/task_5/install.log --single-version-externally-managed install_data[0m
[1.356s] [34mcolcon.colcon_core.event_handler.log_command[0m [1;30mDEBUG[0m [32mInvoking command in '/home/Gery/ME597_Lab/Lab4/ws1/src/task_6': PYTHONPATH=/home/Gery/ME597_Lab/Lab4/ws1/src/build/task_6/prefix_override:/usr/lib/python3/dist-packages/colcon_core/task/python/colcon_distutils_commands:/home/Gery/ME597_Lab/Lab4/ws1/src/install/task_6/lib/python3.10/site-packages:${PYTHONPATH} /usr/bin/python3 -W ignore:setup.py install is deprecated -W ignore:easy_install command is deprecated setup.py egg_info --egg-base ../build/task_6 build --build-base /home/Gery/ME597_Lab/Lab4/ws1/src/build/task_6/build install --record /home/Gery/ME597_Lab/Lab4/ws1/src/build/task_6/install.log --single-version-externally-managed install_data[0m
[1.951s] [34mcolcon.colcon_core.environment[0m [1;30mLevel 1[0m checking '/home/Gery/ME597_Lab/Lab4/ws1/src/install/task_5' for CMake module files
[1.952s] [34mcolcon.colcon_core.event_handler.log_command[0m [1;30mDEBUG[0m [32mInvoked command in '/home/Gery/ME597_Lab/Lab4/ws1/src/task_5' returned '0': PYTHONPATH=/home/Gery/ME597_Lab/Lab4/ws1/src/build/task_5/prefix_override:/usr/lib/python3/dist-packages/colcon_core/task/python/colcon_distutils_commands:/home/Gery/ME597_Lab/Lab4/ws1/src/install/task_5/lib/python3.10/site-packages:${PYTHONPATH} /usr/bin/python3 -W ignore:setup.py install is deprecated -W ignore:easy_install command is deprecated setup.py egg_info --egg-base ../build/task_5 build --build-base /home/Gery/ME597_Lab/Lab4/ws1/src/build/task_5/build install --record /home/Gery/ME597_Lab/Lab4/ws1/src/build/task_5/install.log --single-version-externally-managed install_data[0m
[1.952s] [34mcolcon.colcon_core.environment[0m [1;30mLevel 1[0m checking '/home/Gery/ME597_Lab/Lab4/ws1/src/install/task_5' for CMake config files
[1.953s] [34mcolcon.colcon_core.environment[0m [1;30mLevel 1[0m checking '/home/Gery/ME597_Lab/Lab4/ws1/src/install/task_5/lib'
[1.953s] [34mcolcon.colcon_core.environment[0m [1;30mLevel 1[0m checking '/home/Gery/ME597_Lab/Lab4/ws1/src/install/task_5/bin'
[1.953s] [34mcolcon.colcon_core.environment[0m [1;30mLevel 1[0m checking '/home/Gery/ME597_Lab/Lab4/ws1/src/install/task_5/lib/pkgconfig/task_5.pc'
[1.954s] [34mcolcon.colcon_core.environment[0m [1;30mLevel 1[0m checking '/home/Gery/ME597_Lab/Lab4/ws1/src/install/task_5/lib/python3.10/site-packages'
[1.954s] [34mcolcon.colcon_core.shell[0m [1;30mLevel 1[0m create_environment_hook('task_5', 'pythonpath')
[1.954s] [34mcolcon.colcon_core.shell[0m [1;30mINFO[0m Creating environment hook '/home/Gery/ME597_Lab/Lab4/ws1/src/install/task_5/share/task_5/hook/pythonpath.ps1'
[1.955s] [34mcolcon.colcon_core.shell[0m [1;30mINFO[0m Creating environment descriptor '/home/Gery/ME597_Lab/Lab4/ws1/src/install/task_5/share/task_5/hook/pythonpath.dsv'
[1.955s] [34mcolcon.colcon_core.shell[0m [1;30mINFO[0m Creating environment hook '/home/Gery/ME597_Lab/Lab4/ws1/src/install/task_5/share/task_5/hook/pythonpath.sh'
[1.956s] [34mcolcon.colcon_core.environment[0m [1;30mLevel 1[0m checking '/home/Gery/ME597_Lab/Lab4/ws1/src/install/task_5/bin'
[1.956s] [34mcolcon.colcon_core.environment[0m [1;30mLevel 1[0m create_environment_scripts_only(task_5)
[1.957s] [34mcolcon.colcon_core.shell[0m [1;30mINFO[0m Creating package script '/home/Gery/ME597_Lab/Lab4/ws1/src/install/task_5/share/task_5/package.ps1'
[1.959s] [34mcolcon.colcon_core.shell[0m [1;30mINFO[0m Creating package descriptor '/home/Gery/ME597_Lab/Lab4/ws1/src/install/task_5/share/task_5/package.dsv'
[1.959s] [34mcolcon.colcon_core.shell[0m [1;30mINFO[0m Creating package script '/home/Gery/ME597_Lab/Lab4/ws1/src/install/task_5/share/task_5/package.sh'
[1.961s] [34mcolcon.colcon_core.shell[0m [1;30mINFO[0m Creating package script '/home/Gery/ME597_Lab/Lab4/ws1/src/install/task_5/share/task_5/package.bash'
[1.962s] [34mcolcon.colcon_core.shell[0m [1;30mINFO[0m Creating package script '/home/Gery/ME597_Lab/Lab4/ws1/src/install/task_5/share/task_5/package.zsh'
[1.962s] [34mcolcon.colcon_core.environment[0m [1;30mLevel 1[0m create_file_with_runtime_dependencies(/home/Gery/ME597_Lab/Lab4/ws1/src/install/task_5/share/colcon-core/packages/task_5)
[1.965s] [34mcolcon.colcon_core.environment[0m [1;30mLevel 1[0m checking '/home/Gery/ME597_Lab/Lab4/ws1/src/install/task_6' for CMake module files
[1.965s] [34mcolcon.colcon_core.event_handler.log_command[0m [1;30mDEBUG[0m [32mInvoked command in '/home/Gery/ME597_Lab/Lab4/ws1/src/task_6' returned '0': PYTHONPATH=/home/Gery/ME597_Lab/Lab4/ws1/src/build/task_6/prefix_override:/usr/lib/python3/dist-packages/colcon_core/task/python/colcon_distutils_commands:/home/Gery/ME597_Lab/Lab4/ws1/src/install/task_6/lib/python3.10/site-packages:${PYTHONPATH} /usr/bin/python3 -W ignore:setup.py install is deprecated -W ignore:easy_install command is deprecated setup.py egg_info --egg-base ../build/task_6 build --build-base /home/Gery/ME597_Lab/Lab4/ws1/src/build/task_6/build install --record /home/Gery/ME597_Lab/Lab4/ws1/src/build/task_6/install.log --single-version-externally-managed install_data[0m
[1.966s] [34mcolcon.colcon_core.environment[0m [1;30mLevel 1[0m checking '/home/Gery/ME597_Lab/Lab4/ws1/src/install/task_6' for CMake config files
[1.967s] [34mcolcon.colcon_core.environment[0m [1;30mLevel 1[0m checking '/home/Gery/ME597_Lab/Lab4/ws1/src/install/task_6/lib'
[1.967s] [34mcolcon.colcon_core.environment[0m [1;30mLevel 1[0m checking '/home/Gery/ME597_Lab/Lab4/ws1/src/install/task_6/bin'
[1.967s] [34mcolcon.colcon_core.environment[0m [1;30mLevel 1[0m checking '/home/Gery/ME597_Lab/Lab4/ws1/src/install/task_6/lib/pkgconfig/task_6.pc'
[1.967s] [34mcolcon.colcon_core.environment[0m [1;30mLevel 1[0m checking '/home/Gery/ME597_Lab/Lab4/ws1/src/install/task_6/lib/python3.10/site-packages'
[1.967s] [34mcolcon.colcon_core.shell[0m [1;30mLevel 1[0m create_environment_hook('task_6', 'pythonpath')
[1.967s] [34mcolcon.colcon_core.shell[0m [1;30mINFO[0m Creating environment hook '/home/Gery/ME597_Lab/Lab4/ws1/src/install/task_6/share/task_6/hook/pythonpath.ps1'
[1.968s] [34mcolcon.colcon_core.shell[0m [1;30mINFO[0m Creating environment descriptor '/home/Gery/ME597_Lab/Lab4/ws1/src/install/task_6/share/task_6/hook/pythonpath.dsv'
[1.969s] [34mcolcon.colcon_core.shell[0m [1;30mINFO[0m Creating environment hook '/home/Gery/ME597_Lab/Lab4/ws1/src/install/task_6/share/task_6/hook/pythonpath.sh'
[1.969s] [34mcolcon.colcon_core.environment[0m [1;30mLevel 1[0m checking '/home/Gery/ME597_Lab/Lab4/ws1/src/install/task_6/bin'
[1.970s] [34mcolcon.colcon_core.environment[0m [1;30mLevel 1[0m create_environment_scripts_only(task_6)
[1.970s] [34mcolcon.colcon_core.shell[0m [1;30mINFO[0m Creating package script '/home/Gery/ME597_Lab/Lab4/ws1/src/install/task_6/share/task_6/package.ps1'
[1.971s] [34mcolcon.colcon_core.shell[0m [1;30mINFO[0m Creating package descriptor '/home/Gery/ME597_Lab/Lab4/ws1/src/install/task_6/share/task_6/package.dsv'
[1.971s] [34mcolcon.colcon_core.shell[0m [1;30mINFO[0m Creating package script '/home/Gery/ME597_Lab/Lab4/ws1/src/install/task_6/share/task_6/package.sh'
[1.972s] [34mcolcon.colcon_core.shell[0m [1;30mINFO[0m Creating package script '/home/Gery/ME597_Lab/Lab4/ws1/src/install/task_6/share/task_6/package.bash'
[1.972s] [34mcolcon.colcon_core.shell[0m [1;30mINFO[0m Creating package script '/home/Gery/ME597_Lab/Lab4/ws1/src/install/task_6/share/task_6/package.zsh'
[1.972s] [34mcolcon.colcon_core.environment[0m [1;30mLevel 1[0m create_file_with_runtime_dependencies(/home/Gery/ME597_Lab/Lab4/ws1/src/install/task_6/share/colcon-core/packages/task_6)
[1.973s] [34mcolcon.colcon_parallel_executor.executor.parallel[0m [1;30mDEBUG[0m [32mclosing loop[0m
[1.973s] [34mcolcon.colcon_parallel_executor.executor.parallel[0m [1;30mDEBUG[0m [32mloop closed[0m
[1.974s] [34mcolcon.colcon_parallel_executor.executor.parallel[0m [1;30mDEBUG[0m [32mrun_until_complete finished with '0'[0m
[1.974s] [34mcolcon.colcon_core.event_reactor[0m [1;30mDEBUG[0m [32mjoining thread[0m
[1.992s] [34mcolcon.colcon_core.plugin_system[0m [1;30mINFO[0m Skipping extension 'colcon_notification.desktop_notification.terminal_notifier': Not used on non-Darwin systems
[1.992s] [34mcolcon.colcon_core.plugin_system[0m [1;30mINFO[0m Skipping extension 'colcon_notification.desktop_notification.win32': Not used on non-Windows systems
[1.992s] [34mcolcon.colcon_notification.desktop_notification[0m [1;30mINFO[0m Sending desktop notification using 'notify2'
[2.011s] [34mcolcon.colcon_core.event_reactor[0m [1;30mDEBUG[0m [32mjoined thread[0m
[2.012s] [34mcolcon.colcon_core.shell[0m [1;30mINFO[0m Creating prefix script '/home/Gery/ME597_Lab/Lab4/ws1/src/install/local_setup.ps1'
[2.013s] [34mcolcon.colcon_core.shell[0m [1;30mINFO[0m Creating prefix util module '/home/Gery/ME597_Lab/Lab4/ws1/src/install/_local_setup_util_ps1.py'
[2.016s] [34mcolcon.colcon_core.shell[0m [1;30mINFO[0m Creating prefix chain script '/home/Gery/ME597_Lab/Lab4/ws1/src/install/setup.ps1'
[2.018s] [34mcolcon.colcon_core.shell[0m [1;30mINFO[0m Creating prefix script '/home/Gery/ME597_Lab/Lab4/ws1/src/install/local_setup.sh'
[2.019s] [34mcolcon.colcon_core.shell[0m [1;30mINFO[0m Creating prefix util module '/home/Gery/ME597_Lab/Lab4/ws1/src/install/_local_setup_util_sh.py'
[2.019s] [34mcolcon.colcon_core.shell[0m [1;30mINFO[0m Creating prefix chain script '/home/Gery/ME597_Lab/Lab4/ws1/src/install/setup.sh'
[2.022s] [34mcolcon.colcon_core.shell[0m [1;30mINFO[0m Creating prefix script '/home/Gery/ME597_Lab/Lab4/ws1/src/install/local_setup.bash'
[2.023s] [34mcolcon.colcon_core.shell[0m [1;30mINFO[0m Creating prefix chain script '/home/Gery/ME597_Lab/Lab4/ws1/src/install/setup.bash'
[2.024s] [34mcolcon.colcon_core.shell[0m [1;30mINFO[0m Creating prefix script '/home/Gery/ME597_Lab/Lab4/ws1/src/install/local_setup.zsh'
[2.024s] [34mcolcon.colcon_core.shell[0m [1;30mINFO[0m Creating prefix chain script '/home/Gery/ME597_Lab/Lab4/ws1/src/install/setup.zsh'
