[0.144s] DEBUG:colcon:Command line arguments: ['/usr/bin/colcon', 'build']
[0.145s] DEBUG:colcon:Parsed command line arguments: Namespace(log_base=None, log_level=None, verb_name='build', build_base='build', install_base='install', merge_install=False, symlink_install=False, test_result_base=None, continue_on_error=False, executor='parallel', parallel_workers=4, event_handlers=None, ignore_user_meta=False, metas=['./colcon.meta'], base_paths=['.'], packages_ignore=None, packages_ignore_regex=None, paths=None, packages_up_to=None, packages_up_to_regex=None, packages_above=None, packages_above_and_dependencies=None, packages_above_depth=None, packages_select_by_dep=None, packages_skip_by_dep=None, packages_skip_up_to=None, packages_select_build_failed=False, packages_skip_build_finished=False, packages_select_test_failures=False, packages_skip_test_passed=False, packages_select=None, packages_skip=None, packages_select_regex=None, packages_skip_regex=None, packages_start=None, packages_end=None, allow_overriding=[], cmake_args=None, cmake_target=None, cmake_target_skip_unavailable=False, cmake_clean_cache=False, cmake_clean_first=False, cmake_force_configure=False, ament_cmake_args=None, catkin_cmake_args=None, catkin_skip_building_tests=False, mixin_files=None, mixin=None, verb_parser=<colcon_mixin.mixin.mixin_argument.MixinArgumentDecorator object at 0x72f64c6d13c0>, verb_extension=<colcon_core.verb.build.BuildVerb object at 0x72f64c859b70>, main=<bound method BuildVerb.main of <colcon_core.verb.build.BuildVerb object at 0x72f64c859b70>>, mixin_verb=('build',))
[0.322s] Level 1:colcon.colcon_core.package_discovery:discover_packages(colcon_meta) check parameters
[0.322s] Level 1:colcon.colcon_core.package_discovery:discover_packages(recursive) check parameters
[0.322s] Level 1:colcon.colcon_core.package_discovery:discover_packages(ignore) check parameters
[0.322s] Level 1:colcon.colcon_core.package_discovery:discover_packages(path) check parameters
[0.322s] Level 1:colcon.colcon_core.package_discovery:discover_packages(colcon_meta) discover
[0.322s] Level 1:colcon.colcon_core.package_discovery:discover_packages(recursive) discover
[0.322s] INFO:colcon.colcon_core.package_discovery:Crawling recursively for packages in '/home/me597/me597/Lab2/ws1'
[0.322s] Level 1:colcon.colcon_core.package_identification:_identify(.) by extensions ['ignore', 'ignore_ament_install']
[0.322s] Level 1:colcon.colcon_core.package_identification:_identify(.) by extension 'ignore'
[0.322s] Level 1:colcon.colcon_core.package_identification:_identify(.) by extension 'ignore_ament_install'
[0.322s] Level 1:colcon.colcon_core.package_identification:_identify(.) by extensions ['colcon_pkg']
[0.322s] Level 1:colcon.colcon_core.package_identification:_identify(.) by extension 'colcon_pkg'
[0.322s] Level 1:colcon.colcon_core.package_identification:_identify(.) by extensions ['colcon_meta']
[0.322s] Level 1:colcon.colcon_core.package_identification:_identify(.) by extension 'colcon_meta'
[0.322s] Level 1:colcon.colcon_core.package_identification:_identify(.) by extensions ['ros']
[0.323s] Level 1:colcon.colcon_core.package_identification:_identify(.) by extension 'ros'
[0.334s] Level 1:colcon.colcon_core.package_identification:_identify(.) by extensions ['cmake', 'python']
[0.334s] Level 1:colcon.colcon_core.package_identification:_identify(.) by extension 'cmake'
[0.334s] Level 1:colcon.colcon_core.package_identification:_identify(.) by extension 'python'
[0.334s] Level 1:colcon.colcon_core.package_identification:_identify(.) by extensions ['python_setup_py']
[0.334s] Level 1:colcon.colcon_core.package_identification:_identify(.) by extension 'python_setup_py'
[0.334s] Level 1:colcon.colcon_core.package_identification:_identify(build) by extensions ['ignore', 'ignore_ament_install']
[0.334s] Level 1:colcon.colcon_core.package_identification:_identify(build) by extension 'ignore'
[0.335s] Level 1:colcon.colcon_core.package_identification:_identify(build) ignored
[0.335s] Level 1:colcon.colcon_core.package_identification:_identify(install) by extensions ['ignore', 'ignore_ament_install']
[0.335s] Level 1:colcon.colcon_core.package_identification:_identify(install) by extension 'ignore'
[0.335s] Level 1:colcon.colcon_core.package_identification:_identify(install) ignored
[0.335s] Level 1:colcon.colcon_core.package_identification:_identify(log) by extensions ['ignore', 'ignore_ament_install']
[0.335s] Level 1:colcon.colcon_core.package_identification:_identify(log) by extension 'ignore'
[0.335s] Level 1:colcon.colcon_core.package_identification:_identify(log) ignored
[0.335s] Level 1:colcon.colcon_core.package_identification:_identify(src) by extensions ['ignore', 'ignore_ament_install']
[0.335s] Level 1:colcon.colcon_core.package_identification:_identify(src) by extension 'ignore'
[0.335s] Level 1:colcon.colcon_core.package_identification:_identify(src) by extension 'ignore_ament_install'
[0.335s] Level 1:colcon.colcon_core.package_identification:_identify(src) by extensions ['colcon_pkg']
[0.335s] Level 1:colcon.colcon_core.package_identification:_identify(src) by extension 'colcon_pkg'
[0.335s] Level 1:colcon.colcon_core.package_identification:_identify(src) by extensions ['colcon_meta']
[0.336s] Level 1:colcon.colcon_core.package_identification:_identify(src) by extension 'colcon_meta'
[0.336s] Level 1:colcon.colcon_core.package_identification:_identify(src) by extensions ['ros']
[0.336s] Level 1:colcon.colcon_core.package_identification:_identify(src) by extension 'ros'
[0.336s] Level 1:colcon.colcon_core.package_identification:_identify(src) by extensions ['cmake', 'python']
[0.336s] Level 1:colcon.colcon_core.package_identification:_identify(src) by extension 'cmake'
[0.336s] Level 1:colcon.colcon_core.package_identification:_identify(src) by extension 'python'
[0.336s] Level 1:colcon.colcon_core.package_identification:_identify(src) by extensions ['python_setup_py']
[0.336s] Level 1:colcon.colcon_core.package_identification:_identify(src) by extension 'python_setup_py'
[0.336s] Level 1:colcon.colcon_core.package_identification:_identify(src/build) by extensions ['ignore', 'ignore_ament_install']
[0.336s] Level 1:colcon.colcon_core.package_identification:_identify(src/build) by extension 'ignore'
[0.336s] Level 1:colcon.colcon_core.package_identification:_identify(src/build) ignored
[0.336s] Level 1:colcon.colcon_core.package_identification:_identify(src/install) by extensions ['ignore', 'ignore_ament_install']
[0.336s] Level 1:colcon.colcon_core.package_identification:_identify(src/install) by extension 'ignore'
[0.337s] Level 1:colcon.colcon_core.package_identification:_identify(src/install) ignored
[0.337s] Level 1:colcon.colcon_core.package_identification:_identify(src/log) by extensions ['ignore', 'ignore_ament_install']
[0.337s] Level 1:colcon.colcon_core.package_identification:_identify(src/log) by extension 'ignore'
[0.337s] Level 1:colcon.colcon_core.package_identification:_identify(src/log) ignored
[0.337s] Level 1:colcon.colcon_core.package_identification:_identify(src/sim_ws) by extensions ['ignore', 'ignore_ament_install']
[0.337s] Level 1:colcon.colcon_core.package_identification:_identify(src/sim_ws) by extension 'ignore'
[0.337s] Level 1:colcon.colcon_core.package_identification:_identify(src/sim_ws) by extension 'ignore_ament_install'
[0.337s] Level 1:colcon.colcon_core.package_identification:_identify(src/sim_ws) by extensions ['colcon_pkg']
[0.337s] Level 1:colcon.colcon_core.package_identification:_identify(src/sim_ws) by extension 'colcon_pkg'
[0.337s] Level 1:colcon.colcon_core.package_identification:_identify(src/sim_ws) by extensions ['colcon_meta']
[0.337s] Level 1:colcon.colcon_core.package_identification:_identify(src/sim_ws) by extension 'colcon_meta'
[0.337s] Level 1:colcon.colcon_core.package_identification:_identify(src/sim_ws) by extensions ['ros']
[0.338s] Level 1:colcon.colcon_core.package_identification:_identify(src/sim_ws) by extension 'ros'
[0.338s] Level 1:colcon.colcon_core.package_identification:_identify(src/sim_ws) by extensions ['cmake', 'python']
[0.338s] Level 1:colcon.colcon_core.package_identification:_identify(src/sim_ws) by extension 'cmake'
[0.338s] Level 1:colcon.colcon_core.package_identification:_identify(src/sim_ws) by extension 'python'
[0.338s] Level 1:colcon.colcon_core.package_identification:_identify(src/sim_ws) by extensions ['python_setup_py']
[0.338s] Level 1:colcon.colcon_core.package_identification:_identify(src/sim_ws) by extension 'python_setup_py'
[0.338s] Level 1:colcon.colcon_core.package_identification:_identify(src/sim_ws/build) by extensions ['ignore', 'ignore_ament_install']
[0.338s] Level 1:colcon.colcon_core.package_identification:_identify(src/sim_ws/build) by extension 'ignore'
[0.338s] Level 1:colcon.colcon_core.package_identification:_identify(src/sim_ws/build) ignored
[0.338s] Level 1:colcon.colcon_core.package_identification:_identify(src/sim_ws/install) by extensions ['ignore', 'ignore_ament_install']
[0.338s] Level 1:colcon.colcon_core.package_identification:_identify(src/sim_ws/install) by extension 'ignore'
[0.338s] Level 1:colcon.colcon_core.package_identification:_identify(src/sim_ws/install) ignored
[0.339s] Level 1:colcon.colcon_core.package_identification:_identify(src/sim_ws/log) by extensions ['ignore', 'ignore_ament_install']
[0.339s] Level 1:colcon.colcon_core.package_identification:_identify(src/sim_ws/log) by extension 'ignore'
[0.339s] Level 1:colcon.colcon_core.package_identification:_identify(src/sim_ws/log) ignored
[0.339s] Level 1:colcon.colcon_core.package_identification:_identify(src/sim_ws/src) by extensions ['ignore', 'ignore_ament_install']
[0.339s] Level 1:colcon.colcon_core.package_identification:_identify(src/sim_ws/src) by extension 'ignore'
[0.339s] Level 1:colcon.colcon_core.package_identification:_identify(src/sim_ws/src) by extension 'ignore_ament_install'
[0.339s] Level 1:colcon.colcon_core.package_identification:_identify(src/sim_ws/src) by extensions ['colcon_pkg']
[0.339s] Level 1:colcon.colcon_core.package_identification:_identify(src/sim_ws/src) by extension 'colcon_pkg'
[0.339s] Level 1:colcon.colcon_core.package_identification:_identify(src/sim_ws/src) by extensions ['colcon_meta']
[0.339s] Level 1:colcon.colcon_core.package_identification:_identify(src/sim_ws/src) by extension 'colcon_meta'
[0.339s] Level 1:colcon.colcon_core.package_identification:_identify(src/sim_ws/src) by extensions ['ros']
[0.339s] Level 1:colcon.colcon_core.package_identification:_identify(src/sim_ws/src) by extension 'ros'
[0.339s] Level 1:colcon.colcon_core.package_identification:_identify(src/sim_ws/src) by extensions ['cmake', 'python']
[0.339s] Level 1:colcon.colcon_core.package_identification:_identify(src/sim_ws/src) by extension 'cmake'
[0.339s] Level 1:colcon.colcon_core.package_identification:_identify(src/sim_ws/src) by extension 'python'
[0.340s] Level 1:colcon.colcon_core.package_identification:_identify(src/sim_ws/src) by extensions ['python_setup_py']
[0.340s] Level 1:colcon.colcon_core.package_identification:_identify(src/sim_ws/src) by extension 'python_setup_py'
[0.340s] Level 1:colcon.colcon_core.package_identification:_identify(src/sim_ws/src/build) by extensions ['ignore', 'ignore_ament_install']
[0.340s] Level 1:colcon.colcon_core.package_identification:_identify(src/sim_ws/src/build) by extension 'ignore'
[0.340s] Level 1:colcon.colcon_core.package_identification:_identify(src/sim_ws/src/build) ignored
[0.340s] Level 1:colcon.colcon_core.package_identification:_identify(src/sim_ws/src/install) by extensions ['ignore', 'ignore_ament_install']
[0.340s] Level 1:colcon.colcon_core.package_identification:_identify(src/sim_ws/src/install) by extension 'ignore'
[0.340s] Level 1:colcon.colcon_core.package_identification:_identify(src/sim_ws/src/install) ignored
[0.340s] Level 1:colcon.colcon_core.package_identification:_identify(src/sim_ws/src/log) by extensions ['ignore', 'ignore_ament_install']
[0.340s] Level 1:colcon.colcon_core.package_identification:_identify(src/sim_ws/src/log) by extension 'ignore'
[0.340s] Level 1:colcon.colcon_core.package_identification:_identify(src/sim_ws/src/log) ignored
[0.341s] Level 1:colcon.colcon_core.package_identification:_identify(src/sim_ws/src/sim_utils) by extensions ['ignore', 'ignore_ament_install']
[0.341s] Level 1:colcon.colcon_core.package_identification:_identify(src/sim_ws/src/sim_utils) by extension 'ignore'
[0.341s] Level 1:colcon.colcon_core.package_identification:_identify(src/sim_ws/src/sim_utils) by extension 'ignore_ament_install'
[0.341s] Level 1:colcon.colcon_core.package_identification:_identify(src/sim_ws/src/sim_utils) by extensions ['colcon_pkg']
[0.341s] Level 1:colcon.colcon_core.package_identification:_identify(src/sim_ws/src/sim_utils) by extension 'colcon_pkg'
[0.341s] Level 1:colcon.colcon_core.package_identification:_identify(src/sim_ws/src/sim_utils) by extensions ['colcon_meta']
[0.341s] Level 1:colcon.colcon_core.package_identification:_identify(src/sim_ws/src/sim_utils) by extension 'colcon_meta'
[0.341s] Level 1:colcon.colcon_core.package_identification:_identify(src/sim_ws/src/sim_utils) by extensions ['ros']
[0.341s] Level 1:colcon.colcon_core.package_identification:_identify(src/sim_ws/src/sim_utils) by extension 'ros'
[0.344s] DEBUG:colcon.colcon_core.package_identification:Package 'src/sim_ws/src/sim_utils' with type 'ros.ament_python' and name 'sim_utils'
[0.344s] Level 1:colcon.colcon_core.package_identification:_identify(src/sim_ws/src/turtlebot3_gazebo) by extensions ['ignore', 'ignore_ament_install']
[0.344s] Level 1:colcon.colcon_core.package_identification:_identify(src/sim_ws/src/turtlebot3_gazebo) by extension 'ignore'
[0.344s] Level 1:colcon.colcon_core.package_identification:_identify(src/sim_ws/src/turtlebot3_gazebo) by extension 'ignore_ament_install'
[0.344s] Level 1:colcon.colcon_core.package_identification:_identify(src/sim_ws/src/turtlebot3_gazebo) by extensions ['colcon_pkg']
[0.344s] Level 1:colcon.colcon_core.package_identification:_identify(src/sim_ws/src/turtlebot3_gazebo) by extension 'colcon_pkg'
[0.344s] Level 1:colcon.colcon_core.package_identification:_identify(src/sim_ws/src/turtlebot3_gazebo) by extensions ['colcon_meta']
[0.344s] Level 1:colcon.colcon_core.package_identification:_identify(src/sim_ws/src/turtlebot3_gazebo) by extension 'colcon_meta'
[0.344s] Level 1:colcon.colcon_core.package_identification:_identify(src/sim_ws/src/turtlebot3_gazebo) by extensions ['ros']
[0.344s] Level 1:colcon.colcon_core.package_identification:_identify(src/sim_ws/src/turtlebot3_gazebo) by extension 'ros'
[0.345s] DEBUG:colcon.colcon_core.package_identification:Package 'src/sim_ws/src/turtlebot3_gazebo' with type 'ros.ament_cmake' and name 'turtlebot3_gazebo'
[0.345s] Level 1:colcon.colcon_core.package_identification:_identify(src/task_3) by extensions ['ignore', 'ignore_ament_install']
[0.345s] Level 1:colcon.colcon_core.package_identification:_identify(src/task_3) by extension 'ignore'
[0.345s] Level 1:colcon.colcon_core.package_identification:_identify(src/task_3) by extension 'ignore_ament_install'
[0.346s] Level 1:colcon.colcon_core.package_identification:_identify(src/task_3) by extensions ['colcon_pkg']
[0.346s] Level 1:colcon.colcon_core.package_identification:_identify(src/task_3) by extension 'colcon_pkg'
[0.346s] Level 1:colcon.colcon_core.package_identification:_identify(src/task_3) by extensions ['colcon_meta']
[0.346s] Level 1:colcon.colcon_core.package_identification:_identify(src/task_3) by extension 'colcon_meta'
[0.346s] Level 1:colcon.colcon_core.package_identification:_identify(src/task_3) by extensions ['ros']
[0.346s] Level 1:colcon.colcon_core.package_identification:_identify(src/task_3) by extension 'ros'
[0.346s] DEBUG:colcon.colcon_core.package_identification:Package 'src/task_3' with type 'ros.ament_python' and name 'task_3'
[0.346s] Level 1:colcon.colcon_core.package_discovery:discover_packages(recursive) using defaults
[0.347s] Level 1:colcon.colcon_core.package_discovery:discover_packages(ignore) discover
[0.347s] Level 1:colcon.colcon_core.package_discovery:discover_packages(ignore) using defaults
[0.347s] Level 1:colcon.colcon_core.package_discovery:discover_packages(path) discover
[0.347s] Level 1:colcon.colcon_core.package_discovery:discover_packages(path) using defaults
[0.370s] Level 1:colcon.colcon_core.package_discovery:discover_packages(prefix_path) check parameters
[0.370s] Level 1:colcon.colcon_core.package_discovery:discover_packages(prefix_path) discover
[0.371s] WARNING:colcon.colcon_ros.prefix_path.ament:The path '/home/me597/me597/Lab2/ws1/install/turtlebot3_gazebo' in the environment variable AMENT_PREFIX_PATH doesn't exist
[0.371s] WARNING:colcon.colcon_ros.prefix_path.ament:The path '/home/me597/me597/Lab2/ws1/install/task_3' in the environment variable AMENT_PREFIX_PATH doesn't exist
[0.371s] WARNING:colcon.colcon_ros.prefix_path.ament:The path '/home/me597/me597/Lab2/ws1/install/sim_utils' in the environment variable AMENT_PREFIX_PATH doesn't exist
[0.371s] WARNING:colcon.colcon_ros.prefix_path.catkin:The path '/home/me597/me597/Lab2/ws1/install/turtlebot3_gazebo' in the environment variable CMAKE_PREFIX_PATH doesn't exist
[0.372s] DEBUG:colcon.colcon_installed_package_information.package_discovery:Found 0 installed packages in /home/me597/me597/Lab2/ws1/install
[0.374s] DEBUG:colcon.colcon_installed_package_information.package_discovery:Found 334 installed packages in /opt/ros/humble
[0.387s] Level 1:colcon.colcon_core.package_discovery:discover_packages(prefix_path) using defaults
[0.445s] Level 5:colcon.colcon_core.verb:set package 'sim_utils' build argument 'cmake_args' from command line to 'None'
[0.446s] Level 5:colcon.colcon_core.verb:set package 'sim_utils' build argument 'cmake_target' from command line to 'None'
[0.446s] Level 5:colcon.colcon_core.verb:set package 'sim_utils' build argument 'cmake_target_skip_unavailable' from command line to 'False'
[0.446s] Level 5:colcon.colcon_core.verb:set package 'sim_utils' build argument 'cmake_clean_cache' from command line to 'False'
[0.446s] Level 5:colcon.colcon_core.verb:set package 'sim_utils' build argument 'cmake_clean_first' from command line to 'False'
[0.446s] Level 5:colcon.colcon_core.verb:set package 'sim_utils' build argument 'cmake_force_configure' from command line to 'False'
[0.446s] Level 5:colcon.colcon_core.verb:set package 'sim_utils' build argument 'ament_cmake_args' from command line to 'None'
[0.446s] Level 5:colcon.colcon_core.verb:set package 'sim_utils' build argument 'catkin_cmake_args' from command line to 'None'
[0.446s] Level 5:colcon.colcon_core.verb:set package 'sim_utils' build argument 'catkin_skip_building_tests' from command line to 'False'
[0.446s] DEBUG:colcon.colcon_core.verb:Building package 'sim_utils' with the following arguments: {'ament_cmake_args': None, 'build_base': '/home/me597/me597/Lab2/ws1/build/sim_utils', 'catkin_cmake_args': None, 'catkin_skip_building_tests': False, 'cmake_args': None, 'cmake_clean_cache': False, 'cmake_clean_first': False, 'cmake_force_configure': False, 'cmake_target': None, 'cmake_target_skip_unavailable': False, 'install_base': '/home/me597/me597/Lab2/ws1/install/sim_utils', 'merge_install': False, 'path': '/home/me597/me597/Lab2/ws1/src/sim_ws/src/sim_utils', 'symlink_install': False, 'test_result_base': None}
[0.446s] Level 5:colcon.colcon_core.verb:set package 'task_3' build argument 'cmake_args' from command line to 'None'
[0.446s] Level 5:colcon.colcon_core.verb:set package 'task_3' build argument 'cmake_target' from command line to 'None'
[0.446s] Level 5:colcon.colcon_core.verb:set package 'task_3' build argument 'cmake_target_skip_unavailable' from command line to 'False'
[0.446s] Level 5:colcon.colcon_core.verb:set package 'task_3' build argument 'cmake_clean_cache' from command line to 'False'
[0.447s] Level 5:colcon.colcon_core.verb:set package 'task_3' build argument 'cmake_clean_first' from command line to 'False'
[0.447s] Level 5:colcon.colcon_core.verb:set package 'task_3' build argument 'cmake_force_configure' from command line to 'False'
[0.447s] Level 5:colcon.colcon_core.verb:set package 'task_3' build argument 'ament_cmake_args' from command line to 'None'
[0.447s] Level 5:colcon.colcon_core.verb:set package 'task_3' build argument 'catkin_cmake_args' from command line to 'None'
[0.447s] Level 5:colcon.colcon_core.verb:set package 'task_3' build argument 'catkin_skip_building_tests' from command line to 'False'
[0.447s] DEBUG:colcon.colcon_core.verb:Building package 'task_3' with the following arguments: {'ament_cmake_args': None, 'build_base': '/home/me597/me597/Lab2/ws1/build/task_3', 'catkin_cmake_args': None, 'catkin_skip_building_tests': False, 'cmake_args': None, 'cmake_clean_cache': False, 'cmake_clean_first': False, 'cmake_force_configure': False, 'cmake_target': None, 'cmake_target_skip_unavailable': False, 'install_base': '/home/me597/me597/Lab2/ws1/install/task_3', 'merge_install': False, 'path': '/home/me597/me597/Lab2/ws1/src/task_3', 'symlink_install': False, 'test_result_base': None}
[0.447s] Level 5:colcon.colcon_core.verb:set package 'turtlebot3_gazebo' build argument 'cmake_args' from command line to 'None'
[0.447s] Level 5:colcon.colcon_core.verb:set package 'turtlebot3_gazebo' build argument 'cmake_target' from command line to 'None'
[0.447s] Level 5:colcon.colcon_core.verb:set package 'turtlebot3_gazebo' build argument 'cmake_target_skip_unavailable' from command line to 'False'
[0.447s] Level 5:colcon.colcon_core.verb:set package 'turtlebot3_gazebo' build argument 'cmake_clean_cache' from command line to 'False'
[0.447s] Level 5:colcon.colcon_core.verb:set package 'turtlebot3_gazebo' build argument 'cmake_clean_first' from command line to 'False'
[0.447s] Level 5:colcon.colcon_core.verb:set package 'turtlebot3_gazebo' build argument 'cmake_force_configure' from command line to 'False'
[0.447s] Level 5:colcon.colcon_core.verb:set package 'turtlebot3_gazebo' build argument 'ament_cmake_args' from command line to 'None'
[0.447s] Level 5:colcon.colcon_core.verb:set package 'turtlebot3_gazebo' build argument 'catkin_cmake_args' from command line to 'None'
[0.447s] Level 5:colcon.colcon_core.verb:set package 'turtlebot3_gazebo' build argument 'catkin_skip_building_tests' from command line to 'False'
[0.447s] DEBUG:colcon.colcon_core.verb:Building package 'turtlebot3_gazebo' with the following arguments: {'ament_cmake_args': None, 'build_base': '/home/me597/me597/Lab2/ws1/build/turtlebot3_gazebo', 'catkin_cmake_args': None, 'catkin_skip_building_tests': False, 'cmake_args': None, 'cmake_clean_cache': False, 'cmake_clean_first': False, 'cmake_force_configure': False, 'cmake_target': None, 'cmake_target_skip_unavailable': False, 'install_base': '/home/me597/me597/Lab2/ws1/install/turtlebot3_gazebo', 'merge_install': False, 'path': '/home/me597/me597/Lab2/ws1/src/sim_ws/src/turtlebot3_gazebo', 'symlink_install': False, 'test_result_base': None}
[0.448s] INFO:colcon.colcon_core.executor:Executing jobs using 'parallel' executor
[0.449s] DEBUG:colcon.colcon_parallel_executor.executor.parallel:run_until_complete
[0.450s] INFO:colcon.colcon_ros.task.ament_python.build:Building ROS package in '/home/me597/me597/Lab2/ws1/src/sim_ws/src/sim_utils' with build type 'ament_python'
[0.450s] Level 1:colcon.colcon_core.shell:create_environment_hook('sim_utils', 'ament_prefix_path')
[0.452s] INFO:colcon.colcon_core.plugin_system:Skipping extension 'colcon_core.shell.bat': Not used on non-Windows systems
[0.453s] INFO:colcon.colcon_core.shell:Creating environment hook '/home/me597/me597/Lab2/ws1/install/sim_utils/share/sim_utils/hook/ament_prefix_path.ps1'
[0.454s] INFO:colcon.colcon_core.shell:Creating environment descriptor '/home/me597/me597/Lab2/ws1/install/sim_utils/share/sim_utils/hook/ament_prefix_path.dsv'
[0.455s] INFO:colcon.colcon_core.shell:Creating environment hook '/home/me597/me597/Lab2/ws1/install/sim_utils/share/sim_utils/hook/ament_prefix_path.sh'
[0.456s] INFO:colcon.colcon_core.shell:Skip shell extension 'powershell' for command environment: Not usable outside of PowerShell
[0.456s] DEBUG:colcon.colcon_core.shell:Skip shell extension 'dsv' for command environment
[0.461s] INFO:colcon.colcon_ros.task.ament_python.build:Building ROS package in '/home/me597/me597/Lab2/ws1/src/task_3' with build type 'ament_python'
[0.461s] Level 1:colcon.colcon_core.shell:create_environment_hook('task_3', 'ament_prefix_path')
[0.462s] INFO:colcon.colcon_core.shell:Creating environment hook '/home/me597/me597/Lab2/ws1/install/task_3/share/task_3/hook/ament_prefix_path.ps1'
[0.462s] INFO:colcon.colcon_core.shell:Creating environment descriptor '/home/me597/me597/Lab2/ws1/install/task_3/share/task_3/hook/ament_prefix_path.dsv'
[0.463s] INFO:colcon.colcon_core.shell:Creating environment hook '/home/me597/me597/Lab2/ws1/install/task_3/share/task_3/hook/ament_prefix_path.sh'
[0.463s] INFO:colcon.colcon_core.shell:Skip shell extension 'powershell' for command environment: Not usable outside of PowerShell
[0.464s] DEBUG:colcon.colcon_core.shell:Skip shell extension 'dsv' for command environment
[0.470s] INFO:colcon.colcon_ros.task.ament_cmake.build:Building ROS package in '/home/me597/me597/Lab2/ws1/src/sim_ws/src/turtlebot3_gazebo' with build type 'ament_cmake'
[0.470s] INFO:colcon.colcon_cmake.task.cmake.build:Building CMake package in '/home/me597/me597/Lab2/ws1/src/sim_ws/src/turtlebot3_gazebo'
[0.470s] INFO:colcon.colcon_core.shell:Skip shell extension 'powershell' for command environment: Not usable outside of PowerShell
[0.471s] DEBUG:colcon.colcon_core.shell:Skip shell extension 'dsv' for command environment
[0.842s] INFO:colcon.colcon_core.task.python.build:Building Python package in '/home/me597/me597/Lab2/ws1/src/sim_ws/src/sim_utils'
[0.842s] INFO:colcon.colcon_core.shell:Skip shell extension 'powershell' for command environment: Not usable outside of PowerShell
[0.842s] DEBUG:colcon.colcon_core.shell:Skip shell extension 'dsv' for command environment
[1.213s] INFO:colcon.colcon_core.task.python.build:Building Python package in '/home/me597/me597/Lab2/ws1/src/task_3'
[1.214s] INFO:colcon.colcon_core.shell:Skip shell extension 'powershell' for command environment: Not usable outside of PowerShell
[1.214s] DEBUG:colcon.colcon_core.shell:Skip shell extension 'dsv' for command environment
[1.227s] DEBUG:colcon.colcon_core.event_handler.log_command:Invoking command in '/home/me597/me597/Lab2/ws1/build/turtlebot3_gazebo': CMAKE_PREFIX_PATH=${CMAKE_PREFIX_PATH}:/home/me597/me597/Lab2/ws1/install/task_3:/home/me597/me597/Lab2/ws1/install/sim_utils:/opt/ros/humble /usr/bin/cmake /home/me597/me597/Lab2/ws1/src/sim_ws/src/turtlebot3_gazebo -DCMAKE_INSTALL_PREFIX=/home/me597/me597/Lab2/ws1/install/turtlebot3_gazebo
[2.007s] DEBUG:colcon.colcon_core.event_handler.log_command:Invoking command in '/home/me597/me597/Lab2/ws1/src/sim_ws/src/sim_utils': PYTHONPATH=/home/me597/me597/Lab2/ws1/build/sim_utils/prefix_override:/usr/lib/python3/dist-packages/colcon_core/task/python/colcon_distutils_commands:/home/me597/me597/Lab2/ws1/install/sim_utils/lib/python3.10/site-packages:${PYTHONPATH} /usr/bin/python3 -W ignore:setup.py install is deprecated setup.py egg_info --egg-base ../../../../build/sim_utils build --build-base /home/me597/me597/Lab2/ws1/build/sim_utils/build install --record /home/me597/me597/Lab2/ws1/build/sim_utils/install.log --single-version-externally-managed install_data
[2.124s] DEBUG:colcon.colcon_core.event_handler.log_command:Invoking command in '/home/me597/me597/Lab2/ws1/src/task_3': PYTHONPATH=/home/me597/me597/Lab2/ws1/build/task_3/prefix_override:/usr/lib/python3/dist-packages/colcon_core/task/python/colcon_distutils_commands:/home/me597/me597/Lab2/ws1/install/task_3/lib/python3.10/site-packages:${PYTHONPATH} /usr/bin/python3 -W ignore:setup.py install is deprecated setup.py egg_info --egg-base ../../build/task_3 build --build-base /home/me597/me597/Lab2/ws1/build/task_3/build install --record /home/me597/me597/Lab2/ws1/build/task_3/install.log --single-version-externally-managed install_data
[2.609s] DEBUG:colcon.colcon_core.event_handler.log_command:Invoked command in '/home/me597/me597/Lab2/ws1/src/sim_ws/src/sim_utils' returned '0': PYTHONPATH=/home/me597/me597/Lab2/ws1/build/sim_utils/prefix_override:/usr/lib/python3/dist-packages/colcon_core/task/python/colcon_distutils_commands:/home/me597/me597/Lab2/ws1/install/sim_utils/lib/python3.10/site-packages:${PYTHONPATH} /usr/bin/python3 -W ignore:setup.py install is deprecated setup.py egg_info --egg-base ../../../../build/sim_utils build --build-base /home/me597/me597/Lab2/ws1/build/sim_utils/build install --record /home/me597/me597/Lab2/ws1/build/sim_utils/install.log --single-version-externally-managed install_data
[2.612s] Level 1:colcon.colcon_core.environment:checking '/home/me597/me597/Lab2/ws1/install/sim_utils' for CMake module files
[2.615s] Level 1:colcon.colcon_core.environment:checking '/home/me597/me597/Lab2/ws1/install/sim_utils' for CMake config files
[2.616s] Level 1:colcon.colcon_core.environment:checking '/home/me597/me597/Lab2/ws1/install/sim_utils/lib'
[2.616s] Level 1:colcon.colcon_core.environment:checking '/home/me597/me597/Lab2/ws1/install/sim_utils/bin'
[2.616s] Level 1:colcon.colcon_core.environment:checking '/home/me597/me597/Lab2/ws1/install/sim_utils/lib/pkgconfig/sim_utils.pc'
[2.616s] Level 1:colcon.colcon_core.environment:checking '/home/me597/me597/Lab2/ws1/install/sim_utils/lib/python3.10/site-packages'
[2.616s] Level 1:colcon.colcon_core.shell:create_environment_hook('sim_utils', 'pythonpath')
[2.617s] INFO:colcon.colcon_core.shell:Creating environment hook '/home/me597/me597/Lab2/ws1/install/sim_utils/share/sim_utils/hook/pythonpath.ps1'
[2.620s] INFO:colcon.colcon_core.shell:Creating environment descriptor '/home/me597/me597/Lab2/ws1/install/sim_utils/share/sim_utils/hook/pythonpath.dsv'
[2.621s] INFO:colcon.colcon_core.shell:Creating environment hook '/home/me597/me597/Lab2/ws1/install/sim_utils/share/sim_utils/hook/pythonpath.sh'
[2.622s] Level 1:colcon.colcon_core.environment:checking '/home/me597/me597/Lab2/ws1/install/sim_utils/bin'
[2.622s] Level 1:colcon.colcon_core.environment:create_environment_scripts_only(sim_utils)
[2.622s] INFO:colcon.colcon_core.shell:Creating package script '/home/me597/me597/Lab2/ws1/install/sim_utils/share/sim_utils/package.ps1'
[2.623s] INFO:colcon.colcon_core.shell:Creating package descriptor '/home/me597/me597/Lab2/ws1/install/sim_utils/share/sim_utils/package.dsv'
[2.624s] INFO:colcon.colcon_core.shell:Creating package script '/home/me597/me597/Lab2/ws1/install/sim_utils/share/sim_utils/package.sh'
[2.628s] INFO:colcon.colcon_core.shell:Creating package script '/home/me597/me597/Lab2/ws1/install/sim_utils/share/sim_utils/package.bash'
[2.631s] INFO:colcon.colcon_core.shell:Creating package script '/home/me597/me597/Lab2/ws1/install/sim_utils/share/sim_utils/package.zsh'
[2.632s] Level 1:colcon.colcon_core.environment:create_file_with_runtime_dependencies(/home/me597/me597/Lab2/ws1/install/sim_utils/share/colcon-core/packages/sim_utils)
[2.726s] Level 1:colcon.colcon_core.environment:checking '/home/me597/me597/Lab2/ws1/install/task_3' for CMake module files
[2.726s] Level 1:colcon.colcon_core.environment:checking '/home/me597/me597/Lab2/ws1/install/task_3' for CMake config files
[2.727s] Level 1:colcon.colcon_core.environment:checking '/home/me597/me597/Lab2/ws1/install/task_3/lib'
[2.727s] Level 1:colcon.colcon_core.environment:checking '/home/me597/me597/Lab2/ws1/install/task_3/bin'
[2.728s] Level 1:colcon.colcon_core.environment:checking '/home/me597/me597/Lab2/ws1/install/task_3/lib/pkgconfig/task_3.pc'
[2.728s] Level 1:colcon.colcon_core.environment:checking '/home/me597/me597/Lab2/ws1/install/task_3/lib/python3.10/site-packages'
[2.728s] Level 1:colcon.colcon_core.shell:create_environment_hook('task_3', 'pythonpath')
[2.728s] INFO:colcon.colcon_core.shell:Creating environment hook '/home/me597/me597/Lab2/ws1/install/task_3/share/task_3/hook/pythonpath.ps1'
[2.729s] DEBUG:colcon.colcon_core.event_handler.log_command:Invoked command in '/home/me597/me597/Lab2/ws1/src/task_3' returned '0': PYTHONPATH=/home/me597/me597/Lab2/ws1/build/task_3/prefix_override:/usr/lib/python3/dist-packages/colcon_core/task/python/colcon_distutils_commands:/home/me597/me597/Lab2/ws1/install/task_3/lib/python3.10/site-packages:${PYTHONPATH} /usr/bin/python3 -W ignore:setup.py install is deprecated setup.py egg_info --egg-base ../../build/task_3 build --build-base /home/me597/me597/Lab2/ws1/build/task_3/build install --record /home/me597/me597/Lab2/ws1/build/task_3/install.log --single-version-externally-managed install_data
[2.730s] INFO:colcon.colcon_core.shell:Creating environment descriptor '/home/me597/me597/Lab2/ws1/install/task_3/share/task_3/hook/pythonpath.dsv'
[2.730s] INFO:colcon.colcon_core.shell:Creating environment hook '/home/me597/me597/Lab2/ws1/install/task_3/share/task_3/hook/pythonpath.sh'
[2.731s] Level 1:colcon.colcon_core.environment:checking '/home/me597/me597/Lab2/ws1/install/task_3/bin'
[2.731s] Level 1:colcon.colcon_core.environment:create_environment_scripts_only(task_3)
[2.731s] INFO:colcon.colcon_core.shell:Creating package script '/home/me597/me597/Lab2/ws1/install/task_3/share/task_3/package.ps1'
[2.732s] INFO:colcon.colcon_core.shell:Creating package descriptor '/home/me597/me597/Lab2/ws1/install/task_3/share/task_3/package.dsv'
[2.733s] INFO:colcon.colcon_core.shell:Creating package script '/home/me597/me597/Lab2/ws1/install/task_3/share/task_3/package.sh'
[2.733s] INFO:colcon.colcon_core.shell:Creating package script '/home/me597/me597/Lab2/ws1/install/task_3/share/task_3/package.bash'
[2.734s] INFO:colcon.colcon_core.shell:Creating package script '/home/me597/me597/Lab2/ws1/install/task_3/share/task_3/package.zsh'
[2.734s] Level 1:colcon.colcon_core.environment:create_file_with_runtime_dependencies(/home/me597/me597/Lab2/ws1/install/task_3/share/colcon-core/packages/task_3)
[4.127s] DEBUG:colcon.colcon_core.event_handler.log_command:Invoked command in '/home/me597/me597/Lab2/ws1/build/turtlebot3_gazebo' returned '0': CMAKE_PREFIX_PATH=${CMAKE_PREFIX_PATH}:/home/me597/me597/Lab2/ws1/install/task_3:/home/me597/me597/Lab2/ws1/install/sim_utils:/opt/ros/humble /usr/bin/cmake /home/me597/me597/Lab2/ws1/src/sim_ws/src/turtlebot3_gazebo -DCMAKE_INSTALL_PREFIX=/home/me597/me597/Lab2/ws1/install/turtlebot3_gazebo
[4.129s] DEBUG:colcon.colcon_core.event_handler.log_command:Invoking command in '/home/me597/me597/Lab2/ws1/build/turtlebot3_gazebo': CMAKE_PREFIX_PATH=${CMAKE_PREFIX_PATH}:/home/me597/me597/Lab2/ws1/install/task_3:/home/me597/me597/Lab2/ws1/install/sim_utils:/opt/ros/humble /usr/bin/cmake --build /home/me597/me597/Lab2/ws1/build/turtlebot3_gazebo -- -j4 -l4
[4.182s] DEBUG:colcon.colcon_core.event_handler.log_command:Invoked command in '/home/me597/me597/Lab2/ws1/build/turtlebot3_gazebo' returned '0': CMAKE_PREFIX_PATH=${CMAKE_PREFIX_PATH}:/home/me597/me597/Lab2/ws1/install/task_3:/home/me597/me597/Lab2/ws1/install/sim_utils:/opt/ros/humble /usr/bin/cmake --build /home/me597/me597/Lab2/ws1/build/turtlebot3_gazebo -- -j4 -l4
[4.235s] DEBUG:colcon.colcon_core.event_handler.log_command:Invoking command in '/home/me597/me597/Lab2/ws1/build/turtlebot3_gazebo': CMAKE_PREFIX_PATH=${CMAKE_PREFIX_PATH}:/home/me597/me597/Lab2/ws1/install/task_3:/home/me597/me597/Lab2/ws1/install/sim_utils:/opt/ros/humble /usr/bin/cmake --install /home/me597/me597/Lab2/ws1/build/turtlebot3_gazebo
[4.266s] Level 1:colcon.colcon_core.environment:create_environment_scripts_only(turtlebot3_gazebo)
[4.266s] Level 1:colcon.colcon_core.environment:checking '/home/me597/me597/Lab2/ws1/install/turtlebot3_gazebo' for CMake module files
[4.267s] DEBUG:colcon.colcon_core.event_handler.log_command:Invoked command in '/home/me597/me597/Lab2/ws1/build/turtlebot3_gazebo' returned '0': CMAKE_PREFIX_PATH=${CMAKE_PREFIX_PATH}:/home/me597/me597/Lab2/ws1/install/task_3:/home/me597/me597/Lab2/ws1/install/sim_utils:/opt/ros/humble /usr/bin/cmake --install /home/me597/me597/Lab2/ws1/build/turtlebot3_gazebo
[4.267s] Level 1:colcon.colcon_core.environment:checking '/home/me597/me597/Lab2/ws1/install/turtlebot3_gazebo' for CMake config files
[4.268s] Level 1:colcon.colcon_core.shell:create_environment_hook('turtlebot3_gazebo', 'cmake_prefix_path')
[4.268s] INFO:colcon.colcon_core.shell:Creating environment hook '/home/me597/me597/Lab2/ws1/install/turtlebot3_gazebo/share/turtlebot3_gazebo/hook/cmake_prefix_path.ps1'
[4.268s] INFO:colcon.colcon_core.shell:Creating environment descriptor '/home/me597/me597/Lab2/ws1/install/turtlebot3_gazebo/share/turtlebot3_gazebo/hook/cmake_prefix_path.dsv'
[4.269s] INFO:colcon.colcon_core.shell:Creating environment hook '/home/me597/me597/Lab2/ws1/install/turtlebot3_gazebo/share/turtlebot3_gazebo/hook/cmake_prefix_path.sh'
[4.269s] Level 1:colcon.colcon_core.environment:checking '/home/me597/me597/Lab2/ws1/install/turtlebot3_gazebo/lib'
[4.269s] Level 1:colcon.colcon_core.environment:checking '/home/me597/me597/Lab2/ws1/install/turtlebot3_gazebo/bin'
[4.269s] Level 1:colcon.colcon_core.environment:checking '/home/me597/me597/Lab2/ws1/install/turtlebot3_gazebo/lib/pkgconfig/turtlebot3_gazebo.pc'
[4.269s] Level 1:colcon.colcon_core.environment:checking '/home/me597/me597/Lab2/ws1/install/turtlebot3_gazebo/lib/python3.10/site-packages'
[4.270s] Level 1:colcon.colcon_core.environment:checking '/home/me597/me597/Lab2/ws1/install/turtlebot3_gazebo/bin'
[4.270s] INFO:colcon.colcon_core.shell:Creating package script '/home/me597/me597/Lab2/ws1/install/turtlebot3_gazebo/share/turtlebot3_gazebo/package.ps1'
[4.270s] INFO:colcon.colcon_core.shell:Creating package descriptor '/home/me597/me597/Lab2/ws1/install/turtlebot3_gazebo/share/turtlebot3_gazebo/package.dsv'
[4.271s] INFO:colcon.colcon_core.shell:Creating package script '/home/me597/me597/Lab2/ws1/install/turtlebot3_gazebo/share/turtlebot3_gazebo/package.sh'
[4.271s] INFO:colcon.colcon_core.shell:Creating package script '/home/me597/me597/Lab2/ws1/install/turtlebot3_gazebo/share/turtlebot3_gazebo/package.bash'
[4.271s] INFO:colcon.colcon_core.shell:Creating package script '/home/me597/me597/Lab2/ws1/install/turtlebot3_gazebo/share/turtlebot3_gazebo/package.zsh'
[4.272s] Level 1:colcon.colcon_core.environment:create_file_with_runtime_dependencies(/home/me597/me597/Lab2/ws1/install/turtlebot3_gazebo/share/colcon-core/packages/turtlebot3_gazebo)
[4.305s] Level 1:colcon.colcon_core.environment:create_environment_scripts_only(turtlebot3_gazebo)
[4.305s] Level 1:colcon.colcon_core.environment:checking '/home/me597/me597/Lab2/ws1/install/turtlebot3_gazebo' for CMake module files
[4.306s] Level 1:colcon.colcon_core.environment:checking '/home/me597/me597/Lab2/ws1/install/turtlebot3_gazebo' for CMake config files
[4.306s] Level 1:colcon.colcon_core.shell:create_environment_hook('turtlebot3_gazebo', 'cmake_prefix_path')
[4.307s] INFO:colcon.colcon_core.shell:Creating environment hook '/home/me597/me597/Lab2/ws1/install/turtlebot3_gazebo/share/turtlebot3_gazebo/hook/cmake_prefix_path.ps1'
[4.307s] INFO:colcon.colcon_core.shell:Creating environment descriptor '/home/me597/me597/Lab2/ws1/install/turtlebot3_gazebo/share/turtlebot3_gazebo/hook/cmake_prefix_path.dsv'
[4.307s] INFO:colcon.colcon_core.shell:Creating environment hook '/home/me597/me597/Lab2/ws1/install/turtlebot3_gazebo/share/turtlebot3_gazebo/hook/cmake_prefix_path.sh'
[4.308s] Level 1:colcon.colcon_core.environment:checking '/home/me597/me597/Lab2/ws1/install/turtlebot3_gazebo/lib'
[4.308s] Level 1:colcon.colcon_core.environment:checking '/home/me597/me597/Lab2/ws1/install/turtlebot3_gazebo/bin'
[4.308s] Level 1:colcon.colcon_core.environment:checking '/home/me597/me597/Lab2/ws1/install/turtlebot3_gazebo/lib/pkgconfig/turtlebot3_gazebo.pc'
[4.309s] Level 1:colcon.colcon_core.environment:checking '/home/me597/me597/Lab2/ws1/install/turtlebot3_gazebo/lib/python3.10/site-packages'
[4.309s] Level 1:colcon.colcon_core.environment:checking '/home/me597/me597/Lab2/ws1/install/turtlebot3_gazebo/bin'
[4.309s] INFO:colcon.colcon_core.shell:Creating package script '/home/me597/me597/Lab2/ws1/install/turtlebot3_gazebo/share/turtlebot3_gazebo/package.ps1'
[4.309s] INFO:colcon.colcon_core.shell:Creating package descriptor '/home/me597/me597/Lab2/ws1/install/turtlebot3_gazebo/share/turtlebot3_gazebo/package.dsv'
[4.310s] INFO:colcon.colcon_core.shell:Creating package script '/home/me597/me597/Lab2/ws1/install/turtlebot3_gazebo/share/turtlebot3_gazebo/package.sh'
[4.310s] INFO:colcon.colcon_core.shell:Creating package script '/home/me597/me597/Lab2/ws1/install/turtlebot3_gazebo/share/turtlebot3_gazebo/package.bash'
[4.311s] INFO:colcon.colcon_core.shell:Creating package script '/home/me597/me597/Lab2/ws1/install/turtlebot3_gazebo/share/turtlebot3_gazebo/package.zsh'
[4.311s] Level 1:colcon.colcon_core.environment:create_file_with_runtime_dependencies(/home/me597/me597/Lab2/ws1/install/turtlebot3_gazebo/share/colcon-core/packages/turtlebot3_gazebo)
[4.312s] DEBUG:colcon.colcon_parallel_executor.executor.parallel:closing loop
[4.312s] DEBUG:colcon.colcon_parallel_executor.executor.parallel:loop closed
[4.312s] DEBUG:colcon.colcon_parallel_executor.executor.parallel:run_until_complete finished with '0'
[4.312s] DEBUG:colcon.colcon_core.event_reactor:joining thread
[4.319s] INFO:colcon.colcon_core.plugin_system:Skipping extension 'colcon_notification.desktop_notification.terminal_notifier': Not used on non-Darwin systems
[4.319s] INFO:colcon.colcon_core.plugin_system:Skipping extension 'colcon_notification.desktop_notification.win32': Not used on non-Windows systems
[4.319s] INFO:colcon.colcon_notification.desktop_notification:Sending desktop notification using 'notify2'
[4.335s] DEBUG:colcon.colcon_core.event_reactor:joined thread
[4.336s] INFO:colcon.colcon_core.shell:Creating prefix script '/home/me597/me597/Lab2/ws1/install/local_setup.ps1'
[4.339s] INFO:colcon.colcon_core.shell:Creating prefix util module '/home/me597/me597/Lab2/ws1/install/_local_setup_util_ps1.py'
[4.341s] INFO:colcon.colcon_core.shell:Creating prefix chain script '/home/me597/me597/Lab2/ws1/install/setup.ps1'
[4.342s] INFO:colcon.colcon_core.shell:Creating prefix script '/home/me597/me597/Lab2/ws1/install/local_setup.sh'
[4.343s] INFO:colcon.colcon_core.shell:Creating prefix util module '/home/me597/me597/Lab2/ws1/install/_local_setup_util_sh.py'
[4.343s] INFO:colcon.colcon_core.shell:Creating prefix chain script '/home/me597/me597/Lab2/ws1/install/setup.sh'
[4.344s] INFO:colcon.colcon_core.shell:Creating prefix script '/home/me597/me597/Lab2/ws1/install/local_setup.bash'
[4.345s] INFO:colcon.colcon_core.shell:Creating prefix chain script '/home/me597/me597/Lab2/ws1/install/setup.bash'
[4.346s] INFO:colcon.colcon_core.shell:Creating prefix script '/home/me597/me597/Lab2/ws1/install/local_setup.zsh'
[4.347s] INFO:colcon.colcon_core.shell:Creating prefix chain script '/home/me597/me597/Lab2/ws1/install/setup.zsh'
