[0.820s] Invoking command in '/home/me597/me597/Lab1/ws1/build/task_2': CMAKE_PREFIX_PATH=/home/me597/me597/Lab1/ws1/install/task_2_interfaces:/home/me597/me597/Lab1/ws1/install/tutorial_interfaces LD_LIBRARY_PATH=/home/me597/me597/Lab1/ws1/install/task_2_interfaces/lib:/home/me597/me597/Lab1/ws1/install/tutorial_interfaces/lib:/usr/lib/x86_64-linux-gnu/gazebo-11/plugins:/opt/ros/humble/opt/rviz_ogre_vendor/lib:/opt/ros/humble/lib/x86_64-linux-gnu:/opt/ros/humble/lib PYTHONPATH=/home/me597/me597/Lab1/ws1/build/task_2/prefix_override:/usr/lib/python3/dist-packages/colcon_core/task/python/colcon_distutils_commands:/home/me597/me597/Lab1/ws1/install/task_2/lib/python3.10/site-packages:${PYTHONPATH} /usr/bin/python3 -W ignore:setup.py install is deprecated setup.py develop --editable --build-directory /home/me597/me597/Lab1/ws1/build/task_2/build --no-deps symlink_data
[1.124s] running develop
[1.125s] /usr/lib/python3/dist-packages/setuptools/command/easy_install.py:158: EasyInstallDeprecationWarning: easy_install command is deprecated. Use build and pip and other standards-based tools.
[1.125s]   warnings.warn(
[1.303s] running egg_info
[1.303s] writing task_2.egg-info/PKG-INFO
[1.304s] writing dependency_links to task_2.egg-info/dependency_links.txt
[1.304s] writing entry points to task_2.egg-info/entry_points.txt
[1.304s] writing requirements to task_2.egg-info/requires.txt
[1.304s] writing top-level names to task_2.egg-info/top_level.txt
[1.306s] reading manifest file 'task_2.egg-info/SOURCES.txt'
[1.307s] writing manifest file 'task_2.egg-info/SOURCES.txt'
[1.308s] running build_ext
[1.308s] Creating /home/me597/me597/Lab1/ws1/install/task_2/lib/python3.10/site-packages/task-2.egg-link (link to .)
[1.309s] Installing client script to /home/me597/me597/Lab1/ws1/install/task_2/lib/task_2
[1.309s] Installing listener script to /home/me597/me597/Lab1/ws1/install/task_2/lib/task_2
[1.309s] Installing service script to /home/me597/me597/Lab1/ws1/install/task_2/lib/task_2
[1.310s] Installing talker script to /home/me597/me597/Lab1/ws1/install/task_2/lib/task_2
[1.310s] 
[1.310s] Installed /home/me597/me597/Lab1/ws1/build/task_2
[1.310s] running symlink_data
[1.338s] Invoked command in '/home/me597/me597/Lab1/ws1/build/task_2' returned '0': CMAKE_PREFIX_PATH=/home/me597/me597/Lab1/ws1/install/task_2_interfaces:/home/me597/me597/Lab1/ws1/install/tutorial_interfaces LD_LIBRARY_PATH=/home/me597/me597/Lab1/ws1/install/task_2_interfaces/lib:/home/me597/me597/Lab1/ws1/install/tutorial_interfaces/lib:/usr/lib/x86_64-linux-gnu/gazebo-11/plugins:/opt/ros/humble/opt/rviz_ogre_vendor/lib:/opt/ros/humble/lib/x86_64-linux-gnu:/opt/ros/humble/lib PYTHONPATH=/home/me597/me597/Lab1/ws1/build/task_2/prefix_override:/usr/lib/python3/dist-packages/colcon_core/task/python/colcon_distutils_commands:/home/me597/me597/Lab1/ws1/install/task_2/lib/python3.10/site-packages:${PYTHONPATH} /usr/bin/python3 -W ignore:setup.py install is deprecated setup.py develop --editable --build-directory /home/me597/me597/Lab1/ws1/build/task_2/build --no-deps symlink_data
