[0.029s] Invoking command in '/home/Gery/ME597_Lab/Lab4/ws1/build/image_geometry': CMAKE_PREFIX_PATH=/opt/ros/humble /usr/bin/cmake /home/Gery/ME597_Lab/Lab4/ws1/src/vision_opencv/image_geometry -DCMAKE_INSTALL_PREFIX=/home/Gery/ME597_Lab/Lab4/ws1/install/image_geometry
[0.438s] -- The C compiler identification is GNU 11.4.0
[0.771s] -- The CXX compiler identification is GNU 11.4.0
[0.787s] -- Detecting C compiler ABI info
[0.912s] -- Detecting C compiler ABI info - done
[0.924s] -- Check for working C compiler: /usr/bin/cc - skipped
[0.924s] -- Detecting C compile features
[0.928s] -- Detecting C compile features - done
[0.930s] -- Detecting CXX compiler ABI info
[1.072s] -- Detecting CXX compiler ABI info - done
[1.104s] -- Check for working CXX compiler: /usr/bin/c++ - skipped
[1.104s] -- Detecting CXX compile features
[1.108s] -- Detecting CXX compile features - done
[1.114s] -- Found ament_cmake_python: 1.3.12 (/opt/ros/humble/share/ament_cmake_python/cmake)
[1.117s] -- Found ament_cmake_ros: 0.10.0 (/opt/ros/humble/share/ament_cmake_ros/cmake)
[1.639s] -- Found Python3: /usr/bin/python3 (found version "3.10.12") found components: Interpreter 
[1.883s] -- Found OpenCV: /usr (found version "4.5.4") found components: calib3d core highgui imgproc 
[1.887s] -- Found sensor_msgs: 4.9.0 (/opt/ros/humble/share/sensor_msgs/cmake)
[1.967s] -- Found rosidl_generator_c: 3.1.7 (/opt/ros/humble/share/rosidl_generator_c/cmake)
[1.979s] -- Found rosidl_adapter: 3.1.7 (/opt/ros/humble/share/rosidl_adapter/cmake)
[2.006s] -- Found rosidl_generator_cpp: 3.1.7 (/opt/ros/humble/share/rosidl_generator_cpp/cmake)
[2.037s] -- Using all available rosidl_typesupport_c: rosidl_typesupport_fastrtps_c;rosidl_typesupport_introspection_c
[2.102s] -- Using all available rosidl_typesupport_cpp: rosidl_typesupport_fastrtps_cpp;rosidl_typesupport_introspection_cpp
[2.801s] -- Found gtest sources under '/opt/ros/humble/src/gtest_vendor': C++ tests using 'Google Test' will be built
[2.807s] -- Looking for pthread.h
[2.915s] -- Looking for pthread.h - found
[2.915s] -- Performing Test CMAKE_HAVE_LIBC_PTHREAD
[3.010s] -- Performing Test CMAKE_HAVE_LIBC_PTHREAD - Success
[3.012s] -- Found Threads: TRUE  
[3.090s] -- Configuring done
[3.120s] -- Generating done
[3.130s] -- Build files have been written to: /home/Gery/ME597_Lab/Lab4/ws1/build/image_geometry
[3.140s] Invoked command in '/home/Gery/ME597_Lab/Lab4/ws1/build/image_geometry' returned '0': CMAKE_PREFIX_PATH=/opt/ros/humble /usr/bin/cmake /home/Gery/ME597_Lab/Lab4/ws1/src/vision_opencv/image_geometry -DCMAKE_INSTALL_PREFIX=/home/Gery/ME597_Lab/Lab4/ws1/install/image_geometry
[3.143s] Invoking command in '/home/Gery/ME597_Lab/Lab4/ws1/build/image_geometry': CMAKE_PREFIX_PATH=/opt/ros/humble /usr/bin/cmake --build /home/Gery/ME597_Lab/Lab4/ws1/build/image_geometry -- -j4 -l4
[3.220s] [  9%] [32mBuilding CXX object gtest/CMakeFiles/gtest.dir/src/gtest-all.cc.o[0m
[3.223s] [ 18%] [32mBuilding CXX object CMakeFiles/image_geometry.dir/src/pinhole_camera_model.cpp.o[0m
[3.231s] [ 27%] [32mBuilding CXX object gtest/CMakeFiles/gtest_main.dir/src/gtest_main.cc.o[0m
[3.235s] [ 27%] Built target ament_cmake_python_copy_image_geometry
[3.249s] [ 36%] [32mBuilding CXX object CMakeFiles/image_geometry.dir/src/stereo_camera_model.cpp.o[0m
[5.002s] [ 45%] [32m[1mLinking CXX static library libgtest_main.a[0m
[5.121s] [ 45%] Built target gtest_main
[5.638s] running egg_info
[5.662s] [ 54%] [32m[1mLinking CXX shared library libimage_geometry.so[0m
[5.664s] creating image_geometry.egg-info
[5.664s] writing image_geometry.egg-info/PKG-INFO
[5.666s] writing dependency_links to image_geometry.egg-info/dependency_links.txt
[5.668s] writing top-level names to image_geometry.egg-info/top_level.txt
[5.668s] writing manifest file 'image_geometry.egg-info/SOURCES.txt'
[5.756s] reading manifest file 'image_geometry.egg-info/SOURCES.txt'
[5.758s] writing manifest file 'image_geometry.egg-info/SOURCES.txt'
[5.809s] [ 54%] Built target ament_cmake_python_build_image_geometry_egg
[5.900s] [ 54%] Built target image_geometry
[8.812s] [ 63%] [32m[1mLinking CXX static library libgtest.a[0m
[9.065s] [ 63%] Built target gtest
[9.156s] [ 72%] [32mBuilding CXX object test/CMakeFiles/image_geometry-utest-equi.dir/utest_equi.cpp.o[0m
[9.174s] [ 81%] [32mBuilding CXX object test/CMakeFiles/image_geometry-utest.dir/utest.cpp.o[0m
[14.157s] [ 90%] [32m[1mLinking CXX executable image_geometry-utest-equi[0m
[14.190s] [100%] [32m[1mLinking CXX executable image_geometry-utest[0m
[14.377s] [100%] Built target image_geometry-utest-equi
[14.406s] [100%] Built target image_geometry-utest
[14.424s] Invoked command in '/home/Gery/ME597_Lab/Lab4/ws1/build/image_geometry' returned '0': CMAKE_PREFIX_PATH=/opt/ros/humble /usr/bin/cmake --build /home/Gery/ME597_Lab/Lab4/ws1/build/image_geometry -- -j4 -l4
[14.435s] Invoking command in '/home/Gery/ME597_Lab/Lab4/ws1/build/image_geometry': CMAKE_PREFIX_PATH=/opt/ros/humble /usr/bin/cmake --install /home/Gery/ME597_Lab/Lab4/ws1/build/image_geometry
[14.443s] -- Install configuration: ""
[14.444s] -- Installing: /home/Gery/ME597_Lab/Lab4/ws1/install/image_geometry/share/image_geometry/environment/pythonpath.sh
[14.445s] -- Installing: /home/Gery/ME597_Lab/Lab4/ws1/install/image_geometry/share/image_geometry/environment/pythonpath.dsv
[14.445s] -- Installing: /home/Gery/ME597_Lab/Lab4/ws1/install/image_geometry/local/lib/python3.10/dist-packages/image_geometry-4.1.0-py3.10.egg-info
[14.445s] -- Installing: /home/Gery/ME597_Lab/Lab4/ws1/install/image_geometry/local/lib/python3.10/dist-packages/image_geometry-4.1.0-py3.10.egg-info/top_level.txt
[14.445s] -- Installing: /home/Gery/ME597_Lab/Lab4/ws1/install/image_geometry/local/lib/python3.10/dist-packages/image_geometry-4.1.0-py3.10.egg-info/SOURCES.txt
[14.446s] -- Installing: /home/Gery/ME597_Lab/Lab4/ws1/install/image_geometry/local/lib/python3.10/dist-packages/image_geometry-4.1.0-py3.10.egg-info/dependency_links.txt
[14.447s] -- Installing: /home/Gery/ME597_Lab/Lab4/ws1/install/image_geometry/local/lib/python3.10/dist-packages/image_geometry-4.1.0-py3.10.egg-info/PKG-INFO
[14.447s] -- Installing: /home/Gery/ME597_Lab/Lab4/ws1/install/image_geometry/local/lib/python3.10/dist-packages/image_geometry
[14.447s] -- Installing: /home/Gery/ME597_Lab/Lab4/ws1/install/image_geometry/local/lib/python3.10/dist-packages/image_geometry/cameramodels.py
[14.448s] -- Installing: /home/Gery/ME597_Lab/Lab4/ws1/install/image_geometry/local/lib/python3.10/dist-packages/image_geometry/__init__.py
[14.495s] Listing '/home/Gery/ME597_Lab/Lab4/ws1/install/image_geometry/local/lib/python3.10/dist-packages/image_geometry'...
[14.495s] Compiling '/home/Gery/ME597_Lab/Lab4/ws1/install/image_geometry/local/lib/python3.10/dist-packages/image_geometry/__init__.py'...
[14.495s] Compiling '/home/Gery/ME597_Lab/Lab4/ws1/install/image_geometry/local/lib/python3.10/dist-packages/image_geometry/cameramodels.py'...
[14.498s] -- Installing: /home/Gery/ME597_Lab/Lab4/ws1/install/image_geometry/include/image_geometry
[14.499s] -- Installing: /home/Gery/ME597_Lab/Lab4/ws1/install/image_geometry/include/image_geometry/image_geometry
[14.499s] -- Installing: /home/Gery/ME597_Lab/Lab4/ws1/install/image_geometry/include/image_geometry/image_geometry/pinhole_camera_model.hpp
[14.499s] -- Installing: /home/Gery/ME597_Lab/Lab4/ws1/install/image_geometry/include/image_geometry/image_geometry/stereo_camera_model.hpp
[14.499s] -- Installing: /home/Gery/ME597_Lab/Lab4/ws1/install/image_geometry/include/image_geometry/image_geometry/visibility_control.hpp
[14.501s] -- Installing: /home/Gery/ME597_Lab/Lab4/ws1/install/image_geometry/lib/libimage_geometry.so
[14.501s] -- Set runtime path of "/home/Gery/ME597_Lab/Lab4/ws1/install/image_geometry/lib/libimage_geometry.so" to ""
[14.503s] -- Installing: /home/Gery/ME597_Lab/Lab4/ws1/install/image_geometry/share/ament_index/resource_index/package_run_dependencies/image_geometry
[14.503s] -- Installing: /home/Gery/ME597_Lab/Lab4/ws1/install/image_geometry/share/ament_index/resource_index/parent_prefix_path/image_geometry
[14.503s] -- Installing: /home/Gery/ME597_Lab/Lab4/ws1/install/image_geometry/share/image_geometry/environment/ament_prefix_path.sh
[14.503s] -- Installing: /home/Gery/ME597_Lab/Lab4/ws1/install/image_geometry/share/image_geometry/environment/ament_prefix_path.dsv
[14.504s] -- Installing: /home/Gery/ME597_Lab/Lab4/ws1/install/image_geometry/share/image_geometry/environment/path.sh
[14.504s] -- Installing: /home/Gery/ME597_Lab/Lab4/ws1/install/image_geometry/share/image_geometry/environment/path.dsv
[14.507s] -- Installing: /home/Gery/ME597_Lab/Lab4/ws1/install/image_geometry/share/image_geometry/local_setup.bash
[14.507s] -- Installing: /home/Gery/ME597_Lab/Lab4/ws1/install/image_geometry/share/image_geometry/local_setup.sh
[14.507s] -- Installing: /home/Gery/ME597_Lab/Lab4/ws1/install/image_geometry/share/image_geometry/local_setup.zsh
[14.508s] -- Installing: /home/Gery/ME597_Lab/Lab4/ws1/install/image_geometry/share/image_geometry/local_setup.dsv
[14.508s] -- Installing: /home/Gery/ME597_Lab/Lab4/ws1/install/image_geometry/share/image_geometry/package.dsv
[14.508s] -- Installing: /home/Gery/ME597_Lab/Lab4/ws1/install/image_geometry/share/ament_index/resource_index/packages/image_geometry
[14.508s] -- Installing: /home/Gery/ME597_Lab/Lab4/ws1/install/image_geometry/share/image_geometry/cmake/export_image_geometryExport.cmake
[14.508s] -- Installing: /home/Gery/ME597_Lab/Lab4/ws1/install/image_geometry/share/image_geometry/cmake/export_image_geometryExport-noconfig.cmake
[14.509s] -- Installing: /home/Gery/ME597_Lab/Lab4/ws1/install/image_geometry/share/image_geometry/cmake/ament_cmake_export_targets-extras.cmake
[14.511s] -- Installing: /home/Gery/ME597_Lab/Lab4/ws1/install/image_geometry/share/image_geometry/cmake/ament_cmake_export_dependencies-extras.cmake
[14.511s] -- Installing: /home/Gery/ME597_Lab/Lab4/ws1/install/image_geometry/share/image_geometry/cmake/image_geometryConfig.cmake
[14.512s] -- Installing: /home/Gery/ME597_Lab/Lab4/ws1/install/image_geometry/share/image_geometry/cmake/image_geometryConfig-version.cmake
[14.512s] -- Installing: /home/Gery/ME597_Lab/Lab4/ws1/install/image_geometry/share/image_geometry/package.xml
[14.517s] Invoked command in '/home/Gery/ME597_Lab/Lab4/ws1/build/image_geometry' returned '0': CMAKE_PREFIX_PATH=/opt/ros/humble /usr/bin/cmake --install /home/Gery/ME597_Lab/Lab4/ws1/build/image_geometry
