[0.848s] Invoking command in '/home/Gery/ME597_Lab/Lab3/ws1/build/turtlebot3_gazebo': CMAKE_PREFIX_PATH=${CMAKE_PREFIX_PATH}:/home/Gery/ME597_Lab/Lab3/ws1/install/sim_utils:/opt/ros/humble /usr/bin/cmake /home/Gery/ME597_Lab/Lab3/ws1/src/sim_ws/src/turtlebot3_gazebo -DAMENT_CMAKE_SYMLINK_INSTALL=1 -DCMAKE_INSTALL_PREFIX=/home/Gery/ME597_Lab/Lab3/ws1/install/turtlebot3_gazebo
[1.141s] -- The C compiler identification is GNU 11.4.0
[1.364s] -- The CXX compiler identification is GNU 11.4.0
[1.397s] -- Detecting C compiler ABI info
[1.545s] -- Detecting C compiler ABI info - done
[1.554s] -- Check for working C compiler: /usr/bin/cc - skipped
[1.555s] -- Detecting C compile features
[1.557s] -- Detecting C compile features - done
[1.563s] -- Detecting CXX compiler ABI info
[1.808s] -- Detecting CXX compiler ABI info - done
[1.826s] -- Check for working CXX compiler: /usr/bin/c++ - skipped
[1.827s] -- Detecting CXX compile features
[1.827s] -- Detecting CXX compile features - done
[1.841s] -- Found ament_cmake: 1.3.10 (/opt/ros/humble/share/ament_cmake/cmake)
[2.210s] -- Found Python3: /usr/bin/python3 (found version "3.10.12") found components: Interpreter 
[2.433s] -- Override CMake install command with custom implementation using symlinks instead of copying resources
[2.586s] [33mCMake Warning (dev) at /usr/share/cmake-3.22/Modules/FindPackageHandleStandardArgs.cmake:438 (message):
[2.586s]   The package name passed to `find_package_handle_standard_args` (PkgConfig)
[2.586s]   does not match the name of the calling package (gazebo).  This can lead to
[2.586s]   problems in calling code that expects `find_package` result variables
[2.586s]   (e.g., `_FOUND`) to follow a certain pattern.
[2.586s] Call Stack (most recent call first):
[2.586s]   /usr/share/cmake-3.22/Modules/FindPkgConfig.cmake:99 (find_package_handle_standard_args)
[2.587s]   /usr/lib/x86_64-linux-gnu/cmake/gazebo/gazebo-config.cmake:72 (include)
[2.587s]   CMakeLists.txt:23 (find_package)
[2.587s] This warning is for project developers.  Use -Wno-dev to suppress it.
[2.587s] [0m
[2.590s] -- Found PkgConfig: /usr/bin/pkg-config (found version "0.29.2") 
[2.604s] -- Checking for module 'bullet>=2.82'
[2.634s] --   Found bullet, version 3.05
[2.884s] -- Found fcl: /usr/include (found suitable version "0.7.0", minimum required is "0.5.0") 
[3.015s] -- Found assimp: /usr/include (found version "5.2.0") 
[3.070s] -- Found DART: /usr/include (Required is at least version "6.6") found components: dart 
[3.472s] -- Found Boost: /usr/lib/x86_64-linux-gnu/cmake/Boost-1.74.0/BoostConfig.cmake (found suitable version "1.74.0", minimum required is "1.40.0") found components: thread system filesystem program_options regex iostreams date_time 
[3.520s] -- Found Protobuf: /usr/lib/x86_64-linux-gnu/libprotobuf.so (found version "3.12.4") 
[3.531s] -- Looking for ignition-math6 -- found version 6.15.1
[3.548s] -- Searching for dependencies of ignition-math6
[3.553s] -- Looking for OGRE...
[3.553s] -- OGRE_PREFIX_WATCH changed.
[3.560s] -- Checking for module 'OGRE'
[3.577s] --   Found OGRE, version 1.9.0
[3.622s] -- Found Ogre Ghadamon (1.9.0)
[3.637s] -- Found OGRE: optimized;/usr/lib/x86_64-linux-gnu/libOgreMain.so;debug;/usr/lib/x86_64-linux-gnu/libOgreMain.so
[3.648s] -- Looking for OGRE_Paging...
[3.654s] -- Found OGRE_Paging: optimized;/usr/lib/x86_64-linux-gnu/libOgrePaging.so;debug;/usr/lib/x86_64-linux-gnu/libOgrePaging.so
[3.654s] -- Looking for OGRE_Terrain...
[3.660s] -- Found OGRE_Terrain: optimized;/usr/lib/x86_64-linux-gnu/libOgreTerrain.so;debug;/usr/lib/x86_64-linux-gnu/libOgreTerrain.so
[3.660s] -- Looking for OGRE_Property...
[3.665s] -- Found OGRE_Property: optimized;/usr/lib/x86_64-linux-gnu/libOgreProperty.so;debug;/usr/lib/x86_64-linux-gnu/libOgreProperty.so
[3.665s] -- Looking for OGRE_RTShaderSystem...
[3.671s] -- Found OGRE_RTShaderSystem: optimized;/usr/lib/x86_64-linux-gnu/libOgreRTShaderSystem.so;debug;/usr/lib/x86_64-linux-gnu/libOgreRTShaderSystem.so
[3.671s] -- Looking for OGRE_Volume...
[3.676s] -- Found OGRE_Volume: optimized;/usr/lib/x86_64-linux-gnu/libOgreVolume.so;debug;/usr/lib/x86_64-linux-gnu/libOgreVolume.so
[3.676s] -- Looking for OGRE_Overlay...
[3.681s] -- Found OGRE_Overlay: optimized;/usr/lib/x86_64-linux-gnu/libOgreOverlay.so;debug;/usr/lib/x86_64-linux-gnu/libOgreOverlay.so
[3.858s] -- Looking for ignition-math6 -- found version 6.15.1
[3.859s] -- Looking for ignition-transport8 -- found version 8.2.1
[3.859s] -- Searching for dependencies of ignition-transport8
[3.885s] -- Found Protobuf: /usr/lib/x86_64-linux-gnu/libprotobuf.so (found suitable version "3.12.4", minimum required is "3") 
[3.902s] -- Config-file not installed for ZeroMQ -- checking for pkg-config
[3.910s] -- Checking for module 'libzmq >= 4'
[3.957s] --   Found libzmq , version 4.3.4
[4.051s] -- Found ZeroMQ: TRUE (Required is at least version "4") 
[4.061s] -- Checking for module 'uuid'
[4.080s] --   Found uuid, version 2.37.2
[4.155s] -- Found UUID: TRUE  
[4.162s] -- Looking for ignition-msgs5 -- found version 5.8.1
[4.162s] -- Searching for dependencies of ignition-msgs5
[4.185s] -- Looking for ignition-math6 -- found version 6.15.1
[4.192s] -- Checking for module 'tinyxml2'
[4.225s] --   Found tinyxml2, version 9.0.0
[4.286s] -- Looking for ignition-msgs5 -- found version 5.8.1
[4.293s] -- Looking for ignition-common3 -- found version 3.14.0
[4.293s] -- Searching for dependencies of ignition-common3
[4.293s] -- Looking for dlfcn.h - found
[4.294s] -- Looking for libdl - found
[4.296s] -- Found DL: TRUE  
[4.315s] -- Found tinyobjloader: /usr/lib/x86_64-linux-gnu/cmake/tinyobjloader/tinyobjloader-config.cmake (found version "2.0.0") 
[4.315s] -- Searching for <ignition-common3> component [graphics]
[4.318s] -- Looking for ignition-common3-graphics -- found version 3.14.0
[4.321s] -- Searching for dependencies of ignition-common3-graphics
[4.321s] -- Looking for ignition-math6 -- found version 6.15.1
[4.327s] -- Looking for ignition-fuel_tools4 -- found version 4.4.0
[4.328s] -- Searching for dependencies of ignition-fuel_tools4
[4.523s] -- Found CURL: /usr/lib/x86_64-linux-gnu/libcurl.so (found version "7.81.0")  
[4.538s] -- Checking for module 'jsoncpp'
[4.564s] --   Found jsoncpp, version 1.9.5
[4.638s] -- Found JSONCPP: TRUE  
[4.661s] -- Checking for module 'libzip'
[4.684s] --   Found libzip, version 1.7.3
[4.742s] -- Found ZIP: TRUE  
[4.742s] -- Looking for ignition-common3 -- found version 3.14.0
[4.743s] -- Looking for ignition-math6 -- found version 6.15.1
[4.744s] -- Looking for ignition-msgs5 -- found version 5.8.1
[4.764s] -- Found gazebo_ros_pkgs: 3.9.0 (/opt/ros/humble/share/gazebo_ros_pkgs/cmake)
[4.881s] -- Configuring done
[4.888s] -- Generating done
[4.890s] -- Build files have been written to: /home/Gery/ME597_Lab/Lab3/ws1/build/turtlebot3_gazebo
[4.901s] Invoked command in '/home/Gery/ME597_Lab/Lab3/ws1/build/turtlebot3_gazebo' returned '0': CMAKE_PREFIX_PATH=${CMAKE_PREFIX_PATH}:/home/Gery/ME597_Lab/Lab3/ws1/install/sim_utils:/opt/ros/humble /usr/bin/cmake /home/Gery/ME597_Lab/Lab3/ws1/src/sim_ws/src/turtlebot3_gazebo -DAMENT_CMAKE_SYMLINK_INSTALL=1 -DCMAKE_INSTALL_PREFIX=/home/Gery/ME597_Lab/Lab3/ws1/install/turtlebot3_gazebo
[4.906s] Invoking command in '/home/Gery/ME597_Lab/Lab3/ws1/build/turtlebot3_gazebo': CMAKE_PREFIX_PATH=${CMAKE_PREFIX_PATH}:/home/Gery/ME597_Lab/Lab3/ws1/install/sim_utils:/opt/ros/humble /usr/bin/cmake --build /home/Gery/ME597_Lab/Lab3/ws1/build/turtlebot3_gazebo -- -j4 -l4
[4.975s] Invoked command in '/home/Gery/ME597_Lab/Lab3/ws1/build/turtlebot3_gazebo' returned '0': CMAKE_PREFIX_PATH=${CMAKE_PREFIX_PATH}:/home/Gery/ME597_Lab/Lab3/ws1/install/sim_utils:/opt/ros/humble /usr/bin/cmake --build /home/Gery/ME597_Lab/Lab3/ws1/build/turtlebot3_gazebo -- -j4 -l4
[5.044s] Invoking command in '/home/Gery/ME597_Lab/Lab3/ws1/build/turtlebot3_gazebo': CMAKE_PREFIX_PATH=${CMAKE_PREFIX_PATH}:/home/Gery/ME597_Lab/Lab3/ws1/install/sim_utils:/opt/ros/humble /usr/bin/cmake --install /home/Gery/ME597_Lab/Lab3/ws1/build/turtlebot3_gazebo
[5.050s] -- Install configuration: ""
[5.051s] -- Execute custom install script
[5.052s] -- Symlinking: /home/Gery/ME597_Lab/Lab3/ws1/install/turtlebot3_gazebo/share/turtlebot3_gazebo//launch/amcl.launch.py
[5.075s] -- Symlinking: /home/Gery/ME597_Lab/Lab3/ws1/install/turtlebot3_gazebo/share/turtlebot3_gazebo//launch/map_loader.launch.py
[5.092s] -- Symlinking: /home/Gery/ME597_Lab/Lab3/ws1/install/turtlebot3_gazebo/share/turtlebot3_gazebo//launch/mapper.launch.py
[5.108s] -- Symlinking: /home/Gery/ME597_Lab/Lab3/ws1/install/turtlebot3_gazebo/share/turtlebot3_gazebo//launch/navigator.launch.py
[5.122s] -- Symlinking: /home/Gery/ME597_Lab/Lab3/ws1/install/turtlebot3_gazebo/share/turtlebot3_gazebo//launch/robot_state_publisher.launch.py
[5.137s] -- Symlinking: /home/Gery/ME597_Lab/Lab3/ws1/install/turtlebot3_gazebo/share/turtlebot3_gazebo//launch/spawn_cricketball.launch.py
[5.152s] -- Symlinking: /home/Gery/ME597_Lab/Lab3/ws1/install/turtlebot3_gazebo/share/turtlebot3_gazebo//launch/spawn_turtlebot3.launch.py
[5.164s] -- Symlinking: /home/Gery/ME597_Lab/Lab3/ws1/install/turtlebot3_gazebo/share/turtlebot3_gazebo//launch/task_6.launch.py
[5.177s] -- Symlinking: /home/Gery/ME597_Lab/Lab3/ws1/install/turtlebot3_gazebo/share/turtlebot3_gazebo//launch/turtlebot3_bonus_world.launch.py
[5.189s] -- Symlinking: /home/Gery/ME597_Lab/Lab3/ws1/install/turtlebot3_gazebo/share/turtlebot3_gazebo//launch/turtlebot3_house.launch.py
[5.204s] -- Symlinking: /home/Gery/ME597_Lab/Lab3/ws1/install/turtlebot3_gazebo/share/turtlebot3_gazebo//launch/turtlebot3_house_norviz.launch.py
[5.217s] -- Symlinking: /home/Gery/ME597_Lab/Lab3/ws1/install/turtlebot3_gazebo/share/turtlebot3_gazebo//models/blue_object/model.config
[5.233s] -- Symlinking: /home/Gery/ME597_Lab/Lab3/ws1/install/turtlebot3_gazebo/share/turtlebot3_gazebo//models/blue_object/model.rsdf
[5.245s] -- Symlinking: /home/Gery/ME597_Lab/Lab3/ws1/install/turtlebot3_gazebo/share/turtlebot3_gazebo//models/blue_object/model.sdf
[5.260s] -- Symlinking: /home/Gery/ME597_Lab/Lab3/ws1/install/turtlebot3_gazebo/share/turtlebot3_gazebo//models/cricket_ball/model.config
[5.273s] -- Symlinking: /home/Gery/ME597_Lab/Lab3/ws1/install/turtlebot3_gazebo/share/turtlebot3_gazebo//models/cricket_ball/model.rsdf
[5.284s] -- Symlinking: /home/Gery/ME597_Lab/Lab3/ws1/install/turtlebot3_gazebo/share/turtlebot3_gazebo//models/cricket_ball/model.sdf
[5.298s] -- Symlinking: /home/Gery/ME597_Lab/Lab3/ws1/install/turtlebot3_gazebo/share/turtlebot3_gazebo//models/green_object/model.config
[5.311s] -- Symlinking: /home/Gery/ME597_Lab/Lab3/ws1/install/turtlebot3_gazebo/share/turtlebot3_gazebo//models/green_object/model.rsdf
[5.325s] -- Symlinking: /home/Gery/ME597_Lab/Lab3/ws1/install/turtlebot3_gazebo/share/turtlebot3_gazebo//models/green_object/model.sdf
[5.337s] -- Symlinking: /home/Gery/ME597_Lab/Lab3/ws1/install/turtlebot3_gazebo/share/turtlebot3_gazebo//models/red_object/model.config
[5.350s] -- Symlinking: /home/Gery/ME597_Lab/Lab3/ws1/install/turtlebot3_gazebo/share/turtlebot3_gazebo//models/red_object/model.rsdf
[5.363s] -- Symlinking: /home/Gery/ME597_Lab/Lab3/ws1/install/turtlebot3_gazebo/share/turtlebot3_gazebo//models/red_object/model.sdf
[5.376s] -- Symlinking: /home/Gery/ME597_Lab/Lab3/ws1/install/turtlebot3_gazebo/share/turtlebot3_gazebo//models/trash_can/meshes/trash_can.dae
[5.387s] -- Symlinking: /home/Gery/ME597_Lab/Lab3/ws1/install/turtlebot3_gazebo/share/turtlebot3_gazebo//models/trash_can/model.config
[5.401s] -- Symlinking: /home/Gery/ME597_Lab/Lab3/ws1/install/turtlebot3_gazebo/share/turtlebot3_gazebo//models/trash_can/model.sdf
[5.414s] -- Symlinking: /home/Gery/ME597_Lab/Lab3/ws1/install/turtlebot3_gazebo/share/turtlebot3_gazebo//models/turtlebot3_common/meshes/burger_base.dae
[5.426s] -- Symlinking: /home/Gery/ME597_Lab/Lab3/ws1/install/turtlebot3_gazebo/share/turtlebot3_gazebo//models/turtlebot3_common/meshes/lds.dae
[5.438s] -- Symlinking: /home/Gery/ME597_Lab/Lab3/ws1/install/turtlebot3_gazebo/share/turtlebot3_gazebo//models/turtlebot3_common/meshes/r200.dae
[5.452s] -- Symlinking: /home/Gery/ME597_Lab/Lab3/ws1/install/turtlebot3_gazebo/share/turtlebot3_gazebo//models/turtlebot3_common/meshes/tire.dae
[5.464s] -- Symlinking: /home/Gery/ME597_Lab/Lab3/ws1/install/turtlebot3_gazebo/share/turtlebot3_gazebo//models/turtlebot3_common/meshes/waffle_base.dae
[5.476s] -- Symlinking: /home/Gery/ME597_Lab/Lab3/ws1/install/turtlebot3_gazebo/share/turtlebot3_gazebo//models/turtlebot3_common/model.config
[5.488s] -- Symlinking: /home/Gery/ME597_Lab/Lab3/ws1/install/turtlebot3_gazebo/share/turtlebot3_gazebo//models/turtlebot3_house/model.config
[5.500s] -- Symlinking: /home/Gery/ME597_Lab/Lab3/ws1/install/turtlebot3_gazebo/share/turtlebot3_gazebo//models/turtlebot3_house/model.sdf
[5.512s] -- Symlinking: /home/Gery/ME597_Lab/Lab3/ws1/install/turtlebot3_gazebo/share/turtlebot3_gazebo//models/turtlebot3_waffle/model.config
[5.526s] -- Symlinking: /home/Gery/ME597_Lab/Lab3/ws1/install/turtlebot3_gazebo/share/turtlebot3_gazebo//models/turtlebot3_waffle/model.sdf
[5.538s] -- Symlinking: /home/Gery/ME597_Lab/Lab3/ws1/install/turtlebot3_gazebo/share/turtlebot3_gazebo//rviz/tb3_gazebo.rviz
[5.553s] -- Symlinking: /home/Gery/ME597_Lab/Lab3/ws1/install/turtlebot3_gazebo/share/turtlebot3_gazebo//urdf/turtlebot3_waffle.urdf
[5.567s] -- Symlinking: /home/Gery/ME597_Lab/Lab3/ws1/install/turtlebot3_gazebo/share/turtlebot3_gazebo//worlds/Bonus
[5.579s] -- Symlinking: /home/Gery/ME597_Lab/Lab3/ws1/install/turtlebot3_gazebo/share/turtlebot3_gazebo//worlds/empty_world.world
[5.591s] -- Symlinking: /home/Gery/ME597_Lab/Lab3/ws1/install/turtlebot3_gazebo/share/turtlebot3_gazebo//worlds/house_closed.world
[5.603s] -- Symlinking: /home/Gery/ME597_Lab/Lab3/ws1/install/turtlebot3_gazebo/share/turtlebot3_gazebo//worlds/turtlebot3_house.world
[5.617s] -- Symlinking: /home/Gery/ME597_Lab/Lab3/ws1/install/turtlebot3_gazebo/share/turtlebot3_gazebo//maps/map.pgm
[5.630s] -- Symlinking: /home/Gery/ME597_Lab/Lab3/ws1/install/turtlebot3_gazebo/share/turtlebot3_gazebo//maps/map.yaml
[5.642s] -- Symlinking: /home/Gery/ME597_Lab/Lab3/ws1/install/turtlebot3_gazebo/share/turtlebot3_gazebo//maps/sync_classroom_map.pgm
[5.657s] -- Symlinking: /home/Gery/ME597_Lab/Lab3/ws1/install/turtlebot3_gazebo/share/turtlebot3_gazebo//maps/sync_classroom_map.yaml
[5.670s] -- Symlinking: /home/Gery/ME597_Lab/Lab3/ws1/install/turtlebot3_gazebo/share/turtlebot3_gazebo//params/amcl.yaml
[5.682s] -- Symlinking: /home/Gery/ME597_Lab/Lab3/ws1/install/turtlebot3_gazebo/share/turtlebot3_gazebo//params/map_server.yaml
[5.693s] -- Symlinking: /home/Gery/ME597_Lab/Lab3/ws1/install/turtlebot3_gazebo/share/turtlebot3_gazebo//params/mapper_params_online_async.yaml
[5.709s] -- Symlinking: /home/Gery/ME597_Lab/Lab3/ws1/install/turtlebot3_gazebo/share/ament_index/resource_index/package_run_dependencies/turtlebot3_gazebo
[5.723s] -- Symlinking: /home/Gery/ME597_Lab/Lab3/ws1/install/turtlebot3_gazebo/share/ament_index/resource_index/parent_prefix_path/turtlebot3_gazebo
[5.737s] -- Symlinking: /home/Gery/ME597_Lab/Lab3/ws1/install/turtlebot3_gazebo/share/turtlebot3_gazebo/environment/ament_prefix_path.sh
[5.751s] -- Symlinking: /home/Gery/ME597_Lab/Lab3/ws1/install/turtlebot3_gazebo/share/turtlebot3_gazebo/environment/ament_prefix_path.dsv
[5.765s] -- Symlinking: /home/Gery/ME597_Lab/Lab3/ws1/install/turtlebot3_gazebo/share/turtlebot3_gazebo/environment/path.sh
[5.777s] -- Symlinking: /home/Gery/ME597_Lab/Lab3/ws1/install/turtlebot3_gazebo/share/turtlebot3_gazebo/environment/path.dsv
[5.788s] -- Symlinking: /home/Gery/ME597_Lab/Lab3/ws1/install/turtlebot3_gazebo/share/turtlebot3_gazebo/local_setup.bash
[5.802s] -- Symlinking: /home/Gery/ME597_Lab/Lab3/ws1/install/turtlebot3_gazebo/share/turtlebot3_gazebo/local_setup.sh
[5.814s] -- Symlinking: /home/Gery/ME597_Lab/Lab3/ws1/install/turtlebot3_gazebo/share/turtlebot3_gazebo/local_setup.zsh
[5.826s] -- Symlinking: /home/Gery/ME597_Lab/Lab3/ws1/install/turtlebot3_gazebo/share/turtlebot3_gazebo/local_setup.dsv
[5.839s] -- Symlinking: /home/Gery/ME597_Lab/Lab3/ws1/install/turtlebot3_gazebo/share/turtlebot3_gazebo/package.dsv
[5.852s] -- Symlinking: /home/Gery/ME597_Lab/Lab3/ws1/install/turtlebot3_gazebo/share/ament_index/resource_index/packages/turtlebot3_gazebo
[5.865s] -- Symlinking: /home/Gery/ME597_Lab/Lab3/ws1/install/turtlebot3_gazebo/share/turtlebot3_gazebo/cmake/ament_cmake_export_include_directories-extras.cmake
[5.878s] -- Symlinking: /home/Gery/ME597_Lab/Lab3/ws1/install/turtlebot3_gazebo/share/turtlebot3_gazebo/cmake/ament_cmake_export_dependencies-extras.cmake
[5.890s] -- Symlinking: /home/Gery/ME597_Lab/Lab3/ws1/install/turtlebot3_gazebo/share/turtlebot3_gazebo/cmake/turtlebot3_gazeboConfig.cmake
[5.902s] -- Symlinking: /home/Gery/ME597_Lab/Lab3/ws1/install/turtlebot3_gazebo/share/turtlebot3_gazebo/cmake/turtlebot3_gazeboConfig-version.cmake
[5.915s] -- Symlinking: /home/Gery/ME597_Lab/Lab3/ws1/install/turtlebot3_gazebo/share/turtlebot3_gazebo/package.xml
[5.927s] -- Installing: /home/Gery/ME597_Lab/Lab3/ws1/install/turtlebot3_gazebo/lib/turtlebot3_gazebo/task1
[5.930s] -- Installing: /home/Gery/ME597_Lab/Lab3/ws1/install/turtlebot3_gazebo/lib/turtlebot3_gazebo/task2
[5.930s] -- Installing: /home/Gery/ME597_Lab/Lab3/ws1/install/turtlebot3_gazebo/lib/turtlebot3_gazebo/task3
[5.931s] -- Installing: /home/Gery/ME597_Lab/Lab3/ws1/install/turtlebot3_gazebo/lib/turtlebot3_gazebo/spawn_objects
[5.931s] -- Installing: /home/Gery/ME597_Lab/Lab3/ws1/install/turtlebot3_gazebo/lib/turtlebot3_gazebo/task2_bonus
[5.931s] -- Installing: /home/Gery/ME597_Lab/Lab3/ws1/install/turtlebot3_gazebo/lib/turtlebot3_gazebo/static_obstacles
[5.933s] Invoked command in '/home/Gery/ME597_Lab/Lab3/ws1/build/turtlebot3_gazebo' returned '0': CMAKE_PREFIX_PATH=${CMAKE_PREFIX_PATH}:/home/Gery/ME597_Lab/Lab3/ws1/install/sim_utils:/opt/ros/humble /usr/bin/cmake --install /home/Gery/ME597_Lab/Lab3/ws1/build/turtlebot3_gazebo
