[0.140s] DEBUG:colcon:Command line arguments: ['/usr/bin/colcon', 'build', '--symlink-install']
[0.140s] DEBUG:colcon:Parsed command line arguments: Namespace(log_base=None, log_level=None, verb_name='build', build_base='build', install_base='install', merge_install=False, symlink_install=True, test_result_base=None, continue_on_error=False, executor='parallel', parallel_workers=4, event_handlers=None, ignore_user_meta=False, metas=['./colcon.meta'], base_paths=['.'], packages_ignore=None, packages_ignore_regex=None, paths=None, packages_up_to=None, packages_up_to_regex=None, packages_above=None, packages_above_and_dependencies=None, packages_above_depth=None, packages_select_by_dep=None, packages_skip_by_dep=None, packages_skip_up_to=None, packages_select_build_failed=False, packages_skip_build_finished=False, packages_select_test_failures=False, packages_skip_test_passed=False, packages_select=None, packages_skip=None, packages_select_regex=None, packages_skip_regex=None, packages_start=None, packages_end=None, allow_overriding=[], cmake_args=None, cmake_target=None, cmake_target_skip_unavailable=False, cmake_clean_cache=False, cmake_clean_first=False, cmake_force_configure=False, ament_cmake_args=None, catkin_cmake_args=None, catkin_skip_building_tests=False, mixin_files=None, mixin=None, verb_parser=<colcon_mixin.mixin.mixin_argument.MixinArgumentDecorator object at 0x7a771f149b10>, verb_extension=<colcon_core.verb.build.BuildVerb object at 0x7a771f272830>, main=<bound method BuildVerb.main of <colcon_core.verb.build.BuildVerb object at 0x7a771f272830>>, mixin_verb=('build',))
[0.346s] Level 1:colcon.colcon_core.package_discovery:discover_packages(colcon_meta) check parameters
[0.347s] Level 1:colcon.colcon_core.package_discovery:discover_packages(recursive) check parameters
[0.347s] Level 1:colcon.colcon_core.package_discovery:discover_packages(ignore) check parameters
[0.347s] Level 1:colcon.colcon_core.package_discovery:discover_packages(path) check parameters
[0.347s] Level 1:colcon.colcon_core.package_discovery:discover_packages(colcon_meta) discover
[0.347s] Level 1:colcon.colcon_core.package_discovery:discover_packages(recursive) discover
[0.347s] INFO:colcon.colcon_core.package_discovery:Crawling recursively for packages in '/home/Gery/ME597_Lab/Lab3/ws1'
[0.348s] Level 1:colcon.colcon_core.package_identification:_identify(.) by extensions ['ignore', 'ignore_ament_install']
[0.348s] Level 1:colcon.colcon_core.package_identification:_identify(.) by extension 'ignore'
[0.348s] Level 1:colcon.colcon_core.package_identification:_identify(.) by extension 'ignore_ament_install'
[0.348s] Level 1:colcon.colcon_core.package_identification:_identify(.) by extensions ['colcon_pkg']
[0.348s] Level 1:colcon.colcon_core.package_identification:_identify(.) by extension 'colcon_pkg'
[0.349s] Level 1:colcon.colcon_core.package_identification:_identify(.) by extensions ['colcon_meta']
[0.349s] Level 1:colcon.colcon_core.package_identification:_identify(.) by extension 'colcon_meta'
[0.349s] Level 1:colcon.colcon_core.package_identification:_identify(.) by extensions ['ros']
[0.349s] Level 1:colcon.colcon_core.package_identification:_identify(.) by extension 'ros'
[0.361s] Level 1:colcon.colcon_core.package_identification:_identify(.) by extensions ['cmake', 'python']
[0.361s] Level 1:colcon.colcon_core.package_identification:_identify(.) by extension 'cmake'
[0.362s] Level 1:colcon.colcon_core.package_identification:_identify(.) by extension 'python'
[0.362s] Level 1:colcon.colcon_core.package_identification:_identify(.) by extensions ['python_setup_py']
[0.362s] Level 1:colcon.colcon_core.package_identification:_identify(.) by extension 'python_setup_py'
[0.362s] Level 1:colcon.colcon_core.package_identification:_identify(build) by extensions ['ignore', 'ignore_ament_install']
[0.362s] Level 1:colcon.colcon_core.package_identification:_identify(build) by extension 'ignore'
[0.362s] Level 1:colcon.colcon_core.package_identification:_identify(build) ignored
[0.363s] Level 1:colcon.colcon_core.package_identification:_identify(install) by extensions ['ignore', 'ignore_ament_install']
[0.363s] Level 1:colcon.colcon_core.package_identification:_identify(install) by extension 'ignore'
[0.363s] Level 1:colcon.colcon_core.package_identification:_identify(install) ignored
[0.363s] Level 1:colcon.colcon_core.package_identification:_identify(log) by extensions ['ignore', 'ignore_ament_install']
[0.364s] Level 1:colcon.colcon_core.package_identification:_identify(log) by extension 'ignore'
[0.364s] Level 1:colcon.colcon_core.package_identification:_identify(log) ignored
[0.364s] Level 1:colcon.colcon_core.package_identification:_identify(src) by extensions ['ignore', 'ignore_ament_install']
[0.364s] Level 1:colcon.colcon_core.package_identification:_identify(src) by extension 'ignore'
[0.364s] Level 1:colcon.colcon_core.package_identification:_identify(src) by extension 'ignore_ament_install'
[0.364s] Level 1:colcon.colcon_core.package_identification:_identify(src) by extensions ['colcon_pkg']
[0.365s] Level 1:colcon.colcon_core.package_identification:_identify(src) by extension 'colcon_pkg'
[0.365s] Level 1:colcon.colcon_core.package_identification:_identify(src) by extensions ['colcon_meta']
[0.365s] Level 1:colcon.colcon_core.package_identification:_identify(src) by extension 'colcon_meta'
[0.365s] Level 1:colcon.colcon_core.package_identification:_identify(src) by extensions ['ros']
[0.365s] Level 1:colcon.colcon_core.package_identification:_identify(src) by extension 'ros'
[0.365s] Level 1:colcon.colcon_core.package_identification:_identify(src) by extensions ['cmake', 'python']
[0.365s] Level 1:colcon.colcon_core.package_identification:_identify(src) by extension 'cmake'
[0.365s] Level 1:colcon.colcon_core.package_identification:_identify(src) by extension 'python'
[0.365s] Level 1:colcon.colcon_core.package_identification:_identify(src) by extensions ['python_setup_py']
[0.365s] Level 1:colcon.colcon_core.package_identification:_identify(src) by extension 'python_setup_py'
[0.365s] Level 1:colcon.colcon_core.package_identification:_identify(src/sim_ws) by extensions ['ignore', 'ignore_ament_install']
[0.365s] Level 1:colcon.colcon_core.package_identification:_identify(src/sim_ws) by extension 'ignore'
[0.365s] Level 1:colcon.colcon_core.package_identification:_identify(src/sim_ws) by extension 'ignore_ament_install'
[0.365s] Level 1:colcon.colcon_core.package_identification:_identify(src/sim_ws) by extensions ['colcon_pkg']
[0.365s] Level 1:colcon.colcon_core.package_identification:_identify(src/sim_ws) by extension 'colcon_pkg'
[0.365s] Level 1:colcon.colcon_core.package_identification:_identify(src/sim_ws) by extensions ['colcon_meta']
[0.365s] Level 1:colcon.colcon_core.package_identification:_identify(src/sim_ws) by extension 'colcon_meta'
[0.365s] Level 1:colcon.colcon_core.package_identification:_identify(src/sim_ws) by extensions ['ros']
[0.365s] Level 1:colcon.colcon_core.package_identification:_identify(src/sim_ws) by extension 'ros'
[0.366s] Level 1:colcon.colcon_core.package_identification:_identify(src/sim_ws) by extensions ['cmake', 'python']
[0.366s] Level 1:colcon.colcon_core.package_identification:_identify(src/sim_ws) by extension 'cmake'
[0.366s] Level 1:colcon.colcon_core.package_identification:_identify(src/sim_ws) by extension 'python'
[0.366s] Level 1:colcon.colcon_core.package_identification:_identify(src/sim_ws) by extensions ['python_setup_py']
[0.366s] Level 1:colcon.colcon_core.package_identification:_identify(src/sim_ws) by extension 'python_setup_py'
[0.366s] Level 1:colcon.colcon_core.package_identification:_identify(src/sim_ws/build) by extensions ['ignore', 'ignore_ament_install']
[0.366s] Level 1:colcon.colcon_core.package_identification:_identify(src/sim_ws/build) by extension 'ignore'
[0.366s] Level 1:colcon.colcon_core.package_identification:_identify(src/sim_ws/build) ignored
[0.366s] Level 1:colcon.colcon_core.package_identification:_identify(src/sim_ws/install) by extensions ['ignore', 'ignore_ament_install']
[0.366s] Level 1:colcon.colcon_core.package_identification:_identify(src/sim_ws/install) by extension 'ignore'
[0.366s] Level 1:colcon.colcon_core.package_identification:_identify(src/sim_ws/install) ignored
[0.366s] Level 1:colcon.colcon_core.package_identification:_identify(src/sim_ws/log) by extensions ['ignore', 'ignore_ament_install']
[0.366s] Level 1:colcon.colcon_core.package_identification:_identify(src/sim_ws/log) by extension 'ignore'
[0.366s] Level 1:colcon.colcon_core.package_identification:_identify(src/sim_ws/log) ignored
[0.367s] Level 1:colcon.colcon_core.package_identification:_identify(src/sim_ws/src) by extensions ['ignore', 'ignore_ament_install']
[0.367s] Level 1:colcon.colcon_core.package_identification:_identify(src/sim_ws/src) by extension 'ignore'
[0.367s] Level 1:colcon.colcon_core.package_identification:_identify(src/sim_ws/src) by extension 'ignore_ament_install'
[0.367s] Level 1:colcon.colcon_core.package_identification:_identify(src/sim_ws/src) by extensions ['colcon_pkg']
[0.367s] Level 1:colcon.colcon_core.package_identification:_identify(src/sim_ws/src) by extension 'colcon_pkg'
[0.367s] Level 1:colcon.colcon_core.package_identification:_identify(src/sim_ws/src) by extensions ['colcon_meta']
[0.367s] Level 1:colcon.colcon_core.package_identification:_identify(src/sim_ws/src) by extension 'colcon_meta'
[0.367s] Level 1:colcon.colcon_core.package_identification:_identify(src/sim_ws/src) by extensions ['ros']
[0.367s] Level 1:colcon.colcon_core.package_identification:_identify(src/sim_ws/src) by extension 'ros'
[0.367s] Level 1:colcon.colcon_core.package_identification:_identify(src/sim_ws/src) by extensions ['cmake', 'python']
[0.367s] Level 1:colcon.colcon_core.package_identification:_identify(src/sim_ws/src) by extension 'cmake'
[0.367s] Level 1:colcon.colcon_core.package_identification:_identify(src/sim_ws/src) by extension 'python'
[0.367s] Level 1:colcon.colcon_core.package_identification:_identify(src/sim_ws/src) by extensions ['python_setup_py']
[0.367s] Level 1:colcon.colcon_core.package_identification:_identify(src/sim_ws/src) by extension 'python_setup_py'
[0.367s] Level 1:colcon.colcon_core.package_identification:_identify(src/sim_ws/src/build) by extensions ['ignore', 'ignore_ament_install']
[0.367s] Level 1:colcon.colcon_core.package_identification:_identify(src/sim_ws/src/build) by extension 'ignore'
[0.367s] Level 1:colcon.colcon_core.package_identification:_identify(src/sim_ws/src/build) ignored
[0.368s] Level 1:colcon.colcon_core.package_identification:_identify(src/sim_ws/src/install) by extensions ['ignore', 'ignore_ament_install']
[0.368s] Level 1:colcon.colcon_core.package_identification:_identify(src/sim_ws/src/install) by extension 'ignore'
[0.368s] Level 1:colcon.colcon_core.package_identification:_identify(src/sim_ws/src/install) ignored
[0.368s] Level 1:colcon.colcon_core.package_identification:_identify(src/sim_ws/src/log) by extensions ['ignore', 'ignore_ament_install']
[0.368s] Level 1:colcon.colcon_core.package_identification:_identify(src/sim_ws/src/log) by extension 'ignore'
[0.368s] Level 1:colcon.colcon_core.package_identification:_identify(src/sim_ws/src/log) ignored
[0.368s] Level 1:colcon.colcon_core.package_identification:_identify(src/sim_ws/src/sim_utils) by extensions ['ignore', 'ignore_ament_install']
[0.368s] Level 1:colcon.colcon_core.package_identification:_identify(src/sim_ws/src/sim_utils) by extension 'ignore'
[0.368s] Level 1:colcon.colcon_core.package_identification:_identify(src/sim_ws/src/sim_utils) by extension 'ignore_ament_install'
[0.368s] Level 1:colcon.colcon_core.package_identification:_identify(src/sim_ws/src/sim_utils) by extensions ['colcon_pkg']
[0.368s] Level 1:colcon.colcon_core.package_identification:_identify(src/sim_ws/src/sim_utils) by extension 'colcon_pkg'
[0.368s] Level 1:colcon.colcon_core.package_identification:_identify(src/sim_ws/src/sim_utils) by extensions ['colcon_meta']
[0.368s] Level 1:colcon.colcon_core.package_identification:_identify(src/sim_ws/src/sim_utils) by extension 'colcon_meta'
[0.368s] Level 1:colcon.colcon_core.package_identification:_identify(src/sim_ws/src/sim_utils) by extensions ['ros']
[0.368s] Level 1:colcon.colcon_core.package_identification:_identify(src/sim_ws/src/sim_utils) by extension 'ros'
[0.371s] DEBUG:colcon.colcon_core.package_identification:Package 'src/sim_ws/src/sim_utils' with type 'ros.ament_python' and name 'sim_utils'
[0.371s] Level 1:colcon.colcon_core.package_identification:_identify(src/sim_ws/src/turtlebot3_gazebo) by extensions ['ignore', 'ignore_ament_install']
[0.371s] Level 1:colcon.colcon_core.package_identification:_identify(src/sim_ws/src/turtlebot3_gazebo) by extension 'ignore'
[0.371s] Level 1:colcon.colcon_core.package_identification:_identify(src/sim_ws/src/turtlebot3_gazebo) by extension 'ignore_ament_install'
[0.372s] Level 1:colcon.colcon_core.package_identification:_identify(src/sim_ws/src/turtlebot3_gazebo) by extensions ['colcon_pkg']
[0.372s] Level 1:colcon.colcon_core.package_identification:_identify(src/sim_ws/src/turtlebot3_gazebo) by extension 'colcon_pkg'
[0.372s] Level 1:colcon.colcon_core.package_identification:_identify(src/sim_ws/src/turtlebot3_gazebo) by extensions ['colcon_meta']
[0.372s] Level 1:colcon.colcon_core.package_identification:_identify(src/sim_ws/src/turtlebot3_gazebo) by extension 'colcon_meta'
[0.372s] Level 1:colcon.colcon_core.package_identification:_identify(src/sim_ws/src/turtlebot3_gazebo) by extensions ['ros']
[0.372s] Level 1:colcon.colcon_core.package_identification:_identify(src/sim_ws/src/turtlebot3_gazebo) by extension 'ros'
[0.373s] DEBUG:colcon.colcon_core.package_identification:Package 'src/sim_ws/src/turtlebot3_gazebo' with type 'ros.ament_cmake' and name 'turtlebot3_gazebo'
[0.373s] Level 1:colcon.colcon_core.package_identification:_identify(src/task_4) by extensions ['ignore', 'ignore_ament_install']
[0.373s] Level 1:colcon.colcon_core.package_identification:_identify(src/task_4) by extension 'ignore'
[0.373s] Level 1:colcon.colcon_core.package_identification:_identify(src/task_4) by extension 'ignore_ament_install'
[0.373s] Level 1:colcon.colcon_core.package_identification:_identify(src/task_4) by extensions ['colcon_pkg']
[0.373s] Level 1:colcon.colcon_core.package_identification:_identify(src/task_4) by extension 'colcon_pkg'
[0.373s] Level 1:colcon.colcon_core.package_identification:_identify(src/task_4) by extensions ['colcon_meta']
[0.373s] Level 1:colcon.colcon_core.package_identification:_identify(src/task_4) by extension 'colcon_meta'
[0.373s] Level 1:colcon.colcon_core.package_identification:_identify(src/task_4) by extensions ['ros']
[0.373s] Level 1:colcon.colcon_core.package_identification:_identify(src/task_4) by extension 'ros'
[0.374s] DEBUG:colcon.colcon_core.package_identification:Package 'src/task_4' with type 'ros.ament_python' and name 'task_4'
[0.374s] Level 1:colcon.colcon_core.package_discovery:discover_packages(recursive) using defaults
[0.374s] Level 1:colcon.colcon_core.package_discovery:discover_packages(ignore) discover
[0.374s] Level 1:colcon.colcon_core.package_discovery:discover_packages(ignore) using defaults
[0.374s] Level 1:colcon.colcon_core.package_discovery:discover_packages(path) discover
[0.374s] Level 1:colcon.colcon_core.package_discovery:discover_packages(path) using defaults
[0.397s] Level 1:colcon.colcon_core.package_discovery:discover_packages(prefix_path) check parameters
[0.397s] Level 1:colcon.colcon_core.package_discovery:discover_packages(prefix_path) discover
[0.398s] WARNING:colcon.colcon_ros.prefix_path.ament:The path '/home/Gery/ME597_Lab/Lab3/ws1/install/task_4' in the environment variable AMENT_PREFIX_PATH doesn't exist
[0.398s] WARNING:colcon.colcon_ros.prefix_path.ament:The path '/home/Gery/ME597_Lab/Lab3/ws1/install/sim_utils' in the environment variable AMENT_PREFIX_PATH doesn't exist
[0.398s] WARNING:colcon.colcon_ros.prefix_path.catkin:The path '/home/Gery/ME597_Lab/Lab3/ws1/install/turtlebot3_gazebo' in the environment variable CMAKE_PREFIX_PATH doesn't exist
[0.399s] DEBUG:colcon.colcon_installed_package_information.package_discovery:Found 0 installed packages in /home/Gery/ME597_Lab/Lab3/ws1/install
[0.401s] DEBUG:colcon.colcon_installed_package_information.package_discovery:Found 334 installed packages in /opt/ros/humble
[0.416s] Level 1:colcon.colcon_core.package_discovery:discover_packages(prefix_path) using defaults
[0.475s] Level 5:colcon.colcon_core.verb:set package 'sim_utils' build argument 'cmake_args' from command line to 'None'
[0.475s] Level 5:colcon.colcon_core.verb:set package 'sim_utils' build argument 'cmake_target' from command line to 'None'
[0.475s] Level 5:colcon.colcon_core.verb:set package 'sim_utils' build argument 'cmake_target_skip_unavailable' from command line to 'False'
[0.475s] Level 5:colcon.colcon_core.verb:set package 'sim_utils' build argument 'cmake_clean_cache' from command line to 'False'
[0.475s] Level 5:colcon.colcon_core.verb:set package 'sim_utils' build argument 'cmake_clean_first' from command line to 'False'
[0.475s] Level 5:colcon.colcon_core.verb:set package 'sim_utils' build argument 'cmake_force_configure' from command line to 'False'
[0.475s] Level 5:colcon.colcon_core.verb:set package 'sim_utils' build argument 'ament_cmake_args' from command line to 'None'
[0.475s] Level 5:colcon.colcon_core.verb:set package 'sim_utils' build argument 'catkin_cmake_args' from command line to 'None'
[0.475s] Level 5:colcon.colcon_core.verb:set package 'sim_utils' build argument 'catkin_skip_building_tests' from command line to 'False'
[0.475s] DEBUG:colcon.colcon_core.verb:Building package 'sim_utils' with the following arguments: {'ament_cmake_args': None, 'build_base': '/home/Gery/ME597_Lab/Lab3/ws1/build/sim_utils', 'catkin_cmake_args': None, 'catkin_skip_building_tests': False, 'cmake_args': None, 'cmake_clean_cache': False, 'cmake_clean_first': False, 'cmake_force_configure': False, 'cmake_target': None, 'cmake_target_skip_unavailable': False, 'install_base': '/home/Gery/ME597_Lab/Lab3/ws1/install/sim_utils', 'merge_install': False, 'path': '/home/Gery/ME597_Lab/Lab3/ws1/src/sim_ws/src/sim_utils', 'symlink_install': True, 'test_result_base': None}
[0.476s] Level 5:colcon.colcon_core.verb:set package 'task_4' build argument 'cmake_args' from command line to 'None'
[0.476s] Level 5:colcon.colcon_core.verb:set package 'task_4' build argument 'cmake_target' from command line to 'None'
[0.476s] Level 5:colcon.colcon_core.verb:set package 'task_4' build argument 'cmake_target_skip_unavailable' from command line to 'False'
[0.476s] Level 5:colcon.colcon_core.verb:set package 'task_4' build argument 'cmake_clean_cache' from command line to 'False'
[0.476s] Level 5:colcon.colcon_core.verb:set package 'task_4' build argument 'cmake_clean_first' from command line to 'False'
[0.476s] Level 5:colcon.colcon_core.verb:set package 'task_4' build argument 'cmake_force_configure' from command line to 'False'
[0.476s] Level 5:colcon.colcon_core.verb:set package 'task_4' build argument 'ament_cmake_args' from command line to 'None'
[0.476s] Level 5:colcon.colcon_core.verb:set package 'task_4' build argument 'catkin_cmake_args' from command line to 'None'
[0.476s] Level 5:colcon.colcon_core.verb:set package 'task_4' build argument 'catkin_skip_building_tests' from command line to 'False'
[0.476s] DEBUG:colcon.colcon_core.verb:Building package 'task_4' with the following arguments: {'ament_cmake_args': None, 'build_base': '/home/Gery/ME597_Lab/Lab3/ws1/build/task_4', 'catkin_cmake_args': None, 'catkin_skip_building_tests': False, 'cmake_args': None, 'cmake_clean_cache': False, 'cmake_clean_first': False, 'cmake_force_configure': False, 'cmake_target': None, 'cmake_target_skip_unavailable': False, 'install_base': '/home/Gery/ME597_Lab/Lab3/ws1/install/task_4', 'merge_install': False, 'path': '/home/Gery/ME597_Lab/Lab3/ws1/src/task_4', 'symlink_install': True, 'test_result_base': None}
[0.477s] Level 5:colcon.colcon_core.verb:set package 'turtlebot3_gazebo' build argument 'cmake_args' from command line to 'None'
[0.477s] Level 5:colcon.colcon_core.verb:set package 'turtlebot3_gazebo' build argument 'cmake_target' from command line to 'None'
[0.477s] Level 5:colcon.colcon_core.verb:set package 'turtlebot3_gazebo' build argument 'cmake_target_skip_unavailable' from command line to 'False'
[0.477s] Level 5:colcon.colcon_core.verb:set package 'turtlebot3_gazebo' build argument 'cmake_clean_cache' from command line to 'False'
[0.477s] Level 5:colcon.colcon_core.verb:set package 'turtlebot3_gazebo' build argument 'cmake_clean_first' from command line to 'False'
[0.477s] Level 5:colcon.colcon_core.verb:set package 'turtlebot3_gazebo' build argument 'cmake_force_configure' from command line to 'False'
[0.477s] Level 5:colcon.colcon_core.verb:set package 'turtlebot3_gazebo' build argument 'ament_cmake_args' from command line to 'None'
[0.477s] Level 5:colcon.colcon_core.verb:set package 'turtlebot3_gazebo' build argument 'catkin_cmake_args' from command line to 'None'
[0.477s] Level 5:colcon.colcon_core.verb:set package 'turtlebot3_gazebo' build argument 'catkin_skip_building_tests' from command line to 'False'
[0.477s] DEBUG:colcon.colcon_core.verb:Building package 'turtlebot3_gazebo' with the following arguments: {'ament_cmake_args': None, 'build_base': '/home/Gery/ME597_Lab/Lab3/ws1/build/turtlebot3_gazebo', 'catkin_cmake_args': None, 'catkin_skip_building_tests': False, 'cmake_args': None, 'cmake_clean_cache': False, 'cmake_clean_first': False, 'cmake_force_configure': False, 'cmake_target': None, 'cmake_target_skip_unavailable': False, 'install_base': '/home/Gery/ME597_Lab/Lab3/ws1/install/turtlebot3_gazebo', 'merge_install': False, 'path': '/home/Gery/ME597_Lab/Lab3/ws1/src/sim_ws/src/turtlebot3_gazebo', 'symlink_install': True, 'test_result_base': None}
[0.477s] INFO:colcon.colcon_core.executor:Executing jobs using 'parallel' executor
[0.479s] DEBUG:colcon.colcon_parallel_executor.executor.parallel:run_until_complete
[0.479s] INFO:colcon.colcon_ros.task.ament_python.build:Building ROS package in '/home/Gery/ME597_Lab/Lab3/ws1/src/sim_ws/src/sim_utils' with build type 'ament_python'
[0.479s] Level 1:colcon.colcon_core.shell:create_environment_hook('sim_utils', 'ament_prefix_path')
[0.482s] INFO:colcon.colcon_core.plugin_system:Skipping extension 'colcon_core.shell.bat': Not used on non-Windows systems
[0.483s] INFO:colcon.colcon_core.shell:Creating environment hook '/home/Gery/ME597_Lab/Lab3/ws1/install/sim_utils/share/sim_utils/hook/ament_prefix_path.ps1'
[0.483s] INFO:colcon.colcon_core.shell:Creating environment descriptor '/home/Gery/ME597_Lab/Lab3/ws1/install/sim_utils/share/sim_utils/hook/ament_prefix_path.dsv'
[0.484s] INFO:colcon.colcon_core.shell:Creating environment hook '/home/Gery/ME597_Lab/Lab3/ws1/install/sim_utils/share/sim_utils/hook/ament_prefix_path.sh'
[0.485s] INFO:colcon.colcon_core.shell:Skip shell extension 'powershell' for command environment: Not usable outside of PowerShell
[0.485s] DEBUG:colcon.colcon_core.shell:Skip shell extension 'dsv' for command environment
[0.490s] INFO:colcon.colcon_ros.task.ament_python.build:Building ROS package in '/home/Gery/ME597_Lab/Lab3/ws1/src/task_4' with build type 'ament_python'
[0.490s] Level 1:colcon.colcon_core.shell:create_environment_hook('task_4', 'ament_prefix_path')
[0.490s] INFO:colcon.colcon_core.shell:Creating environment hook '/home/Gery/ME597_Lab/Lab3/ws1/install/task_4/share/task_4/hook/ament_prefix_path.ps1'
[0.491s] INFO:colcon.colcon_core.shell:Creating environment descriptor '/home/Gery/ME597_Lab/Lab3/ws1/install/task_4/share/task_4/hook/ament_prefix_path.dsv'
[0.492s] INFO:colcon.colcon_core.shell:Creating environment hook '/home/Gery/ME597_Lab/Lab3/ws1/install/task_4/share/task_4/hook/ament_prefix_path.sh'
[0.492s] INFO:colcon.colcon_core.shell:Skip shell extension 'powershell' for command environment: Not usable outside of PowerShell
[0.493s] DEBUG:colcon.colcon_core.shell:Skip shell extension 'dsv' for command environment
[0.498s] INFO:colcon.colcon_ros.task.ament_cmake.build:Building ROS package in '/home/Gery/ME597_Lab/Lab3/ws1/src/sim_ws/src/turtlebot3_gazebo' with build type 'ament_cmake'
[0.498s] INFO:colcon.colcon_cmake.task.cmake.build:Building CMake package in '/home/Gery/ME597_Lab/Lab3/ws1/src/sim_ws/src/turtlebot3_gazebo'
[0.499s] INFO:colcon.colcon_core.shell:Skip shell extension 'powershell' for command environment: Not usable outside of PowerShell
[0.499s] DEBUG:colcon.colcon_core.shell:Skip shell extension 'dsv' for command environment
[0.813s] INFO:colcon.colcon_core.task.python.build:Building Python package in '/home/Gery/ME597_Lab/Lab3/ws1/src/sim_ws/src/sim_utils'
[0.814s] INFO:colcon.colcon_core.shell:Skip shell extension 'powershell' for command environment: Not usable outside of PowerShell
[0.814s] DEBUG:colcon.colcon_core.shell:Skip shell extension 'dsv' for command environment
[1.121s] INFO:colcon.colcon_core.task.python.build:Building Python package in '/home/Gery/ME597_Lab/Lab3/ws1/src/task_4'
[1.122s] INFO:colcon.colcon_core.shell:Skip shell extension 'powershell' for command environment: Not usable outside of PowerShell
[1.122s] DEBUG:colcon.colcon_core.shell:Skip shell extension 'dsv' for command environment
[1.129s] DEBUG:colcon.colcon_core.event_handler.log_command:Invoking command in '/home/Gery/ME597_Lab/Lab3/ws1/build/turtlebot3_gazebo': CMAKE_PREFIX_PATH=${CMAKE_PREFIX_PATH}:/home/Gery/ME597_Lab/Lab3/ws1/install/task_4:/home/Gery/ME597_Lab/Lab3/ws1/install/sim_utils:/opt/ros/humble /usr/bin/cmake /home/Gery/ME597_Lab/Lab3/ws1/src/sim_ws/src/turtlebot3_gazebo -DAMENT_CMAKE_SYMLINK_INSTALL=1 -DCMAKE_INSTALL_PREFIX=/home/Gery/ME597_Lab/Lab3/ws1/install/turtlebot3_gazebo
[1.589s] DEBUG:colcon.colcon_core.event_handler.log_command:Invoking command in '/home/Gery/ME597_Lab/Lab3/ws1/build/sim_utils': PYTHONPATH=/home/Gery/ME597_Lab/Lab3/ws1/build/sim_utils/prefix_override:/usr/lib/python3/dist-packages/colcon_core/task/python/colcon_distutils_commands:/home/Gery/ME597_Lab/Lab3/ws1/install/sim_utils/lib/python3.10/site-packages:${PYTHONPATH} /usr/bin/python3 -W ignore:setup.py install is deprecated setup.py develop --editable --build-directory /home/Gery/ME597_Lab/Lab3/ws1/build/sim_utils/build --no-deps symlink_data
[1.649s] DEBUG:colcon.colcon_core.event_handler.log_command:Invoking command in '/home/Gery/ME597_Lab/Lab3/ws1/build/task_4': PYTHONPATH=/home/Gery/ME597_Lab/Lab3/ws1/build/task_4/prefix_override:/usr/lib/python3/dist-packages/colcon_core/task/python/colcon_distutils_commands:/home/Gery/ME597_Lab/Lab3/ws1/install/task_4/lib/python3.10/site-packages:${PYTHONPATH} /usr/bin/python3 -W ignore:setup.py install is deprecated setup.py develop --editable --build-directory /home/Gery/ME597_Lab/Lab3/ws1/build/task_4/build --no-deps symlink_data
[2.297s] Level 1:colcon.colcon_core.shell:create_environment_hook('sim_utils', 'pythonpath_develop')
[2.298s] INFO:colcon.colcon_core.shell:Creating environment hook '/home/Gery/ME597_Lab/Lab3/ws1/build/sim_utils/share/sim_utils/hook/pythonpath_develop.ps1'
[2.299s] DEBUG:colcon.colcon_core.event_handler.log_command:Invoked command in '/home/Gery/ME597_Lab/Lab3/ws1/build/sim_utils' returned '0': PYTHONPATH=/home/Gery/ME597_Lab/Lab3/ws1/build/sim_utils/prefix_override:/usr/lib/python3/dist-packages/colcon_core/task/python/colcon_distutils_commands:/home/Gery/ME597_Lab/Lab3/ws1/install/sim_utils/lib/python3.10/site-packages:${PYTHONPATH} /usr/bin/python3 -W ignore:setup.py install is deprecated setup.py develop --editable --build-directory /home/Gery/ME597_Lab/Lab3/ws1/build/sim_utils/build --no-deps symlink_data
[2.302s] INFO:colcon.colcon_core.shell:Creating environment descriptor '/home/Gery/ME597_Lab/Lab3/ws1/build/sim_utils/share/sim_utils/hook/pythonpath_develop.dsv'
[2.303s] INFO:colcon.colcon_core.shell:Creating environment hook '/home/Gery/ME597_Lab/Lab3/ws1/build/sim_utils/share/sim_utils/hook/pythonpath_develop.sh'
[2.306s] Level 1:colcon.colcon_core.environment:checking '/home/Gery/ME597_Lab/Lab3/ws1/install/sim_utils' for CMake module files
[2.306s] Level 1:colcon.colcon_core.environment:checking '/home/Gery/ME597_Lab/Lab3/ws1/install/sim_utils' for CMake config files
[2.307s] Level 1:colcon.colcon_core.environment:checking '/home/Gery/ME597_Lab/Lab3/ws1/install/sim_utils/lib'
[2.307s] Level 1:colcon.colcon_core.environment:checking '/home/Gery/ME597_Lab/Lab3/ws1/install/sim_utils/bin'
[2.308s] Level 1:colcon.colcon_core.environment:checking '/home/Gery/ME597_Lab/Lab3/ws1/install/sim_utils/lib/pkgconfig/sim_utils.pc'
[2.308s] Level 1:colcon.colcon_core.environment:checking '/home/Gery/ME597_Lab/Lab3/ws1/install/sim_utils/lib/python3.10/site-packages'
[2.308s] Level 1:colcon.colcon_core.shell:create_environment_hook('sim_utils', 'pythonpath')
[2.308s] INFO:colcon.colcon_core.shell:Creating environment hook '/home/Gery/ME597_Lab/Lab3/ws1/install/sim_utils/share/sim_utils/hook/pythonpath.ps1'
[2.309s] INFO:colcon.colcon_core.shell:Creating environment descriptor '/home/Gery/ME597_Lab/Lab3/ws1/install/sim_utils/share/sim_utils/hook/pythonpath.dsv'
[2.309s] INFO:colcon.colcon_core.shell:Creating environment hook '/home/Gery/ME597_Lab/Lab3/ws1/install/sim_utils/share/sim_utils/hook/pythonpath.sh'
[2.310s] Level 1:colcon.colcon_core.environment:checking '/home/Gery/ME597_Lab/Lab3/ws1/install/sim_utils/bin'
[2.310s] Level 1:colcon.colcon_core.environment:create_environment_scripts_only(sim_utils)
[2.311s] INFO:colcon.colcon_core.shell:Creating package script '/home/Gery/ME597_Lab/Lab3/ws1/install/sim_utils/share/sim_utils/package.ps1'
[2.312s] INFO:colcon.colcon_core.shell:Creating package descriptor '/home/Gery/ME597_Lab/Lab3/ws1/install/sim_utils/share/sim_utils/package.dsv'
[2.313s] INFO:colcon.colcon_core.shell:Creating package script '/home/Gery/ME597_Lab/Lab3/ws1/install/sim_utils/share/sim_utils/package.sh'
[2.314s] INFO:colcon.colcon_core.shell:Creating package script '/home/Gery/ME597_Lab/Lab3/ws1/install/sim_utils/share/sim_utils/package.bash'
[2.315s] INFO:colcon.colcon_core.shell:Creating package script '/home/Gery/ME597_Lab/Lab3/ws1/install/sim_utils/share/sim_utils/package.zsh'
[2.316s] Level 1:colcon.colcon_core.environment:create_file_with_runtime_dependencies(/home/Gery/ME597_Lab/Lab3/ws1/install/sim_utils/share/colcon-core/packages/sim_utils)
[2.317s] Level 1:colcon.colcon_core.shell:create_environment_hook('task_4', 'pythonpath_develop')
[2.317s] INFO:colcon.colcon_core.shell:Creating environment hook '/home/Gery/ME597_Lab/Lab3/ws1/build/task_4/share/task_4/hook/pythonpath_develop.ps1'
[2.318s] INFO:colcon.colcon_core.shell:Creating environment descriptor '/home/Gery/ME597_Lab/Lab3/ws1/build/task_4/share/task_4/hook/pythonpath_develop.dsv'
[2.319s] DEBUG:colcon.colcon_core.event_handler.log_command:Invoked command in '/home/Gery/ME597_Lab/Lab3/ws1/build/task_4' returned '0': PYTHONPATH=/home/Gery/ME597_Lab/Lab3/ws1/build/task_4/prefix_override:/usr/lib/python3/dist-packages/colcon_core/task/python/colcon_distutils_commands:/home/Gery/ME597_Lab/Lab3/ws1/install/task_4/lib/python3.10/site-packages:${PYTHONPATH} /usr/bin/python3 -W ignore:setup.py install is deprecated setup.py develop --editable --build-directory /home/Gery/ME597_Lab/Lab3/ws1/build/task_4/build --no-deps symlink_data
[2.319s] INFO:colcon.colcon_core.shell:Creating environment hook '/home/Gery/ME597_Lab/Lab3/ws1/build/task_4/share/task_4/hook/pythonpath_develop.sh'
[2.320s] Level 1:colcon.colcon_core.environment:checking '/home/Gery/ME597_Lab/Lab3/ws1/install/task_4' for CMake module files
[2.321s] Level 1:colcon.colcon_core.environment:checking '/home/Gery/ME597_Lab/Lab3/ws1/install/task_4' for CMake config files
[2.321s] Level 1:colcon.colcon_core.environment:checking '/home/Gery/ME597_Lab/Lab3/ws1/install/task_4/lib'
[2.321s] Level 1:colcon.colcon_core.environment:checking '/home/Gery/ME597_Lab/Lab3/ws1/install/task_4/bin'
[2.322s] Level 1:colcon.colcon_core.environment:checking '/home/Gery/ME597_Lab/Lab3/ws1/install/task_4/lib/pkgconfig/task_4.pc'
[2.322s] Level 1:colcon.colcon_core.environment:checking '/home/Gery/ME597_Lab/Lab3/ws1/install/task_4/lib/python3.10/site-packages'
[2.322s] Level 1:colcon.colcon_core.shell:create_environment_hook('task_4', 'pythonpath')
[2.324s] INFO:colcon.colcon_core.shell:Creating environment hook '/home/Gery/ME597_Lab/Lab3/ws1/install/task_4/share/task_4/hook/pythonpath.ps1'
[2.324s] INFO:colcon.colcon_core.shell:Creating environment descriptor '/home/Gery/ME597_Lab/Lab3/ws1/install/task_4/share/task_4/hook/pythonpath.dsv'
[2.325s] INFO:colcon.colcon_core.shell:Creating environment hook '/home/Gery/ME597_Lab/Lab3/ws1/install/task_4/share/task_4/hook/pythonpath.sh'
[2.325s] Level 1:colcon.colcon_core.environment:checking '/home/Gery/ME597_Lab/Lab3/ws1/install/task_4/bin'
[2.325s] Level 1:colcon.colcon_core.environment:create_environment_scripts_only(task_4)
[2.326s] INFO:colcon.colcon_core.shell:Creating package script '/home/Gery/ME597_Lab/Lab3/ws1/install/task_4/share/task_4/package.ps1'
[2.326s] INFO:colcon.colcon_core.shell:Creating package descriptor '/home/Gery/ME597_Lab/Lab3/ws1/install/task_4/share/task_4/package.dsv'
[2.329s] INFO:colcon.colcon_core.shell:Creating package script '/home/Gery/ME597_Lab/Lab3/ws1/install/task_4/share/task_4/package.sh'
[2.329s] INFO:colcon.colcon_core.shell:Creating package script '/home/Gery/ME597_Lab/Lab3/ws1/install/task_4/share/task_4/package.bash'
[2.330s] INFO:colcon.colcon_core.shell:Creating package script '/home/Gery/ME597_Lab/Lab3/ws1/install/task_4/share/task_4/package.zsh'
[2.330s] Level 1:colcon.colcon_core.environment:create_file_with_runtime_dependencies(/home/Gery/ME597_Lab/Lab3/ws1/install/task_4/share/colcon-core/packages/task_4)
[4.101s] DEBUG:colcon.colcon_core.event_handler.log_command:Invoked command in '/home/Gery/ME597_Lab/Lab3/ws1/build/turtlebot3_gazebo' returned '0': CMAKE_PREFIX_PATH=${CMAKE_PREFIX_PATH}:/home/Gery/ME597_Lab/Lab3/ws1/install/task_4:/home/Gery/ME597_Lab/Lab3/ws1/install/sim_utils:/opt/ros/humble /usr/bin/cmake /home/Gery/ME597_Lab/Lab3/ws1/src/sim_ws/src/turtlebot3_gazebo -DAMENT_CMAKE_SYMLINK_INSTALL=1 -DCMAKE_INSTALL_PREFIX=/home/Gery/ME597_Lab/Lab3/ws1/install/turtlebot3_gazebo
[4.101s] DEBUG:colcon.colcon_core.event_handler.log_command:Invoking command in '/home/Gery/ME597_Lab/Lab3/ws1/build/turtlebot3_gazebo': CMAKE_PREFIX_PATH=${CMAKE_PREFIX_PATH}:/home/Gery/ME597_Lab/Lab3/ws1/install/task_4:/home/Gery/ME597_Lab/Lab3/ws1/install/sim_utils:/opt/ros/humble /usr/bin/cmake --build /home/Gery/ME597_Lab/Lab3/ws1/build/turtlebot3_gazebo -- -j4 -l4
[4.165s] DEBUG:colcon.colcon_core.event_handler.log_command:Invoked command in '/home/Gery/ME597_Lab/Lab3/ws1/build/turtlebot3_gazebo' returned '0': CMAKE_PREFIX_PATH=${CMAKE_PREFIX_PATH}:/home/Gery/ME597_Lab/Lab3/ws1/install/task_4:/home/Gery/ME597_Lab/Lab3/ws1/install/sim_utils:/opt/ros/humble /usr/bin/cmake --build /home/Gery/ME597_Lab/Lab3/ws1/build/turtlebot3_gazebo -- -j4 -l4
[4.219s] DEBUG:colcon.colcon_core.event_handler.log_command:Invoking command in '/home/Gery/ME597_Lab/Lab3/ws1/build/turtlebot3_gazebo': CMAKE_PREFIX_PATH=${CMAKE_PREFIX_PATH}:/home/Gery/ME597_Lab/Lab3/ws1/install/task_4:/home/Gery/ME597_Lab/Lab3/ws1/install/sim_utils:/opt/ros/humble /usr/bin/cmake --install /home/Gery/ME597_Lab/Lab3/ws1/build/turtlebot3_gazebo
[5.097s] Level 1:colcon.colcon_core.environment:create_environment_scripts_only(turtlebot3_gazebo)
[5.098s] Level 1:colcon.colcon_core.environment:checking '/home/Gery/ME597_Lab/Lab3/ws1/install/turtlebot3_gazebo' for CMake module files
[5.098s] DEBUG:colcon.colcon_core.event_handler.log_command:Invoked command in '/home/Gery/ME597_Lab/Lab3/ws1/build/turtlebot3_gazebo' returned '0': CMAKE_PREFIX_PATH=${CMAKE_PREFIX_PATH}:/home/Gery/ME597_Lab/Lab3/ws1/install/task_4:/home/Gery/ME597_Lab/Lab3/ws1/install/sim_utils:/opt/ros/humble /usr/bin/cmake --install /home/Gery/ME597_Lab/Lab3/ws1/build/turtlebot3_gazebo
[5.099s] Level 1:colcon.colcon_core.environment:checking '/home/Gery/ME597_Lab/Lab3/ws1/install/turtlebot3_gazebo' for CMake config files
[5.100s] Level 1:colcon.colcon_core.shell:create_environment_hook('turtlebot3_gazebo', 'cmake_prefix_path')
[5.100s] INFO:colcon.colcon_core.shell:Creating environment hook '/home/Gery/ME597_Lab/Lab3/ws1/install/turtlebot3_gazebo/share/turtlebot3_gazebo/hook/cmake_prefix_path.ps1'
[5.101s] INFO:colcon.colcon_core.shell:Creating environment descriptor '/home/Gery/ME597_Lab/Lab3/ws1/install/turtlebot3_gazebo/share/turtlebot3_gazebo/hook/cmake_prefix_path.dsv'
[5.101s] INFO:colcon.colcon_core.shell:Creating environment hook '/home/Gery/ME597_Lab/Lab3/ws1/install/turtlebot3_gazebo/share/turtlebot3_gazebo/hook/cmake_prefix_path.sh'
[5.102s] Level 1:colcon.colcon_core.environment:checking '/home/Gery/ME597_Lab/Lab3/ws1/install/turtlebot3_gazebo/lib'
[5.102s] Level 1:colcon.colcon_core.environment:checking '/home/Gery/ME597_Lab/Lab3/ws1/install/turtlebot3_gazebo/bin'
[5.102s] Level 1:colcon.colcon_core.environment:checking '/home/Gery/ME597_Lab/Lab3/ws1/install/turtlebot3_gazebo/lib/pkgconfig/turtlebot3_gazebo.pc'
[5.102s] Level 1:colcon.colcon_core.environment:checking '/home/Gery/ME597_Lab/Lab3/ws1/install/turtlebot3_gazebo/lib/python3.10/site-packages'
[5.103s] Level 1:colcon.colcon_core.environment:checking '/home/Gery/ME597_Lab/Lab3/ws1/install/turtlebot3_gazebo/bin'
[5.103s] INFO:colcon.colcon_core.shell:Creating package script '/home/Gery/ME597_Lab/Lab3/ws1/install/turtlebot3_gazebo/share/turtlebot3_gazebo/package.ps1'
[5.103s] INFO:colcon.colcon_core.shell:Creating package descriptor '/home/Gery/ME597_Lab/Lab3/ws1/install/turtlebot3_gazebo/share/turtlebot3_gazebo/package.dsv'
[5.104s] INFO:colcon.colcon_core.shell:Creating package script '/home/Gery/ME597_Lab/Lab3/ws1/install/turtlebot3_gazebo/share/turtlebot3_gazebo/package.sh'
[5.105s] INFO:colcon.colcon_core.shell:Creating package script '/home/Gery/ME597_Lab/Lab3/ws1/install/turtlebot3_gazebo/share/turtlebot3_gazebo/package.bash'
[5.105s] INFO:colcon.colcon_core.shell:Creating package script '/home/Gery/ME597_Lab/Lab3/ws1/install/turtlebot3_gazebo/share/turtlebot3_gazebo/package.zsh'
[5.105s] Level 1:colcon.colcon_core.environment:create_file_with_runtime_dependencies(/home/Gery/ME597_Lab/Lab3/ws1/install/turtlebot3_gazebo/share/colcon-core/packages/turtlebot3_gazebo)
[5.151s] Level 1:colcon.colcon_core.environment:create_environment_scripts_only(turtlebot3_gazebo)
[5.151s] Level 1:colcon.colcon_core.environment:checking '/home/Gery/ME597_Lab/Lab3/ws1/install/turtlebot3_gazebo' for CMake module files
[5.152s] Level 1:colcon.colcon_core.environment:checking '/home/Gery/ME597_Lab/Lab3/ws1/install/turtlebot3_gazebo' for CMake config files
[5.153s] Level 1:colcon.colcon_core.shell:create_environment_hook('turtlebot3_gazebo', 'cmake_prefix_path')
[5.153s] INFO:colcon.colcon_core.shell:Creating environment hook '/home/Gery/ME597_Lab/Lab3/ws1/install/turtlebot3_gazebo/share/turtlebot3_gazebo/hook/cmake_prefix_path.ps1'
[5.154s] INFO:colcon.colcon_core.shell:Creating environment descriptor '/home/Gery/ME597_Lab/Lab3/ws1/install/turtlebot3_gazebo/share/turtlebot3_gazebo/hook/cmake_prefix_path.dsv'
[5.154s] INFO:colcon.colcon_core.shell:Creating environment hook '/home/Gery/ME597_Lab/Lab3/ws1/install/turtlebot3_gazebo/share/turtlebot3_gazebo/hook/cmake_prefix_path.sh'
[5.155s] Level 1:colcon.colcon_core.environment:checking '/home/Gery/ME597_Lab/Lab3/ws1/install/turtlebot3_gazebo/lib'
[5.155s] Level 1:colcon.colcon_core.environment:checking '/home/Gery/ME597_Lab/Lab3/ws1/install/turtlebot3_gazebo/bin'
[5.155s] Level 1:colcon.colcon_core.environment:checking '/home/Gery/ME597_Lab/Lab3/ws1/install/turtlebot3_gazebo/lib/pkgconfig/turtlebot3_gazebo.pc'
[5.156s] Level 1:colcon.colcon_core.environment:checking '/home/Gery/ME597_Lab/Lab3/ws1/install/turtlebot3_gazebo/lib/python3.10/site-packages'
[5.156s] Level 1:colcon.colcon_core.environment:checking '/home/Gery/ME597_Lab/Lab3/ws1/install/turtlebot3_gazebo/bin'
[5.156s] INFO:colcon.colcon_core.shell:Creating package script '/home/Gery/ME597_Lab/Lab3/ws1/install/turtlebot3_gazebo/share/turtlebot3_gazebo/package.ps1'
[5.157s] INFO:colcon.colcon_core.shell:Creating package descriptor '/home/Gery/ME597_Lab/Lab3/ws1/install/turtlebot3_gazebo/share/turtlebot3_gazebo/package.dsv'
[5.157s] INFO:colcon.colcon_core.shell:Creating package script '/home/Gery/ME597_Lab/Lab3/ws1/install/turtlebot3_gazebo/share/turtlebot3_gazebo/package.sh'
[5.158s] INFO:colcon.colcon_core.shell:Creating package script '/home/Gery/ME597_Lab/Lab3/ws1/install/turtlebot3_gazebo/share/turtlebot3_gazebo/package.bash'
[5.158s] INFO:colcon.colcon_core.shell:Creating package script '/home/Gery/ME597_Lab/Lab3/ws1/install/turtlebot3_gazebo/share/turtlebot3_gazebo/package.zsh'
[5.159s] Level 1:colcon.colcon_core.environment:create_file_with_runtime_dependencies(/home/Gery/ME597_Lab/Lab3/ws1/install/turtlebot3_gazebo/share/colcon-core/packages/turtlebot3_gazebo)
[5.159s] DEBUG:colcon.colcon_parallel_executor.executor.parallel:closing loop
[5.160s] DEBUG:colcon.colcon_parallel_executor.executor.parallel:loop closed
[5.160s] DEBUG:colcon.colcon_parallel_executor.executor.parallel:run_until_complete finished with '0'
[5.160s] DEBUG:colcon.colcon_core.event_reactor:joining thread
[5.168s] INFO:colcon.colcon_core.plugin_system:Skipping extension 'colcon_notification.desktop_notification.terminal_notifier': Not used on non-Darwin systems
[5.168s] INFO:colcon.colcon_core.plugin_system:Skipping extension 'colcon_notification.desktop_notification.win32': Not used on non-Windows systems
[5.168s] INFO:colcon.colcon_notification.desktop_notification:Sending desktop notification using 'notify2'
[5.184s] DEBUG:colcon.colcon_core.event_reactor:joined thread
[5.185s] INFO:colcon.colcon_core.shell:Creating prefix script '/home/Gery/ME597_Lab/Lab3/ws1/install/local_setup.ps1'
[5.186s] INFO:colcon.colcon_core.shell:Creating prefix util module '/home/Gery/ME597_Lab/Lab3/ws1/install/_local_setup_util_ps1.py'
[5.187s] INFO:colcon.colcon_core.shell:Creating prefix chain script '/home/Gery/ME597_Lab/Lab3/ws1/install/setup.ps1'
[5.188s] INFO:colcon.colcon_core.shell:Creating prefix script '/home/Gery/ME597_Lab/Lab3/ws1/install/local_setup.sh'
[5.189s] INFO:colcon.colcon_core.shell:Creating prefix util module '/home/Gery/ME597_Lab/Lab3/ws1/install/_local_setup_util_sh.py'
[5.190s] INFO:colcon.colcon_core.shell:Creating prefix chain script '/home/Gery/ME597_Lab/Lab3/ws1/install/setup.sh'
[5.192s] INFO:colcon.colcon_core.shell:Creating prefix script '/home/Gery/ME597_Lab/Lab3/ws1/install/local_setup.bash'
[5.193s] INFO:colcon.colcon_core.shell:Creating prefix chain script '/home/Gery/ME597_Lab/Lab3/ws1/install/setup.bash'
[5.194s] INFO:colcon.colcon_core.shell:Creating prefix script '/home/Gery/ME597_Lab/Lab3/ws1/install/local_setup.zsh'
[5.194s] INFO:colcon.colcon_core.shell:Creating prefix chain script '/home/Gery/ME597_Lab/Lab3/ws1/install/setup.zsh'
