[0.575s] Invoking command in '/home/me597/me597/Lab1/ws1/build/tutorial_interfaces': CMAKE_PREFIX_PATH=${CMAKE_PREFIX_PATH}:/home/me597/me597/Lab1/ws1/install/task_2:/home/me597/me597/Lab1/ws1/install/task_1:/opt/ros/humble /usr/bin/cmake --build /home/me597/me597/Lab1/ws1/build/tutorial_interfaces -- -j4 -l4
[0.667s] [35m[1mConsolidate compiler generated dependencies of target tutorial_interfaces__rosidl_generator_c[0m
[0.695s] [ 10%] Built target tutorial_interfaces__rosidl_generator_c
[0.704s] [ 12%] Built target tutorial_interfaces__cpp
[0.719s] [ 12%] Built target ament_cmake_python_symlink_tutorial_interfaces
[0.724s] [35m[1mConsolidate compiler generated dependencies of target tutorial_interfaces__rosidl_typesupport_introspection_c[0m
[0.737s] [35m[1mConsolidate compiler generated dependencies of target tutorial_interfaces__rosidl_typesupport_fastrtps_c[0m
[0.737s] [35m[1mConsolidate compiler generated dependencies of target tutorial_interfaces__rosidl_typesupport_c[0m
[0.773s] [35m[1mConsolidate compiler generated dependencies of target tutorial_interfaces__rosidl_typesupport_introspection_cpp[0m
[0.773s] [ 23%] Built target tutorial_interfaces__rosidl_typesupport_introspection_c
[0.780s] [ 34%] Built target tutorial_interfaces__rosidl_typesupport_c
[0.794s] [ 44%] Built target tutorial_interfaces__rosidl_typesupport_fastrtps_c
[0.823s] [ 55%] Built target tutorial_interfaces__rosidl_typesupport_introspection_cpp
[0.832s] [35m[1mConsolidate compiler generated dependencies of target tutorial_interfaces__rosidl_typesupport_cpp[0m
[0.843s] [35m[1mConsolidate compiler generated dependencies of target tutorial_interfaces__rosidl_typesupport_fastrtps_cpp[0m
[0.866s] [ 65%] Built target tutorial_interfaces__rosidl_typesupport_cpp
[0.874s] [ 76%] Built target tutorial_interfaces__rosidl_typesupport_fastrtps_cpp
[0.908s] [ 76%] Built target tutorial_interfaces
[0.949s] [ 78%] Built target tutorial_interfaces__py
[0.968s] [35m[1mConsolidate compiler generated dependencies of target tutorial_interfaces__rosidl_generator_py[0m
[0.990s] [ 87%] Built target tutorial_interfaces__rosidl_generator_py
[1.015s] [35m[1mConsolidate compiler generated dependencies of target tutorial_interfaces__rosidl_typesupport_c__pyext[0m
[1.024s] [35m[1mConsolidate compiler generated dependencies of target tutorial_interfaces__rosidl_typesupport_introspection_c__pyext[0m
[1.027s] [35m[1mConsolidate compiler generated dependencies of target tutorial_interfaces__rosidl_typesupport_fastrtps_c__pyext[0m
[1.053s] [ 91%] Built target tutorial_interfaces__rosidl_typesupport_c__pyext
[1.060s] [ 95%] Built target tutorial_interfaces__rosidl_typesupport_introspection_c__pyext
[1.065s] [100%] Built target tutorial_interfaces__rosidl_typesupport_fastrtps_c__pyext
[1.242s] running egg_info
[1.244s] writing tutorial_interfaces.egg-info/PKG-INFO
[1.245s] writing dependency_links to tutorial_interfaces.egg-info/dependency_links.txt
[1.246s] writing top-level names to tutorial_interfaces.egg-info/top_level.txt
[1.249s] reading manifest file 'tutorial_interfaces.egg-info/SOURCES.txt'
[1.249s] writing manifest file 'tutorial_interfaces.egg-info/SOURCES.txt'
[1.292s] [100%] Built target ament_cmake_python_build_tutorial_interfaces_egg
[1.314s] Invoked command in '/home/me597/me597/Lab1/ws1/build/tutorial_interfaces' returned '0': CMAKE_PREFIX_PATH=${CMAKE_PREFIX_PATH}:/home/me597/me597/Lab1/ws1/install/task_2:/home/me597/me597/Lab1/ws1/install/task_1:/opt/ros/humble /usr/bin/cmake --build /home/me597/me597/Lab1/ws1/build/tutorial_interfaces -- -j4 -l4
[1.824s] Invoking command in '/home/me597/me597/Lab1/ws1/build/tutorial_interfaces': CMAKE_PREFIX_PATH=${CMAKE_PREFIX_PATH}:/home/me597/me597/Lab1/ws1/install/task_2:/home/me597/me597/Lab1/ws1/install/task_1:/opt/ros/humble /usr/bin/cmake --install /home/me597/me597/Lab1/ws1/build/tutorial_interfaces
[1.843s] -- Install configuration: ""
[1.844s] -- Execute custom install script
[1.847s] -- Up-to-date symlink: /home/me597/me597/Lab1/ws1/install/tutorial_interfaces/share/ament_index/resource_index/rosidl_interfaces/tutorial_interfaces
[1.847s] -- Up-to-date symlink: /home/me597/me597/Lab1/ws1/install/tutorial_interfaces/include/tutorial_interfaces/tutorial_interfaces/msg/detail/num__functions.h
[1.847s] -- Up-to-date symlink: /home/me597/me597/Lab1/ws1/install/tutorial_interfaces/include/tutorial_interfaces/tutorial_interfaces/msg/detail/num__struct.h
[1.847s] -- Up-to-date symlink: /home/me597/me597/Lab1/ws1/install/tutorial_interfaces/include/tutorial_interfaces/tutorial_interfaces/msg/detail/num__type_support.h
[1.847s] -- Up-to-date symlink: /home/me597/me597/Lab1/ws1/install/tutorial_interfaces/include/tutorial_interfaces/tutorial_interfaces/msg/detail/sphere__functions.h
[1.852s] -- Up-to-date symlink: /home/me597/me597/Lab1/ws1/install/tutorial_interfaces/include/tutorial_interfaces/tutorial_interfaces/msg/detail/sphere__struct.h
[1.852s] -- Up-to-date symlink: /home/me597/me597/Lab1/ws1/install/tutorial_interfaces/include/tutorial_interfaces/tutorial_interfaces/msg/detail/sphere__type_support.h
[1.855s] -- Up-to-date symlink: /home/me597/me597/Lab1/ws1/install/tutorial_interfaces/include/tutorial_interfaces/tutorial_interfaces/msg/num.h
[1.855s] -- Up-to-date symlink: /home/me597/me597/Lab1/ws1/install/tutorial_interfaces/include/tutorial_interfaces/tutorial_interfaces/msg/rosidl_generator_c__visibility_control.h
[1.857s] -- Up-to-date symlink: /home/me597/me597/Lab1/ws1/install/tutorial_interfaces/include/tutorial_interfaces/tutorial_interfaces/msg/sphere.h
[1.857s] -- Up-to-date symlink: /home/me597/me597/Lab1/ws1/install/tutorial_interfaces/include/tutorial_interfaces/tutorial_interfaces/srv/add_three_ints.h
[1.857s] -- Up-to-date symlink: /home/me597/me597/Lab1/ws1/install/tutorial_interfaces/include/tutorial_interfaces/tutorial_interfaces/srv/detail/add_three_ints__functions.h
[1.858s] -- Up-to-date symlink: /home/me597/me597/Lab1/ws1/install/tutorial_interfaces/include/tutorial_interfaces/tutorial_interfaces/srv/detail/add_three_ints__struct.h
[1.858s] -- Up-to-date symlink: /home/me597/me597/Lab1/ws1/install/tutorial_interfaces/include/tutorial_interfaces/tutorial_interfaces/srv/detail/add_three_ints__type_support.h
[1.858s] -- Up-to-date symlink: /home/me597/me597/Lab1/ws1/install/tutorial_interfaces/share/tutorial_interfaces/environment/library_path.sh
[1.858s] -- Up-to-date symlink: /home/me597/me597/Lab1/ws1/install/tutorial_interfaces/share/tutorial_interfaces/environment/library_path.dsv
[1.859s] -- Up-to-date symlink: /home/me597/me597/Lab1/ws1/install/tutorial_interfaces/include/tutorial_interfaces/tutorial_interfaces/msg/detail/num__rosidl_typesupport_fastrtps_c.h
[1.859s] -- Up-to-date symlink: /home/me597/me597/Lab1/ws1/install/tutorial_interfaces/include/tutorial_interfaces/tutorial_interfaces/msg/detail/sphere__rosidl_typesupport_fastrtps_c.h
[1.859s] -- Up-to-date symlink: /home/me597/me597/Lab1/ws1/install/tutorial_interfaces/include/tutorial_interfaces/tutorial_interfaces/msg/rosidl_typesupport_fastrtps_c__visibility_control.h
[1.859s] -- Up-to-date symlink: /home/me597/me597/Lab1/ws1/install/tutorial_interfaces/include/tutorial_interfaces/tutorial_interfaces/srv/detail/add_three_ints__rosidl_typesupport_fastrtps_c.h
[1.859s] -- Up-to-date symlink: /home/me597/me597/Lab1/ws1/install/tutorial_interfaces/include/tutorial_interfaces/tutorial_interfaces/msg/detail/num__builder.hpp
[1.859s] -- Up-to-date symlink: /home/me597/me597/Lab1/ws1/install/tutorial_interfaces/include/tutorial_interfaces/tutorial_interfaces/msg/detail/num__struct.hpp
[1.859s] -- Up-to-date symlink: /home/me597/me597/Lab1/ws1/install/tutorial_interfaces/include/tutorial_interfaces/tutorial_interfaces/msg/detail/num__traits.hpp
[1.859s] -- Up-to-date symlink: /home/me597/me597/Lab1/ws1/install/tutorial_interfaces/include/tutorial_interfaces/tutorial_interfaces/msg/detail/sphere__builder.hpp
[1.859s] -- Up-to-date symlink: /home/me597/me597/Lab1/ws1/install/tutorial_interfaces/include/tutorial_interfaces/tutorial_interfaces/msg/detail/sphere__struct.hpp
[1.859s] -- Up-to-date symlink: /home/me597/me597/Lab1/ws1/install/tutorial_interfaces/include/tutorial_interfaces/tutorial_interfaces/msg/detail/sphere__traits.hpp
[1.859s] -- Up-to-date symlink: /home/me597/me597/Lab1/ws1/install/tutorial_interfaces/include/tutorial_interfaces/tutorial_interfaces/msg/num.hpp
[1.860s] -- Up-to-date symlink: /home/me597/me597/Lab1/ws1/install/tutorial_interfaces/include/tutorial_interfaces/tutorial_interfaces/msg/sphere.hpp
[1.860s] -- Up-to-date symlink: /home/me597/me597/Lab1/ws1/install/tutorial_interfaces/include/tutorial_interfaces/tutorial_interfaces/srv/add_three_ints.hpp
[1.860s] -- Up-to-date symlink: /home/me597/me597/Lab1/ws1/install/tutorial_interfaces/include/tutorial_interfaces/tutorial_interfaces/srv/detail/add_three_ints__builder.hpp
[1.860s] -- Up-to-date symlink: /home/me597/me597/Lab1/ws1/install/tutorial_interfaces/include/tutorial_interfaces/tutorial_interfaces/srv/detail/add_three_ints__struct.hpp
[1.860s] -- Up-to-date symlink: /home/me597/me597/Lab1/ws1/install/tutorial_interfaces/include/tutorial_interfaces/tutorial_interfaces/srv/detail/add_three_ints__traits.hpp
[1.860s] -- Up-to-date symlink: /home/me597/me597/Lab1/ws1/install/tutorial_interfaces/include/tutorial_interfaces/tutorial_interfaces/msg/detail/num__rosidl_typesupport_fastrtps_cpp.hpp
[1.860s] -- Up-to-date symlink: /home/me597/me597/Lab1/ws1/install/tutorial_interfaces/include/tutorial_interfaces/tutorial_interfaces/msg/detail/sphere__rosidl_typesupport_fastrtps_cpp.hpp
[1.861s] -- Up-to-date symlink: /home/me597/me597/Lab1/ws1/install/tutorial_interfaces/include/tutorial_interfaces/tutorial_interfaces/msg/rosidl_typesupport_fastrtps_cpp__visibility_control.h
[1.861s] -- Up-to-date symlink: /home/me597/me597/Lab1/ws1/install/tutorial_interfaces/include/tutorial_interfaces/tutorial_interfaces/srv/detail/add_three_ints__rosidl_typesupport_fastrtps_cpp.hpp
[1.862s] -- Up-to-date symlink: /home/me597/me597/Lab1/ws1/install/tutorial_interfaces/include/tutorial_interfaces/tutorial_interfaces/msg/detail/num__rosidl_typesupport_introspection_c.h
[1.862s] -- Up-to-date symlink: /home/me597/me597/Lab1/ws1/install/tutorial_interfaces/include/tutorial_interfaces/tutorial_interfaces/msg/detail/sphere__rosidl_typesupport_introspection_c.h
[1.862s] -- Up-to-date symlink: /home/me597/me597/Lab1/ws1/install/tutorial_interfaces/include/tutorial_interfaces/tutorial_interfaces/msg/rosidl_typesupport_introspection_c__visibility_control.h
[1.863s] -- Up-to-date symlink: /home/me597/me597/Lab1/ws1/install/tutorial_interfaces/include/tutorial_interfaces/tutorial_interfaces/srv/detail/add_three_ints__rosidl_typesupport_introspection_c.h
[1.863s] -- Up-to-date symlink: /home/me597/me597/Lab1/ws1/install/tutorial_interfaces/include/tutorial_interfaces/tutorial_interfaces/msg/detail/num__rosidl_typesupport_introspection_cpp.hpp
[1.863s] -- Up-to-date symlink: /home/me597/me597/Lab1/ws1/install/tutorial_interfaces/include/tutorial_interfaces/tutorial_interfaces/msg/detail/sphere__rosidl_typesupport_introspection_cpp.hpp
[1.863s] -- Up-to-date symlink: /home/me597/me597/Lab1/ws1/install/tutorial_interfaces/include/tutorial_interfaces/tutorial_interfaces/srv/detail/add_three_ints__rosidl_typesupport_introspection_cpp.hpp
[1.865s] -- Up-to-date symlink: /home/me597/me597/Lab1/ws1/install/tutorial_interfaces/share/tutorial_interfaces/environment/pythonpath.sh
[1.865s] -- Up-to-date symlink: /home/me597/me597/Lab1/ws1/install/tutorial_interfaces/share/tutorial_interfaces/environment/pythonpath.dsv
[1.865s] -- Up-to-date symlink: /home/me597/me597/Lab1/ws1/install/tutorial_interfaces/local/lib/python3.10/dist-packages/tutorial_interfaces-0.0.0-py3.10.egg-info/PKG-INFO
[1.865s] -- Up-to-date symlink: /home/me597/me597/Lab1/ws1/install/tutorial_interfaces/local/lib/python3.10/dist-packages/tutorial_interfaces-0.0.0-py3.10.egg-info/SOURCES.txt
[1.865s] -- Up-to-date symlink: /home/me597/me597/Lab1/ws1/install/tutorial_interfaces/local/lib/python3.10/dist-packages/tutorial_interfaces-0.0.0-py3.10.egg-info/dependency_links.txt
[1.865s] -- Up-to-date symlink: /home/me597/me597/Lab1/ws1/install/tutorial_interfaces/local/lib/python3.10/dist-packages/tutorial_interfaces-0.0.0-py3.10.egg-info/top_level.txt
[1.867s] -- Up-to-date symlink: /home/me597/me597/Lab1/ws1/install/tutorial_interfaces/local/lib/python3.10/dist-packages/tutorial_interfaces/__init__.py
[1.868s] -- Up-to-date symlink: /home/me597/me597/Lab1/ws1/install/tutorial_interfaces/local/lib/python3.10/dist-packages/tutorial_interfaces/_tutorial_interfaces_s.ep.rosidl_typesupport_c.c
[1.868s] -- Up-to-date symlink: /home/me597/me597/Lab1/ws1/install/tutorial_interfaces/local/lib/python3.10/dist-packages/tutorial_interfaces/_tutorial_interfaces_s.ep.rosidl_typesupport_fastrtps_c.c
[1.869s] -- Up-to-date symlink: /home/me597/me597/Lab1/ws1/install/tutorial_interfaces/local/lib/python3.10/dist-packages/tutorial_interfaces/_tutorial_interfaces_s.ep.rosidl_typesupport_introspection_c.c
[1.871s] -- Up-to-date symlink: /home/me597/me597/Lab1/ws1/install/tutorial_interfaces/local/lib/python3.10/dist-packages/tutorial_interfaces/libtutorial_interfaces__rosidl_generator_py.so
[1.871s] -- Up-to-date symlink: /home/me597/me597/Lab1/ws1/install/tutorial_interfaces/local/lib/python3.10/dist-packages/tutorial_interfaces/msg/__init__.py
[1.871s] -- Up-to-date symlink: /home/me597/me597/Lab1/ws1/install/tutorial_interfaces/local/lib/python3.10/dist-packages/tutorial_interfaces/msg/_num.py
[1.871s] -- Up-to-date symlink: /home/me597/me597/Lab1/ws1/install/tutorial_interfaces/local/lib/python3.10/dist-packages/tutorial_interfaces/msg/_num_s.c
[1.871s] -- Up-to-date symlink: /home/me597/me597/Lab1/ws1/install/tutorial_interfaces/local/lib/python3.10/dist-packages/tutorial_interfaces/msg/_sphere.py
[1.871s] -- Up-to-date symlink: /home/me597/me597/Lab1/ws1/install/tutorial_interfaces/local/lib/python3.10/dist-packages/tutorial_interfaces/msg/_sphere_s.c
[1.872s] -- Up-to-date symlink: /home/me597/me597/Lab1/ws1/install/tutorial_interfaces/local/lib/python3.10/dist-packages/tutorial_interfaces/srv/__init__.py
[1.872s] -- Up-to-date symlink: /home/me597/me597/Lab1/ws1/install/tutorial_interfaces/local/lib/python3.10/dist-packages/tutorial_interfaces/srv/_add_three_ints.py
[1.872s] -- Up-to-date symlink: /home/me597/me597/Lab1/ws1/install/tutorial_interfaces/local/lib/python3.10/dist-packages/tutorial_interfaces/srv/_add_three_ints_s.c
[1.872s] -- Up-to-date symlink: /home/me597/me597/Lab1/ws1/install/tutorial_interfaces/local/lib/python3.10/dist-packages/tutorial_interfaces/tutorial_interfaces_s__rosidl_typesupport_c.cpython-310-x86_64-linux-gnu.so
[1.872s] -- Up-to-date symlink: /home/me597/me597/Lab1/ws1/install/tutorial_interfaces/local/lib/python3.10/dist-packages/tutorial_interfaces/tutorial_interfaces_s__rosidl_typesupport_fastrtps_c.cpython-310-x86_64-linux-gnu.so
[1.872s] -- Up-to-date symlink: /home/me597/me597/Lab1/ws1/install/tutorial_interfaces/local/lib/python3.10/dist-packages/tutorial_interfaces/tutorial_interfaces_s__rosidl_typesupport_introspection_c.cpython-310-x86_64-linux-gnu.so
[1.872s] -- Up-to-date symlink: /home/me597/me597/Lab1/ws1/install/tutorial_interfaces/local/lib/python3.10/dist-packages/tutorial_interfaces/tutorial_interfaces_s__rosidl_typesupport_fastrtps_c.cpython-310-x86_64-linux-gnu.so
[1.872s] -- Up-to-date symlink: /home/me597/me597/Lab1/ws1/install/tutorial_interfaces/local/lib/python3.10/dist-packages/tutorial_interfaces/tutorial_interfaces_s__rosidl_typesupport_introspection_c.cpython-310-x86_64-linux-gnu.so
[1.872s] -- Up-to-date symlink: /home/me597/me597/Lab1/ws1/install/tutorial_interfaces/local/lib/python3.10/dist-packages/tutorial_interfaces/tutorial_interfaces_s__rosidl_typesupport_c.cpython-310-x86_64-linux-gnu.so
[1.872s] -- Up-to-date symlink: /home/me597/me597/Lab1/ws1/install/tutorial_interfaces/share/tutorial_interfaces/msg/Num.idl
[1.872s] -- Up-to-date symlink: /home/me597/me597/Lab1/ws1/install/tutorial_interfaces/share/tutorial_interfaces/msg/Sphere.idl
[1.873s] -- Up-to-date symlink: /home/me597/me597/Lab1/ws1/install/tutorial_interfaces/share/tutorial_interfaces/srv/AddThreeInts.idl
[1.873s] -- Up-to-date symlink: /home/me597/me597/Lab1/ws1/install/tutorial_interfaces/share/tutorial_interfaces/msg/Num.msg
[1.873s] -- Up-to-date symlink: /home/me597/me597/Lab1/ws1/install/tutorial_interfaces/share/tutorial_interfaces/msg/Sphere.msg
[1.873s] -- Up-to-date symlink: /home/me597/me597/Lab1/ws1/install/tutorial_interfaces/share/tutorial_interfaces/srv/AddThreeInts.srv
[1.873s] -- Up-to-date symlink: /home/me597/me597/Lab1/ws1/install/tutorial_interfaces/share/tutorial_interfaces/srv/AddThreeInts_Request.msg
[1.873s] -- Up-to-date symlink: /home/me597/me597/Lab1/ws1/install/tutorial_interfaces/share/tutorial_interfaces/srv/AddThreeInts_Response.msg
[1.874s] -- Up-to-date symlink: /home/me597/me597/Lab1/ws1/install/tutorial_interfaces/share/ament_index/resource_index/package_run_dependencies/tutorial_interfaces
[1.874s] -- Up-to-date symlink: /home/me597/me597/Lab1/ws1/install/tutorial_interfaces/share/ament_index/resource_index/parent_prefix_path/tutorial_interfaces
[1.874s] -- Up-to-date symlink: /home/me597/me597/Lab1/ws1/install/tutorial_interfaces/share/tutorial_interfaces/environment/ament_prefix_path.sh
[1.875s] -- Up-to-date symlink: /home/me597/me597/Lab1/ws1/install/tutorial_interfaces/share/tutorial_interfaces/environment/ament_prefix_path.dsv
[1.875s] -- Up-to-date symlink: /home/me597/me597/Lab1/ws1/install/tutorial_interfaces/share/tutorial_interfaces/environment/path.sh
[1.875s] -- Up-to-date symlink: /home/me597/me597/Lab1/ws1/install/tutorial_interfaces/share/tutorial_interfaces/environment/path.dsv
[1.875s] -- Up-to-date symlink: /home/me597/me597/Lab1/ws1/install/tutorial_interfaces/share/tutorial_interfaces/local_setup.bash
[1.875s] -- Up-to-date symlink: /home/me597/me597/Lab1/ws1/install/tutorial_interfaces/share/tutorial_interfaces/local_setup.sh
[1.876s] -- Up-to-date symlink: /home/me597/me597/Lab1/ws1/install/tutorial_interfaces/share/tutorial_interfaces/local_setup.zsh
[1.878s] -- Up-to-date symlink: /home/me597/me597/Lab1/ws1/install/tutorial_interfaces/share/tutorial_interfaces/local_setup.dsv
[1.878s] -- Symlinking: /home/me597/me597/Lab1/ws1/install/tutorial_interfaces/share/tutorial_interfaces/package.dsv
[1.894s] -- Up-to-date symlink: /home/me597/me597/Lab1/ws1/install/tutorial_interfaces/share/ament_index/resource_index/packages/tutorial_interfaces
[1.894s] -- Up-to-date symlink: /home/me597/me597/Lab1/ws1/install/tutorial_interfaces/share/tutorial_interfaces/cmake/rosidl_cmake-extras.cmake
[1.895s] -- Up-to-date symlink: /home/me597/me597/Lab1/ws1/install/tutorial_interfaces/share/tutorial_interfaces/cmake/ament_cmake_export_dependencies-extras.cmake
[1.895s] -- Up-to-date symlink: /home/me597/me597/Lab1/ws1/install/tutorial_interfaces/share/tutorial_interfaces/cmake/ament_cmake_export_include_directories-extras.cmake
[1.896s] -- Up-to-date symlink: /home/me597/me597/Lab1/ws1/install/tutorial_interfaces/share/tutorial_interfaces/cmake/ament_cmake_export_libraries-extras.cmake
[1.896s] -- Up-to-date symlink: /home/me597/me597/Lab1/ws1/install/tutorial_interfaces/share/tutorial_interfaces/cmake/ament_cmake_export_targets-extras.cmake
[1.896s] -- Up-to-date symlink: /home/me597/me597/Lab1/ws1/install/tutorial_interfaces/share/tutorial_interfaces/cmake/rosidl_cmake_export_typesupport_targets-extras.cmake
[1.897s] -- Up-to-date symlink: /home/me597/me597/Lab1/ws1/install/tutorial_interfaces/share/tutorial_interfaces/cmake/rosidl_cmake_export_typesupport_libraries-extras.cmake
[1.898s] -- Up-to-date symlink: /home/me597/me597/Lab1/ws1/install/tutorial_interfaces/share/tutorial_interfaces/cmake/tutorial_interfacesConfig.cmake
[1.898s] -- Up-to-date symlink: /home/me597/me597/Lab1/ws1/install/tutorial_interfaces/share/tutorial_interfaces/cmake/tutorial_interfacesConfig-version.cmake
[1.899s] -- Up-to-date symlink: /home/me597/me597/Lab1/ws1/install/tutorial_interfaces/share/tutorial_interfaces/package.xml
[1.899s] -- Up-to-date: /home/me597/me597/Lab1/ws1/install/tutorial_interfaces/lib/libtutorial_interfaces__rosidl_generator_c.so
[1.900s] -- Up-to-date: /home/me597/me597/Lab1/ws1/install/tutorial_interfaces/lib/libtutorial_interfaces__rosidl_typesupport_fastrtps_c.so
[1.901s] -- Up-to-date: /home/me597/me597/Lab1/ws1/install/tutorial_interfaces/lib/libtutorial_interfaces__rosidl_typesupport_fastrtps_cpp.so
[1.901s] -- Up-to-date: /home/me597/me597/Lab1/ws1/install/tutorial_interfaces/lib/libtutorial_interfaces__rosidl_typesupport_introspection_c.so
[1.903s] -- Up-to-date: /home/me597/me597/Lab1/ws1/install/tutorial_interfaces/lib/libtutorial_interfaces__rosidl_typesupport_c.so
[1.904s] -- Up-to-date: /home/me597/me597/Lab1/ws1/install/tutorial_interfaces/lib/libtutorial_interfaces__rosidl_typesupport_introspection_cpp.so
[1.904s] -- Up-to-date: /home/me597/me597/Lab1/ws1/install/tutorial_interfaces/lib/libtutorial_interfaces__rosidl_typesupport_cpp.so
[1.959s] Listing '/home/me597/me597/Lab1/ws1/install/tutorial_interfaces/local/lib/python3.10/dist-packages/tutorial_interfaces'...
[1.960s] Listing '/home/me597/me597/Lab1/ws1/install/tutorial_interfaces/local/lib/python3.10/dist-packages/tutorial_interfaces/msg'...
[1.960s] Listing '/home/me597/me597/Lab1/ws1/install/tutorial_interfaces/local/lib/python3.10/dist-packages/tutorial_interfaces/srv'...
[1.965s] -- Up-to-date: /home/me597/me597/Lab1/ws1/install/tutorial_interfaces/lib/libtutorial_interfaces__rosidl_generator_py.so
[1.966s] -- Up-to-date: /home/me597/me597/Lab1/ws1/install/tutorial_interfaces/share/tutorial_interfaces/cmake/export_tutorial_interfaces__rosidl_generator_cExport.cmake
[1.966s] -- Up-to-date: /home/me597/me597/Lab1/ws1/install/tutorial_interfaces/share/tutorial_interfaces/cmake/export_tutorial_interfaces__rosidl_generator_cExport-noconfig.cmake
[1.967s] -- Up-to-date: /home/me597/me597/Lab1/ws1/install/tutorial_interfaces/share/tutorial_interfaces/cmake/export_tutorial_interfaces__rosidl_typesupport_fastrtps_cExport.cmake
[1.968s] -- Up-to-date: /home/me597/me597/Lab1/ws1/install/tutorial_interfaces/share/tutorial_interfaces/cmake/export_tutorial_interfaces__rosidl_typesupport_fastrtps_cExport-noconfig.cmake
[1.968s] -- Up-to-date: /home/me597/me597/Lab1/ws1/install/tutorial_interfaces/share/tutorial_interfaces/cmake/export_tutorial_interfaces__rosidl_generator_cppExport.cmake
[1.969s] -- Up-to-date: /home/me597/me597/Lab1/ws1/install/tutorial_interfaces/share/tutorial_interfaces/cmake/export_tutorial_interfaces__rosidl_typesupport_fastrtps_cppExport.cmake
[1.969s] -- Up-to-date: /home/me597/me597/Lab1/ws1/install/tutorial_interfaces/share/tutorial_interfaces/cmake/export_tutorial_interfaces__rosidl_typesupport_fastrtps_cppExport-noconfig.cmake
[1.969s] -- Up-to-date: /home/me597/me597/Lab1/ws1/install/tutorial_interfaces/share/tutorial_interfaces/cmake/tutorial_interfaces__rosidl_typesupport_introspection_cExport.cmake
[1.969s] -- Up-to-date: /home/me597/me597/Lab1/ws1/install/tutorial_interfaces/share/tutorial_interfaces/cmake/tutorial_interfaces__rosidl_typesupport_introspection_cExport-noconfig.cmake
[1.969s] -- Up-to-date: /home/me597/me597/Lab1/ws1/install/tutorial_interfaces/share/tutorial_interfaces/cmake/tutorial_interfaces__rosidl_typesupport_cExport.cmake
[1.969s] -- Up-to-date: /home/me597/me597/Lab1/ws1/install/tutorial_interfaces/share/tutorial_interfaces/cmake/tutorial_interfaces__rosidl_typesupport_cExport-noconfig.cmake
[1.969s] -- Up-to-date: /home/me597/me597/Lab1/ws1/install/tutorial_interfaces/share/tutorial_interfaces/cmake/tutorial_interfaces__rosidl_typesupport_introspection_cppExport.cmake
[1.970s] -- Up-to-date: /home/me597/me597/Lab1/ws1/install/tutorial_interfaces/share/tutorial_interfaces/cmake/tutorial_interfaces__rosidl_typesupport_introspection_cppExport-noconfig.cmake
[1.970s] -- Up-to-date: /home/me597/me597/Lab1/ws1/install/tutorial_interfaces/share/tutorial_interfaces/cmake/tutorial_interfaces__rosidl_typesupport_cppExport.cmake
[1.970s] -- Up-to-date: /home/me597/me597/Lab1/ws1/install/tutorial_interfaces/share/tutorial_interfaces/cmake/tutorial_interfaces__rosidl_typesupport_cppExport-noconfig.cmake
[1.970s] -- Up-to-date: /home/me597/me597/Lab1/ws1/install/tutorial_interfaces/share/tutorial_interfaces/cmake/export_tutorial_interfaces__rosidl_generator_pyExport.cmake
[1.970s] -- Up-to-date: /home/me597/me597/Lab1/ws1/install/tutorial_interfaces/share/tutorial_interfaces/cmake/export_tutorial_interfaces__rosidl_generator_pyExport-noconfig.cmake
[1.973s] Invoked command in '/home/me597/me597/Lab1/ws1/build/tutorial_interfaces' returned '0': CMAKE_PREFIX_PATH=${CMAKE_PREFIX_PATH}:/home/me597/me597/Lab1/ws1/install/task_2:/home/me597/me597/Lab1/ws1/install/task_1:/opt/ros/humble /usr/bin/cmake --install /home/me597/me597/Lab1/ws1/build/tutorial_interfaces
