running develop
running egg_info
creating task_4.egg-info
writing task_4.egg-info/PKG-INFO
writing dependency_links to task_4.egg-info/dependency_links.txt
writing entry points to task_4.egg-info/entry_points.txt
writing requirements to task_4.egg-info/requires.txt
writing top-level names to task_4.egg-info/top_level.txt
writing manifest file 'task_4.egg-info/SOURCES.txt'
reading manifest file 'task_4.egg-info/SOURCES.txt'
writing manifest file 'task_4.egg-info/SOURCES.txt'
running build_ext
Creating /home/me597/me597/Lab3/ws1/install/task_4/lib/python3.10/site-packages/task-4.egg-link (link to .)

Installed /home/me597/me597/Lab3/ws1/build/task_4
running symlink_data
creating /home/me597/me597/Lab3/ws1/install/task_4/share/ament_index
creating /home/me597/me597/Lab3/ws1/install/task_4/share/ament_index/resource_index
creating /home/me597/me597/Lab3/ws1/install/task_4/share/ament_index/resource_index/packages
symbolically linking /home/me597/me597/Lab3/ws1/build/task_4/resource/task_4 -> /home/me597/me597/Lab3/ws1/install/task_4/share/ament_index/resource_index/packages
symbolically linking /home/me597/me597/Lab3/ws1/build/task_4/package.xml -> /home/me597/me597/Lab3/ws1/install/task_4/share/task_4
