[0.799s] Invoking command in '/home/me597/me597/Lab2/ws1/build/turtlebot3_gazebo': CMAKE_PREFIX_PATH=${CMAKE_PREFIX_PATH}:/home/me597/me597/Lab2/ws1/install/task_3:/home/me597/me597/Lab2/ws1/install/sim_utils:/opt/ros/humble /usr/bin/cmake --build /home/me597/me597/Lab2/ws1/build/turtlebot3_gazebo -- -j4 -l4
[0.983s] Invoked command in '/home/me597/me597/Lab2/ws1/build/turtlebot3_gazebo' returned '0': CMAKE_PREFIX_PATH=${CMAKE_PREFIX_PATH}:/home/me597/me597/Lab2/ws1/install/task_3:/home/me597/me597/Lab2/ws1/install/sim_utils:/opt/ros/humble /usr/bin/cmake --build /home/me597/me597/Lab2/ws1/build/turtlebot3_gazebo -- -j4 -l4
[1.144s] Invoking command in '/home/me597/me597/Lab2/ws1/build/turtlebot3_gazebo': CMAKE_PREFIX_PATH=${CMAKE_PREFIX_PATH}:/home/me597/me597/Lab2/ws1/install/task_3:/home/me597/me597/Lab2/ws1/install/sim_utils:/opt/ros/humble /usr/bin/cmake --install /home/me597/me597/Lab2/ws1/build/turtlebot3_gazebo
[1.176s] -- Install configuration: ""
[1.176s] -- Execute custom install script
[1.177s] -- Up-to-date symlink: /home/me597/me597/Lab2/ws1/install/turtlebot3_gazebo/share/turtlebot3_gazebo//launch/amcl.launch.py
[1.177s] -- Up-to-date symlink: /home/me597/me597/Lab2/ws1/install/turtlebot3_gazebo/share/turtlebot3_gazebo//launch/map_loader.launch.py
[1.177s] -- Up-to-date symlink: /home/me597/me597/Lab2/ws1/install/turtlebot3_gazebo/share/turtlebot3_gazebo//launch/mapper.launch.py
[1.184s] -- Up-to-date symlink: /home/me597/me597/Lab2/ws1/install/turtlebot3_gazebo/share/turtlebot3_gazebo//launch/navigator.launch.py
[1.184s] -- Up-to-date symlink: /home/me597/me597/Lab2/ws1/install/turtlebot3_gazebo/share/turtlebot3_gazebo//launch/robot_state_publisher.launch.py
[1.184s] -- Up-to-date symlink: /home/me597/me597/Lab2/ws1/install/turtlebot3_gazebo/share/turtlebot3_gazebo//launch/spawn_cricketball.launch.py
[1.184s] -- Up-to-date symlink: /home/me597/me597/Lab2/ws1/install/turtlebot3_gazebo/share/turtlebot3_gazebo//launch/spawn_turtlebot3.launch.py
[1.184s] -- Up-to-date symlink: /home/me597/me597/Lab2/ws1/install/turtlebot3_gazebo/share/turtlebot3_gazebo//launch/task_6.launch.py
[1.184s] -- Up-to-date symlink: /home/me597/me597/Lab2/ws1/install/turtlebot3_gazebo/share/turtlebot3_gazebo//launch/turtlebot3_bonus_world.launch.py
[1.185s] -- Up-to-date symlink: /home/me597/me597/Lab2/ws1/install/turtlebot3_gazebo/share/turtlebot3_gazebo//launch/turtlebot3_house.launch.py
[1.185s] -- Up-to-date symlink: /home/me597/me597/Lab2/ws1/install/turtlebot3_gazebo/share/turtlebot3_gazebo//launch/turtlebot3_house_norviz.launch.py
[1.185s] -- Up-to-date symlink: /home/me597/me597/Lab2/ws1/install/turtlebot3_gazebo/share/turtlebot3_gazebo//models/blue_object/model.config
[1.185s] -- Up-to-date symlink: /home/me597/me597/Lab2/ws1/install/turtlebot3_gazebo/share/turtlebot3_gazebo//models/blue_object/model.rsdf
[1.185s] -- Up-to-date symlink: /home/me597/me597/Lab2/ws1/install/turtlebot3_gazebo/share/turtlebot3_gazebo//models/blue_object/model.sdf
[1.185s] -- Up-to-date symlink: /home/me597/me597/Lab2/ws1/install/turtlebot3_gazebo/share/turtlebot3_gazebo//models/cricket_ball/model.config
[1.189s] -- Up-to-date symlink: /home/me597/me597/Lab2/ws1/install/turtlebot3_gazebo/share/turtlebot3_gazebo//models/cricket_ball/model.rsdf
[1.189s] -- Up-to-date symlink: /home/me597/me597/Lab2/ws1/install/turtlebot3_gazebo/share/turtlebot3_gazebo//models/cricket_ball/model.sdf
[1.190s] -- Up-to-date symlink: /home/me597/me597/Lab2/ws1/install/turtlebot3_gazebo/share/turtlebot3_gazebo//models/green_object/model.config
[1.190s] -- Up-to-date symlink: /home/me597/me597/Lab2/ws1/install/turtlebot3_gazebo/share/turtlebot3_gazebo//models/green_object/model.rsdf
[1.190s] -- Up-to-date symlink: /home/me597/me597/Lab2/ws1/install/turtlebot3_gazebo/share/turtlebot3_gazebo//models/green_object/model.sdf
[1.190s] -- Up-to-date symlink: /home/me597/me597/Lab2/ws1/install/turtlebot3_gazebo/share/turtlebot3_gazebo//models/red_object/model.config
[1.197s] -- Up-to-date symlink: /home/me597/me597/Lab2/ws1/install/turtlebot3_gazebo/share/turtlebot3_gazebo//models/red_object/model.rsdf
[1.197s] -- Up-to-date symlink: /home/me597/me597/Lab2/ws1/install/turtlebot3_gazebo/share/turtlebot3_gazebo//models/red_object/model.sdf
[1.197s] -- Up-to-date symlink: /home/me597/me597/Lab2/ws1/install/turtlebot3_gazebo/share/turtlebot3_gazebo//models/trash_can/meshes/trash_can.dae
[1.197s] -- Up-to-date symlink: /home/me597/me597/Lab2/ws1/install/turtlebot3_gazebo/share/turtlebot3_gazebo//models/trash_can/model.config
[1.197s] -- Up-to-date symlink: /home/me597/me597/Lab2/ws1/install/turtlebot3_gazebo/share/turtlebot3_gazebo//models/trash_can/model.sdf
[1.197s] -- Up-to-date symlink: /home/me597/me597/Lab2/ws1/install/turtlebot3_gazebo/share/turtlebot3_gazebo//models/turtlebot3_common/meshes/burger_base.dae
[1.197s] -- Up-to-date symlink: /home/me597/me597/Lab2/ws1/install/turtlebot3_gazebo/share/turtlebot3_gazebo//models/turtlebot3_common/meshes/lds.dae
[1.197s] -- Up-to-date symlink: /home/me597/me597/Lab2/ws1/install/turtlebot3_gazebo/share/turtlebot3_gazebo//models/turtlebot3_common/meshes/r200.dae
[1.197s] -- Up-to-date symlink: /home/me597/me597/Lab2/ws1/install/turtlebot3_gazebo/share/turtlebot3_gazebo//models/turtlebot3_common/meshes/tire.dae
[1.198s] -- Up-to-date symlink: /home/me597/me597/Lab2/ws1/install/turtlebot3_gazebo/share/turtlebot3_gazebo//models/turtlebot3_common/meshes/waffle_base.dae
[1.198s] -- Up-to-date symlink: /home/me597/me597/Lab2/ws1/install/turtlebot3_gazebo/share/turtlebot3_gazebo//models/turtlebot3_common/model.config
[1.198s] -- Up-to-date symlink: /home/me597/me597/Lab2/ws1/install/turtlebot3_gazebo/share/turtlebot3_gazebo//models/turtlebot3_house/model.config
[1.198s] -- Up-to-date symlink: /home/me597/me597/Lab2/ws1/install/turtlebot3_gazebo/share/turtlebot3_gazebo//models/turtlebot3_house/model.sdf
[1.210s] -- Up-to-date symlink: /home/me597/me597/Lab2/ws1/install/turtlebot3_gazebo/share/turtlebot3_gazebo//models/turtlebot3_waffle/model.config
[1.210s] -- Up-to-date symlink: /home/me597/me597/Lab2/ws1/install/turtlebot3_gazebo/share/turtlebot3_gazebo//models/turtlebot3_waffle/model.sdf
[1.210s] -- Up-to-date symlink: /home/me597/me597/Lab2/ws1/install/turtlebot3_gazebo/share/turtlebot3_gazebo//rviz/tb3_gazebo.rviz
[1.210s] -- Up-to-date symlink: /home/me597/me597/Lab2/ws1/install/turtlebot3_gazebo/share/turtlebot3_gazebo//urdf/turtlebot3_waffle.urdf
[1.210s] -- Up-to-date symlink: /home/me597/me597/Lab2/ws1/install/turtlebot3_gazebo/share/turtlebot3_gazebo//worlds/Bonus
[1.210s] -- Up-to-date symlink: /home/me597/me597/Lab2/ws1/install/turtlebot3_gazebo/share/turtlebot3_gazebo//worlds/empty_world.world
[1.210s] -- Up-to-date symlink: /home/me597/me597/Lab2/ws1/install/turtlebot3_gazebo/share/turtlebot3_gazebo//worlds/house_closed.world
[1.210s] -- Up-to-date symlink: /home/me597/me597/Lab2/ws1/install/turtlebot3_gazebo/share/turtlebot3_gazebo//worlds/turtlebot3_house.world
[1.210s] -- Up-to-date symlink: /home/me597/me597/Lab2/ws1/install/turtlebot3_gazebo/share/turtlebot3_gazebo//maps/map.pgm
[1.211s] -- Up-to-date symlink: /home/me597/me597/Lab2/ws1/install/turtlebot3_gazebo/share/turtlebot3_gazebo//maps/map.yaml
[1.211s] -- Up-to-date symlink: /home/me597/me597/Lab2/ws1/install/turtlebot3_gazebo/share/turtlebot3_gazebo//maps/sync_classroom_map.pgm
[1.211s] -- Up-to-date symlink: /home/me597/me597/Lab2/ws1/install/turtlebot3_gazebo/share/turtlebot3_gazebo//maps/sync_classroom_map.yaml
[1.211s] -- Up-to-date symlink: /home/me597/me597/Lab2/ws1/install/turtlebot3_gazebo/share/turtlebot3_gazebo//params/amcl.yaml
[1.211s] -- Up-to-date symlink: /home/me597/me597/Lab2/ws1/install/turtlebot3_gazebo/share/turtlebot3_gazebo//params/map_server.yaml
[1.211s] -- Up-to-date symlink: /home/me597/me597/Lab2/ws1/install/turtlebot3_gazebo/share/turtlebot3_gazebo//params/mapper_params_online_async.yaml
[1.211s] -- Up-to-date symlink: /home/me597/me597/Lab2/ws1/install/turtlebot3_gazebo/share/ament_index/resource_index/package_run_dependencies/turtlebot3_gazebo
[1.211s] -- Up-to-date symlink: /home/me597/me597/Lab2/ws1/install/turtlebot3_gazebo/share/ament_index/resource_index/parent_prefix_path/turtlebot3_gazebo
[1.214s] -- Up-to-date symlink: /home/me597/me597/Lab2/ws1/install/turtlebot3_gazebo/share/turtlebot3_gazebo/environment/ament_prefix_path.sh
[1.217s] -- Up-to-date symlink: /home/me597/me597/Lab2/ws1/install/turtlebot3_gazebo/share/turtlebot3_gazebo/environment/ament_prefix_path.dsv
[1.217s] -- Up-to-date symlink: /home/me597/me597/Lab2/ws1/install/turtlebot3_gazebo/share/turtlebot3_gazebo/environment/path.sh
[1.217s] -- Up-to-date symlink: /home/me597/me597/Lab2/ws1/install/turtlebot3_gazebo/share/turtlebot3_gazebo/environment/path.dsv
[1.217s] -- Up-to-date symlink: /home/me597/me597/Lab2/ws1/install/turtlebot3_gazebo/share/turtlebot3_gazebo/local_setup.bash
[1.217s] -- Up-to-date symlink: /home/me597/me597/Lab2/ws1/install/turtlebot3_gazebo/share/turtlebot3_gazebo/local_setup.sh
[1.218s] -- Up-to-date symlink: /home/me597/me597/Lab2/ws1/install/turtlebot3_gazebo/share/turtlebot3_gazebo/local_setup.zsh
[1.218s] -- Up-to-date symlink: /home/me597/me597/Lab2/ws1/install/turtlebot3_gazebo/share/turtlebot3_gazebo/local_setup.dsv
[1.219s] -- Symlinking: /home/me597/me597/Lab2/ws1/install/turtlebot3_gazebo/share/turtlebot3_gazebo/package.dsv
[1.253s] -- Up-to-date symlink: /home/me597/me597/Lab2/ws1/install/turtlebot3_gazebo/share/ament_index/resource_index/packages/turtlebot3_gazebo
[1.253s] -- Up-to-date symlink: /home/me597/me597/Lab2/ws1/install/turtlebot3_gazebo/share/turtlebot3_gazebo/cmake/ament_cmake_export_include_directories-extras.cmake
[1.253s] -- Up-to-date symlink: /home/me597/me597/Lab2/ws1/install/turtlebot3_gazebo/share/turtlebot3_gazebo/cmake/ament_cmake_export_dependencies-extras.cmake
[1.254s] -- Up-to-date symlink: /home/me597/me597/Lab2/ws1/install/turtlebot3_gazebo/share/turtlebot3_gazebo/cmake/turtlebot3_gazeboConfig.cmake
[1.254s] -- Up-to-date symlink: /home/me597/me597/Lab2/ws1/install/turtlebot3_gazebo/share/turtlebot3_gazebo/cmake/turtlebot3_gazeboConfig-version.cmake
[1.260s] -- Up-to-date symlink: /home/me597/me597/Lab2/ws1/install/turtlebot3_gazebo/share/turtlebot3_gazebo/package.xml
[1.260s] -- Up-to-date: /home/me597/me597/Lab2/ws1/install/turtlebot3_gazebo/lib/turtlebot3_gazebo/task1
[1.260s] -- Up-to-date: /home/me597/me597/Lab2/ws1/install/turtlebot3_gazebo/lib/turtlebot3_gazebo/task2
[1.260s] -- Up-to-date: /home/me597/me597/Lab2/ws1/install/turtlebot3_gazebo/lib/turtlebot3_gazebo/task3
[1.260s] -- Up-to-date: /home/me597/me597/Lab2/ws1/install/turtlebot3_gazebo/lib/turtlebot3_gazebo/spawn_objects
[1.260s] -- Up-to-date: /home/me597/me597/Lab2/ws1/install/turtlebot3_gazebo/lib/turtlebot3_gazebo/task2_bonus
[1.260s] -- Up-to-date: /home/me597/me597/Lab2/ws1/install/turtlebot3_gazebo/lib/turtlebot3_gazebo/static_obstacles
[1.264s] Invoked command in '/home/me597/me597/Lab2/ws1/build/turtlebot3_gazebo' returned '0': CMAKE_PREFIX_PATH=${CMAKE_PREFIX_PATH}:/home/me597/me597/Lab2/ws1/install/task_3:/home/me597/me597/Lab2/ws1/install/sim_utils:/opt/ros/humble /usr/bin/cmake --install /home/me597/me597/Lab2/ws1/build/turtlebot3_gazebo
