[1.305s] Invoking command in '/home/me597/me597/Lab1/ws1/build/task2': PYTHONPATH=/home/me597/me597/Lab1/ws1/build/task2/prefix_override:/usr/lib/python3/dist-packages/colcon_core/task/python/colcon_distutils_commands:/home/me597/me597/Lab1/ws1/install/task2/lib/python3.10/site-packages:${PYTHONPATH} /usr/bin/python3 -W ignore:setup.py install is deprecated setup.py develop --editable --build-directory /home/me597/me597/Lab1/ws1/build/task2/build --no-deps symlink_data
[1.610s] running develop
[1.610s] /usr/lib/python3/dist-packages/setuptools/command/easy_install.py:158: EasyInstallDeprecationWarning: easy_install command is deprecated. Use build and pip and other standards-based tools.
[1.610s]   warnings.warn(
[1.793s] running egg_info
[1.794s] creating task2.egg-info
[1.794s] writing task2.egg-info/PKG-INFO
[1.795s] writing dependency_links to task2.egg-info/dependency_links.txt
[1.795s] writing entry points to task2.egg-info/entry_points.txt
[1.795s] writing requirements to task2.egg-info/requires.txt
[1.795s] writing top-level names to task2.egg-info/top_level.txt
[1.795s] writing manifest file 'task2.egg-info/SOURCES.txt'
[1.797s] reading manifest file 'task2.egg-info/SOURCES.txt'
[1.799s] writing manifest file 'task2.egg-info/SOURCES.txt'
[1.800s] running build_ext
[1.800s] Creating /home/me597/me597/Lab1/ws1/install/task2/lib/python3.10/site-packages/task2.egg-link (link to .)
[1.802s] 
[1.802s] Installed /home/me597/me597/Lab1/ws1/build/task2
[1.802s] running symlink_data
[1.802s] creating /home/me597/me597/Lab1/ws1/install/task2/share/ament_index
[1.804s] creating /home/me597/me597/Lab1/ws1/install/task2/share/ament_index/resource_index
[1.809s] creating /home/me597/me597/Lab1/ws1/install/task2/share/ament_index/resource_index/packages
[1.809s] symbolically linking /home/me597/me597/Lab1/ws1/build/task2/resource/task2 -> /home/me597/me597/Lab1/ws1/install/task2/share/ament_index/resource_index/packages
[1.809s] symbolically linking /home/me597/me597/Lab1/ws1/build/task2/package.xml -> /home/me597/me597/Lab1/ws1/install/task2/share/task2
[1.839s] Invoked command in '/home/me597/me597/Lab1/ws1/build/task2' returned '0': PYTHONPATH=/home/me597/me597/Lab1/ws1/build/task2/prefix_override:/usr/lib/python3/dist-packages/colcon_core/task/python/colcon_distutils_commands:/home/me597/me597/Lab1/ws1/install/task2/lib/python3.10/site-packages:${PYTHONPATH} /usr/bin/python3 -W ignore:setup.py install is deprecated setup.py develop --editable --build-directory /home/me597/me597/Lab1/ws1/build/task2/build --no-deps symlink_data
