[0.191s] DEBUG:colcon:Command line arguments: ['/usr/bin/colcon', 'build', '--symlink-install']
[0.191s] DEBUG:colcon:Parsed command line arguments: Namespace(log_base=None, log_level=None, verb_name='build', build_base='build', install_base='install', merge_install=False, symlink_install=True, test_result_base=None, continue_on_error=False, executor='parallel', parallel_workers=4, event_handlers=None, ignore_user_meta=False, metas=['./colcon.meta'], base_paths=['.'], packages_ignore=None, packages_ignore_regex=None, paths=None, packages_up_to=None, packages_up_to_regex=None, packages_above=None, packages_above_and_dependencies=None, packages_above_depth=None, packages_select_by_dep=None, packages_skip_by_dep=None, packages_skip_up_to=None, packages_select_build_failed=False, packages_skip_build_finished=False, packages_select_test_failures=False, packages_skip_test_passed=False, packages_select=None, packages_skip=None, packages_select_regex=None, packages_skip_regex=None, packages_start=None, packages_end=None, allow_overriding=[], cmake_args=None, cmake_target=None, cmake_target_skip_unavailable=False, cmake_clean_cache=False, cmake_clean_first=False, cmake_force_configure=False, ament_cmake_args=None, catkin_cmake_args=None, catkin_skip_building_tests=False, mixin_files=None, mixin=None, verb_parser=<colcon_mixin.mixin.mixin_argument.MixinArgumentDecorator object at 0x78c937b61f30>, verb_extension=<colcon_core.verb.build.BuildVerb object at 0x78c937c66ce0>, main=<bound method BuildVerb.main of <colcon_core.verb.build.BuildVerb object at 0x78c937c66ce0>>, mixin_verb=('build',))
[0.430s] Level 1:colcon.colcon_core.package_discovery:discover_packages(colcon_meta) check parameters
[0.430s] Level 1:colcon.colcon_core.package_discovery:discover_packages(recursive) check parameters
[0.430s] Level 1:colcon.colcon_core.package_discovery:discover_packages(ignore) check parameters
[0.430s] Level 1:colcon.colcon_core.package_discovery:discover_packages(path) check parameters
[0.430s] Level 1:colcon.colcon_core.package_discovery:discover_packages(colcon_meta) discover
[0.430s] Level 1:colcon.colcon_core.package_discovery:discover_packages(recursive) discover
[0.430s] INFO:colcon.colcon_core.package_discovery:Crawling recursively for packages in '/home/me597/ME597_Lab/Lab3/ws1'
[0.430s] Level 1:colcon.colcon_core.package_identification:_identify(.) by extensions ['ignore', 'ignore_ament_install']
[0.430s] Level 1:colcon.colcon_core.package_identification:_identify(.) by extension 'ignore'
[0.430s] Level 1:colcon.colcon_core.package_identification:_identify(.) by extension 'ignore_ament_install'
[0.430s] Level 1:colcon.colcon_core.package_identification:_identify(.) by extensions ['colcon_pkg']
[0.430s] Level 1:colcon.colcon_core.package_identification:_identify(.) by extension 'colcon_pkg'
[0.431s] Level 1:colcon.colcon_core.package_identification:_identify(.) by extensions ['colcon_meta']
[0.431s] Level 1:colcon.colcon_core.package_identification:_identify(.) by extension 'colcon_meta'
[0.431s] Level 1:colcon.colcon_core.package_identification:_identify(.) by extensions ['ros']
[0.431s] Level 1:colcon.colcon_core.package_identification:_identify(.) by extension 'ros'
[0.445s] Level 1:colcon.colcon_core.package_identification:_identify(.) by extensions ['cmake', 'python']
[0.445s] Level 1:colcon.colcon_core.package_identification:_identify(.) by extension 'cmake'
[0.446s] Level 1:colcon.colcon_core.package_identification:_identify(.) by extension 'python'
[0.446s] Level 1:colcon.colcon_core.package_identification:_identify(.) by extensions ['python_setup_py']
[0.446s] Level 1:colcon.colcon_core.package_identification:_identify(.) by extension 'python_setup_py'
[0.446s] Level 1:colcon.colcon_core.package_identification:_identify(build) by extensions ['ignore', 'ignore_ament_install']
[0.446s] Level 1:colcon.colcon_core.package_identification:_identify(build) by extension 'ignore'
[0.446s] Level 1:colcon.colcon_core.package_identification:_identify(build) ignored
[0.446s] Level 1:colcon.colcon_core.package_identification:_identify(install) by extensions ['ignore', 'ignore_ament_install']
[0.447s] Level 1:colcon.colcon_core.package_identification:_identify(install) by extension 'ignore'
[0.447s] Level 1:colcon.colcon_core.package_identification:_identify(install) ignored
[0.447s] Level 1:colcon.colcon_core.package_identification:_identify(log) by extensions ['ignore', 'ignore_ament_install']
[0.447s] Level 1:colcon.colcon_core.package_identification:_identify(log) by extension 'ignore'
[0.447s] Level 1:colcon.colcon_core.package_identification:_identify(log) ignored
[0.447s] Level 1:colcon.colcon_core.package_identification:_identify(src) by extensions ['ignore', 'ignore_ament_install']
[0.447s] Level 1:colcon.colcon_core.package_identification:_identify(src) by extension 'ignore'
[0.447s] Level 1:colcon.colcon_core.package_identification:_identify(src) by extension 'ignore_ament_install'
[0.447s] Level 1:colcon.colcon_core.package_identification:_identify(src) by extensions ['colcon_pkg']
[0.447s] Level 1:colcon.colcon_core.package_identification:_identify(src) by extension 'colcon_pkg'
[0.448s] Level 1:colcon.colcon_core.package_identification:_identify(src) by extensions ['colcon_meta']
[0.448s] Level 1:colcon.colcon_core.package_identification:_identify(src) by extension 'colcon_meta'
[0.448s] Level 1:colcon.colcon_core.package_identification:_identify(src) by extensions ['ros']
[0.448s] Level 1:colcon.colcon_core.package_identification:_identify(src) by extension 'ros'
[0.448s] Level 1:colcon.colcon_core.package_identification:_identify(src) by extensions ['cmake', 'python']
[0.448s] Level 1:colcon.colcon_core.package_identification:_identify(src) by extension 'cmake'
[0.448s] Level 1:colcon.colcon_core.package_identification:_identify(src) by extension 'python'
[0.448s] Level 1:colcon.colcon_core.package_identification:_identify(src) by extensions ['python_setup_py']
[0.448s] Level 1:colcon.colcon_core.package_identification:_identify(src) by extension 'python_setup_py'
[0.448s] Level 1:colcon.colcon_core.package_identification:_identify(src/sim_ws) by extensions ['ignore', 'ignore_ament_install']
[0.448s] Level 1:colcon.colcon_core.package_identification:_identify(src/sim_ws) by extension 'ignore'
[0.448s] Level 1:colcon.colcon_core.package_identification:_identify(src/sim_ws) by extension 'ignore_ament_install'
[0.449s] Level 1:colcon.colcon_core.package_identification:_identify(src/sim_ws) by extensions ['colcon_pkg']
[0.449s] Level 1:colcon.colcon_core.package_identification:_identify(src/sim_ws) by extension 'colcon_pkg'
[0.449s] Level 1:colcon.colcon_core.package_identification:_identify(src/sim_ws) by extensions ['colcon_meta']
[0.449s] Level 1:colcon.colcon_core.package_identification:_identify(src/sim_ws) by extension 'colcon_meta'
[0.449s] Level 1:colcon.colcon_core.package_identification:_identify(src/sim_ws) by extensions ['ros']
[0.449s] Level 1:colcon.colcon_core.package_identification:_identify(src/sim_ws) by extension 'ros'
[0.449s] Level 1:colcon.colcon_core.package_identification:_identify(src/sim_ws) by extensions ['cmake', 'python']
[0.449s] Level 1:colcon.colcon_core.package_identification:_identify(src/sim_ws) by extension 'cmake'
[0.449s] Level 1:colcon.colcon_core.package_identification:_identify(src/sim_ws) by extension 'python'
[0.449s] Level 1:colcon.colcon_core.package_identification:_identify(src/sim_ws) by extensions ['python_setup_py']
[0.449s] Level 1:colcon.colcon_core.package_identification:_identify(src/sim_ws) by extension 'python_setup_py'
[0.449s] Level 1:colcon.colcon_core.package_identification:_identify(src/sim_ws/build) by extensions ['ignore', 'ignore_ament_install']
[0.449s] Level 1:colcon.colcon_core.package_identification:_identify(src/sim_ws/build) by extension 'ignore'
[0.450s] Level 1:colcon.colcon_core.package_identification:_identify(src/sim_ws/build) ignored
[0.450s] Level 1:colcon.colcon_core.package_identification:_identify(src/sim_ws/install) by extensions ['ignore', 'ignore_ament_install']
[0.450s] Level 1:colcon.colcon_core.package_identification:_identify(src/sim_ws/install) by extension 'ignore'
[0.450s] Level 1:colcon.colcon_core.package_identification:_identify(src/sim_ws/install) ignored
[0.450s] Level 1:colcon.colcon_core.package_identification:_identify(src/sim_ws/log) by extensions ['ignore', 'ignore_ament_install']
[0.450s] Level 1:colcon.colcon_core.package_identification:_identify(src/sim_ws/log) by extension 'ignore'
[0.450s] Level 1:colcon.colcon_core.package_identification:_identify(src/sim_ws/log) ignored
[0.450s] Level 1:colcon.colcon_core.package_identification:_identify(src/sim_ws/src) by extensions ['ignore', 'ignore_ament_install']
[0.451s] Level 1:colcon.colcon_core.package_identification:_identify(src/sim_ws/src) by extension 'ignore'
[0.451s] Level 1:colcon.colcon_core.package_identification:_identify(src/sim_ws/src) by extension 'ignore_ament_install'
[0.451s] Level 1:colcon.colcon_core.package_identification:_identify(src/sim_ws/src) by extensions ['colcon_pkg']
[0.451s] Level 1:colcon.colcon_core.package_identification:_identify(src/sim_ws/src) by extension 'colcon_pkg'
[0.451s] Level 1:colcon.colcon_core.package_identification:_identify(src/sim_ws/src) by extensions ['colcon_meta']
[0.451s] Level 1:colcon.colcon_core.package_identification:_identify(src/sim_ws/src) by extension 'colcon_meta'
[0.451s] Level 1:colcon.colcon_core.package_identification:_identify(src/sim_ws/src) by extensions ['ros']
[0.451s] Level 1:colcon.colcon_core.package_identification:_identify(src/sim_ws/src) by extension 'ros'
[0.451s] Level 1:colcon.colcon_core.package_identification:_identify(src/sim_ws/src) by extensions ['cmake', 'python']
[0.451s] Level 1:colcon.colcon_core.package_identification:_identify(src/sim_ws/src) by extension 'cmake'
[0.451s] Level 1:colcon.colcon_core.package_identification:_identify(src/sim_ws/src) by extension 'python'
[0.451s] Level 1:colcon.colcon_core.package_identification:_identify(src/sim_ws/src) by extensions ['python_setup_py']
[0.451s] Level 1:colcon.colcon_core.package_identification:_identify(src/sim_ws/src) by extension 'python_setup_py'
[0.451s] Level 1:colcon.colcon_core.package_identification:_identify(src/sim_ws/src/build) by extensions ['ignore', 'ignore_ament_install']
[0.451s] Level 1:colcon.colcon_core.package_identification:_identify(src/sim_ws/src/build) by extension 'ignore'
[0.452s] Level 1:colcon.colcon_core.package_identification:_identify(src/sim_ws/src/build) ignored
[0.452s] Level 1:colcon.colcon_core.package_identification:_identify(src/sim_ws/src/install) by extensions ['ignore', 'ignore_ament_install']
[0.452s] Level 1:colcon.colcon_core.package_identification:_identify(src/sim_ws/src/install) by extension 'ignore'
[0.452s] Level 1:colcon.colcon_core.package_identification:_identify(src/sim_ws/src/install) ignored
[0.452s] Level 1:colcon.colcon_core.package_identification:_identify(src/sim_ws/src/log) by extensions ['ignore', 'ignore_ament_install']
[0.452s] Level 1:colcon.colcon_core.package_identification:_identify(src/sim_ws/src/log) by extension 'ignore'
[0.452s] Level 1:colcon.colcon_core.package_identification:_identify(src/sim_ws/src/log) ignored
[0.452s] Level 1:colcon.colcon_core.package_identification:_identify(src/sim_ws/src/sim_utils) by extensions ['ignore', 'ignore_ament_install']
[0.452s] Level 1:colcon.colcon_core.package_identification:_identify(src/sim_ws/src/sim_utils) by extension 'ignore'
[0.452s] Level 1:colcon.colcon_core.package_identification:_identify(src/sim_ws/src/sim_utils) by extension 'ignore_ament_install'
[0.453s] Level 1:colcon.colcon_core.package_identification:_identify(src/sim_ws/src/sim_utils) by extensions ['colcon_pkg']
[0.453s] Level 1:colcon.colcon_core.package_identification:_identify(src/sim_ws/src/sim_utils) by extension 'colcon_pkg'
[0.453s] Level 1:colcon.colcon_core.package_identification:_identify(src/sim_ws/src/sim_utils) by extensions ['colcon_meta']
[0.453s] Level 1:colcon.colcon_core.package_identification:_identify(src/sim_ws/src/sim_utils) by extension 'colcon_meta'
[0.453s] Level 1:colcon.colcon_core.package_identification:_identify(src/sim_ws/src/sim_utils) by extensions ['ros']
[0.453s] Level 1:colcon.colcon_core.package_identification:_identify(src/sim_ws/src/sim_utils) by extension 'ros'
[0.456s] DEBUG:colcon.colcon_core.package_identification:Package 'src/sim_ws/src/sim_utils' with type 'ros.ament_python' and name 'sim_utils'
[0.456s] Level 1:colcon.colcon_core.package_identification:_identify(src/sim_ws/src/turtlebot3_gazebo) by extensions ['ignore', 'ignore_ament_install']
[0.456s] Level 1:colcon.colcon_core.package_identification:_identify(src/sim_ws/src/turtlebot3_gazebo) by extension 'ignore'
[0.456s] Level 1:colcon.colcon_core.package_identification:_identify(src/sim_ws/src/turtlebot3_gazebo) by extension 'ignore_ament_install'
[0.456s] Level 1:colcon.colcon_core.package_identification:_identify(src/sim_ws/src/turtlebot3_gazebo) by extensions ['colcon_pkg']
[0.456s] Level 1:colcon.colcon_core.package_identification:_identify(src/sim_ws/src/turtlebot3_gazebo) by extension 'colcon_pkg'
[0.457s] Level 1:colcon.colcon_core.package_identification:_identify(src/sim_ws/src/turtlebot3_gazebo) by extensions ['colcon_meta']
[0.457s] Level 1:colcon.colcon_core.package_identification:_identify(src/sim_ws/src/turtlebot3_gazebo) by extension 'colcon_meta'
[0.457s] Level 1:colcon.colcon_core.package_identification:_identify(src/sim_ws/src/turtlebot3_gazebo) by extensions ['ros']
[0.457s] Level 1:colcon.colcon_core.package_identification:_identify(src/sim_ws/src/turtlebot3_gazebo) by extension 'ros'
[0.458s] DEBUG:colcon.colcon_core.package_identification:Package 'src/sim_ws/src/turtlebot3_gazebo' with type 'ros.ament_cmake' and name 'turtlebot3_gazebo'
[0.458s] Level 1:colcon.colcon_core.package_identification:_identify(src/task_4) by extensions ['ignore', 'ignore_ament_install']
[0.458s] Level 1:colcon.colcon_core.package_identification:_identify(src/task_4) by extension 'ignore'
[0.458s] Level 1:colcon.colcon_core.package_identification:_identify(src/task_4) by extension 'ignore_ament_install'
[0.458s] Level 1:colcon.colcon_core.package_identification:_identify(src/task_4) by extensions ['colcon_pkg']
[0.458s] Level 1:colcon.colcon_core.package_identification:_identify(src/task_4) by extension 'colcon_pkg'
[0.458s] Level 1:colcon.colcon_core.package_identification:_identify(src/task_4) by extensions ['colcon_meta']
[0.459s] Level 1:colcon.colcon_core.package_identification:_identify(src/task_4) by extension 'colcon_meta'
[0.459s] Level 1:colcon.colcon_core.package_identification:_identify(src/task_4) by extensions ['ros']
[0.459s] Level 1:colcon.colcon_core.package_identification:_identify(src/task_4) by extension 'ros'
[0.460s] DEBUG:colcon.colcon_core.package_identification:Package 'src/task_4' with type 'ros.ament_python' and name 'task_4'
[0.460s] Level 1:colcon.colcon_core.package_discovery:discover_packages(recursive) using defaults
[0.460s] Level 1:colcon.colcon_core.package_discovery:discover_packages(ignore) discover
[0.460s] Level 1:colcon.colcon_core.package_discovery:discover_packages(ignore) using defaults
[0.460s] Level 1:colcon.colcon_core.package_discovery:discover_packages(path) discover
[0.460s] Level 1:colcon.colcon_core.package_discovery:discover_packages(path) using defaults
[0.487s] Level 1:colcon.colcon_core.package_discovery:discover_packages(prefix_path) check parameters
[0.487s] Level 1:colcon.colcon_core.package_discovery:discover_packages(prefix_path) discover
[0.489s] DEBUG:colcon.colcon_installed_package_information.package_discovery:Found 3 installed packages in /home/me597/ME597_Lab/Lab3/ws1/install
[0.491s] DEBUG:colcon.colcon_installed_package_information.package_discovery:Found 334 installed packages in /opt/ros/humble
[0.506s] Level 1:colcon.colcon_core.package_discovery:discover_packages(prefix_path) using defaults
[0.568s] Level 5:colcon.colcon_core.verb:set package 'sim_utils' build argument 'cmake_args' from command line to 'None'
[0.568s] Level 5:colcon.colcon_core.verb:set package 'sim_utils' build argument 'cmake_target' from command line to 'None'
[0.568s] Level 5:colcon.colcon_core.verb:set package 'sim_utils' build argument 'cmake_target_skip_unavailable' from command line to 'False'
[0.568s] Level 5:colcon.colcon_core.verb:set package 'sim_utils' build argument 'cmake_clean_cache' from command line to 'False'
[0.568s] Level 5:colcon.colcon_core.verb:set package 'sim_utils' build argument 'cmake_clean_first' from command line to 'False'
[0.568s] Level 5:colcon.colcon_core.verb:set package 'sim_utils' build argument 'cmake_force_configure' from command line to 'False'
[0.568s] Level 5:colcon.colcon_core.verb:set package 'sim_utils' build argument 'ament_cmake_args' from command line to 'None'
[0.568s] Level 5:colcon.colcon_core.verb:set package 'sim_utils' build argument 'catkin_cmake_args' from command line to 'None'
[0.568s] Level 5:colcon.colcon_core.verb:set package 'sim_utils' build argument 'catkin_skip_building_tests' from command line to 'False'
[0.568s] DEBUG:colcon.colcon_core.verb:Building package 'sim_utils' with the following arguments: {'ament_cmake_args': None, 'build_base': '/home/me597/ME597_Lab/Lab3/ws1/build/sim_utils', 'catkin_cmake_args': None, 'catkin_skip_building_tests': False, 'cmake_args': None, 'cmake_clean_cache': False, 'cmake_clean_first': False, 'cmake_force_configure': False, 'cmake_target': None, 'cmake_target_skip_unavailable': False, 'install_base': '/home/me597/ME597_Lab/Lab3/ws1/install/sim_utils', 'merge_install': False, 'path': '/home/me597/ME597_Lab/Lab3/ws1/src/sim_ws/src/sim_utils', 'symlink_install': True, 'test_result_base': None}
[0.569s] Level 5:colcon.colcon_core.verb:set package 'task_4' build argument 'cmake_args' from command line to 'None'
[0.569s] Level 5:colcon.colcon_core.verb:set package 'task_4' build argument 'cmake_target' from command line to 'None'
[0.569s] Level 5:colcon.colcon_core.verb:set package 'task_4' build argument 'cmake_target_skip_unavailable' from command line to 'False'
[0.569s] Level 5:colcon.colcon_core.verb:set package 'task_4' build argument 'cmake_clean_cache' from command line to 'False'
[0.569s] Level 5:colcon.colcon_core.verb:set package 'task_4' build argument 'cmake_clean_first' from command line to 'False'
[0.569s] Level 5:colcon.colcon_core.verb:set package 'task_4' build argument 'cmake_force_configure' from command line to 'False'
[0.569s] Level 5:colcon.colcon_core.verb:set package 'task_4' build argument 'ament_cmake_args' from command line to 'None'
[0.569s] Level 5:colcon.colcon_core.verb:set package 'task_4' build argument 'catkin_cmake_args' from command line to 'None'
[0.569s] Level 5:colcon.colcon_core.verb:set package 'task_4' build argument 'catkin_skip_building_tests' from command line to 'False'
[0.569s] DEBUG:colcon.colcon_core.verb:Building package 'task_4' with the following arguments: {'ament_cmake_args': None, 'build_base': '/home/me597/ME597_Lab/Lab3/ws1/build/task_4', 'catkin_cmake_args': None, 'catkin_skip_building_tests': False, 'cmake_args': None, 'cmake_clean_cache': False, 'cmake_clean_first': False, 'cmake_force_configure': False, 'cmake_target': None, 'cmake_target_skip_unavailable': False, 'install_base': '/home/me597/ME597_Lab/Lab3/ws1/install/task_4', 'merge_install': False, 'path': '/home/me597/ME597_Lab/Lab3/ws1/src/task_4', 'symlink_install': True, 'test_result_base': None}
[0.569s] Level 5:colcon.colcon_core.verb:set package 'turtlebot3_gazebo' build argument 'cmake_args' from command line to 'None'
[0.569s] Level 5:colcon.colcon_core.verb:set package 'turtlebot3_gazebo' build argument 'cmake_target' from command line to 'None'
[0.570s] Level 5:colcon.colcon_core.verb:set package 'turtlebot3_gazebo' build argument 'cmake_target_skip_unavailable' from command line to 'False'
[0.570s] Level 5:colcon.colcon_core.verb:set package 'turtlebot3_gazebo' build argument 'cmake_clean_cache' from command line to 'False'
[0.570s] Level 5:colcon.colcon_core.verb:set package 'turtlebot3_gazebo' build argument 'cmake_clean_first' from command line to 'False'
[0.570s] Level 5:colcon.colcon_core.verb:set package 'turtlebot3_gazebo' build argument 'cmake_force_configure' from command line to 'False'
[0.570s] Level 5:colcon.colcon_core.verb:set package 'turtlebot3_gazebo' build argument 'ament_cmake_args' from command line to 'None'
[0.570s] Level 5:colcon.colcon_core.verb:set package 'turtlebot3_gazebo' build argument 'catkin_cmake_args' from command line to 'None'
[0.570s] Level 5:colcon.colcon_core.verb:set package 'turtlebot3_gazebo' build argument 'catkin_skip_building_tests' from command line to 'False'
[0.570s] DEBUG:colcon.colcon_core.verb:Building package 'turtlebot3_gazebo' with the following arguments: {'ament_cmake_args': None, 'build_base': '/home/me597/ME597_Lab/Lab3/ws1/build/turtlebot3_gazebo', 'catkin_cmake_args': None, 'catkin_skip_building_tests': False, 'cmake_args': None, 'cmake_clean_cache': False, 'cmake_clean_first': False, 'cmake_force_configure': False, 'cmake_target': None, 'cmake_target_skip_unavailable': False, 'install_base': '/home/me597/ME597_Lab/Lab3/ws1/install/turtlebot3_gazebo', 'merge_install': False, 'path': '/home/me597/ME597_Lab/Lab3/ws1/src/sim_ws/src/turtlebot3_gazebo', 'symlink_install': True, 'test_result_base': None}
[0.570s] INFO:colcon.colcon_core.executor:Executing jobs using 'parallel' executor
[0.571s] DEBUG:colcon.colcon_parallel_executor.executor.parallel:run_until_complete
[0.571s] INFO:colcon.colcon_ros.task.ament_python.build:Building ROS package in '/home/me597/ME597_Lab/Lab3/ws1/src/sim_ws/src/sim_utils' with build type 'ament_python'
[0.571s] Level 1:colcon.colcon_core.shell:create_environment_hook('sim_utils', 'ament_prefix_path')
[0.574s] INFO:colcon.colcon_core.plugin_system:Skipping extension 'colcon_core.shell.bat': Not used on non-Windows systems
[0.574s] INFO:colcon.colcon_core.shell:Creating environment hook '/home/me597/ME597_Lab/Lab3/ws1/install/sim_utils/share/sim_utils/hook/ament_prefix_path.ps1'
[0.575s] INFO:colcon.colcon_core.shell:Creating environment descriptor '/home/me597/ME597_Lab/Lab3/ws1/install/sim_utils/share/sim_utils/hook/ament_prefix_path.dsv'
[0.576s] INFO:colcon.colcon_core.shell:Creating environment hook '/home/me597/ME597_Lab/Lab3/ws1/install/sim_utils/share/sim_utils/hook/ament_prefix_path.sh'
[0.577s] INFO:colcon.colcon_core.shell:Skip shell extension 'powershell' for command environment: Not usable outside of PowerShell
[0.577s] DEBUG:colcon.colcon_core.shell:Skip shell extension 'dsv' for command environment
[0.583s] INFO:colcon.colcon_ros.task.ament_python.build:Building ROS package in '/home/me597/ME597_Lab/Lab3/ws1/src/task_4' with build type 'ament_python'
[0.583s] Level 1:colcon.colcon_core.shell:create_environment_hook('task_4', 'ament_prefix_path')
[0.584s] INFO:colcon.colcon_core.shell:Creating environment hook '/home/me597/ME597_Lab/Lab3/ws1/install/task_4/share/task_4/hook/ament_prefix_path.ps1'
[0.584s] INFO:colcon.colcon_core.shell:Creating environment descriptor '/home/me597/ME597_Lab/Lab3/ws1/install/task_4/share/task_4/hook/ament_prefix_path.dsv'
[0.586s] INFO:colcon.colcon_core.shell:Creating environment hook '/home/me597/ME597_Lab/Lab3/ws1/install/task_4/share/task_4/hook/ament_prefix_path.sh'
[0.588s] INFO:colcon.colcon_core.shell:Skip shell extension 'powershell' for command environment: Not usable outside of PowerShell
[0.588s] DEBUG:colcon.colcon_core.shell:Skip shell extension 'dsv' for command environment
[0.595s] INFO:colcon.colcon_ros.task.ament_cmake.build:Building ROS package in '/home/me597/ME597_Lab/Lab3/ws1/src/sim_ws/src/turtlebot3_gazebo' with build type 'ament_cmake'
[0.595s] INFO:colcon.colcon_cmake.task.cmake.build:Building CMake package in '/home/me597/ME597_Lab/Lab3/ws1/src/sim_ws/src/turtlebot3_gazebo'
[0.595s] INFO:colcon.colcon_core.shell:Skip shell extension 'powershell' for command environment: Not usable outside of PowerShell
[0.596s] DEBUG:colcon.colcon_core.shell:Skip shell extension 'dsv' for command environment
[1.019s] INFO:colcon.colcon_core.task.python.build:Building Python package in '/home/me597/ME597_Lab/Lab3/ws1/src/sim_ws/src/sim_utils'
[1.019s] INFO:colcon.colcon_core.shell:Skip shell extension 'powershell' for command environment: Not usable outside of PowerShell
[1.019s] DEBUG:colcon.colcon_core.shell:Skip shell extension 'dsv' for command environment
[1.402s] INFO:colcon.colcon_core.task.python.build:Building Python package in '/home/me597/ME597_Lab/Lab3/ws1/src/task_4'
[1.402s] INFO:colcon.colcon_core.shell:Skip shell extension 'powershell' for command environment: Not usable outside of PowerShell
[1.403s] DEBUG:colcon.colcon_core.shell:Skip shell extension 'dsv' for command environment
[1.415s] DEBUG:colcon.colcon_core.event_handler.log_command:Invoking command in '/home/me597/ME597_Lab/Lab3/ws1/build/turtlebot3_gazebo': CMAKE_PREFIX_PATH=${CMAKE_PREFIX_PATH}:/home/me597/ME597_Lab/Lab3/ws1/install/task_4:/home/me597/ME597_Lab/Lab3/ws1/install/sim_utils:/opt/ros/humble /usr/bin/cmake --build /home/me597/ME597_Lab/Lab3/ws1/build/turtlebot3_gazebo -- -j4 -l4
[1.529s] DEBUG:colcon.colcon_core.event_handler.log_command:Invoked command in '/home/me597/ME597_Lab/Lab3/ws1/build/turtlebot3_gazebo' returned '0': CMAKE_PREFIX_PATH=${CMAKE_PREFIX_PATH}:/home/me597/ME597_Lab/Lab3/ws1/install/task_4:/home/me597/ME597_Lab/Lab3/ws1/install/sim_utils:/opt/ros/humble /usr/bin/cmake --build /home/me597/ME597_Lab/Lab3/ws1/build/turtlebot3_gazebo -- -j4 -l4
[1.651s] DEBUG:colcon.colcon_core.event_handler.log_command:Invoking command in '/home/me597/ME597_Lab/Lab3/ws1/build/turtlebot3_gazebo': CMAKE_PREFIX_PATH=${CMAKE_PREFIX_PATH}:/home/me597/ME597_Lab/Lab3/ws1/install/task_4:/home/me597/ME597_Lab/Lab3/ws1/install/sim_utils:/opt/ros/humble /usr/bin/cmake --install /home/me597/ME597_Lab/Lab3/ws1/build/turtlebot3_gazebo
[1.725s] Level 1:colcon.colcon_core.environment:create_environment_scripts_only(turtlebot3_gazebo)
[1.727s] DEBUG:colcon.colcon_core.event_handler.log_command:Invoked command in '/home/me597/ME597_Lab/Lab3/ws1/build/turtlebot3_gazebo' returned '0': CMAKE_PREFIX_PATH=${CMAKE_PREFIX_PATH}:/home/me597/ME597_Lab/Lab3/ws1/install/task_4:/home/me597/ME597_Lab/Lab3/ws1/install/sim_utils:/opt/ros/humble /usr/bin/cmake --install /home/me597/ME597_Lab/Lab3/ws1/build/turtlebot3_gazebo
[1.729s] Level 1:colcon.colcon_core.environment:checking '/home/me597/ME597_Lab/Lab3/ws1/install/turtlebot3_gazebo' for CMake module files
[1.729s] Level 1:colcon.colcon_core.environment:checking '/home/me597/ME597_Lab/Lab3/ws1/install/turtlebot3_gazebo' for CMake config files
[1.732s] Level 1:colcon.colcon_core.shell:create_environment_hook('turtlebot3_gazebo', 'cmake_prefix_path')
[1.732s] INFO:colcon.colcon_core.shell:Creating environment hook '/home/me597/ME597_Lab/Lab3/ws1/install/turtlebot3_gazebo/share/turtlebot3_gazebo/hook/cmake_prefix_path.ps1'
[1.732s] INFO:colcon.colcon_core.shell:Creating environment descriptor '/home/me597/ME597_Lab/Lab3/ws1/install/turtlebot3_gazebo/share/turtlebot3_gazebo/hook/cmake_prefix_path.dsv'
[1.733s] INFO:colcon.colcon_core.shell:Creating environment hook '/home/me597/ME597_Lab/Lab3/ws1/install/turtlebot3_gazebo/share/turtlebot3_gazebo/hook/cmake_prefix_path.sh'
[1.738s] Level 1:colcon.colcon_core.environment:checking '/home/me597/ME597_Lab/Lab3/ws1/install/turtlebot3_gazebo/lib'
[1.738s] Level 1:colcon.colcon_core.environment:checking '/home/me597/ME597_Lab/Lab3/ws1/install/turtlebot3_gazebo/bin'
[1.738s] Level 1:colcon.colcon_core.environment:checking '/home/me597/ME597_Lab/Lab3/ws1/install/turtlebot3_gazebo/lib/pkgconfig/turtlebot3_gazebo.pc'
[1.739s] Level 1:colcon.colcon_core.environment:checking '/home/me597/ME597_Lab/Lab3/ws1/install/turtlebot3_gazebo/lib/python3.10/site-packages'
[1.739s] Level 1:colcon.colcon_core.environment:checking '/home/me597/ME597_Lab/Lab3/ws1/install/turtlebot3_gazebo/bin'
[1.739s] INFO:colcon.colcon_core.shell:Creating package script '/home/me597/ME597_Lab/Lab3/ws1/install/turtlebot3_gazebo/share/turtlebot3_gazebo/package.ps1'
[1.740s] INFO:colcon.colcon_core.shell:Creating package descriptor '/home/me597/ME597_Lab/Lab3/ws1/install/turtlebot3_gazebo/share/turtlebot3_gazebo/package.dsv'
[1.749s] INFO:colcon.colcon_core.shell:Creating package script '/home/me597/ME597_Lab/Lab3/ws1/install/turtlebot3_gazebo/share/turtlebot3_gazebo/package.sh'
[1.750s] INFO:colcon.colcon_core.shell:Creating package script '/home/me597/ME597_Lab/Lab3/ws1/install/turtlebot3_gazebo/share/turtlebot3_gazebo/package.bash'
[1.758s] INFO:colcon.colcon_core.shell:Creating package script '/home/me597/ME597_Lab/Lab3/ws1/install/turtlebot3_gazebo/share/turtlebot3_gazebo/package.zsh'
[1.759s] Level 1:colcon.colcon_core.environment:create_file_with_runtime_dependencies(/home/me597/ME597_Lab/Lab3/ws1/install/turtlebot3_gazebo/share/colcon-core/packages/turtlebot3_gazebo)
[1.882s] Level 1:colcon.colcon_core.environment:create_environment_scripts_only(turtlebot3_gazebo)
[1.882s] Level 1:colcon.colcon_core.environment:checking '/home/me597/ME597_Lab/Lab3/ws1/install/turtlebot3_gazebo' for CMake module files
[1.883s] Level 1:colcon.colcon_core.environment:checking '/home/me597/ME597_Lab/Lab3/ws1/install/turtlebot3_gazebo' for CMake config files
[1.884s] Level 1:colcon.colcon_core.shell:create_environment_hook('turtlebot3_gazebo', 'cmake_prefix_path')
[1.884s] INFO:colcon.colcon_core.shell:Creating environment hook '/home/me597/ME597_Lab/Lab3/ws1/install/turtlebot3_gazebo/share/turtlebot3_gazebo/hook/cmake_prefix_path.ps1'
[1.891s] INFO:colcon.colcon_core.shell:Creating environment descriptor '/home/me597/ME597_Lab/Lab3/ws1/install/turtlebot3_gazebo/share/turtlebot3_gazebo/hook/cmake_prefix_path.dsv'
[1.892s] INFO:colcon.colcon_core.shell:Creating environment hook '/home/me597/ME597_Lab/Lab3/ws1/install/turtlebot3_gazebo/share/turtlebot3_gazebo/hook/cmake_prefix_path.sh'
[1.893s] Level 1:colcon.colcon_core.environment:checking '/home/me597/ME597_Lab/Lab3/ws1/install/turtlebot3_gazebo/lib'
[1.893s] Level 1:colcon.colcon_core.environment:checking '/home/me597/ME597_Lab/Lab3/ws1/install/turtlebot3_gazebo/bin'
[1.893s] Level 1:colcon.colcon_core.environment:checking '/home/me597/ME597_Lab/Lab3/ws1/install/turtlebot3_gazebo/lib/pkgconfig/turtlebot3_gazebo.pc'
[1.893s] Level 1:colcon.colcon_core.environment:checking '/home/me597/ME597_Lab/Lab3/ws1/install/turtlebot3_gazebo/lib/python3.10/site-packages'
[1.897s] Level 1:colcon.colcon_core.environment:checking '/home/me597/ME597_Lab/Lab3/ws1/install/turtlebot3_gazebo/bin'
[1.897s] INFO:colcon.colcon_core.shell:Creating package script '/home/me597/ME597_Lab/Lab3/ws1/install/turtlebot3_gazebo/share/turtlebot3_gazebo/package.ps1'
[1.898s] INFO:colcon.colcon_core.shell:Creating package descriptor '/home/me597/ME597_Lab/Lab3/ws1/install/turtlebot3_gazebo/share/turtlebot3_gazebo/package.dsv'
[1.899s] INFO:colcon.colcon_core.shell:Creating package script '/home/me597/ME597_Lab/Lab3/ws1/install/turtlebot3_gazebo/share/turtlebot3_gazebo/package.sh'
[1.899s] INFO:colcon.colcon_core.shell:Creating package script '/home/me597/ME597_Lab/Lab3/ws1/install/turtlebot3_gazebo/share/turtlebot3_gazebo/package.bash'
[1.905s] INFO:colcon.colcon_core.shell:Creating package script '/home/me597/ME597_Lab/Lab3/ws1/install/turtlebot3_gazebo/share/turtlebot3_gazebo/package.zsh'
[1.906s] Level 1:colcon.colcon_core.environment:create_file_with_runtime_dependencies(/home/me597/ME597_Lab/Lab3/ws1/install/turtlebot3_gazebo/share/colcon-core/packages/turtlebot3_gazebo)
[2.303s] DEBUG:colcon.colcon_core.event_handler.log_command:Invoking command in '/home/me597/ME597_Lab/Lab3/ws1/build/sim_utils': PYTHONPATH=/home/me597/ME597_Lab/Lab3/ws1/build/sim_utils/prefix_override:/usr/lib/python3/dist-packages/colcon_core/task/python/colcon_distutils_commands:/home/me597/ME597_Lab/Lab3/ws1/install/sim_utils/lib/python3.10/site-packages:${PYTHONPATH} /usr/bin/python3 -W ignore:setup.py install is deprecated setup.py develop --editable --build-directory /home/me597/ME597_Lab/Lab3/ws1/build/sim_utils/build --no-deps symlink_data
[2.413s] DEBUG:colcon.colcon_core.event_handler.log_command:Invoking command in '/home/me597/ME597_Lab/Lab3/ws1/build/task_4': PYTHONPATH=/home/me597/ME597_Lab/Lab3/ws1/build/task_4/prefix_override:/usr/lib/python3/dist-packages/colcon_core/task/python/colcon_distutils_commands:/home/me597/ME597_Lab/Lab3/ws1/install/task_4/lib/python3.10/site-packages:${PYTHONPATH} /usr/bin/python3 -W ignore:setup.py install is deprecated setup.py develop --editable --build-directory /home/me597/ME597_Lab/Lab3/ws1/build/task_4/build --no-deps symlink_data
[3.218s] Level 1:colcon.colcon_core.shell:create_environment_hook('sim_utils', 'pythonpath_develop')
[3.219s] DEBUG:colcon.colcon_core.event_handler.log_command:Invoked command in '/home/me597/ME597_Lab/Lab3/ws1/build/sim_utils' returned '0': PYTHONPATH=/home/me597/ME597_Lab/Lab3/ws1/build/sim_utils/prefix_override:/usr/lib/python3/dist-packages/colcon_core/task/python/colcon_distutils_commands:/home/me597/ME597_Lab/Lab3/ws1/install/sim_utils/lib/python3.10/site-packages:${PYTHONPATH} /usr/bin/python3 -W ignore:setup.py install is deprecated setup.py develop --editable --build-directory /home/me597/ME597_Lab/Lab3/ws1/build/sim_utils/build --no-deps symlink_data
[3.220s] INFO:colcon.colcon_core.shell:Creating environment hook '/home/me597/ME597_Lab/Lab3/ws1/build/sim_utils/share/sim_utils/hook/pythonpath_develop.ps1'
[3.222s] INFO:colcon.colcon_core.shell:Creating environment descriptor '/home/me597/ME597_Lab/Lab3/ws1/build/sim_utils/share/sim_utils/hook/pythonpath_develop.dsv'
[3.223s] INFO:colcon.colcon_core.shell:Creating environment hook '/home/me597/ME597_Lab/Lab3/ws1/build/sim_utils/share/sim_utils/hook/pythonpath_develop.sh'
[3.224s] Level 1:colcon.colcon_core.environment:checking '/home/me597/ME597_Lab/Lab3/ws1/install/sim_utils' for CMake module files
[3.224s] Level 1:colcon.colcon_core.environment:checking '/home/me597/ME597_Lab/Lab3/ws1/install/sim_utils' for CMake config files
[3.229s] Level 1:colcon.colcon_core.environment:checking '/home/me597/ME597_Lab/Lab3/ws1/install/sim_utils/lib'
[3.229s] Level 1:colcon.colcon_core.environment:checking '/home/me597/ME597_Lab/Lab3/ws1/install/sim_utils/bin'
[3.230s] Level 1:colcon.colcon_core.environment:checking '/home/me597/ME597_Lab/Lab3/ws1/install/sim_utils/lib/pkgconfig/sim_utils.pc'
[3.231s] Level 1:colcon.colcon_core.environment:checking '/home/me597/ME597_Lab/Lab3/ws1/install/sim_utils/lib/python3.10/site-packages'
[3.231s] Level 1:colcon.colcon_core.shell:create_environment_hook('sim_utils', 'pythonpath')
[3.231s] INFO:colcon.colcon_core.shell:Creating environment hook '/home/me597/ME597_Lab/Lab3/ws1/install/sim_utils/share/sim_utils/hook/pythonpath.ps1'
[3.233s] INFO:colcon.colcon_core.shell:Creating environment descriptor '/home/me597/ME597_Lab/Lab3/ws1/install/sim_utils/share/sim_utils/hook/pythonpath.dsv'
[3.235s] INFO:colcon.colcon_core.shell:Creating environment hook '/home/me597/ME597_Lab/Lab3/ws1/install/sim_utils/share/sim_utils/hook/pythonpath.sh'
[3.238s] Level 1:colcon.colcon_core.environment:checking '/home/me597/ME597_Lab/Lab3/ws1/install/sim_utils/bin'
[3.238s] Level 1:colcon.colcon_core.environment:create_environment_scripts_only(sim_utils)
[3.239s] INFO:colcon.colcon_core.shell:Creating package script '/home/me597/ME597_Lab/Lab3/ws1/install/sim_utils/share/sim_utils/package.ps1'
[3.242s] INFO:colcon.colcon_core.shell:Creating package descriptor '/home/me597/ME597_Lab/Lab3/ws1/install/sim_utils/share/sim_utils/package.dsv'
[3.244s] INFO:colcon.colcon_core.shell:Creating package script '/home/me597/ME597_Lab/Lab3/ws1/install/sim_utils/share/sim_utils/package.sh'
[3.246s] INFO:colcon.colcon_core.shell:Creating package script '/home/me597/ME597_Lab/Lab3/ws1/install/sim_utils/share/sim_utils/package.bash'
[3.246s] INFO:colcon.colcon_core.shell:Creating package script '/home/me597/ME597_Lab/Lab3/ws1/install/sim_utils/share/sim_utils/package.zsh'
[3.249s] Level 1:colcon.colcon_core.environment:create_file_with_runtime_dependencies(/home/me597/ME597_Lab/Lab3/ws1/install/sim_utils/share/colcon-core/packages/sim_utils)
[3.401s] Level 1:colcon.colcon_core.shell:create_environment_hook('task_4', 'pythonpath_develop')
[3.402s] INFO:colcon.colcon_core.shell:Creating environment hook '/home/me597/ME597_Lab/Lab3/ws1/build/task_4/share/task_4/hook/pythonpath_develop.ps1'
[3.401s] DEBUG:colcon.colcon_core.event_handler.log_command:Invoked command in '/home/me597/ME597_Lab/Lab3/ws1/build/task_4' returned '0': PYTHONPATH=/home/me597/ME597_Lab/Lab3/ws1/build/task_4/prefix_override:/usr/lib/python3/dist-packages/colcon_core/task/python/colcon_distutils_commands:/home/me597/ME597_Lab/Lab3/ws1/install/task_4/lib/python3.10/site-packages:${PYTHONPATH} /usr/bin/python3 -W ignore:setup.py install is deprecated setup.py develop --editable --build-directory /home/me597/ME597_Lab/Lab3/ws1/build/task_4/build --no-deps symlink_data
[3.406s] INFO:colcon.colcon_core.shell:Creating environment descriptor '/home/me597/ME597_Lab/Lab3/ws1/build/task_4/share/task_4/hook/pythonpath_develop.dsv'
[3.407s] INFO:colcon.colcon_core.shell:Creating environment hook '/home/me597/ME597_Lab/Lab3/ws1/build/task_4/share/task_4/hook/pythonpath_develop.sh'
[3.408s] Level 1:colcon.colcon_core.environment:checking '/home/me597/ME597_Lab/Lab3/ws1/install/task_4' for CMake module files
[3.408s] Level 1:colcon.colcon_core.environment:checking '/home/me597/ME597_Lab/Lab3/ws1/install/task_4' for CMake config files
[3.410s] Level 1:colcon.colcon_core.environment:checking '/home/me597/ME597_Lab/Lab3/ws1/install/task_4/lib'
[3.411s] Level 1:colcon.colcon_core.environment:checking '/home/me597/ME597_Lab/Lab3/ws1/install/task_4/bin'
[3.411s] Level 1:colcon.colcon_core.environment:checking '/home/me597/ME597_Lab/Lab3/ws1/install/task_4/lib/pkgconfig/task_4.pc'
[3.412s] Level 1:colcon.colcon_core.environment:checking '/home/me597/ME597_Lab/Lab3/ws1/install/task_4/lib/python3.10/site-packages'
[3.412s] Level 1:colcon.colcon_core.shell:create_environment_hook('task_4', 'pythonpath')
[3.412s] INFO:colcon.colcon_core.shell:Creating environment hook '/home/me597/ME597_Lab/Lab3/ws1/install/task_4/share/task_4/hook/pythonpath.ps1'
[3.415s] INFO:colcon.colcon_core.shell:Creating environment descriptor '/home/me597/ME597_Lab/Lab3/ws1/install/task_4/share/task_4/hook/pythonpath.dsv'
[3.416s] INFO:colcon.colcon_core.shell:Creating environment hook '/home/me597/ME597_Lab/Lab3/ws1/install/task_4/share/task_4/hook/pythonpath.sh'
[3.417s] Level 1:colcon.colcon_core.environment:checking '/home/me597/ME597_Lab/Lab3/ws1/install/task_4/bin'
[3.417s] Level 1:colcon.colcon_core.environment:create_environment_scripts_only(task_4)
[3.419s] INFO:colcon.colcon_core.shell:Creating package script '/home/me597/ME597_Lab/Lab3/ws1/install/task_4/share/task_4/package.ps1'
[3.423s] INFO:colcon.colcon_core.shell:Creating package descriptor '/home/me597/ME597_Lab/Lab3/ws1/install/task_4/share/task_4/package.dsv'
[3.423s] INFO:colcon.colcon_core.shell:Creating package script '/home/me597/ME597_Lab/Lab3/ws1/install/task_4/share/task_4/package.sh'
[3.427s] INFO:colcon.colcon_core.shell:Creating package script '/home/me597/ME597_Lab/Lab3/ws1/install/task_4/share/task_4/package.bash'
[3.428s] INFO:colcon.colcon_core.shell:Creating package script '/home/me597/ME597_Lab/Lab3/ws1/install/task_4/share/task_4/package.zsh'
[3.428s] Level 1:colcon.colcon_core.environment:create_file_with_runtime_dependencies(/home/me597/ME597_Lab/Lab3/ws1/install/task_4/share/colcon-core/packages/task_4)
[3.429s] DEBUG:colcon.colcon_parallel_executor.executor.parallel:closing loop
[3.429s] DEBUG:colcon.colcon_parallel_executor.executor.parallel:loop closed
[3.429s] DEBUG:colcon.colcon_parallel_executor.executor.parallel:run_until_complete finished with '0'
[3.429s] DEBUG:colcon.colcon_core.event_reactor:joining thread
[3.445s] INFO:colcon.colcon_core.plugin_system:Skipping extension 'colcon_notification.desktop_notification.terminal_notifier': Not used on non-Darwin systems
[3.445s] INFO:colcon.colcon_core.plugin_system:Skipping extension 'colcon_notification.desktop_notification.win32': Not used on non-Windows systems
[3.445s] INFO:colcon.colcon_notification.desktop_notification:Sending desktop notification using 'notify2'
[3.499s] DEBUG:colcon.colcon_core.event_reactor:joined thread
[3.500s] INFO:colcon.colcon_core.shell:Creating prefix script '/home/me597/ME597_Lab/Lab3/ws1/install/local_setup.ps1'
[3.501s] INFO:colcon.colcon_core.shell:Creating prefix util module '/home/me597/ME597_Lab/Lab3/ws1/install/_local_setup_util_ps1.py'
[3.503s] INFO:colcon.colcon_core.shell:Creating prefix chain script '/home/me597/ME597_Lab/Lab3/ws1/install/setup.ps1'
[3.507s] INFO:colcon.colcon_core.shell:Creating prefix script '/home/me597/ME597_Lab/Lab3/ws1/install/local_setup.sh'
[3.508s] INFO:colcon.colcon_core.shell:Creating prefix util module '/home/me597/ME597_Lab/Lab3/ws1/install/_local_setup_util_sh.py'
[3.510s] INFO:colcon.colcon_core.shell:Creating prefix chain script '/home/me597/ME597_Lab/Lab3/ws1/install/setup.sh'
[3.512s] INFO:colcon.colcon_core.shell:Creating prefix script '/home/me597/ME597_Lab/Lab3/ws1/install/local_setup.bash'
[3.515s] INFO:colcon.colcon_core.shell:Creating prefix chain script '/home/me597/ME597_Lab/Lab3/ws1/install/setup.bash'
[3.516s] INFO:colcon.colcon_core.shell:Creating prefix script '/home/me597/ME597_Lab/Lab3/ws1/install/local_setup.zsh'
[3.517s] INFO:colcon.colcon_core.shell:Creating prefix chain script '/home/me597/ME597_Lab/Lab3/ws1/install/setup.zsh'
