[0.017s] Invoking command in '/home/Gery/ME597_Lab/Lab4/ws1/build/image_geometry': CMAKE_PREFIX_PATH=/opt/ros/humble /usr/bin/cmake --build /home/Gery/ME597_Lab/Lab4/ws1/build/image_geometry -- -j4 -l4
[0.094s] [35m[1mConsolidate compiler generated dependencies of target image_geometry[0m
[0.098s] [35m[1mConsolidate compiler generated dependencies of target gtest[0m
[0.118s] [35m[1mConsolidate compiler generated dependencies of target gtest_main[0m
[0.131s] [ 27%] Built target image_geometry
[0.146s] [ 45%] Built target gtest
[0.151s] [ 63%] Built target gtest_main
[0.160s] [ 63%] Built target ament_cmake_python_symlink_image_geometry
[0.177s] [35m[1mConsolidate compiler generated dependencies of target image_geometry-utest-equi[0m
[0.180s] [35m[1mConsolidate compiler generated dependencies of target image_geometry-utest[0m
[0.233s] [ 81%] Built target image_geometry-utest-equi
[0.239s] [100%] Built target image_geometry-utest
[0.478s] running egg_info
[0.503s] writing image_geometry.egg-info/PKG-INFO
[0.505s] writing dependency_links to image_geometry.egg-info/dependency_links.txt
[0.505s] writing top-level names to image_geometry.egg-info/top_level.txt
[0.579s] reading manifest file 'image_geometry.egg-info/SOURCES.txt'
[0.580s] writing manifest file 'image_geometry.egg-info/SOURCES.txt'
[0.620s] [100%] Built target ament_cmake_python_build_image_geometry_egg
[0.643s] Invoked command in '/home/Gery/ME597_Lab/Lab4/ws1/build/image_geometry' returned '0': CMAKE_PREFIX_PATH=/opt/ros/humble /usr/bin/cmake --build /home/Gery/ME597_Lab/Lab4/ws1/build/image_geometry -- -j4 -l4
[0.659s] Invoking command in '/home/Gery/ME597_Lab/Lab4/ws1/build/image_geometry': CMAKE_PREFIX_PATH=/opt/ros/humble /usr/bin/cmake --install /home/Gery/ME597_Lab/Lab4/ws1/build/image_geometry
[0.671s] -- Install configuration: ""
[0.671s] -- Execute custom install script
[0.672s] -- Up-to-date symlink: /home/Gery/ME597_Lab/Lab4/ws1/install/image_geometry/share/image_geometry/environment/pythonpath.sh
[0.672s] -- Up-to-date symlink: /home/Gery/ME597_Lab/Lab4/ws1/install/image_geometry/share/image_geometry/environment/pythonpath.dsv
[0.673s] -- Up-to-date symlink: /home/Gery/ME597_Lab/Lab4/ws1/install/image_geometry/local/lib/python3.10/dist-packages/image_geometry-4.1.0-py3.10.egg-info/PKG-INFO
[0.673s] -- Up-to-date symlink: /home/Gery/ME597_Lab/Lab4/ws1/install/image_geometry/local/lib/python3.10/dist-packages/image_geometry-4.1.0-py3.10.egg-info/SOURCES.txt
[0.673s] -- Up-to-date symlink: /home/Gery/ME597_Lab/Lab4/ws1/install/image_geometry/local/lib/python3.10/dist-packages/image_geometry-4.1.0-py3.10.egg-info/dependency_links.txt
[0.673s] -- Up-to-date symlink: /home/Gery/ME597_Lab/Lab4/ws1/install/image_geometry/local/lib/python3.10/dist-packages/image_geometry-4.1.0-py3.10.egg-info/top_level.txt
[0.674s] -- Up-to-date symlink: /home/Gery/ME597_Lab/Lab4/ws1/install/image_geometry/local/lib/python3.10/dist-packages/image_geometry/__init__.py
[0.674s] -- Up-to-date symlink: /home/Gery/ME597_Lab/Lab4/ws1/install/image_geometry/local/lib/python3.10/dist-packages/image_geometry/cameramodels.py
[0.675s] -- Up-to-date symlink: /home/Gery/ME597_Lab/Lab4/ws1/install/image_geometry/include/image_geometry/image_geometry/pinhole_camera_model.hpp
[0.675s] -- Up-to-date symlink: /home/Gery/ME597_Lab/Lab4/ws1/install/image_geometry/include/image_geometry/image_geometry/stereo_camera_model.hpp
[0.675s] -- Up-to-date symlink: /home/Gery/ME597_Lab/Lab4/ws1/install/image_geometry/include/image_geometry/image_geometry/visibility_control.hpp
[0.675s] -- Up-to-date symlink: /home/Gery/ME597_Lab/Lab4/ws1/install/image_geometry/share/ament_index/resource_index/package_run_dependencies/image_geometry
[0.675s] -- Up-to-date symlink: /home/Gery/ME597_Lab/Lab4/ws1/install/image_geometry/share/ament_index/resource_index/parent_prefix_path/image_geometry
[0.676s] -- Up-to-date symlink: /home/Gery/ME597_Lab/Lab4/ws1/install/image_geometry/share/image_geometry/environment/ament_prefix_path.sh
[0.676s] -- Up-to-date symlink: /home/Gery/ME597_Lab/Lab4/ws1/install/image_geometry/share/image_geometry/environment/ament_prefix_path.dsv
[0.676s] -- Up-to-date symlink: /home/Gery/ME597_Lab/Lab4/ws1/install/image_geometry/share/image_geometry/environment/path.sh
[0.676s] -- Up-to-date symlink: /home/Gery/ME597_Lab/Lab4/ws1/install/image_geometry/share/image_geometry/environment/path.dsv
[0.678s] -- Up-to-date symlink: /home/Gery/ME597_Lab/Lab4/ws1/install/image_geometry/share/image_geometry/local_setup.bash
[0.678s] -- Up-to-date symlink: /home/Gery/ME597_Lab/Lab4/ws1/install/image_geometry/share/image_geometry/local_setup.sh
[0.678s] -- Up-to-date symlink: /home/Gery/ME597_Lab/Lab4/ws1/install/image_geometry/share/image_geometry/local_setup.zsh
[0.678s] -- Up-to-date symlink: /home/Gery/ME597_Lab/Lab4/ws1/install/image_geometry/share/image_geometry/local_setup.dsv
[0.678s] -- Symlinking: /home/Gery/ME597_Lab/Lab4/ws1/install/image_geometry/share/image_geometry/package.dsv
[0.689s] -- Up-to-date symlink: /home/Gery/ME597_Lab/Lab4/ws1/install/image_geometry/share/ament_index/resource_index/packages/image_geometry
[0.690s] -- Up-to-date symlink: /home/Gery/ME597_Lab/Lab4/ws1/install/image_geometry/share/image_geometry/cmake/ament_cmake_export_targets-extras.cmake
[0.690s] -- Up-to-date symlink: /home/Gery/ME597_Lab/Lab4/ws1/install/image_geometry/share/image_geometry/cmake/ament_cmake_export_dependencies-extras.cmake
[0.691s] -- Up-to-date symlink: /home/Gery/ME597_Lab/Lab4/ws1/install/image_geometry/share/image_geometry/cmake/image_geometryConfig.cmake
[0.691s] -- Up-to-date symlink: /home/Gery/ME597_Lab/Lab4/ws1/install/image_geometry/share/image_geometry/cmake/image_geometryConfig-version.cmake
[0.691s] -- Up-to-date symlink: /home/Gery/ME597_Lab/Lab4/ws1/install/image_geometry/share/image_geometry/package.xml
[0.725s] Listing '/home/Gery/ME597_Lab/Lab4/ws1/install/image_geometry/local/lib/python3.10/dist-packages/image_geometry'...
[0.730s] -- Up-to-date: /home/Gery/ME597_Lab/Lab4/ws1/install/image_geometry/lib/libimage_geometry.so
[0.730s] -- Up-to-date: /home/Gery/ME597_Lab/Lab4/ws1/install/image_geometry/share/image_geometry/cmake/export_image_geometryExport.cmake
[0.731s] -- Up-to-date: /home/Gery/ME597_Lab/Lab4/ws1/install/image_geometry/share/image_geometry/cmake/export_image_geometryExport-noconfig.cmake
[0.733s] Invoked command in '/home/Gery/ME597_Lab/Lab4/ws1/build/image_geometry' returned '0': CMAKE_PREFIX_PATH=/opt/ros/humble /usr/bin/cmake --install /home/Gery/ME597_Lab/Lab4/ws1/build/image_geometry
