running develop
running egg_info
creating task2.egg-info
writing task2.egg-info/PKG-INFO
writing dependency_links to task2.egg-info/dependency_links.txt
writing entry points to task2.egg-info/entry_points.txt
writing requirements to task2.egg-info/requires.txt
writing top-level names to task2.egg-info/top_level.txt
writing manifest file 'task2.egg-info/SOURCES.txt'
reading manifest file 'task2.egg-info/SOURCES.txt'
writing manifest file 'task2.egg-info/SOURCES.txt'
running build_ext
Creating /home/me597/me597/Lab1/ws1/install/task2/lib/python3.10/site-packages/task2.egg-link (link to .)
Installing client script to /home/me597/me597/Lab1/ws1/install/task2/lib/task2
Installing listener script to /home/me597/me597/Lab1/ws1/install/task2/lib/task2
Installing service script to /home/me597/me597/Lab1/ws1/install/task2/lib/task2
Installing talker script to /home/me597/me597/Lab1/ws1/install/task2/lib/task2

Installed /home/me597/me597/Lab1/ws1/build/task2
running symlink_data
creating /home/me597/me597/Lab1/ws1/install/task2/share/ament_index
creating /home/me597/me597/Lab1/ws1/install/task2/share/ament_index/resource_index
creating /home/me597/me597/Lab1/ws1/install/task2/share/ament_index/resource_index/packages
symbolically linking /home/me597/me597/Lab1/ws1/build/task2/resource/task2 -> /home/me597/me597/Lab1/ws1/install/task2/share/ament_index/resource_index/packages
symbolically linking /home/me597/me597/Lab1/ws1/build/task2/package.xml -> /home/me597/me597/Lab1/ws1/install/task2/share/task2
creating /home/me597/me597/Lab1/ws1/install/task2/share/task2/launch
symbolically linking /home/me597/me597/Lab1/ws1/build/task2/launch/service_launch.py -> /home/me597/me597/Lab1/ws1/install/task2/share/task2/launch
