[0.638s] Invoking command in '/home/me597/me597/Lab3/ws1/build/turtlebot3_gazebo': CMAKE_PREFIX_PATH=${CMAKE_PREFIX_PATH}:/home/me597/me597/Lab3/ws1/install/task_4:/home/me597/me597/Lab3/ws1/install/sim_utils:/opt/ros/humble /usr/bin/cmake /home/me597/me597/Lab3/ws1/src/sim_ws/src/turtlebot3_gazebo -DAMENT_CMAKE_SYMLINK_INSTALL=1 -DCMAKE_INSTALL_PREFIX=/home/me597/me597/Lab3/ws1/install/turtlebot3_gazebo
[0.982s] -- The C compiler identification is GNU 11.4.0
[1.288s] -- The CXX compiler identification is GNU 11.4.0
[1.329s] -- Detecting C compiler ABI info
[1.573s] -- Detecting C compiler ABI info - done
[1.592s] -- Check for working C compiler: /usr/bin/cc - skipped
[1.593s] -- Detecting C compile features
[1.595s] -- Detecting C compile features - done
[1.613s] -- Detecting CXX compiler ABI info
[1.773s] -- Detecting CXX compiler ABI info - done
[1.778s] -- Check for working CXX compiler: /usr/bin/c++ - skipped
[1.778s] -- Detecting CXX compile features
[1.779s] -- Detecting CXX compile features - done
[1.791s] -- Found ament_cmake: 1.3.10 (/opt/ros/humble/share/ament_cmake/cmake)
[2.047s] -- Found Python3: /usr/bin/python3 (found version "3.10.12") found components: Interpreter 
[2.177s] -- Override CMake install command with custom implementation using symlinks instead of copying resources
[2.301s] -- Found PkgConfig: /usr/bin/pkg-config (found version "0.29.2") 
[2.302s] [33mCMake Warning (dev) at /usr/share/cmake-3.22/Modules/FindPackageHandleStandardArgs.cmake:438 (message):
[2.302s]   The package name passed to `find_package_handle_standard_args` (PkgConfig)
[2.302s]   does not match the name of the calling package (gazebo).  This can lead to
[2.302s]   problems in calling code that expects `find_package` result variables
[2.302s]   (e.g., `_FOUND`) to follow a certain pattern.
[2.303s] Call Stack (most recent call first):
[2.303s]   /usr/share/cmake-3.22/Modules/FindPkgConfig.cmake:99 (find_package_handle_standard_args)
[2.303s]   /usr/lib/x86_64-linux-gnu/cmake/gazebo/gazebo-config.cmake:72 (include)
[2.303s]   CMakeLists.txt:23 (find_package)
[2.303s] This warning is for project developers.  Use -Wno-dev to suppress it.
[2.303s] [0m
[2.309s] -- Checking for module 'bullet>=2.82'
[2.333s] --   Found bullet, version 3.05
[2.608s] -- Found fcl: /usr/include (found suitable version "0.7.0", minimum required is "0.5.0") 
[2.701s] -- Found assimp: /usr/include (found version "5.2.0") 
[2.754s] -- Found DART: /usr/include (Required is at least version "6.6") found components: dart 
[3.036s] -- Found Boost: /usr/lib/x86_64-linux-gnu/cmake/Boost-1.74.0/BoostConfig.cmake (found suitable version "1.74.0", minimum required is "1.40.0") found components: thread system filesystem program_options regex iostreams date_time 
[3.073s] -- Found Protobuf: /usr/lib/x86_64-linux-gnu/libprotobuf.so (found version "3.12.4") 
[3.084s] -- Looking for ignition-math6 -- found version 6.15.1
[3.103s] -- Searching for dependencies of ignition-math6
[3.109s] -- Looking for OGRE...
[3.109s] -- OGRE_PREFIX_WATCH changed.
[3.114s] -- Checking for module 'OGRE'
[3.132s] --   Found OGRE, version 1.9.0
[3.179s] -- Found Ogre Ghadamon (1.9.0)
[3.191s] -- Found OGRE: optimized;/usr/lib/x86_64-linux-gnu/libOgreMain.so;debug;/usr/lib/x86_64-linux-gnu/libOgreMain.so
[3.204s] -- Looking for OGRE_Paging...
[3.210s] -- Found OGRE_Paging: optimized;/usr/lib/x86_64-linux-gnu/libOgrePaging.so;debug;/usr/lib/x86_64-linux-gnu/libOgrePaging.so
[3.210s] -- Looking for OGRE_Terrain...
[3.216s] -- Found OGRE_Terrain: optimized;/usr/lib/x86_64-linux-gnu/libOgreTerrain.so;debug;/usr/lib/x86_64-linux-gnu/libOgreTerrain.so
[3.216s] -- Looking for OGRE_Property...
[3.221s] -- Found OGRE_Property: optimized;/usr/lib/x86_64-linux-gnu/libOgreProperty.so;debug;/usr/lib/x86_64-linux-gnu/libOgreProperty.so
[3.221s] -- Looking for OGRE_RTShaderSystem...
[3.227s] -- Found OGRE_RTShaderSystem: optimized;/usr/lib/x86_64-linux-gnu/libOgreRTShaderSystem.so;debug;/usr/lib/x86_64-linux-gnu/libOgreRTShaderSystem.so
[3.228s] -- Looking for OGRE_Volume...
[3.233s] -- Found OGRE_Volume: optimized;/usr/lib/x86_64-linux-gnu/libOgreVolume.so;debug;/usr/lib/x86_64-linux-gnu/libOgreVolume.so
[3.233s] -- Looking for OGRE_Overlay...
[3.239s] -- Found OGRE_Overlay: optimized;/usr/lib/x86_64-linux-gnu/libOgreOverlay.so;debug;/usr/lib/x86_64-linux-gnu/libOgreOverlay.so
[3.353s] -- Looking for ignition-math6 -- found version 6.15.1
[3.362s] -- Looking for ignition-transport8 -- found version 8.2.1
[3.362s] -- Searching for dependencies of ignition-transport8
[3.382s] -- Found Protobuf: /usr/lib/x86_64-linux-gnu/libprotobuf.so (found suitable version "3.12.4", minimum required is "3") 
[3.396s] -- Config-file not installed for ZeroMQ -- checking for pkg-config
[3.403s] -- Checking for module 'libzmq >= 4'
[3.427s] --   Found libzmq , version 4.3.4
[3.485s] -- Found ZeroMQ: TRUE (Required is at least version "4") 
[3.494s] -- Checking for module 'uuid'
[3.517s] --   Found uuid, version 2.37.2
[3.583s] -- Found UUID: TRUE  
[3.589s] -- Looking for ignition-msgs5 -- found version 5.8.1
[3.589s] -- Searching for dependencies of ignition-msgs5
[3.619s] -- Looking for ignition-math6 -- found version 6.15.1
[3.629s] -- Checking for module 'tinyxml2'
[3.653s] --   Found tinyxml2, version 9.0.0
[3.716s] -- Looking for ignition-msgs5 -- found version 5.8.1
[3.721s] -- Looking for ignition-common3 -- found version 3.14.0
[3.722s] -- Searching for dependencies of ignition-common3
[3.723s] -- Looking for dlfcn.h - found
[3.724s] -- Looking for libdl - found
[3.726s] -- Found DL: TRUE  
[3.742s] -- Found tinyobjloader: /usr/lib/x86_64-linux-gnu/cmake/tinyobjloader/tinyobjloader-config.cmake (found version "2.0.0") 
[3.744s] -- Searching for <ignition-common3> component [graphics]
[3.747s] -- Looking for ignition-common3-graphics -- found version 3.14.0
[3.747s] -- Searching for dependencies of ignition-common3-graphics
[3.748s] -- Looking for ignition-math6 -- found version 6.15.1
[3.753s] -- Looking for ignition-fuel_tools4 -- found version 4.4.0
[3.753s] -- Searching for dependencies of ignition-fuel_tools4
[3.855s] -- Found CURL: /usr/lib/x86_64-linux-gnu/libcurl.so (found version "7.81.0")  
[3.868s] -- Checking for module 'jsoncpp'
[3.885s] --   Found jsoncpp, version 1.9.5
[3.935s] -- Found JSONCPP: TRUE  
[3.947s] -- Checking for module 'libzip'
[3.964s] --   Found libzip, version 1.7.3
[4.007s] -- Found ZIP: TRUE  
[4.007s] -- Looking for ignition-common3 -- found version 3.14.0
[4.008s] -- Looking for ignition-math6 -- found version 6.15.1
[4.008s] -- Looking for ignition-msgs5 -- found version 5.8.1
[4.018s] -- Found gazebo_ros_pkgs: 3.9.0 (/opt/ros/humble/share/gazebo_ros_pkgs/cmake)
[4.100s] -- Configuring done
[4.107s] -- Generating done
[4.110s] -- Build files have been written to: /home/me597/me597/Lab3/ws1/build/turtlebot3_gazebo
[4.118s] Invoked command in '/home/me597/me597/Lab3/ws1/build/turtlebot3_gazebo' returned '0': CMAKE_PREFIX_PATH=${CMAKE_PREFIX_PATH}:/home/me597/me597/Lab3/ws1/install/task_4:/home/me597/me597/Lab3/ws1/install/sim_utils:/opt/ros/humble /usr/bin/cmake /home/me597/me597/Lab3/ws1/src/sim_ws/src/turtlebot3_gazebo -DAMENT_CMAKE_SYMLINK_INSTALL=1 -DCMAKE_INSTALL_PREFIX=/home/me597/me597/Lab3/ws1/install/turtlebot3_gazebo
[4.121s] Invoking command in '/home/me597/me597/Lab3/ws1/build/turtlebot3_gazebo': CMAKE_PREFIX_PATH=${CMAKE_PREFIX_PATH}:/home/me597/me597/Lab3/ws1/install/task_4:/home/me597/me597/Lab3/ws1/install/sim_utils:/opt/ros/humble /usr/bin/cmake --build /home/me597/me597/Lab3/ws1/build/turtlebot3_gazebo -- -j4 -l4
[4.174s] Invoked command in '/home/me597/me597/Lab3/ws1/build/turtlebot3_gazebo' returned '0': CMAKE_PREFIX_PATH=${CMAKE_PREFIX_PATH}:/home/me597/me597/Lab3/ws1/install/task_4:/home/me597/me597/Lab3/ws1/install/sim_utils:/opt/ros/humble /usr/bin/cmake --build /home/me597/me597/Lab3/ws1/build/turtlebot3_gazebo -- -j4 -l4
[4.222s] Invoking command in '/home/me597/me597/Lab3/ws1/build/turtlebot3_gazebo': CMAKE_PREFIX_PATH=${CMAKE_PREFIX_PATH}:/home/me597/me597/Lab3/ws1/install/task_4:/home/me597/me597/Lab3/ws1/install/sim_utils:/opt/ros/humble /usr/bin/cmake --install /home/me597/me597/Lab3/ws1/build/turtlebot3_gazebo
[4.233s] -- Install configuration: ""
[4.233s] -- Execute custom install script
[4.234s] -- Symlinking: /home/me597/me597/Lab3/ws1/install/turtlebot3_gazebo/share/turtlebot3_gazebo//launch/amcl.launch.py
[4.246s] -- Symlinking: /home/me597/me597/Lab3/ws1/install/turtlebot3_gazebo/share/turtlebot3_gazebo//launch/map_loader.launch.py
[4.258s] -- Symlinking: /home/me597/me597/Lab3/ws1/install/turtlebot3_gazebo/share/turtlebot3_gazebo//launch/mapper.launch.py
[4.269s] -- Symlinking: /home/me597/me597/Lab3/ws1/install/turtlebot3_gazebo/share/turtlebot3_gazebo//launch/navigator.launch.py
[4.279s] -- Symlinking: /home/me597/me597/Lab3/ws1/install/turtlebot3_gazebo/share/turtlebot3_gazebo//launch/robot_state_publisher.launch.py
[4.290s] -- Symlinking: /home/me597/me597/Lab3/ws1/install/turtlebot3_gazebo/share/turtlebot3_gazebo//launch/spawn_cricketball.launch.py
[4.300s] -- Symlinking: /home/me597/me597/Lab3/ws1/install/turtlebot3_gazebo/share/turtlebot3_gazebo//launch/spawn_turtlebot3.launch.py
[4.312s] -- Symlinking: /home/me597/me597/Lab3/ws1/install/turtlebot3_gazebo/share/turtlebot3_gazebo//launch/task_6.launch.py
[4.323s] -- Symlinking: /home/me597/me597/Lab3/ws1/install/turtlebot3_gazebo/share/turtlebot3_gazebo//launch/turtlebot3_bonus_world.launch.py
[4.334s] -- Symlinking: /home/me597/me597/Lab3/ws1/install/turtlebot3_gazebo/share/turtlebot3_gazebo//launch/turtlebot3_house.launch.py
[4.347s] -- Symlinking: /home/me597/me597/Lab3/ws1/install/turtlebot3_gazebo/share/turtlebot3_gazebo//launch/turtlebot3_house_norviz.launch.py
[4.359s] -- Symlinking: /home/me597/me597/Lab3/ws1/install/turtlebot3_gazebo/share/turtlebot3_gazebo//models/blue_object/model.config
[4.371s] -- Symlinking: /home/me597/me597/Lab3/ws1/install/turtlebot3_gazebo/share/turtlebot3_gazebo//models/blue_object/model.rsdf
[4.382s] -- Symlinking: /home/me597/me597/Lab3/ws1/install/turtlebot3_gazebo/share/turtlebot3_gazebo//models/blue_object/model.sdf
[4.392s] -- Symlinking: /home/me597/me597/Lab3/ws1/install/turtlebot3_gazebo/share/turtlebot3_gazebo//models/cricket_ball/model.config
[4.405s] -- Symlinking: /home/me597/me597/Lab3/ws1/install/turtlebot3_gazebo/share/turtlebot3_gazebo//models/cricket_ball/model.rsdf
[4.417s] -- Symlinking: /home/me597/me597/Lab3/ws1/install/turtlebot3_gazebo/share/turtlebot3_gazebo//models/cricket_ball/model.sdf
[4.428s] -- Symlinking: /home/me597/me597/Lab3/ws1/install/turtlebot3_gazebo/share/turtlebot3_gazebo//models/green_object/model.config
[4.439s] -- Symlinking: /home/me597/me597/Lab3/ws1/install/turtlebot3_gazebo/share/turtlebot3_gazebo//models/green_object/model.rsdf
[4.450s] -- Symlinking: /home/me597/me597/Lab3/ws1/install/turtlebot3_gazebo/share/turtlebot3_gazebo//models/green_object/model.sdf
[4.461s] -- Symlinking: /home/me597/me597/Lab3/ws1/install/turtlebot3_gazebo/share/turtlebot3_gazebo//models/red_object/model.config
[4.472s] -- Symlinking: /home/me597/me597/Lab3/ws1/install/turtlebot3_gazebo/share/turtlebot3_gazebo//models/red_object/model.rsdf
[4.482s] -- Symlinking: /home/me597/me597/Lab3/ws1/install/turtlebot3_gazebo/share/turtlebot3_gazebo//models/red_object/model.sdf
[4.492s] -- Symlinking: /home/me597/me597/Lab3/ws1/install/turtlebot3_gazebo/share/turtlebot3_gazebo//models/trash_can/meshes/trash_can.dae
[4.503s] -- Symlinking: /home/me597/me597/Lab3/ws1/install/turtlebot3_gazebo/share/turtlebot3_gazebo//models/trash_can/model.config
[4.516s] -- Symlinking: /home/me597/me597/Lab3/ws1/install/turtlebot3_gazebo/share/turtlebot3_gazebo//models/trash_can/model.sdf
[4.524s] -- Symlinking: /home/me597/me597/Lab3/ws1/install/turtlebot3_gazebo/share/turtlebot3_gazebo//models/turtlebot3_common/meshes/burger_base.dae
[4.535s] -- Symlinking: /home/me597/me597/Lab3/ws1/install/turtlebot3_gazebo/share/turtlebot3_gazebo//models/turtlebot3_common/meshes/lds.dae
[4.546s] -- Symlinking: /home/me597/me597/Lab3/ws1/install/turtlebot3_gazebo/share/turtlebot3_gazebo//models/turtlebot3_common/meshes/r200.dae
[4.556s] -- Symlinking: /home/me597/me597/Lab3/ws1/install/turtlebot3_gazebo/share/turtlebot3_gazebo//models/turtlebot3_common/meshes/tire.dae
[4.567s] -- Symlinking: /home/me597/me597/Lab3/ws1/install/turtlebot3_gazebo/share/turtlebot3_gazebo//models/turtlebot3_common/meshes/waffle_base.dae
[4.577s] -- Symlinking: /home/me597/me597/Lab3/ws1/install/turtlebot3_gazebo/share/turtlebot3_gazebo//models/turtlebot3_common/model.config
[4.587s] -- Symlinking: /home/me597/me597/Lab3/ws1/install/turtlebot3_gazebo/share/turtlebot3_gazebo//models/turtlebot3_house/model.config
[4.598s] -- Symlinking: /home/me597/me597/Lab3/ws1/install/turtlebot3_gazebo/share/turtlebot3_gazebo//models/turtlebot3_house/model.sdf
[4.612s] -- Symlinking: /home/me597/me597/Lab3/ws1/install/turtlebot3_gazebo/share/turtlebot3_gazebo//models/turtlebot3_waffle/model.config
[4.621s] -- Symlinking: /home/me597/me597/Lab3/ws1/install/turtlebot3_gazebo/share/turtlebot3_gazebo//models/turtlebot3_waffle/model.sdf
[4.632s] -- Symlinking: /home/me597/me597/Lab3/ws1/install/turtlebot3_gazebo/share/turtlebot3_gazebo//rviz/tb3_gazebo.rviz
[4.643s] -- Symlinking: /home/me597/me597/Lab3/ws1/install/turtlebot3_gazebo/share/turtlebot3_gazebo//urdf/turtlebot3_waffle.urdf
[4.653s] -- Symlinking: /home/me597/me597/Lab3/ws1/install/turtlebot3_gazebo/share/turtlebot3_gazebo//worlds/Bonus
[4.664s] -- Symlinking: /home/me597/me597/Lab3/ws1/install/turtlebot3_gazebo/share/turtlebot3_gazebo//worlds/empty_world.world
[4.675s] -- Symlinking: /home/me597/me597/Lab3/ws1/install/turtlebot3_gazebo/share/turtlebot3_gazebo//worlds/house_closed.world
[4.685s] -- Symlinking: /home/me597/me597/Lab3/ws1/install/turtlebot3_gazebo/share/turtlebot3_gazebo//worlds/turtlebot3_house.world
[4.695s] -- Symlinking: /home/me597/me597/Lab3/ws1/install/turtlebot3_gazebo/share/turtlebot3_gazebo//maps/map.pgm
[4.707s] -- Symlinking: /home/me597/me597/Lab3/ws1/install/turtlebot3_gazebo/share/turtlebot3_gazebo//maps/map.yaml
[4.717s] -- Symlinking: /home/me597/me597/Lab3/ws1/install/turtlebot3_gazebo/share/turtlebot3_gazebo//maps/sync_classroom_map.pgm
[4.728s] -- Symlinking: /home/me597/me597/Lab3/ws1/install/turtlebot3_gazebo/share/turtlebot3_gazebo//maps/sync_classroom_map.yaml
[4.739s] -- Symlinking: /home/me597/me597/Lab3/ws1/install/turtlebot3_gazebo/share/turtlebot3_gazebo//params/amcl.yaml
[4.749s] -- Symlinking: /home/me597/me597/Lab3/ws1/install/turtlebot3_gazebo/share/turtlebot3_gazebo//params/map_server.yaml
[4.761s] -- Symlinking: /home/me597/me597/Lab3/ws1/install/turtlebot3_gazebo/share/turtlebot3_gazebo//params/mapper_params_online_async.yaml
[4.771s] -- Symlinking: /home/me597/me597/Lab3/ws1/install/turtlebot3_gazebo/share/ament_index/resource_index/package_run_dependencies/turtlebot3_gazebo
[4.782s] -- Symlinking: /home/me597/me597/Lab3/ws1/install/turtlebot3_gazebo/share/ament_index/resource_index/parent_prefix_path/turtlebot3_gazebo
[4.792s] -- Symlinking: /home/me597/me597/Lab3/ws1/install/turtlebot3_gazebo/share/turtlebot3_gazebo/environment/ament_prefix_path.sh
[4.802s] -- Symlinking: /home/me597/me597/Lab3/ws1/install/turtlebot3_gazebo/share/turtlebot3_gazebo/environment/ament_prefix_path.dsv
[4.815s] -- Symlinking: /home/me597/me597/Lab3/ws1/install/turtlebot3_gazebo/share/turtlebot3_gazebo/environment/path.sh
[4.825s] -- Symlinking: /home/me597/me597/Lab3/ws1/install/turtlebot3_gazebo/share/turtlebot3_gazebo/environment/path.dsv
[4.836s] -- Symlinking: /home/me597/me597/Lab3/ws1/install/turtlebot3_gazebo/share/turtlebot3_gazebo/local_setup.bash
[4.847s] -- Symlinking: /home/me597/me597/Lab3/ws1/install/turtlebot3_gazebo/share/turtlebot3_gazebo/local_setup.sh
[4.857s] -- Symlinking: /home/me597/me597/Lab3/ws1/install/turtlebot3_gazebo/share/turtlebot3_gazebo/local_setup.zsh
[4.868s] -- Symlinking: /home/me597/me597/Lab3/ws1/install/turtlebot3_gazebo/share/turtlebot3_gazebo/local_setup.dsv
[4.879s] -- Symlinking: /home/me597/me597/Lab3/ws1/install/turtlebot3_gazebo/share/turtlebot3_gazebo/package.dsv
[4.889s] -- Symlinking: /home/me597/me597/Lab3/ws1/install/turtlebot3_gazebo/share/ament_index/resource_index/packages/turtlebot3_gazebo
[4.900s] -- Symlinking: /home/me597/me597/Lab3/ws1/install/turtlebot3_gazebo/share/turtlebot3_gazebo/cmake/ament_cmake_export_include_directories-extras.cmake
[4.913s] -- Symlinking: /home/me597/me597/Lab3/ws1/install/turtlebot3_gazebo/share/turtlebot3_gazebo/cmake/ament_cmake_export_dependencies-extras.cmake
[4.924s] -- Symlinking: /home/me597/me597/Lab3/ws1/install/turtlebot3_gazebo/share/turtlebot3_gazebo/cmake/turtlebot3_gazeboConfig.cmake
[4.935s] -- Symlinking: /home/me597/me597/Lab3/ws1/install/turtlebot3_gazebo/share/turtlebot3_gazebo/cmake/turtlebot3_gazeboConfig-version.cmake
[4.947s] -- Symlinking: /home/me597/me597/Lab3/ws1/install/turtlebot3_gazebo/share/turtlebot3_gazebo/package.xml
[4.958s] -- Installing: /home/me597/me597/Lab3/ws1/install/turtlebot3_gazebo/lib/turtlebot3_gazebo/task1
[4.959s] -- Installing: /home/me597/me597/Lab3/ws1/install/turtlebot3_gazebo/lib/turtlebot3_gazebo/task2
[4.960s] -- Installing: /home/me597/me597/Lab3/ws1/install/turtlebot3_gazebo/lib/turtlebot3_gazebo/task3
[4.961s] -- Installing: /home/me597/me597/Lab3/ws1/install/turtlebot3_gazebo/lib/turtlebot3_gazebo/spawn_objects
[4.961s] -- Installing: /home/me597/me597/Lab3/ws1/install/turtlebot3_gazebo/lib/turtlebot3_gazebo/task2_bonus
[4.961s] -- Installing: /home/me597/me597/Lab3/ws1/install/turtlebot3_gazebo/lib/turtlebot3_gazebo/static_obstacles
[4.964s] Invoked command in '/home/me597/me597/Lab3/ws1/build/turtlebot3_gazebo' returned '0': CMAKE_PREFIX_PATH=${CMAKE_PREFIX_PATH}:/home/me597/me597/Lab3/ws1/install/task_4:/home/me597/me597/Lab3/ws1/install/sim_utils:/opt/ros/humble /usr/bin/cmake --install /home/me597/me597/Lab3/ws1/build/turtlebot3_gazebo
