[0.346s] DEBUG:colcon:Command line arguments: ['/usr/bin/colcon', 'build', '--symlink-install']
[0.346s] DEBUG:colcon:Parsed command line arguments: Namespace(log_base=None, log_level=None, verb_name='build', build_base='build', install_base='install', merge_install=False, symlink_install=True, test_result_base=None, continue_on_error=False, executor='parallel', parallel_workers=4, event_handlers=None, ignore_user_meta=False, metas=['./colcon.meta'], base_paths=['.'], packages_ignore=None, packages_ignore_regex=None, paths=None, packages_up_to=None, packages_up_to_regex=None, packages_above=None, packages_above_and_dependencies=None, packages_above_depth=None, packages_select_by_dep=None, packages_skip_by_dep=None, packages_skip_up_to=None, packages_select_build_failed=False, packages_skip_build_finished=False, packages_select_test_failures=False, packages_skip_test_passed=False, packages_select=None, packages_skip=None, packages_select_regex=None, packages_skip_regex=None, packages_start=None, packages_end=None, allow_overriding=[], cmake_args=None, cmake_target=None, cmake_target_skip_unavailable=False, cmake_clean_cache=False, cmake_clean_first=False, cmake_force_configure=False, ament_cmake_args=None, catkin_cmake_args=None, catkin_skip_building_tests=False, mixin_files=None, mixin=None, verb_parser=<colcon_mixin.mixin.mixin_argument.MixinArgumentDecorator object at 0x7076117d0eb0>, verb_extension=<colcon_core.verb.build.BuildVerb object at 0x707611961bd0>, main=<bound method BuildVerb.main of <colcon_core.verb.build.BuildVerb object at 0x707611961bd0>>, mixin_verb=('build',))
[0.779s] Level 1:colcon.colcon_core.package_discovery:discover_packages(colcon_meta) check parameters
[0.780s] Level 1:colcon.colcon_core.package_discovery:discover_packages(recursive) check parameters
[0.780s] Level 1:colcon.colcon_core.package_discovery:discover_packages(ignore) check parameters
[0.780s] Level 1:colcon.colcon_core.package_discovery:discover_packages(path) check parameters
[0.780s] Level 1:colcon.colcon_core.package_discovery:discover_packages(colcon_meta) discover
[0.780s] Level 1:colcon.colcon_core.package_discovery:discover_packages(recursive) discover
[0.780s] INFO:colcon.colcon_core.package_discovery:Crawling recursively for packages in '/home/Gery/ME597_Lab/Lab3/ws1'
[0.780s] Level 1:colcon.colcon_core.package_identification:_identify(.) by extensions ['ignore', 'ignore_ament_install']
[0.780s] Level 1:colcon.colcon_core.package_identification:_identify(.) by extension 'ignore'
[0.780s] Level 1:colcon.colcon_core.package_identification:_identify(.) by extension 'ignore_ament_install'
[0.780s] Level 1:colcon.colcon_core.package_identification:_identify(.) by extensions ['colcon_pkg']
[0.780s] Level 1:colcon.colcon_core.package_identification:_identify(.) by extension 'colcon_pkg'
[0.780s] Level 1:colcon.colcon_core.package_identification:_identify(.) by extensions ['colcon_meta']
[0.780s] Level 1:colcon.colcon_core.package_identification:_identify(.) by extension 'colcon_meta'
[0.781s] Level 1:colcon.colcon_core.package_identification:_identify(.) by extensions ['ros']
[0.781s] Level 1:colcon.colcon_core.package_identification:_identify(.) by extension 'ros'
[0.803s] Level 1:colcon.colcon_core.package_identification:_identify(.) by extensions ['cmake', 'python']
[0.803s] Level 1:colcon.colcon_core.package_identification:_identify(.) by extension 'cmake'
[0.803s] Level 1:colcon.colcon_core.package_identification:_identify(.) by extension 'python'
[0.803s] Level 1:colcon.colcon_core.package_identification:_identify(.) by extensions ['python_setup_py']
[0.803s] Level 1:colcon.colcon_core.package_identification:_identify(.) by extension 'python_setup_py'
[0.803s] Level 1:colcon.colcon_core.package_identification:_identify(build) by extensions ['ignore', 'ignore_ament_install']
[0.804s] Level 1:colcon.colcon_core.package_identification:_identify(build) by extension 'ignore'
[0.804s] Level 1:colcon.colcon_core.package_identification:_identify(build) ignored
[0.804s] Level 1:colcon.colcon_core.package_identification:_identify(install) by extensions ['ignore', 'ignore_ament_install']
[0.804s] Level 1:colcon.colcon_core.package_identification:_identify(install) by extension 'ignore'
[0.804s] Level 1:colcon.colcon_core.package_identification:_identify(install) ignored
[0.804s] Level 1:colcon.colcon_core.package_identification:_identify(log) by extensions ['ignore', 'ignore_ament_install']
[0.804s] Level 1:colcon.colcon_core.package_identification:_identify(log) by extension 'ignore'
[0.804s] Level 1:colcon.colcon_core.package_identification:_identify(log) ignored
[0.805s] Level 1:colcon.colcon_core.package_identification:_identify(src) by extensions ['ignore', 'ignore_ament_install']
[0.805s] Level 1:colcon.colcon_core.package_identification:_identify(src) by extension 'ignore'
[0.805s] Level 1:colcon.colcon_core.package_identification:_identify(src) by extension 'ignore_ament_install'
[0.805s] Level 1:colcon.colcon_core.package_identification:_identify(src) by extensions ['colcon_pkg']
[0.805s] Level 1:colcon.colcon_core.package_identification:_identify(src) by extension 'colcon_pkg'
[0.805s] Level 1:colcon.colcon_core.package_identification:_identify(src) by extensions ['colcon_meta']
[0.805s] Level 1:colcon.colcon_core.package_identification:_identify(src) by extension 'colcon_meta'
[0.805s] Level 1:colcon.colcon_core.package_identification:_identify(src) by extensions ['ros']
[0.805s] Level 1:colcon.colcon_core.package_identification:_identify(src) by extension 'ros'
[0.805s] Level 1:colcon.colcon_core.package_identification:_identify(src) by extensions ['cmake', 'python']
[0.805s] Level 1:colcon.colcon_core.package_identification:_identify(src) by extension 'cmake'
[0.805s] Level 1:colcon.colcon_core.package_identification:_identify(src) by extension 'python'
[0.805s] Level 1:colcon.colcon_core.package_identification:_identify(src) by extensions ['python_setup_py']
[0.805s] Level 1:colcon.colcon_core.package_identification:_identify(src) by extension 'python_setup_py'
[0.806s] Level 1:colcon.colcon_core.package_identification:_identify(src/sim_ws) by extensions ['ignore', 'ignore_ament_install']
[0.806s] Level 1:colcon.colcon_core.package_identification:_identify(src/sim_ws) by extension 'ignore'
[0.806s] Level 1:colcon.colcon_core.package_identification:_identify(src/sim_ws) by extension 'ignore_ament_install'
[0.806s] Level 1:colcon.colcon_core.package_identification:_identify(src/sim_ws) by extensions ['colcon_pkg']
[0.806s] Level 1:colcon.colcon_core.package_identification:_identify(src/sim_ws) by extension 'colcon_pkg'
[0.806s] Level 1:colcon.colcon_core.package_identification:_identify(src/sim_ws) by extensions ['colcon_meta']
[0.806s] Level 1:colcon.colcon_core.package_identification:_identify(src/sim_ws) by extension 'colcon_meta'
[0.806s] Level 1:colcon.colcon_core.package_identification:_identify(src/sim_ws) by extensions ['ros']
[0.806s] Level 1:colcon.colcon_core.package_identification:_identify(src/sim_ws) by extension 'ros'
[0.806s] Level 1:colcon.colcon_core.package_identification:_identify(src/sim_ws) by extensions ['cmake', 'python']
[0.806s] Level 1:colcon.colcon_core.package_identification:_identify(src/sim_ws) by extension 'cmake'
[0.806s] Level 1:colcon.colcon_core.package_identification:_identify(src/sim_ws) by extension 'python'
[0.807s] Level 1:colcon.colcon_core.package_identification:_identify(src/sim_ws) by extensions ['python_setup_py']
[0.807s] Level 1:colcon.colcon_core.package_identification:_identify(src/sim_ws) by extension 'python_setup_py'
[0.807s] Level 1:colcon.colcon_core.package_identification:_identify(src/sim_ws/build) by extensions ['ignore', 'ignore_ament_install']
[0.807s] Level 1:colcon.colcon_core.package_identification:_identify(src/sim_ws/build) by extension 'ignore'
[0.807s] Level 1:colcon.colcon_core.package_identification:_identify(src/sim_ws/build) ignored
[0.807s] Level 1:colcon.colcon_core.package_identification:_identify(src/sim_ws/install) by extensions ['ignore', 'ignore_ament_install']
[0.807s] Level 1:colcon.colcon_core.package_identification:_identify(src/sim_ws/install) by extension 'ignore'
[0.807s] Level 1:colcon.colcon_core.package_identification:_identify(src/sim_ws/install) ignored
[0.808s] Level 1:colcon.colcon_core.package_identification:_identify(src/sim_ws/log) by extensions ['ignore', 'ignore_ament_install']
[0.808s] Level 1:colcon.colcon_core.package_identification:_identify(src/sim_ws/log) by extension 'ignore'
[0.808s] Level 1:colcon.colcon_core.package_identification:_identify(src/sim_ws/log) ignored
[0.808s] Level 1:colcon.colcon_core.package_identification:_identify(src/sim_ws/src) by extensions ['ignore', 'ignore_ament_install']
[0.808s] Level 1:colcon.colcon_core.package_identification:_identify(src/sim_ws/src) by extension 'ignore'
[0.808s] Level 1:colcon.colcon_core.package_identification:_identify(src/sim_ws/src) by extension 'ignore_ament_install'
[0.808s] Level 1:colcon.colcon_core.package_identification:_identify(src/sim_ws/src) by extensions ['colcon_pkg']
[0.808s] Level 1:colcon.colcon_core.package_identification:_identify(src/sim_ws/src) by extension 'colcon_pkg'
[0.808s] Level 1:colcon.colcon_core.package_identification:_identify(src/sim_ws/src) by extensions ['colcon_meta']
[0.808s] Level 1:colcon.colcon_core.package_identification:_identify(src/sim_ws/src) by extension 'colcon_meta'
[0.808s] Level 1:colcon.colcon_core.package_identification:_identify(src/sim_ws/src) by extensions ['ros']
[0.808s] Level 1:colcon.colcon_core.package_identification:_identify(src/sim_ws/src) by extension 'ros'
[0.809s] Level 1:colcon.colcon_core.package_identification:_identify(src/sim_ws/src) by extensions ['cmake', 'python']
[0.809s] Level 1:colcon.colcon_core.package_identification:_identify(src/sim_ws/src) by extension 'cmake'
[0.809s] Level 1:colcon.colcon_core.package_identification:_identify(src/sim_ws/src) by extension 'python'
[0.809s] Level 1:colcon.colcon_core.package_identification:_identify(src/sim_ws/src) by extensions ['python_setup_py']
[0.809s] Level 1:colcon.colcon_core.package_identification:_identify(src/sim_ws/src) by extension 'python_setup_py'
[0.809s] Level 1:colcon.colcon_core.package_identification:_identify(src/sim_ws/src/build) by extensions ['ignore', 'ignore_ament_install']
[0.809s] Level 1:colcon.colcon_core.package_identification:_identify(src/sim_ws/src/build) by extension 'ignore'
[0.809s] Level 1:colcon.colcon_core.package_identification:_identify(src/sim_ws/src/build) ignored
[0.809s] Level 1:colcon.colcon_core.package_identification:_identify(src/sim_ws/src/install) by extensions ['ignore', 'ignore_ament_install']
[0.810s] Level 1:colcon.colcon_core.package_identification:_identify(src/sim_ws/src/install) by extension 'ignore'
[0.810s] Level 1:colcon.colcon_core.package_identification:_identify(src/sim_ws/src/install) ignored
[0.810s] Level 1:colcon.colcon_core.package_identification:_identify(src/sim_ws/src/log) by extensions ['ignore', 'ignore_ament_install']
[0.810s] Level 1:colcon.colcon_core.package_identification:_identify(src/sim_ws/src/log) by extension 'ignore'
[0.810s] Level 1:colcon.colcon_core.package_identification:_identify(src/sim_ws/src/log) ignored
[0.810s] Level 1:colcon.colcon_core.package_identification:_identify(src/sim_ws/src/sim_utils) by extensions ['ignore', 'ignore_ament_install']
[0.810s] Level 1:colcon.colcon_core.package_identification:_identify(src/sim_ws/src/sim_utils) by extension 'ignore'
[0.810s] Level 1:colcon.colcon_core.package_identification:_identify(src/sim_ws/src/sim_utils) by extension 'ignore_ament_install'
[0.810s] Level 1:colcon.colcon_core.package_identification:_identify(src/sim_ws/src/sim_utils) by extensions ['colcon_pkg']
[0.811s] Level 1:colcon.colcon_core.package_identification:_identify(src/sim_ws/src/sim_utils) by extension 'colcon_pkg'
[0.811s] Level 1:colcon.colcon_core.package_identification:_identify(src/sim_ws/src/sim_utils) by extensions ['colcon_meta']
[0.811s] Level 1:colcon.colcon_core.package_identification:_identify(src/sim_ws/src/sim_utils) by extension 'colcon_meta'
[0.811s] Level 1:colcon.colcon_core.package_identification:_identify(src/sim_ws/src/sim_utils) by extensions ['ros']
[0.811s] Level 1:colcon.colcon_core.package_identification:_identify(src/sim_ws/src/sim_utils) by extension 'ros'
[0.817s] DEBUG:colcon.colcon_core.package_identification:Package 'src/sim_ws/src/sim_utils' with type 'ros.ament_python' and name 'sim_utils'
[0.817s] Level 1:colcon.colcon_core.package_identification:_identify(src/sim_ws/src/turtlebot3_gazebo) by extensions ['ignore', 'ignore_ament_install']
[0.817s] Level 1:colcon.colcon_core.package_identification:_identify(src/sim_ws/src/turtlebot3_gazebo) by extension 'ignore'
[0.817s] Level 1:colcon.colcon_core.package_identification:_identify(src/sim_ws/src/turtlebot3_gazebo) by extension 'ignore_ament_install'
[0.818s] Level 1:colcon.colcon_core.package_identification:_identify(src/sim_ws/src/turtlebot3_gazebo) by extensions ['colcon_pkg']
[0.818s] Level 1:colcon.colcon_core.package_identification:_identify(src/sim_ws/src/turtlebot3_gazebo) by extension 'colcon_pkg'
[0.818s] Level 1:colcon.colcon_core.package_identification:_identify(src/sim_ws/src/turtlebot3_gazebo) by extensions ['colcon_meta']
[0.818s] Level 1:colcon.colcon_core.package_identification:_identify(src/sim_ws/src/turtlebot3_gazebo) by extension 'colcon_meta'
[0.818s] Level 1:colcon.colcon_core.package_identification:_identify(src/sim_ws/src/turtlebot3_gazebo) by extensions ['ros']
[0.818s] Level 1:colcon.colcon_core.package_identification:_identify(src/sim_ws/src/turtlebot3_gazebo) by extension 'ros'
[0.820s] DEBUG:colcon.colcon_core.package_identification:Package 'src/sim_ws/src/turtlebot3_gazebo' with type 'ros.ament_cmake' and name 'turtlebot3_gazebo'
[0.820s] Level 1:colcon.colcon_core.package_identification:_identify(src/task_4) by extensions ['ignore', 'ignore_ament_install']
[0.820s] Level 1:colcon.colcon_core.package_identification:_identify(src/task_4) by extension 'ignore'
[0.820s] Level 1:colcon.colcon_core.package_identification:_identify(src/task_4) by extension 'ignore_ament_install'
[0.821s] Level 1:colcon.colcon_core.package_identification:_identify(src/task_4) by extensions ['colcon_pkg']
[0.821s] Level 1:colcon.colcon_core.package_identification:_identify(src/task_4) by extension 'colcon_pkg'
[0.821s] Level 1:colcon.colcon_core.package_identification:_identify(src/task_4) by extensions ['colcon_meta']
[0.821s] Level 1:colcon.colcon_core.package_identification:_identify(src/task_4) by extension 'colcon_meta'
[0.821s] Level 1:colcon.colcon_core.package_identification:_identify(src/task_4) by extensions ['ros']
[0.821s] Level 1:colcon.colcon_core.package_identification:_identify(src/task_4) by extension 'ros'
[0.823s] DEBUG:colcon.colcon_core.package_identification:Package 'src/task_4' with type 'ros.ament_python' and name 'task_4'
[0.823s] Level 1:colcon.colcon_core.package_discovery:discover_packages(recursive) using defaults
[0.823s] Level 1:colcon.colcon_core.package_discovery:discover_packages(ignore) discover
[0.823s] Level 1:colcon.colcon_core.package_discovery:discover_packages(ignore) using defaults
[0.823s] Level 1:colcon.colcon_core.package_discovery:discover_packages(path) discover
[0.823s] Level 1:colcon.colcon_core.package_discovery:discover_packages(path) using defaults
[0.874s] Level 1:colcon.colcon_core.package_discovery:discover_packages(prefix_path) check parameters
[0.874s] Level 1:colcon.colcon_core.package_discovery:discover_packages(prefix_path) discover
[0.882s] DEBUG:colcon.colcon_installed_package_information.package_discovery:Found 334 installed packages in /opt/ros/humble
[0.895s] Level 1:colcon.colcon_core.package_discovery:discover_packages(prefix_path) using defaults
[0.982s] Level 5:colcon.colcon_core.verb:set package 'sim_utils' build argument 'cmake_args' from command line to 'None'
[0.982s] Level 5:colcon.colcon_core.verb:set package 'sim_utils' build argument 'cmake_target' from command line to 'None'
[0.982s] Level 5:colcon.colcon_core.verb:set package 'sim_utils' build argument 'cmake_target_skip_unavailable' from command line to 'False'
[0.982s] Level 5:colcon.colcon_core.verb:set package 'sim_utils' build argument 'cmake_clean_cache' from command line to 'False'
[0.983s] Level 5:colcon.colcon_core.verb:set package 'sim_utils' build argument 'cmake_clean_first' from command line to 'False'
[0.983s] Level 5:colcon.colcon_core.verb:set package 'sim_utils' build argument 'cmake_force_configure' from command line to 'False'
[0.983s] Level 5:colcon.colcon_core.verb:set package 'sim_utils' build argument 'ament_cmake_args' from command line to 'None'
[0.983s] Level 5:colcon.colcon_core.verb:set package 'sim_utils' build argument 'catkin_cmake_args' from command line to 'None'
[0.983s] Level 5:colcon.colcon_core.verb:set package 'sim_utils' build argument 'catkin_skip_building_tests' from command line to 'False'
[0.983s] DEBUG:colcon.colcon_core.verb:Building package 'sim_utils' with the following arguments: {'ament_cmake_args': None, 'build_base': '/home/Gery/ME597_Lab/Lab3/ws1/build/sim_utils', 'catkin_cmake_args': None, 'catkin_skip_building_tests': False, 'cmake_args': None, 'cmake_clean_cache': False, 'cmake_clean_first': False, 'cmake_force_configure': False, 'cmake_target': None, 'cmake_target_skip_unavailable': False, 'install_base': '/home/Gery/ME597_Lab/Lab3/ws1/install/sim_utils', 'merge_install': False, 'path': '/home/Gery/ME597_Lab/Lab3/ws1/src/sim_ws/src/sim_utils', 'symlink_install': True, 'test_result_base': None}
[0.983s] Level 5:colcon.colcon_core.verb:set package 'task_4' build argument 'cmake_args' from command line to 'None'
[0.983s] Level 5:colcon.colcon_core.verb:set package 'task_4' build argument 'cmake_target' from command line to 'None'
[0.983s] Level 5:colcon.colcon_core.verb:set package 'task_4' build argument 'cmake_target_skip_unavailable' from command line to 'False'
[0.983s] Level 5:colcon.colcon_core.verb:set package 'task_4' build argument 'cmake_clean_cache' from command line to 'False'
[0.983s] Level 5:colcon.colcon_core.verb:set package 'task_4' build argument 'cmake_clean_first' from command line to 'False'
[0.983s] Level 5:colcon.colcon_core.verb:set package 'task_4' build argument 'cmake_force_configure' from command line to 'False'
[0.983s] Level 5:colcon.colcon_core.verb:set package 'task_4' build argument 'ament_cmake_args' from command line to 'None'
[0.983s] Level 5:colcon.colcon_core.verb:set package 'task_4' build argument 'catkin_cmake_args' from command line to 'None'
[0.983s] Level 5:colcon.colcon_core.verb:set package 'task_4' build argument 'catkin_skip_building_tests' from command line to 'False'
[0.983s] DEBUG:colcon.colcon_core.verb:Building package 'task_4' with the following arguments: {'ament_cmake_args': None, 'build_base': '/home/Gery/ME597_Lab/Lab3/ws1/build/task_4', 'catkin_cmake_args': None, 'catkin_skip_building_tests': False, 'cmake_args': None, 'cmake_clean_cache': False, 'cmake_clean_first': False, 'cmake_force_configure': False, 'cmake_target': None, 'cmake_target_skip_unavailable': False, 'install_base': '/home/Gery/ME597_Lab/Lab3/ws1/install/task_4', 'merge_install': False, 'path': '/home/Gery/ME597_Lab/Lab3/ws1/src/task_4', 'symlink_install': True, 'test_result_base': None}
[0.984s] Level 5:colcon.colcon_core.verb:set package 'turtlebot3_gazebo' build argument 'cmake_args' from command line to 'None'
[0.984s] Level 5:colcon.colcon_core.verb:set package 'turtlebot3_gazebo' build argument 'cmake_target' from command line to 'None'
[0.984s] Level 5:colcon.colcon_core.verb:set package 'turtlebot3_gazebo' build argument 'cmake_target_skip_unavailable' from command line to 'False'
[0.984s] Level 5:colcon.colcon_core.verb:set package 'turtlebot3_gazebo' build argument 'cmake_clean_cache' from command line to 'False'
[0.984s] Level 5:colcon.colcon_core.verb:set package 'turtlebot3_gazebo' build argument 'cmake_clean_first' from command line to 'False'
[0.984s] Level 5:colcon.colcon_core.verb:set package 'turtlebot3_gazebo' build argument 'cmake_force_configure' from command line to 'False'
[0.984s] Level 5:colcon.colcon_core.verb:set package 'turtlebot3_gazebo' build argument 'ament_cmake_args' from command line to 'None'
[0.984s] Level 5:colcon.colcon_core.verb:set package 'turtlebot3_gazebo' build argument 'catkin_cmake_args' from command line to 'None'
[0.984s] Level 5:colcon.colcon_core.verb:set package 'turtlebot3_gazebo' build argument 'catkin_skip_building_tests' from command line to 'False'
[0.984s] DEBUG:colcon.colcon_core.verb:Building package 'turtlebot3_gazebo' with the following arguments: {'ament_cmake_args': None, 'build_base': '/home/Gery/ME597_Lab/Lab3/ws1/build/turtlebot3_gazebo', 'catkin_cmake_args': None, 'catkin_skip_building_tests': False, 'cmake_args': None, 'cmake_clean_cache': False, 'cmake_clean_first': False, 'cmake_force_configure': False, 'cmake_target': None, 'cmake_target_skip_unavailable': False, 'install_base': '/home/Gery/ME597_Lab/Lab3/ws1/install/turtlebot3_gazebo', 'merge_install': False, 'path': '/home/Gery/ME597_Lab/Lab3/ws1/src/sim_ws/src/turtlebot3_gazebo', 'symlink_install': True, 'test_result_base': None}
[0.984s] INFO:colcon.colcon_core.executor:Executing jobs using 'parallel' executor
[0.985s] DEBUG:colcon.colcon_parallel_executor.executor.parallel:run_until_complete
[0.986s] INFO:colcon.colcon_ros.task.ament_python.build:Building ROS package in '/home/Gery/ME597_Lab/Lab3/ws1/src/sim_ws/src/sim_utils' with build type 'ament_python'
[0.986s] Level 1:colcon.colcon_core.shell:create_environment_hook('sim_utils', 'ament_prefix_path')
[0.993s] INFO:colcon.colcon_core.plugin_system:Skipping extension 'colcon_core.shell.bat': Not used on non-Windows systems
[0.993s] INFO:colcon.colcon_core.shell:Creating environment hook '/home/Gery/ME597_Lab/Lab3/ws1/install/sim_utils/share/sim_utils/hook/ament_prefix_path.ps1'
[0.994s] INFO:colcon.colcon_core.shell:Creating environment descriptor '/home/Gery/ME597_Lab/Lab3/ws1/install/sim_utils/share/sim_utils/hook/ament_prefix_path.dsv'
[0.996s] INFO:colcon.colcon_core.shell:Creating environment hook '/home/Gery/ME597_Lab/Lab3/ws1/install/sim_utils/share/sim_utils/hook/ament_prefix_path.sh'
[0.997s] INFO:colcon.colcon_core.shell:Skip shell extension 'powershell' for command environment: Not usable outside of PowerShell
[0.998s] DEBUG:colcon.colcon_core.shell:Skip shell extension 'dsv' for command environment
[1.003s] INFO:colcon.colcon_ros.task.ament_python.build:Building ROS package in '/home/Gery/ME597_Lab/Lab3/ws1/src/task_4' with build type 'ament_python'
[1.003s] Level 1:colcon.colcon_core.shell:create_environment_hook('task_4', 'ament_prefix_path')
[1.004s] INFO:colcon.colcon_core.shell:Creating environment hook '/home/Gery/ME597_Lab/Lab3/ws1/install/task_4/share/task_4/hook/ament_prefix_path.ps1'
[1.004s] INFO:colcon.colcon_core.shell:Creating environment descriptor '/home/Gery/ME597_Lab/Lab3/ws1/install/task_4/share/task_4/hook/ament_prefix_path.dsv'
[1.005s] INFO:colcon.colcon_core.shell:Creating environment hook '/home/Gery/ME597_Lab/Lab3/ws1/install/task_4/share/task_4/hook/ament_prefix_path.sh'
[1.005s] INFO:colcon.colcon_core.shell:Skip shell extension 'powershell' for command environment: Not usable outside of PowerShell
[1.006s] DEBUG:colcon.colcon_core.shell:Skip shell extension 'dsv' for command environment
[1.014s] INFO:colcon.colcon_ros.task.ament_cmake.build:Building ROS package in '/home/Gery/ME597_Lab/Lab3/ws1/src/sim_ws/src/turtlebot3_gazebo' with build type 'ament_cmake'
[1.014s] INFO:colcon.colcon_cmake.task.cmake.build:Building CMake package in '/home/Gery/ME597_Lab/Lab3/ws1/src/sim_ws/src/turtlebot3_gazebo'
[1.014s] INFO:colcon.colcon_core.shell:Skip shell extension 'powershell' for command environment: Not usable outside of PowerShell
[1.015s] DEBUG:colcon.colcon_core.shell:Skip shell extension 'dsv' for command environment
[1.425s] INFO:colcon.colcon_core.task.python.build:Building Python package in '/home/Gery/ME597_Lab/Lab3/ws1/src/sim_ws/src/sim_utils'
[1.426s] INFO:colcon.colcon_core.shell:Skip shell extension 'powershell' for command environment: Not usable outside of PowerShell
[1.426s] DEBUG:colcon.colcon_core.shell:Skip shell extension 'dsv' for command environment
[1.723s] INFO:colcon.colcon_core.task.python.build:Building Python package in '/home/Gery/ME597_Lab/Lab3/ws1/src/task_4'
[1.724s] INFO:colcon.colcon_core.shell:Skip shell extension 'powershell' for command environment: Not usable outside of PowerShell
[1.724s] DEBUG:colcon.colcon_core.shell:Skip shell extension 'dsv' for command environment
[1.739s] DEBUG:colcon.colcon_core.event_handler.log_command:Invoking command in '/home/Gery/ME597_Lab/Lab3/ws1/build/turtlebot3_gazebo': CMAKE_PREFIX_PATH=/opt/ros/humble /usr/bin/cmake --build /home/Gery/ME597_Lab/Lab3/ws1/build/turtlebot3_gazebo -- -j4 -l4
[1.893s] DEBUG:colcon.colcon_core.event_handler.log_command:Invoked command in '/home/Gery/ME597_Lab/Lab3/ws1/build/turtlebot3_gazebo' returned '0': CMAKE_PREFIX_PATH=/opt/ros/humble /usr/bin/cmake --build /home/Gery/ME597_Lab/Lab3/ws1/build/turtlebot3_gazebo -- -j4 -l4
[1.978s] DEBUG:colcon.colcon_core.event_handler.log_command:Invoking command in '/home/Gery/ME597_Lab/Lab3/ws1/build/turtlebot3_gazebo': CMAKE_PREFIX_PATH=/opt/ros/humble /usr/bin/cmake --install /home/Gery/ME597_Lab/Lab3/ws1/build/turtlebot3_gazebo
[2.041s] Level 1:colcon.colcon_core.environment:create_environment_scripts_only(turtlebot3_gazebo)
[2.042s] DEBUG:colcon.colcon_core.event_handler.log_command:Invoked command in '/home/Gery/ME597_Lab/Lab3/ws1/build/turtlebot3_gazebo' returned '0': CMAKE_PREFIX_PATH=/opt/ros/humble /usr/bin/cmake --install /home/Gery/ME597_Lab/Lab3/ws1/build/turtlebot3_gazebo
[2.048s] Level 1:colcon.colcon_core.environment:checking '/home/Gery/ME597_Lab/Lab3/ws1/install/turtlebot3_gazebo' for CMake module files
[2.049s] Level 1:colcon.colcon_core.environment:checking '/home/Gery/ME597_Lab/Lab3/ws1/install/turtlebot3_gazebo' for CMake config files
[2.050s] Level 1:colcon.colcon_core.shell:create_environment_hook('turtlebot3_gazebo', 'cmake_prefix_path')
[2.050s] INFO:colcon.colcon_core.shell:Creating environment hook '/home/Gery/ME597_Lab/Lab3/ws1/install/turtlebot3_gazebo/share/turtlebot3_gazebo/hook/cmake_prefix_path.ps1'
[2.051s] INFO:colcon.colcon_core.shell:Creating environment descriptor '/home/Gery/ME597_Lab/Lab3/ws1/install/turtlebot3_gazebo/share/turtlebot3_gazebo/hook/cmake_prefix_path.dsv'
[2.053s] INFO:colcon.colcon_core.shell:Creating environment hook '/home/Gery/ME597_Lab/Lab3/ws1/install/turtlebot3_gazebo/share/turtlebot3_gazebo/hook/cmake_prefix_path.sh'
[2.055s] Level 1:colcon.colcon_core.environment:checking '/home/Gery/ME597_Lab/Lab3/ws1/install/turtlebot3_gazebo/lib'
[2.055s] Level 1:colcon.colcon_core.environment:checking '/home/Gery/ME597_Lab/Lab3/ws1/install/turtlebot3_gazebo/bin'
[2.055s] Level 1:colcon.colcon_core.environment:checking '/home/Gery/ME597_Lab/Lab3/ws1/install/turtlebot3_gazebo/lib/pkgconfig/turtlebot3_gazebo.pc'
[2.055s] Level 1:colcon.colcon_core.environment:checking '/home/Gery/ME597_Lab/Lab3/ws1/install/turtlebot3_gazebo/lib/python3.10/site-packages'
[2.055s] Level 1:colcon.colcon_core.environment:checking '/home/Gery/ME597_Lab/Lab3/ws1/install/turtlebot3_gazebo/bin'
[2.056s] INFO:colcon.colcon_core.shell:Creating package script '/home/Gery/ME597_Lab/Lab3/ws1/install/turtlebot3_gazebo/share/turtlebot3_gazebo/package.ps1'
[2.057s] INFO:colcon.colcon_core.shell:Creating package descriptor '/home/Gery/ME597_Lab/Lab3/ws1/install/turtlebot3_gazebo/share/turtlebot3_gazebo/package.dsv'
[2.059s] INFO:colcon.colcon_core.shell:Creating package script '/home/Gery/ME597_Lab/Lab3/ws1/install/turtlebot3_gazebo/share/turtlebot3_gazebo/package.sh'
[2.060s] INFO:colcon.colcon_core.shell:Creating package script '/home/Gery/ME597_Lab/Lab3/ws1/install/turtlebot3_gazebo/share/turtlebot3_gazebo/package.bash'
[2.062s] INFO:colcon.colcon_core.shell:Creating package script '/home/Gery/ME597_Lab/Lab3/ws1/install/turtlebot3_gazebo/share/turtlebot3_gazebo/package.zsh'
[2.063s] Level 1:colcon.colcon_core.environment:create_file_with_runtime_dependencies(/home/Gery/ME597_Lab/Lab3/ws1/install/turtlebot3_gazebo/share/colcon-core/packages/turtlebot3_gazebo)
[2.123s] Level 1:colcon.colcon_core.environment:create_environment_scripts_only(turtlebot3_gazebo)
[2.123s] Level 1:colcon.colcon_core.environment:checking '/home/Gery/ME597_Lab/Lab3/ws1/install/turtlebot3_gazebo' for CMake module files
[2.124s] Level 1:colcon.colcon_core.environment:checking '/home/Gery/ME597_Lab/Lab3/ws1/install/turtlebot3_gazebo' for CMake config files
[2.125s] Level 1:colcon.colcon_core.shell:create_environment_hook('turtlebot3_gazebo', 'cmake_prefix_path')
[2.125s] INFO:colcon.colcon_core.shell:Creating environment hook '/home/Gery/ME597_Lab/Lab3/ws1/install/turtlebot3_gazebo/share/turtlebot3_gazebo/hook/cmake_prefix_path.ps1'
[2.126s] INFO:colcon.colcon_core.shell:Creating environment descriptor '/home/Gery/ME597_Lab/Lab3/ws1/install/turtlebot3_gazebo/share/turtlebot3_gazebo/hook/cmake_prefix_path.dsv'
[2.127s] INFO:colcon.colcon_core.shell:Creating environment hook '/home/Gery/ME597_Lab/Lab3/ws1/install/turtlebot3_gazebo/share/turtlebot3_gazebo/hook/cmake_prefix_path.sh'
[2.128s] Level 1:colcon.colcon_core.environment:checking '/home/Gery/ME597_Lab/Lab3/ws1/install/turtlebot3_gazebo/lib'
[2.128s] Level 1:colcon.colcon_core.environment:checking '/home/Gery/ME597_Lab/Lab3/ws1/install/turtlebot3_gazebo/bin'
[2.128s] Level 1:colcon.colcon_core.environment:checking '/home/Gery/ME597_Lab/Lab3/ws1/install/turtlebot3_gazebo/lib/pkgconfig/turtlebot3_gazebo.pc'
[2.128s] Level 1:colcon.colcon_core.environment:checking '/home/Gery/ME597_Lab/Lab3/ws1/install/turtlebot3_gazebo/lib/python3.10/site-packages'
[2.129s] Level 1:colcon.colcon_core.environment:checking '/home/Gery/ME597_Lab/Lab3/ws1/install/turtlebot3_gazebo/bin'
[2.129s] INFO:colcon.colcon_core.shell:Creating package script '/home/Gery/ME597_Lab/Lab3/ws1/install/turtlebot3_gazebo/share/turtlebot3_gazebo/package.ps1'
[2.130s] INFO:colcon.colcon_core.shell:Creating package descriptor '/home/Gery/ME597_Lab/Lab3/ws1/install/turtlebot3_gazebo/share/turtlebot3_gazebo/package.dsv'
[2.130s] INFO:colcon.colcon_core.shell:Creating package script '/home/Gery/ME597_Lab/Lab3/ws1/install/turtlebot3_gazebo/share/turtlebot3_gazebo/package.sh'
[2.131s] INFO:colcon.colcon_core.shell:Creating package script '/home/Gery/ME597_Lab/Lab3/ws1/install/turtlebot3_gazebo/share/turtlebot3_gazebo/package.bash'
[2.131s] INFO:colcon.colcon_core.shell:Creating package script '/home/Gery/ME597_Lab/Lab3/ws1/install/turtlebot3_gazebo/share/turtlebot3_gazebo/package.zsh'
[2.132s] Level 1:colcon.colcon_core.environment:create_file_with_runtime_dependencies(/home/Gery/ME597_Lab/Lab3/ws1/install/turtlebot3_gazebo/share/colcon-core/packages/turtlebot3_gazebo)
[2.357s] DEBUG:colcon.colcon_core.event_handler.log_command:Invoking command in '/home/Gery/ME597_Lab/Lab3/ws1/build/sim_utils': PYTHONPATH=/home/Gery/ME597_Lab/Lab3/ws1/build/sim_utils/prefix_override:/usr/lib/python3/dist-packages/colcon_core/task/python/colcon_distutils_commands:/home/Gery/ME597_Lab/Lab3/ws1/install/sim_utils/lib/python3.10/site-packages:${PYTHONPATH} /usr/bin/python3 -W ignore:setup.py install is deprecated setup.py develop --editable --build-directory /home/Gery/ME597_Lab/Lab3/ws1/build/sim_utils/build --no-deps symlink_data
[2.364s] DEBUG:colcon.colcon_core.event_handler.log_command:Invoking command in '/home/Gery/ME597_Lab/Lab3/ws1/build/task_4': PYTHONPATH=/home/Gery/ME597_Lab/Lab3/ws1/build/task_4/prefix_override:/usr/lib/python3/dist-packages/colcon_core/task/python/colcon_distutils_commands:/home/Gery/ME597_Lab/Lab3/ws1/install/task_4/lib/python3.10/site-packages:${PYTHONPATH} /usr/bin/python3 -W ignore:setup.py install is deprecated setup.py develop --editable --build-directory /home/Gery/ME597_Lab/Lab3/ws1/build/task_4/build --no-deps symlink_data
[3.007s] Level 1:colcon.colcon_core.shell:create_environment_hook('task_4', 'pythonpath_develop')
[3.008s] INFO:colcon.colcon_core.shell:Creating environment hook '/home/Gery/ME597_Lab/Lab3/ws1/build/task_4/share/task_4/hook/pythonpath_develop.ps1'
[3.007s] DEBUG:colcon.colcon_core.event_handler.log_command:Invoked command in '/home/Gery/ME597_Lab/Lab3/ws1/build/task_4' returned '0': PYTHONPATH=/home/Gery/ME597_Lab/Lab3/ws1/build/task_4/prefix_override:/usr/lib/python3/dist-packages/colcon_core/task/python/colcon_distutils_commands:/home/Gery/ME597_Lab/Lab3/ws1/install/task_4/lib/python3.10/site-packages:${PYTHONPATH} /usr/bin/python3 -W ignore:setup.py install is deprecated setup.py develop --editable --build-directory /home/Gery/ME597_Lab/Lab3/ws1/build/task_4/build --no-deps symlink_data
[3.011s] INFO:colcon.colcon_core.shell:Creating environment descriptor '/home/Gery/ME597_Lab/Lab3/ws1/build/task_4/share/task_4/hook/pythonpath_develop.dsv'
[3.011s] INFO:colcon.colcon_core.shell:Creating environment hook '/home/Gery/ME597_Lab/Lab3/ws1/build/task_4/share/task_4/hook/pythonpath_develop.sh'
[3.012s] Level 1:colcon.colcon_core.environment:checking '/home/Gery/ME597_Lab/Lab3/ws1/install/task_4' for CMake module files
[3.016s] Level 1:colcon.colcon_core.environment:checking '/home/Gery/ME597_Lab/Lab3/ws1/install/task_4' for CMake config files
[3.018s] Level 1:colcon.colcon_core.environment:checking '/home/Gery/ME597_Lab/Lab3/ws1/install/task_4/lib'
[3.020s] Level 1:colcon.colcon_core.environment:checking '/home/Gery/ME597_Lab/Lab3/ws1/install/task_4/bin'
[3.020s] Level 1:colcon.colcon_core.environment:checking '/home/Gery/ME597_Lab/Lab3/ws1/install/task_4/lib/pkgconfig/task_4.pc'
[3.021s] Level 1:colcon.colcon_core.environment:checking '/home/Gery/ME597_Lab/Lab3/ws1/install/task_4/lib/python3.10/site-packages'
[3.021s] Level 1:colcon.colcon_core.shell:create_environment_hook('task_4', 'pythonpath')
[3.021s] INFO:colcon.colcon_core.shell:Creating environment hook '/home/Gery/ME597_Lab/Lab3/ws1/install/task_4/share/task_4/hook/pythonpath.ps1'
[3.022s] INFO:colcon.colcon_core.shell:Creating environment descriptor '/home/Gery/ME597_Lab/Lab3/ws1/install/task_4/share/task_4/hook/pythonpath.dsv'
[3.022s] INFO:colcon.colcon_core.shell:Creating environment hook '/home/Gery/ME597_Lab/Lab3/ws1/install/task_4/share/task_4/hook/pythonpath.sh'
[3.023s] Level 1:colcon.colcon_core.environment:checking '/home/Gery/ME597_Lab/Lab3/ws1/install/task_4/bin'
[3.023s] Level 1:colcon.colcon_core.environment:create_environment_scripts_only(task_4)
[3.027s] INFO:colcon.colcon_core.shell:Creating package script '/home/Gery/ME597_Lab/Lab3/ws1/install/task_4/share/task_4/package.ps1'
[3.028s] INFO:colcon.colcon_core.shell:Creating package descriptor '/home/Gery/ME597_Lab/Lab3/ws1/install/task_4/share/task_4/package.dsv'
[3.029s] INFO:colcon.colcon_core.shell:Creating package script '/home/Gery/ME597_Lab/Lab3/ws1/install/task_4/share/task_4/package.sh'
[3.030s] INFO:colcon.colcon_core.shell:Creating package script '/home/Gery/ME597_Lab/Lab3/ws1/install/task_4/share/task_4/package.bash'
[3.031s] INFO:colcon.colcon_core.shell:Creating package script '/home/Gery/ME597_Lab/Lab3/ws1/install/task_4/share/task_4/package.zsh'
[3.032s] Level 1:colcon.colcon_core.environment:create_file_with_runtime_dependencies(/home/Gery/ME597_Lab/Lab3/ws1/install/task_4/share/colcon-core/packages/task_4)
[3.035s] Level 1:colcon.colcon_core.shell:create_environment_hook('sim_utils', 'pythonpath_develop')
[3.035s] INFO:colcon.colcon_core.shell:Creating environment hook '/home/Gery/ME597_Lab/Lab3/ws1/build/sim_utils/share/sim_utils/hook/pythonpath_develop.ps1'
[3.036s] DEBUG:colcon.colcon_core.event_handler.log_command:Invoked command in '/home/Gery/ME597_Lab/Lab3/ws1/build/sim_utils' returned '0': PYTHONPATH=/home/Gery/ME597_Lab/Lab3/ws1/build/sim_utils/prefix_override:/usr/lib/python3/dist-packages/colcon_core/task/python/colcon_distutils_commands:/home/Gery/ME597_Lab/Lab3/ws1/install/sim_utils/lib/python3.10/site-packages:${PYTHONPATH} /usr/bin/python3 -W ignore:setup.py install is deprecated setup.py develop --editable --build-directory /home/Gery/ME597_Lab/Lab3/ws1/build/sim_utils/build --no-deps symlink_data
[3.037s] INFO:colcon.colcon_core.shell:Creating environment descriptor '/home/Gery/ME597_Lab/Lab3/ws1/build/sim_utils/share/sim_utils/hook/pythonpath_develop.dsv'
[3.037s] INFO:colcon.colcon_core.shell:Creating environment hook '/home/Gery/ME597_Lab/Lab3/ws1/build/sim_utils/share/sim_utils/hook/pythonpath_develop.sh'
[3.038s] Level 1:colcon.colcon_core.environment:checking '/home/Gery/ME597_Lab/Lab3/ws1/install/sim_utils' for CMake module files
[3.039s] Level 1:colcon.colcon_core.environment:checking '/home/Gery/ME597_Lab/Lab3/ws1/install/sim_utils' for CMake config files
[3.040s] Level 1:colcon.colcon_core.environment:checking '/home/Gery/ME597_Lab/Lab3/ws1/install/sim_utils/lib'
[3.040s] Level 1:colcon.colcon_core.environment:checking '/home/Gery/ME597_Lab/Lab3/ws1/install/sim_utils/bin'
[3.040s] Level 1:colcon.colcon_core.environment:checking '/home/Gery/ME597_Lab/Lab3/ws1/install/sim_utils/lib/pkgconfig/sim_utils.pc'
[3.040s] Level 1:colcon.colcon_core.environment:checking '/home/Gery/ME597_Lab/Lab3/ws1/install/sim_utils/lib/python3.10/site-packages'
[3.040s] Level 1:colcon.colcon_core.shell:create_environment_hook('sim_utils', 'pythonpath')
[3.041s] INFO:colcon.colcon_core.shell:Creating environment hook '/home/Gery/ME597_Lab/Lab3/ws1/install/sim_utils/share/sim_utils/hook/pythonpath.ps1'
[3.041s] INFO:colcon.colcon_core.shell:Creating environment descriptor '/home/Gery/ME597_Lab/Lab3/ws1/install/sim_utils/share/sim_utils/hook/pythonpath.dsv'
[3.042s] INFO:colcon.colcon_core.shell:Creating environment hook '/home/Gery/ME597_Lab/Lab3/ws1/install/sim_utils/share/sim_utils/hook/pythonpath.sh'
[3.044s] Level 1:colcon.colcon_core.environment:checking '/home/Gery/ME597_Lab/Lab3/ws1/install/sim_utils/bin'
[3.044s] Level 1:colcon.colcon_core.environment:create_environment_scripts_only(sim_utils)
[3.044s] INFO:colcon.colcon_core.shell:Creating package script '/home/Gery/ME597_Lab/Lab3/ws1/install/sim_utils/share/sim_utils/package.ps1'
[3.045s] INFO:colcon.colcon_core.shell:Creating package descriptor '/home/Gery/ME597_Lab/Lab3/ws1/install/sim_utils/share/sim_utils/package.dsv'
[3.046s] INFO:colcon.colcon_core.shell:Creating package script '/home/Gery/ME597_Lab/Lab3/ws1/install/sim_utils/share/sim_utils/package.sh'
[3.046s] INFO:colcon.colcon_core.shell:Creating package script '/home/Gery/ME597_Lab/Lab3/ws1/install/sim_utils/share/sim_utils/package.bash'
[3.047s] INFO:colcon.colcon_core.shell:Creating package script '/home/Gery/ME597_Lab/Lab3/ws1/install/sim_utils/share/sim_utils/package.zsh'
[3.047s] Level 1:colcon.colcon_core.environment:create_file_with_runtime_dependencies(/home/Gery/ME597_Lab/Lab3/ws1/install/sim_utils/share/colcon-core/packages/sim_utils)
[3.048s] DEBUG:colcon.colcon_parallel_executor.executor.parallel:closing loop
[3.048s] DEBUG:colcon.colcon_parallel_executor.executor.parallel:loop closed
[3.048s] DEBUG:colcon.colcon_parallel_executor.executor.parallel:run_until_complete finished with '0'
[3.049s] DEBUG:colcon.colcon_core.event_reactor:joining thread
[3.067s] INFO:colcon.colcon_core.plugin_system:Skipping extension 'colcon_notification.desktop_notification.terminal_notifier': Not used on non-Darwin systems
[3.067s] INFO:colcon.colcon_core.plugin_system:Skipping extension 'colcon_notification.desktop_notification.win32': Not used on non-Windows systems
[3.067s] INFO:colcon.colcon_notification.desktop_notification:Sending desktop notification using 'notify2'
[3.133s] DEBUG:colcon.colcon_core.event_reactor:joined thread
[3.133s] INFO:colcon.colcon_core.shell:Creating prefix script '/home/Gery/ME597_Lab/Lab3/ws1/install/local_setup.ps1'
[3.136s] INFO:colcon.colcon_core.shell:Creating prefix util module '/home/Gery/ME597_Lab/Lab3/ws1/install/_local_setup_util_ps1.py'
[3.138s] INFO:colcon.colcon_core.shell:Creating prefix chain script '/home/Gery/ME597_Lab/Lab3/ws1/install/setup.ps1'
[3.141s] INFO:colcon.colcon_core.shell:Creating prefix script '/home/Gery/ME597_Lab/Lab3/ws1/install/local_setup.sh'
[3.142s] INFO:colcon.colcon_core.shell:Creating prefix util module '/home/Gery/ME597_Lab/Lab3/ws1/install/_local_setup_util_sh.py'
[3.143s] INFO:colcon.colcon_core.shell:Creating prefix chain script '/home/Gery/ME597_Lab/Lab3/ws1/install/setup.sh'
[3.145s] INFO:colcon.colcon_core.shell:Creating prefix script '/home/Gery/ME597_Lab/Lab3/ws1/install/local_setup.bash'
[3.147s] INFO:colcon.colcon_core.shell:Creating prefix chain script '/home/Gery/ME597_Lab/Lab3/ws1/install/setup.bash'
[3.149s] INFO:colcon.colcon_core.shell:Creating prefix script '/home/Gery/ME597_Lab/Lab3/ws1/install/local_setup.zsh'
[3.153s] INFO:colcon.colcon_core.shell:Creating prefix chain script '/home/Gery/ME597_Lab/Lab3/ws1/install/setup.zsh'
