[0.573s] Invoking command in '/home/me597/me597/Lab3/ws1/build/turtlebot3_gazebo': CMAKE_PREFIX_PATH=${CMAKE_PREFIX_PATH}:/home/me597/me597/Lab3/ws1/install/sim_utils:/home/me597/me597/Lab3/ws1/install/task_4:/opt/ros/humble /usr/bin/cmake /home/me597/me597/Lab3/ws1/src/sim_ws/src/turtlebot3_gazebo -DAMENT_CMAKE_SYMLINK_INSTALL=1 -DCMAKE_INSTALL_PREFIX=/home/me597/me597/Lab3/ws1/install/turtlebot3_gazebo
[0.649s] -- The C compiler identification is GNU 11.4.0
[0.725s] -- The CXX compiler identification is GNU 11.4.0
[0.737s] -- Detecting C compiler ABI info
[0.847s] -- Detecting C compiler ABI info - done
[0.855s] -- Check for working C compiler: /usr/bin/cc - skipped
[0.856s] -- Detecting C compile features
[0.856s] -- Detecting C compile features - done
[0.862s] -- Detecting CXX compiler ABI info
[0.991s] -- Detecting CXX compiler ABI info - done
[1.003s] -- Check for working CXX compiler: /usr/bin/c++ - skipped
[1.003s] -- Detecting CXX compile features
[1.004s] -- Detecting CXX compile features - done
[1.007s] -- Found ament_cmake: 1.3.10 (/opt/ros/humble/share/ament_cmake/cmake)
[1.200s] -- Found Python3: /usr/bin/python3 (found version "3.10.12") found components: Interpreter 
[1.282s] -- Override CMake install command with custom implementation using symlinks instead of copying resources
[1.321s] -- Found PkgConfig: /usr/bin/pkg-config (found version "0.29.2") 
[1.322s] [33mCMake Warning (dev) at /usr/share/cmake-3.22/Modules/FindPackageHandleStandardArgs.cmake:438 (message):
[1.322s]   The package name passed to `find_package_handle_standard_args` (PkgConfig)
[1.322s]   does not match the name of the calling package (gazebo).  This can lead to
[1.322s]   problems in calling code that expects `find_package` result variables
[1.322s]   (e.g., `_FOUND`) to follow a certain pattern.
[1.322s] Call Stack (most recent call first):
[1.322s]   /usr/share/cmake-3.22/Modules/FindPkgConfig.cmake:99 (find_package_handle_standard_args)
[1.322s]   /usr/lib/x86_64-linux-gnu/cmake/gazebo/gazebo-config.cmake:72 (include)
[1.322s]   CMakeLists.txt:23 (find_package)
[1.322s] This warning is for project developers.  Use -Wno-dev to suppress it.
[1.322s] [0m
[1.329s] -- Checking for module 'bullet>=2.82'
[1.346s] --   Found bullet, version 3.05
[1.492s] -- Found fcl: /usr/include (found suitable version "0.7.0", minimum required is "0.5.0") 
[1.597s] -- Found assimp: /usr/include (found version "5.2.0") 
[1.619s] -- Found DART: /usr/include (Required is at least version "6.6") found components: dart 
[1.837s] -- Found Boost: /usr/lib/x86_64-linux-gnu/cmake/Boost-1.74.0/BoostConfig.cmake (found suitable version "1.74.0", minimum required is "1.40.0") found components: thread system filesystem program_options regex iostreams date_time 
[1.853s] -- Found Protobuf: /usr/lib/x86_64-linux-gnu/libprotobuf.so (found version "3.12.4") 
[1.863s] -- Looking for ignition-math6 -- found version 6.15.1
[1.868s] -- Searching for dependencies of ignition-math6
[1.869s] -- Looking for OGRE...
[1.870s] -- OGRE_PREFIX_WATCH changed.
[1.876s] -- Checking for module 'OGRE'
[1.896s] --   Found OGRE, version 1.9.0
[1.950s] -- Found Ogre Ghadamon (1.9.0)
[1.960s] -- Found OGRE: optimized;/usr/lib/x86_64-linux-gnu/libOgreMain.so;debug;/usr/lib/x86_64-linux-gnu/libOgreMain.so
[1.970s] -- Looking for OGRE_Paging...
[1.975s] -- Found OGRE_Paging: optimized;/usr/lib/x86_64-linux-gnu/libOgrePaging.so;debug;/usr/lib/x86_64-linux-gnu/libOgrePaging.so
[1.975s] -- Looking for OGRE_Terrain...
[1.981s] -- Found OGRE_Terrain: optimized;/usr/lib/x86_64-linux-gnu/libOgreTerrain.so;debug;/usr/lib/x86_64-linux-gnu/libOgreTerrain.so
[1.981s] -- Looking for OGRE_Property...
[1.987s] -- Found OGRE_Property: optimized;/usr/lib/x86_64-linux-gnu/libOgreProperty.so;debug;/usr/lib/x86_64-linux-gnu/libOgreProperty.so
[1.987s] -- Looking for OGRE_RTShaderSystem...
[1.994s] -- Found OGRE_RTShaderSystem: optimized;/usr/lib/x86_64-linux-gnu/libOgreRTShaderSystem.so;debug;/usr/lib/x86_64-linux-gnu/libOgreRTShaderSystem.so
[1.994s] -- Looking for OGRE_Volume...
[1.999s] -- Found OGRE_Volume: optimized;/usr/lib/x86_64-linux-gnu/libOgreVolume.so;debug;/usr/lib/x86_64-linux-gnu/libOgreVolume.so
[2.000s] -- Looking for OGRE_Overlay...
[2.003s] -- Found OGRE_Overlay: optimized;/usr/lib/x86_64-linux-gnu/libOgreOverlay.so;debug;/usr/lib/x86_64-linux-gnu/libOgreOverlay.so
[2.117s] -- Looking for ignition-math6 -- found version 6.15.1
[2.119s] -- Looking for ignition-transport8 -- found version 8.2.1
[2.119s] -- Searching for dependencies of ignition-transport8
[2.139s] -- Found Protobuf: /usr/lib/x86_64-linux-gnu/libprotobuf.so (found suitable version "3.12.4", minimum required is "3") 
[2.151s] -- Config-file not installed for ZeroMQ -- checking for pkg-config
[2.157s] -- Checking for module 'libzmq >= 4'
[2.174s] --   Found libzmq , version 4.3.4
[2.222s] -- Found ZeroMQ: TRUE (Required is at least version "4") 
[2.229s] -- Checking for module 'uuid'
[2.248s] --   Found uuid, version 2.37.2
[2.290s] -- Found UUID: TRUE  
[2.293s] -- Looking for ignition-msgs5 -- found version 5.8.1
[2.293s] -- Searching for dependencies of ignition-msgs5
[2.313s] -- Looking for ignition-math6 -- found version 6.15.1
[2.319s] -- Checking for module 'tinyxml2'
[2.337s] --   Found tinyxml2, version 9.0.0
[2.385s] -- Looking for ignition-msgs5 -- found version 5.8.1
[2.385s] -- Looking for ignition-common3 -- found version 3.14.0
[2.385s] -- Searching for dependencies of ignition-common3
[2.385s] -- Looking for dlfcn.h - found
[2.386s] -- Looking for libdl - found
[2.388s] -- Found DL: TRUE  
[2.399s] -- Found tinyobjloader: /usr/lib/x86_64-linux-gnu/cmake/tinyobjloader/tinyobjloader-config.cmake (found version "2.0.0") 
[2.400s] -- Searching for <ignition-common3> component [graphics]
[2.402s] -- Looking for ignition-common3-graphics -- found version 3.14.0
[2.402s] -- Searching for dependencies of ignition-common3-graphics
[2.403s] -- Looking for ignition-math6 -- found version 6.15.1
[2.405s] -- Looking for ignition-fuel_tools4 -- found version 4.4.0
[2.406s] -- Searching for dependencies of ignition-fuel_tools4
[2.498s] -- Found CURL: /usr/lib/x86_64-linux-gnu/libcurl.so (found version "7.81.0")  
[2.506s] -- Checking for module 'jsoncpp'
[2.522s] --   Found jsoncpp, version 1.9.5
[2.567s] -- Found JSONCPP: TRUE  
[2.575s] -- Checking for module 'libzip'
[2.591s] --   Found libzip, version 1.7.3
[2.633s] -- Found ZIP: TRUE  
[2.633s] -- Looking for ignition-common3 -- found version 3.14.0
[2.633s] -- Looking for ignition-math6 -- found version 6.15.1
[2.633s] -- Looking for ignition-msgs5 -- found version 5.8.1
[2.638s] -- Found gazebo_ros_pkgs: 3.9.0 (/opt/ros/humble/share/gazebo_ros_pkgs/cmake)
[2.711s] -- Configuring done
[2.714s] -- Generating done
[2.717s] -- Build files have been written to: /home/me597/me597/Lab3/ws1/build/turtlebot3_gazebo
[2.727s] Invoked command in '/home/me597/me597/Lab3/ws1/build/turtlebot3_gazebo' returned '0': CMAKE_PREFIX_PATH=${CMAKE_PREFIX_PATH}:/home/me597/me597/Lab3/ws1/install/sim_utils:/home/me597/me597/Lab3/ws1/install/task_4:/opt/ros/humble /usr/bin/cmake /home/me597/me597/Lab3/ws1/src/sim_ws/src/turtlebot3_gazebo -DAMENT_CMAKE_SYMLINK_INSTALL=1 -DCMAKE_INSTALL_PREFIX=/home/me597/me597/Lab3/ws1/install/turtlebot3_gazebo
[2.728s] Invoking command in '/home/me597/me597/Lab3/ws1/build/turtlebot3_gazebo': CMAKE_PREFIX_PATH=${CMAKE_PREFIX_PATH}:/home/me597/me597/Lab3/ws1/install/sim_utils:/home/me597/me597/Lab3/ws1/install/task_4:/opt/ros/humble /usr/bin/cmake --build /home/me597/me597/Lab3/ws1/build/turtlebot3_gazebo -- -j4 -l4
[2.779s] Invoked command in '/home/me597/me597/Lab3/ws1/build/turtlebot3_gazebo' returned '0': CMAKE_PREFIX_PATH=${CMAKE_PREFIX_PATH}:/home/me597/me597/Lab3/ws1/install/sim_utils:/home/me597/me597/Lab3/ws1/install/task_4:/opt/ros/humble /usr/bin/cmake --build /home/me597/me597/Lab3/ws1/build/turtlebot3_gazebo -- -j4 -l4
[2.825s] Invoking command in '/home/me597/me597/Lab3/ws1/build/turtlebot3_gazebo': CMAKE_PREFIX_PATH=${CMAKE_PREFIX_PATH}:/home/me597/me597/Lab3/ws1/install/sim_utils:/home/me597/me597/Lab3/ws1/install/task_4:/opt/ros/humble /usr/bin/cmake --install /home/me597/me597/Lab3/ws1/build/turtlebot3_gazebo
[2.834s] -- Install configuration: ""
[2.835s] -- Execute custom install script
[2.835s] -- Symlinking: /home/me597/me597/Lab3/ws1/install/turtlebot3_gazebo/share/turtlebot3_gazebo//launch/amcl.launch.py
[2.845s] -- Symlinking: /home/me597/me597/Lab3/ws1/install/turtlebot3_gazebo/share/turtlebot3_gazebo//launch/map_loader.launch.py
[2.856s] -- Symlinking: /home/me597/me597/Lab3/ws1/install/turtlebot3_gazebo/share/turtlebot3_gazebo//launch/mapper.launch.py
[2.867s] -- Symlinking: /home/me597/me597/Lab3/ws1/install/turtlebot3_gazebo/share/turtlebot3_gazebo//launch/navigator.launch.py
[2.877s] -- Symlinking: /home/me597/me597/Lab3/ws1/install/turtlebot3_gazebo/share/turtlebot3_gazebo//launch/robot_state_publisher.launch.py
[2.887s] -- Symlinking: /home/me597/me597/Lab3/ws1/install/turtlebot3_gazebo/share/turtlebot3_gazebo//launch/spawn_cricketball.launch.py
[2.896s] -- Symlinking: /home/me597/me597/Lab3/ws1/install/turtlebot3_gazebo/share/turtlebot3_gazebo//launch/spawn_turtlebot3.launch.py
[2.906s] -- Symlinking: /home/me597/me597/Lab3/ws1/install/turtlebot3_gazebo/share/turtlebot3_gazebo//launch/task_6.launch.py
[2.916s] -- Symlinking: /home/me597/me597/Lab3/ws1/install/turtlebot3_gazebo/share/turtlebot3_gazebo//launch/turtlebot3_bonus_world.launch.py
[2.927s] -- Symlinking: /home/me597/me597/Lab3/ws1/install/turtlebot3_gazebo/share/turtlebot3_gazebo//launch/turtlebot3_house.launch.py
[2.937s] -- Symlinking: /home/me597/me597/Lab3/ws1/install/turtlebot3_gazebo/share/turtlebot3_gazebo//launch/turtlebot3_house_norviz.launch.py
[2.948s] -- Symlinking: /home/me597/me597/Lab3/ws1/install/turtlebot3_gazebo/share/turtlebot3_gazebo//models/blue_object/model.config
[2.960s] -- Symlinking: /home/me597/me597/Lab3/ws1/install/turtlebot3_gazebo/share/turtlebot3_gazebo//models/blue_object/model.rsdf
[2.970s] -- Symlinking: /home/me597/me597/Lab3/ws1/install/turtlebot3_gazebo/share/turtlebot3_gazebo//models/blue_object/model.sdf
[2.980s] -- Symlinking: /home/me597/me597/Lab3/ws1/install/turtlebot3_gazebo/share/turtlebot3_gazebo//models/cricket_ball/model.config
[2.990s] -- Symlinking: /home/me597/me597/Lab3/ws1/install/turtlebot3_gazebo/share/turtlebot3_gazebo//models/cricket_ball/model.rsdf
[2.999s] -- Symlinking: /home/me597/me597/Lab3/ws1/install/turtlebot3_gazebo/share/turtlebot3_gazebo//models/cricket_ball/model.sdf
[3.009s] -- Symlinking: /home/me597/me597/Lab3/ws1/install/turtlebot3_gazebo/share/turtlebot3_gazebo//models/green_object/model.config
[3.019s] -- Symlinking: /home/me597/me597/Lab3/ws1/install/turtlebot3_gazebo/share/turtlebot3_gazebo//models/green_object/model.rsdf
[3.029s] -- Symlinking: /home/me597/me597/Lab3/ws1/install/turtlebot3_gazebo/share/turtlebot3_gazebo//models/green_object/model.sdf
[3.040s] -- Symlinking: /home/me597/me597/Lab3/ws1/install/turtlebot3_gazebo/share/turtlebot3_gazebo//models/red_object/model.config
[3.050s] -- Symlinking: /home/me597/me597/Lab3/ws1/install/turtlebot3_gazebo/share/turtlebot3_gazebo//models/red_object/model.rsdf
[3.060s] -- Symlinking: /home/me597/me597/Lab3/ws1/install/turtlebot3_gazebo/share/turtlebot3_gazebo//models/red_object/model.sdf
[3.071s] -- Symlinking: /home/me597/me597/Lab3/ws1/install/turtlebot3_gazebo/share/turtlebot3_gazebo//models/trash_can/meshes/trash_can.dae
[3.081s] -- Symlinking: /home/me597/me597/Lab3/ws1/install/turtlebot3_gazebo/share/turtlebot3_gazebo//models/trash_can/model.config
[3.091s] -- Symlinking: /home/me597/me597/Lab3/ws1/install/turtlebot3_gazebo/share/turtlebot3_gazebo//models/trash_can/model.sdf
[3.101s] -- Symlinking: /home/me597/me597/Lab3/ws1/install/turtlebot3_gazebo/share/turtlebot3_gazebo//models/turtlebot3_common/meshes/burger_base.dae
[3.111s] -- Symlinking: /home/me597/me597/Lab3/ws1/install/turtlebot3_gazebo/share/turtlebot3_gazebo//models/turtlebot3_common/meshes/lds.dae
[3.125s] -- Symlinking: /home/me597/me597/Lab3/ws1/install/turtlebot3_gazebo/share/turtlebot3_gazebo//models/turtlebot3_common/meshes/r200.dae
[3.138s] -- Symlinking: /home/me597/me597/Lab3/ws1/install/turtlebot3_gazebo/share/turtlebot3_gazebo//models/turtlebot3_common/meshes/tire.dae
[3.152s] -- Symlinking: /home/me597/me597/Lab3/ws1/install/turtlebot3_gazebo/share/turtlebot3_gazebo//models/turtlebot3_common/meshes/waffle_base.dae
[3.166s] -- Symlinking: /home/me597/me597/Lab3/ws1/install/turtlebot3_gazebo/share/turtlebot3_gazebo//models/turtlebot3_common/model.config
[3.178s] -- Symlinking: /home/me597/me597/Lab3/ws1/install/turtlebot3_gazebo/share/turtlebot3_gazebo//models/turtlebot3_house/model.config
[3.193s] -- Symlinking: /home/me597/me597/Lab3/ws1/install/turtlebot3_gazebo/share/turtlebot3_gazebo//models/turtlebot3_house/model.sdf
[3.205s] -- Symlinking: /home/me597/me597/Lab3/ws1/install/turtlebot3_gazebo/share/turtlebot3_gazebo//models/turtlebot3_waffle/model.config
[3.216s] -- Symlinking: /home/me597/me597/Lab3/ws1/install/turtlebot3_gazebo/share/turtlebot3_gazebo//models/turtlebot3_waffle/model.sdf
[3.227s] -- Symlinking: /home/me597/me597/Lab3/ws1/install/turtlebot3_gazebo/share/turtlebot3_gazebo//rviz/tb3_gazebo.rviz
[3.237s] -- Symlinking: /home/me597/me597/Lab3/ws1/install/turtlebot3_gazebo/share/turtlebot3_gazebo//urdf/turtlebot3_waffle.urdf
[3.248s] -- Symlinking: /home/me597/me597/Lab3/ws1/install/turtlebot3_gazebo/share/turtlebot3_gazebo//worlds/Bonus
[3.258s] -- Symlinking: /home/me597/me597/Lab3/ws1/install/turtlebot3_gazebo/share/turtlebot3_gazebo//worlds/empty_world.world
[3.269s] -- Symlinking: /home/me597/me597/Lab3/ws1/install/turtlebot3_gazebo/share/turtlebot3_gazebo//worlds/house_closed.world
[3.280s] -- Symlinking: /home/me597/me597/Lab3/ws1/install/turtlebot3_gazebo/share/turtlebot3_gazebo//worlds/turtlebot3_house.world
[3.290s] -- Symlinking: /home/me597/me597/Lab3/ws1/install/turtlebot3_gazebo/share/turtlebot3_gazebo//maps/map.pgm
[3.299s] -- Symlinking: /home/me597/me597/Lab3/ws1/install/turtlebot3_gazebo/share/turtlebot3_gazebo//maps/map.yaml
[3.309s] -- Symlinking: /home/me597/me597/Lab3/ws1/install/turtlebot3_gazebo/share/turtlebot3_gazebo//maps/sync_classroom_map.pgm
[3.319s] -- Symlinking: /home/me597/me597/Lab3/ws1/install/turtlebot3_gazebo/share/turtlebot3_gazebo//maps/sync_classroom_map.yaml
[3.329s] -- Symlinking: /home/me597/me597/Lab3/ws1/install/turtlebot3_gazebo/share/turtlebot3_gazebo//params/amcl.yaml
[3.340s] -- Symlinking: /home/me597/me597/Lab3/ws1/install/turtlebot3_gazebo/share/turtlebot3_gazebo//params/map_server.yaml
[3.350s] -- Symlinking: /home/me597/me597/Lab3/ws1/install/turtlebot3_gazebo/share/turtlebot3_gazebo//params/mapper_params_online_async.yaml
[3.362s] -- Symlinking: /home/me597/me597/Lab3/ws1/install/turtlebot3_gazebo/share/ament_index/resource_index/package_run_dependencies/turtlebot3_gazebo
[3.373s] -- Symlinking: /home/me597/me597/Lab3/ws1/install/turtlebot3_gazebo/share/ament_index/resource_index/parent_prefix_path/turtlebot3_gazebo
[3.384s] -- Symlinking: /home/me597/me597/Lab3/ws1/install/turtlebot3_gazebo/share/turtlebot3_gazebo/environment/ament_prefix_path.sh
[3.393s] -- Symlinking: /home/me597/me597/Lab3/ws1/install/turtlebot3_gazebo/share/turtlebot3_gazebo/environment/ament_prefix_path.dsv
[3.405s] -- Symlinking: /home/me597/me597/Lab3/ws1/install/turtlebot3_gazebo/share/turtlebot3_gazebo/environment/path.sh
[3.416s] -- Symlinking: /home/me597/me597/Lab3/ws1/install/turtlebot3_gazebo/share/turtlebot3_gazebo/environment/path.dsv
[3.427s] -- Symlinking: /home/me597/me597/Lab3/ws1/install/turtlebot3_gazebo/share/turtlebot3_gazebo/local_setup.bash
[3.437s] -- Symlinking: /home/me597/me597/Lab3/ws1/install/turtlebot3_gazebo/share/turtlebot3_gazebo/local_setup.sh
[3.447s] -- Symlinking: /home/me597/me597/Lab3/ws1/install/turtlebot3_gazebo/share/turtlebot3_gazebo/local_setup.zsh
[3.457s] -- Symlinking: /home/me597/me597/Lab3/ws1/install/turtlebot3_gazebo/share/turtlebot3_gazebo/local_setup.dsv
[3.468s] -- Symlinking: /home/me597/me597/Lab3/ws1/install/turtlebot3_gazebo/share/turtlebot3_gazebo/package.dsv
[3.479s] -- Symlinking: /home/me597/me597/Lab3/ws1/install/turtlebot3_gazebo/share/ament_index/resource_index/packages/turtlebot3_gazebo
[3.489s] -- Symlinking: /home/me597/me597/Lab3/ws1/install/turtlebot3_gazebo/share/turtlebot3_gazebo/cmake/ament_cmake_export_include_directories-extras.cmake
[3.500s] -- Symlinking: /home/me597/me597/Lab3/ws1/install/turtlebot3_gazebo/share/turtlebot3_gazebo/cmake/ament_cmake_export_dependencies-extras.cmake
[3.512s] -- Symlinking: /home/me597/me597/Lab3/ws1/install/turtlebot3_gazebo/share/turtlebot3_gazebo/cmake/turtlebot3_gazeboConfig.cmake
[3.525s] -- Symlinking: /home/me597/me597/Lab3/ws1/install/turtlebot3_gazebo/share/turtlebot3_gazebo/cmake/turtlebot3_gazeboConfig-version.cmake
[3.539s] -- Symlinking: /home/me597/me597/Lab3/ws1/install/turtlebot3_gazebo/share/turtlebot3_gazebo/package.xml
[3.554s] -- Installing: /home/me597/me597/Lab3/ws1/install/turtlebot3_gazebo/lib/turtlebot3_gazebo/task1
[3.554s] -- Installing: /home/me597/me597/Lab3/ws1/install/turtlebot3_gazebo/lib/turtlebot3_gazebo/task2
[3.554s] -- Installing: /home/me597/me597/Lab3/ws1/install/turtlebot3_gazebo/lib/turtlebot3_gazebo/task3
[3.554s] -- Installing: /home/me597/me597/Lab3/ws1/install/turtlebot3_gazebo/lib/turtlebot3_gazebo/spawn_objects
[3.555s] -- Installing: /home/me597/me597/Lab3/ws1/install/turtlebot3_gazebo/lib/turtlebot3_gazebo/task2_bonus
[3.555s] -- Installing: /home/me597/me597/Lab3/ws1/install/turtlebot3_gazebo/lib/turtlebot3_gazebo/static_obstacles
[3.557s] Invoked command in '/home/me597/me597/Lab3/ws1/build/turtlebot3_gazebo' returned '0': CMAKE_PREFIX_PATH=${CMAKE_PREFIX_PATH}:/home/me597/me597/Lab3/ws1/install/sim_utils:/home/me597/me597/Lab3/ws1/install/task_4:/opt/ros/humble /usr/bin/cmake --install /home/me597/me597/Lab3/ws1/build/turtlebot3_gazebo
